>>> make pytest
  ● Executing pytest in encommon..
============================= test session starts ==============================
platform linux -- Python 3.12.13, pytest-9.0.2, pluggy-1.6.0 -- /home/runner/work/encommon/encommon/main/.venv-package/bin/python3
cachedir: .pytest_cache
metadata: {'Python': '3.12.13', 'Platform': 'Linux-6.17.0-1008-azure-x86_64-with-glibc2.39', 'Packages': {'pytest': '9.0.2', 'pluggy': '1.6.0'}, 'Plugins': {'metadata': '3.1.1', 'randomly': '4.0.1', 'variables': '3.1.0', 'clarity': '1.0.1', 'cov': '7.1.0', 'xdist': '3.8.0', 'html': '4.2.0', 'base-url': '2.1.0', 'selenium': '4.1.0', 'sphinx': '0.7.1', 'mypy': '1.0.1'}, 'CI': 'true', 'JAVA_HOME': '/usr/lib/jvm/temurin-17-jdk-amd64', 'Base URL': '', 'Driver': None, 'Capabilities': {}}
Using --randomly-seed=928619220
sensitiveurl: .*
rootdir: /home/runner/work/encommon/encommon/main
configfile: pyproject.toml
plugins: metadata-3.1.1, randomly-4.0.1, variables-3.1.0, clarity-1.0.1, cov-7.1.0, xdist-3.8.0, html-4.2.0, base-url-2.1.0, selenium-4.1.0, sphinx-0.7.1, mypy-1.0.1
created: 4/4 workers
4 workers [307 items]

scheduling tests via LoadScheduling

encommon/times/timers.py::encommon.times.timers.Timers 
encommon/times/test/test_timer.py::test_Timer 
encommon/times/test/test_utils.py::test_strptime 
encommon/types/lists.py::encommon.types.lists.inlist 
[gw2] [  0%] PASSED encommon/types/lists.py::encommon.types.lists.inlist 
encommon/utils/paths.py::encommon.utils.paths.stats_path 
[gw2] [  0%] PASSED encommon/utils/paths.py::encommon.utils.paths.stats_path 
encommon/utils/match.py::encommon.utils.match.fuzz_match 
[gw2] [  0%] PASSED encommon/utils/match.py::encommon.utils.match.fuzz_match 
encommon/utils/files.py::encommon.utils.files.save_text 
[gw2] [  1%] PASSED encommon/utils/files.py::encommon.utils.files.save_text 
encommon/utils/stdout.py::encommon.utils.stdout.print_ansi 
[gw2] [  1%] PASSED encommon/utils/stdout.py::encommon.utils.stdout.print_ansi 
encommon/utils/sample.py::encommon.utils.sample.prep_sample 
[gw3] [  1%] PASSED encommon/times/test/test_utils.py::test_strptime 
encommon/times/test/test_utils.py::test_strptime_raises 
[gw2] [  2%] PASSED encommon/utils/sample.py::encommon.utils.sample.prep_sample 
encommon/utils/match.py::encommon.utils.match.rgxp_match 
[gw3] [  2%] PASSED encommon/times/test/test_utils.py::test_strptime_raises 
encommon/times/test/test_utils.py::test_utcdatetime 
[gw2] [  2%] PASSED encommon/utils/match.py::encommon.utils.match.rgxp_match 
encommon/utils/stdout.py::encommon.utils.stdout.array_ansi 
[gw2] [  3%] PASSED encommon/utils/stdout.py::encommon.utils.stdout.array_ansi 
encommon/utils/files.py::encommon.utils.files.append_text 
[gw2] [  3%] PASSED encommon/utils/files.py::encommon.utils.files.append_text 
encommon/utils/paths.py::encommon.utils.paths.resolve_path 
[gw2] [  3%] PASSED encommon/utils/paths.py::encommon.utils.paths.resolve_path 
encommon/utils/stdout.py::encommon.utils.stdout.kvpair_ansi 
[gw3] [  4%] PASSED encommon/times/test/test_utils.py::test_utcdatetime 
[gw2] [  4%] PASSED encommon/utils/stdout.py::encommon.utils.stdout.kvpair_ansi 
encommon/crypts/test/test_hashes.py::test_Hashes 
encommon/utils/stdout.py::encommon.utils.stdout.strip_ansi 
[gw2] [  4%] PASSED encommon/utils/stdout.py::encommon.utils.stdout.strip_ansi 
encommon/utils/files.py::encommon.utils.files.read_text 
[gw3] [  5%] PASSED encommon/crypts/test/test_hashes.py::test_Hashes 
encommon/config/test/test_files.py::test_ConfigFiles_cover 
[gw2] [  5%] PASSED encommon/utils/files.py::encommon.utils.files.read_text 
encommon/utils/stdout.py::encommon.utils.stdout.make_ansi 
[gw2] [  5%] PASSED encommon/utils/stdout.py::encommon.utils.stdout.make_ansi 
encommon/utils/sample.py::encommon.utils.sample.load_sample 
[gw2] [  6%] PASSED encommon/utils/sample.py::encommon.utils.sample.load_sample 
encommon/utils/paths.py::encommon.utils.paths.resolve_paths 
[gw2] [  6%] PASSED encommon/utils/paths.py::encommon.utils.paths.resolve_paths 
encommon/webkit/test/test_datetime.py::test_datestamp 
[gw3] [  6%] PASSED encommon/config/test/test_files.py::test_ConfigFiles_cover 
encommon/config/test/test_files.py::test_ConfigFiles 
[gw3] [  7%] PASSED encommon/config/test/test_files.py::test_ConfigFiles 
encommon/config/test/test_files.py::test_ConfigFile 
[gw3] [  7%] PASSED encommon/config/test/test_files.py::test_ConfigFile 
encommon/utils/test/test_paths.py::test_stats_path 
[gw3] [  7%] PASSED encommon/utils/test/test_paths.py::test_stats_path 
encommon/utils/test/test_paths.py::test_resolve_paths 
[gw3] [  8%] PASSED encommon/utils/test/test_paths.py::test_resolve_paths 
encommon/utils/test/test_paths.py::test_resolve_path 
[gw3] [  8%] PASSED encommon/utils/test/test_paths.py::test_resolve_path 
encommon/webkit/test/test_duration.py::test_duration 
[gw0] [  8%] PASSED encommon/times/test/test_timer.py::test_Timer 
encommon/colors/color.py::encommon.colors.color.Color 
[gw0] [  9%] PASSED encommon/colors/color.py::encommon.colors.color.Color 
encommon/config/logger.py::encommon.config.logger.Message 
[gw0] [  9%] PASSED encommon/config/logger.py::encommon.config.logger.Message 
encommon/config/config.py::encommon.config.config.Config 
[gw0] [  9%] PASSED encommon/config/config.py::encommon.config.config.Config 
encommon/config/logger.py::encommon.config.logger.Logger 
[gw0] [ 10%] PASSED encommon/config/logger.py::encommon.config.logger.Logger 
encommon/crypts/crypts.py::encommon.crypts.crypts.Crypts 
[gw0] [ 10%] PASSED encommon/crypts/crypts.py::encommon.crypts.crypts.Crypts 
encommon/crypts/hashes.py::encommon.crypts.hashes.Hashes 
[gw0] [ 10%] PASSED encommon/crypts/hashes.py::encommon.crypts.hashes.Hashes 
encommon/parse/jinja2.py::encommon.parse.jinja2.Jinja2 
[gw0] [ 11%] PASSED encommon/parse/jinja2.py::encommon.parse.jinja2.Jinja2 
encommon/times/duration.py::encommon.times.duration.Duration 
[gw0] [ 11%] PASSED encommon/times/duration.py::encommon.times.duration.Duration 
encommon/times/parse.py::encommon.times.parse.shift_time 
[gw0] [ 11%] PASSED encommon/times/parse.py::encommon.times.parse.shift_time 
encommon/times/parse.py::encommon.times.parse.string_time 
[gw0] [ 12%] PASSED encommon/times/parse.py::encommon.times.parse.string_time 
encommon/times/parse.py::encommon.times.parse.parse_time 
[gw0] [ 12%] PASSED encommon/times/parse.py::encommon.times.parse.parse_time 
encommon/times/parse.py::encommon.times.parse.since_time 
[gw0] [ 12%] PASSED encommon/times/parse.py::encommon.times.parse.since_time 
encommon/types/notate.py::encommon.types.notate.delate 
[gw0] [ 13%] PASSED encommon/types/notate.py::encommon.types.notate.delate 
encommon/times/utils.py::encommon.times.utils.findtz 
[gw1] [ 13%] PASSED encommon/times/timers.py::encommon.times.timers.Timers 
encommon/types/strings.py::encommon.types.strings.inrepr 
[gw0] [ 13%] PASSED encommon/times/utils.py::encommon.times.utils.findtz 
[gw1] [ 14%] PASSED encommon/types/strings.py::encommon.types.strings.inrepr 
encommon/types/strings.py::encommon.types.strings.instr 
encommon/times/utils.py::encommon.times.utils.strftime 
[gw0] [ 14%] PASSED encommon/times/utils.py::encommon.times.utils.strftime 
[gw1] [ 14%] PASSED encommon/types/strings.py::encommon.types.strings.instr 
encommon/types/empty.py::encommon.types.empty.EmptyType 
encommon/types/notate.py::encommon.types.notate.getate 
[gw0] [ 14%] PASSED encommon/types/notate.py::encommon.types.notate.getate 
[gw1] [ 15%] PASSED encommon/types/empty.py::encommon.types.empty.EmptyType 
encommon/times/windows.py::encommon.times.windows.Windows 
encommon/times/unitime.py::encommon.times.unitime.unitime 
[gw0] [ 15%] PASSED encommon/times/unitime.py::encommon.times.unitime.unitime 
encommon/times/window.py::encommon.times.window.Window 
[gw0] [ 15%] PASSED encommon/times/window.py::encommon.times.window.Window 
encommon/types/test/test_strings.py::test_inrepr 
[gw0] [ 16%] PASSED encommon/types/test/test_strings.py::test_inrepr 
encommon/types/test/test_strings.py::test_instr 
[gw0] [ 16%] PASSED encommon/types/test/test_strings.py::test_instr 
[gw1] [ 16%] PASSED encommon/times/windows.py::encommon.times.windows.Windows 
encommon/utils/test/test_stdout.py::test_strip_ansi 
encommon/types/notate.py::encommon.types.notate.expate 
[gw0] [ 17%] PASSED encommon/utils/test/test_stdout.py::test_strip_ansi 
encommon/utils/test/test_stdout.py::test_array_ansi 
[gw1] [ 17%] PASSED encommon/types/notate.py::encommon.types.notate.expate 
encommon/times/utils.py::encommon.times.utils.utcdatetime 
[gw0] [ 17%] PASSED encommon/utils/test/test_stdout.py::test_array_ansi 
encommon/utils/test/test_stdout.py::test_kvpair_ansi 
[gw1] [ 18%] PASSED encommon/times/utils.py::encommon.times.utils.utcdatetime 
[gw0] [ 18%] PASSED encommon/utils/test/test_stdout.py::test_kvpair_ansi 
encommon/types/strings.py::encommon.types.strings.rplstr 
encommon/utils/test/test_stdout.py::test_make_ansi 
[gw0] [ 18%] PASSED encommon/utils/test/test_stdout.py::test_make_ansi 
[gw1] [ 19%] PASSED encommon/types/strings.py::encommon.types.strings.rplstr 
encommon/times/time.py::encommon.times.time.Time 
encommon/utils/test/test_stdout.py::test_print_ansi 
[gw0] [ 19%] PASSED encommon/utils/test/test_stdout.py::test_print_ansi 
encommon/utils/test/test_stdout.py::test_array_ansi_cover 
[gw0] [ 19%] PASSED encommon/utils/test/test_stdout.py::test_array_ansi_cover 
encommon/webkit/test/test_datagrid.py::test_datagrid 
[gw1] [ 20%] PASSED encommon/times/time.py::encommon.times.time.Time 
encommon/types/dicts.py::encommon.types.dicts.sort_dict 
[gw1] [ 20%] PASSED encommon/types/dicts.py::encommon.types.dicts.sort_dict 
encommon/types/notate.py::encommon.types.notate.setate 
[gw1] [ 20%] PASSED encommon/types/notate.py::encommon.types.notate.setate 
encommon/types/dicts.py::encommon.types.dicts.merge_dicts 
[gw1] [ 21%] PASSED encommon/types/dicts.py::encommon.types.dicts.merge_dicts 
encommon/types/notate.py::encommon.types.notate.impate 
[gw1] [ 21%] PASSED encommon/types/notate.py::encommon.types.notate.impate 
encommon/times/timer.py::encommon.times.timer.Timer 
[gw1] [ 21%] PASSED encommon/times/timer.py::encommon.times.timer.Timer 
encommon/types/strings.py::encommon.types.strings.hasstr 
[gw1] [ 22%] PASSED encommon/types/strings.py::encommon.types.strings.hasstr 
encommon/types/strings.py::encommon.types.strings.strplwr 
[gw1] [ 22%] PASSED encommon/types/strings.py::encommon.types.strings.strplwr 
encommon/types/lists.py::encommon.types.lists.dedup_list 
[gw1] [ 22%] PASSED encommon/types/lists.py::encommon.types.lists.dedup_list 
encommon/types/lists.py::encommon.types.lists.fuzzy_list 
[gw1] [ 23%] PASSED encommon/types/lists.py::encommon.types.lists.fuzzy_list 
encommon/times/utils.py::encommon.times.utils.strptime 
[gw1] [ 23%] PASSED encommon/times/utils.py::encommon.times.utils.strptime 
encommon/times/test/test_window.py::test_window_interval[window7-3661-False-expect7] 
[gw1] [ 23%] PASSED encommon/times/test/test_window.py::test_window_interval[window7-3661-False-expect7] 
encommon/times/test/test_window.py::test_Window 
[gw1] [ 24%] PASSED encommon/times/test/test_window.py::test_Window 
encommon/times/test/test_window.py::test_window_interval[window5-3659-False-expect5] 
[gw1] [ 24%] PASSED encommon/times/test/test_window.py::test_window_interval[window5-3659-False-expect5] 
encommon/times/test/test_window.py::test_window_croniter[0 * * * *-3661-False-expect10] 
[gw1] [ 24%] PASSED encommon/times/test/test_window.py::test_window_croniter[0 * * * *-3661-False-expect10] 
encommon/times/test/test_window.py::test_window_interval[window3-1-True-expect3] 
[gw1] [ 25%] PASSED encommon/times/test/test_window.py::test_window_interval[window3-1-True-expect3] 
encommon/times/test/test_window.py::test_window_interval[window9-3660-False-expect9] 
[gw1] [ 25%] PASSED encommon/times/test/test_window.py::test_window_interval[window9-3660-False-expect9] 
encommon/times/test/test_window.py::test_window_croniter[0 * * * *-3559-False-expect8] 
[gw1] [ 25%] PASSED encommon/times/test/test_window.py::test_window_croniter[0 * * * *-3559-False-expect8] 
encommon/times/test/test_window.py::test_window_croniter[* * * * *-3660-False-expect6] 
[gw1] [ 26%] PASSED encommon/times/test/test_window.py::test_window_croniter[* * * * *-3660-False-expect6] 
encommon/times/test/test_window.py::test_window_interval[window2-0-True-expect2] 
[gw1] [ 26%] PASSED encommon/times/test/test_window.py::test_window_interval[window2-0-True-expect2] 
encommon/times/test/test_window.py::test_window_croniter[* * * * *-0-False-expect0] 
[gw1] [ 26%] PASSED encommon/times/test/test_window.py::test_window_croniter[* * * * *-0-False-expect0] 
encommon/times/test/test_window.py::test_window_croniter[* * * * *-0-True-expect2] 
[gw1] [ 27%] PASSED encommon/times/test/test_window.py::test_window_croniter[* * * * *-0-True-expect2] 
encommon/times/test/test_window.py::test_window_croniter[0 * * * *-3660-False-expect9] 
[gw1] [ 27%] PASSED encommon/times/test/test_window.py::test_window_croniter[0 * * * *-3660-False-expect9] 
encommon/times/test/test_window.py::test_Window_cover 
[gw1] [ 27%] PASSED encommon/times/test/test_window.py::test_Window_cover 
encommon/times/test/test_window.py::test_window_interval[window4-3559-False-expect4] 
[gw1] [ 28%] PASSED encommon/times/test/test_window.py::test_window_interval[window4-3559-False-expect4] 
encommon/times/test/test_window.py::test_window_croniter[* * * * *-3559-False-expect4] 
[gw1] [ 28%] PASSED encommon/times/test/test_window.py::test_window_croniter[* * * * *-3559-False-expect4] 
encommon/times/test/test_window.py::test_window_interval[window10-3661-False-expect10] 
[gw1] [ 28%] PASSED encommon/times/test/test_window.py::test_window_interval[window10-3661-False-expect10] 
encommon/config/test/test_paths.py::test_ConfigPaths_cover 
[gw1] [ 28%] PASSED encommon/config/test/test_paths.py::test_ConfigPaths_cover 
encommon/config/test/test_paths.py::test_ConfigPath 
[gw1] [ 29%] PASSED encommon/config/test/test_paths.py::test_ConfigPath 
encommon/config/test/test_paths.py::test_ConfigPaths 
[gw1] [ 29%] PASSED encommon/config/test/test_paths.py::test_ConfigPaths 
encommon/times/test/test_parse.py::test_shift_time[-1w@h-expect15] 
[gw1] [ 29%] PASSED encommon/times/test/test_parse.py::test_shift_time[-1w@h-expect15] 
encommon/times/test/test_parse.py::test_shift_time[+1mon@m-expect8] 
[gw1] [ 30%] PASSED encommon/times/test/test_parse.py::test_shift_time[+1mon@m-expect8] 
encommon/times/test/test_parse.py::test_shift_time[-1y@s-expect3] 
[gw1] [ 30%] PASSED encommon/times/test/test_parse.py::test_shift_time[-1y@s-expect3] 
encommon/times/test/test_parse.py::test_string_time 
[gw1] [ 30%] PASSED encommon/times/test/test_parse.py::test_string_time 
encommon/times/test/test_parse.py::test_shift_time[-1w@h-1w-expect17] 
[gw1] [ 31%] PASSED encommon/times/test/test_parse.py::test_shift_time[-1w@h-1w-expect17] 
encommon/times/test/test_parse.py::test_shift_time[-1d-expect19] 
[gw1] [ 31%] PASSED encommon/times/test/test_parse.py::test_shift_time[-1d-expect19] 
encommon/times/test/test_parse.py::test_shift_time[-1y@s-1h-expect5] 
[gw1] [ 31%] PASSED encommon/times/test/test_parse.py::test_shift_time[-1y@s-1h-expect5] 
encommon/times/test/test_parse.py::test_shift_time[+1w@h-expect14] 
[gw1] [ 32%] PASSED encommon/times/test/test_parse.py::test_shift_time[+1w@h-expect14] 
encommon/times/test/test_parse.py::test_shift_time[+1w-expect12] 
[gw1] [ 32%] PASSED encommon/times/test/test_parse.py::test_shift_time[+1w-expect12] 
encommon/times/test/test_parse.py::test_shift_time[+1mon-expect6] 
[gw1] [ 32%] PASSED encommon/times/test/test_parse.py::test_shift_time[+1mon-expect6] 
encommon/times/test/test_parse.py::test_shift_time[-1y-expect1] 
[gw1] [ 33%] PASSED encommon/times/test/test_parse.py::test_shift_time[-1y-expect1] 
encommon/times/test/test_parse.py::test_shift_time[-1mon@m-expect9] 
[gw1] [ 33%] PASSED encommon/times/test/test_parse.py::test_shift_time[-1mon@m-expect9] 
encommon/times/test/test_parse.py::test_shift_time[+1d@d-expect20] 
[gw1] [ 33%] PASSED encommon/times/test/test_parse.py::test_shift_time[+1d@d-expect20] 
encommon/times/test/test_parse.py::test_shift_time[+1y@s+1h-expect4] 
[gw1] [ 34%] PASSED encommon/times/test/test_parse.py::test_shift_time[+1y@s+1h-expect4] 
encommon/times/test/test_parse.py::test_shift_time[-1d@d-expect21] 
[gw1] [ 34%] PASSED encommon/times/test/test_parse.py::test_shift_time[-1d@d-expect21] 
encommon/times/test/test_parse.py::test_shift_time[+1d-expect18] 
[gw1] [ 34%] PASSED encommon/times/test/test_parse.py::test_shift_time[+1d-expect18] 
encommon/times/test/test_parse.py::test_shift_time[+1d@d+30d-expect22] 
[gw1] [ 35%] PASSED encommon/times/test/test_parse.py::test_shift_time[+1d@d+30d-expect22] 
encommon/times/test/test_parse.py::test_shift_time[+1w@h+1w-expect16] 
[gw1] [ 35%] PASSED encommon/times/test/test_parse.py::test_shift_time[+1w@h+1w-expect16] 
encommon/times/test/test_parse.py::test_parse_time 
[gw1] [ 35%] PASSED encommon/times/test/test_parse.py::test_parse_time 
encommon/times/test/test_parse.py::test_shift_time[+1y-expect0] 
[gw1] [ 36%] PASSED encommon/times/test/test_parse.py::test_shift_time[+1y-expect0] 
encommon/times/test/test_parse.py::test_shift_time[+1mon@m+1mon-expect10] 
[gw1] [ 36%] PASSED encommon/times/test/test_parse.py::test_shift_time[+1mon@m+1mon-expect10] 
encommon/times/test/test_parse.py::test_shift_time[-1mon-expect7] 
[gw1] [ 36%] PASSED encommon/times/test/test_parse.py::test_shift_time[-1mon-expect7] 
encommon/times/test/test_parse.py::test_since_time 
[gw1] [ 37%] PASSED encommon/times/test/test_parse.py::test_since_time 
encommon/times/test/test_parse.py::test_shift_time[-1d@d-30d-expect23] 
[gw1] [ 37%] PASSED encommon/times/test/test_parse.py::test_shift_time[-1d@d-30d-expect23] 
encommon/times/test/test_parse.py::test_shift_time[+1y@s-expect2] 
[gw1] [ 37%] PASSED encommon/times/test/test_parse.py::test_shift_time[+1y@s-expect2] 
encommon/times/test/test_parse.py::test_shift_time[-1mon@m-1mon-expect11] 
[gw1] [ 38%] PASSED encommon/times/test/test_parse.py::test_shift_time[-1mon@m-1mon-expect11] 
encommon/times/test/test_parse.py::test_shift_time[-1w-expect13] 
[gw1] [ 38%] PASSED encommon/times/test/test_parse.py::test_shift_time[-1w-expect13] 
encommon/types/test/test_lists.py::test_fuzzy_list 
[gw1] [ 38%] PASSED encommon/types/test/test_lists.py::test_fuzzy_list 
encommon/types/test/test_lists.py::test_dedup_list 
[gw1] [ 39%] PASSED encommon/types/test/test_lists.py::test_dedup_list 
encommon/types/test/test_lists.py::test_inlist 
[gw1] [ 39%] PASSED encommon/types/test/test_lists.py::test_inlist 
encommon/config/test/test_logger.py::test_Message 
[gw1] [ 39%] PASSED encommon/config/test/test_logger.py::test_Message 
encommon/config/test/test_logger.py::test_Logger_cover 
[gw1] [ 40%] PASSED encommon/config/test/test_logger.py::test_Logger_cover 
encommon/config/test/test_logger.py::test_Logger 
[gw1] [ 40%] PASSED encommon/config/test/test_logger.py::test_Logger 
encommon/times/test/test_unitime.py::test_unitime 
[gw1] [ 40%] PASSED encommon/times/test/test_unitime.py::test_unitime 
encommon/utils/test/test_sample.py::test_load_sample 
[gw1] [ 41%] PASSED encommon/utils/test/test_sample.py::test_load_sample 
encommon/utils/test/test_sample.py::test_prep_sample 
[gw1] [ 41%] PASSED encommon/utils/test/test_sample.py::test_prep_sample 
encommon/utils/test/test_sample.py::test_rvrt_sample 
[gw1] [ 41%] PASSED encommon/utils/test/test_sample.py::test_rvrt_sample 
encommon/utils/test/test_sample.py::test_read_sample 
[gw1] [ 42%] PASSED encommon/utils/test/test_sample.py::test_read_sample 
encommon/webkit/test/test_message.py::test_message 
[gw0] [ 42%] FAILED encommon/webkit/test/test_datagrid.py::test_datagrid 
[gw2] [ 42%] FAILED encommon/webkit/test/test_datetime.py::test_datestamp 
[gw1] [ 42%] FAILED encommon/webkit/test/test_message.py::test_message 
[gw3] [ 43%] FAILED encommon/webkit/test/test_duration.py::test_duration 
encommon/times/test/test_utils.py::test_findtz_raises 
encommon/types/test/test_dicts.py::test_sort_dict 
[gw0] [ 43%] PASSED encommon/types/test/test_dicts.py::test_sort_dict 
encommon/types/test/test_dicts.py::test_merge_dicts 
encommon/types/test/test_classes.py::test_clsname 
[gw0] [ 43%] PASSED encommon/types/test/test_dicts.py::test_merge_dicts 
encommon/parse/test/test_jinja2.py::test_Jinja2_parse[{{ "01" }}-01] 
encommon/times/test/test_windows.py::test_Windows_raises 
[gw3] [ 44%] PASSED encommon/types/test/test_classes.py::test_clsname 
encommon/types/test/test_classes.py::test_BaseModel 
[gw3] [ 44%] PASSED encommon/types/test/test_classes.py::test_BaseModel 
encommon/types/test/test_classes.py::test_lattrs 
[gw3] [ 44%] PASSED encommon/types/test/test_classes.py::test_lattrs 
[gw1] [ 45%] PASSED encommon/parse/test/test_jinja2.py::test_Jinja2_parse[{{ "01" }}-01] 
encommon/times/test/test_time.py::test_Time_tzname 
encommon/parse/test/test_jinja2.py::test_Jinja2_recurse 
[gw3] [ 45%] PASSED encommon/times/test/test_time.py::test_Time_tzname 
encommon/times/test/test_time.py::test_Time 
[gw1] [ 45%] PASSED encommon/parse/test/test_jinja2.py::test_Jinja2_recurse 
encommon/parse/test/test_jinja2.py::test_Jinja2_parse[{{ "1" | float }}-1.0] 
[gw1] [ 46%] PASSED encommon/parse/test/test_jinja2.py::test_Jinja2_parse[{{ "1" | float }}-1.0] 
encommon/parse/test/test_jinja2.py::test_Jinja2_parse[{{ "-01" }}--01] 
[gw1] [ 46%] PASSED encommon/parse/test/test_jinja2.py::test_Jinja2_parse[{{ "-01" }}--01] 
encommon/parse/test/test_jinja2.py::test_Jinja2_literal[{{ none }}-None] 
[gw1] [ 46%] PASSED encommon/parse/test/test_jinja2.py::test_Jinja2_literal[{{ none }}-None] 
encommon/parse/test/test_jinja2.py::test_Jinja2_parse[10.001-10.001_1] 
[gw1] [ 47%] PASSED encommon/parse/test/test_jinja2.py::test_Jinja2_parse[10.001-10.001_1] 
encommon/parse/test/test_jinja2.py::test_Jinja2_parse[10.001-10.001_0] 
[gw1] [ 47%] PASSED encommon/parse/test/test_jinja2.py::test_Jinja2_parse[10.001-10.001_0] 
encommon/parse/test/test_jinja2.py::test_Jinja2_literal[{{ -1.2 }}--1.2] 
[gw1] [ 47%] PASSED encommon/parse/test/test_jinja2.py::test_Jinja2_literal[{{ -1.2 }}--1.2] 
encommon/parse/test/test_jinja2.py::test_Jinja2_parse[value4-expect4] 
[gw1] [ 48%] PASSED encommon/parse/test/test_jinja2.py::test_Jinja2_parse[value4-expect4] 
encommon/parse/test/test_jinja2.py::test_Jinja2_parse[-01--01] 
[gw1] [ 48%] PASSED encommon/parse/test/test_jinja2.py::test_Jinja2_parse[-01--01] 
encommon/parse/test/test_jinja2.py::test_Jinja2_parse[1.0.0-1.0.0] 
[gw1] [ 48%] PASSED encommon/parse/test/test_jinja2.py::test_Jinja2_parse[1.0.0-1.0.0] 
encommon/parse/test/test_jinja2.py::test_Jinja2_parse[1-1] 
[gw1] [ 49%] PASSED encommon/parse/test/test_jinja2.py::test_Jinja2_parse[1-1] 
encommon/parse/test/test_jinja2.py::test_Jinja2_parse[{{ 0 | Time }}-1970-01-01T00:00:00.000000+0000] 
[gw0] [ 49%] PASSED encommon/times/test/test_windows.py::test_Windows_raises 
encommon/times/test/test_windows.py::test_Windows 
[gw1] [ 49%] PASSED encommon/parse/test/test_jinja2.py::test_Jinja2_parse[{{ 0 | Time }}-1970-01-01T00:00:00.000000+0000] 
encommon/parse/test/test_jinja2.py::test_Jinja2_parse[{{ 1 }}-1] 
[gw1] [ 50%] PASSED encommon/parse/test/test_jinja2.py::test_Jinja2_parse[{{ 1 }}-1] 
encommon/parse/test/test_jinja2.py::test_Jinja2_parse[value14-expect14] 
[gw1] [ 50%] PASSED encommon/parse/test/test_jinja2.py::test_Jinja2_parse[value14-expect14] 
encommon/parse/test/test_jinja2.py::test_Jinja2_parse[1.0-1.0] 
[gw1] [ 50%] PASSED encommon/parse/test/test_jinja2.py::test_Jinja2_parse[1.0-1.0] 
encommon/parse/test/test_jinja2.py::test_Jinja2_parse[[1, 2]-expect15] 
[gw1] [ 51%] PASSED encommon/parse/test/test_jinja2.py::test_Jinja2_parse[[1, 2]-expect15] 
encommon/parse/test/test_jinja2.py::test_Jinja2_parse[foo-foo] 
[gw1] [ 51%] PASSED encommon/parse/test/test_jinja2.py::test_Jinja2_parse[foo-foo] 
encommon/parse/test/test_jinja2.py::test_Jinja2_parse[{'a': 'b'}-expect5] 
[gw1] [ 51%] PASSED encommon/parse/test/test_jinja2.py::test_Jinja2_parse[{'a': 'b'}-expect5] 
encommon/parse/test/test_jinja2.py::test_Jinja2_literal[{{ 1.2 }}-1.2] 
[gw1] [ 52%] PASSED encommon/parse/test/test_jinja2.py::test_Jinja2_literal[{{ 1.2 }}-1.2] 
encommon/parse/test/test_jinja2.py::test_Jinja2_parse[100000-100000_1] 
[gw1] [ 52%] PASSED encommon/parse/test/test_jinja2.py::test_Jinja2_parse[100000-100000_1] 
[gw0] [ 52%] PASSED encommon/times/test/test_windows.py::test_Windows 
encommon/parse/test/test_jinja2.py::test_Jinja2_parse[100000-100000_0] 
encommon/times/test/test_windows.py::test_Windows_cover 
[gw1] [ 53%] PASSED encommon/parse/test/test_jinja2.py::test_Jinja2_parse[100000-100000_0] 
encommon/parse/test/test_jinja2.py::test_Jinja2_parse[01-01] 
[gw1] [ 53%] PASSED encommon/parse/test/test_jinja2.py::test_Jinja2_parse[01-01] 
encommon/parse/test/test_jinja2.py::test_Jinja2_parse[{{ "1" | int }}-1] 
[gw1] [ 53%] PASSED encommon/parse/test/test_jinja2.py::test_Jinja2_parse[{{ "1" | int }}-1] 
encommon/parse/test/test_jinja2.py::test_Jinja2 
[gw1] [ 54%] PASSED encommon/parse/test/test_jinja2.py::test_Jinja2 
encommon/parse/test/test_jinja2.py::test_Jinja2_literal[{{ 123 }}-123] 
[gw1] [ 54%] PASSED encommon/parse/test/test_jinja2.py::test_Jinja2_literal[{{ 123 }}-123] 
encommon/parse/test/test_jinja2.py::test_Jinja2_cover 
[gw1] [ 54%] PASSED encommon/parse/test/test_jinja2.py::test_Jinja2_cover 
encommon/times/test/test_timers.py::test_Timers 
[gw1] [ 55%] PASSED encommon/times/test/test_timers.py::test_Timers 
encommon/times/test/test_timers.py::test_Timers_cover 
[gw2] [ 55%] PASSED encommon/times/test/test_utils.py::test_findtz_raises 
encommon/times/test/test_utils.py::test_findtz 
[gw2] [ 55%] PASSED encommon/times/test/test_utils.py::test_findtz 
encommon/parse/test/test_network.py::test_isvalid_ip 
[gw2] [ 56%] PASSED encommon/parse/test/test_network.py::test_isvalid_ip 
encommon/parse/test/test_network.py::test_insubnet_ip 
[gw2] [ 56%] PASSED encommon/parse/test/test_network.py::test_insubnet_ip 
encommon/crypts/test/test_crypts.py::test_Crypts_raises 
[gw2] [ 56%] PASSED encommon/crypts/test/test_crypts.py::test_Crypts_raises 
encommon/crypts/test/test_crypts.py::test_Crypts_iterate[foo-secrets] 
[gw2] [ 57%] PASSED encommon/crypts/test/test_crypts.py::test_Crypts_iterate[foo-secrets] 
encommon/crypts/test/test_crypts.py::test_Crypts_iterate[foo-default] 
[gw2] [ 57%] PASSED encommon/crypts/test/test_crypts.py::test_Crypts_iterate[foo-default] 
encommon/crypts/test/test_crypts.py::test_Crypts 
[gw2] [ 57%] PASSED encommon/crypts/test/test_crypts.py::test_Crypts 
encommon/crypts/test/test_crypts.py::test_Crypts_cover 
[gw2] [ 57%] PASSED encommon/crypts/test/test_crypts.py::test_Crypts_cover 
encommon/webkit/test/test_numeric.py::test_numeric_count 
[gw3] [ 58%] PASSED encommon/times/test/test_time.py::test_Time 
encommon/parse/test/test_network.py::test_Network_ipv6 
[gw3] [ 58%] PASSED encommon/parse/test/test_network.py::test_Network_ipv6 
encommon/parse/test/test_network.py::test_Network_ipv4 
[gw3] [ 58%] PASSED encommon/parse/test/test_network.py::test_Network_ipv4 
encommon/parse/test/test_network.py::test_Network 
[gw3] [ 59%] PASSED encommon/parse/test/test_network.py::test_Network 
encommon/types/test/test_notate.py::test_delate_raises 
[gw3] [ 59%] PASSED encommon/types/test/test_notate.py::test_delate_raises 
encommon/types/test/test_notate.py::test_setate_raises 
[gw3] [ 59%] PASSED encommon/types/test/test_notate.py::test_setate_raises 
encommon/types/test/test_notate.py::test_setate 
[gw3] [ 60%] PASSED encommon/types/test/test_notate.py::test_setate 
encommon/types/test/test_notate.py::test_getate_cover 
[gw3] [ 60%] PASSED encommon/types/test/test_notate.py::test_getate_cover 
encommon/types/test/test_notate.py::test_impate 
[gw3] [ 60%] PASSED encommon/types/test/test_notate.py::test_impate 
encommon/types/test/test_notate.py::test_setate_cover 
[gw3] [ 61%] PASSED encommon/types/test/test_notate.py::test_setate_cover 
encommon/types/test/test_notate.py::test_impate_raises 
[gw3] [ 61%] PASSED encommon/types/test/test_notate.py::test_impate_raises 
encommon/types/test/test_notate.py::test_impate_cover 
[gw3] [ 61%] PASSED encommon/types/test/test_notate.py::test_impate_cover 
encommon/config/test/test_utils.py::test_config_path 
[gw3] [ 62%] PASSED encommon/config/test/test_utils.py::test_config_path 
encommon/config/test/test_utils.py::test_config_paths 
[gw3] [ 62%] PASSED encommon/config/test/test_utils.py::test_config_paths 
encommon/config/test/test_utils.py::test_config_load 
[gw3] [ 62%] PASSED encommon/config/test/test_utils.py::test_config_load 
encommon/webkit/test/test_image.py::test_image 
[gw1] [ 63%] PASSED encommon/times/test/test_timers.py::test_Timers_cover 
encommon/times/test/test_timers.py::test_Timers_raises 
[gw1] [ 63%] PASSED encommon/times/test/test_timers.py::test_Timers_raises 
encommon/types/test/test_empty.py::test_EmptyType 
[gw1] [ 63%] PASSED encommon/types/test/test_empty.py::test_EmptyType 
encommon/webkit/test/test_moderate.py::test_moderate 
[gw2] [ 64%] FAILED encommon/webkit/test/test_numeric.py::test_numeric_count 
encommon/webkit/test/test_numeric.py::test_numeric_bytes 
[gw3] [ 64%] FAILED encommon/webkit/test/test_image.py::test_image 
encommon/types/test/test_strings.py::test_hasstr 
[gw3] [ 64%] PASSED encommon/types/test/test_strings.py::test_hasstr 
encommon/types/test/test_strings.py::test_strplwr 
[gw3] [ 65%] PASSED encommon/types/test/test_strings.py::test_strplwr 
encommon/types/test/test_strings.py::test_rplstr 
[gw3] [ 65%] PASSED encommon/types/test/test_strings.py::test_rplstr 
encommon/webkit/test/test_helpers.py::test_helpers_isnode 
[gw1] [ 65%] FAILED encommon/webkit/test/test_moderate.py::test_moderate 
[gw0] [ 66%] PASSED encommon/times/test/test_windows.py::test_Windows_cover 
encommon/times/test/test_params.py::test_TimerParams 
[gw0] [ 66%] PASSED encommon/times/test/test_params.py::test_TimerParams 
encommon/times/test/test_params.py::test_WindowParams 
[gw0] [ 66%] PASSED encommon/times/test/test_params.py::test_WindowParams 
encommon/utils/test/test_files.py::test_append_text 
[gw0] [ 67%] PASSED encommon/utils/test/test_files.py::test_append_text 
encommon/utils/test/test_files.py::test_readsave_text 
[gw0] [ 67%] PASSED encommon/utils/test/test_files.py::test_readsave_text 
encommon/webkit/test/test_statate.py::test_statate 
encommon/webkit/test/test_helpers.py::test_helpers_assert 
[gw2] [ 67%] FAILED encommon/webkit/test/test_numeric.py::test_numeric_bytes 
encommon/webkit/test/test_numeric.py::test_numeric 
[gw3] [ 68%] FAILED encommon/webkit/test/test_helpers.py::test_helpers_isnode 
encommon/webkit/test/test_helpers.py::test_helpers_istrue 
[gw1] [ 68%] FAILED encommon/webkit/test/test_helpers.py::test_helpers_assert 
[gw0] [ 68%] FAILED encommon/webkit/test/test_statate.py::test_statate 
encommon/webkit/test/test_helpers.py::test_helpers_loads 
encommon/times/test/test_window.py::test_window_croniter[* * * * *-3661-False-expect7] 
[gw0] [ 69%] PASSED encommon/times/test/test_window.py::test_window_croniter[* * * * *-3661-False-expect7] 
encommon/times/test/test_window.py::test_window_croniter[* * * * *-1-False-expect1] 
[gw0] [ 69%] PASSED encommon/times/test/test_window.py::test_window_croniter[* * * * *-1-False-expect1] 
encommon/times/test/test_window.py::test_window_croniter[* * * * *-3659-False-expect5] 
[gw0] [ 69%] PASSED encommon/times/test/test_window.py::test_window_croniter[* * * * *-3659-False-expect5] 
encommon/times/test/test_window.py::test_window_interval[window0-0-False-expect0] 
[gw0] [ 70%] PASSED encommon/times/test/test_window.py::test_window_interval[window0-0-False-expect0] 
encommon/times/test/test_window.py::test_window_interval[window1-1-False-expect1] 
[gw0] [ 70%] PASSED encommon/times/test/test_window.py::test_window_interval[window1-1-False-expect1] 
encommon/times/test/test_window.py::test_window_interval[window6-3660-False-expect6] 
[gw2] [ 70%] FAILED encommon/webkit/test/test_numeric.py::test_numeric 
[gw0] [ 71%] PASSED encommon/times/test/test_window.py::test_window_interval[window6-3660-False-expect6] 
encommon/times/test/test_window.py::test_window_croniter[* * * * *-1-True-expect3] 
[gw0] [ 71%] PASSED encommon/times/test/test_window.py::test_window_croniter[* * * * *-1-True-expect3] 
encommon/times/test/test_window.py::test_window_interval[window8-3559-False-expect8] 
[gw0] [ 71%] PASSED encommon/times/test/test_window.py::test_window_interval[window8-3559-False-expect8] 
encommon/webkit/test/test_helpers.py::test_helpers_isempty 
[gw3] [ 71%] FAILED encommon/webkit/test/test_helpers.py::test_helpers_istrue 
encommon/webkit/test/test_tagues.py::test_tagues 
encommon/webkit/test/test_helpers.py::test_helpers_whenready 
[gw1] [ 72%] FAILED encommon/webkit/test/test_helpers.py::test_helpers_loads 
[gw0] [ 72%] FAILED encommon/webkit/test/test_helpers.py::test_helpers_isempty 
encommon/webkit/test/test_helpers.py::test_helpers_dumps 
encommon/webkit/test/test_helpers.py::test_helpers_isnum 
[gw3] [ 72%] FAILED encommon/webkit/test/test_helpers.py::test_helpers_whenready 
[gw2] [ 73%] FAILED encommon/webkit/test/test_tagues.py::test_tagues 
encommon/webkit/test/test_helpers.py::test_helpers_isdict 
encommon/types/test/test_notate.py::test_delate 
[gw2] [ 73%] PASSED encommon/types/test/test_notate.py::test_delate 
encommon/types/test/test_notate.py::test_expate_cover 
[gw2] [ 73%] PASSED encommon/types/test/test_notate.py::test_expate_cover 
encommon/types/test/test_notate.py::test_getate 
[gw2] [ 74%] PASSED encommon/types/test/test_notate.py::test_getate 
encommon/types/test/test_notate.py::test_expate 
[gw2] [ 74%] PASSED encommon/types/test/test_notate.py::test_expate 
encommon/webkit/test/test_color.py::test_colordiv 
[gw1] [ 74%] FAILED encommon/webkit/test/test_helpers.py::test_helpers_dumps 
[gw0] [ 75%] FAILED encommon/webkit/test/test_helpers.py::test_helpers_isnum 
encommon/webkit/test/test_helpers.py::test_helpers_isbool 
encommon/webkit/test/test_helpers.py::test_helpers_isfalse 
[gw2] [ 75%] FAILED encommon/webkit/test/test_color.py::test_colordiv 
[gw3] [ 75%] FAILED encommon/webkit/test/test_helpers.py::test_helpers_isdict 
encommon/colors/test/test_color.py::test_Color_xy[ffffff-expect1] 
encommon/webkit/test/test_helpers.py::test_helpers_isstr 
[gw2] [ 76%] PASSED encommon/colors/test/test_color.py::test_Color_xy[ffffff-expect1] 
encommon/colors/test/test_color.py::test_Color_xy[000000-expect2] 
[gw2] [ 76%] PASSED encommon/colors/test/test_color.py::test_Color_xy[000000-expect2] 
encommon/colors/test/test_color.py::test_Color_xy[800080-expect10] 
[gw2] [ 76%] PASSED encommon/colors/test/test_color.py::test_Color_xy[800080-expect10] 
encommon/colors/test/test_color.py::test_Color_rgb[00ff00-expect4] 
[gw2] [ 77%] PASSED encommon/colors/test/test_color.py::test_Color_rgb[00ff00-expect4] 
encommon/colors/test/test_color.py::test_Color_hsl[00ff00-expect4] 
[gw2] [ 77%] PASSED encommon/colors/test/test_color.py::test_Color_hsl[00ff00-expect4] 
encommon/colors/test/test_color.py::test_Color_xyz[00ffff-expect8] 
[gw2] [ 77%] PASSED encommon/colors/test/test_color.py::test_Color_xyz[00ffff-expect8] 
encommon/colors/test/test_color.py::test_Color_xy[00ff00-expect4] 
[gw2] [ 78%] PASSED encommon/colors/test/test_color.py::test_Color_xy[00ff00-expect4] 
encommon/colors/test/test_color.py::test_Color_hsl[000000-expect2] 
[gw2] [ 78%] PASSED encommon/colors/test/test_color.py::test_Color_hsl[000000-expect2] 
encommon/colors/test/test_color.py::test_Color_xyz[ff00ff-expect9] 
[gw2] [ 78%] PASSED encommon/colors/test/test_color.py::test_Color_xyz[ff00ff-expect9] 
encommon/colors/test/test_color.py::test_Color_hsl[ffffff-expect1] 
[gw2] [ 79%] PASSED encommon/colors/test/test_color.py::test_Color_hsl[ffffff-expect1] 
encommon/colors/test/test_color.py::test_Color_rgb[000000-expect2] 
[gw2] [ 79%] PASSED encommon/colors/test/test_color.py::test_Color_rgb[000000-expect2] 
encommon/colors/test/test_color.py::test_Color_rgb[ffffff-expect1] 
[gw2] [ 79%] PASSED encommon/colors/test/test_color.py::test_Color_rgb[ffffff-expect1] 
encommon/colors/test/test_color.py::test_Color_hsl[ffff00-expect7] 
[gw2] [ 80%] PASSED encommon/colors/test/test_color.py::test_Color_hsl[ffff00-expect7] 
encommon/colors/test/test_color.py::test_Color_xy[808080-expect6] 
[gw2] [ 80%] PASSED encommon/colors/test/test_color.py::test_Color_xy[808080-expect6] 
encommon/colors/test/test_color.py::test_Color_rgb[ffff00-expect7] 
[gw2] [ 80%] PASSED encommon/colors/test/test_color.py::test_Color_rgb[ffff00-expect7] 
encommon/colors/test/test_color.py::test_Color_rgb[ff0000-expect3] 
[gw2] [ 81%] PASSED encommon/colors/test/test_color.py::test_Color_rgb[ff0000-expect3] 
encommon/colors/test/test_color.py::test_Color_rgb[0000ff-expect5] 
[gw2] [ 81%] PASSED encommon/colors/test/test_color.py::test_Color_rgb[0000ff-expect5] 
encommon/colors/test/test_color.py::test_Color_hsl[ff0000-expect3] 
[gw2] [ 81%] PASSED encommon/colors/test/test_color.py::test_Color_hsl[ff0000-expect3] 
encommon/colors/test/test_color.py::test_Color_hsl[0000ff-expect5] 
[gw2] [ 82%] PASSED encommon/colors/test/test_color.py::test_Color_hsl[0000ff-expect5] 
encommon/colors/test/test_color.py::test_Color_xyz[800080-expect10] 
[gw2] [ 82%] PASSED encommon/colors/test/test_color.py::test_Color_xyz[800080-expect10] 
encommon/colors/test/test_color.py::test_Color_xy[0000ff-expect5] 
[gw2] [ 82%] PASSED encommon/colors/test/test_color.py::test_Color_xy[0000ff-expect5] 
encommon/colors/test/test_color.py::test_Color_xy[ff0000-expect3] 
[gw2] [ 83%] PASSED encommon/colors/test/test_color.py::test_Color_xy[ff0000-expect3] 
encommon/colors/test/test_color.py::test_Color_rgb[808080-expect6] 
[gw2] [ 83%] PASSED encommon/colors/test/test_color.py::test_Color_rgb[808080-expect6] 
encommon/colors/test/test_color.py::test_Color_xy[ffff00-expect7] 
[gw2] [ 83%] PASSED encommon/colors/test/test_color.py::test_Color_xy[ffff00-expect7] 
encommon/colors/test/test_color.py::test_Color_xyz[ff00cc-expect0] 
[gw2] [ 84%] PASSED encommon/colors/test/test_color.py::test_Color_xyz[ff00cc-expect0] 
encommon/colors/test/test_color.py::test_Color_hsl[808080-expect6] 
[gw2] [ 84%] PASSED encommon/colors/test/test_color.py::test_Color_hsl[808080-expect6] 
encommon/colors/test/test_color.py::test_Color_xyz[000000-expect2] 
[gw2] [ 84%] PASSED encommon/colors/test/test_color.py::test_Color_xyz[000000-expect2] 
encommon/colors/test/test_color.py::test_Color_hsl[ff00ff-expect9] 
[gw2] [ 85%] PASSED encommon/colors/test/test_color.py::test_Color_hsl[ff00ff-expect9] 
encommon/colors/test/test_color.py::test_Color_hsl[80007F-expect10] 
[gw2] [ 85%] PASSED encommon/colors/test/test_color.py::test_Color_hsl[80007F-expect10] 
encommon/colors/test/test_color.py::test_Color_xyz[ffffff-expect1] 
[gw2] [ 85%] PASSED encommon/colors/test/test_color.py::test_Color_xyz[ffffff-expect1] 
encommon/colors/test/test_color.py::test_Color_rgb[ff00ff-expect9] 
[gw2] [ 85%] PASSED encommon/colors/test/test_color.py::test_Color_rgb[ff00ff-expect9] 
encommon/colors/test/test_color.py::test_Color_hsl[00ffff-expect8] 
[gw2] [ 86%] PASSED encommon/colors/test/test_color.py::test_Color_hsl[00ffff-expect8] 
encommon/colors/test/test_color.py::test_Color_rgb[00ffff-expect8] 
[gw2] [ 86%] PASSED encommon/colors/test/test_color.py::test_Color_rgb[00ffff-expect8] 
encommon/colors/test/test_color.py::test_Color_xy[00ffff-expect8] 
[gw2] [ 86%] PASSED encommon/colors/test/test_color.py::test_Color_xy[00ffff-expect8] 
encommon/colors/test/test_color.py::test_Color_xyz[00ff00-expect4] 
[gw2] [ 87%] PASSED encommon/colors/test/test_color.py::test_Color_xyz[00ff00-expect4] 
encommon/colors/test/test_color.py::test_Color_xy[ff00ff-expect9] 
[gw2] [ 87%] PASSED encommon/colors/test/test_color.py::test_Color_xy[ff00ff-expect9] 
encommon/colors/test/test_color.py::test_Color_rgb[800080-expect10] 
[gw2] [ 87%] PASSED encommon/colors/test/test_color.py::test_Color_rgb[800080-expect10] 
encommon/colors/test/test_color.py::test_Color 
[gw2] [ 88%] PASSED encommon/colors/test/test_color.py::test_Color 
encommon/colors/test/test_color.py::test_Color_hsl[ff00cc-expect0] 
[gw2] [ 88%] PASSED encommon/colors/test/test_color.py::test_Color_hsl[ff00cc-expect0] 
encommon/colors/test/test_color.py::test_Color_rgb[ff00cc-expect0] 
[gw2] [ 88%] PASSED encommon/colors/test/test_color.py::test_Color_rgb[ff00cc-expect0] 
encommon/colors/test/test_color.py::test_Color_xyz[808080-expect6] 
[gw2] [ 89%] PASSED encommon/colors/test/test_color.py::test_Color_xyz[808080-expect6] 
encommon/colors/test/test_color.py::test_Color_xyz[0000ff-expect5] 
[gw2] [ 89%] PASSED encommon/colors/test/test_color.py::test_Color_xyz[0000ff-expect5] 
encommon/colors/test/test_color.py::test_Color_xyz[ff0000-expect3] 
[gw2] [ 89%] PASSED encommon/colors/test/test_color.py::test_Color_xyz[ff0000-expect3] 
encommon/colors/test/test_color.py::test_Color_xyz[ffff00-expect7] 
[gw2] [ 90%] PASSED encommon/colors/test/test_color.py::test_Color_xyz[ffff00-expect7] 
encommon/colors/test/test_color.py::test_Color_xy[ff00cc-expect0] 
[gw2] [ 90%] PASSED encommon/colors/test/test_color.py::test_Color_xy[ff00cc-expect0] 
encommon/colors/test/test_color.py::test_Color_cover 
[gw2] [ 90%] PASSED encommon/colors/test/test_color.py::test_Color_cover 
encommon/webkit/test/test_default.py::test_default_attr 
[gw0] [ 91%] FAILED encommon/webkit/test/test_helpers.py::test_helpers_isbool 
[gw1] [ 91%] FAILED encommon/webkit/test/test_helpers.py::test_helpers_isfalse 
encommon/utils/test/test_match.py::test_rgxp_match 
[gw0] [ 91%] PASSED encommon/utils/test/test_match.py::test_rgxp_match 
encommon/utils/test/test_match.py::test_fuzz_match 
[gw0] [ 92%] PASSED encommon/utils/test/test_match.py::test_fuzz_match 
encommon/webkit/test/test_default.py::test_default_content 
encommon/webkit/test/test_helpers.py::test_helpers_isquery 
[gw3] [ 92%] FAILED encommon/webkit/test/test_helpers.py::test_helpers_isstr 
encommon/webkit/test/test_helpers.py::test_helpers_isnull 
[gw2] [ 92%] FAILED encommon/webkit/test/test_default.py::test_default_attr 
encommon/webkit/test/test_default.py::test_default_append 
[gw0] [ 93%] FAILED encommon/webkit/test/test_default.py::test_default_content 
encommon/webkit/test/test_default.py::test_default_showhide 
[gw1] [ 93%] FAILED encommon/webkit/test/test_helpers.py::test_helpers_isquery 
encommon/webkit/test/test_helpers.py::test_helpers_istime 
[gw3] [ 93%] FAILED encommon/webkit/test/test_helpers.py::test_helpers_isnull 
encommon/webkit/test/test_default.py::test_default_replace 
[gw2] [ 94%] FAILED encommon/webkit/test/test_default.py::test_default_append 
encommon/webkit/test/test_default.py::test_default_prop 
[gw0] [ 94%] FAILED encommon/webkit/test/test_default.py::test_default_showhide 
encommon/webkit/test/test_default.py::test_default_styles 
[gw1] [ 94%] FAILED encommon/webkit/test/test_helpers.py::test_helpers_istime 
encommon/webkit/test/test_helpers.py::test_helpers_islist 
[gw3] [ 95%] FAILED encommon/webkit/test/test_default.py::test_default_replace 
encommon/webkit/test/test_default.py::test_default_create 
[gw2] [ 95%] FAILED encommon/webkit/test/test_default.py::test_default_prop 
encommon/webkit/test/test_default.py::test_default_remClass 
[gw0] [ 95%] FAILED encommon/webkit/test/test_default.py::test_default_styles 
encommon/webkit/test/test_default.py::test_default_addClass 
[gw1] [ 96%] FAILED encommon/webkit/test/test_helpers.py::test_helpers_islist 
encommon/types/test/test_funcs.py::test_funcname 
[gw1] [ 96%] PASSED encommon/types/test/test_funcs.py::test_funcname 
encommon/times/test/test_duration.py::test_Duration 
[gw1] [ 96%] PASSED encommon/times/test/test_duration.py::test_Duration 
encommon/times/test/test_duration.py::test_Duration_iterate 
[gw1] [ 97%] PASSED encommon/times/test/test_duration.py::test_Duration_iterate 
encommon/config/test/test_config.py::test_Config_jinja2 
[gw1] [ 97%] PASSED encommon/config/test/test_config.py::test_Config_jinja2 
[gw3] [ 97%] FAILED encommon/webkit/test/test_default.py::test_default_create 
encommon/config/test/test_config.py::test_Config 
[gw1] [ 98%] PASSED encommon/config/test/test_config.py::test_Config 
encommon/config/test/test_config.py::test_Config_cover 
[gw1] [ 98%] PASSED encommon/config/test/test_config.py::test_Config_cover 
encommon/webkit/test/test_content.py::test_Content 
[gw3] [ 98%] PASSED encommon/webkit/test/test_content.py::test_Content 
[gw2] [ 99%] FAILED encommon/webkit/test/test_default.py::test_default_remClass 
encommon/webkit/test/test_content.py::test_Content_cover 
[gw2] [ 99%] PASSED encommon/webkit/test/test_content.py::test_Content_cover 
[gw0] [ 99%] FAILED encommon/webkit/test/test_default.py::test_default_addClass 
encommon/times/test/test_duration.py::test_Duration_cover 
[gw0] [100%] PASSED encommon/times/test/test_duration.py::test_Duration_cover 

=================================== FAILURES ===================================
________________________________ test_datagrid _________________________________
[gw0] linux -- Python 3.12.13 /home/runner/work/encommon/encommon/main/.venv-package/bin/python3

content = <encommon.webkit.content.Content object at 0x7f6f9cbd6690>
driver = <selenium.webdriver.chrome.webdriver.WebDriver (session="1e200eca15a02d2a1e7904bbd81d47c1")>

    def test_datagrid(
        content: 'Content',
        driver: WebDriver,
    ) -> None:
        """
        Perform various tests associated with relevant routines.
    
        :param content: Primary class instance for the content.
        :param driver: Selenium driver provided by the library.
        """
    
    
        driver.get(
            f"""
            data:text/html;
            charset=utf-8,
            <html>
              <head>
                <script>
            {content.scripts('default')}
            {content.scripts('helpers')}
            {content.scripts('datagrid')}
                </script>
              </head>
              <body></body>
            </html>
            """)
    
    
        fields = {
            'foo': 'Foo',
            'bar': 'Bar'}
    
        values = [
            {'foo': '1',
             'bar': 1},
            {'foo': '2',
             'bar': 2}]
    
    
>       outcome = _executejs(
            driver,
            'let element ='
            ' datagrid(...arguments);'
            'return'
            ' element[0].outerHTML;',
            fields,
            values,
            wrap=False)

encommon/webkit/test/test_datagrid.py:61: 
_ _ _ _ _ _ _ _ _ _ _ _ _ _ _ _ _ _ _ _ _ _ _ _ _ _ _ _ _ _ _ _ _ _ _ _ _ _ _ _ 
encommon/webkit/test/__init__.py:36: in _executejs
    driver
.venv-package/lib/python3.12/site-packages/selenium/webdriver/remote/webdriver.py:532: in execute_script
    return self.execute(command, {"script": script, "args": converted_args})["value"]
           ^^^^^^^^^^^^^^^^^^^^^^^^^^^^^^^^^^^^^^^^^^^^^^^^^^^^^^^^^^^^^^^^^
.venv-package/lib/python3.12/site-packages/selenium/webdriver/remote/webdriver.py:446: in execute
    self.error_handler.check_response(response)
_ _ _ _ _ _ _ _ _ _ _ _ _ _ _ _ _ _ _ _ _ _ _ _ _ _ _ _ _ _ _ _ _ _ _ _ _ _ _ _ 

self = <selenium.webdriver.remote.errorhandler.ErrorHandler object at 0x7f6f9cc8a3f0>
response = {'status': 500, 'value': '{"value":{"error":"javascript error","message":"javascript error: datagrid is not defined\\n...\\n#15 0x55c3eda5b4de \\u003Cunknown>\\n#16 0x7f0890a9caa4 \\u003Cunknown>\\n#17 0x7f0890b29c6c \\u003Cunknown>\\n"}}'}

    def check_response(self, response: dict[str, Any]) -> None:
        """Check that a JSON response from the WebDriver does not have an error.
    
        Args:
            response: The JSON response from the WebDriver server as a dictionary
                object.
    
        Raises:
            WebDriverException: If the response contains an error message.
        """
        status = response.get("status", None)
        if not status or status == ErrorCode.SUCCESS:
            return
        value = None
        message = response.get("message", "")
        screen: str = response.get("screen", "")
        stacktrace = None
        if isinstance(status, int):
            value_json = response.get("value", None)
            if value_json and isinstance(value_json, str):
                try:
                    value = json.loads(value_json)
                    if isinstance(value, dict):
                        if len(value) == 1:
                            value = value["value"]
                        status = value.get("error", None)
                        if not status:
                            status = value.get("status", ErrorCode.UNKNOWN_ERROR)
                            message = value.get("value") or value.get("message")
                            if not isinstance(message, str):
                                value = message
                                message = message.get("message") if isinstance(message, dict) else None
                        else:
                            message = value.get("message", None)
                except ValueError:
                    pass
    
        exception_class: type[WebDriverException]
        e = ErrorCode()
        error_codes = [item for item in dir(e) if not item.startswith("__")]
        for error_code in error_codes:
            error_info = getattr(ErrorCode, error_code)
            if isinstance(error_info, list) and status in error_info:
                exception_class = getattr(ExceptionMapping, error_code, WebDriverException)
                break
        else:
            exception_class = WebDriverException
    
        if not value:
            value = response["value"]
        if isinstance(value, str):
            raise exception_class(value)
        if message == "" and "message" in value:
            message = value["message"]
    
        screen = None  # type: ignore[assignment]
        if "screen" in value:
            screen = value["screen"]
    
        stacktrace = None
        st_value = value.get("stackTrace") or value.get("stacktrace")
        if st_value:
            if isinstance(st_value, str):
                stacktrace = st_value.split("\n")
            else:
                stacktrace = []
                try:
                    for frame in st_value:
                        line = frame.get("lineNumber", "")
                        file = frame.get("fileName", "<anonymous>")
                        if line:
                            file = f"{file}:{line}"
                        meth = frame.get("methodName", "<anonymous>")
                        if "className" in frame:
                            meth = f"{frame['className']}.{meth}"
                        msg = "    at %s (%s)"
                        msg = msg % (meth, file)
                        stacktrace.append(msg)
                except TypeError:
                    pass
        if exception_class == UnexpectedAlertPresentException:
            alert_text = None
            if "data" in value:
                alert_text = value["data"].get("text")
            elif "alert" in value:
                alert_text = value["alert"].get("text")
            raise exception_class(message, screen, stacktrace, alert_text)  # type: ignore[call-arg]  # mypy is not smart enough here
>       raise exception_class(message, screen, stacktrace)
E       selenium.common.exceptions.JavascriptException: Message: javascript error: datagrid is not defined
E         (Session info: chrome=146.0.7680.164)
E       Stacktrace:
E       #0 0x55c3eda5ca6a <unknown>
E       #1 0x55c3ed46bab5 <unknown>
E       #2 0x55c3ed47292b <unknown>
E       #3 0x55c3ed4754ab <unknown>
E       #4 0x55c3ed5078d9 <unknown>
E       #5 0x55c3ed5067b6 <unknown>
E       #6 0x55c3ed4b1cbf <unknown>
E       #7 0x55c3ed4b2a81 <unknown>
E       #8 0x55c3eda22a64 <unknown>
E       #9 0x55c3eda25951 <unknown>
E       #10 0x55c3eda0f21e <unknown>
E       #11 0x55c3eda2651e <unknown>
E       #12 0x55c3ed9f5be0 <unknown>
E       #13 0x55c3eda499b8 <unknown>
E       #14 0x55c3eda49b88 <unknown>
E       #15 0x55c3eda5b4de <unknown>
E       #16 0x7f0890a9caa4 <unknown>
E       #17 0x7f0890b29c6c <unknown>

.venv-package/lib/python3.12/site-packages/selenium/webdriver/remote/errorhandler.py:232: JavascriptException
------------------------------ Captured log setup ------------------------------
DEBUG    selenium.webdriver.common.selenium_manager:selenium_manager.py:112 Selenium Manager binary found at: /home/runner/work/encommon/encommon/main/.venv-package/lib/python3.12/site-packages/selenium/webdriver/common/linux/selenium-manager
DEBUG    selenium.webdriver.common.selenium_manager:selenium_manager.py:127 Executing process: /home/runner/work/encommon/encommon/main/.venv-package/lib/python3.12/site-packages/selenium/webdriver/common/linux/selenium-manager --browser chrome --language-binding python --output json
DEBUG    selenium.webdriver.common.selenium_manager:selenium_manager.py:153 Driver path: /usr/bin/chromedriver
DEBUG    selenium.webdriver.common.selenium_manager:selenium_manager.py:153 Browser path: /usr/bin/google-chrome
DEBUG    selenium.webdriver.common.service:service.py:232 Started executable: `/usr/bin/chromedriver` in a child process with pid: 3260 using 0 to output -3
DEBUG    selenium.webdriver.remote.remote_connection:remote_connection.py:406 POST http://localhost:54669/session {'capabilities': {'firstMatch': [{}], 'alwaysMatch': {'browserName': 'chrome', 'pageLoadStrategy': <PageLoadStrategy.normal: 'normal'>, 'browserVersion': None, 'goog:chromeOptions': {'extensions': [], 'binary': '/usr/bin/google-chrome', 'args': ['--headless']}}}}
DEBUG    urllib3.connectionpool:connectionpool.py:241 Starting new HTTP connection (1): localhost:54669
DEBUG    urllib3.connectionpool:connectionpool.py:544 http://localhost:54669 "POST /session HTTP/1.1" 200 0
DEBUG    selenium.webdriver.remote.remote_connection:remote_connection.py:439 Remote response: status=200 | data={"value":{"capabilities":{"acceptInsecureCerts":false,"browserName":"chrome","browserVersion":"146.0.7680.164","chrome":{"chromedriverVersion":"146.0.7680.165 (4b989da09e15a7dc0de0785cb5ff232aadae3f0f-refs/branch-heads/7680@{#2932})","userDataDir":"/tmp/org.chromium.Chromium.scoped_dir.vUCQn5"},"fedcm:accounts":true,"goog:chromeOptions":{"debuggerAddress":"localhost:41475"},"goog:processID":3289,"networkConnectionEnabled":false,"pageLoadStrategy":"normal","platformName":"linux","proxy":{},"setWindowRect":true,"strictFileInteractability":false,"timeouts":{"implicit":0,"pageLoad":300000,"script":30000},"unhandledPromptBehavior":"dismiss and notify","webauthn:extension:credBlob":true,"webauthn:extension:largeBlob":true,"webauthn:extension:minPinLength":true,"webauthn:extension:prf":true,"webauthn:virtualAuthenticators":true},"sessionId":"1e200eca15a02d2a1e7904bbd81d47c1"}} | headers=HTTPHeaderDict({'Content-Length': '882', 'Content-Type': 'application/json; charset=utf-8', 'cache-control': 'no-cache'})
DEBUG    selenium.webdriver.remote.remote_connection:remote_connection.py:468 Finished Request
------------------------------ Captured log call -------------------------------
DEBUG    selenium.webdriver.remote.remote_connection:remote_connection.py:406 POST http://localhost:54669/session/1e200eca15a02d2a1e7904bbd81d47c1/url {'url': '\n        data:text/html;\n        charset=utf-8,\n        <html>\n          <head>\n            <script>...'}
DEBUG    urllib3.connectionpool:connectionpool.py:544 http://localhost:54669 "POST /session/1e200eca15a02d2a1e7904bbd81d47c1/url HTTP/1.1" 200 0
DEBUG    selenium.webdriver.remote.remote_connection:remote_connection.py:439 Remote response: status=200 | data={"value":null} | headers=HTTPHeaderDict({'Content-Length': '14', 'Content-Type': 'application/json; charset=utf-8', 'cache-control': 'no-cache'})
DEBUG    selenium.webdriver.remote.remote_connection:remote_connection.py:468 Finished Request
DEBUG    selenium.webdriver.remote.remote_connection:remote_connection.py:406 POST http://localhost:54669/session/1e200eca15a02d2a1e7904bbd81d47c1/execute/sync {'script': 'let element = datagrid(...arguments);return element[0].outerHTML;', 'args': [{'foo': 'Foo', 'bar': 'Bar'}, [{'foo': '1', 'bar': 1}, {'foo': '2', 'bar': 2}]]}
DEBUG    urllib3.connectionpool:connectionpool.py:544 http://localhost:54669 "POST /session/1e200eca15a02d2a1e7904bbd81d47c1/execute/sync HTTP/1.1" 500 0
DEBUG    selenium.webdriver.remote.remote_connection:remote_connection.py:439 Remote response: status=500 | data={"value":{"error":"javascript error","message":"javascript error: datagrid is not defined\n  (Session info: chrome=146.0.7680.164)","stacktrace":"#0 0x55c3eda5ca6a \u003Cunknown>\n#1 0x55c3ed46bab5 \u003Cunknown>\n#2 0x55c3ed47292b \u003Cunknown>\n#3 0x55c3ed4754ab \u003Cunknown>\n#4 0x55c3ed5078d9 \u003Cunknown>\n#5 0x55c3ed5067b6 \u003Cunknown>\n#6 0x55c3ed4b1cbf \u003Cunknown>\n#7 0x55c3ed4b2a81 \u003Cunknown>\n#8 0x55c3eda22a64 \u003Cunknown>\n#9 0x55c3eda25951 \u003Cunknown>\n#10 0x55c3eda0f21e \u003Cunknown>\n#11 0x55c3eda2651e \u003Cunknown>\n#12 0x55c3ed9f5be0 \u003Cunknown>\n#13 0x55c3eda499b8 \u003Cunknown>\n#14 0x55c3eda49b88 \u003Cunknown>\n#15 0x55c3eda5b4de \u003Cunknown>\n#16 0x7f0890a9caa4 \u003Cunknown>\n#17 0x7f0890b29c6c \u003Cunknown>\n"}} | headers=HTTPHeaderDict({'Content-Length': '769', 'Content-Type': 'application/json; charset=utf-8', 'cache-control': 'no-cache'})
DEBUG    selenium.webdriver.remote.remote_connection:remote_connection.py:468 Finished Request
---------------------------- Captured log teardown -----------------------------
DEBUG    selenium.webdriver.remote.remote_connection:remote_connection.py:406 DELETE http://localhost:54669/session/1e200eca15a02d2a1e7904bbd81d47c1 {}
DEBUG    urllib3.connectionpool:connectionpool.py:544 http://localhost:54669 "DELETE /session/1e200eca15a02d2a1e7904bbd81d47c1 HTTP/1.1" 200 0
DEBUG    selenium.webdriver.remote.remote_connection:remote_connection.py:439 Remote response: status=200 | data={"value":null} | headers=HTTPHeaderDict({'Content-Length': '14', 'Content-Type': 'application/json; charset=utf-8', 'cache-control': 'no-cache'})
DEBUG    selenium.webdriver.remote.remote_connection:remote_connection.py:468 Finished Request
________________________________ test_datestamp ________________________________
[gw2] linux -- Python 3.12.13 /home/runner/work/encommon/encommon/main/.venv-package/bin/python3

content = <encommon.webkit.content.Content object at 0x7f42c705f140>
driver = <selenium.webdriver.chrome.webdriver.WebDriver (session="e0fa8c0d30fc2907cc84f281da4da636")>

    def test_datestamp(
        content: 'Content',
        driver: WebDriver,
    ) -> None:
        """
        Perform various tests associated with relevant routines.
    
        :param content: Primary class instance for the content.
        :param driver: Selenium driver provided by the library.
        """
    
    
        driver.get(
            f"""
            data:text/html;
            charset=utf-8,
            <html>
              <head>
                <script>
            {content.scripts('default')}
            {content.scripts('helpers')}
            {content.scripts('datetime')}
                </script>
              </head>
              <body></body>
            </html>
            """)
    
    
>       outcome = _executejs(
            driver,
            'let element ='
            ' datestamp(...arguments);'
            'return'
            ' element[0].outerHTML;',
            '2024-04-20T16:20:00Z',
            wrap=False)

encommon/webkit/test/test_datetime.py:50: 
_ _ _ _ _ _ _ _ _ _ _ _ _ _ _ _ _ _ _ _ _ _ _ _ _ _ _ _ _ _ _ _ _ _ _ _ _ _ _ _ 
encommon/webkit/test/__init__.py:36: in _executejs
    driver
.venv-package/lib/python3.12/site-packages/selenium/webdriver/remote/webdriver.py:532: in execute_script
    return self.execute(command, {"script": script, "args": converted_args})["value"]
           ^^^^^^^^^^^^^^^^^^^^^^^^^^^^^^^^^^^^^^^^^^^^^^^^^^^^^^^^^^^^^^^^^
.venv-package/lib/python3.12/site-packages/selenium/webdriver/remote/webdriver.py:446: in execute
    self.error_handler.check_response(response)
_ _ _ _ _ _ _ _ _ _ _ _ _ _ _ _ _ _ _ _ _ _ _ _ _ _ _ _ _ _ _ _ _ _ _ _ _ _ _ _ 

self = <selenium.webdriver.remote.errorhandler.ErrorHandler object at 0x7f42c6f3e090>
response = {'status': 500, 'value': '{"value":{"error":"javascript error","message":"javascript error: datestamp is not defined\\...\\n#15 0x55c273ab34de \\u003Cunknown>\\n#16 0x7f159689caa4 \\u003Cunknown>\\n#17 0x7f1596929c6c \\u003Cunknown>\\n"}}'}

    def check_response(self, response: dict[str, Any]) -> None:
        """Check that a JSON response from the WebDriver does not have an error.
    
        Args:
            response: The JSON response from the WebDriver server as a dictionary
                object.
    
        Raises:
            WebDriverException: If the response contains an error message.
        """
        status = response.get("status", None)
        if not status or status == ErrorCode.SUCCESS:
            return
        value = None
        message = response.get("message", "")
        screen: str = response.get("screen", "")
        stacktrace = None
        if isinstance(status, int):
            value_json = response.get("value", None)
            if value_json and isinstance(value_json, str):
                try:
                    value = json.loads(value_json)
                    if isinstance(value, dict):
                        if len(value) == 1:
                            value = value["value"]
                        status = value.get("error", None)
                        if not status:
                            status = value.get("status", ErrorCode.UNKNOWN_ERROR)
                            message = value.get("value") or value.get("message")
                            if not isinstance(message, str):
                                value = message
                                message = message.get("message") if isinstance(message, dict) else None
                        else:
                            message = value.get("message", None)
                except ValueError:
                    pass
    
        exception_class: type[WebDriverException]
        e = ErrorCode()
        error_codes = [item for item in dir(e) if not item.startswith("__")]
        for error_code in error_codes:
            error_info = getattr(ErrorCode, error_code)
            if isinstance(error_info, list) and status in error_info:
                exception_class = getattr(ExceptionMapping, error_code, WebDriverException)
                break
        else:
            exception_class = WebDriverException
    
        if not value:
            value = response["value"]
        if isinstance(value, str):
            raise exception_class(value)
        if message == "" and "message" in value:
            message = value["message"]
    
        screen = None  # type: ignore[assignment]
        if "screen" in value:
            screen = value["screen"]
    
        stacktrace = None
        st_value = value.get("stackTrace") or value.get("stacktrace")
        if st_value:
            if isinstance(st_value, str):
                stacktrace = st_value.split("\n")
            else:
                stacktrace = []
                try:
                    for frame in st_value:
                        line = frame.get("lineNumber", "")
                        file = frame.get("fileName", "<anonymous>")
                        if line:
                            file = f"{file}:{line}"
                        meth = frame.get("methodName", "<anonymous>")
                        if "className" in frame:
                            meth = f"{frame['className']}.{meth}"
                        msg = "    at %s (%s)"
                        msg = msg % (meth, file)
                        stacktrace.append(msg)
                except TypeError:
                    pass
        if exception_class == UnexpectedAlertPresentException:
            alert_text = None
            if "data" in value:
                alert_text = value["data"].get("text")
            elif "alert" in value:
                alert_text = value["alert"].get("text")
            raise exception_class(message, screen, stacktrace, alert_text)  # type: ignore[call-arg]  # mypy is not smart enough here
>       raise exception_class(message, screen, stacktrace)
E       selenium.common.exceptions.JavascriptException: Message: javascript error: datestamp is not defined
E         (Session info: chrome=146.0.7680.164)
E       Stacktrace:
E       #0 0x55c273ab4a6a <unknown>
E       #1 0x55c2734c3ab5 <unknown>
E       #2 0x55c2734ca92b <unknown>
E       #3 0x55c2734cd4ab <unknown>
E       #4 0x55c27355f8d9 <unknown>
E       #5 0x55c27355e7b6 <unknown>
E       #6 0x55c273509cbf <unknown>
E       #7 0x55c27350aa81 <unknown>
E       #8 0x55c273a7aa64 <unknown>
E       #9 0x55c273a7d951 <unknown>
E       #10 0x55c273a6721e <unknown>
E       #11 0x55c273a7e51e <unknown>
E       #12 0x55c273a4dbe0 <unknown>
E       #13 0x55c273aa19b8 <unknown>
E       #14 0x55c273aa1b88 <unknown>
E       #15 0x55c273ab34de <unknown>
E       #16 0x7f159689caa4 <unknown>
E       #17 0x7f1596929c6c <unknown>

.venv-package/lib/python3.12/site-packages/selenium/webdriver/remote/errorhandler.py:232: JavascriptException
_________________________________ test_message _________________________________
[gw1] linux -- Python 3.12.13 /home/runner/work/encommon/encommon/main/.venv-package/bin/python3

content = <encommon.webkit.content.Content object at 0x7f3f2c0a3ad0>
driver = <selenium.webdriver.chrome.webdriver.WebDriver (session="c2547e10fc0dbd5c88ec7fb304d49749")>

    def test_message(
        content: 'Content',
        driver: WebDriver,
    ) -> None:
        """
        Perform various tests associated with relevant routines.
    
        :param content: Primary class instance for the content.
        :param driver: Selenium driver provided by the library.
        """
    
    
        driver.get(
            f"""
            data:text/html;
            charset=utf-8,
            <html>
              <head>
                <script>
            {content.scripts('default')}
            {content.scripts('helpers')}
            {content.scripts('message')}
                </script>
              </head>
              <body></body>
            </html>
            """)
    
    
>       outcome = _executejs(
            driver,
            'let element ='
            ' message(...arguments);'
            'return'
            ' element[0].outerHTML;',
            'information',
            'This is the message',
            wrap=False)

encommon/webkit/test/test_message.py:50: 
_ _ _ _ _ _ _ _ _ _ _ _ _ _ _ _ _ _ _ _ _ _ _ _ _ _ _ _ _ _ _ _ _ _ _ _ _ _ _ _ 
encommon/webkit/test/__init__.py:36: in _executejs
    driver
.venv-package/lib/python3.12/site-packages/selenium/webdriver/remote/webdriver.py:532: in execute_script
    return self.execute(command, {"script": script, "args": converted_args})["value"]
           ^^^^^^^^^^^^^^^^^^^^^^^^^^^^^^^^^^^^^^^^^^^^^^^^^^^^^^^^^^^^^^^^^
.venv-package/lib/python3.12/site-packages/selenium/webdriver/remote/webdriver.py:446: in execute
    self.error_handler.check_response(response)
_ _ _ _ _ _ _ _ _ _ _ _ _ _ _ _ _ _ _ _ _ _ _ _ _ _ _ _ _ _ _ _ _ _ _ _ _ _ _ _ 

self = <selenium.webdriver.remote.errorhandler.ErrorHandler object at 0x7f3f2c26a660>
response = {'status': 500, 'value': '{"value":{"error":"javascript error","message":"javascript error: message is not defined\\n ...\\n#15 0x556cc98c04de \\u003Cunknown>\\n#16 0x7f083589caa4 \\u003Cunknown>\\n#17 0x7f0835929c6c \\u003Cunknown>\\n"}}'}

    def check_response(self, response: dict[str, Any]) -> None:
        """Check that a JSON response from the WebDriver does not have an error.
    
        Args:
            response: The JSON response from the WebDriver server as a dictionary
                object.
    
        Raises:
            WebDriverException: If the response contains an error message.
        """
        status = response.get("status", None)
        if not status or status == ErrorCode.SUCCESS:
            return
        value = None
        message = response.get("message", "")
        screen: str = response.get("screen", "")
        stacktrace = None
        if isinstance(status, int):
            value_json = response.get("value", None)
            if value_json and isinstance(value_json, str):
                try:
                    value = json.loads(value_json)
                    if isinstance(value, dict):
                        if len(value) == 1:
                            value = value["value"]
                        status = value.get("error", None)
                        if not status:
                            status = value.get("status", ErrorCode.UNKNOWN_ERROR)
                            message = value.get("value") or value.get("message")
                            if not isinstance(message, str):
                                value = message
                                message = message.get("message") if isinstance(message, dict) else None
                        else:
                            message = value.get("message", None)
                except ValueError:
                    pass
    
        exception_class: type[WebDriverException]
        e = ErrorCode()
        error_codes = [item for item in dir(e) if not item.startswith("__")]
        for error_code in error_codes:
            error_info = getattr(ErrorCode, error_code)
            if isinstance(error_info, list) and status in error_info:
                exception_class = getattr(ExceptionMapping, error_code, WebDriverException)
                break
        else:
            exception_class = WebDriverException
    
        if not value:
            value = response["value"]
        if isinstance(value, str):
            raise exception_class(value)
        if message == "" and "message" in value:
            message = value["message"]
    
        screen = None  # type: ignore[assignment]
        if "screen" in value:
            screen = value["screen"]
    
        stacktrace = None
        st_value = value.get("stackTrace") or value.get("stacktrace")
        if st_value:
            if isinstance(st_value, str):
                stacktrace = st_value.split("\n")
            else:
                stacktrace = []
                try:
                    for frame in st_value:
                        line = frame.get("lineNumber", "")
                        file = frame.get("fileName", "<anonymous>")
                        if line:
                            file = f"{file}:{line}"
                        meth = frame.get("methodName", "<anonymous>")
                        if "className" in frame:
                            meth = f"{frame['className']}.{meth}"
                        msg = "    at %s (%s)"
                        msg = msg % (meth, file)
                        stacktrace.append(msg)
                except TypeError:
                    pass
        if exception_class == UnexpectedAlertPresentException:
            alert_text = None
            if "data" in value:
                alert_text = value["data"].get("text")
            elif "alert" in value:
                alert_text = value["alert"].get("text")
            raise exception_class(message, screen, stacktrace, alert_text)  # type: ignore[call-arg]  # mypy is not smart enough here
>       raise exception_class(message, screen, stacktrace)
E       selenium.common.exceptions.JavascriptException: Message: javascript error: message is not defined
E         (Session info: chrome=146.0.7680.164)
E       Stacktrace:
E       #0 0x556cc98c1a6a <unknown>
E       #1 0x556cc92d0ab5 <unknown>
E       #2 0x556cc92d792b <unknown>
E       #3 0x556cc92da4ab <unknown>
E       #4 0x556cc936c8d9 <unknown>
E       #5 0x556cc936b7b6 <unknown>
E       #6 0x556cc9316cbf <unknown>
E       #7 0x556cc9317a81 <unknown>
E       #8 0x556cc9887a64 <unknown>
E       #9 0x556cc988a951 <unknown>
E       #10 0x556cc987421e <unknown>
E       #11 0x556cc988b51e <unknown>
E       #12 0x556cc985abe0 <unknown>
E       #13 0x556cc98ae9b8 <unknown>
E       #14 0x556cc98aeb88 <unknown>
E       #15 0x556cc98c04de <unknown>
E       #16 0x7f083589caa4 <unknown>
E       #17 0x7f0835929c6c <unknown>

.venv-package/lib/python3.12/site-packages/selenium/webdriver/remote/errorhandler.py:232: JavascriptException
------------------------------ Captured log setup ------------------------------
DEBUG    selenium.webdriver.common.selenium_manager:selenium_manager.py:112 Selenium Manager binary found at: /home/runner/work/encommon/encommon/main/.venv-package/lib/python3.12/site-packages/selenium/webdriver/common/linux/selenium-manager
DEBUG    selenium.webdriver.common.selenium_manager:selenium_manager.py:127 Executing process: /home/runner/work/encommon/encommon/main/.venv-package/lib/python3.12/site-packages/selenium/webdriver/common/linux/selenium-manager --browser chrome --language-binding python --output json
DEBUG    selenium.webdriver.common.selenium_manager:selenium_manager.py:153 Driver path: /usr/bin/chromedriver
DEBUG    selenium.webdriver.common.selenium_manager:selenium_manager.py:153 Browser path: /usr/bin/google-chrome
DEBUG    selenium.webdriver.common.service:service.py:232 Started executable: `/usr/bin/chromedriver` in a child process with pid: 3343 using 0 to output -3
DEBUG    selenium.webdriver.remote.remote_connection:remote_connection.py:406 POST http://localhost:47567/session {'capabilities': {'firstMatch': [{}], 'alwaysMatch': {'browserName': 'chrome', 'pageLoadStrategy': <PageLoadStrategy.normal: 'normal'>, 'browserVersion': None, 'goog:chromeOptions': {'extensions': [], 'binary': '/usr/bin/google-chrome', 'args': ['--headless']}}}}
DEBUG    urllib3.connectionpool:connectionpool.py:241 Starting new HTTP connection (1): localhost:47567
DEBUG    urllib3.connectionpool:connectionpool.py:544 http://localhost:47567 "POST /session HTTP/1.1" 200 0
DEBUG    selenium.webdriver.remote.remote_connection:remote_connection.py:439 Remote response: status=200 | data={"value":{"capabilities":{"acceptInsecureCerts":false,"browserName":"chrome","browserVersion":"146.0.7680.164","chrome":{"chromedriverVersion":"146.0.7680.165 (4b989da09e15a7dc0de0785cb5ff232aadae3f0f-refs/branch-heads/7680@{#2932})","userDataDir":"/tmp/org.chromium.Chromium.scoped_dir.Lpr50G"},"fedcm:accounts":true,"goog:chromeOptions":{"debuggerAddress":"localhost:45905"},"goog:processID":3355,"networkConnectionEnabled":false,"pageLoadStrategy":"normal","platformName":"linux","proxy":{},"setWindowRect":true,"strictFileInteractability":false,"timeouts":{"implicit":0,"pageLoad":300000,"script":30000},"unhandledPromptBehavior":"dismiss and notify","webauthn:extension:credBlob":true,"webauthn:extension:largeBlob":true,"webauthn:extension:minPinLength":true,"webauthn:extension:prf":true,"webauthn:virtualAuthenticators":true},"sessionId":"c2547e10fc0dbd5c88ec7fb304d49749"}} | headers=HTTPHeaderDict({'Content-Length': '882', 'Content-Type': 'application/json; charset=utf-8', 'cache-control': 'no-cache'})
DEBUG    selenium.webdriver.remote.remote_connection:remote_connection.py:468 Finished Request
------------------------------ Captured log call -------------------------------
DEBUG    selenium.webdriver.remote.remote_connection:remote_connection.py:406 POST http://localhost:47567/session/c2547e10fc0dbd5c88ec7fb304d49749/url {'url': '\n        data:text/html;\n        charset=utf-8,\n        <html>\n          <head>\n            <script>...'}
DEBUG    urllib3.connectionpool:connectionpool.py:544 http://localhost:47567 "POST /session/c2547e10fc0dbd5c88ec7fb304d49749/url HTTP/1.1" 200 0
DEBUG    selenium.webdriver.remote.remote_connection:remote_connection.py:439 Remote response: status=200 | data={"value":null} | headers=HTTPHeaderDict({'Content-Length': '14', 'Content-Type': 'application/json; charset=utf-8', 'cache-control': 'no-cache'})
DEBUG    selenium.webdriver.remote.remote_connection:remote_connection.py:468 Finished Request
DEBUG    selenium.webdriver.remote.remote_connection:remote_connection.py:406 POST http://localhost:47567/session/c2547e10fc0dbd5c88ec7fb304d49749/execute/sync {'script': 'let element = message(...arguments);return element[0].outerHTML;', 'args': ['information', 'This is the message']}
DEBUG    urllib3.connectionpool:connectionpool.py:544 http://localhost:47567 "POST /session/c2547e10fc0dbd5c88ec7fb304d49749/execute/sync HTTP/1.1" 500 0
DEBUG    selenium.webdriver.remote.remote_connection:remote_connection.py:439 Remote response: status=500 | data={"value":{"error":"javascript error","message":"javascript error: message is not defined\n  (Session info: chrome=146.0.7680.164)","stacktrace":"#0 0x556cc98c1a6a \u003Cunknown>\n#1 0x556cc92d0ab5 \u003Cunknown>\n#2 0x556cc92d792b \u003Cunknown>\n#3 0x556cc92da4ab \u003Cunknown>\n#4 0x556cc936c8d9 \u003Cunknown>\n#5 0x556cc936b7b6 \u003Cunknown>\n#6 0x556cc9316cbf \u003Cunknown>\n#7 0x556cc9317a81 \u003Cunknown>\n#8 0x556cc9887a64 \u003Cunknown>\n#9 0x556cc988a951 \u003Cunknown>\n#10 0x556cc987421e \u003Cunknown>\n#11 0x556cc988b51e \u003Cunknown>\n#12 0x556cc985abe0 \u003Cunknown>\n#13 0x556cc98ae9b8 \u003Cunknown>\n#14 0x556cc98aeb88 \u003Cunknown>\n#15 0x556cc98c04de \u003Cunknown>\n#16 0x7f083589caa4 \u003Cunknown>\n#17 0x7f0835929c6c \u003Cunknown>\n"}} | headers=HTTPHeaderDict({'Content-Length': '768', 'Content-Type': 'application/json; charset=utf-8', 'cache-control': 'no-cache'})
DEBUG    selenium.webdriver.remote.remote_connection:remote_connection.py:468 Finished Request
---------------------------- Captured log teardown -----------------------------
DEBUG    selenium.webdriver.remote.remote_connection:remote_connection.py:406 DELETE http://localhost:47567/session/c2547e10fc0dbd5c88ec7fb304d49749 {}
DEBUG    urllib3.connectionpool:connectionpool.py:544 http://localhost:47567 "DELETE /session/c2547e10fc0dbd5c88ec7fb304d49749 HTTP/1.1" 200 0
DEBUG    selenium.webdriver.remote.remote_connection:remote_connection.py:439 Remote response: status=200 | data={"value":null} | headers=HTTPHeaderDict({'Content-Length': '14', 'Content-Type': 'application/json; charset=utf-8', 'cache-control': 'no-cache'})
DEBUG    selenium.webdriver.remote.remote_connection:remote_connection.py:468 Finished Request
________________________________ test_duration _________________________________
[gw3] linux -- Python 3.12.13 /home/runner/work/encommon/encommon/main/.venv-package/bin/python3

content = <encommon.webkit.content.Content object at 0x7f5cec893260>
driver = <selenium.webdriver.chrome.webdriver.WebDriver (session="5560dfc438ac9a48f6b19f8aafea60c8")>

    def test_duration(
        content: 'Content',
        driver: WebDriver,
    ) -> None:
        """
        Perform various tests associated with relevant routines.
    
        :param content: Primary class instance for the content.
        :param driver: Selenium driver provided by the library.
        """
    
    
        driver.get(
            f"""
            data:text/html;
            charset=utf-8,
            <html>
              <head>
                <script>
            {content.scripts('default')}
            {content.scripts('helpers')}
            {content.scripts('duration')}
                </script>
              </head>
              <body></body>
            </html>
            """)
    
    
>       outcome = _executejs(
            driver,
            'let element ='
[...]
#7 0x55973fd23a81 <unknown>
#8 0x559740293a64 <unknown>
#9 0x559740296951 <unknown>
#10 0x55974028021e <unknown>
#11 0x55974029751e <unknown>
#12 0x559740266be0 <unknown>
#13 0x5597402ba9b8 <unknown>
#14 0x5597402bab88 <unknown>
#15 0x5597402cc4de <unknown>
#16 0x7f2fde09caa4 <unknown>
#17 0x7f2fde129c6c <unknown>
FAILED encommon/webkit/test/test_numeric.py::test_numeric - selenium.common.exceptions.JavascriptException: Message: javascript error: numeric is not defined
  (Session info: chrome=146.0.7680.164)
Stacktrace:
#0 0x55fa348baa6a <unknown>
#1 0x55fa342c9ab5 <unknown>
#2 0x55fa342d092b <unknown>
#3 0x55fa342d34ab <unknown>
#4 0x55fa343658d9 <unknown>
#5 0x55fa343647b6 <unknown>
#6 0x55fa3430fcbf <unknown>
#7 0x55fa34310a81 <unknown>
#8 0x55fa34880a64 <unknown>
#9 0x55fa34883951 <unknown>
#10 0x55fa3486d21e <unknown>
#11 0x55fa3488451e <unknown>
#12 0x55fa34853be0 <unknown>
#13 0x55fa348a79b8 <unknown>
#14 0x55fa348a7b88 <unknown>
#15 0x55fa348b94de <unknown>
#16 0x7f6e7429caa4 <unknown>
#17 0x7f6e74329c6c <unknown>
FAILED encommon/webkit/test/test_helpers.py::test_helpers_istrue - selenium.common.exceptions.JavascriptException: Message: javascript error: istrue is not defined
  (Session info: chrome=146.0.7680.164)
Stacktrace:
#0 0x562c7f261a6a <unknown>
#1 0x562c7ec70ab5 <unknown>
#2 0x562c7ec7792b <unknown>
#3 0x562c7ec7a4ab <unknown>
#4 0x562c7ed0c8d9 <unknown>
#5 0x562c7ed0b7b6 <unknown>
#6 0x562c7ecb6cbf <unknown>
#7 0x562c7ecb7a81 <unknown>
#8 0x562c7f227a64 <unknown>
#9 0x562c7f22a951 <unknown>
#10 0x562c7f21421e <unknown>
#11 0x562c7f22b51e <unknown>
#12 0x562c7f1fabe0 <unknown>
#13 0x562c7f24e9b8 <unknown>
#14 0x562c7f24eb88 <unknown>
#15 0x562c7f2604de <unknown>
#16 0x7fb12689caa4 <unknown>
#17 0x7fb126929c6c <unknown>
FAILED encommon/webkit/test/test_helpers.py::test_helpers_loads - selenium.common.exceptions.JavascriptException: Message: javascript error: loads is not defined
  (Session info: chrome=146.0.7680.164)
Stacktrace:
#0 0x562033c33a6a <unknown>
#1 0x562033642ab5 <unknown>
#2 0x56203364992b <unknown>
#3 0x56203364c4ab <unknown>
#4 0x5620336de8d9 <unknown>
#5 0x5620336dd7b6 <unknown>
#6 0x562033688cbf <unknown>
#7 0x562033689a81 <unknown>
#8 0x562033bf9a64 <unknown>
#9 0x562033bfc951 <unknown>
#10 0x562033be621e <unknown>
#11 0x562033bfd51e <unknown>
#12 0x562033bccbe0 <unknown>
#13 0x562033c209b8 <unknown>
#14 0x562033c20b88 <unknown>
#15 0x562033c324de <unknown>
#16 0x7fc35b69caa4 <unknown>
#17 0x7fc35b729c6c <unknown>
FAILED encommon/webkit/test/test_helpers.py::test_helpers_isempty - selenium.common.exceptions.JavascriptException: Message: javascript error: isempty is not defined
  (Session info: chrome=146.0.7680.164)
Stacktrace:
#0 0x563fe3a72a6a <unknown>
#1 0x563fe3481ab5 <unknown>
#2 0x563fe348892b <unknown>
#3 0x563fe348b4ab <unknown>
#4 0x563fe351d8d9 <unknown>
#5 0x563fe351c7b6 <unknown>
#6 0x563fe34c7cbf <unknown>
#7 0x563fe34c8a81 <unknown>
#8 0x563fe3a38a64 <unknown>
#9 0x563fe3a3b951 <unknown>
#10 0x563fe3a2521e <unknown>
#11 0x563fe3a3c51e <unknown>
#12 0x563fe3a0bbe0 <unknown>
#13 0x563fe3a5f9b8 <unknown>
#14 0x563fe3a5fb88 <unknown>
#15 0x563fe3a714de <unknown>
#16 0x7f6ac2c9caa4 <unknown>
#17 0x7f6ac2d29c6c <unknown>
FAILED encommon/webkit/test/test_helpers.py::test_helpers_whenready - selenium.common.exceptions.JavascriptException: Message: javascript error: whenready is not defined
  (Session info: chrome=146.0.7680.164)
Stacktrace:
#0 0x56350dc3ba6a <unknown>
#1 0x56350d64aab5 <unknown>
#2 0x56350d65192b <unknown>
#3 0x56350d6544ab <unknown>
#4 0x56350d6e68d9 <unknown>
#5 0x56350d6e57b6 <unknown>
#6 0x56350d690cbf <unknown>
#7 0x56350d691a81 <unknown>
#8 0x56350dc01a64 <unknown>
#9 0x56350dc04951 <unknown>
#10 0x56350dbee21e <unknown>
#11 0x56350dc0551e <unknown>
#12 0x56350dbd4be0 <unknown>
#13 0x56350dc289b8 <unknown>
#14 0x56350dc28b88 <unknown>
#15 0x56350dc3a4de <unknown>
#16 0x7faae009caa4 <unknown>
#17 0x7faae0129c6c <unknown>
FAILED encommon/webkit/test/test_tagues.py::test_tagues - selenium.common.exceptions.JavascriptException: Message: javascript error: tagues is not defined
  (Session info: chrome=146.0.7680.164)
Stacktrace:
#0 0x5569b7b19a6a <unknown>
#1 0x5569b7528ab5 <unknown>
#2 0x5569b752f92b <unknown>
#3 0x5569b75324ab <unknown>
#4 0x5569b75c48d9 <unknown>
#5 0x5569b75c37b6 <unknown>
#6 0x5569b756ecbf <unknown>
#7 0x5569b756fa81 <unknown>
#8 0x5569b7adfa64 <unknown>
#9 0x5569b7ae2951 <unknown>
#10 0x5569b7acc21e <unknown>
#11 0x5569b7ae351e <unknown>
#12 0x5569b7ab2be0 <unknown>
#13 0x5569b7b069b8 <unknown>
#14 0x5569b7b06b88 <unknown>
#15 0x5569b7b184de <unknown>
#16 0x7f243769caa4 <unknown>
#17 0x7f2437729c6c <unknown>
FAILED encommon/webkit/test/test_helpers.py::test_helpers_dumps - selenium.common.exceptions.JavascriptException: Message: javascript error: dumps is not defined
  (Session info: chrome=146.0.7680.164)
Stacktrace:
#0 0x563e88172a6a <unknown>
#1 0x563e87b81ab5 <unknown>
#2 0x563e87b8892b <unknown>
#3 0x563e87b8b4ab <unknown>
#4 0x563e87c1d8d9 <unknown>
#5 0x563e87c1c7b6 <unknown>
#6 0x563e87bc7cbf <unknown>
#7 0x563e87bc8a81 <unknown>
#8 0x563e88138a64 <unknown>
#9 0x563e8813b951 <unknown>
#10 0x563e8812521e <unknown>
#11 0x563e8813c51e <unknown>
#12 0x563e8810bbe0 <unknown>
#13 0x563e8815f9b8 <unknown>
#14 0x563e8815fb88 <unknown>
#15 0x563e881714de <unknown>
#16 0x7f827be9caa4 <unknown>
#17 0x7f827bf29c6c <unknown>
FAILED encommon/webkit/test/test_helpers.py::test_helpers_isnum - selenium.common.exceptions.JavascriptException: Message: javascript error: isnum is not defined
  (Session info: chrome=146.0.7680.164)
Stacktrace:
#0 0x55a3aa36ea6a <unknown>
#1 0x55a3a9d7dab5 <unknown>
#2 0x55a3a9d8492b <unknown>
#3 0x55a3a9d874ab <unknown>
#4 0x55a3a9e198d9 <unknown>
#5 0x55a3a9e187b6 <unknown>
#6 0x55a3a9dc3cbf <unknown>
#7 0x55a3a9dc4a81 <unknown>
#8 0x55a3aa334a64 <unknown>
#9 0x55a3aa337951 <unknown>
#10 0x55a3aa32121e <unknown>
#11 0x55a3aa33851e <unknown>
#12 0x55a3aa307be0 <unknown>
#13 0x55a3aa35b9b8 <unknown>
#14 0x55a3aa35bb88 <unknown>
#15 0x55a3aa36d4de <unknown>
#16 0x7eff9fa9caa4 <unknown>
#17 0x7eff9fb29c6c <unknown>
FAILED encommon/webkit/test/test_color.py::test_colordiv - selenium.common.exceptions.JavascriptException: Message: javascript error: colordiv is not defined
  (Session info: chrome=146.0.7680.164)
Stacktrace:
#0 0x55b68c3eea6a <unknown>
#1 0x55b68bdfdab5 <unknown>
#2 0x55b68be0492b <unknown>
#3 0x55b68be074ab <unknown>
#4 0x55b68be998d9 <unknown>
#5 0x55b68be987b6 <unknown>
#6 0x55b68be43cbf <unknown>
#7 0x55b68be44a81 <unknown>
#8 0x55b68c3b4a64 <unknown>
#9 0x55b68c3b7951 <unknown>
#10 0x55b68c3a121e <unknown>
#11 0x55b68c3b851e <unknown>
#12 0x55b68c387be0 <unknown>
#13 0x55b68c3db9b8 <unknown>
#14 0x55b68c3dbb88 <unknown>
#15 0x55b68c3ed4de <unknown>
#16 0x7f5503a9caa4 <unknown>
#17 0x7f5503b29c6c <unknown>
FAILED encommon/webkit/test/test_helpers.py::test_helpers_isdict - selenium.common.exceptions.JavascriptException: Message: javascript error: isdict is not defined
  (Session info: chrome=146.0.7680.164)
Stacktrace:
#0 0x56331ea42a6a <unknown>
#1 0x56331e451ab5 <unknown>
#2 0x56331e45892b <unknown>
#3 0x56331e45b4ab <unknown>
#4 0x56331e4ed8d9 <unknown>
#5 0x56331e4ec7b6 <unknown>
#6 0x56331e497cbf <unknown>
#7 0x56331e498a81 <unknown>
#8 0x56331ea08a64 <unknown>
#9 0x56331ea0b951 <unknown>
#10 0x56331e9f521e <unknown>
#11 0x56331ea0c51e <unknown>
#12 0x56331e9dbbe0 <unknown>
#13 0x56331ea2f9b8 <unknown>
#14 0x56331ea2fb88 <unknown>
#15 0x56331ea414de <unknown>
#16 0x7fba1a49caa4 <unknown>
#17 0x7fba1a529c6c <unknown>
FAILED encommon/webkit/test/test_helpers.py::test_helpers_isbool - selenium.common.exceptions.JavascriptException: Message: javascript error: isbool is not defined
  (Session info: chrome=146.0.7680.164)
Stacktrace:
#0 0x564b50169a6a <unknown>
#1 0x564b4fb78ab5 <unknown>
#2 0x564b4fb7f92b <unknown>
#3 0x564b4fb824ab <unknown>
#4 0x564b4fc148d9 <unknown>
#5 0x564b4fc137b6 <unknown>
#6 0x564b4fbbecbf <unknown>
#7 0x564b4fbbfa81 <unknown>
#8 0x564b5012fa64 <unknown>
#9 0x564b50132951 <unknown>
#10 0x564b5011c21e <unknown>
#11 0x564b5013351e <unknown>
#12 0x564b50102be0 <unknown>
#13 0x564b501569b8 <unknown>
#14 0x564b50156b88 <unknown>
#15 0x564b501684de <unknown>
#16 0x7f063869caa4 <unknown>
#17 0x7f0638729c6c <unknown>
FAILED encommon/webkit/test/test_helpers.py::test_helpers_isfalse - selenium.common.exceptions.JavascriptException: Message: javascript error: isfalse is not defined
  (Session info: chrome=146.0.7680.164)
Stacktrace:
#0 0x556409e32a6a <unknown>
#1 0x556409841ab5 <unknown>
#2 0x55640984892b <unknown>
#3 0x55640984b4ab <unknown>
#4 0x5564098dd8d9 <unknown>
#5 0x5564098dc7b6 <unknown>
#6 0x556409887cbf <unknown>
#7 0x556409888a81 <unknown>
#8 0x556409df8a64 <unknown>
#9 0x556409dfb951 <unknown>
#10 0x556409de521e <unknown>
#11 0x556409dfc51e <unknown>
#12 0x556409dcbbe0 <unknown>
#13 0x556409e1f9b8 <unknown>
#14 0x556409e1fb88 <unknown>
#15 0x556409e314de <unknown>
#16 0x7f2395a9caa4 <unknown>
#17 0x7f2395b29c6c <unknown>
FAILED encommon/webkit/test/test_helpers.py::test_helpers_isstr - selenium.common.exceptions.JavascriptException: Message: javascript error: isstr is not defined
  (Session info: chrome=146.0.7680.164)
Stacktrace:
#0 0x5644e7d57a6a <unknown>
#1 0x5644e7766ab5 <unknown>
#2 0x5644e776d92b <unknown>
#3 0x5644e77704ab <unknown>
#4 0x5644e78028d9 <unknown>
#5 0x5644e78017b6 <unknown>
#6 0x5644e77accbf <unknown>
#7 0x5644e77ada81 <unknown>
#8 0x5644e7d1da64 <unknown>
#9 0x5644e7d20951 <unknown>
#10 0x5644e7d0a21e <unknown>
#11 0x5644e7d2151e <unknown>
#12 0x5644e7cf0be0 <unknown>
#13 0x5644e7d449b8 <unknown>
#14 0x5644e7d44b88 <unknown>
#15 0x5644e7d564de <unknown>
#16 0x7f992c69caa4 <unknown>
#17 0x7f992c729c6c <unknown>
FAILED encommon/webkit/test/test_default.py::test_default_attr - selenium.common.exceptions.JavascriptException: Message: javascript error: $ is not defined
  (Session info: chrome=146.0.7680.164)
Stacktrace:
#0 0x560a6c81ca6a <unknown>
#1 0x560a6c22bab5 <unknown>
#2 0x560a6c23292b <unknown>
#3 0x560a6c2354ab <unknown>
#4 0x560a6c2c78d9 <unknown>
#5 0x560a6c2c67b6 <unknown>
#6 0x560a6c271cbf <unknown>
#7 0x560a6c272a81 <unknown>
#8 0x560a6c7e2a64 <unknown>
#9 0x560a6c7e5951 <unknown>
#10 0x560a6c7cf21e <unknown>
#11 0x560a6c7e651e <unknown>
#12 0x560a6c7b5be0 <unknown>
#13 0x560a6c8099b8 <unknown>
#14 0x560a6c809b88 <unknown>
#15 0x560a6c81b4de <unknown>
#16 0x7f1685a9caa4 <unknown>
#17 0x7f1685b29c6c <unknown>
FAILED encommon/webkit/test/test_default.py::test_default_content - selenium.common.exceptions.JavascriptException: Message: javascript error: $ is not defined
  (Session info: chrome=146.0.7680.164)
Stacktrace:
#0 0x55f1e11d8a6a <unknown>
#1 0x55f1e0be7ab5 <unknown>
#2 0x55f1e0bee92b <unknown>
#3 0x55f1e0bf14ab <unknown>
#4 0x55f1e0c838d9 <unknown>
#5 0x55f1e0c827b6 <unknown>
#6 0x55f1e0c2dcbf <unknown>
#7 0x55f1e0c2ea81 <unknown>
#8 0x55f1e119ea64 <unknown>
#9 0x55f1e11a1951 <unknown>
#10 0x55f1e118b21e <unknown>
#11 0x55f1e11a251e <unknown>
#12 0x55f1e1171be0 <unknown>
#13 0x55f1e11c59b8 <unknown>
#14 0x55f1e11c5b88 <unknown>
#15 0x55f1e11d74de <unknown>
#16 0x7fd2d8a9caa4 <unknown>
#17 0x7fd2d8b29c6c <unknown>
FAILED encommon/webkit/test/test_helpers.py::test_helpers_isquery - selenium.common.exceptions.JavascriptException: Message: javascript error: $ is not defined
  (Session info: chrome=146.0.7680.164)
Stacktrace:
#0 0x5581840a4a6a <unknown>
#1 0x558183ab3ab5 <unknown>
#2 0x558183aba92b <unknown>
#3 0x558183abd4ab <unknown>
#4 0x558183b4f8d9 <unknown>
#5 0x558183b4e7b6 <unknown>
#6 0x558183af9cbf <unknown>
#7 0x558183afaa81 <unknown>
#8 0x55818406aa64 <unknown>
#9 0x55818406d951 <unknown>
#10 0x55818405721e <unknown>
#11 0x55818406e51e <unknown>
#12 0x55818403dbe0 <unknown>
#13 0x5581840919b8 <unknown>
#14 0x558184091b88 <unknown>
#15 0x5581840a34de <unknown>
#16 0x7f12fc09caa4 <unknown>
#17 0x7f12fc129c6c <unknown>
FAILED encommon/webkit/test/test_helpers.py::test_helpers_isnull - selenium.common.exceptions.JavascriptException: Message: javascript error: isnull is not defined
  (Session info: chrome=146.0.7680.164)
Stacktrace:
#0 0x55c5e5dada6a <unknown>
#1 0x55c5e57bcab5 <unknown>
#2 0x55c5e57c392b <unknown>
#3 0x55c5e57c64ab <unknown>
#4 0x55c5e58588d9 <unknown>
#5 0x55c5e58577b6 <unknown>
#6 0x55c5e5802cbf <unknown>
#7 0x55c5e5803a81 <unknown>
#8 0x55c5e5d73a64 <unknown>
#9 0x55c5e5d76951 <unknown>
#10 0x55c5e5d6021e <unknown>
#11 0x55c5e5d7751e <unknown>
#12 0x55c5e5d46be0 <unknown>
#13 0x55c5e5d9a9b8 <unknown>
#14 0x55c5e5d9ab88 <unknown>
#15 0x55c5e5dac4de <unknown>
#16 0x7f543749caa4 <unknown>
#17 0x7f5437529c6c <unknown>
FAILED encommon/webkit/test/test_default.py::test_default_append - selenium.common.exceptions.JavascriptException: Message: javascript error: $ is not defined
  (Session info: chrome=146.0.7680.164)
Stacktrace:
#0 0x559d38ddea6a <unknown>
#1 0x559d387edab5 <unknown>
#2 0x559d387f492b <unknown>
#3 0x559d387f74ab <unknown>
#4 0x559d388898d9 <unknown>
#5 0x559d388887b6 <unknown>
#6 0x559d38833cbf <unknown>
#7 0x559d38834a81 <unknown>
#8 0x559d38da4a64 <unknown>
#9 0x559d38da7951 <unknown>
#10 0x559d38d9121e <unknown>
#11 0x559d38da851e <unknown>
#12 0x559d38d77be0 <unknown>
#13 0x559d38dcb9b8 <unknown>
#14 0x559d38dcbb88 <unknown>
#15 0x559d38ddd4de <unknown>
#16 0x7f013289caa4 <unknown>
#17 0x7f0132929c6c <unknown>
FAILED encommon/webkit/test/test_default.py::test_default_showhide - selenium.common.exceptions.JavascriptException: Message: javascript error: $ is not defined
  (Session info: chrome=146.0.7680.164)
Stacktrace:
#0 0x55c50b337a6a <unknown>
#1 0x55c50ad46ab5 <unknown>
#2 0x55c50ad4d92b <unknown>
#3 0x55c50ad504ab <unknown>
#4 0x55c50ade28d9 <unknown>
#5 0x55c50ade17b6 <unknown>
#6 0x55c50ad8ccbf <unknown>
#7 0x55c50ad8da81 <unknown>
#8 0x55c50b2fda64 <unknown>
#9 0x55c50b300951 <unknown>
#10 0x55c50b2ea21e <unknown>
#11 0x55c50b30151e <unknown>
#12 0x55c50b2d0be0 <unknown>
#13 0x55c50b3249b8 <unknown>
#14 0x55c50b324b88 <unknown>
#15 0x55c50b3364de <unknown>
#16 0x7f530049caa4 <unknown>
#17 0x7f5300529c6c <unknown>
FAILED encommon/webkit/test/test_helpers.py::test_helpers_istime - selenium.common.exceptions.JavascriptException: Message: javascript error: istime is not defined
  (Session info: chrome=146.0.7680.164)
Stacktrace:
#0 0x55bf0050fa6a <unknown>
#1 0x55befff1eab5 <unknown>
#2 0x55befff2592b <unknown>
#3 0x55befff284ab <unknown>
#4 0x55befffba8d9 <unknown>
#5 0x55befffb97b6 <unknown>
#6 0x55befff64cbf <unknown>
#7 0x55befff65a81 <unknown>
#8 0x55bf004d5a64 <unknown>
#9 0x55bf004d8951 <unknown>
#10 0x55bf004c221e <unknown>
#11 0x55bf004d951e <unknown>
#12 0x55bf004a8be0 <unknown>
#13 0x55bf004fc9b8 <unknown>
#14 0x55bf004fcb88 <unknown>
#15 0x55bf0050e4de <unknown>
#16 0x7fe8cc69caa4 <unknown>
#17 0x7fe8cc729c6c <unknown>
FAILED encommon/webkit/test/test_default.py::test_default_replace - selenium.common.exceptions.JavascriptException: Message: javascript error: $ is not defined
  (Session info: chrome=146.0.7680.164)
Stacktrace:
#0 0x5634ad192a6a <unknown>
#1 0x5634acba1ab5 <unknown>
#2 0x5634acba892b <unknown>
#3 0x5634acbab4ab <unknown>
#4 0x5634acc3d8d9 <unknown>
#5 0x5634acc3c7b6 <unknown>
#6 0x5634acbe7cbf <unknown>
#7 0x5634acbe8a81 <unknown>
#8 0x5634ad158a64 <unknown>
#9 0x5634ad15b951 <unknown>
#10 0x5634ad14521e <unknown>
#11 0x5634ad15c51e <unknown>
#12 0x5634ad12bbe0 <unknown>
#13 0x5634ad17f9b8 <unknown>
#14 0x5634ad17fb88 <unknown>
#15 0x5634ad1914de <unknown>
#16 0x7f665169caa4 <unknown>
#17 0x7f6651729c6c <unknown>
FAILED encommon/webkit/test/test_default.py::test_default_prop - selenium.common.exceptions.JavascriptException: Message: javascript error: $ is not defined
  (Session info: chrome=146.0.7680.164)
Stacktrace:
#0 0x55f489aeca6a <unknown>
#1 0x55f4894fbab5 <unknown>
#2 0x55f48950292b <unknown>
#3 0x55f4895054ab <unknown>
#4 0x55f4895978d9 <unknown>
#5 0x55f4895967b6 <unknown>
#6 0x55f489541cbf <unknown>
#7 0x55f489542a81 <unknown>
#8 0x55f489ab2a64 <unknown>
#9 0x55f489ab5951 <unknown>
#10 0x55f489a9f21e <unknown>
#11 0x55f489ab651e <unknown>
#12 0x55f489a85be0 <unknown>
#13 0x55f489ad99b8 <unknown>
#14 0x55f489ad9b88 <unknown>
#15 0x55f489aeb4de <unknown>
#16 0x7faec1a9caa4 <unknown>
#17 0x7faec1b29c6c <unknown>
FAILED encommon/webkit/test/test_default.py::test_default_styles - selenium.common.exceptions.JavascriptException: Message: javascript error: $ is not defined
  (Session info: chrome=146.0.7680.164)
Stacktrace:
#0 0x55675733da6a <unknown>
#1 0x556756d4cab5 <unknown>
#2 0x556756d5392b <unknown>
#3 0x556756d564ab <unknown>
#4 0x556756de88d9 <unknown>
#5 0x556756de77b6 <unknown>
#6 0x556756d92cbf <unknown>
#7 0x556756d93a81 <unknown>
#8 0x556757303a64 <unknown>
#9 0x556757306951 <unknown>
#10 0x5567572f021e <unknown>
#11 0x55675730751e <unknown>
#12 0x5567572d6be0 <unknown>
#13 0x55675732a9b8 <unknown>
#14 0x55675732ab88 <unknown>
#15 0x55675733c4de <unknown>
#16 0x7f983e49caa4 <unknown>
#17 0x7f983e529c6c <unknown>
FAILED encommon/webkit/test/test_helpers.py::test_helpers_islist - selenium.common.exceptions.JavascriptException: Message: javascript error: islist is not defined
  (Session info: chrome=146.0.7680.164)
Stacktrace:
#0 0x562dc06c8a6a <unknown>
#1 0x562dc00d7ab5 <unknown>
#2 0x562dc00de92b <unknown>
#3 0x562dc00e14ab <unknown>
#4 0x562dc01738d9 <unknown>
#5 0x562dc01727b6 <unknown>
#6 0x562dc011dcbf <unknown>
#7 0x562dc011ea81 <unknown>
#8 0x562dc068ea64 <unknown>
#9 0x562dc0691951 <unknown>
#10 0x562dc067b21e <unknown>
#11 0x562dc069251e <unknown>
#12 0x562dc0661be0 <unknown>
#13 0x562dc06b59b8 <unknown>
#14 0x562dc06b5b88 <unknown>
#15 0x562dc06c74de <unknown>
#16 0x7f5c4109caa4 <unknown>
#17 0x7f5c41129c6c <unknown>
FAILED encommon/webkit/test/test_default.py::test_default_create - selenium.common.exceptions.JavascriptException: Message: javascript error: $ is not defined
  (Session info: chrome=146.0.7680.164)
Stacktrace:
#0 0x55f3132b1a6a <unknown>
#1 0x55f312cc0ab5 <unknown>
#2 0x55f312cc792b <unknown>
#3 0x55f312cca4ab <unknown>
#4 0x55f312d5c8d9 <unknown>
#5 0x55f312d5b7b6 <unknown>
#6 0x55f312d06cbf <unknown>
#7 0x55f312d07a81 <unknown>
#8 0x55f313277a64 <unknown>
#9 0x55f31327a951 <unknown>
#10 0x55f31326421e <unknown>
#11 0x55f31327b51e <unknown>
#12 0x55f31324abe0 <unknown>
#13 0x55f31329e9b8 <unknown>
#14 0x55f31329eb88 <unknown>
#15 0x55f3132b04de <unknown>
#16 0x7fcb64a9caa4 <unknown>
#17 0x7fcb64b29c6c <unknown>
FAILED encommon/webkit/test/test_default.py::test_default_remClass - selenium.common.exceptions.JavascriptException: Message: javascript error: $ is not defined
  (Session info: chrome=146.0.7680.164)
Stacktrace:
#0 0x559a6cec1a6a <unknown>
#1 0x559a6c8d0ab5 <unknown>
#2 0x559a6c8d792b <unknown>
#3 0x559a6c8da4ab <unknown>
#4 0x559a6c96c8d9 <unknown>
#5 0x559a6c96b7b6 <unknown>
#6 0x559a6c916cbf <unknown>
#7 0x559a6c917a81 <unknown>
#8 0x559a6ce87a64 <unknown>
#9 0x559a6ce8a951 <unknown>
#10 0x559a6ce7421e <unknown>
#11 0x559a6ce8b51e <unknown>
#12 0x559a6ce5abe0 <unknown>
#13 0x559a6ceae9b8 <unknown>
#14 0x559a6ceaeb88 <unknown>
#15 0x559a6cec04de <unknown>
#16 0x7f30ee09caa4 <unknown>
#17 0x7f30ee129c6c <unknown>
FAILED encommon/webkit/test/test_default.py::test_default_addClass - selenium.common.exceptions.JavascriptException: Message: javascript error: $ is not defined
  (Session info: chrome=146.0.7680.164)
Stacktrace:
#0 0x55a25b4aca6a <unknown>
#1 0x55a25aebbab5 <unknown>
#2 0x55a25aec292b <unknown>
#3 0x55a25aec54ab <unknown>
#4 0x55a25af578d9 <unknown>
#5 0x55a25af567b6 <unknown>
#6 0x55a25af01cbf <unknown>
#7 0x55a25af02a81 <unknown>
#8 0x55a25b472a64 <unknown>
#9 0x55a25b475951 <unknown>
#10 0x55a25b45f21e <unknown>
#11 0x55a25b47651e <unknown>
#12 0x55a25b445be0 <unknown>
#13 0x55a25b4999b8 <unknown>
#14 0x55a25b499b88 <unknown>
#15 0x55a25b4ab4de <unknown>
#16 0x7ff9b389caa4 <unknown>
#17 0x7ff9b3929c6c <unknown>
======================= 38 failed, 269 passed in 28.82s ========================
