>>> make pytest
  ● Executing pytest in encommon..
============================= test session starts ==============================
platform linux -- Python 3.12.13, pytest-9.0.3, pluggy-1.6.0 -- /home/runner/work/encommon/encommon/main/.venv-package/bin/python3
cachedir: .pytest_cache
metadata: {'Python': '3.12.13', 'Platform': 'Linux-6.17.0-1008-azure-x86_64-with-glibc2.39', 'Packages': {'pytest': '9.0.3', 'pluggy': '1.6.0'}, 'Plugins': {'metadata': '3.1.1', 'randomly': '4.0.1', 'variables': '3.1.0', 'clarity': '1.0.1', 'cov': '7.1.0', 'xdist': '3.8.0', 'html': '4.2.0', 'base-url': '2.1.0', 'selenium': '4.1.0', 'sphinx': '0.7.1', 'mypy': '1.0.1'}, 'CI': 'true', 'JAVA_HOME': '/usr/lib/jvm/temurin-17-jdk-amd64', 'Base URL': '', 'Driver': None, 'Capabilities': {}}
Using --randomly-seed=85266349
sensitiveurl: .*
rootdir: /home/runner/work/encommon/encommon/main
configfile: pyproject.toml
plugins: metadata-3.1.1, randomly-4.0.1, variables-3.1.0, clarity-1.0.1, cov-7.1.0, xdist-3.8.0, html-4.2.0, base-url-2.1.0, selenium-4.1.0, sphinx-0.7.1, mypy-1.0.1
created: 4/4 workers
4 workers [307 items]

scheduling tests via LoadScheduling

encommon/webkit/test/test_content.py::test_Content 
encommon/times/test/test_params.py::test_WindowParams 
encommon/times/test/test_window.py::test_window_croniter[* * * * *-3559-False-expect4] 
encommon/times/test/test_window.py::test_Window_cover 
[gw3] [  0%] PASSED encommon/webkit/test/test_content.py::test_Content 
encommon/times/test/test_duration.py::test_Duration_cover 
[gw3] [  0%] PASSED encommon/times/test/test_duration.py::test_Duration_cover 
encommon/times/test/test_duration.py::test_Duration_iterate 
[gw3] [  0%] PASSED encommon/times/test/test_duration.py::test_Duration_iterate 
encommon/times/test/test_duration.py::test_Duration 
[gw3] [  1%] PASSED encommon/times/test/test_duration.py::test_Duration 
encommon/crypts/test/test_crypts.py::test_Crypts_raises 
[gw2] [  1%] PASSED encommon/times/test/test_window.py::test_window_croniter[* * * * *-3559-False-expect4] 
encommon/times/test/test_window.py::test_window_croniter[* * * * *-1-True-expect3] 
[gw3] [  1%] PASSED encommon/crypts/test/test_crypts.py::test_Crypts_raises 
[gw2] [  2%] PASSED encommon/times/test/test_window.py::test_window_croniter[* * * * *-1-True-expect3] 
encommon/crypts/test/test_crypts.py::test_Crypts_cover 
encommon/times/test/test_window.py::test_window_croniter[* * * * *-0-False-expect0] 
[gw3] [  2%] PASSED encommon/crypts/test/test_crypts.py::test_Crypts_cover 
[gw2] [  2%] PASSED encommon/times/test/test_window.py::test_window_croniter[* * * * *-0-False-expect0] 
encommon/crypts/test/test_crypts.py::test_Crypts_iterate[foo-default] 
[gw0] [  3%] PASSED encommon/times/test/test_params.py::test_WindowParams 
encommon/times/test/test_window.py::test_window_croniter[0 * * * *-3660-False-expect9] 
encommon/times/test/test_params.py::test_TimerParams 
[gw2] [  3%] PASSED encommon/times/test/test_window.py::test_window_croniter[0 * * * *-3660-False-expect9] 
[gw0] [  3%] PASSED encommon/times/test/test_params.py::test_TimerParams 
encommon/config/test/test_paths.py::test_ConfigPaths 
encommon/webkit/test/test_helpers.py::test_helpers_dumps 
[gw3] [  4%] PASSED encommon/crypts/test/test_crypts.py::test_Crypts_iterate[foo-default] 
encommon/crypts/test/test_crypts.py::test_Crypts_iterate[foo-secrets] 
[gw3] [  4%] PASSED encommon/crypts/test/test_crypts.py::test_Crypts_iterate[foo-secrets] 
encommon/crypts/test/test_crypts.py::test_Crypts 
[gw3] [  4%] PASSED encommon/crypts/test/test_crypts.py::test_Crypts 
encommon/parse/test/test_network.py::test_insubnet_ip 
[gw3] [  5%] PASSED encommon/parse/test/test_network.py::test_insubnet_ip 
encommon/parse/test/test_network.py::test_Network_ipv4 
[gw3] [  5%] PASSED encommon/parse/test/test_network.py::test_Network_ipv4 
encommon/parse/test/test_network.py::test_isvalid_ip 
[gw3] [  5%] PASSED encommon/parse/test/test_network.py::test_isvalid_ip 
encommon/parse/test/test_network.py::test_Network_ipv6 
[gw3] [  6%] PASSED encommon/parse/test/test_network.py::test_Network_ipv6 
encommon/parse/test/test_network.py::test_Network 
[gw3] [  6%] PASSED encommon/parse/test/test_network.py::test_Network 
encommon/utils/test/test_match.py::test_rgxp_match 
[gw2] [  6%] PASSED encommon/config/test/test_paths.py::test_ConfigPaths 
[gw3] [  7%] PASSED encommon/utils/test/test_match.py::test_rgxp_match 
encommon/config/test/test_paths.py::test_ConfigPaths_cover 
encommon/utils/test/test_match.py::test_fuzz_match 
[gw3] [  7%] PASSED encommon/utils/test/test_match.py::test_fuzz_match 
encommon/webkit/test/test_default.py::test_default_addClass 
[gw2] [  7%] PASSED encommon/config/test/test_paths.py::test_ConfigPaths_cover 
encommon/config/test/test_paths.py::test_ConfigPath 
[gw2] [  8%] PASSED encommon/config/test/test_paths.py::test_ConfigPath 
encommon/utils/test/test_sample.py::test_read_sample 
[gw2] [  8%] PASSED encommon/utils/test/test_sample.py::test_read_sample 
encommon/utils/test/test_sample.py::test_prep_sample 
[gw2] [  8%] PASSED encommon/utils/test/test_sample.py::test_prep_sample 
encommon/utils/test/test_sample.py::test_rvrt_sample 
[gw2] [  9%] PASSED encommon/utils/test/test_sample.py::test_rvrt_sample 
encommon/utils/test/test_sample.py::test_load_sample 
[gw2] [  9%] PASSED encommon/utils/test/test_sample.py::test_load_sample 
encommon/types/test/test_funcs.py::test_funcname 
[gw2] [  9%] PASSED encommon/types/test/test_funcs.py::test_funcname 
encommon/utils/test/test_stdout.py::test_print_ansi 
[gw2] [ 10%] PASSED encommon/utils/test/test_stdout.py::test_print_ansi 
encommon/utils/test/test_stdout.py::test_kvpair_ansi 
[gw2] [ 10%] PASSED encommon/utils/test/test_stdout.py::test_kvpair_ansi 
encommon/utils/test/test_stdout.py::test_make_ansi 
[gw2] [ 10%] PASSED encommon/utils/test/test_stdout.py::test_make_ansi 
encommon/utils/test/test_stdout.py::test_array_ansi_cover 
[gw2] [ 11%] PASSED encommon/utils/test/test_stdout.py::test_array_ansi_cover 
encommon/utils/test/test_stdout.py::test_array_ansi 
[gw2] [ 11%] PASSED encommon/utils/test/test_stdout.py::test_array_ansi 
encommon/utils/test/test_stdout.py::test_strip_ansi 
[gw2] [ 11%] PASSED encommon/utils/test/test_stdout.py::test_strip_ansi 
encommon/webkit/test/test_content.py::test_Content_cover 
[gw2] [ 12%] PASSED encommon/webkit/test/test_content.py::test_Content_cover 
encommon/colors/test/test_color.py::test_Color_xyz[ffffff-expect1] 
[gw2] [ 12%] PASSED encommon/colors/test/test_color.py::test_Color_xyz[ffffff-expect1] 
encommon/colors/test/test_color.py::test_Color_hsl[ff00ff-expect9] 
[gw2] [ 12%] PASSED encommon/colors/test/test_color.py::test_Color_hsl[ff00ff-expect9] 
encommon/colors/test/test_color.py::test_Color_rgb[00ffff-expect8] 
[gw2] [ 13%] PASSED encommon/colors/test/test_color.py::test_Color_rgb[00ffff-expect8] 
encommon/colors/test/test_color.py::test_Color_hsl[00ffff-expect8] 
[gw2] [ 13%] PASSED encommon/colors/test/test_color.py::test_Color_hsl[00ffff-expect8] 
encommon/colors/test/test_color.py::test_Color_xyz[ff0000-expect3] 
[gw2] [ 13%] PASSED encommon/colors/test/test_color.py::test_Color_xyz[ff0000-expect3] 
encommon/colors/test/test_color.py::test_Color_xyz[0000ff-expect5] 
[gw2] [ 14%] PASSED encommon/colors/test/test_color.py::test_Color_xyz[0000ff-expect5] 
encommon/colors/test/test_color.py::test_Color_xy[ff00ff-expect9] 
[gw2] [ 14%] PASSED encommon/colors/test/test_color.py::test_Color_xy[ff00ff-expect9] 
encommon/colors/test/test_color.py::test_Color_cover 
[gw2] [ 14%] PASSED encommon/colors/test/test_color.py::test_Color_cover 
encommon/colors/test/test_color.py::test_Color_xy[00ffff-expect8] 
[gw2] [ 14%] PASSED encommon/colors/test/test_color.py::test_Color_xy[00ffff-expect8] 
encommon/colors/test/test_color.py::test_Color_xyz[ffff00-expect7] 
[gw2] [ 15%] PASSED encommon/colors/test/test_color.py::test_Color_xyz[ffff00-expect7] 
encommon/colors/test/test_color.py::test_Color_xyz[808080-expect6] 
[gw2] [ 15%] PASSED encommon/colors/test/test_color.py::test_Color_xyz[808080-expect6] 
encommon/colors/test/test_color.py::test_Color_rgb[ff00cc-expect0] 
[gw2] [ 15%] PASSED encommon/colors/test/test_color.py::test_Color_rgb[ff00cc-expect0] 
encommon/colors/test/test_color.py::test_Color_hsl[ff00cc-expect0] 
[gw2] [ 16%] PASSED encommon/colors/test/test_color.py::test_Color_hsl[ff00cc-expect0] 
encommon/colors/test/test_color.py::test_Color_xy[ffff00-expect7] 
[gw2] [ 16%] PASSED encommon/colors/test/test_color.py::test_Color_xy[ffff00-expect7] 
encommon/colors/test/test_color.py::test_Color_xyz[00ffff-expect8] 
[gw2] [ 16%] PASSED encommon/colors/test/test_color.py::test_Color_xyz[00ffff-expect8] 
encommon/colors/test/test_color.py::test_Color_rgb[000000-expect2] 
[gw2] [ 17%] PASSED encommon/colors/test/test_color.py::test_Color_rgb[000000-expect2] 
encommon/colors/test/test_color.py::test_Color_xy[ff0000-expect3] 
[gw2] [ 17%] PASSED encommon/colors/test/test_color.py::test_Color_xy[ff0000-expect3] 
encommon/colors/test/test_color.py::test_Color_xy[0000ff-expect5] 
[gw2] [ 17%] PASSED encommon/colors/test/test_color.py::test_Color_xy[0000ff-expect5] 
encommon/colors/test/test_color.py::test_Color_rgb[ffffff-expect1] 
[gw2] [ 18%] PASSED encommon/colors/test/test_color.py::test_Color_rgb[ffffff-expect1] 
encommon/colors/test/test_color.py::test_Color_hsl[000000-expect2] 
[gw2] [ 18%] PASSED encommon/colors/test/test_color.py::test_Color_hsl[000000-expect2] 
encommon/colors/test/test_color.py::test_Color_hsl[ffffff-expect1] 
[gw2] [ 18%] PASSED encommon/colors/test/test_color.py::test_Color_hsl[ffffff-expect1] 
encommon/colors/test/test_color.py::test_Color_xyz[ff00ff-expect9] 
[gw2] [ 19%] PASSED encommon/colors/test/test_color.py::test_Color_xyz[ff00ff-expect9] 
encommon/colors/test/test_color.py::test_Color_xy[800080-expect10] 
[gw2] [ 19%] PASSED encommon/colors/test/test_color.py::test_Color_xy[800080-expect10] 
encommon/colors/test/test_color.py::test_Color_xy[808080-expect6] 
[gw2] [ 19%] PASSED encommon/colors/test/test_color.py::test_Color_xy[808080-expect6] 
encommon/colors/test/test_color.py::test_Color_hsl[00ff00-expect4] 
[gw2] [ 20%] PASSED encommon/colors/test/test_color.py::test_Color_hsl[00ff00-expect4] 
encommon/colors/test/test_color.py::test_Color_rgb[00ff00-expect4] 
[gw2] [ 20%] PASSED encommon/colors/test/test_color.py::test_Color_rgb[00ff00-expect4] 
encommon/colors/test/test_color.py::test_Color_hsl[80007F-expect10] 
[gw2] [ 20%] PASSED encommon/colors/test/test_color.py::test_Color_hsl[80007F-expect10] 
encommon/colors/test/test_color.py::test_Color_xy[00ff00-expect4] 
[gw2] [ 21%] PASSED encommon/colors/test/test_color.py::test_Color_xy[00ff00-expect4] 
encommon/colors/test/test_color.py::test_Color_hsl[808080-expect6] 
[gw2] [ 21%] PASSED encommon/colors/test/test_color.py::test_Color_hsl[808080-expect6] 
encommon/colors/test/test_color.py::test_Color_xyz[ff00cc-expect0] 
[gw2] [ 21%] PASSED encommon/colors/test/test_color.py::test_Color_xyz[ff00cc-expect0] 
encommon/colors/test/test_color.py::test_Color_rgb[808080-expect6] 
[gw2] [ 22%] PASSED encommon/colors/test/test_color.py::test_Color_rgb[808080-expect6] 
encommon/colors/test/test_color.py::test_Color_rgb[ffff00-expect7] 
[gw2] [ 22%] PASSED encommon/colors/test/test_color.py::test_Color_rgb[ffff00-expect7] 
encommon/colors/test/test_color.py::test_Color_hsl[ffff00-expect7] 
[gw2] [ 22%] PASSED encommon/colors/test/test_color.py::test_Color_hsl[ffff00-expect7] 
encommon/colors/test/test_color.py::test_Color_hsl[0000ff-expect5] 
[gw2] [ 23%] PASSED encommon/colors/test/test_color.py::test_Color_hsl[0000ff-expect5] 
encommon/colors/test/test_color.py::test_Color_hsl[ff0000-expect3] 
[gw2] [ 23%] PASSED encommon/colors/test/test_color.py::test_Color_hsl[ff0000-expect3] 
encommon/colors/test/test_color.py::test_Color_rgb[800080-expect10] 
[gw2] [ 23%] PASSED encommon/colors/test/test_color.py::test_Color_rgb[800080-expect10] 
encommon/colors/test/test_color.py::test_Color_rgb[0000ff-expect5] 
[gw2] [ 24%] PASSED encommon/colors/test/test_color.py::test_Color_rgb[0000ff-expect5] 
encommon/colors/test/test_color.py::test_Color_xy[ffffff-expect1] 
[gw2] [ 24%] PASSED encommon/colors/test/test_color.py::test_Color_xy[ffffff-expect1] 
encommon/colors/test/test_color.py::test_Color_rgb[ff0000-expect3] 
[gw2] [ 24%] PASSED encommon/colors/test/test_color.py::test_Color_rgb[ff0000-expect3] 
encommon/colors/test/test_color.py::test_Color_xy[000000-expect2] 
[gw2] [ 25%] PASSED encommon/colors/test/test_color.py::test_Color_xy[000000-expect2] 
encommon/colors/test/test_color.py::test_Color 
[gw2] [ 25%] PASSED encommon/colors/test/test_color.py::test_Color 
encommon/times/test/test_parse.py::test_shift_time[+1y@s-expect2] 
[gw2] [ 25%] PASSED encommon/times/test/test_parse.py::test_shift_time[+1y@s-expect2] 
encommon/times/test/test_parse.py::test_shift_time[-1y@s-1h-expect5] 
[gw2] [ 26%] PASSED encommon/times/test/test_parse.py::test_shift_time[-1y@s-1h-expect5] 
encommon/times/test/test_parse.py::test_parse_time 
[gw2] [ 26%] PASSED encommon/times/test/test_parse.py::test_parse_time 
encommon/times/test/test_parse.py::test_shift_time[+1w@h+1w-expect16] 
[gw2] [ 26%] PASSED encommon/times/test/test_parse.py::test_shift_time[+1w@h+1w-expect16] 
encommon/times/test/test_parse.py::test_since_time 
[gw2] [ 27%] PASSED encommon/times/test/test_parse.py::test_since_time 
encommon/times/test/test_parse.py::test_shift_time[-1mon@m-expect9] 
[gw2] [ 27%] PASSED encommon/times/test/test_parse.py::test_shift_time[-1mon@m-expect9] 
encommon/times/test/test_parse.py::test_shift_time[+1d-expect18] 
[gw2] [ 27%] PASSED encommon/times/test/test_parse.py::test_shift_time[+1d-expect18] 
encommon/times/test/test_parse.py::test_shift_time[-1w-expect13] 
[gw2] [ 28%] PASSED encommon/times/test/test_parse.py::test_shift_time[-1w-expect13] 
encommon/times/test/test_parse.py::test_shift_time[-1mon-expect7] 
[gw2] [ 28%] PASSED encommon/times/test/test_parse.py::test_shift_time[-1mon-expect7] 
encommon/times/test/test_parse.py::test_shift_time[+1y@s+1h-expect4] 
[gw2] [ 28%] PASSED encommon/times/test/test_parse.py::test_shift_time[+1y@s+1h-expect4] 
encommon/times/test/test_parse.py::test_shift_time[+1mon@m-expect8] 
[gw2] [ 28%] PASSED encommon/times/test/test_parse.py::test_shift_time[+1mon@m-expect8] 
encommon/times/test/test_parse.py::test_shift_time[+1y-expect0] 
[gw2] [ 29%] PASSED encommon/times/test/test_parse.py::test_shift_time[+1y-expect0] 
encommon/times/test/test_parse.py::test_shift_time[-1d-expect19] 
[gw2] [ 29%] PASSED encommon/times/test/test_parse.py::test_shift_time[-1d-expect19] 
encommon/times/test/test_parse.py::test_shift_time[+1w@h-expect14] 
[gw2] [ 29%] PASSED encommon/times/test/test_parse.py::test_shift_time[+1w@h-expect14] 
encommon/times/test/test_parse.py::test_shift_time[-1d@d-30d-expect23] 
[gw2] [ 30%] PASSED encommon/times/test/test_parse.py::test_shift_time[-1d@d-30d-expect23] 
encommon/times/test/test_parse.py::test_shift_time[-1w@h-1w-expect17] 
[gw2] [ 30%] PASSED encommon/times/test/test_parse.py::test_shift_time[-1w@h-1w-expect17] 
encommon/times/test/test_parse.py::test_shift_time[-1y-expect1] 
[gw2] [ 30%] PASSED encommon/times/test/test_parse.py::test_shift_time[-1y-expect1] 
encommon/times/test/test_parse.py::test_shift_time[-1mon@m-1mon-expect11] 
[gw2] [ 31%] PASSED encommon/times/test/test_parse.py::test_shift_time[-1mon@m-1mon-expect11] 
encommon/times/test/test_parse.py::test_shift_time[-1w@h-expect15] 
[gw2] [ 31%] PASSED encommon/times/test/test_parse.py::test_shift_time[-1w@h-expect15] 
encommon/times/test/test_parse.py::test_shift_time[+1mon-expect6] 
[gw2] [ 31%] PASSED encommon/times/test/test_parse.py::test_shift_time[+1mon-expect6] 
encommon/times/test/test_parse.py::test_shift_time[-1d@d-expect21] 
[gw2] [ 32%] PASSED encommon/times/test/test_parse.py::test_shift_time[-1d@d-expect21] 
encommon/times/test/test_parse.py::test_string_time 
[gw2] [ 32%] PASSED encommon/times/test/test_parse.py::test_string_time 
encommon/times/test/test_parse.py::test_shift_time[+1mon@m+1mon-expect10] 
[gw2] [ 32%] PASSED encommon/times/test/test_parse.py::test_shift_time[+1mon@m+1mon-expect10] 
encommon/times/test/test_parse.py::test_shift_time[-1y@s-expect3] 
[gw2] [ 33%] PASSED encommon/times/test/test_parse.py::test_shift_time[-1y@s-expect3] 
encommon/times/test/test_parse.py::test_shift_time[+1d@d+30d-expect22] 
[gw2] [ 33%] PASSED encommon/times/test/test_parse.py::test_shift_time[+1d@d+30d-expect22] 
encommon/times/test/test_parse.py::test_shift_time[+1d@d-expect20] 
[gw2] [ 33%] PASSED encommon/times/test/test_parse.py::test_shift_time[+1d@d-expect20] 
encommon/times/test/test_parse.py::test_shift_time[+1w-expect12] 
[gw2] [ 34%] PASSED encommon/times/test/test_parse.py::test_shift_time[+1w-expect12] 
encommon/utils/test/test_files.py::test_readsave_text 
[gw2] [ 34%] PASSED encommon/utils/test/test_files.py::test_readsave_text 
encommon/utils/test/test_files.py::test_append_text 
[gw2] [ 34%] PASSED encommon/utils/test/test_files.py::test_append_text 
encommon/crypts/test/test_hashes.py::test_Hashes 
[gw2] [ 35%] PASSED encommon/crypts/test/test_hashes.py::test_Hashes 
encommon/types/test/test_classes.py::test_clsname 
[gw2] [ 35%] PASSED encommon/types/test/test_classes.py::test_clsname 
encommon/types/test/test_classes.py::test_lattrs 
[gw2] [ 35%] PASSED encommon/types/test/test_classes.py::test_lattrs 
encommon/types/test/test_classes.py::test_BaseModel 
[gw2] [ 36%] PASSED encommon/types/test/test_classes.py::test_BaseModel 
encommon/types/test/test_lists.py::test_inlist 
[gw2] [ 36%] PASSED encommon/types/test/test_lists.py::test_inlist 
encommon/types/test/test_lists.py::test_fuzzy_list 
[gw2] [ 36%] PASSED encommon/types/test/test_lists.py::test_fuzzy_list 
encommon/types/test/test_lists.py::test_dedup_list 
[gw2] [ 37%] PASSED encommon/types/test/test_lists.py::test_dedup_list 
encommon/times/test/test_timers.py::test_Timers 
[gw2] [ 37%] PASSED encommon/times/test/test_timers.py::test_Timers 
encommon/times/test/test_timers.py::test_Timers_cover 
[gw2] [ 37%] PASSED encommon/times/test/test_timers.py::test_Timers_cover 
encommon/times/test/test_timers.py::test_Timers_raises 
[gw2] [ 38%] PASSED encommon/times/test/test_timers.py::test_Timers_raises 
encommon/parse/test/test_jinja2.py::test_Jinja2_parse[{{ "1" | float }}-1.0] 
[gw2] [ 38%] PASSED encommon/parse/test/test_jinja2.py::test_Jinja2_parse[{{ "1" | float }}-1.0] 
encommon/parse/test/test_jinja2.py::test_Jinja2_recurse 
[gw2] [ 38%] PASSED encommon/parse/test/test_jinja2.py::test_Jinja2_recurse 
encommon/parse/test/test_jinja2.py::test_Jinja2_parse[-01--01] 
[gw2] [ 39%] PASSED encommon/parse/test/test_jinja2.py::test_Jinja2_parse[-01--01] 
encommon/parse/test/test_jinja2.py::test_Jinja2_parse[01-01] 
[gw2] [ 39%] PASSED encommon/parse/test/test_jinja2.py::test_Jinja2_parse[01-01] 
encommon/parse/test/test_jinja2.py::test_Jinja2_parse[value14-expect14] 
[gw2] [ 39%] PASSED encommon/parse/test/test_jinja2.py::test_Jinja2_parse[value14-expect14] 
encommon/parse/test/test_jinja2.py::test_Jinja2_cover 
[gw2] [ 40%] PASSED encommon/parse/test/test_jinja2.py::test_Jinja2_cover 
encommon/parse/test/test_jinja2.py::test_Jinja2_parse[{{ 1 }}-1] 
[gw2] [ 40%] PASSED encommon/parse/test/test_jinja2.py::test_Jinja2_parse[{{ 1 }}-1] 
encommon/parse/test/test_jinja2.py::test_Jinja2_parse[{{ "01" }}-01] 
[gw2] [ 40%] PASSED encommon/parse/test/test_jinja2.py::test_Jinja2_parse[{{ "01" }}-01] 
encommon/parse/test/test_jinja2.py::test_Jinja2_parse[10.001-10.001_0] 
[gw2] [ 41%] PASSED encommon/parse/test/test_jinja2.py::test_Jinja2_parse[10.001-10.001_0] 
encommon/parse/test/test_jinja2.py::test_Jinja2_parse[10.001-10.001_1] 
[gw2] [ 41%] PASSED encommon/parse/test/test_jinja2.py::test_Jinja2_parse[10.001-10.001_1] 
encommon/parse/test/test_jinja2.py::test_Jinja2_parse[{{ "1" | int }}-1] 
[gw2] [ 41%] PASSED encommon/parse/test/test_jinja2.py::test_Jinja2_parse[{{ "1" | int }}-1] 
encommon/parse/test/test_jinja2.py::test_Jinja2_parse[{{ "-01" }}--01] 
[gw2] [ 42%] PASSED encommon/parse/test/test_jinja2.py::test_Jinja2_parse[{{ "-01" }}--01] 
encommon/parse/test/test_jinja2.py::test_Jinja2_literal[{{ -1.2 }}--1.2] 
[gw2] [ 42%] PASSED encommon/parse/test/test_jinja2.py::test_Jinja2_literal[{{ -1.2 }}--1.2] 
encommon/parse/test/test_jinja2.py::test_Jinja2_parse[1-1] 
[gw2] [ 42%] PASSED encommon/parse/test/test_jinja2.py::test_Jinja2_parse[1-1] 
encommon/parse/test/test_jinja2.py::test_Jinja2_parse[{'a': 'b'}-expect5] 
[gw2] [ 42%] PASSED encommon/parse/test/test_jinja2.py::test_Jinja2_parse[{'a': 'b'}-expect5] 
encommon/parse/test/test_jinja2.py::test_Jinja2_parse[foo-foo] 
[gw2] [ 43%] PASSED encommon/parse/test/test_jinja2.py::test_Jinja2_parse[foo-foo] 
encommon/parse/test/test_jinja2.py::test_Jinja2_literal[{{ 123 }}-123] 
[gw2] [ 43%] PASSED encommon/parse/test/test_jinja2.py::test_Jinja2_literal[{{ 123 }}-123] 
encommon/parse/test/test_jinja2.py::test_Jinja2_literal[{{ none }}-None] 
[gw2] [ 43%] PASSED encommon/parse/test/test_jinja2.py::test_Jinja2_literal[{{ none }}-None] 
encommon/parse/test/test_jinja2.py::test_Jinja2_parse[100000-100000_0] 
[gw2] [ 44%] PASSED encommon/parse/test/test_jinja2.py::test_Jinja2_parse[100000-100000_0] 
encommon/parse/test/test_jinja2.py::test_Jinja2_literal[{{ 1.2 }}-1.2] 
[gw2] [ 44%] PASSED encommon/parse/test/test_jinja2.py::test_Jinja2_literal[{{ 1.2 }}-1.2] 
encommon/parse/test/test_jinja2.py::test_Jinja2_parse[100000-100000_1] 
[gw2] [ 44%] PASSED encommon/parse/test/test_jinja2.py::test_Jinja2_parse[100000-100000_1] 
encommon/parse/test/test_jinja2.py::test_Jinja2_parse[[1, 2]-expect15] 
[gw2] [ 45%] PASSED encommon/parse/test/test_jinja2.py::test_Jinja2_parse[[1, 2]-expect15] 
encommon/parse/test/test_jinja2.py::test_Jinja2 
[gw2] [ 45%] PASSED encommon/parse/test/test_jinja2.py::test_Jinja2 
encommon/parse/test/test_jinja2.py::test_Jinja2_parse[{{ 0 | Time }}-1970-01-01T00:00:00.000000+0000] 
[gw2] [ 45%] PASSED encommon/parse/test/test_jinja2.py::test_Jinja2_parse[{{ 0 | Time }}-1970-01-01T00:00:00.000000+0000] 
encommon/parse/test/test_jinja2.py::test_Jinja2_parse[1.0-1.0] 
[gw2] [ 46%] PASSED encommon/parse/test/test_jinja2.py::test_Jinja2_parse[1.0-1.0] 
encommon/parse/test/test_jinja2.py::test_Jinja2_parse[value4-expect4] 
[gw2] [ 46%] PASSED encommon/parse/test/test_jinja2.py::test_Jinja2_parse[value4-expect4] 
encommon/parse/test/test_jinja2.py::test_Jinja2_parse[1.0.0-1.0.0] 
[gw2] [ 46%] PASSED encommon/parse/test/test_jinja2.py::test_Jinja2_parse[1.0.0-1.0.0] 
encommon/webkit/test/test_message.py::test_message 
[gw1] [ 47%] PASSED encommon/times/test/test_window.py::test_Window_cover 
encommon/times/test/test_window.py::test_window_interval[window4-3559-False-expect4] 
[gw1] [ 47%] PASSED encommon/times/test/test_window.py::test_window_interval[window4-3559-False-expect4] 
encommon/times/test/test_window.py::test_window_croniter[* * * * *-3661-False-expect7] 
[gw1] [ 47%] PASSED encommon/times/test/test_window.py::test_window_croniter[* * * * *-3661-False-expect7] 
encommon/times/test/test_window.py::test_window_interval[window2-0-True-expect2] 
[gw1] [ 48%] PASSED encommon/times/test/test_window.py::test_window_interval[window2-0-True-expect2] 
encommon/times/test/test_window.py::test_window_croniter[* * * * *-3659-False-expect5] 
[gw1] [ 48%] PASSED encommon/times/test/test_window.py::test_window_croniter[* * * * *-3659-False-expect5] 
encommon/times/test/test_window.py::test_window_interval[window0-0-False-expect0] 
[gw1] [ 48%] PASSED encommon/times/test/test_window.py::test_window_interval[window0-0-False-expect0] 
encommon/times/test/test_window.py::test_window_interval[window5-3659-False-expect5] 
[gw1] [ 49%] PASSED encommon/times/test/test_window.py::test_window_interval[window5-3659-False-expect5] 
encommon/times/test/test_window.py::test_window_interval[window9-3660-False-expect9] 
[gw1] [ 49%] PASSED encommon/times/test/test_window.py::test_window_interval[window9-3660-False-expect9] 
encommon/times/test/test_window.py::test_window_croniter[* * * * *-1-False-expect1] 
[gw1] [ 49%] PASSED encommon/times/test/test_window.py::test_window_croniter[* * * * *-1-False-expect1] 
encommon/times/test/test_window.py::test_window_interval[window1-1-False-expect1] 
[gw1] [ 50%] PASSED encommon/times/test/test_window.py::test_window_interval[window1-1-False-expect1] 
encommon/times/test/test_window.py::test_window_croniter[* * * * *-0-True-expect2] 
[gw1] [ 50%] PASSED encommon/times/test/test_window.py::test_window_croniter[* * * * *-0-True-expect2] 
encommon/times/test/test_window.py::test_window_croniter[0 * * * *-3661-False-expect10] 
[gw1] [ 50%] PASSED encommon/times/test/test_window.py::test_window_croniter[0 * * * *-3661-False-expect10] 
encommon/times/test/test_window.py::test_window_croniter[0 * * * *-3559-False-expect8] 
[gw1] [ 51%] PASSED encommon/times/test/test_window.py::test_window_croniter[0 * * * *-3559-False-expect8] 
encommon/times/test/test_window.py::test_window_interval[window6-3660-False-expect6] 
[gw1] [ 51%] PASSED encommon/times/test/test_window.py::test_window_interval[window6-3660-False-expect6] 
encommon/times/test/test_window.py::test_window_croniter[* * * * *-3660-False-expect6] 
[gw1] [ 51%] PASSED encommon/times/test/test_window.py::test_window_croniter[* * * * *-3660-False-expect6] 
encommon/times/test/test_window.py::test_Window 
[gw1] [ 52%] PASSED encommon/times/test/test_window.py::test_Window 
encommon/times/test/test_window.py::test_window_interval[window7-3661-False-expect7] 
[gw1] [ 52%] PASSED encommon/times/test/test_window.py::test_window_interval[window7-3661-False-expect7] 
encommon/times/test/test_window.py::test_window_interval[window8-3559-False-expect8] 
[gw1] [ 52%] PASSED encommon/times/test/test_window.py::test_window_interval[window8-3559-False-expect8] 
encommon/times/test/test_window.py::test_window_interval[window10-3661-False-expect10] 
[gw1] [ 53%] PASSED encommon/times/test/test_window.py::test_window_interval[window10-3661-False-expect10] 
encommon/config/test/test_files.py::test_ConfigFile 
[gw1] [ 53%] PASSED encommon/config/test/test_files.py::test_ConfigFile 
encommon/config/test/test_files.py::test_ConfigFiles 
[gw1] [ 53%] PASSED encommon/config/test/test_files.py::test_ConfigFiles 
encommon/config/test/test_files.py::test_ConfigFiles_cover 
[gw1] [ 54%] PASSED encommon/config/test/test_files.py::test_ConfigFiles_cover 
encommon/webkit/test/test_datetime.py::test_datestamp 
[gw0] [ 54%] FAILED encommon/webkit/test/test_helpers.py::test_helpers_dumps 
[gw1] [ 54%] FAILED encommon/webkit/test/test_datetime.py::test_datestamp 
[gw2] [ 55%] FAILED encommon/webkit/test/test_message.py::test_message 
[gw3] [ 55%] FAILED encommon/webkit/test/test_default.py::test_default_addClass 
encommon/webkit/test/test_helpers.py::test_helpers_istrue 
encommon/colors/color.py::encommon.colors.color.Color 
[gw1] [ 55%] PASSED encommon/colors/color.py::encommon.colors.color.Color 
encommon/webkit/test/test_statate.py::test_statate 
encommon/config/config.py::encommon.config.config.Config 
[gw1] [ 56%] PASSED encommon/config/config.py::encommon.config.config.Config 
encommon/config/logger.py::encommon.config.logger.Message 
encommon/webkit/test/test_default.py::test_default_attr 
[gw1] [ 56%] PASSED encommon/config/logger.py::encommon.config.logger.Message 
encommon/config/logger.py::encommon.config.logger.Logger 
[gw1] [ 56%] PASSED encommon/config/logger.py::encommon.config.logger.Logger 
encommon/crypts/hashes.py::encommon.crypts.hashes.Hashes 
[gw1] [ 57%] PASSED encommon/crypts/hashes.py::encommon.crypts.hashes.Hashes 
encommon/crypts/crypts.py::encommon.crypts.crypts.Crypts 
[gw1] [ 57%] PASSED encommon/crypts/crypts.py::encommon.crypts.crypts.Crypts 
encommon/parse/jinja2.py::encommon.parse.jinja2.Jinja2 
[gw1] [ 57%] PASSED encommon/parse/jinja2.py::encommon.parse.jinja2.Jinja2 
encommon/times/parse.py::encommon.times.parse.since_time 
[gw1] [ 57%] PASSED encommon/times/parse.py::encommon.times.parse.since_time 
encommon/times/parse.py::encommon.times.parse.parse_time 
[gw1] [ 58%] PASSED encommon/times/parse.py::encommon.times.parse.parse_time 
encommon/times/duration.py::encommon.times.duration.Duration 
[gw1] [ 58%] PASSED encommon/times/duration.py::encommon.times.duration.Duration 
encommon/times/parse.py::encommon.times.parse.shift_time 
[gw1] [ 58%] PASSED encommon/times/parse.py::encommon.times.parse.shift_time 
encommon/times/parse.py::encommon.times.parse.string_time 
[gw1] [ 59%] PASSED encommon/times/parse.py::encommon.times.parse.string_time 
encommon/times/utils.py::encommon.times.utils.strptime 
[gw1] [ 59%] PASSED encommon/times/utils.py::encommon.times.utils.strptime 
encommon/times/utils.py::encommon.times.utils.utcdatetime 
[gw1] [ 59%] PASSED encommon/times/utils.py::encommon.times.utils.utcdatetime 
encommon/types/strings.py::encommon.types.strings.hasstr 
[gw1] [ 60%] PASSED encommon/types/strings.py::encommon.types.strings.hasstr 
encommon/types/empty.py::encommon.types.empty.EmptyType 
[gw1] [ 60%] PASSED encommon/types/empty.py::encommon.types.empty.EmptyType 
encommon/types/strings.py::encommon.types.strings.instr 
[gw1] [ 60%] PASSED encommon/types/strings.py::encommon.types.strings.instr 
encommon/types/lists.py::encommon.types.lists.inlist 
[gw1] [ 61%] PASSED encommon/types/lists.py::encommon.types.lists.inlist 
encommon/times/timer.py::encommon.times.timer.Timer 
[gw0] [ 61%] FAILED encommon/webkit/test/test_helpers.py::test_helpers_istrue 
[gw3] [ 61%] FAILED encommon/webkit/test/test_default.py::test_default_attr 
[gw2] [ 62%] FAILED encommon/webkit/test/test_statate.py::test_statate 
encommon/webkit/test/test_helpers.py::test_helpers_isempty 
encommon/webkit/test/test_default.py::test_default_replace 
encommon/webkit/test/test_moderate.py::test_moderate 
[gw1] [ 62%] PASSED encommon/times/timer.py::encommon.times.timer.Timer 
encommon/times/unitime.py::encommon.times.unitime.unitime 
[gw1] [ 62%] PASSED encommon/times/unitime.py::encommon.times.unitime.unitime 
encommon/types/lists.py::encommon.types.lists.fuzzy_list 
[gw1] [ 63%] PASSED encommon/types/lists.py::encommon.types.lists.fuzzy_list 
encommon/types/notate.py::encommon.types.notate.setate 
[gw1] [ 63%] PASSED encommon/types/notate.py::encommon.types.notate.setate 
encommon/types/lists.py::encommon.types.lists.dedup_list 
[gw1] [ 63%] PASSED encommon/types/lists.py::encommon.types.lists.dedup_list 
encommon/types/notate.py::encommon.types.notate.impate 
[gw1] [ 64%] PASSED encommon/types/notate.py::encommon.types.notate.impate 
encommon/types/dicts.py::encommon.types.dicts.sort_dict 
[gw1] [ 64%] PASSED encommon/types/dicts.py::encommon.types.dicts.sort_dict 
encommon/times/windows.py::encommon.times.windows.Windows 
[gw1] [ 64%] PASSED encommon/times/windows.py::encommon.times.windows.Windows 
encommon/types/strings.py::encommon.types.strings.inrepr 
[gw1] [ 65%] PASSED encommon/types/strings.py::encommon.types.strings.inrepr 
encommon/times/utils.py::encommon.times.utils.findtz 
[gw1] [ 65%] PASSED encommon/times/utils.py::encommon.times.utils.findtz 
encommon/types/notate.py::encommon.types.notate.expate 
[gw1] [ 65%] PASSED encommon/types/notate.py::encommon.types.notate.expate 
encommon/times/timers.py::encommon.times.timers.Timers 
[gw3] [ 66%] FAILED encommon/webkit/test/test_default.py::test_default_replace 
[gw0] [ 66%] FAILED encommon/webkit/test/test_helpers.py::test_helpers_isempty 
[gw2] [ 66%] FAILED encommon/webkit/test/test_moderate.py::test_moderate 
encommon/webkit/test/test_default.py::test_default_remClass 
encommon/webkit/test/test_helpers.py::test_helpers_isdict 
encommon/types/test/test_dicts.py::test_sort_dict 
[gw2] [ 67%] PASSED encommon/types/test/test_dicts.py::test_sort_dict 
encommon/types/test/test_dicts.py::test_merge_dicts 
[gw2] [ 67%] PASSED encommon/types/test/test_dicts.py::test_merge_dicts 
encommon/webkit/test/test_color.py::test_colordiv 
[gw1] [ 67%] PASSED encommon/times/timers.py::encommon.times.timers.Timers 
encommon/types/dicts.py::encommon.types.dicts.merge_dicts 
[gw1] [ 68%] PASSED encommon/types/dicts.py::encommon.types.dicts.merge_dicts 
encommon/types/strings.py::encommon.types.strings.rplstr 
[gw1] [ 68%] PASSED encommon/types/strings.py::encommon.types.strings.rplstr 
encommon/types/notate.py::encommon.types.notate.delate 
[gw1] [ 68%] PASSED encommon/types/notate.py::encommon.types.notate.delate 
encommon/times/time.py::encommon.times.time.Time 
[gw1] [ 69%] PASSED encommon/times/time.py::encommon.times.time.Time 
encommon/times/utils.py::encommon.times.utils.strftime 
[gw1] [ 69%] PASSED encommon/times/utils.py::encommon.times.utils.strftime 
encommon/utils/files.py::encommon.utils.files.save_text 
[gw1] [ 69%] PASSED encommon/utils/files.py::encommon.utils.files.save_text 
encommon/utils/stdout.py::encommon.utils.stdout.kvpair_ansi 
[gw1] [ 70%] PASSED encommon/utils/stdout.py::encommon.utils.stdout.kvpair_ansi 
encommon/utils/stdout.py::encommon.utils.stdout.array_ansi 
[gw1] [ 70%] PASSED encommon/utils/stdout.py::encommon.utils.stdout.array_ansi 
encommon/utils/paths.py::encommon.utils.paths.resolve_path 
[gw1] [ 70%] PASSED encommon/utils/paths.py::encommon.utils.paths.resolve_path 
encommon/utils/stdout.py::encommon.utils.stdout.make_ansi 
[gw1] [ 71%] PASSED encommon/utils/stdout.py::encommon.utils.stdout.make_ansi 
encommon/utils/match.py::encommon.utils.match.fuzz_match 
[gw1] [ 71%] PASSED encommon/utils/match.py::encommon.utils.match.fuzz_match 
encommon/utils/paths.py::encommon.utils.paths.stats_path 
[gw1] [ 71%] PASSED encommon/utils/paths.py::encommon.utils.paths.stats_path 
encommon/utils/files.py::encommon.utils.files.read_text 
[gw1] [ 71%] PASSED encommon/utils/files.py::encommon.utils.files.read_text 
encommon/utils/sample.py::encommon.utils.sample.prep_sample 
[gw1] [ 72%] PASSED encommon/utils/sample.py::encommon.utils.sample.prep_sample 
encommon/utils/match.py::encommon.utils.match.rgxp_match 
[gw1] [ 72%] PASSED encommon/utils/match.py::encommon.utils.match.rgxp_match 
encommon/utils/files.py::encommon.utils.files.append_text 
[gw1] [ 72%] PASSED encommon/utils/files.py::encommon.utils.files.append_text 
encommon/utils/stdout.py::encommon.utils.stdout.print_ansi 
[gw1] [ 73%] PASSED encommon/utils/stdout.py::encommon.utils.stdout.print_ansi 
encommon/config/test/test_config.py::test_Config_cover 
[gw1] [ 73%] PASSED encommon/config/test/test_config.py::test_Config_cover 
encommon/config/test/test_config.py::test_Config_jinja2 
[gw1] [ 73%] PASSED encommon/config/test/test_config.py::test_Config_jinja2 
encommon/config/test/test_config.py::test_Config 
[gw1] [ 74%] PASSED encommon/config/test/test_config.py::test_Config 
encommon/webkit/test/test_numeric.py::test_numeric 
[gw3] [ 74%] FAILED encommon/webkit/test/test_default.py::test_default_remClass 
[gw0] [ 74%] FAILED encommon/webkit/test/test_helpers.py::test_helpers_isdict 
encommon/webkit/test/test_default.py::test_default_append 
encommon/webkit/test/test_helpers.py::test_helpers_loads 
[gw2] [ 75%] FAILED encommon/webkit/test/test_color.py::test_colordiv 
encommon/types/notate.py::encommon.types.notate.getate 
[gw2] [ 75%] PASSED encommon/types/notate.py::encommon.types.notate.getate 
encommon/times/window.py::encommon.times.window.Window 
[gw2] [ 75%] PASSED encommon/times/window.py::encommon.times.window.Window 
encommon/types/strings.py::encommon.types.strings.strplwr 
[gw2] [ 76%] PASSED encommon/types/strings.py::encommon.types.strings.strplwr 
encommon/utils/sample.py::encommon.utils.sample.load_sample 
[gw2] [ 76%] PASSED encommon/utils/sample.py::encommon.utils.sample.load_sample 
encommon/utils/paths.py::encommon.utils.paths.resolve_paths 
[gw2] [ 76%] PASSED encommon/utils/paths.py::encommon.utils.paths.resolve_paths 
encommon/utils/stdout.py::encommon.utils.stdout.strip_ansi 
[gw2] [ 77%] PASSED encommon/utils/stdout.py::encommon.utils.stdout.strip_ansi 
encommon/webkit/test/test_numeric.py::test_numeric_count 
[gw1] [ 77%] FAILED encommon/webkit/test/test_numeric.py::test_numeric 
[gw3] [ 77%] FAILED encommon/webkit/test/test_default.py::test_default_append 
encommon/webkit/test/test_numeric.py::test_numeric_bytes 
[gw0] [ 78%] FAILED encommon/webkit/test/test_helpers.py::test_helpers_loads 
encommon/webkit/test/test_default.py::test_default_prop 
[gw2] [ 78%] FAILED encommon/webkit/test/test_numeric.py::test_numeric_count 
encommon/webkit/test/test_helpers.py::test_helpers_isnum 
encommon/webkit/test/test_duration.py::test_duration 
[gw1] [ 78%] FAILED encommon/webkit/test/test_numeric.py::test_numeric_bytes 
[gw3] [ 79%] FAILED encommon/webkit/test/test_default.py::test_default_prop 
[gw0] [ 79%] FAILED encommon/webkit/test/test_helpers.py::test_helpers_isnum 
encommon/times/test/test_utils.py::test_strptime 
encommon/webkit/test/test_default.py::test_default_showhide 
[gw1] [ 79%] PASSED encommon/times/test/test_utils.py::test_strptime 
encommon/times/test/test_utils.py::test_findtz_raises 
encommon/webkit/test/test_helpers.py::test_helpers_assert 
[gw2] [ 80%] FAILED encommon/webkit/test/test_duration.py::test_duration 
encommon/times/test/test_utils.py::test_findtz 
[gw2] [ 80%] PASSED encommon/times/test/test_utils.py::test_findtz 
encommon/times/test/test_utils.py::test_utcdatetime 
[gw2] [ 80%] PASSED encommon/times/test/test_utils.py::test_utcdatetime 
encommon/utils/test/test_paths.py::test_stats_path 
[gw2] [ 81%] PASSED encommon/utils/test/test_paths.py::test_stats_path 
encommon/utils/test/test_paths.py::test_resolve_paths 
[gw2] [ 81%] PASSED encommon/utils/test/test_paths.py::test_resolve_paths 
encommon/utils/test/test_paths.py::test_resolve_path 
[gw2] [ 81%] PASSED encommon/utils/test/test_paths.py::test_resolve_path 
encommon/config/test/test_utils.py::test_config_load 
[gw2] [ 82%] PASSED encommon/config/test/test_utils.py::test_config_load 
encommon/config/test/test_utils.py::test_config_path 
[gw2] [ 82%] PASSED encommon/config/test/test_utils.py::test_config_path 
encommon/config/test/test_utils.py::test_config_paths 
[gw2] [ 82%] PASSED encommon/config/test/test_utils.py::test_config_paths 
encommon/times/test/test_unitime.py::test_unitime 
[gw2] [ 83%] PASSED encommon/times/test/test_unitime.py::test_unitime 
encommon/webkit/test/test_image.py::test_image 
[gw3] [ 83%] FAILED encommon/webkit/test/test_default.py::test_default_showhide 
encommon/webkit/test/test_default.py::test_default_content 
[gw0] [ 83%] FAILED encommon/webkit/test/test_helpers.py::test_helpers_assert 
encommon/webkit/test/test_helpers.py::test_helpers_isfalse 
[gw2] [ 84%] FAILED encommon/webkit/test/test_image.py::test_image 
[gw1] [ 84%] PASSED encommon/times/test/test_utils.py::test_findtz_raises 
encommon/times/test/test_utils.py::test_strptime_raises 
encommon/config/test/test_logger.py::test_Logger 
[gw1] [ 84%] PASSED encommon/times/test/test_utils.py::test_strptime_raises 
[gw2] [ 85%] PASSED encommon/config/test/test_logger.py::test_Logger 
encommon/config/test/test_logger.py::test_Message 
encommon/types/test/test_notate.py::test_impate_cover 
[gw1] [ 85%] PASSED encommon/config/test/test_logger.py::test_Message 
encommon/config/test/test_logger.py::test_Logger_cover 
[gw2] [ 85%] PASSED encommon/types/test/test_notate.py::test_impate_cover 
encommon/types/test/test_notate.py::test_delate 
[gw2] [ 85%] PASSED encommon/types/test/test_notate.py::test_delate 
encommon/types/test/test_notate.py::test_getate_cover 
[gw1] [ 86%] PASSED encommon/config/test/test_logger.py::test_Logger_cover 
[gw2] [ 86%] PASSED encommon/types/test/test_notate.py::test_getate_cover 
encommon/types/test/test_notate.py::test_getate 
encommon/types/test/test_notate.py::test_setate_cover 
[gw2] [ 86%] PASSED encommon/types/test/test_notate.py::test_setate_cover 
encommon/types/test/test_notate.py::test_setate_raises 
[gw1] [ 87%] PASSED encommon/types/test/test_notate.py::test_getate 
[gw2] [ 87%] PASSED encommon/types/test/test_notate.py::test_setate_raises 
encommon/types/test/test_notate.py::test_impate_raises 
[gw1] [ 87%] PASSED encommon/types/test/test_notate.py::test_impate_raises 
encommon/types/test/test_notate.py::test_expate 
encommon/types/test/test_notate.py::test_setate 
[gw1] [ 88%] PASSED encommon/types/test/test_notate.py::test_setate 
encommon/types/test/test_notate.py::test_impate 
[gw1] [ 88%] PASSED encommon/types/test/test_notate.py::test_impate 
[gw2] [ 88%] PASSED encommon/types/test/test_notate.py::test_expate 
encommon/types/test/test_notate.py::test_expate_cover 
encommon/types/test/test_notate.py::test_delate_raises 
[gw2] [ 89%] PASSED encommon/types/test/test_notate.py::test_delate_raises 
encommon/times/test/test_time.py::test_Time 
[gw1] [ 89%] PASSED encommon/types/test/test_notate.py::test_expate_cover 
encommon/times/test/test_time.py::test_Time_tzname 
[gw1] [ 89%] PASSED encommon/times/test/test_time.py::test_Time_tzname 
encommon/types/test/test_strings.py::test_inrepr 
[gw1] [ 90%] PASSED encommon/types/test/test_strings.py::test_inrepr 
encommon/types/test/test_strings.py::test_strplwr 
[gw1] [ 90%] PASSED encommon/types/test/test_strings.py::test_strplwr 
encommon/types/test/test_strings.py::test_instr 
[gw1] [ 90%] PASSED encommon/types/test/test_strings.py::test_instr 
encommon/types/test/test_strings.py::test_hasstr 
[gw1] [ 91%] PASSED encommon/types/test/test_strings.py::test_hasstr 
encommon/times/test/test_windows.py::test_Windows 
[gw1] [ 91%] PASSED encommon/times/test/test_windows.py::test_Windows 
encommon/times/test/test_windows.py::test_Windows_raises 
[gw1] [ 91%] PASSED encommon/times/test/test_windows.py::test_Windows_raises 
encommon/times/test/test_windows.py::test_Windows_cover 
[gw3] [ 92%] FAILED encommon/webkit/test/test_default.py::test_default_content 
[gw0] [ 92%] FAILED encommon/webkit/test/test_helpers.py::test_helpers_isfalse 
encommon/webkit/test/test_default.py::test_default_styles 
encommon/webkit/test/test_helpers.py::test_helpers_isnode 
[gw2] [ 92%] PASSED encommon/times/test/test_time.py::test_Time 
encommon/types/test/test_strings.py::test_rplstr 
[gw2] [ 93%] PASSED encommon/types/test/test_strings.py::test_rplstr 
[gw3] [ 93%] FAILED encommon/webkit/test/test_default.py::test_default_styles 
[gw0] [ 93%] FAILED encommon/webkit/test/test_helpers.py::test_helpers_isnode 
encommon/webkit/test/test_default.py::test_default_create 
encommon/webkit/test/test_helpers.py::test_helpers_isquery 
[gw3] [ 94%] FAILED encommon/webkit/test/test_default.py::test_default_create 
[gw0] [ 94%] FAILED encommon/webkit/test/test_helpers.py::test_helpers_isquery 
encommon/types/test/test_empty.py::test_EmptyType 
[gw3] [ 94%] PASSED encommon/types/test/test_empty.py::test_EmptyType 
encommon/webkit/test/test_datagrid.py::test_datagrid 
encommon/webkit/test/test_helpers.py::test_helpers_istime 
[gw1] [ 95%] PASSED encommon/times/test/test_windows.py::test_Windows_cover 
encommon/times/test/test_timer.py::test_Timer 
[gw3] [ 95%] FAILED encommon/webkit/test/test_datagrid.py::test_datagrid 
[gw0] [ 95%] FAILED encommon/webkit/test/test_helpers.py::test_helpers_istime 
encommon/webkit/test/test_tagues.py::test_tagues 
encommon/webkit/test/test_helpers.py::test_helpers_whenready 
[gw1] [ 96%] PASSED encommon/times/test/test_timer.py::test_Timer 
[gw3] [ 96%] FAILED encommon/webkit/test/test_tagues.py::test_tagues 
[gw0] [ 96%] FAILED encommon/webkit/test/test_helpers.py::test_helpers_whenready 
encommon/colors/test/test_color.py::test_Color_xyz[00ff00-expect4] 
[gw3] [ 97%] PASSED encommon/colors/test/test_color.py::test_Color_xyz[00ff00-expect4] 
encommon/colors/test/test_color.py::test_Color_xy[ff00cc-expect0] 
[gw3] [ 97%] PASSED encommon/colors/test/test_color.py::test_Color_xy[ff00cc-expect0] 
encommon/colors/test/test_color.py::test_Color_xyz[800080-expect10] 
[gw3] [ 97%] PASSED encommon/colors/test/test_color.py::test_Color_xyz[800080-expect10] 
encommon/colors/test/test_color.py::test_Color_rgb[ff00ff-expect9] 
[gw3] [ 98%] PASSED encommon/colors/test/test_color.py::test_Color_rgb[ff00ff-expect9] 
encommon/colors/test/test_color.py::test_Color_xyz[000000-expect2] 
[gw3] [ 98%] PASSED encommon/colors/test/test_color.py::test_Color_xyz[000000-expect2] 
encommon/webkit/test/test_helpers.py::test_helpers_islist 
[gw0] [ 98%] FAILED encommon/webkit/test/test_helpers.py::test_helpers_islist 
encommon/webkit/test/test_helpers.py::test_helpers_isbool 
[gw0] [ 99%] FAILED encommon/webkit/test/test_helpers.py::test_helpers_isbool 
encommon/webkit/test/test_helpers.py::test_helpers_isstr 
[gw0] [ 99%] FAILED encommon/webkit/test/test_helpers.py::test_helpers_isstr 
encommon/webkit/test/test_helpers.py::test_helpers_isnull 
[gw0] [ 99%] FAILED encommon/webkit/test/test_helpers.py::test_helpers_isnull 
encommon/times/test/test_window.py::test_window_interval[window3-1-True-expect3] 
[gw0] [100%] PASSED encommon/times/test/test_window.py::test_window_interval[window3-1-True-expect3] 

=================================== FAILURES ===================================
______________________________ test_helpers_dumps ______________________________
[gw0] linux -- Python 3.12.13 /home/runner/work/encommon/encommon/main/.venv-package/bin/python3

prepare = (<encommon.webkit.content.Content object at 0x7f7ffdb859a0>, <selenium.webdriver.chrome.webdriver.WebDriver (session="c1051edc39dc7953c96ab5e561ad72b3")>)

    def test_helpers_dumps(
        prepare: tuple['Content', WebDriver],
    ) -> None:
        """
        Perform various tests associated with relevant routines.
    
        :param prepare: Driver and content loaded with scripts.
        """
    
        content, driver = prepare
    
        dumped = '{"foo":"bar"}'
    
>       outcome = _executejs(
            driver,
            'dumps({"foo": "bar"})')

encommon/webkit/test/test_helpers.py:378: 
_ _ _ _ _ _ _ _ _ _ _ _ _ _ _ _ _ _ _ _ _ _ _ _ _ _ _ _ _ _ _ _ _ _ _ _ _ _ _ _ 
encommon/webkit/test/__init__.py:36: in _executejs
    driver
.venv-package/lib/python3.12/site-packages/selenium/webdriver/remote/webdriver.py:532: in execute_script
    return self.execute(command, {"script": script, "args": converted_args})["value"]
           ^^^^^^^^^^^^^^^^^^^^^^^^^^^^^^^^^^^^^^^^^^^^^^^^^^^^^^^^^^^^^^^^^
.venv-package/lib/python3.12/site-packages/selenium/webdriver/remote/webdriver.py:446: in execute
    self.error_handler.check_response(response)
_ _ _ _ _ _ _ _ _ _ _ _ _ _ _ _ _ _ _ _ _ _ _ _ _ _ _ _ _ _ _ _ _ _ _ _ _ _ _ _ 

self = <selenium.webdriver.remote.errorhandler.ErrorHandler object at 0x7f7ffda9c950>
response = {'status': 500, 'value': '{"value":{"error":"javascript error","message":"javascript error: dumps is not defined\\n  (...\\n#15 0x556ad780b4de \\u003Cunknown>\\n#16 0x7fa58369caa4 \\u003Cunknown>\\n#17 0x7fa583729c6c \\u003Cunknown>\\n"}}'}

    def check_response(self, response: dict[str, Any]) -> None:
        """Check that a JSON response from the WebDriver does not have an error.
    
        Args:
            response: The JSON response from the WebDriver server as a dictionary
                object.
    
        Raises:
            WebDriverException: If the response contains an error message.
        """
        status = response.get("status", None)
        if not status or status == ErrorCode.SUCCESS:
            return
        value = None
        message = response.get("message", "")
        screen: str = response.get("screen", "")
        stacktrace = None
        if isinstance(status, int):
            value_json = response.get("value", None)
            if value_json and isinstance(value_json, str):
                try:
                    value = json.loads(value_json)
                    if isinstance(value, dict):
                        if len(value) == 1:
                            value = value["value"]
                        status = value.get("error", None)
                        if not status:
                            status = value.get("status", ErrorCode.UNKNOWN_ERROR)
                            message = value.get("value") or value.get("message")
                            if not isinstance(message, str):
                                value = message
                                message = message.get("message") if isinstance(message, dict) else None
                        else:
                            message = value.get("message", None)
                except ValueError:
                    pass
    
        exception_class: type[WebDriverException]
        e = ErrorCode()
        error_codes = [item for item in dir(e) if not item.startswith("__")]
        for error_code in error_codes:
            error_info = getattr(ErrorCode, error_code)
            if isinstance(error_info, list) and status in error_info:
                exception_class = getattr(ExceptionMapping, error_code, WebDriverException)
                break
        else:
            exception_class = WebDriverException
    
        if not value:
            value = response["value"]
        if isinstance(value, str):
            raise exception_class(value)
        if message == "" and "message" in value:
            message = value["message"]
    
        screen = None  # type: ignore[assignment]
        if "screen" in value:
            screen = value["screen"]
    
        stacktrace = None
        st_value = value.get("stackTrace") or value.get("stacktrace")
        if st_value:
            if isinstance(st_value, str):
                stacktrace = st_value.split("\n")
            else:
                stacktrace = []
                try:
                    for frame in st_value:
                        line = frame.get("lineNumber", "")
                        file = frame.get("fileName", "<anonymous>")
                        if line:
                            file = f"{file}:{line}"
                        meth = frame.get("methodName", "<anonymous>")
                        if "className" in frame:
                            meth = f"{frame['className']}.{meth}"
                        msg = "    at %s (%s)"
                        msg = msg % (meth, file)
                        stacktrace.append(msg)
                except TypeError:
                    pass
        if exception_class == UnexpectedAlertPresentException:
            alert_text = None
            if "data" in value:
                alert_text = value["data"].get("text")
            elif "alert" in value:
                alert_text = value["alert"].get("text")
            raise exception_class(message, screen, stacktrace, alert_text)  # type: ignore[call-arg]  # mypy is not smart enough here
>       raise exception_class(message, screen, stacktrace)
E       selenium.common.exceptions.JavascriptException: Message: javascript error: dumps is not defined
E         (Session info: chrome=146.0.7680.164)
E       Stacktrace:
E       #0 0x556ad780ca6a <unknown>
E       #1 0x556ad721bab5 <unknown>
E       #2 0x556ad722292b <unknown>
E       #3 0x556ad72254ab <unknown>
E       #4 0x556ad72b78d9 <unknown>
E       #5 0x556ad72b67b6 <unknown>
E       #6 0x556ad7261cbf <unknown>
E       #7 0x556ad7262a81 <unknown>
E       #8 0x556ad77d2a64 <unknown>
E       #9 0x556ad77d5951 <unknown>
E       #10 0x556ad77bf21e <unknown>
E       #11 0x556ad77d651e <unknown>
E       #12 0x556ad77a5be0 <unknown>
E       #13 0x556ad77f99b8 <unknown>
E       #14 0x556ad77f9b88 <unknown>
E       #15 0x556ad780b4de <unknown>
E       #16 0x7fa58369caa4 <unknown>
E       #17 0x7fa583729c6c <unknown>

.venv-package/lib/python3.12/site-packages/selenium/webdriver/remote/errorhandler.py:232: JavascriptException
________________________________ test_datestamp ________________________________
[gw1] linux -- Python 3.12.13 /home/runner/work/encommon/encommon/main/.venv-package/bin/python3

content = <encommon.webkit.content.Content object at 0x7f3d48563260>
driver = <selenium.webdriver.chrome.webdriver.WebDriver (session="720719e58a77a8a2dc12ba7d198f83e0")>

    def test_datestamp(
        content: 'Content',
        driver: WebDriver,
    ) -> None:
        """
        Perform various tests associated with relevant routines.
    
        :param content: Primary class instance for the content.
        :param driver: Selenium driver provided by the library.
        """
    
    
        driver.get(
            f"""
            data:text/html;
            charset=utf-8,
            <html>
              <head>
                <script>
            {content.scripts('default')}
            {content.scripts('helpers')}
            {content.scripts('datetime')}
                </script>
              </head>
              <body></body>
            </html>
            """)
    
    
>       outcome = _executejs(
            driver,
            'let element ='
            ' datestamp(...arguments);'
            'return'
            ' element[0].outerHTML;',
            '2024-04-20T16:20:00Z',
            wrap=False)

encommon/webkit/test/test_datetime.py:50: 
_ _ _ _ _ _ _ _ _ _ _ _ _ _ _ _ _ _ _ _ _ _ _ _ _ _ _ _ _ _ _ _ _ _ _ _ _ _ _ _ 
encommon/webkit/test/__init__.py:36: in _executejs
    driver
.venv-package/lib/python3.12/site-packages/selenium/webdriver/remote/webdriver.py:532: in execute_script
    return self.execute(command, {"script": script, "args": converted_args})["value"]
           ^^^^^^^^^^^^^^^^^^^^^^^^^^^^^^^^^^^^^^^^^^^^^^^^^^^^^^^^^^^^^^^^^
.venv-package/lib/python3.12/site-packages/selenium/webdriver/remote/webdriver.py:446: in execute
    self.error_handler.check_response(response)
_ _ _ _ _ _ _ _ _ _ _ _ _ _ _ _ _ _ _ _ _ _ _ _ _ _ _ _ _ _ _ _ _ _ _ _ _ _ _ _ 

self = <selenium.webdriver.remote.errorhandler.ErrorHandler object at 0x7f3d4871b740>
response = {'status': 500, 'value': '{"value":{"error":"javascript error","message":"javascript error: datestamp is not defined\\...\\n#15 0x556a2ec4c4de \\u003Cunknown>\\n#16 0x7f1b4f29caa4 \\u003Cunknown>\\n#17 0x7f1b4f329c6c \\u003Cunknown>\\n"}}'}

    def check_response(self, response: dict[str, Any]) -> None:
        """Check that a JSON response from the WebDriver does not have an error.
    
        Args:
            response: The JSON response from the WebDriver server as a dictionary
                object.
    
        Raises:
            WebDriverException: If the response contains an error message.
        """
        status = response.get("status", None)
        if not status or status == ErrorCode.SUCCESS:
            return
        value = None
        message = response.get("message", "")
        screen: str = response.get("screen", "")
        stacktrace = None
        if isinstance(status, int):
            value_json = response.get("value", None)
            if value_json and isinstance(value_json, str):
                try:
                    value = json.loads(value_json)
                    if isinstance(value, dict):
                        if len(value) == 1:
                            value = value["value"]
                        status = value.get("error", None)
                        if not status:
                            status = value.get("status", ErrorCode.UNKNOWN_ERROR)
                            message = value.get("value") or value.get("message")
                            if not isinstance(message, str):
                                value = message
                                message = message.get("message") if isinstance(message, dict) else None
                        else:
                            message = value.get("message", None)
                except ValueError:
                    pass
    
        exception_class: type[WebDriverException]
        e = ErrorCode()
        error_codes = [item for item in dir(e) if not item.startswith("__")]
        for error_code in error_codes:
            error_info = getattr(ErrorCode, error_code)
            if isinstance(error_info, list) and status in error_info:
                exception_class = getattr(ExceptionMapping, error_code, WebDriverException)
                break
        else:
            exception_class = WebDriverException
    
        if not value:
            value = response["value"]
        if isinstance(value, str):
            raise exception_class(value)
        if message == "" and "message" in value:
            message = value["message"]
    
        screen = None  # type: ignore[assignment]
        if "screen" in value:
            screen = value["screen"]
    
        stacktrace = None
        st_value = value.get("stackTrace") or value.get("stacktrace")
        if st_value:
            if isinstance(st_value, str):
                stacktrace = st_value.split("\n")
            else:
                stacktrace = []
                try:
                    for frame in st_value:
                        line = frame.get("lineNumber", "")
                        file = frame.get("fileName", "<anonymous>")
                        if line:
                            file = f"{file}:{line}"
                        meth = frame.get("methodName", "<anonymous>")
                        if "className" in frame:
                            meth = f"{frame['className']}.{meth}"
                        msg = "    at %s (%s)"
                        msg = msg % (meth, file)
                        stacktrace.append(msg)
                except TypeError:
                    pass
        if exception_class == UnexpectedAlertPresentException:
            alert_text = None
            if "data" in value:
                alert_text = value["data"].get("text")
            elif "alert" in value:
                alert_text = value["alert"].get("text")
            raise exception_class(message, screen, stacktrace, alert_text)  # type: ignore[call-arg]  # mypy is not smart enough here
>       raise exception_class(message, screen, stacktrace)
E       selenium.common.exceptions.JavascriptException: Message: javascript error: datestamp is not defined
E         (Session info: chrome=146.0.7680.164)
E       Stacktrace:
E       #0 0x556a2ec4da6a <unknown>
E       #1 0x556a2e65cab5 <unknown>
E       #2 0x556a2e66392b <unknown>
E       #3 0x556a2e6664ab <unknown>
E       #4 0x556a2e6f88d9 <unknown>
E       #5 0x556a2e6f77b6 <unknown>
E       #6 0x556a2e6a2cbf <unknown>
E       #7 0x556a2e6a3a81 <unknown>
E       #8 0x556a2ec13a64 <unknown>
E       #9 0x556a2ec16951 <unknown>
E       #10 0x556a2ec0021e <unknown>
E       #11 0x556a2ec1751e <unknown>
E       #12 0x556a2ebe6be0 <unknown>
E       #13 0x556a2ec3a9b8 <unknown>
E       #14 0x556a2ec3ab88 <unknown>
E       #15 0x556a2ec4c4de <unknown>
E       #16 0x7f1b4f29caa4 <unknown>
E       #17 0x7f1b4f329c6c <unknown>

.venv-package/lib/python3.12/site-packages/selenium/webdriver/remote/errorhandler.py:232: JavascriptException
_________________________________ test_message _________________________________
[gw2] linux -- Python 3.12.13 /home/runner/work/encommon/encommon/main/.venv-package/bin/python3

content = <encommon.webkit.content.Content object at 0x7f680d825520>
driver = <selenium.webdriver.chrome.webdriver.WebDriver (session="bc75678b15ae1e2799b62e35efb18365")>

    def test_message(
        content: 'Content',
        driver: WebDriver,
    ) -> None:
        """
        Perform various tests associated with relevant routines.
    
        :param content: Primary class instance for the content.
        :param driver: Selenium driver provided by the library.
        """
    
    
        driver.get(
            f"""
            data:text/html;
            charset=utf-8,
            <html>
              <head>
                <script>
            {content.scripts('default')}
            {content.scripts('helpers')}
            {content.scripts('message')}
                </script>
              </head>
              <body></body>
            </html>
            """)
    
    
>       outcome = _executejs(
            driver,
            'let element ='
            ' message(...arguments);'
            'return'
            ' element[0].outerHTML;',
            'information',
            'This is the message',
            wrap=False)

encommon/webkit/test/test_message.py:50: 
_ _ _ _ _ _ _ _ _ _ _ _ _ _ _ _ _ _ _ _ _ _ _ _ _ _ _ _ _ _ _ _ _ _ _ _ _ _ _ _ 
encommon/webkit/test/__init__.py:36: in _executejs
    driver
.venv-package/lib/python3.12/site-packages/selenium/webdriver/remote/webdriver.py:532: in execute_script
    return self.execute(command, {"script": script, "args": converted_args})["value"]
           ^^^^^^^^^^^^^^^^^^^^^^^^^^^^^^^^^^^^^^^^^^^^^^^^^^^^^^^^^^^^^^^^^
.venv-package/lib/python3.12/site-packages/selenium/webdriver/remote/webdriver.py:446: in execute
    self.error_handler.check_response(response)
_ _ _ _ _ _ _ _ _ _ _ _ _ _ _ _ _ _ _ _ _ _ _ _ _ _ _ _ _ _ _ _ _ _ _ _ _ _ _ _ 

self = <selenium.webdriver.remote.errorhandler.ErrorHandler object at 0x7f680d825040>
response = {'status': 500, 'value': '{"value":{"error":"javascript error","message":"javascript error: message is not defined\\n ...\\n#15 0x55dda38fb4de \\u003Cunknown>\\n#16 0x7f51f2c9caa4 \\u003Cunknown>\\n#17 0x7f51f2d29c6c \\u003Cunknown>\\n"}}'}

    def check_response(self, response: dict[str, Any]) -> None:
        """Check that a JSON response from the WebDriver does not have an error.
    
        Args:
            response: The JSON response from the WebDriver server as a dictionary
                object.
    
        Raises:
            WebDriverException: If the response contains an error message.
        """
        status = response.get("status", None)
        if not status or status == ErrorCode.SUCCESS:
            return
        value = None
        message = response.get("message", "")
        screen: str = response.get("screen", "")
        stacktrace = None
        if isinstance(status, int):
            value_json = response.get("value", None)
            if value_json and isinstance(value_json, str):
                try:
                    value = json.loads(value_json)
                    if isinstance(value, dict):
                        if len(value) == 1:
                            value = value["value"]
                        status = value.get("error", None)
                        if not status:
                            status = value.get("status", ErrorCode.UNKNOWN_ERROR)
                            message = value.get("value") or value.get("message")
                            if not isinstance(message, str):
                                value = message
                                message = message.get("message") if isinstance(message, dict) else None
                        else:
                            message = value.get("message", None)
                except ValueError:
                    pass
    
        exception_class: type[WebDriverException]
        e = ErrorCode()
        error_codes = [item for item in dir(e) if not item.startswith("__")]
        for error_code in error_codes:
            error_info = getattr(ErrorCode, error_code)
            if isinstance(error_info, list) and status in error_info:
                exception_class = getattr(ExceptionMapping, error_code, WebDriverException)
                break
        else:
            exception_class = WebDriverException
    
        if not value:
            value = response["value"]
        if isinstance(value, str):
            raise exception_class(value)
        if message == "" and "message" in value:
            message = value["message"]
    
        screen = None  # type: ignore[assignment]
        if "screen" in value:
            screen = value["screen"]
    
        stacktrace = None
        st_value = value.get("stackTrace") or value.get("stacktrace")
        if st_value:
            if isinstance(st_value, str):
                stacktrace = st_value.split("\n")
            else:
                stacktrace = []
                try:
                    for frame in st_value:
                        line = frame.get("lineNumber", "")
                        file = frame.get("fileName", "<anonymous>")
                        if line:
                            file = f"{file}:{line}"
                        meth = frame.get("methodName", "<anonymous>")
                        if "className" in frame:
                            meth = f"{frame['className']}.{meth}"
                        msg = "    at %s (%s)"
                        msg = msg % (meth, file)
                        stacktrace.append(msg)
                except TypeError:
                    pass
        if exception_class == UnexpectedAlertPresentException:
            alert_text = None
            if "data" in value:
                alert_text = value["data"].get("text")
            elif "alert" in value:
                alert_text = value["alert"].get("text")
            raise exception_class(message, screen, stacktrace, alert_text)  # type: ignore[call-arg]  # mypy is not smart enough here
>       raise exception_class(message, screen, stacktrace)
E       selenium.common.exceptions.JavascriptException: Message: javascript error: message is not defined
E         (Session info: chrome=146.0.7680.164)
E       Stacktrace:
E       #0 0x55dda38fca6a <unknown>
E       #1 0x55dda330bab5 <unknown>
E       #2 0x55dda331292b <unknown>
E       #3 0x55dda33154ab <unknown>
E       #4 0x55dda33a78d9 <unknown>
E       #5 0x55dda33a67b6 <unknown>
E       #6 0x55dda3351cbf <unknown>
E       #7 0x55dda3352a81 <unknown>
E       #8 0x55dda38c2a64 <unknown>
E       #9 0x55dda38c5951 <unknown>
E       #10 0x55dda38af21e <unknown>
E       #11 0x55dda38c651e <unknown>
E       #12 0x55dda3895be0 <unknown>
E       #13 0x55dda38e99b8 <unknown>
E       #14 0x55dda38e9b88 <unknown>
E       #15 0x55dda38fb4de <unknown>
E       #16 0x7f51f2c9caa4 <unknown>
E       #17 0x7f51f2d29c6c <unknown>

.venv-package/lib/python3.12/site-packages/selenium/webdriver/remote/errorhandler.py:232: JavascriptException
____________________________ test_default_addClass _____________________________
[gw3] linux -- Python 3.12.13 /home/runner/work/encommon/encommon/main/.venv-package/bin/python3

prepare = (<encommon.webkit.content.Content object at 0x7fd9f456eae0>, <selenium.webdriver.chrome.webdriver.WebDriver (session="25a5629f213d06818cb9606ad2539f7d")>)

    def test_default_addClass(
        prepare: tuple['Content', WebDriver],
    ) -> None:
        """
        Perform various tests associated with relevant routines.
    
        :param prepare: Driver and content loaded with scripts.
        """
    
        content, driver = prepare
    
>       _executejs(
            driver,
            '$("body>div")'
            '.addClass("pytest")')

encommon/webkit/test/test_default.py:115: 
_ _ _ _ _ _ _ _ _ _ _ _ _ _ _ _ _ _ _ _ _ _ _ _ _ _ _ _ _ _ _ _ _ _ _ _ _ _ _ _ 
encommon/webkit/test/__init__.py:36: in _executejs
    driver
.venv-package/lib/python3.12/site-packages/selenium/webdriver/remote/webdriver.py:532: in execute_script
    return self.execute(command, {"script": script, "args": converted_args})["value"]
           ^^^^^^^^^^^^^^^^^^^^^^^^^^^^^^^^^^^^^^^^^^^^^^^^^^^^^^^^^^^^^^^^^
.venv-package/lib/python3.12/site-packages/selenium/webdriver/remote/webdriver.py:446: in execute
    self.error_handler.check_response(response)
_ _ _ _ _ _ _ _ _ _ _ _ _ _ _ _ _ _ _ _ _ _ _ _ _ _ _ _ _ _ _ _ _ _ _ _ _ _ _ _ 

self = <selenium.webdriver.remote.errorhandler.ErrorHandler object at 0x7fd9f4595040>
response = {'status': 500, 'value': '{"value":{"error":"javascript error","message":"javascript error: $ is not defined\\n  (Sess...\\n#15 0x55bd56d0a4de \\u003Cunknown>\\n#16 0x7fb104e9caa4 \\u003Cunknown>\\n#17 0x7fb104f29c6c \\u003Cunknown>\\n"}}'}

    def check_response(self, response: dict[str, Any]) -> None:
        """Check that a JSON response from the WebDriver does not have an error.
    
        Args:
            response: The JSON response from the WebDriver server as a dictionary
                object.
    
        Raises:
            WebDriverException: If the response contains an error message.
        """
        status = response.get("status", None)
        if not status or status == ErrorCode.SUCCESS:
            return
        value = None
        message = response.get("message", "")
        screen: str = response.get("screen", "")
        stacktrace = None
        if isinstance(status, int):
            value_json = response.get("value", None)
            if value_json and isinstance(value_json, str):
                try:
                    value = json.loads(value_json)
                    if isinstance(value, dict):
                        if len(value) == 1:
                            value = value["value"]
                        status = value.get("error", None)
                        if not status:
                            status = value.get("status", ErrorCode.UNKNOWN_ERROR)
                            message = value.get("value") or value.get("message")
                            if not isinstance(message, str):
                                value = message
                                message = message.get("message") if isinstance(message, dict) else None
                        else:
                            message = value.get("message", None)
                except ValueError:
                    pass
    
        exception_class: type[WebDriverException]
        e = ErrorCode()
        error_codes = [item for item in dir(e) if not item.startswith("__")]
        for error_code in error_codes:
            error_info = getattr(ErrorCode, error_code)
            if isinstance(error_info, list) and status in error_info:
                exception_class = getattr(ExceptionMapping, error_code, WebDriverException)
                break
        else:
            exception_class = WebDriverException
    
        if not value:
            value = response["value"]
        if isinstance(value, str):
            raise exception_class(value)
        if message == "" and "message" in value:
            message = value["message"]
    
        screen = None  # type: ignore[assignment]
        if "screen" in value:
            screen = value["screen"]
    
        stacktrace = None
        st_value = value.get("stackTrace") or value.get("stacktrace")
        if st_value:
            if isinstance(st_value, str):
                stacktrace = st_value.split("\n")
            else:
                stacktrace = []
                try:
                    for frame in st_value:
                        line = frame.get("lineNumber", "")
                        file = frame.get("fileName", "<anonymous>")
                        if line:
                            file = f"{file}:{line}"
                        meth = frame.get("methodName", "<anonymous>")
                        if "className" in frame:
                            meth = f"{frame['className']}.{meth}"
                        msg = "    at %s (%s)"
                        msg = msg % (meth, file)
                        stacktrace.append(msg)
                except TypeError:
                    pass
        if exception_class == UnexpectedAlertPresentException:
            alert_text = None
            if "data" in value:
                alert_text = value["data"].get("text")
            elif "alert" in value:
                alert_text = value["alert"].get("text")
            raise exception_class(message, screen, stacktrace, alert_text)  # type: ignore[call-arg]  # mypy is not smart enough here
>       raise exception_class(message, screen, stacktrace)
E       selenium.common.exceptions.JavascriptException: Message: javascript error: $ is not defined
E         (Session info: chrome=146.0.7680.164)
E       Stacktrace:
E       #0 0x55bd56d0ba6a <unknown>
E       #1 0x55bd5671aab5 <unknown>
E       #2 0x55bd5672192b <unknown>
E       #3 0x55bd567244ab <unknown>
E       #4 0x55bd567b68d9 <unknown>
E       #5 0x55bd567b57b6 <unknown>
E       #6 0x55bd56760cbf <unknown>
E       #7 0x55bd56761a81 <unknown>
E       #8 0x55bd56cd1a64 <unknown>
E       #9 0x55bd56cd4951 <unknown>
E       #10 0x55bd56cbe21e <unknown>
E       #11 0x55bd56cd551e <unknown>
E       #12 0x55bd56ca4be0 <unknown>
E       #13 0x55bd56cf89b8 <unknown>
E       #14 0x55bd56cf8b88 <unknown>
E       #15 0x55bd56d0a4de <unknown>
E       #16 0x7fb104e9caa4 <unknown>
E       #17 0x7fb104f29c6c <unknown>

.venv-package/lib/python3.12/site-packages/selenium/webdriver/remote/errorhandler.py:232: JavascriptException
_____________________________ test_helpers_istrue ______________________________
[gw0] linux -- Python 3.12.13 /home/runner/work/encommon/encommon/main/.venv-package/bin/python3

prepare = (<encommon.webkit.content.Content object at 0x7f7ffdb9fec0>, <selenium.webdriver.chrome.webdriver.WebDriver (session="e5984ead08d250335d256fc91ae8b100")>)

    def test_helpers_istrue(
        prepare: tuple['Content', WebDriver],
    ) -> None:
        """
        Perform various tests associated with relevant routines.
    
        :param prepare: Driver and content loaded with scripts.
        """
    
        content, driver = prepare
    
>       outcome = _executejs(
            driver,
            'istrue(true)')

encommon/webkit/test/test_helpers.py:319: 
_ _ _ _ _ _ _ _ _ _ _ _ _ _ _ _ _ _ _ _ _ _ _ _ _ _ _ _ _ _ _ _ _ _ _ _ _ _ _ _ 
encommon/webkit/test/__init__.py:36: in _executejs
    driver
.venv-package/lib/python3.12/site-packages/selenium/webdriver/remote/webdriver.py:532: in execute_script
    return self.execute(command, {"script": script, "args": converted_args})["value"]
           ^^^^^^^^^^^^^^^^^^^^^^^^^^^^^^^^^^^^^^^^^^^^^^^^^^^^^^^^^^^^^^^^^
.venv-package/lib/python3.12/site-packages/selenium/webdriver/remote/webdriver.py:446: in execute
    self.error_handler.check_response(response)
_ _ _ _ _ _ _ _ _ _ _ _ _ _ _ _ _ _ _ _ _ _ _ _ _ _ _ _ _ _ _ _ _ _ _ _ _ _ _ _ 

self = <selenium.webdriver.remote.errorhandler.ErrorHandler object at 0x7f7ffd9d2510>
response = {'status': 500, 'value': '{"value":{"error":"javascript error","message":"javascript error: istrue is not defined\\n  ...\\n#15 0x555c87e1e4de \\u003Cunknown>\\n#16 0x7f836e89caa4 \\u003Cunknown>\\n#17 0x7f836e929c6c \\u003Cunknown>\\n"}}'}

    def check_response(self, response: dict[str, Any]) -> None:
        """Check that a JSON response from the WebDriver does not have an error.
    
        Args:
            response: The JSON response from the WebDriver server as a dictionary
                object.
    
        Raises:
            WebDriverException: If the response contains an error message.
        """
        status = response.get("status", None)
        if not status or status == ErrorCode.SUCCESS:
            return
        value = None
        message = response.get("message", "")
        screen: str = response.get("screen", "")
        stacktrace = None
        if isinstance(status, int):
            value_json = response.get("value", None)
            if value_json and isinstance(value_json, str):
                try:
                    value = json.loads(value_json)
                    if isinstance(value, dict):
                        if len(value) == 1:
                            value = value["value"]
                        status = value.get("error", None)
                        if not status:
                            status = value.get("status", ErrorCode.UNKNOWN_ERROR)
                            message = value.get("value") or value.get("message")
                            if not isinstance(message, str):
                                value = message
                                message = message.get("message") if isinstance(message, dict) else None
                        else:
                            message = value.get("message", None)
                except ValueError:
                    pass
    
        exception_class: type[WebDriverException]
        e = ErrorCode()
        error_codes = [item for item in dir(e) if not item.startswith("__")]
        for error_code in error_codes:
            error_info = getattr(ErrorCode, error_code)
            if isinstance(error_info, list) and status in error_info:
                exception_class = getattr(ExceptionMapping, error_code, WebDriverException)
                break
        else:
            exception_class = WebDriverException
    
        if not value:
            value = response["value"]
        if isinstance(value, str):
            raise exception_class(value)
        if message == "" and "message" in value:
            message = value["message"]
    
        screen = None  # type: ignore[assignment]
        if "screen" in value:
            screen = value["screen"]
    
        stacktrace = None
        st_value = value.get("stackTrace") or value.get("stacktrace")
        if st_value:
            if isinstance(st_value, str):
                stacktrace = st_value.split("\n")
            else:
                stacktrace = []
                try:
                    for frame in st_value:
                        line = frame.get("lineNumber", "")
                        file = frame.get("fileName", "<anonymous>")
                        if line:
                            file = f"{file}:{line}"
                        meth = frame.get("methodName", "<anonymous>")
                        if "className" in frame:
                            meth = f"{frame['className']}.{meth}"
                        msg = "    at %s (%s)"
                        msg = msg % (meth, file)
                        stacktrace.append(msg)
                except TypeError:
                    pass
        if exception_class == UnexpectedAlertPresentException:
            alert_text = None
            if "data" in value:
                alert_text = value["data"].get("text")
            elif "alert" in value:
                alert_text = value["alert"].get("text")
            raise exception_class(message, screen, stacktrace, alert_text)  # type: ignore[call-arg]  # mypy is not smart enough here
>       raise exception_class(message, screen, stacktrace)
E       selenium.common.exceptions.JavascriptException: Message: javascript error: istrue is not defined
E         (Session info: chrome=146.0.7680.164)
E       Stacktrace:
E       #0 0x555c87e1fa6a <unknown>
E       #1 0x555c8782eab5 <unknown>
E       #2 0x555c8783592b <unknown>
E       #3 0x555c878384ab <unknown>
E       #4 0x555c878ca8d9 <unknown>
E       #5 0x555c878c97b6 <unknown>
E       #6 0x555c87874cbf <unknown>
E       #7 0x555c87875a81 <unknown>
E       #8 0x555c87de5a64 <unknown>
E       #9 0x555c87de8951 <unknown>
E       #10 0x555c87dd221e <unknown>
E       #11 0x555c87de951e <unknown>
E       #12 0x555c87db8be0 <unknown>
E       #13 0x555c87e0c9b8 <unknown>
E       #14 0x555c87e0cb88 <unknown>
E       #15 0x555c87e1e4de <unknown>
E       #16 0x7f836e89caa4 <unknown>
E       #17 0x7f836e929c6c <unknown>

.venv-package/lib/python3.12/site-packages/selenium/webdriver/remote/errorhandler.py:232: JavascriptException
______________________________ test_default_attr _______________________________
[gw3] linux -- Python 3.12.13 /home/runner/work/encommon/encommon/main/.venv-package/bin/python3

prepare = (<encommon.webkit.content.Content object at 0x7fd9f448b920>, <selenium.webdriver.chrome.webdriver.WebDriver (session="56cc2040f377c69471f8b44f46457480")>)

    def test_default_attr(
        prepare: tuple['Content', WebDriver],
    ) -> None:
        """
        Perform various tests associated with relevant routines.
    
        :param prepare: Driver and content loaded with scripts.
        """
    
        content, driver = prepare
    
>       _executejs(
            driver,
            '$("body")'
            '.attr("foo", "bar")')

[...]
#7 0x56208f814a81 <unknown>
#8 0x56208fd84a64 <unknown>
#9 0x56208fd87951 <unknown>
#10 0x56208fd7121e <unknown>
#11 0x56208fd8851e <unknown>
#12 0x56208fd57be0 <unknown>
#13 0x56208fdab9b8 <unknown>
#14 0x56208fdabb88 <unknown>
#15 0x56208fdbd4de <unknown>
#16 0x7f383609caa4 <unknown>
#17 0x7f3836129c6c <unknown>
FAILED encommon/webkit/test/test_helpers.py::test_helpers_isdict - selenium.common.exceptions.JavascriptException: Message: javascript error: isdict is not defined
  (Session info: chrome=146.0.7680.164)
Stacktrace:
#0 0x5622ffb3ba6a <unknown>
#1 0x5622ff54aab5 <unknown>
#2 0x5622ff55192b <unknown>
#3 0x5622ff5544ab <unknown>
#4 0x5622ff5e68d9 <unknown>
#5 0x5622ff5e57b6 <unknown>
#6 0x5622ff590cbf <unknown>
#7 0x5622ff591a81 <unknown>
#8 0x5622ffb01a64 <unknown>
#9 0x5622ffb04951 <unknown>
#10 0x5622ffaee21e <unknown>
#11 0x5622ffb0551e <unknown>
#12 0x5622ffad4be0 <unknown>
#13 0x5622ffb289b8 <unknown>
#14 0x5622ffb28b88 <unknown>
#15 0x5622ffb3a4de <unknown>
#16 0x7ff26d69caa4 <unknown>
#17 0x7ff26d729c6c <unknown>
FAILED encommon/webkit/test/test_color.py::test_colordiv - selenium.common.exceptions.JavascriptException: Message: javascript error: colordiv is not defined
  (Session info: chrome=146.0.7680.164)
Stacktrace:
#0 0x5651fb5d9a6a <unknown>
#1 0x5651fafe8ab5 <unknown>
#2 0x5651fafef92b <unknown>
#3 0x5651faff24ab <unknown>
#4 0x5651fb0848d9 <unknown>
#5 0x5651fb0837b6 <unknown>
#6 0x5651fb02ecbf <unknown>
#7 0x5651fb02fa81 <unknown>
#8 0x5651fb59fa64 <unknown>
#9 0x5651fb5a2951 <unknown>
#10 0x5651fb58c21e <unknown>
#11 0x5651fb5a351e <unknown>
#12 0x5651fb572be0 <unknown>
#13 0x5651fb5c69b8 <unknown>
#14 0x5651fb5c6b88 <unknown>
#15 0x5651fb5d84de <unknown>
#16 0x7f961909caa4 <unknown>
#17 0x7f9619129c6c <unknown>
FAILED encommon/webkit/test/test_numeric.py::test_numeric - selenium.common.exceptions.JavascriptException: Message: javascript error: numeric is not defined
  (Session info: chrome=146.0.7680.164)
Stacktrace:
#0 0x561a32fb6a6a <unknown>
#1 0x561a329c5ab5 <unknown>
#2 0x561a329cc92b <unknown>
#3 0x561a329cf4ab <unknown>
#4 0x561a32a618d9 <unknown>
#5 0x561a32a607b6 <unknown>
#6 0x561a32a0bcbf <unknown>
#7 0x561a32a0ca81 <unknown>
#8 0x561a32f7ca64 <unknown>
#9 0x561a32f7f951 <unknown>
#10 0x561a32f6921e <unknown>
#11 0x561a32f8051e <unknown>
#12 0x561a32f4fbe0 <unknown>
#13 0x561a32fa39b8 <unknown>
#14 0x561a32fa3b88 <unknown>
#15 0x561a32fb54de <unknown>
#16 0x7f0ca689caa4 <unknown>
#17 0x7f0ca6929c6c <unknown>
FAILED encommon/webkit/test/test_default.py::test_default_append - selenium.common.exceptions.JavascriptException: Message: javascript error: $ is not defined
  (Session info: chrome=146.0.7680.164)
Stacktrace:
#0 0x558c43237a6a <unknown>
#1 0x558c42c46ab5 <unknown>
#2 0x558c42c4d92b <unknown>
#3 0x558c42c504ab <unknown>
#4 0x558c42ce28d9 <unknown>
#5 0x558c42ce17b6 <unknown>
#6 0x558c42c8ccbf <unknown>
#7 0x558c42c8da81 <unknown>
#8 0x558c431fda64 <unknown>
#9 0x558c43200951 <unknown>
#10 0x558c431ea21e <unknown>
#11 0x558c4320151e <unknown>
#12 0x558c431d0be0 <unknown>
#13 0x558c432249b8 <unknown>
#14 0x558c43224b88 <unknown>
#15 0x558c432364de <unknown>
#16 0x7f0adcc9caa4 <unknown>
#17 0x7f0adcd29c6c <unknown>
FAILED encommon/webkit/test/test_helpers.py::test_helpers_loads - selenium.common.exceptions.JavascriptException: Message: javascript error: loads is not defined
  (Session info: chrome=146.0.7680.164)
Stacktrace:
#0 0x56039f178a6a <unknown>
#1 0x56039eb87ab5 <unknown>
#2 0x56039eb8e92b <unknown>
#3 0x56039eb914ab <unknown>
#4 0x56039ec238d9 <unknown>
#5 0x56039ec227b6 <unknown>
#6 0x56039ebcdcbf <unknown>
#7 0x56039ebcea81 <unknown>
#8 0x56039f13ea64 <unknown>
#9 0x56039f141951 <unknown>
#10 0x56039f12b21e <unknown>
#11 0x56039f14251e <unknown>
#12 0x56039f111be0 <unknown>
#13 0x56039f1659b8 <unknown>
#14 0x56039f165b88 <unknown>
#15 0x56039f1774de <unknown>
#16 0x7fd2f149caa4 <unknown>
#17 0x7fd2f1529c6c <unknown>
FAILED encommon/webkit/test/test_numeric.py::test_numeric_count - selenium.common.exceptions.JavascriptException: Message: javascript error: numeric_count is not defined
  (Session info: chrome=146.0.7680.164)
Stacktrace:
#0 0x55e20590fa6a <unknown>
#1 0x55e20531eab5 <unknown>
#2 0x55e20532592b <unknown>
#3 0x55e2053284ab <unknown>
#4 0x55e2053ba8d9 <unknown>
#5 0x55e2053b97b6 <unknown>
#6 0x55e205364cbf <unknown>
#7 0x55e205365a81 <unknown>
#8 0x55e2058d5a64 <unknown>
#9 0x55e2058d8951 <unknown>
#10 0x55e2058c221e <unknown>
#11 0x55e2058d951e <unknown>
#12 0x55e2058a8be0 <unknown>
#13 0x55e2058fc9b8 <unknown>
#14 0x55e2058fcb88 <unknown>
#15 0x55e20590e4de <unknown>
#16 0x7f5eb329caa4 <unknown>
#17 0x7f5eb3329c6c <unknown>
FAILED encommon/webkit/test/test_numeric.py::test_numeric_bytes - selenium.common.exceptions.JavascriptException: Message: javascript error: numeric_bytes is not defined
  (Session info: chrome=146.0.7680.164)
Stacktrace:
#0 0x5573644e9a6a <unknown>
#1 0x557363ef8ab5 <unknown>
#2 0x557363eff92b <unknown>
#3 0x557363f024ab <unknown>
#4 0x557363f948d9 <unknown>
#5 0x557363f937b6 <unknown>
#6 0x557363f3ecbf <unknown>
#7 0x557363f3fa81 <unknown>
#8 0x5573644afa64 <unknown>
#9 0x5573644b2951 <unknown>
#10 0x55736449c21e <unknown>
#11 0x5573644b351e <unknown>
#12 0x557364482be0 <unknown>
#13 0x5573644d69b8 <unknown>
#14 0x5573644d6b88 <unknown>
#15 0x5573644e84de <unknown>
#16 0x7f7a3929caa4 <unknown>
#17 0x7f7a39329c6c <unknown>
FAILED encommon/webkit/test/test_default.py::test_default_prop - selenium.common.exceptions.JavascriptException: Message: javascript error: $ is not defined
  (Session info: chrome=146.0.7680.164)
Stacktrace:
#0 0x55cf2f54da6a <unknown>
#1 0x55cf2ef5cab5 <unknown>
#2 0x55cf2ef6392b <unknown>
#3 0x55cf2ef664ab <unknown>
#4 0x55cf2eff88d9 <unknown>
#5 0x55cf2eff77b6 <unknown>
#6 0x55cf2efa2cbf <unknown>
#7 0x55cf2efa3a81 <unknown>
#8 0x55cf2f513a64 <unknown>
#9 0x55cf2f516951 <unknown>
#10 0x55cf2f50021e <unknown>
#11 0x55cf2f51751e <unknown>
#12 0x55cf2f4e6be0 <unknown>
#13 0x55cf2f53a9b8 <unknown>
#14 0x55cf2f53ab88 <unknown>
#15 0x55cf2f54c4de <unknown>
#16 0x7f0912c9caa4 <unknown>
#17 0x7f0912d29c6c <unknown>
FAILED encommon/webkit/test/test_helpers.py::test_helpers_isnum - selenium.common.exceptions.JavascriptException: Message: javascript error: isnum is not defined
  (Session info: chrome=146.0.7680.164)
Stacktrace:
#0 0x562c28698a6a <unknown>
#1 0x562c280a7ab5 <unknown>
#2 0x562c280ae92b <unknown>
#3 0x562c280b14ab <unknown>
#4 0x562c281438d9 <unknown>
#5 0x562c281427b6 <unknown>
#6 0x562c280edcbf <unknown>
#7 0x562c280eea81 <unknown>
#8 0x562c2865ea64 <unknown>
#9 0x562c28661951 <unknown>
#10 0x562c2864b21e <unknown>
#11 0x562c2866251e <unknown>
#12 0x562c28631be0 <unknown>
#13 0x562c286859b8 <unknown>
#14 0x562c28685b88 <unknown>
#15 0x562c286974de <unknown>
#16 0x7f7ec529caa4 <unknown>
#17 0x7f7ec5329c6c <unknown>
FAILED encommon/webkit/test/test_duration.py::test_duration - selenium.common.exceptions.JavascriptException: Message: javascript error: duration is not defined
  (Session info: chrome=146.0.7680.164)
Stacktrace:
#0 0x56325ebc0a6a <unknown>
#1 0x56325e5cfab5 <unknown>
#2 0x56325e5d692b <unknown>
#3 0x56325e5d94ab <unknown>
#4 0x56325e66b8d9 <unknown>
#5 0x56325e66a7b6 <unknown>
#6 0x56325e615cbf <unknown>
#7 0x56325e616a81 <unknown>
#8 0x56325eb86a64 <unknown>
#9 0x56325eb89951 <unknown>
#10 0x56325eb7321e <unknown>
#11 0x56325eb8a51e <unknown>
#12 0x56325eb59be0 <unknown>
#13 0x56325ebad9b8 <unknown>
#14 0x56325ebadb88 <unknown>
#15 0x56325ebbf4de <unknown>
#16 0x7f0a4209caa4 <unknown>
#17 0x7f0a42129c6c <unknown>
FAILED encommon/webkit/test/test_default.py::test_default_showhide - selenium.common.exceptions.JavascriptException: Message: javascript error: $ is not defined
  (Session info: chrome=146.0.7680.164)
Stacktrace:
#0 0x55be7e191a6a <unknown>
#1 0x55be7dba0ab5 <unknown>
#2 0x55be7dba792b <unknown>
#3 0x55be7dbaa4ab <unknown>
#4 0x55be7dc3c8d9 <unknown>
#5 0x55be7dc3b7b6 <unknown>
#6 0x55be7dbe6cbf <unknown>
#7 0x55be7dbe7a81 <unknown>
#8 0x55be7e157a64 <unknown>
#9 0x55be7e15a951 <unknown>
#10 0x55be7e14421e <unknown>
#11 0x55be7e15b51e <unknown>
#12 0x55be7e12abe0 <unknown>
#13 0x55be7e17e9b8 <unknown>
#14 0x55be7e17eb88 <unknown>
#15 0x55be7e1904de <unknown>
#16 0x7f41bce9caa4 <unknown>
#17 0x7f41bcf29c6c <unknown>
FAILED encommon/webkit/test/test_helpers.py::test_helpers_assert - selenium.common.exceptions.JavascriptException: Message: javascript error: assert is not defined
  (Session info: chrome=146.0.7680.164)
Stacktrace:
#0 0x5592db6c8a6a <unknown>
#1 0x5592db0d7ab5 <unknown>
#2 0x5592db0de92b <unknown>
#3 0x5592db0e14ab <unknown>
#4 0x5592db1738d9 <unknown>
#5 0x5592db1727b6 <unknown>
#6 0x5592db11dcbf <unknown>
#7 0x5592db11ea81 <unknown>
#8 0x5592db68ea64 <unknown>
#9 0x5592db691951 <unknown>
#10 0x5592db67b21e <unknown>
#11 0x5592db69251e <unknown>
#12 0x5592db661be0 <unknown>
#13 0x5592db6b59b8 <unknown>
#14 0x5592db6b5b88 <unknown>
#15 0x5592db6c74de <unknown>
#16 0x7fbe8689caa4 <unknown>
#17 0x7fbe86929c6c <unknown>
FAILED encommon/webkit/test/test_image.py::test_image - selenium.common.exceptions.JavascriptException: Message: javascript error: svgicon is not defined
  (Session info: chrome=146.0.7680.164)
Stacktrace:
#0 0x55f3c6f87a6a <unknown>
#1 0x55f3c6996ab5 <unknown>
#2 0x55f3c699d92b <unknown>
#3 0x55f3c69a04ab <unknown>
#4 0x55f3c6a328d9 <unknown>
#5 0x55f3c6a317b6 <unknown>
#6 0x55f3c69dccbf <unknown>
#7 0x55f3c69dda81 <unknown>
#8 0x55f3c6f4da64 <unknown>
#9 0x55f3c6f50951 <unknown>
#10 0x55f3c6f3a21e <unknown>
#11 0x55f3c6f5151e <unknown>
#12 0x55f3c6f20be0 <unknown>
#13 0x55f3c6f749b8 <unknown>
#14 0x55f3c6f74b88 <unknown>
#15 0x55f3c6f864de <unknown>
#16 0x7f4b0809caa4 <unknown>
#17 0x7f4b08129c6c <unknown>
FAILED encommon/webkit/test/test_default.py::test_default_content - selenium.common.exceptions.JavascriptException: Message: javascript error: $ is not defined
  (Session info: chrome=146.0.7680.164)
Stacktrace:
#0 0x55bfd756ea6a <unknown>
#1 0x55bfd6f7dab5 <unknown>
#2 0x55bfd6f8492b <unknown>
#3 0x55bfd6f874ab <unknown>
#4 0x55bfd70198d9 <unknown>
#5 0x55bfd70187b6 <unknown>
#6 0x55bfd6fc3cbf <unknown>
#7 0x55bfd6fc4a81 <unknown>
#8 0x55bfd7534a64 <unknown>
#9 0x55bfd7537951 <unknown>
#10 0x55bfd752121e <unknown>
#11 0x55bfd753851e <unknown>
#12 0x55bfd7507be0 <unknown>
#13 0x55bfd755b9b8 <unknown>
#14 0x55bfd755bb88 <unknown>
#15 0x55bfd756d4de <unknown>
#16 0x7fe0bce9caa4 <unknown>
#17 0x7fe0bcf29c6c <unknown>
FAILED encommon/webkit/test/test_helpers.py::test_helpers_isfalse - selenium.common.exceptions.JavascriptException: Message: javascript error: isfalse is not defined
  (Session info: chrome=146.0.7680.164)
Stacktrace:
#0 0x55946c262a6a <unknown>
#1 0x55946bc71ab5 <unknown>
#2 0x55946bc7892b <unknown>
#3 0x55946bc7b4ab <unknown>
#4 0x55946bd0d8d9 <unknown>
#5 0x55946bd0c7b6 <unknown>
#6 0x55946bcb7cbf <unknown>
#7 0x55946bcb8a81 <unknown>
#8 0x55946c228a64 <unknown>
#9 0x55946c22b951 <unknown>
#10 0x55946c21521e <unknown>
#11 0x55946c22c51e <unknown>
#12 0x55946c1fbbe0 <unknown>
#13 0x55946c24f9b8 <unknown>
#14 0x55946c24fb88 <unknown>
#15 0x55946c2614de <unknown>
#16 0x7f83ae69caa4 <unknown>
#17 0x7f83ae729c6c <unknown>
FAILED encommon/webkit/test/test_default.py::test_default_styles - selenium.common.exceptions.JavascriptException: Message: javascript error: $ is not defined
  (Session info: chrome=146.0.7680.164)
Stacktrace:
#0 0x5612cb01ba6a <unknown>
#1 0x5612caa2aab5 <unknown>
#2 0x5612caa3192b <unknown>
#3 0x5612caa344ab <unknown>
#4 0x5612caac68d9 <unknown>
#5 0x5612caac57b6 <unknown>
#6 0x5612caa70cbf <unknown>
#7 0x5612caa71a81 <unknown>
#8 0x5612cafe1a64 <unknown>
#9 0x5612cafe4951 <unknown>
#10 0x5612cafce21e <unknown>
#11 0x5612cafe551e <unknown>
#12 0x5612cafb4be0 <unknown>
#13 0x5612cb0089b8 <unknown>
#14 0x5612cb008b88 <unknown>
#15 0x5612cb01a4de <unknown>
#16 0x7f128069caa4 <unknown>
#17 0x7f1280729c6c <unknown>
FAILED encommon/webkit/test/test_helpers.py::test_helpers_isnode - selenium.common.exceptions.JavascriptException: Message: javascript error: $ is not defined
  (Session info: chrome=146.0.7680.164)
Stacktrace:
#0 0x564225996a6a <unknown>
#1 0x5642253a5ab5 <unknown>
#2 0x5642253ac92b <unknown>
#3 0x5642253af4ab <unknown>
#4 0x5642254418d9 <unknown>
#5 0x5642254407b6 <unknown>
#6 0x5642253ebcbf <unknown>
#7 0x5642253eca81 <unknown>
#8 0x56422595ca64 <unknown>
#9 0x56422595f951 <unknown>
#10 0x56422594921e <unknown>
#11 0x56422596051e <unknown>
#12 0x56422592fbe0 <unknown>
#13 0x5642259839b8 <unknown>
#14 0x564225983b88 <unknown>
#15 0x5642259954de <unknown>
#16 0x7fc0c209caa4 <unknown>
#17 0x7fc0c2129c6c <unknown>
FAILED encommon/webkit/test/test_default.py::test_default_create - selenium.common.exceptions.JavascriptException: Message: javascript error: $ is not defined
  (Session info: chrome=146.0.7680.164)
Stacktrace:
#0 0x5592eed85a6a <unknown>
#1 0x5592ee794ab5 <unknown>
#2 0x5592ee79b92b <unknown>
#3 0x5592ee79e4ab <unknown>
#4 0x5592ee8308d9 <unknown>
#5 0x5592ee82f7b6 <unknown>
#6 0x5592ee7dacbf <unknown>
#7 0x5592ee7dba81 <unknown>
#8 0x5592eed4ba64 <unknown>
#9 0x5592eed4e951 <unknown>
#10 0x5592eed3821e <unknown>
#11 0x5592eed4f51e <unknown>
#12 0x5592eed1ebe0 <unknown>
#13 0x5592eed729b8 <unknown>
#14 0x5592eed72b88 <unknown>
#15 0x5592eed844de <unknown>
#16 0x7fab61e9caa4 <unknown>
#17 0x7fab61f29c6c <unknown>
FAILED encommon/webkit/test/test_helpers.py::test_helpers_isquery - selenium.common.exceptions.JavascriptException: Message: javascript error: $ is not defined
  (Session info: chrome=146.0.7680.164)
Stacktrace:
#0 0x55a31ef52a6a <unknown>
#1 0x55a31e961ab5 <unknown>
#2 0x55a31e96892b <unknown>
#3 0x55a31e96b4ab <unknown>
#4 0x55a31e9fd8d9 <unknown>
#5 0x55a31e9fc7b6 <unknown>
#6 0x55a31e9a7cbf <unknown>
#7 0x55a31e9a8a81 <unknown>
#8 0x55a31ef18a64 <unknown>
#9 0x55a31ef1b951 <unknown>
#10 0x55a31ef0521e <unknown>
#11 0x55a31ef1c51e <unknown>
#12 0x55a31eeebbe0 <unknown>
#13 0x55a31ef3f9b8 <unknown>
#14 0x55a31ef3fb88 <unknown>
#15 0x55a31ef514de <unknown>
#16 0x7efeb049caa4 <unknown>
#17 0x7efeb0529c6c <unknown>
FAILED encommon/webkit/test/test_datagrid.py::test_datagrid - selenium.common.exceptions.JavascriptException: Message: javascript error: datagrid is not defined
  (Session info: chrome=146.0.7680.164)
Stacktrace:
#0 0x55ca753b3a6a <unknown>
#1 0x55ca74dc2ab5 <unknown>
#2 0x55ca74dc992b <unknown>
#3 0x55ca74dcc4ab <unknown>
#4 0x55ca74e5e8d9 <unknown>
#5 0x55ca74e5d7b6 <unknown>
#6 0x55ca74e08cbf <unknown>
#7 0x55ca74e09a81 <unknown>
#8 0x55ca75379a64 <unknown>
#9 0x55ca7537c951 <unknown>
#10 0x55ca7536621e <unknown>
#11 0x55ca7537d51e <unknown>
#12 0x55ca7534cbe0 <unknown>
#13 0x55ca753a09b8 <unknown>
#14 0x55ca753a0b88 <unknown>
#15 0x55ca753b24de <unknown>
#16 0x7fbf6789caa4 <unknown>
#17 0x7fbf67929c6c <unknown>
FAILED encommon/webkit/test/test_helpers.py::test_helpers_istime - selenium.common.exceptions.JavascriptException: Message: javascript error: istime is not defined
  (Session info: chrome=146.0.7680.164)
Stacktrace:
#0 0x55cc5cf36a6a <unknown>
#1 0x55cc5c945ab5 <unknown>
#2 0x55cc5c94c92b <unknown>
#3 0x55cc5c94f4ab <unknown>
#4 0x55cc5c9e18d9 <unknown>
#5 0x55cc5c9e07b6 <unknown>
#6 0x55cc5c98bcbf <unknown>
#7 0x55cc5c98ca81 <unknown>
#8 0x55cc5cefca64 <unknown>
#9 0x55cc5ceff951 <unknown>
#10 0x55cc5cee921e <unknown>
#11 0x55cc5cf0051e <unknown>
#12 0x55cc5cecfbe0 <unknown>
#13 0x55cc5cf239b8 <unknown>
#14 0x55cc5cf23b88 <unknown>
#15 0x55cc5cf354de <unknown>
#16 0x7f004a29caa4 <unknown>
#17 0x7f004a329c6c <unknown>
FAILED encommon/webkit/test/test_tagues.py::test_tagues - selenium.common.exceptions.JavascriptException: Message: javascript error: tagues is not defined
  (Session info: chrome=146.0.7680.164)
Stacktrace:
#0 0x55ff1d59ba6a <unknown>
#1 0x55ff1cfaaab5 <unknown>
#2 0x55ff1cfb192b <unknown>
#3 0x55ff1cfb44ab <unknown>
#4 0x55ff1d0468d9 <unknown>
#5 0x55ff1d0457b6 <unknown>
#6 0x55ff1cff0cbf <unknown>
#7 0x55ff1cff1a81 <unknown>
#8 0x55ff1d561a64 <unknown>
#9 0x55ff1d564951 <unknown>
#10 0x55ff1d54e21e <unknown>
#11 0x55ff1d56551e <unknown>
#12 0x55ff1d534be0 <unknown>
#13 0x55ff1d5889b8 <unknown>
#14 0x55ff1d588b88 <unknown>
#15 0x55ff1d59a4de <unknown>
#16 0x7f0062a9caa4 <unknown>
#17 0x7f0062b29c6c <unknown>
FAILED encommon/webkit/test/test_helpers.py::test_helpers_whenready - selenium.common.exceptions.JavascriptException: Message: javascript error: whenready is not defined
  (Session info: chrome=146.0.7680.164)
Stacktrace:
#0 0x55c77d562a6a <unknown>
#1 0x55c77cf71ab5 <unknown>
#2 0x55c77cf7892b <unknown>
#3 0x55c77cf7b4ab <unknown>
#4 0x55c77d00d8d9 <unknown>
#5 0x55c77d00c7b6 <unknown>
#6 0x55c77cfb7cbf <unknown>
#7 0x55c77cfb8a81 <unknown>
#8 0x55c77d528a64 <unknown>
#9 0x55c77d52b951 <unknown>
#10 0x55c77d51521e <unknown>
#11 0x55c77d52c51e <unknown>
#12 0x55c77d4fbbe0 <unknown>
#13 0x55c77d54f9b8 <unknown>
#14 0x55c77d54fb88 <unknown>
#15 0x55c77d5614de <unknown>
#16 0x7f11b8e9caa4 <unknown>
#17 0x7f11b8f29c6c <unknown>
FAILED encommon/webkit/test/test_helpers.py::test_helpers_islist - selenium.common.exceptions.JavascriptException: Message: javascript error: islist is not defined
  (Session info: chrome=146.0.7680.164)
Stacktrace:
#0 0x561c8603fa6a <unknown>
#1 0x561c85a4eab5 <unknown>
#2 0x561c85a5592b <unknown>
#3 0x561c85a584ab <unknown>
#4 0x561c85aea8d9 <unknown>
#5 0x561c85ae97b6 <unknown>
#6 0x561c85a94cbf <unknown>
#7 0x561c85a95a81 <unknown>
#8 0x561c86005a64 <unknown>
#9 0x561c86008951 <unknown>
#10 0x561c85ff221e <unknown>
#11 0x561c8600951e <unknown>
#12 0x561c85fd8be0 <unknown>
#13 0x561c8602c9b8 <unknown>
#14 0x561c8602cb88 <unknown>
#15 0x561c8603e4de <unknown>
#16 0x7f35c509caa4 <unknown>
#17 0x7f35c5129c6c <unknown>
FAILED encommon/webkit/test/test_helpers.py::test_helpers_isbool - selenium.common.exceptions.JavascriptException: Message: javascript error: isbool is not defined
  (Session info: chrome=146.0.7680.164)
Stacktrace:
#0 0x55a697816a6a <unknown>
#1 0x55a697225ab5 <unknown>
#2 0x55a69722c92b <unknown>
#3 0x55a69722f4ab <unknown>
#4 0x55a6972c18d9 <unknown>
#5 0x55a6972c07b6 <unknown>
#6 0x55a69726bcbf <unknown>
#7 0x55a69726ca81 <unknown>
#8 0x55a6977dca64 <unknown>
#9 0x55a6977df951 <unknown>
#10 0x55a6977c921e <unknown>
#11 0x55a6977e051e <unknown>
#12 0x55a6977afbe0 <unknown>
#13 0x55a6978039b8 <unknown>
#14 0x55a697803b88 <unknown>
#15 0x55a6978154de <unknown>
#16 0x7fd091a9caa4 <unknown>
#17 0x7fd091b29c6c <unknown>
FAILED encommon/webkit/test/test_helpers.py::test_helpers_isstr - selenium.common.exceptions.JavascriptException: Message: javascript error: isstr is not defined
  (Session info: chrome=146.0.7680.164)
Stacktrace:
#0 0x559066537a6a <unknown>
#1 0x559065f46ab5 <unknown>
#2 0x559065f4d92b <unknown>
#3 0x559065f504ab <unknown>
#4 0x559065fe28d9 <unknown>
#5 0x559065fe17b6 <unknown>
#6 0x559065f8ccbf <unknown>
#7 0x559065f8da81 <unknown>
#8 0x5590664fda64 <unknown>
#9 0x559066500951 <unknown>
#10 0x5590664ea21e <unknown>
#11 0x55906650151e <unknown>
#12 0x5590664d0be0 <unknown>
#13 0x5590665249b8 <unknown>
#14 0x559066524b88 <unknown>
#15 0x5590665364de <unknown>
#16 0x7f6bbe49caa4 <unknown>
#17 0x7f6bbe529c6c <unknown>
FAILED encommon/webkit/test/test_helpers.py::test_helpers_isnull - selenium.common.exceptions.JavascriptException: Message: javascript error: isnull is not defined
  (Session info: chrome=146.0.7680.164)
Stacktrace:
#0 0x557b99f74a6a <unknown>
#1 0x557b99983ab5 <unknown>
#2 0x557b9998a92b <unknown>
#3 0x557b9998d4ab <unknown>
#4 0x557b99a1f8d9 <unknown>
#5 0x557b99a1e7b6 <unknown>
#6 0x557b999c9cbf <unknown>
#7 0x557b999caa81 <unknown>
#8 0x557b99f3aa64 <unknown>
#9 0x557b99f3d951 <unknown>
#10 0x557b99f2721e <unknown>
#11 0x557b99f3e51e <unknown>
#12 0x557b99f0dbe0 <unknown>
#13 0x557b99f619b8 <unknown>
#14 0x557b99f61b88 <unknown>
#15 0x557b99f734de <unknown>
#16 0x7f8b73e9caa4 <unknown>
#17 0x7f8b73f29c6c <unknown>
======================= 38 failed, 269 passed in 30.74s ========================
