>>> make pytest
  ● Executing pytest in encommon..
============================= test session starts ==============================
platform linux -- Python 3.12.13, pytest-9.0.2, pluggy-1.6.0 -- /home/runner/work/encommon/encommon/main/.venv-package/bin/python3
cachedir: .pytest_cache
metadata: {'Python': '3.12.13', 'Platform': 'Linux-6.17.0-1008-azure-x86_64-with-glibc2.39', 'Packages': {'pytest': '9.0.2', 'pluggy': '1.6.0'}, 'Plugins': {'metadata': '3.1.1', 'randomly': '4.0.1', 'variables': '3.1.0', 'clarity': '1.0.1', 'cov': '7.1.0', 'xdist': '3.8.0', 'html': '4.2.0', 'base-url': '2.1.0', 'selenium': '4.1.0', 'sphinx': '0.7.1', 'mypy': '1.0.1'}, 'CI': 'true', 'JAVA_HOME': '/usr/lib/jvm/temurin-17-jdk-amd64', 'Base URL': '', 'Driver': None, 'Capabilities': {}}
Using --randomly-seed=1609961057
sensitiveurl: .*
rootdir: /home/runner/work/encommon/encommon/main
configfile: pyproject.toml
plugins: metadata-3.1.1, randomly-4.0.1, variables-3.1.0, clarity-1.0.1, cov-7.1.0, xdist-3.8.0, html-4.2.0, base-url-2.1.0, selenium-4.1.0, sphinx-0.7.1, mypy-1.0.1
created: 4/4 workers
4 workers [307 items]

scheduling tests via LoadScheduling

encommon/webkit/test/test_numeric.py::test_numeric_bytes 
encommon/colors/test/test_color.py::test_Color_xy[ff00ff-expect9] 
encommon/colors/test/test_color.py::test_Color_xy[800080-expect10] 
encommon/times/test/test_timers.py::test_Timers 
[gw1] [  0%] PASSED encommon/colors/test/test_color.py::test_Color_xy[ff00ff-expect9] 
[gw2] [  0%] PASSED encommon/colors/test/test_color.py::test_Color_xy[800080-expect10] 
encommon/colors/test/test_color.py::test_Color_xy[000000-expect2] 
encommon/colors/test/test_color.py::test_Color_xy[00ffff-expect8] 
[gw2] [  0%] PASSED encommon/colors/test/test_color.py::test_Color_xy[000000-expect2] 
[gw1] [  1%] PASSED encommon/colors/test/test_color.py::test_Color_xy[00ffff-expect8] 
encommon/colors/test/test_color.py::test_Color_hsl[80007F-expect10] 
encommon/colors/test/test_color.py::test_Color_xyz[00ff00-expect4] 
[gw2] [  1%] PASSED encommon/colors/test/test_color.py::test_Color_hsl[80007F-expect10] 
encommon/colors/test/test_color.py::test_Color_xy[ffffff-expect1] 
[gw2] [  1%] PASSED encommon/colors/test/test_color.py::test_Color_xy[ffffff-expect1] 
[gw1] [  2%] PASSED encommon/colors/test/test_color.py::test_Color_xyz[00ff00-expect4] 
encommon/colors/test/test_color.py::test_Color_hsl[000000-expect2] 
encommon/colors/test/test_color.py::test_Color_rgb[ff0000-expect3] 
[gw2] [  2%] PASSED encommon/colors/test/test_color.py::test_Color_hsl[000000-expect2] 
encommon/colors/test/test_color.py::test_Color_xyz[ff00ff-expect9] 
[gw1] [  2%] PASSED encommon/colors/test/test_color.py::test_Color_rgb[ff0000-expect3] 
[gw2] [  3%] PASSED encommon/colors/test/test_color.py::test_Color_xyz[ff00ff-expect9] 
encommon/colors/test/test_color.py::test_Color_hsl[ffffff-expect1] 
encommon/colors/test/test_color.py::test_Color_rgb[0000ff-expect5] 
[gw2] [  3%] PASSED encommon/colors/test/test_color.py::test_Color_hsl[ffffff-expect1] 
encommon/colors/test/test_color.py::test_Color_rgb[000000-expect2] 
[gw1] [  3%] PASSED encommon/colors/test/test_color.py::test_Color_rgb[0000ff-expect5] 
encommon/colors/test/test_color.py::test_Color_hsl[ff0000-expect3] 
[gw2] [  4%] PASSED encommon/colors/test/test_color.py::test_Color_rgb[000000-expect2] 
encommon/colors/test/test_color.py::test_Color_rgb[ffffff-expect1] 
[gw1] [  4%] PASSED encommon/colors/test/test_color.py::test_Color_hsl[ff0000-expect3] 
[gw2] [  4%] PASSED encommon/colors/test/test_color.py::test_Color_rgb[ffffff-expect1] 
encommon/colors/test/test_color.py::test_Color_hsl[0000ff-expect5] 
[gw1] [  5%] PASSED encommon/colors/test/test_color.py::test_Color_hsl[0000ff-expect5] 
encommon/colors/test/test_color.py::test_Color_rgb[800080-expect10] 
[gw2] [  5%] PASSED encommon/colors/test/test_color.py::test_Color_rgb[800080-expect10] 
encommon/colors/test/test_color.py::test_Color_xy[808080-expect6] 
encommon/colors/test/test_color.py::test_Color_xy[00ff00-expect4] 
[gw1] [  5%] PASSED encommon/colors/test/test_color.py::test_Color_xy[808080-expect6] 
encommon/colors/test/test_color.py::test_Color_hsl[ffff00-expect7] 
[gw2] [  6%] PASSED encommon/colors/test/test_color.py::test_Color_xy[00ff00-expect4] 
encommon/colors/test/test_color.py::test_Color_xyz[00ffff-expect8] 
[gw1] [  6%] PASSED encommon/colors/test/test_color.py::test_Color_hsl[ffff00-expect7] 
[gw2] [  6%] PASSED encommon/colors/test/test_color.py::test_Color_xyz[00ffff-expect8] 
encommon/colors/test/test_color.py::test_Color_rgb[ffff00-expect7] 
encommon/utils/test/test_match.py::test_fuzz_match 
[gw1] [  7%] PASSED encommon/colors/test/test_color.py::test_Color_rgb[ffff00-expect7] 
encommon/colors/test/test_color.py::test_Color_rgb[808080-expect6] 
[gw1] [  7%] PASSED encommon/colors/test/test_color.py::test_Color_rgb[808080-expect6] 
encommon/colors/test/test_color.py::test_Color_xyz[ff00cc-expect0] 
[gw2] [  7%] PASSED encommon/utils/test/test_match.py::test_fuzz_match 
[gw1] [  8%] PASSED encommon/colors/test/test_color.py::test_Color_xyz[ff00cc-expect0] 
encommon/utils/test/test_match.py::test_rgxp_match 
encommon/colors/test/test_color.py::test_Color_hsl[808080-expect6] 
[gw1] [  8%] PASSED encommon/colors/test/test_color.py::test_Color_hsl[808080-expect6] 
[gw2] [  8%] PASSED encommon/utils/test/test_match.py::test_rgxp_match 
encommon/colors/test/test_color.py::test_Color_xy[ffff00-expect7] 
encommon/types/test/test_funcs.py::test_funcname 
[gw1] [  9%] PASSED encommon/colors/test/test_color.py::test_Color_xy[ffff00-expect7] 
encommon/colors/test/test_color.py::test_Color_xy[0000ff-expect5] 
[gw1] [  9%] PASSED encommon/colors/test/test_color.py::test_Color_xy[0000ff-expect5] 
encommon/colors/test/test_color.py::test_Color_xy[ff0000-expect3] 
[gw2] [  9%] PASSED encommon/types/test/test_funcs.py::test_funcname 
encommon/times/test/test_time.py::test_Time 
[gw1] [ 10%] PASSED encommon/colors/test/test_color.py::test_Color_xy[ff0000-expect3] 
encommon/colors/test/test_color.py::test_Color_rgb[00ff00-expect4] 
[gw1] [ 10%] PASSED encommon/colors/test/test_color.py::test_Color_rgb[00ff00-expect4] 
encommon/colors/test/test_color.py::test_Color 
[gw1] [ 10%] PASSED encommon/colors/test/test_color.py::test_Color 
encommon/colors/test/test_color.py::test_Color_hsl[00ff00-expect4] 
[gw1] [ 11%] PASSED encommon/colors/test/test_color.py::test_Color_hsl[00ff00-expect4] 
encommon/parse/test/test_network.py::test_insubnet_ip 
[gw1] [ 11%] PASSED encommon/parse/test/test_network.py::test_insubnet_ip 
encommon/parse/test/test_network.py::test_Network_ipv4 
[gw1] [ 11%] PASSED encommon/parse/test/test_network.py::test_Network_ipv4 
encommon/crypts/test/test_crypts.py::test_Crypts_iterate[foo-default] 
[gw3] [ 12%] PASSED encommon/times/test/test_timers.py::test_Timers 
encommon/webkit/test/test_tagues.py::test_tagues 
[gw1] [ 12%] PASSED encommon/crypts/test/test_crypts.py::test_Crypts_iterate[foo-default] 
encommon/crypts/test/test_crypts.py::test_Crypts_iterate[foo-secrets] 
[gw1] [ 12%] PASSED encommon/crypts/test/test_crypts.py::test_Crypts_iterate[foo-secrets] 
encommon/crypts/test/test_crypts.py::test_Crypts_raises 
[gw1] [ 13%] PASSED encommon/crypts/test/test_crypts.py::test_Crypts_raises 
encommon/crypts/test/test_crypts.py::test_Crypts 
[gw1] [ 13%] PASSED encommon/crypts/test/test_crypts.py::test_Crypts 
encommon/crypts/test/test_crypts.py::test_Crypts_cover 
[gw1] [ 13%] PASSED encommon/crypts/test/test_crypts.py::test_Crypts_cover 
encommon/types/test/test_classes.py::test_lattrs 
[gw1] [ 14%] PASSED encommon/types/test/test_classes.py::test_lattrs 
encommon/types/test/test_classes.py::test_BaseModel 
[gw1] [ 14%] PASSED encommon/types/test/test_classes.py::test_BaseModel 
encommon/types/test/test_classes.py::test_clsname 
[gw1] [ 14%] PASSED encommon/types/test/test_classes.py::test_clsname 
encommon/config/test/test_paths.py::test_ConfigPaths 
[gw1] [ 14%] PASSED encommon/config/test/test_paths.py::test_ConfigPaths 
encommon/config/test/test_paths.py::test_ConfigPaths_cover 
[gw1] [ 15%] PASSED encommon/config/test/test_paths.py::test_ConfigPaths_cover 
encommon/config/test/test_paths.py::test_ConfigPath 
[gw1] [ 15%] PASSED encommon/config/test/test_paths.py::test_ConfigPath 
encommon/times/test/test_window.py::test_window_croniter[0 * * * *-3559-False-expect8] 
[gw1] [ 15%] PASSED encommon/times/test/test_window.py::test_window_croniter[0 * * * *-3559-False-expect8] 
encommon/times/test/test_window.py::test_Window 
[gw1] [ 16%] PASSED encommon/times/test/test_window.py::test_Window 
encommon/times/test/test_window.py::test_window_croniter[* * * * *-0-True-expect2] 
[gw1] [ 16%] PASSED encommon/times/test/test_window.py::test_window_croniter[* * * * *-0-True-expect2] 
encommon/times/test/test_window.py::test_window_croniter[* * * * *-3660-False-expect6] 
[gw1] [ 16%] PASSED encommon/times/test/test_window.py::test_window_croniter[* * * * *-3660-False-expect6] 
encommon/times/test/test_window.py::test_window_croniter[* * * * *-1-False-expect1] 
[gw1] [ 17%] PASSED encommon/times/test/test_window.py::test_window_croniter[* * * * *-1-False-expect1] 
encommon/times/test/test_window.py::test_window_interval[window8-3559-False-expect8] 
[gw1] [ 17%] PASSED encommon/times/test/test_window.py::test_window_interval[window8-3559-False-expect8] 
encommon/times/test/test_window.py::test_window_interval[window7-3661-False-expect7] 
[gw1] [ 17%] PASSED encommon/times/test/test_window.py::test_window_interval[window7-3661-False-expect7] 
encommon/times/test/test_window.py::test_window_interval[window2-0-True-expect2] 
[gw1] [ 18%] PASSED encommon/times/test/test_window.py::test_window_interval[window2-0-True-expect2] 
encommon/times/test/test_window.py::test_window_croniter[0 * * * *-3660-False-expect9] 
[gw1] [ 18%] PASSED encommon/times/test/test_window.py::test_window_croniter[0 * * * *-3660-False-expect9] 
encommon/times/test/test_window.py::test_window_interval[window10-3661-False-expect10] 
[gw1] [ 18%] PASSED encommon/times/test/test_window.py::test_window_interval[window10-3661-False-expect10] 
encommon/times/test/test_window.py::test_window_croniter[* * * * *-3559-False-expect4] 
[gw1] [ 19%] PASSED encommon/times/test/test_window.py::test_window_croniter[* * * * *-3559-False-expect4] 
encommon/times/test/test_window.py::test_window_interval[window3-1-True-expect3] 
[gw1] [ 19%] PASSED encommon/times/test/test_window.py::test_window_interval[window3-1-True-expect3] 
encommon/times/test/test_window.py::test_window_interval[window6-3660-False-expect6] 
[gw1] [ 19%] PASSED encommon/times/test/test_window.py::test_window_interval[window6-3660-False-expect6] 
encommon/times/test/test_window.py::test_window_croniter[* * * * *-3661-False-expect7] 
[gw1] [ 20%] PASSED encommon/times/test/test_window.py::test_window_croniter[* * * * *-3661-False-expect7] 
encommon/times/test/test_window.py::test_window_croniter[* * * * *-3659-False-expect5] 
[gw1] [ 20%] PASSED encommon/times/test/test_window.py::test_window_croniter[* * * * *-3659-False-expect5] 
encommon/times/test/test_window.py::test_window_croniter[* * * * *-1-True-expect3] 
[gw1] [ 20%] PASSED encommon/times/test/test_window.py::test_window_croniter[* * * * *-1-True-expect3] 
encommon/times/test/test_window.py::test_Window_cover 
[gw2] [ 21%] PASSED encommon/times/test/test_time.py::test_Time 
encommon/times/test/test_time.py::test_Time_tzname 
[gw2] [ 21%] PASSED encommon/times/test/test_time.py::test_Time_tzname 
encommon/times/test/test_timers.py::test_Timers_cover 
[gw2] [ 21%] PASSED encommon/times/test/test_timers.py::test_Timers_cover 
encommon/times/test/test_timers.py::test_Timers_raises 
[gw2] [ 22%] PASSED encommon/times/test/test_timers.py::test_Timers_raises 
encommon/parse/test/test_jinja2.py::test_Jinja2_parse[-01--01] 
[gw2] [ 22%] PASSED encommon/parse/test/test_jinja2.py::test_Jinja2_parse[-01--01] 
encommon/parse/test/test_jinja2.py::test_Jinja2_parse[value14-expect14] 
[gw2] [ 22%] PASSED encommon/parse/test/test_jinja2.py::test_Jinja2_parse[value14-expect14] 
encommon/parse/test/test_jinja2.py::test_Jinja2_parse[{'a': 'b'}-expect5] 
[gw2] [ 23%] PASSED encommon/parse/test/test_jinja2.py::test_Jinja2_parse[{'a': 'b'}-expect5] 
encommon/parse/test/test_jinja2.py::test_Jinja2_literal[{{ -1.2 }}--1.2] 
[gw2] [ 23%] PASSED encommon/parse/test/test_jinja2.py::test_Jinja2_literal[{{ -1.2 }}--1.2] 
encommon/parse/test/test_jinja2.py::test_Jinja2_literal[{{ none }}-None] 
[gw2] [ 23%] PASSED encommon/parse/test/test_jinja2.py::test_Jinja2_literal[{{ none }}-None] 
encommon/parse/test/test_jinja2.py::test_Jinja2_parse[01-01] 
[gw2] [ 24%] PASSED encommon/parse/test/test_jinja2.py::test_Jinja2_parse[01-01] 
encommon/parse/test/test_jinja2.py::test_Jinja2_parse[{{ "-01" }}--01] 
[gw2] [ 24%] PASSED encommon/parse/test/test_jinja2.py::test_Jinja2_parse[{{ "-01" }}--01] 
encommon/parse/test/test_jinja2.py::test_Jinja2_parse[1-1] 
[gw2] [ 24%] PASSED encommon/parse/test/test_jinja2.py::test_Jinja2_parse[1-1] 
encommon/parse/test/test_jinja2.py::test_Jinja2_parse[10.001-10.001_0] 
[gw2] [ 25%] PASSED encommon/parse/test/test_jinja2.py::test_Jinja2_parse[10.001-10.001_0] 
encommon/parse/test/test_jinja2.py::test_Jinja2_parse[10.001-10.001_1] 
[gw2] [ 25%] PASSED encommon/parse/test/test_jinja2.py::test_Jinja2_parse[10.001-10.001_1] 
encommon/webkit/test/test_color.py::test_colordiv 
[gw1] [ 25%] PASSED encommon/times/test/test_window.py::test_Window_cover 
encommon/times/test/test_window.py::test_window_interval[window5-3659-False-expect5] 
[gw1] [ 26%] PASSED encommon/times/test/test_window.py::test_window_interval[window5-3659-False-expect5] 
encommon/times/test/test_window.py::test_window_interval[window1-1-False-expect1] 
[gw1] [ 26%] PASSED encommon/times/test/test_window.py::test_window_interval[window1-1-False-expect1] 
encommon/times/test/test_window.py::test_window_interval[window9-3660-False-expect9] 
[gw1] [ 26%] PASSED encommon/times/test/test_window.py::test_window_interval[window9-3660-False-expect9] 
encommon/times/test/test_window.py::test_window_interval[window4-3559-False-expect4] 
[gw1] [ 27%] PASSED encommon/times/test/test_window.py::test_window_interval[window4-3559-False-expect4] 
encommon/times/test/test_window.py::test_window_croniter[0 * * * *-3661-False-expect10] 
[gw1] [ 27%] PASSED encommon/times/test/test_window.py::test_window_croniter[0 * * * *-3661-False-expect10] 
encommon/times/test/test_window.py::test_window_interval[window0-0-False-expect0] 
[gw1] [ 27%] PASSED encommon/times/test/test_window.py::test_window_interval[window0-0-False-expect0] 
encommon/times/test/test_window.py::test_window_croniter[* * * * *-0-False-expect0] 
[gw1] [ 28%] PASSED encommon/times/test/test_window.py::test_window_croniter[* * * * *-0-False-expect0] 
encommon/times/test/test_params.py::test_WindowParams 
[gw1] [ 28%] PASSED encommon/times/test/test_params.py::test_WindowParams 
encommon/times/test/test_params.py::test_TimerParams 
[gw1] [ 28%] PASSED encommon/times/test/test_params.py::test_TimerParams 
encommon/types/test/test_dicts.py::test_merge_dicts 
[gw1] [ 28%] PASSED encommon/types/test/test_dicts.py::test_merge_dicts 
encommon/types/test/test_dicts.py::test_sort_dict 
[gw1] [ 29%] PASSED encommon/types/test/test_dicts.py::test_sort_dict 
encommon/utils/test/test_sample.py::test_read_sample 
[gw1] [ 29%] PASSED encommon/utils/test/test_sample.py::test_read_sample 
encommon/utils/test/test_stdout.py::test_array_ansi_cover 
[gw1] [ 29%] PASSED encommon/utils/test/test_stdout.py::test_array_ansi_cover 
encommon/utils/test/test_files.py::test_readsave_text 
[gw1] [ 30%] PASSED encommon/utils/test/test_files.py::test_readsave_text 
encommon/utils/test/test_files.py::test_append_text 
[gw1] [ 30%] PASSED encommon/utils/test/test_files.py::test_append_text 
encommon/webkit/test/test_datagrid.py::test_datagrid 
[gw1] [ 30%] FAILED encommon/webkit/test/test_datagrid.py::test_datagrid 
[gw2] [ 31%] FAILED encommon/webkit/test/test_color.py::test_colordiv 
[gw0] [ 31%] FAILED encommon/webkit/test/test_numeric.py::test_numeric_bytes 
[gw3] [ 31%] FAILED encommon/webkit/test/test_tagues.py::test_tagues 
encommon/webkit/test/test_numeric.py::test_numeric_count 
encommon/webkit/test/test_moderate.py::test_moderate 
encommon/times/test/test_parse.py::test_shift_time[-1mon@m-expect9] 
encommon/parse/test/test_jinja2.py::test_Jinja2_parse[100000-100000_0] 
[gw1] [ 32%] PASSED encommon/times/test/test_parse.py::test_shift_time[-1mon@m-expect9] 
encommon/times/test/test_parse.py::test_shift_time[-1w-expect13] 
[gw1] [ 32%] PASSED encommon/times/test/test_parse.py::test_shift_time[-1w-expect13] 
encommon/times/test/test_parse.py::test_shift_time[+1y-expect0] 
[gw1] [ 32%] PASSED encommon/times/test/test_parse.py::test_shift_time[+1y-expect0] 
encommon/times/test/test_parse.py::test_shift_time[+1y@s-expect2] 
[gw3] [ 33%] PASSED encommon/parse/test/test_jinja2.py::test_Jinja2_parse[100000-100000_0] 
encommon/parse/test/test_jinja2.py::test_Jinja2_parse[value4-expect4] 
[gw1] [ 33%] PASSED encommon/times/test/test_parse.py::test_shift_time[+1y@s-expect2] 
encommon/times/test/test_parse.py::test_shift_time[-1d@d-30d-expect23] 
[gw3] [ 33%] PASSED encommon/parse/test/test_jinja2.py::test_Jinja2_parse[value4-expect4] 
encommon/parse/test/test_jinja2.py::test_Jinja2_parse[{{ "01" }}-01] 
[gw1] [ 34%] PASSED encommon/times/test/test_parse.py::test_shift_time[-1d@d-30d-expect23] 
encommon/times/test/test_parse.py::test_shift_time[-1y@s-1h-expect5] 
[gw1] [ 34%] PASSED encommon/times/test/test_parse.py::test_shift_time[-1y@s-1h-expect5] 
encommon/times/test/test_parse.py::test_parse_time 
[gw1] [ 34%] PASSED encommon/times/test/test_parse.py::test_parse_time 
encommon/times/test/test_parse.py::test_shift_time[+1mon@m-expect8] 
[gw1] [ 35%] PASSED encommon/times/test/test_parse.py::test_shift_time[+1mon@m-expect8] 
[gw3] [ 35%] PASSED encommon/parse/test/test_jinja2.py::test_Jinja2_parse[{{ "01" }}-01] 
encommon/parse/test/test_jinja2.py::test_Jinja2_recurse 
encommon/times/test/test_parse.py::test_shift_time[+1d@d+30d-expect22] 
[gw1] [ 35%] PASSED encommon/times/test/test_parse.py::test_shift_time[+1d@d+30d-expect22] 
encommon/times/test/test_parse.py::test_since_time 
[gw1] [ 36%] PASSED encommon/times/test/test_parse.py::test_since_time 
encommon/times/test/test_parse.py::test_shift_time[-1mon-expect7] 
[gw3] [ 36%] PASSED encommon/parse/test/test_jinja2.py::test_Jinja2_recurse 
encommon/parse/test/test_jinja2.py::test_Jinja2_parse[foo-foo] 
[gw1] [ 36%] PASSED encommon/times/test/test_parse.py::test_shift_time[-1mon-expect7] 
[gw3] [ 37%] PASSED encommon/parse/test/test_jinja2.py::test_Jinja2_parse[foo-foo] 
encommon/parse/test/test_jinja2.py::test_Jinja2_parse[100000-100000_1] 
encommon/times/test/test_parse.py::test_shift_time[+1y@s+1h-expect4] 
[gw3] [ 37%] PASSED encommon/parse/test/test_jinja2.py::test_Jinja2_parse[100000-100000_1] 
encommon/parse/test/test_jinja2.py::test_Jinja2_literal[{{ 1.2 }}-1.2] 
[gw1] [ 37%] PASSED encommon/times/test/test_parse.py::test_shift_time[+1y@s+1h-expect4] 
encommon/times/test/test_parse.py::test_shift_time[-1w@h-1w-expect17] 
[gw3] [ 38%] PASSED encommon/parse/test/test_jinja2.py::test_Jinja2_literal[{{ 1.2 }}-1.2] 
[gw1] [ 38%] PASSED encommon/times/test/test_parse.py::test_shift_time[-1w@h-1w-expect17] 
encommon/times/test/test_parse.py::test_shift_time[+1d-expect18] 
encommon/parse/test/test_jinja2.py::test_Jinja2_literal[{{ 123 }}-123] 
[gw1] [ 38%] PASSED encommon/times/test/test_parse.py::test_shift_time[+1d-expect18] 
encommon/times/test/test_parse.py::test_shift_time[+1mon-expect6] 
[gw3] [ 39%] PASSED encommon/parse/test/test_jinja2.py::test_Jinja2_literal[{{ 123 }}-123] 
encommon/parse/test/test_jinja2.py::test_Jinja2_parse[1.0-1.0] 
[gw1] [ 39%] PASSED encommon/times/test/test_parse.py::test_shift_time[+1mon-expect6] 
encommon/times/test/test_parse.py::test_shift_time[+1d@d-expect20] 
[gw3] [ 39%] PASSED encommon/parse/test/test_jinja2.py::test_Jinja2_parse[1.0-1.0] 
encommon/parse/test/test_jinja2.py::test_Jinja2_parse[{{ 0 | Time }}-1970-01-01T00:00:00.000000+0000] 
[gw1] [ 40%] PASSED encommon/times/test/test_parse.py::test_shift_time[+1d@d-expect20] 
encommon/times/test/test_parse.py::test_string_time 
[gw3] [ 40%] PASSED encommon/parse/test/test_jinja2.py::test_Jinja2_parse[{{ 0 | Time }}-1970-01-01T00:00:00.000000+0000] 
encommon/parse/test/test_jinja2.py::test_Jinja2 
[gw1] [ 40%] PASSED encommon/times/test/test_parse.py::test_string_time 
encommon/times/test/test_parse.py::test_shift_time[-1mon@m-1mon-expect11] 
[gw3] [ 41%] PASSED encommon/parse/test/test_jinja2.py::test_Jinja2 
[gw1] [ 41%] PASSED encommon/times/test/test_parse.py::test_shift_time[-1mon@m-1mon-expect11] 
encommon/parse/test/test_jinja2.py::test_Jinja2_parse[[1, 2]-expect15] 
encommon/times/test/test_parse.py::test_shift_time[-1d@d-expect21] 
[gw3] [ 41%] PASSED encommon/parse/test/test_jinja2.py::test_Jinja2_parse[[1, 2]-expect15] 
encommon/parse/test/test_jinja2.py::test_Jinja2_parse[{{ "1" | float }}-1.0] 
[gw1] [ 42%] PASSED encommon/times/test/test_parse.py::test_shift_time[-1d@d-expect21] 
encommon/times/test/test_parse.py::test_shift_time[+1w-expect12] 
[gw1] [ 42%] PASSED encommon/times/test/test_parse.py::test_shift_time[+1w-expect12] 
[gw3] [ 42%] PASSED encommon/parse/test/test_jinja2.py::test_Jinja2_parse[{{ "1" | float }}-1.0] 
encommon/times/test/test_parse.py::test_shift_time[+1w@h+1w-expect16] 
[gw1] [ 42%] PASSED encommon/times/test/test_parse.py::test_shift_time[+1w@h+1w-expect16] 
encommon/parse/test/test_jinja2.py::test_Jinja2_parse[{{ 1 }}-1] 
encommon/times/test/test_parse.py::test_shift_time[-1y@s-expect3] 
[gw3] [ 43%] PASSED encommon/parse/test/test_jinja2.py::test_Jinja2_parse[{{ 1 }}-1] 
[gw1] [ 43%] PASSED encommon/times/test/test_parse.py::test_shift_time[-1y@s-expect3] 
encommon/times/test/test_parse.py::test_shift_time[-1d-expect19] 
encommon/parse/test/test_jinja2.py::test_Jinja2_parse[{{ "1" | int }}-1] 
[gw1] [ 43%] PASSED encommon/times/test/test_parse.py::test_shift_time[-1d-expect19] 
encommon/times/test/test_parse.py::test_shift_time[-1w@h-expect15] 
[gw3] [ 44%] PASSED encommon/parse/test/test_jinja2.py::test_Jinja2_parse[{{ "1" | int }}-1] 
[gw1] [ 44%] PASSED encommon/times/test/test_parse.py::test_shift_time[-1w@h-expect15] 
encommon/times/test/test_parse.py::test_shift_time[+1mon@m+1mon-expect10] 
encommon/parse/test/test_jinja2.py::test_Jinja2_cover 
[gw1] [ 44%] PASSED encommon/times/test/test_parse.py::test_shift_time[+1mon@m+1mon-expect10] 
encommon/times/test/test_parse.py::test_shift_time[+1w@h-expect14] 
[gw1] [ 45%] PASSED encommon/times/test/test_parse.py::test_shift_time[+1w@h-expect14] 
encommon/times/test/test_parse.py::test_shift_time[-1y-expect1] 
[gw3] [ 45%] PASSED encommon/parse/test/test_jinja2.py::test_Jinja2_cover 
[gw1] [ 45%] PASSED encommon/times/test/test_parse.py::test_shift_time[-1y-expect1] 
encommon/parse/test/test_jinja2.py::test_Jinja2_parse[1.0.0-1.0.0] 
[gw3] [ 46%] PASSED encommon/parse/test/test_jinja2.py::test_Jinja2_parse[1.0.0-1.0.0] 
encommon/times/parse.py::encommon.times.parse.since_time 
[gw1] [ 46%] PASSED encommon/times/parse.py::encommon.times.parse.since_time 
encommon/colors/color.py::encommon.colors.color.Color 
encommon/times/parse.py::encommon.times.parse.parse_time 
[gw1] [ 46%] PASSED encommon/times/parse.py::encommon.times.parse.parse_time 
[gw3] [ 47%] PASSED encommon/colors/color.py::encommon.colors.color.Color 
encommon/times/parse.py::encommon.times.parse.string_time 
encommon/config/logger.py::encommon.config.logger.Message 
[gw1] [ 47%] PASSED encommon/times/parse.py::encommon.times.parse.string_time 
encommon/types/notate.py::encommon.types.notate.delate 
[gw3] [ 47%] PASSED encommon/config/logger.py::encommon.config.logger.Message 
encommon/config/logger.py::encommon.config.logger.Logger 
[gw1] [ 48%] PASSED encommon/types/notate.py::encommon.types.notate.delate 
encommon/times/unitime.py::encommon.times.unitime.unitime 
[gw3] [ 48%] PASSED encommon/config/logger.py::encommon.config.logger.Logger 
encommon/config/config.py::encommon.config.config.Config 
[gw1] [ 48%] PASSED encommon/times/unitime.py::encommon.times.unitime.unitime 
encommon/times/utils.py::encommon.times.utils.strftime 
[gw1] [ 49%] PASSED encommon/times/utils.py::encommon.times.utils.strftime 
encommon/types/notate.py::encommon.types.notate.getate 
[gw3] [ 49%] PASSED encommon/config/config.py::encommon.config.config.Config 
encommon/crypts/crypts.py::encommon.crypts.crypts.Crypts 
[gw1] [ 49%] PASSED encommon/types/notate.py::encommon.types.notate.getate 
encommon/times/window.py::encommon.times.window.Window 
[gw1] [ 50%] PASSED encommon/times/window.py::encommon.times.window.Window 
encommon/times/timer.py::encommon.times.timer.Timer 
[gw3] [ 50%] PASSED encommon/crypts/crypts.py::encommon.crypts.crypts.Crypts 
encommon/crypts/hashes.py::encommon.crypts.hashes.Hashes 
[gw3] [ 50%] PASSED encommon/crypts/hashes.py::encommon.crypts.hashes.Hashes 
encommon/parse/jinja2.py::encommon.parse.jinja2.Jinja2 
[gw3] [ 51%] PASSED encommon/parse/jinja2.py::encommon.parse.jinja2.Jinja2 
encommon/times/parse.py::encommon.times.parse.shift_time 
[gw3] [ 51%] PASSED encommon/times/parse.py::encommon.times.parse.shift_time 
encommon/times/duration.py::encommon.times.duration.Duration 
[gw3] [ 51%] PASSED encommon/times/duration.py::encommon.times.duration.Duration 
encommon/types/strings.py::encommon.types.strings.inrepr 
[gw3] [ 52%] PASSED encommon/types/strings.py::encommon.types.strings.inrepr 
encommon/types/dicts.py::encommon.types.dicts.sort_dict 
[gw3] [ 52%] PASSED encommon/types/dicts.py::encommon.types.dicts.sort_dict 
encommon/types/dicts.py::encommon.types.dicts.merge_dicts 
[gw3] [ 52%] PASSED encommon/types/dicts.py::encommon.types.dicts.merge_dicts 
encommon/times/time.py::encommon.times.time.Time 
[gw3] [ 53%] PASSED encommon/times/time.py::encommon.times.time.Time 
encommon/types/notate.py::encommon.types.notate.setate 
[gw3] [ 53%] PASSED encommon/types/notate.py::encommon.types.notate.setate 
encommon/types/notate.py::encommon.types.notate.impate 
[gw3] [ 53%] PASSED encommon/types/notate.py::encommon.types.notate.impate 
encommon/times/utils.py::encommon.times.utils.findtz 
[gw3] [ 54%] PASSED encommon/times/utils.py::encommon.times.utils.findtz 
encommon/types/lists.py::encommon.types.lists.fuzzy_list 
[gw3] [ 54%] PASSED encommon/types/lists.py::encommon.types.lists.fuzzy_list 
encommon/types/strings.py::encommon.types.strings.strplwr 
[gw3] [ 54%] PASSED encommon/types/strings.py::encommon.types.strings.strplwr 
encommon/types/lists.py::encommon.types.lists.dedup_list 
[gw3] [ 55%] PASSED encommon/types/lists.py::encommon.types.lists.dedup_list 
encommon/types/strings.py::encommon.types.strings.hasstr 
[gw3] [ 55%] PASSED encommon/types/strings.py::encommon.types.strings.hasstr 
encommon/times/utils.py::encommon.times.utils.strptime 
[gw3] [ 55%] PASSED encommon/times/utils.py::encommon.times.utils.strptime 
encommon/utils/stdout.py::encommon.utils.stdout.array_ansi 
[gw3] [ 56%] PASSED encommon/utils/stdout.py::encommon.utils.stdout.array_ansi 
encommon/utils/sample.py::encommon.utils.sample.load_sample 
[gw3] [ 56%] PASSED encommon/utils/sample.py::encommon.utils.sample.load_sample 
encommon/utils/paths.py::encommon.utils.paths.resolve_path 
[gw3] [ 56%] PASSED encommon/utils/paths.py::encommon.utils.paths.resolve_path 
encommon/utils/match.py::encommon.utils.match.rgxp_match 
[gw3] [ 57%] PASSED encommon/utils/match.py::encommon.utils.match.rgxp_match 
encommon/utils/files.py::encommon.utils.files.save_text 
[gw3] [ 57%] PASSED encommon/utils/files.py::encommon.utils.files.save_text 
encommon/utils/paths.py::encommon.utils.paths.resolve_paths 
[gw3] [ 57%] PASSED encommon/utils/paths.py::encommon.utils.paths.resolve_paths 
encommon/utils/stdout.py::encommon.utils.stdout.strip_ansi 
[gw3] [ 57%] PASSED encommon/utils/stdout.py::encommon.utils.stdout.strip_ansi 
encommon/utils/match.py::encommon.utils.match.fuzz_match 
[gw3] [ 58%] PASSED encommon/utils/match.py::encommon.utils.match.fuzz_match 
encommon/utils/stdout.py::encommon.utils.stdout.kvpair_ansi 
[gw3] [ 58%] PASSED encommon/utils/stdout.py::encommon.utils.stdout.kvpair_ansi 
encommon/utils/paths.py::encommon.utils.paths.stats_path 
[gw3] [ 58%] PASSED encommon/utils/paths.py::encommon.utils.paths.stats_path 
encommon/utils/stdout.py::encommon.utils.stdout.print_ansi 
[gw3] [ 59%] PASSED encommon/utils/stdout.py::encommon.utils.stdout.print_ansi 
encommon/utils/files.py::encommon.utils.files.append_text 
[gw3] [ 59%] PASSED encommon/utils/files.py::encommon.utils.files.append_text 
encommon/utils/files.py::encommon.utils.files.read_text 
[gw3] [ 59%] PASSED encommon/utils/files.py::encommon.utils.files.read_text 
encommon/utils/sample.py::encommon.utils.sample.prep_sample 
[gw3] [ 60%] PASSED encommon/utils/sample.py::encommon.utils.sample.prep_sample 
encommon/utils/stdout.py::encommon.utils.stdout.make_ansi 
[gw3] [ 60%] PASSED encommon/utils/stdout.py::encommon.utils.stdout.make_ansi 
encommon/config/test/test_config.py::test_Config 
[gw3] [ 60%] PASSED encommon/config/test/test_config.py::test_Config 
encommon/config/test/test_config.py::test_Config_jinja2 
[gw3] [ 61%] PASSED encommon/config/test/test_config.py::test_Config_jinja2 
encommon/config/test/test_config.py::test_Config_cover 
[gw3] [ 61%] PASSED encommon/config/test/test_config.py::test_Config_cover 
encommon/webkit/test/test_image.py::test_image 
[gw2] [ 61%] FAILED encommon/webkit/test/test_moderate.py::test_moderate 
[gw0] [ 62%] FAILED encommon/webkit/test/test_numeric.py::test_numeric_count 
encommon/parse/test/test_network.py::test_Network_ipv6 
[gw2] [ 62%] PASSED encommon/parse/test/test_network.py::test_Network_ipv6 
encommon/parse/test/test_network.py::test_isvalid_ip 
[gw2] [ 62%] PASSED encommon/parse/test/test_network.py::test_isvalid_ip 
encommon/parse/test/test_network.py::test_Network 
[gw2] [ 63%] PASSED encommon/parse/test/test_network.py::test_Network 
encommon/utils/test/test_sample.py::test_prep_sample 
[gw2] [ 63%] PASSED encommon/utils/test/test_sample.py::test_prep_sample 
encommon/utils/test/test_sample.py::test_rvrt_sample 
[gw2] [ 63%] PASSED encommon/utils/test/test_sample.py::test_rvrt_sample 
encommon/utils/test/test_sample.py::test_load_sample 
[gw2] [ 64%] PASSED encommon/utils/test/test_sample.py::test_load_sample 
encommon/crypts/test/test_hashes.py::test_Hashes 
[gw2] [ 64%] PASSED encommon/crypts/test/test_hashes.py::test_Hashes 
encommon/types/test/test_lists.py::test_inlist 
encommon/webkit/test/test_numeric.py::test_numeric 
[gw2] [ 64%] PASSED encommon/types/test/test_lists.py::test_inlist 
encommon/types/test/test_lists.py::test_fuzzy_list 
[gw2] [ 65%] PASSED encommon/types/test/test_lists.py::test_fuzzy_list 
encommon/types/test/test_lists.py::test_dedup_list 
[gw2] [ 65%] PASSED encommon/types/test/test_lists.py::test_dedup_list 
encommon/utils/test/test_stdout.py::test_make_ansi 
[gw2] [ 65%] PASSED encommon/utils/test/test_stdout.py::test_make_ansi 
encommon/utils/test/test_stdout.py::test_kvpair_ansi 
[gw2] [ 66%] PASSED encommon/utils/test/test_stdout.py::test_kvpair_ansi 
encommon/utils/test/test_stdout.py::test_print_ansi 
[gw2] [ 66%] PASSED encommon/utils/test/test_stdout.py::test_print_ansi 
encommon/utils/test/test_stdout.py::test_strip_ansi 
[gw2] [ 66%] PASSED encommon/utils/test/test_stdout.py::test_strip_ansi 
encommon/utils/test/test_stdout.py::test_array_ansi 
[gw2] [ 67%] PASSED encommon/utils/test/test_stdout.py::test_array_ansi 
encommon/webkit/test/test_helpers.py::test_helpers_assert 
[gw1] [ 67%] PASSED encommon/times/timer.py::encommon.times.timer.Timer 
encommon/types/strings.py::encommon.types.strings.rplstr 
[gw1] [ 67%] PASSED encommon/types/strings.py::encommon.types.strings.rplstr 
encommon/times/windows.py::encommon.times.windows.Windows 
[gw1] [ 68%] PASSED encommon/times/windows.py::encommon.times.windows.Windows 
encommon/types/empty.py::encommon.types.empty.EmptyType 
[gw1] [ 68%] PASSED encommon/types/empty.py::encommon.types.empty.EmptyType 
encommon/times/timers.py::encommon.times.timers.Timers 
[gw3] [ 68%] FAILED encommon/webkit/test/test_image.py::test_image 
encommon/config/test/test_utils.py::test_config_load 
[gw3] [ 69%] PASSED encommon/config/test/test_utils.py::test_config_load 
encommon/config/test/test_utils.py::test_config_path 
[gw3] [ 69%] PASSED encommon/config/test/test_utils.py::test_config_path 
encommon/config/test/test_utils.py::test_config_paths 
[gw3] [ 69%] PASSED encommon/config/test/test_utils.py::test_config_paths 
encommon/webkit/test/test_helpers.py::test_helpers_whenready 
[gw2] [ 70%] FAILED encommon/webkit/test/test_helpers.py::test_helpers_assert 
[gw0] [ 70%] FAILED encommon/webkit/test/test_numeric.py::test_numeric 
encommon/types/test/test_empty.py::test_EmptyType 
[gw0] [ 70%] PASSED encommon/types/test/test_empty.py::test_EmptyType 
encommon/colors/test/test_color.py::test_Color_xyz[800080-expect10] 
encommon/webkit/test/test_helpers.py::test_helpers_isstr 
[gw0] [ 71%] PASSED encommon/colors/test/test_color.py::test_Color_xyz[800080-expect10] 
encommon/colors/test/test_color.py::test_Color_hsl[ff00cc-expect0] 
[gw0] [ 71%] PASSED encommon/colors/test/test_color.py::test_Color_hsl[ff00cc-expect0] 
encommon/colors/test/test_color.py::test_Color_rgb[ff00cc-expect0] 
[gw0] [ 71%] PASSED encommon/colors/test/test_color.py::test_Color_rgb[ff00cc-expect0] 
encommon/colors/test/test_color.py::test_Color_xyz[808080-expect6] 
[gw0] [ 71%] PASSED encommon/colors/test/test_color.py::test_Color_xyz[808080-expect6] 
encommon/colors/test/test_color.py::test_Color_xyz[ffff00-expect7] 
[gw0] [ 72%] PASSED encommon/colors/test/test_color.py::test_Color_xyz[ffff00-expect7] 
encommon/colors/test/test_color.py::test_Color_xy[ff00cc-expect0] 
[gw0] [ 72%] PASSED encommon/colors/test/test_color.py::test_Color_xy[ff00cc-expect0] 
encommon/colors/test/test_color.py::test_Color_xyz[0000ff-expect5] 
[gw0] [ 72%] PASSED encommon/colors/test/test_color.py::test_Color_xyz[0000ff-expect5] 
encommon/colors/test/test_color.py::test_Color_xyz[ff0000-expect3] 
[gw0] [ 73%] PASSED encommon/colors/test/test_color.py::test_Color_xyz[ff0000-expect3] 
encommon/colors/test/test_color.py::test_Color_hsl[00ffff-expect8] 
[gw0] [ 73%] PASSED encommon/colors/test/test_color.py::test_Color_hsl[00ffff-expect8] 
encommon/colors/test/test_color.py::test_Color_rgb[00ffff-expect8] 
[gw0] [ 73%] PASSED encommon/colors/test/test_color.py::test_Color_rgb[00ffff-expect8] 
encommon/colors/test/test_color.py::test_Color_xyz[000000-expect2] 
[gw0] [ 74%] PASSED encommon/colors/test/test_color.py::test_Color_xyz[000000-expect2] 
encommon/colors/test/test_color.py::test_Color_cover 
[gw0] [ 74%] PASSED encommon/colors/test/test_color.py::test_Color_cover 
encommon/colors/test/test_color.py::test_Color_hsl[ff00ff-expect9] 
[gw0] [ 74%] PASSED encommon/colors/test/test_color.py::test_Color_hsl[ff00ff-expect9] 
encommon/colors/test/test_color.py::test_Color_xyz[ffffff-expect1] 
[gw0] [ 75%] PASSED encommon/colors/test/test_color.py::test_Color_xyz[ffffff-expect1] 
encommon/colors/test/test_color.py::test_Color_rgb[ff00ff-expect9] 
[gw0] [ 75%] PASSED encommon/colors/test/test_color.py::test_Color_rgb[ff00ff-expect9] 
encommon/webkit/test/test_helpers.py::test_helpers_istime 
[gw3] [ 75%] FAILED encommon/webkit/test/test_helpers.py::test_helpers_whenready 
[gw1] [ 76%] PASSED encommon/times/timers.py::encommon.times.timers.Timers 
encommon/types/strings.py::encommon.types.strings.instr 
[gw1] [ 76%] PASSED encommon/types/strings.py::encommon.types.strings.instr 
encommon/types/lists.py::encommon.types.lists.inlist 
[gw1] [ 76%] PASSED encommon/types/lists.py::encommon.types.lists.inlist 
encommon/times/utils.py::encommon.times.utils.utcdatetime 
[gw1] [ 77%] PASSED encommon/times/utils.py::encommon.times.utils.utcdatetime 
encommon/types/notate.py::encommon.types.notate.expate 
[gw1] [ 77%] PASSED encommon/types/notate.py::encommon.types.notate.expate 
encommon/types/test/test_notate.py::test_impate 
encommon/webkit/test/test_helpers.py::test_helpers_istrue 
[gw1] [ 77%] PASSED encommon/types/test/test_notate.py::test_impate 
encommon/types/test/test_notate.py::test_setate 
[gw1] [ 78%] PASSED encommon/types/test/test_notate.py::test_setate 
encommon/types/test/test_notate.py::test_delate_raises 
[gw1] [ 78%] PASSED encommon/types/test/test_notate.py::test_delate_raises 
encommon/types/test/test_notate.py::test_expate_cover 
[gw1] [ 78%] PASSED encommon/types/test/test_notate.py::test_expate_cover 
encommon/types/test/test_notate.py::test_setate_raises 
[gw1] [ 79%] PASSED encommon/types/test/test_notate.py::test_setate_raises 
encommon/types/test/test_notate.py::test_getate 
[gw1] [ 79%] PASSED encommon/types/test/test_notate.py::test_getate 
encommon/types/test/test_notate.py::test_impate_cover 
[gw1] [ 79%] PASSED encommon/types/test/test_notate.py::test_impate_cover 
encommon/types/test/test_notate.py::test_delate 
[gw1] [ 80%] PASSED encommon/types/test/test_notate.py::test_delate 
encommon/types/test/test_notate.py::test_impate_raises 
[gw1] [ 80%] PASSED encommon/types/test/test_notate.py::test_impate_raises 
encommon/types/test/test_notate.py::test_setate_cover 
[gw1] [ 80%] PASSED encommon/types/test/test_notate.py::test_setate_cover 
encommon/types/test/test_notate.py::test_getate_cover 
[gw1] [ 81%] PASSED encommon/types/test/test_notate.py::test_getate_cover 
encommon/types/test/test_notate.py::test_expate 
[gw1] [ 81%] PASSED encommon/types/test/test_notate.py::test_expate 
encommon/webkit/test/test_default.py::test_default_addClass 
[gw2] [ 81%] FAILED encommon/webkit/test/test_helpers.py::test_helpers_isstr 
encommon/webkit/test/test_helpers.py::test_helpers_isfalse 
[gw0] [ 82%] FAILED encommon/webkit/test/test_helpers.py::test_helpers_istime 
encommon/webkit/test/test_helpers.py::test_helpers_dumps 
[gw3] [ 82%] FAILED encommon/webkit/test/test_helpers.py::test_helpers_istrue 
encommon/webkit/test/test_helpers.py::test_helpers_isdict 
[gw1] [ 82%] FAILED encommon/webkit/test/test_default.py::test_default_addClass 
[gw2] [ 83%] FAILED encommon/webkit/test/test_helpers.py::test_helpers_isfalse 
encommon/webkit/test/test_default.py::test_default_replace 
encommon/webkit/test/test_helpers.py::test_helpers_isnode 
[gw0] [ 83%] FAILED encommon/webkit/test/test_helpers.py::test_helpers_dumps 
encommon/webkit/test/test_helpers.py::test_helpers_isbool 
[gw3] [ 83%] FAILED encommon/webkit/test/test_helpers.py::test_helpers_isdict 
encommon/webkit/test/test_helpers.py::test_helpers_isempty 
[gw1] [ 84%] FAILED encommon/webkit/test/test_default.py::test_default_replace 
[gw2] [ 84%] FAILED encommon/webkit/test/test_helpers.py::test_helpers_isnode 
encommon/webkit/test/test_default.py::test_default_attr 
encommon/webkit/test/test_helpers.py::test_helpers_isquery 
[gw0] [ 84%] FAILED encommon/webkit/test/test_helpers.py::test_helpers_isbool 
encommon/webkit/test/test_helpers.py::test_helpers_loads 
[gw3] [ 85%] FAILED encommon/webkit/test/test_helpers.py::test_helpers_isempty 
encommon/webkit/test/test_helpers.py::test_helpers_isnum 
[gw1] [ 85%] FAILED encommon/webkit/test/test_default.py::test_default_attr 
[gw2] [ 85%] FAILED encommon/webkit/test/test_helpers.py::test_helpers_isquery 
encommon/webkit/test/test_default.py::test_default_append 
encommon/webkit/test/test_default.py::test_default_remClass 
[gw0] [ 85%] FAILED encommon/webkit/test/test_helpers.py::test_helpers_loads 
encommon/webkit/test/test_helpers.py::test_helpers_islist 
[gw3] [ 86%] FAILED encommon/webkit/test/test_helpers.py::test_helpers_isnum 
encommon/webkit/test/test_helpers.py::test_helpers_isnull 
[gw2] [ 86%] FAILED encommon/webkit/test/test_default.py::test_default_remClass 
[gw1] [ 86%] FAILED encommon/webkit/test/test_default.py::test_default_append 
encommon/webkit/test/test_default.py::test_default_styles 
encommon/webkit/test/test_default.py::test_default_create 
[gw0] [ 87%] FAILED encommon/webkit/test/test_helpers.py::test_helpers_islist 
encommon/webkit/test/test_content.py::test_Content 
[gw0] [ 87%] PASSED encommon/webkit/test/test_content.py::test_Content 
encommon/webkit/test/test_content.py::test_Content_cover 
[gw0] [ 87%] PASSED encommon/webkit/test/test_content.py::test_Content_cover 
encommon/times/test/test_duration.py::test_Duration_cover 
[gw0] [ 88%] PASSED encommon/times/test/test_duration.py::test_Duration_cover 
encommon/config/test/test_logger.py::test_Logger_cover 
[gw0] [ 88%] PASSED encommon/config/test/test_logger.py::test_Logger_cover 
encommon/config/test/test_logger.py::test_Logger 
[gw0] [ 88%] PASSED encommon/config/test/test_logger.py::test_Logger 
encommon/config/test/test_logger.py::test_Message 
[gw0] [ 89%] PASSED encommon/config/test/test_logger.py::test_Message 
encommon/config/test/test_files.py::test_ConfigFiles 
[gw0] [ 89%] PASSED encommon/config/test/test_files.py::test_ConfigFiles 
encommon/config/test/test_files.py::test_ConfigFile 
[gw0] [ 89%] PASSED encommon/config/test/test_files.py::test_ConfigFile 
encommon/config/test/test_files.py::test_ConfigFiles_cover 
[gw0] [ 90%] PASSED encommon/config/test/test_files.py::test_ConfigFiles_cover 
encommon/times/test/test_timer.py::test_Timer 
[gw3] [ 90%] FAILED encommon/webkit/test/test_helpers.py::test_helpers_isnull 
encommon/times/test/test_duration.py::test_Duration_iterate 
[gw3] [ 90%] PASSED encommon/times/test/test_duration.py::test_Duration_iterate 
encommon/times/test/test_duration.py::test_Duration 
[gw3] [ 91%] PASSED encommon/times/test/test_duration.py::test_Duration 
encommon/webkit/test/test_datetime.py::test_datestamp 
[gw1] [ 91%] FAILED encommon/webkit/test/test_default.py::test_default_create 
[gw2] [ 91%] FAILED encommon/webkit/test/test_default.py::test_default_styles 
encommon/webkit/test/test_default.py::test_default_showhide 
encommon/webkit/test/test_default.py::test_default_prop 
[gw3] [ 92%] FAILED encommon/webkit/test/test_datetime.py::test_datestamp 
[gw0] [ 92%] PASSED encommon/times/test/test_timer.py::test_Timer 
encommon/times/test/test_unitime.py::test_unitime 
[gw0] [ 92%] PASSED encommon/times/test/test_unitime.py::test_unitime 
encommon/times/test/test_windows.py::test_Windows_raises 
encommon/webkit/test/test_duration.py::test_duration 
[gw0] [ 93%] PASSED encommon/times/test/test_windows.py::test_Windows_raises 
encommon/times/test/test_windows.py::test_Windows_cover 
[gw1] [ 93%] FAILED encommon/webkit/test/test_default.py::test_default_showhide 
encommon/webkit/test/test_default.py::test_default_content 
[gw2] [ 93%] FAILED encommon/webkit/test/test_default.py::test_default_prop 
encommon/webkit/test/test_statate.py::test_statate 
[gw3] [ 94%] FAILED encommon/webkit/test/test_duration.py::test_duration 
[gw1] [ 94%] FAILED encommon/webkit/test/test_default.py::test_default_content 
encommon/times/test/test_windows.py::test_Windows 
[gw3] [ 94%] PASSED encommon/times/test/test_windows.py::test_Windows 
encommon/types/test/test_strings.py::test_rplstr 
[gw3] [ 95%] PASSED encommon/types/test/test_strings.py::test_rplstr 
encommon/types/test/test_strings.py::test_hasstr 
[gw3] [ 95%] PASSED encommon/types/test/test_strings.py::test_hasstr 
encommon/types/test/test_strings.py::test_strplwr 
[gw3] [ 95%] PASSED encommon/types/test/test_strings.py::test_strplwr 
encommon/times/test/test_utils.py::test_strptime 
[gw3] [ 96%] PASSED encommon/times/test/test_utils.py::test_strptime 
encommon/times/test/test_utils.py::test_findtz 
[gw3] [ 96%] PASSED encommon/times/test/test_utils.py::test_findtz 
encommon/types/test/test_strings.py::test_inrepr 
encommon/times/test/test_utils.py::test_findtz_raises 
[gw1] [ 96%] PASSED encommon/types/test/test_strings.py::test_inrepr 
encommon/times/test/test_utils.py::test_utcdatetime 
[gw1] [ 97%] PASSED encommon/times/test/test_utils.py::test_utcdatetime 
encommon/utils/test/test_paths.py::test_stats_path 
[gw1] [ 97%] PASSED encommon/utils/test/test_paths.py::test_stats_path 
encommon/utils/test/test_paths.py::test_resolve_path 
[gw1] [ 97%] PASSED encommon/utils/test/test_paths.py::test_resolve_path 
encommon/utils/test/test_paths.py::test_resolve_paths 
[gw1] [ 98%] PASSED encommon/utils/test/test_paths.py::test_resolve_paths 
[gw2] [ 98%] FAILED encommon/webkit/test/test_statate.py::test_statate 
encommon/types/test/test_strings.py::test_instr 
[gw2] [ 98%] PASSED encommon/types/test/test_strings.py::test_instr 
[gw3] [ 99%] PASSED encommon/times/test/test_utils.py::test_findtz_raises 
encommon/times/test/test_utils.py::test_strptime_raises 
[gw3] [ 99%] PASSED encommon/times/test/test_utils.py::test_strptime_raises 
[gw0] [ 99%] PASSED encommon/times/test/test_windows.py::test_Windows_cover 
encommon/webkit/test/test_message.py::test_message 
[gw0] [100%] FAILED encommon/webkit/test/test_message.py::test_message 

=================================== FAILURES ===================================
________________________________ test_datagrid _________________________________
[gw1] linux -- Python 3.12.13 /home/runner/work/encommon/encommon/main/.venv-package/bin/python3

content = <encommon.webkit.content.Content object at 0x7fc599ce3d70>
driver = <selenium.webdriver.chrome.webdriver.WebDriver (session="46a9e678897198c214924b766f1e9b2a")>

    def test_datagrid(
        content: 'Content',
        driver: WebDriver,
    ) -> None:
        """
        Perform various tests associated with relevant routines.
    
        :param content: Primary class instance for the content.
        :param driver: Selenium driver provided by the library.
        """
    
    
        driver.get(
            f"""
            data:text/html;
            charset=utf-8,
            <html>
              <head>
                <script>
            {content.scripts('default')}
            {content.scripts('helpers')}
            {content.scripts('datagrid')}
                </script>
              </head>
              <body></body>
            </html>
            """)
    
    
        fields = {
            'foo': 'Foo',
            'bar': 'Bar'}
    
        values = [
            {'foo': '1',
             'bar': 1},
            {'foo': '2',
             'bar': 2}]
    
    
>       outcome = _executejs(
            driver,
            'let element ='
            ' datagrid(...arguments);'
            'return'
            ' element[0].outerHTML;',
            fields,
            values,
            wrap=False)

encommon/webkit/test/test_datagrid.py:61: 
_ _ _ _ _ _ _ _ _ _ _ _ _ _ _ _ _ _ _ _ _ _ _ _ _ _ _ _ _ _ _ _ _ _ _ _ _ _ _ _ 
encommon/webkit/test/__init__.py:36: in _executejs
    driver
.venv-package/lib/python3.12/site-packages/selenium/webdriver/remote/webdriver.py:532: in execute_script
    return self.execute(command, {"script": script, "args": converted_args})["value"]
           ^^^^^^^^^^^^^^^^^^^^^^^^^^^^^^^^^^^^^^^^^^^^^^^^^^^^^^^^^^^^^^^^^
.venv-package/lib/python3.12/site-packages/selenium/webdriver/remote/webdriver.py:446: in execute
    self.error_handler.check_response(response)
_ _ _ _ _ _ _ _ _ _ _ _ _ _ _ _ _ _ _ _ _ _ _ _ _ _ _ _ _ _ _ _ _ _ _ _ _ _ _ _ 

self = <selenium.webdriver.remote.errorhandler.ErrorHandler object at 0x7fc599fa0380>
response = {'status': 500, 'value': '{"value":{"error":"javascript error","message":"javascript error: datagrid is not defined\\n...\\n#15 0x56253966f4de \\u003Cunknown>\\n#16 0x7f8fdea9caa4 \\u003Cunknown>\\n#17 0x7f8fdeb29c6c \\u003Cunknown>\\n"}}'}

    def check_response(self, response: dict[str, Any]) -> None:
        """Check that a JSON response from the WebDriver does not have an error.
    
        Args:
            response: The JSON response from the WebDriver server as a dictionary
                object.
    
        Raises:
            WebDriverException: If the response contains an error message.
        """
        status = response.get("status", None)
        if not status or status == ErrorCode.SUCCESS:
            return
        value = None
        message = response.get("message", "")
        screen: str = response.get("screen", "")
        stacktrace = None
        if isinstance(status, int):
            value_json = response.get("value", None)
            if value_json and isinstance(value_json, str):
                try:
                    value = json.loads(value_json)
                    if isinstance(value, dict):
                        if len(value) == 1:
                            value = value["value"]
                        status = value.get("error", None)
                        if not status:
                            status = value.get("status", ErrorCode.UNKNOWN_ERROR)
                            message = value.get("value") or value.get("message")
                            if not isinstance(message, str):
                                value = message
                                message = message.get("message") if isinstance(message, dict) else None
                        else:
                            message = value.get("message", None)
                except ValueError:
                    pass
    
        exception_class: type[WebDriverException]
        e = ErrorCode()
        error_codes = [item for item in dir(e) if not item.startswith("__")]
        for error_code in error_codes:
            error_info = getattr(ErrorCode, error_code)
            if isinstance(error_info, list) and status in error_info:
                exception_class = getattr(ExceptionMapping, error_code, WebDriverException)
                break
        else:
            exception_class = WebDriverException
    
        if not value:
            value = response["value"]
        if isinstance(value, str):
            raise exception_class(value)
        if message == "" and "message" in value:
            message = value["message"]
    
        screen = None  # type: ignore[assignment]
        if "screen" in value:
            screen = value["screen"]
    
        stacktrace = None
        st_value = value.get("stackTrace") or value.get("stacktrace")
        if st_value:
            if isinstance(st_value, str):
                stacktrace = st_value.split("\n")
            else:
                stacktrace = []
                try:
                    for frame in st_value:
                        line = frame.get("lineNumber", "")
                        file = frame.get("fileName", "<anonymous>")
                        if line:
                            file = f"{file}:{line}"
                        meth = frame.get("methodName", "<anonymous>")
                        if "className" in frame:
                            meth = f"{frame['className']}.{meth}"
                        msg = "    at %s (%s)"
                        msg = msg % (meth, file)
                        stacktrace.append(msg)
                except TypeError:
                    pass
        if exception_class == UnexpectedAlertPresentException:
            alert_text = None
            if "data" in value:
                alert_text = value["data"].get("text")
            elif "alert" in value:
                alert_text = value["alert"].get("text")
            raise exception_class(message, screen, stacktrace, alert_text)  # type: ignore[call-arg]  # mypy is not smart enough here
>       raise exception_class(message, screen, stacktrace)
E       selenium.common.exceptions.JavascriptException: Message: javascript error: datagrid is not defined
E         (Session info: chrome=146.0.7680.164)
E       Stacktrace:
E       #0 0x562539670a6a <unknown>
E       #1 0x56253907fab5 <unknown>
E       #2 0x56253908692b <unknown>
E       #3 0x5625390894ab <unknown>
E       #4 0x56253911b8d9 <unknown>
E       #5 0x56253911a7b6 <unknown>
E       #6 0x5625390c5cbf <unknown>
E       #7 0x5625390c6a81 <unknown>
E       #8 0x562539636a64 <unknown>
E       #9 0x562539639951 <unknown>
E       #10 0x56253962321e <unknown>
E       #11 0x56253963a51e <unknown>
E       #12 0x562539609be0 <unknown>
E       #13 0x56253965d9b8 <unknown>
E       #14 0x56253965db88 <unknown>
E       #15 0x56253966f4de <unknown>
E       #16 0x7f8fdea9caa4 <unknown>
E       #17 0x7f8fdeb29c6c <unknown>

.venv-package/lib/python3.12/site-packages/selenium/webdriver/remote/errorhandler.py:232: JavascriptException
________________________________ test_colordiv _________________________________
[gw2] linux -- Python 3.12.13 /home/runner/work/encommon/encommon/main/.venv-package/bin/python3

content = <encommon.webkit.content.Content object at 0x7fa4c1517020>
driver = <selenium.webdriver.chrome.webdriver.WebDriver (session="931c646813bfd13c08573ea540c4ef13")>

    def test_colordiv(
        content: 'Content',
        driver: WebDriver,
    ) -> None:
        """
        Perform various tests associated with relevant routines.
    
        :param content: Primary class instance for the content.
        :param driver: Selenium driver provided by the library.
        """
    
    
        driver.get(
            f"""
            data:text/html;
            charset=utf-8,
            <html>
              <head>
                <script>
            {content.scripts('default')}
            {content.scripts('helpers')}
            {content.scripts('color')}
                </script>
              </head>
              <body></body>
            </html>
            """)
    
    
>       outcome = _executejs(
            driver,
            'let element ='
            ' colordiv(...arguments);'
            'return'
            ' element[0].outerHTML;',
            '#FF00CC',
            wrap=False)

encommon/webkit/test/test_color.py:50: 
_ _ _ _ _ _ _ _ _ _ _ _ _ _ _ _ _ _ _ _ _ _ _ _ _ _ _ _ _ _ _ _ _ _ _ _ _ _ _ _ 
encommon/webkit/test/__init__.py:36: in _executejs
    driver
.venv-package/lib/python3.12/site-packages/selenium/webdriver/remote/webdriver.py:532: in execute_script
    return self.execute(command, {"script": script, "args": converted_args})["value"]
           ^^^^^^^^^^^^^^^^^^^^^^^^^^^^^^^^^^^^^^^^^^^^^^^^^^^^^^^^^^^^^^^^^
.venv-package/lib/python3.12/site-packages/selenium/webdriver/remote/webdriver.py:446: in execute
    self.error_handler.check_response(response)
_ _ _ _ _ _ _ _ _ _ _ _ _ _ _ _ _ _ _ _ _ _ _ _ _ _ _ _ _ _ _ _ _ _ _ _ _ _ _ _ 

self = <selenium.webdriver.remote.errorhandler.ErrorHandler object at 0x7fa4c18fc5f0>
response = {'status': 500, 'value': '{"value":{"error":"javascript error","message":"javascript error: colordiv is not defined\\n...\\n#15 0x55c8206c04de \\u003Cunknown>\\n#16 0x7f876449caa4 \\u003Cunknown>\\n#17 0x7f8764529c6c \\u003Cunknown>\\n"}}'}

    def check_response(self, response: dict[str, Any]) -> None:
        """Check that a JSON response from the WebDriver does not have an error.
    
        Args:
            response: The JSON response from the WebDriver server as a dictionary
                object.
    
        Raises:
            WebDriverException: If the response contains an error message.
        """
        status = response.get("status", None)
        if not status or status == ErrorCode.SUCCESS:
            return
        value = None
        message = response.get("message", "")
        screen: str = response.get("screen", "")
        stacktrace = None
        if isinstance(status, int):
            value_json = response.get("value", None)
            if value_json and isinstance(value_json, str):
                try:
                    value = json.loads(value_json)
                    if isinstance(value, dict):
                        if len(value) == 1:
                            value = value["value"]
                        status = value.get("error", None)
                        if not status:
                            status = value.get("status", ErrorCode.UNKNOWN_ERROR)
                            message = value.get("value") or value.get("message")
                            if not isinstance(message, str):
                                value = message
                                message = message.get("message") if isinstance(message, dict) else None
                        else:
                            message = value.get("message", None)
                except ValueError:
                    pass
    
        exception_class: type[WebDriverException]
        e = ErrorCode()
        error_codes = [item for item in dir(e) if not item.startswith("__")]
        for error_code in error_codes:
            error_info = getattr(ErrorCode, error_code)
            if isinstance(error_info, list) and status in error_info:
                exception_class = getattr(ExceptionMapping, error_code, WebDriverException)
                break
        else:
            exception_class = WebDriverException
    
        if not value:
            value = response["value"]
        if isinstance(value, str):
            raise exception_class(value)
        if message == "" and "message" in value:
            message = value["message"]
    
        screen = None  # type: ignore[assignment]
        if "screen" in value:
            screen = value["screen"]
    
        stacktrace = None
        st_value = value.get("stackTrace") or value.get("stacktrace")
        if st_value:
            if isinstance(st_value, str):
                stacktrace = st_value.split("\n")
            else:
                stacktrace = []
                try:
                    for frame in st_value:
                        line = frame.get("lineNumber", "")
                        file = frame.get("fileName", "<anonymous>")
                        if line:
                            file = f"{file}:{line}"
                        meth = frame.get("methodName", "<anonymous>")
                        if "className" in frame:
                            meth = f"{frame['className']}.{meth}"
                        msg = "    at %s (%s)"
                        msg = msg % (meth, file)
                        stacktrace.append(msg)
                except TypeError:
                    pass
        if exception_class == UnexpectedAlertPresentException:
            alert_text = None
            if "data" in value:
                alert_text = value["data"].get("text")
            elif "alert" in value:
                alert_text = value["alert"].get("text")
            raise exception_class(message, screen, stacktrace, alert_text)  # type: ignore[call-arg]  # mypy is not smart enough here
>       raise exception_class(message, screen, stacktrace)
E       selenium.common.exceptions.JavascriptException: Message: javascript error: colordiv is not defined
E         (Session info: chrome=146.0.7680.164)
E       Stacktrace:
E       #0 0x55c8206c1a6a <unknown>
E       #1 0x55c8200d0ab5 <unknown>
E       #2 0x55c8200d792b <unknown>
E       #3 0x55c8200da4ab <unknown>
E       #4 0x55c82016c8d9 <unknown>
E       #5 0x55c82016b7b6 <unknown>
E       #6 0x55c820116cbf <unknown>
E       #7 0x55c820117a81 <unknown>
E       #8 0x55c820687a64 <unknown>
E       #9 0x55c82068a951 <unknown>
E       #10 0x55c82067421e <unknown>
E       #11 0x55c82068b51e <unknown>
E       #12 0x55c82065abe0 <unknown>
E       #13 0x55c8206ae9b8 <unknown>
E       #14 0x55c8206aeb88 <unknown>
E       #15 0x55c8206c04de <unknown>
E       #16 0x7f876449caa4 <unknown>
E       #17 0x7f8764529c6c <unknown>

.venv-package/lib/python3.12/site-packages/selenium/webdriver/remote/errorhandler.py:232: JavascriptException
______________________________ test_numeric_bytes ______________________________
[gw0] linux -- Python 3.12.13 /home/runner/work/encommon/encommon/main/.venv-package/bin/python3

prepare = (<encommon.webkit.content.Content object at 0x7ff85637caa0>, <selenium.webdriver.chrome.webdriver.WebDriver (session="47db8e100c38af27dc5a6cdcfb81c3ee")>)

    def test_numeric_bytes(
        prepare: tuple['Content', WebDriver],
    ) -> None:
        """
        Perform various tests associated with relevant routines.
    
        :param prepare: Driver and content loaded with scripts.
        """
    
        content, driver = prepare
    
    
>       outcome = _executejs(
            driver,
            'let element ='
            ' numeric_bytes(...arguments);'
            'return'
            ' element[0].outerHTML;',
            1e10 + 1e8,
            wrap=False)

encommon/webkit/test/test_numeric.py:148: 
_ _ _ _ _ _ _ _ _ _ _ _ _ _ _ _ _ _ _ _ _ _ _ _ _ _ _ _ _ _ _ _ _ _ _ _ _ _ _ _ 
encommon/webkit/test/__init__.py:36: in _executejs
    driver
.venv-package/lib/python3.12/site-packages/selenium/webdriver/remote/webdriver.py:532: in execute_script
    return self.execute(command, {"script": script, "args": converted_args})["value"]
           ^^^^^^^^^^^^^^^^^^^^^^^^^^^^^^^^^^^^^^^^^^^^^^^^^^^^^^^^^^^^^^^^^
.venv-package/lib/python3.12/site-packages/selenium/webdriver/remote/webdriver.py:446: in execute
    self.error_handler.check_response(response)
_ _ _ _ _ _ _ _ _ _ _ _ _ _ _ _ _ _ _ _ _ _ _ _ _ _ _ _ _ _ _ _ _ _ _ _ _ _ _ _ 

self = <selenium.webdriver.remote.errorhandler.ErrorHandler object at 0x7ff8563f8560>
response = {'status': 500, 'value': '{"value":{"error":"javascript error","message":"javascript error: numeric_bytes is not defin...\\n#15 0x55d7473184de \\u003Cunknown>\\n#16 0x7f4be869caa4 \\u003Cunknown>\\n#17 0x7f4be8729c6c \\u003Cunknown>\\n"}}'}

    def check_response(self, response: dict[str, Any]) -> None:
        """Check that a JSON response from the WebDriver does not have an error.
    
        Args:
            response: The JSON response from the WebDriver server as a dictionary
                object.
    
        Raises:
            WebDriverException: If the response contains an error message.
        """
        status = response.get("status", None)
        if not status or status == ErrorCode.SUCCESS:
            return
        value = None
        message = response.get("message", "")
        screen: str = response.get("screen", "")
        stacktrace = None
        if isinstance(status, int):
            value_json = response.get("value", None)
            if value_json and isinstance(value_json, str):
                try:
                    value = json.loads(value_json)
                    if isinstance(value, dict):
                        if len(value) == 1:
                            value = value["value"]
                        status = value.get("error", None)
                        if not status:
                            status = value.get("status", ErrorCode.UNKNOWN_ERROR)
                            message = value.get("value") or value.get("message")
                            if not isinstance(message, str):
                                value = message
                                message = message.get("message") if isinstance(message, dict) else None
                        else:
                            message = value.get("message", None)
                except ValueError:
                    pass
    
        exception_class: type[WebDriverException]
        e = ErrorCode()
        error_codes = [item for item in dir(e) if not item.startswith("__")]
        for error_code in error_codes:
            error_info = getattr(ErrorCode, error_code)
            if isinstance(error_info, list) and status in error_info:
                exception_class = getattr(ExceptionMapping, error_code, WebDriverException)
                break
        else:
            exception_class = WebDriverException
    
        if not value:
            value = response["value"]
        if isinstance(value, str):
            raise exception_class(value)
        if message == "" and "message" in value:
            message = value["message"]
    
        screen = None  # type: ignore[assignment]
        if "screen" in value:
            screen = value["screen"]
    
        stacktrace = None
        st_value = value.get("stackTrace") or value.get("stacktrace")
        if st_value:
            if isinstance(st_value, str):
                stacktrace = st_value.split("\n")
            else:
                stacktrace = []
                try:
                    for frame in st_value:
                        line = frame.get("lineNumber", "")
                        file = frame.get("fileName", "<anonymous>")
                        if line:
                            file = f"{file}:{line}"
                        meth = frame.get("methodName", "<anonymous>")
                        if "className" in frame:
                            meth = f"{frame['className']}.{meth}"
                        msg = "    at %s (%s)"
                        msg = msg % (meth, file)
                        stacktrace.append(msg)
                except TypeError:
                    pass
        if exception_class == UnexpectedAlertPresentException:
            alert_text = None
            if "data" in value:
                alert_text = value["data"].get("text")
            elif "alert" in value:
                alert_text = value["alert"].get("text")
            raise exception_class(message, screen, stacktrace, alert_text)  # type: ignore[call-arg]  # mypy is not smart enough here
>       raise exception_class(message, screen, stacktrace)
E       selenium.common.exceptions.JavascriptException: Message: javascript error: numeric_bytes is not defined
E         (Session info: chrome=146.0.7680.164)
E       Stacktrace:
E       #0 0x55d747319a6a <unknown>
E       #1 0x55d746d28ab5 <unknown>
E       #2 0x55d746d2f92b <unknown>
E       #3 0x55d746d324ab <unknown>
E       #4 0x55d746dc48d9 <unknown>
E       #5 0x55d746dc37b6 <unknown>
E       #6 0x55d746d6ecbf <unknown>
E       #7 0x55d746d6fa81 <unknown>
E       #8 0x55d7472dfa64 <unknown>
E       #9 0x55d7472e2951 <unknown>
E       #10 0x55d7472cc21e <unknown>
E       #11 0x55d7472e351e <unknown>
E       #12 0x55d7472b2be0 <unknown>
E       #13 0x55d7473069b8 <unknown>
E       #14 0x55d747306b88 <unknown>
E       #15 0x55d7473184de <unknown>
E       #16 0x7f4be869caa4 <unknown>
E       #17 0x7f4be8729c6c <unknown>

.venv-package/lib/python3.12/site-packages/selenium/webdriver/remote/errorhandler.py:232: JavascriptException
_________________________________ test_tagues __________________________________
[gw3] linux -- Python 3.12.13 /home/runner/work/encommon/encommon/main/.venv-package/bin/python3

content = <encommon.webkit.content.Content object at 0x7f79020e5970>
driver = <selenium.webdriver.chrome.webdriver.WebDriver (session="9f5c9fff4f4a000befe4a5b2769a25f6")>

    def test_tagues(
        content: 'Content',
        driver: WebDriver,
    ) -> None:
        """
        Perform various tests associated with relevant routines.
    
        :param content: Primary class instance for the content.
        :param driver: Selenium driver provided by the library.
        """
    
    
        driver.get(
            f"""
            data:text/html;
            charset=utf-8,
            <html>
              <head>
                <script>
            {content.scripts('default')}
            {content.scripts('helpers')}
            {content.scripts('moderate')}
            {content.scripts('tagues')}
                </script>
              </head>
              <body></body>
            </html>
            """)
    
    
>       outcome = _executejs(
            driver,
            'let element ='
            ' tagues(...arguments);'
            'return'
            ' element[0].outerHTML;',
            ['tag_one', 'tag_two'],
            False,
            wrap=False)

encommon/webkit/test/test_tagues.py:51: 
_ _ _ _ _ _ _ _ _ _ _ _ _ _ _ _ _ _ _ _ _ _ _ _ _ _ _ _ _ _ _ _ _ _ _ _ _ _ _ _ 
encommon/webkit/test/__init__.py:36: in _executejs
    driver
.venv-package/lib/python3.12/site-packages/selenium/webdriver/remote/webdriver.py:532: in execute_script
    return self.execute(command, {"script": script, "args": converted_args})["value"]
           ^^^^^^^^^^^^^^^^^^^^^^^^^^^^^^^^^^^^^^^^^^^^^^^^^^^^^^^^^^^^^^^^^
.venv-package/lib/python3.12/site-packages/selenium/webdriver/remote/webdriver.py:446: in execute
    self.error_handler.check_response(response)
_ _ _ _ _ _ _ _ _ _ _ _ _ _ _ _ _ _ _ _ _ _ _ _ _ _ _ _ _ _ _ _ _ _ _ _ _ _ _ _ 

self = <selenium.webdriver.remote.errorhandler.ErrorHandler object at 0x7f79020e55e0>
response = {'status': 500, 'value': '{"value":{"error":"javascript error","message":"javascript error: tagues is not defined\\n  ...\\n#15 0x55d58bb684de \\u003Cunknown>\\n#16 0x7f50cb29caa4 \\u003Cunknown>\\n#17 0x7f50cb329c6c \\u003Cunknown>\\n"}}'}

    def check_response(self, response: dict[str, Any]) -> None:
        """Check that a JSON response from the WebDriver does not have an error.
    
        Args:
            response: The JSON response from the WebDriver server as a dictionary
                object.
    
        Raises:
            WebDriverException: If the response contains an error message.
        """
        status = response.get("status", None)
        if not status or status == ErrorCode.SUCCESS:
            return
        value = None
        message = response.get("message", "")
        screen: str = response.get("screen", "")
        stacktrace = None
        if isinstance(status, int):
            value_json = response.get("value", None)
            if value_json and isinstance(value_json, str):
                try:
                    value = json.loads(value_json)
                    if isinstance(value, dict):
                        if len(value) == 1:
                            value = value["value"]
                        status = value.get("error", None)
                        if not status:
                            status = value.get("status", ErrorCode.UNKNOWN_ERROR)
                            message = value.get("value") or value.get("message")
                            if not isinstance(message, str):
                                value = message
                                message = message.get("message") if isinstance(message, dict) else None
                        else:
                            message = value.get("message", None)
                except ValueError:
                    pass
    
        exception_class: type[WebDriverException]
        e = ErrorCode()
        error_codes = [item for item in dir(e) if not item.startswith("__")]
        for error_code in error_codes:
            error_info = getattr(ErrorCode, error_code)
            if isinstance(error_info, list) and status in error_info:
                exception_class = getattr(ExceptionMapping, error_code, WebDriverException)
                break
        else:
            exception_class = WebDriverException
    
        if not value:
            value = response["value"]
        if isinstance(value, str):
            raise exception_class(value)
        if message == "" and "message" in value:
            message = value["message"]
    
        screen = None  # type: ignore[assignment]
        if "screen" in value:
            screen = value["screen"]
    
        stacktrace = None
        st_value = value.get("stackTrace") or value.get("stacktrace")
        if st_value:
            if isinstance(st_value, str):
                stacktrace = st_value.split("\n")
            else:
                stacktrace = []
                try:
                    for frame in st_value:
                        line = frame.get("lineNumber", "")
                        file = frame.get("fileName", "<anonymous>")
                        if line:
                            file = f"{file}:{line}"
                        meth = frame.get("methodName", "<anonymous>")
                        if "className" in frame:
                            meth = f"{frame['className']}.{meth}"
                        msg = "    at %s (%s)"
                        msg = msg % (meth, file)
                        stacktrace.append(msg)
                except TypeError:
                    pass
        if exception_class == UnexpectedAlertPresentException:
            alert_text = None
            if "data" in value:
                alert_text = value["data"].get("text")
            elif "alert" in value:
                alert_text = value["alert"].get("text")
            raise exception_class(message, screen, stacktrace, alert_text)  # type: ignore[call-arg]  # mypy is not smart enough here
>       raise exception_class(message, screen, stacktrace)
E       selenium.common.exceptions.JavascriptException: Message: javascript error: tagues is not defined
E         (Session info: chrome=146.0.7680.164)
E       Stacktrace:
E       #0 0x55d58bb69a6a <unknown>
E       #1 0x55d58b578ab5 <unknown>
E       #2 0x55d58b57f92b <unknown>
E       #3 0x55d58b5824ab <unknown>
E       #4 0x55d58b6148d9 <unknown>
E       #5 0x55d58b6137b6 <unknown>
E       #6 0x55d58b5becbf <unknown>
E       #7 0x55d58b5bfa81 <unknown>
E       #8 0x55d58bb2fa64 <unknown>
E       #9 0x55d58bb32951 <unknown>
E       #10 0x55d58bb1c21e <unknown>
E       #11 0x55d58bb3351e <unknown>
E       #12 0x55d58bb02be0 <unknown>
E       #13 0x55d58bb569b8 <unknown>
E       #14 0x55d58bb56b88 <unknown>
E       #15 0x55d58bb684de <unknown>
E       #16 0x7f50cb29caa4 <unknown>
E       #17 0x7f50cb329c6c <unknown>

.venv-package/lib/python3.12/site-packages/selenium/webdriver/remote/errorhandler.py:232: JavascriptException
________________________________ test_moderate _________________________________
[gw2] linux -- Python 3.12.13 /home/runner/work/encommon/encommon/main/.venv-package/bin/python3

content = <encommon.webkit.content.Content object at 0x7fa4c16f3830>
driver = <selenium.webdriver.chrome.webdriver.WebDriver (session="8c966f808cccb794dd3710a06b8a5a42")>

    def test_moderate(
        content: 'Content',
        driver: WebDriver,
    ) -> None:
        """
        Perform various tests associated with relevant routines.
    
        :param content: Primary class instance for the content.
        :param driver: Selenium driver provided by the library.
        """
    
    
        driver.get(
            f"""
            data:text/html;
            charset=utf-8,
            <html>
              <head>
                <script>
            {content.scripts('default')}
            {content.scripts('helpers')}
            {content.scripts('image')}
            {content.scripts('moderate')}
                </script>
              </head>
              <body></body>
            </html>
            """)
    
    
>       outcome = _executejs(
            driver,
            'let element ='
            ' moderate(...arguments);'
            'return'
            ' element[0].outerHTML;',
            'This is a Label',
            'success',
            'some_kind_short',
            wrap=False)

encommon/webkit/test/test_moderate.py:51: 
_ _ _ _ _ _ _ _ _ _ _ _ _ _ _ _ _ _ _ _ _ _ _ _ _ _ _ _ _ _ _ _ _ _ _ _ _ _ _ _ 
encommon/webkit/test/__init__.py:36: in _executejs
    driver
.venv-package/lib/python3.12/site-packages/selenium/webdriver/remote/webdriver.py:532: in execute_script
    return self.execute(command, {"script": script, "args": converted_args})["value"]
           ^^^^^^^^^^^^^^^^^^^^^^^^^^^^^^^^^^^^^^^^^^^^^^^^^^^^^^^^^^^^^^^^^
.venv-package/lib/python3.12/site-packages/selenium/webdriver/remote/webdriver.py:446: in execute
    self.error_handler.check_response(response)
_ _ _ _ _ _ _ _ _ _ _ _ _ _ _ _ _ _ _ _ _ _ _ _ _ _ _ _ _ _ _ _ _ _ _ _ _ _ _ _ 

self = <selenium.webdriver.remote.errorhandler.ErrorHandler object at 0x7fa4c16f0440>
response = {'status': 500, 'value': '{"value":{"error":"javascript error","message":"javascript error: moderate is not defined\\n...\\n#15 0x558474d964de \\u003Cunknown>\\n#16 0x7fa14829caa4 \\u003Cunknown>\\n#17 0x7fa148329c6c \\u003Cunknown>\\n"}}'}

    def check_response(self, response: dict[str, Any]) -> None:
        """Check that a JSON response from the WebDriver does not have an error.
    
        Args:
            response: The JSON response from the WebDriver server as a dictionary
                object.
    
        Raises:
            WebDriverException: If the response contains an error message.
        """
        status = response.get("status", None)
        if not status or status == ErrorCode.SUCCESS:
            return
        value = None
        message = response.get("message", "")
        screen: str = response.get("screen", "")
        stacktrace = None
        if isinstance(status, int):
            value_json = response.get("value", None)
            if value_json and isinstance(value_json, str):
                try:
                    value = json.loads(value_json)
                    if isinstance(value, dict):
                        if len(value) == 1:
                            value = value["value"]
                        status = value.get("error", None)
                        if not status:
                            status = value.get("status", ErrorCode.UNKNOWN_ERROR)
                            message = value.get("value") or value.get("message")
                            if not isinstance(message, str):
                                value = message
                                message = message.get("message") if isinstance(message, dict) else None
                        else:
                            message = value.get("message", None)
                except ValueError:
                    pass
    
        exception_class: type[WebDriverException]
        e = ErrorCode()
        error_codes = [item for item in dir(e) if not item.startswith("__")]
        for error_code in error_codes:
            error_info = getattr(ErrorCode, error_code)
            if isinstance(error_info, list) and status in error_info:
                exception_class = getattr(ExceptionMapping, error_code, WebDriverException)
                break
        else:
            exception_class = WebDriverException
    
        if not value:
            value = response["value"]
        if isinstance(value, str):
            raise exception_class(value)
        if message == "" and "message" in value:
            message = value["message"]
    
        screen = None  # type: ignore[assignment]
        if "screen" in value:
            screen = value["screen"]
    
        stacktrace = None
        st_value = value.get("stackTrace") or value.get("stacktrace")
        if st_value:
            if isinstance(st_value, str):
                stacktrace = st_value.split("\n")
            else:
                stacktrace = []
                try:
                    for frame in st_value:
                        line = frame.get("lineNumber", "")
                        file = frame.get("fileName", "<anonymous>")
                        if line:
                            file = f"{file}:{line}"
                        meth = frame.get("methodName", "<anonymous>")
                        if "className" in frame:
                            meth = f"{frame['className']}.{meth}"
                        msg = "    at %s (%s)"
                        msg = msg % (meth, file)
                        stacktrace.append(msg)
                except TypeError:
                    pass
        if exception_class == UnexpectedAlertPresentException:
            alert_text = None
            if "data" in value:
                alert_text = value["data"].get("text")
            elif "alert" in value:
                alert_text = value["alert"].get("text")
            raise exception_class(message, screen, stacktrace, alert_text)  # type: ignore[call-arg]  # mypy is not smart enough here
>       raise exception_class(message, screen, stacktrace)
[...]
#7 0x55936f18da81 <unknown>
#8 0x55936f6fda64 <unknown>
#9 0x55936f700951 <unknown>
#10 0x55936f6ea21e <unknown>
#11 0x55936f70151e <unknown>
#12 0x55936f6d0be0 <unknown>
#13 0x55936f7249b8 <unknown>
#14 0x55936f724b88 <unknown>
#15 0x55936f7364de <unknown>
#16 0x7f9051a9caa4 <unknown>
#17 0x7f9051b29c6c <unknown>
FAILED encommon/webkit/test/test_helpers.py::test_helpers_istime - selenium.common.exceptions.JavascriptException: Message: javascript error: istime is not defined
  (Session info: chrome=146.0.7680.164)
Stacktrace:
#0 0x561af1296a6a <unknown>
#1 0x561af0ca5ab5 <unknown>
#2 0x561af0cac92b <unknown>
#3 0x561af0caf4ab <unknown>
#4 0x561af0d418d9 <unknown>
#5 0x561af0d407b6 <unknown>
#6 0x561af0cebcbf <unknown>
#7 0x561af0ceca81 <unknown>
#8 0x561af125ca64 <unknown>
#9 0x561af125f951 <unknown>
#10 0x561af124921e <unknown>
#11 0x561af126051e <unknown>
#12 0x561af122fbe0 <unknown>
#13 0x561af12839b8 <unknown>
#14 0x561af1283b88 <unknown>
#15 0x561af12954de <unknown>
#16 0x7fbdc069caa4 <unknown>
#17 0x7fbdc0729c6c <unknown>
FAILED encommon/webkit/test/test_helpers.py::test_helpers_istrue - selenium.common.exceptions.JavascriptException: Message: javascript error: istrue is not defined
  (Session info: chrome=146.0.7680.164)
Stacktrace:
#0 0x55aa21298a6a <unknown>
#1 0x55aa20ca7ab5 <unknown>
#2 0x55aa20cae92b <unknown>
#3 0x55aa20cb14ab <unknown>
#4 0x55aa20d438d9 <unknown>
#5 0x55aa20d427b6 <unknown>
#6 0x55aa20cedcbf <unknown>
#7 0x55aa20ceea81 <unknown>
#8 0x55aa2125ea64 <unknown>
#9 0x55aa21261951 <unknown>
#10 0x55aa2124b21e <unknown>
#11 0x55aa2126251e <unknown>
#12 0x55aa21231be0 <unknown>
#13 0x55aa212859b8 <unknown>
#14 0x55aa21285b88 <unknown>
#15 0x55aa212974de <unknown>
#16 0x7f977f09caa4 <unknown>
#17 0x7f977f129c6c <unknown>
FAILED encommon/webkit/test/test_default.py::test_default_addClass - selenium.common.exceptions.JavascriptException: Message: javascript error: $ is not defined
  (Session info: chrome=146.0.7680.164)
Stacktrace:
#0 0x55be6af4da6a <unknown>
#1 0x55be6a95cab5 <unknown>
#2 0x55be6a96392b <unknown>
#3 0x55be6a9664ab <unknown>
#4 0x55be6a9f88d9 <unknown>
#5 0x55be6a9f77b6 <unknown>
#6 0x55be6a9a2cbf <unknown>
#7 0x55be6a9a3a81 <unknown>
#8 0x55be6af13a64 <unknown>
#9 0x55be6af16951 <unknown>
#10 0x55be6af0021e <unknown>
#11 0x55be6af1751e <unknown>
#12 0x55be6aee6be0 <unknown>
#13 0x55be6af3a9b8 <unknown>
#14 0x55be6af3ab88 <unknown>
#15 0x55be6af4c4de <unknown>
#16 0x7f602769caa4 <unknown>
#17 0x7f6027729c6c <unknown>
FAILED encommon/webkit/test/test_helpers.py::test_helpers_isfalse - selenium.common.exceptions.JavascriptException: Message: javascript error: isfalse is not defined
  (Session info: chrome=146.0.7680.164)
Stacktrace:
#0 0x55c01c0aea6a <unknown>
#1 0x55c01babdab5 <unknown>
#2 0x55c01bac492b <unknown>
#3 0x55c01bac74ab <unknown>
#4 0x55c01bb598d9 <unknown>
#5 0x55c01bb587b6 <unknown>
#6 0x55c01bb03cbf <unknown>
#7 0x55c01bb04a81 <unknown>
#8 0x55c01c074a64 <unknown>
#9 0x55c01c077951 <unknown>
#10 0x55c01c06121e <unknown>
#11 0x55c01c07851e <unknown>
#12 0x55c01c047be0 <unknown>
#13 0x55c01c09b9b8 <unknown>
#14 0x55c01c09bb88 <unknown>
#15 0x55c01c0ad4de <unknown>
#16 0x7f66b6c9caa4 <unknown>
#17 0x7f66b6d29c6c <unknown>
FAILED encommon/webkit/test/test_helpers.py::test_helpers_dumps - selenium.common.exceptions.JavascriptException: Message: javascript error: dumps is not defined
  (Session info: chrome=146.0.7680.164)
Stacktrace:
#0 0x55f6480a3a6a <unknown>
#1 0x55f647ab2ab5 <unknown>
#2 0x55f647ab992b <unknown>
#3 0x55f647abc4ab <unknown>
#4 0x55f647b4e8d9 <unknown>
#5 0x55f647b4d7b6 <unknown>
#6 0x55f647af8cbf <unknown>
#7 0x55f647af9a81 <unknown>
#8 0x55f648069a64 <unknown>
#9 0x55f64806c951 <unknown>
#10 0x55f64805621e <unknown>
#11 0x55f64806d51e <unknown>
#12 0x55f64803cbe0 <unknown>
#13 0x55f6480909b8 <unknown>
#14 0x55f648090b88 <unknown>
#15 0x55f6480a24de <unknown>
#16 0x7f626749caa4 <unknown>
#17 0x7f6267529c6c <unknown>
FAILED encommon/webkit/test/test_helpers.py::test_helpers_isdict - selenium.common.exceptions.JavascriptException: Message: javascript error: isdict is not defined
  (Session info: chrome=146.0.7680.164)
Stacktrace:
#0 0x557431d03a6a <unknown>
#1 0x557431712ab5 <unknown>
#2 0x55743171992b <unknown>
#3 0x55743171c4ab <unknown>
#4 0x5574317ae8d9 <unknown>
#5 0x5574317ad7b6 <unknown>
#6 0x557431758cbf <unknown>
#7 0x557431759a81 <unknown>
#8 0x557431cc9a64 <unknown>
#9 0x557431ccc951 <unknown>
#10 0x557431cb621e <unknown>
#11 0x557431ccd51e <unknown>
#12 0x557431c9cbe0 <unknown>
#13 0x557431cf09b8 <unknown>
#14 0x557431cf0b88 <unknown>
#15 0x557431d024de <unknown>
#16 0x7fd8a849caa4 <unknown>
#17 0x7fd8a8529c6c <unknown>
FAILED encommon/webkit/test/test_default.py::test_default_replace - selenium.common.exceptions.JavascriptException: Message: javascript error: $ is not defined
  (Session info: chrome=146.0.7680.164)
Stacktrace:
#0 0x556575a67a6a <unknown>
#1 0x556575476ab5 <unknown>
#2 0x55657547d92b <unknown>
#3 0x5565754804ab <unknown>
#4 0x5565755128d9 <unknown>
#5 0x5565755117b6 <unknown>
#6 0x5565754bccbf <unknown>
#7 0x5565754bda81 <unknown>
#8 0x556575a2da64 <unknown>
#9 0x556575a30951 <unknown>
#10 0x556575a1a21e <unknown>
#11 0x556575a3151e <unknown>
#12 0x556575a00be0 <unknown>
#13 0x556575a549b8 <unknown>
#14 0x556575a54b88 <unknown>
#15 0x556575a664de <unknown>
#16 0x7f4131a9caa4 <unknown>
#17 0x7f4131b29c6c <unknown>
FAILED encommon/webkit/test/test_helpers.py::test_helpers_isnode - selenium.common.exceptions.JavascriptException: Message: javascript error: $ is not defined
  (Session info: chrome=146.0.7680.164)
Stacktrace:
#0 0x5637c2d96a6a <unknown>
#1 0x5637c27a5ab5 <unknown>
#2 0x5637c27ac92b <unknown>
#3 0x5637c27af4ab <unknown>
#4 0x5637c28418d9 <unknown>
#5 0x5637c28407b6 <unknown>
#6 0x5637c27ebcbf <unknown>
#7 0x5637c27eca81 <unknown>
#8 0x5637c2d5ca64 <unknown>
#9 0x5637c2d5f951 <unknown>
#10 0x5637c2d4921e <unknown>
#11 0x5637c2d6051e <unknown>
#12 0x5637c2d2fbe0 <unknown>
#13 0x5637c2d839b8 <unknown>
#14 0x5637c2d83b88 <unknown>
#15 0x5637c2d954de <unknown>
#16 0x7fb8ba09caa4 <unknown>
#17 0x7fb8ba129c6c <unknown>
FAILED encommon/webkit/test/test_helpers.py::test_helpers_isbool - selenium.common.exceptions.JavascriptException: Message: javascript error: isbool is not defined
  (Session info: chrome=146.0.7680.164)
Stacktrace:
#0 0x5630a9965a6a <unknown>
#1 0x5630a9374ab5 <unknown>
#2 0x5630a937b92b <unknown>
#3 0x5630a937e4ab <unknown>
#4 0x5630a94108d9 <unknown>
#5 0x5630a940f7b6 <unknown>
#6 0x5630a93bacbf <unknown>
#7 0x5630a93bba81 <unknown>
#8 0x5630a992ba64 <unknown>
#9 0x5630a992e951 <unknown>
#10 0x5630a991821e <unknown>
#11 0x5630a992f51e <unknown>
#12 0x5630a98febe0 <unknown>
#13 0x5630a99529b8 <unknown>
#14 0x5630a9952b88 <unknown>
#15 0x5630a99644de <unknown>
#16 0x7f3d1129caa4 <unknown>
#17 0x7f3d11329c6c <unknown>
FAILED encommon/webkit/test/test_helpers.py::test_helpers_isempty - selenium.common.exceptions.JavascriptException: Message: javascript error: isempty is not defined
  (Session info: chrome=146.0.7680.164)
Stacktrace:
#0 0x56120bd87a6a <unknown>
#1 0x56120b796ab5 <unknown>
#2 0x56120b79d92b <unknown>
#3 0x56120b7a04ab <unknown>
#4 0x56120b8328d9 <unknown>
#5 0x56120b8317b6 <unknown>
#6 0x56120b7dccbf <unknown>
#7 0x56120b7dda81 <unknown>
#8 0x56120bd4da64 <unknown>
#9 0x56120bd50951 <unknown>
#10 0x56120bd3a21e <unknown>
#11 0x56120bd5151e <unknown>
#12 0x56120bd20be0 <unknown>
#13 0x56120bd749b8 <unknown>
#14 0x56120bd74b88 <unknown>
#15 0x56120bd864de <unknown>
#16 0x7f14d989caa4 <unknown>
#17 0x7f14d9929c6c <unknown>
FAILED encommon/webkit/test/test_default.py::test_default_attr - selenium.common.exceptions.JavascriptException: Message: javascript error: $ is not defined
  (Session info: chrome=146.0.7680.164)
Stacktrace:
#0 0x561bb467ca6a <unknown>
#1 0x561bb408bab5 <unknown>
#2 0x561bb409292b <unknown>
#3 0x561bb40954ab <unknown>
#4 0x561bb41278d9 <unknown>
#5 0x561bb41267b6 <unknown>
#6 0x561bb40d1cbf <unknown>
#7 0x561bb40d2a81 <unknown>
#8 0x561bb4642a64 <unknown>
#9 0x561bb4645951 <unknown>
#10 0x561bb462f21e <unknown>
#11 0x561bb464651e <unknown>
#12 0x561bb4615be0 <unknown>
#13 0x561bb46699b8 <unknown>
#14 0x561bb4669b88 <unknown>
#15 0x561bb467b4de <unknown>
#16 0x7f1aed69caa4 <unknown>
#17 0x7f1aed729c6c <unknown>
FAILED encommon/webkit/test/test_helpers.py::test_helpers_isquery - selenium.common.exceptions.JavascriptException: Message: javascript error: $ is not defined
  (Session info: chrome=146.0.7680.164)
Stacktrace:
#0 0x55732b0b3a6a <unknown>
#1 0x55732aac2ab5 <unknown>
#2 0x55732aac992b <unknown>
#3 0x55732aacc4ab <unknown>
#4 0x55732ab5e8d9 <unknown>
#5 0x55732ab5d7b6 <unknown>
#6 0x55732ab08cbf <unknown>
#7 0x55732ab09a81 <unknown>
#8 0x55732b079a64 <unknown>
#9 0x55732b07c951 <unknown>
#10 0x55732b06621e <unknown>
#11 0x55732b07d51e <unknown>
#12 0x55732b04cbe0 <unknown>
#13 0x55732b0a09b8 <unknown>
#14 0x55732b0a0b88 <unknown>
#15 0x55732b0b24de <unknown>
#16 0x7fc7d129caa4 <unknown>
#17 0x7fc7d1329c6c <unknown>
FAILED encommon/webkit/test/test_helpers.py::test_helpers_loads - selenium.common.exceptions.JavascriptException: Message: javascript error: loads is not defined
  (Session info: chrome=146.0.7680.164)
Stacktrace:
#0 0x560c6e7e1a6a <unknown>
#1 0x560c6e1f0ab5 <unknown>
#2 0x560c6e1f792b <unknown>
#3 0x560c6e1fa4ab <unknown>
#4 0x560c6e28c8d9 <unknown>
#5 0x560c6e28b7b6 <unknown>
#6 0x560c6e236cbf <unknown>
#7 0x560c6e237a81 <unknown>
#8 0x560c6e7a7a64 <unknown>
#9 0x560c6e7aa951 <unknown>
#10 0x560c6e79421e <unknown>
#11 0x560c6e7ab51e <unknown>
#12 0x560c6e77abe0 <unknown>
#13 0x560c6e7ce9b8 <unknown>
#14 0x560c6e7ceb88 <unknown>
#15 0x560c6e7e04de <unknown>
#16 0x7f0f61c9caa4 <unknown>
#17 0x7f0f61d29c6c <unknown>
FAILED encommon/webkit/test/test_helpers.py::test_helpers_isnum - selenium.common.exceptions.JavascriptException: Message: javascript error: isnum is not defined
  (Session info: chrome=146.0.7680.164)
Stacktrace:
#0 0x55a351921a6a <unknown>
#1 0x55a351330ab5 <unknown>
#2 0x55a35133792b <unknown>
#3 0x55a35133a4ab <unknown>
#4 0x55a3513cc8d9 <unknown>
#5 0x55a3513cb7b6 <unknown>
#6 0x55a351376cbf <unknown>
#7 0x55a351377a81 <unknown>
#8 0x55a3518e7a64 <unknown>
#9 0x55a3518ea951 <unknown>
#10 0x55a3518d421e <unknown>
#11 0x55a3518eb51e <unknown>
#12 0x55a3518babe0 <unknown>
#13 0x55a35190e9b8 <unknown>
#14 0x55a35190eb88 <unknown>
#15 0x55a3519204de <unknown>
#16 0x7fc95e89caa4 <unknown>
#17 0x7fc95e929c6c <unknown>
FAILED encommon/webkit/test/test_default.py::test_default_remClass - selenium.common.exceptions.JavascriptException: Message: javascript error: $ is not defined
  (Session info: chrome=146.0.7680.164)
Stacktrace:
#0 0x55b6187e8a6a <unknown>
#1 0x55b6181f7ab5 <unknown>
#2 0x55b6181fe92b <unknown>
#3 0x55b6182014ab <unknown>
#4 0x55b6182938d9 <unknown>
#5 0x55b6182927b6 <unknown>
#6 0x55b61823dcbf <unknown>
#7 0x55b61823ea81 <unknown>
#8 0x55b6187aea64 <unknown>
#9 0x55b6187b1951 <unknown>
#10 0x55b61879b21e <unknown>
#11 0x55b6187b251e <unknown>
#12 0x55b618781be0 <unknown>
#13 0x55b6187d59b8 <unknown>
#14 0x55b6187d5b88 <unknown>
#15 0x55b6187e74de <unknown>
#16 0x7f945229caa4 <unknown>
#17 0x7f9452329c6c <unknown>
FAILED encommon/webkit/test/test_default.py::test_default_append - selenium.common.exceptions.JavascriptException: Message: javascript error: $ is not defined
  (Session info: chrome=146.0.7680.164)
Stacktrace:
#0 0x55c4b7618a6a <unknown>
#1 0x55c4b7027ab5 <unknown>
#2 0x55c4b702e92b <unknown>
#3 0x55c4b70314ab <unknown>
#4 0x55c4b70c38d9 <unknown>
#5 0x55c4b70c27b6 <unknown>
#6 0x55c4b706dcbf <unknown>
#7 0x55c4b706ea81 <unknown>
#8 0x55c4b75dea64 <unknown>
#9 0x55c4b75e1951 <unknown>
#10 0x55c4b75cb21e <unknown>
#11 0x55c4b75e251e <unknown>
#12 0x55c4b75b1be0 <unknown>
#13 0x55c4b76059b8 <unknown>
#14 0x55c4b7605b88 <unknown>
#15 0x55c4b76174de <unknown>
#16 0x7f672e09caa4 <unknown>
#17 0x7f672e129c6c <unknown>
FAILED encommon/webkit/test/test_helpers.py::test_helpers_islist - selenium.common.exceptions.JavascriptException: Message: javascript error: islist is not defined
  (Session info: chrome=146.0.7680.164)
Stacktrace:
#0 0x562b043aba6a <unknown>
#1 0x562b03dbaab5 <unknown>
#2 0x562b03dc192b <unknown>
#3 0x562b03dc44ab <unknown>
#4 0x562b03e568d9 <unknown>
#5 0x562b03e557b6 <unknown>
#6 0x562b03e00cbf <unknown>
#7 0x562b03e01a81 <unknown>
#8 0x562b04371a64 <unknown>
#9 0x562b04374951 <unknown>
#10 0x562b0435e21e <unknown>
#11 0x562b0437551e <unknown>
#12 0x562b04344be0 <unknown>
#13 0x562b043989b8 <unknown>
#14 0x562b04398b88 <unknown>
#15 0x562b043aa4de <unknown>
#16 0x7fa1dbc9caa4 <unknown>
#17 0x7fa1dbd29c6c <unknown>
FAILED encommon/webkit/test/test_helpers.py::test_helpers_isnull - selenium.common.exceptions.JavascriptException: Message: javascript error: isnull is not defined
  (Session info: chrome=146.0.7680.164)
Stacktrace:
#0 0x5582a4706a6a <unknown>
#1 0x5582a4115ab5 <unknown>
#2 0x5582a411c92b <unknown>
#3 0x5582a411f4ab <unknown>
#4 0x5582a41b18d9 <unknown>
#5 0x5582a41b07b6 <unknown>
#6 0x5582a415bcbf <unknown>
#7 0x5582a415ca81 <unknown>
#8 0x5582a46cca64 <unknown>
#9 0x5582a46cf951 <unknown>
#10 0x5582a46b921e <unknown>
#11 0x5582a46d051e <unknown>
#12 0x5582a469fbe0 <unknown>
#13 0x5582a46f39b8 <unknown>
#14 0x5582a46f3b88 <unknown>
#15 0x5582a47054de <unknown>
#16 0x7ff57909caa4 <unknown>
#17 0x7ff579129c6c <unknown>
FAILED encommon/webkit/test/test_default.py::test_default_create - selenium.common.exceptions.JavascriptException: Message: javascript error: $ is not defined
  (Session info: chrome=146.0.7680.164)
Stacktrace:
#0 0x559fdc4f4a6a <unknown>
#1 0x559fdbf03ab5 <unknown>
#2 0x559fdbf0a92b <unknown>
#3 0x559fdbf0d4ab <unknown>
#4 0x559fdbf9f8d9 <unknown>
#5 0x559fdbf9e7b6 <unknown>
#6 0x559fdbf49cbf <unknown>
#7 0x559fdbf4aa81 <unknown>
#8 0x559fdc4baa64 <unknown>
#9 0x559fdc4bd951 <unknown>
#10 0x559fdc4a721e <unknown>
#11 0x559fdc4be51e <unknown>
#12 0x559fdc48dbe0 <unknown>
#13 0x559fdc4e19b8 <unknown>
#14 0x559fdc4e1b88 <unknown>
#15 0x559fdc4f34de <unknown>
#16 0x7f320869caa4 <unknown>
#17 0x7f3208729c6c <unknown>
FAILED encommon/webkit/test/test_default.py::test_default_styles - selenium.common.exceptions.JavascriptException: Message: javascript error: $ is not defined
  (Session info: chrome=146.0.7680.164)
Stacktrace:
#0 0x55a3e8bb5a6a <unknown>
#1 0x55a3e85c4ab5 <unknown>
#2 0x55a3e85cb92b <unknown>
#3 0x55a3e85ce4ab <unknown>
#4 0x55a3e86608d9 <unknown>
#5 0x55a3e865f7b6 <unknown>
#6 0x55a3e860acbf <unknown>
#7 0x55a3e860ba81 <unknown>
#8 0x55a3e8b7ba64 <unknown>
#9 0x55a3e8b7e951 <unknown>
#10 0x55a3e8b6821e <unknown>
#11 0x55a3e8b7f51e <unknown>
#12 0x55a3e8b4ebe0 <unknown>
#13 0x55a3e8ba29b8 <unknown>
#14 0x55a3e8ba2b88 <unknown>
#15 0x55a3e8bb44de <unknown>
#16 0x7f246309caa4 <unknown>
#17 0x7f2463129c6c <unknown>
FAILED encommon/webkit/test/test_datetime.py::test_datestamp - selenium.common.exceptions.JavascriptException: Message: javascript error: datestamp is not defined
  (Session info: chrome=146.0.7680.164)
Stacktrace:
#0 0x55583d336a6a <unknown>
#1 0x55583cd45ab5 <unknown>
#2 0x55583cd4c92b <unknown>
#3 0x55583cd4f4ab <unknown>
#4 0x55583cde18d9 <unknown>
#5 0x55583cde07b6 <unknown>
#6 0x55583cd8bcbf <unknown>
#7 0x55583cd8ca81 <unknown>
#8 0x55583d2fca64 <unknown>
#9 0x55583d2ff951 <unknown>
#10 0x55583d2e921e <unknown>
#11 0x55583d30051e <unknown>
#12 0x55583d2cfbe0 <unknown>
#13 0x55583d3239b8 <unknown>
#14 0x55583d323b88 <unknown>
#15 0x55583d3354de <unknown>
#16 0x7fbdda69caa4 <unknown>
#17 0x7fbdda729c6c <unknown>
FAILED encommon/webkit/test/test_default.py::test_default_showhide - selenium.common.exceptions.JavascriptException: Message: javascript error: $ is not defined
  (Session info: chrome=146.0.7680.164)
Stacktrace:
#0 0x55cfa0ab4a6a <unknown>
#1 0x55cfa04c3ab5 <unknown>
#2 0x55cfa04ca92b <unknown>
#3 0x55cfa04cd4ab <unknown>
#4 0x55cfa055f8d9 <unknown>
#5 0x55cfa055e7b6 <unknown>
#6 0x55cfa0509cbf <unknown>
#7 0x55cfa050aa81 <unknown>
#8 0x55cfa0a7aa64 <unknown>
#9 0x55cfa0a7d951 <unknown>
#10 0x55cfa0a6721e <unknown>
#11 0x55cfa0a7e51e <unknown>
#12 0x55cfa0a4dbe0 <unknown>
#13 0x55cfa0aa19b8 <unknown>
#14 0x55cfa0aa1b88 <unknown>
#15 0x55cfa0ab34de <unknown>
#16 0x7f006189caa4 <unknown>
#17 0x7f0061929c6c <unknown>
FAILED encommon/webkit/test/test_default.py::test_default_prop - selenium.common.exceptions.JavascriptException: Message: javascript error: $ is not defined
  (Session info: chrome=146.0.7680.164)
Stacktrace:
#0 0x560b8ea78a6a <unknown>
#1 0x560b8e487ab5 <unknown>
#2 0x560b8e48e92b <unknown>
#3 0x560b8e4914ab <unknown>
#4 0x560b8e5238d9 <unknown>
#5 0x560b8e5227b6 <unknown>
#6 0x560b8e4cdcbf <unknown>
#7 0x560b8e4cea81 <unknown>
#8 0x560b8ea3ea64 <unknown>
#9 0x560b8ea41951 <unknown>
#10 0x560b8ea2b21e <unknown>
#11 0x560b8ea4251e <unknown>
#12 0x560b8ea11be0 <unknown>
#13 0x560b8ea659b8 <unknown>
#14 0x560b8ea65b88 <unknown>
#15 0x560b8ea774de <unknown>
#16 0x7fbe4389caa4 <unknown>
#17 0x7fbe43929c6c <unknown>
FAILED encommon/webkit/test/test_duration.py::test_duration - selenium.common.exceptions.JavascriptException: Message: javascript error: duration is not defined
  (Session info: chrome=146.0.7680.164)
Stacktrace:
#0 0x55e2ee560a6a <unknown>
#1 0x55e2edf6fab5 <unknown>
#2 0x55e2edf7692b <unknown>
#3 0x55e2edf794ab <unknown>
#4 0x55e2ee00b8d9 <unknown>
#5 0x55e2ee00a7b6 <unknown>
#6 0x55e2edfb5cbf <unknown>
#7 0x55e2edfb6a81 <unknown>
#8 0x55e2ee526a64 <unknown>
#9 0x55e2ee529951 <unknown>
#10 0x55e2ee51321e <unknown>
#11 0x55e2ee52a51e <unknown>
#12 0x55e2ee4f9be0 <unknown>
#13 0x55e2ee54d9b8 <unknown>
#14 0x55e2ee54db88 <unknown>
#15 0x55e2ee55f4de <unknown>
#16 0x7f8926c9caa4 <unknown>
#17 0x7f8926d29c6c <unknown>
FAILED encommon/webkit/test/test_default.py::test_default_content - selenium.common.exceptions.JavascriptException: Message: javascript error: $ is not defined
  (Session info: chrome=146.0.7680.164)
Stacktrace:
#0 0x55a931d26a6a <unknown>
#1 0x55a931735ab5 <unknown>
#2 0x55a93173c92b <unknown>
#3 0x55a93173f4ab <unknown>
#4 0x55a9317d18d9 <unknown>
#5 0x55a9317d07b6 <unknown>
#6 0x55a93177bcbf <unknown>
#7 0x55a93177ca81 <unknown>
#8 0x55a931ceca64 <unknown>
#9 0x55a931cef951 <unknown>
#10 0x55a931cd921e <unknown>
#11 0x55a931cf051e <unknown>
#12 0x55a931cbfbe0 <unknown>
#13 0x55a931d139b8 <unknown>
#14 0x55a931d13b88 <unknown>
#15 0x55a931d254de <unknown>
#16 0x7fc8bbc9caa4 <unknown>
#17 0x7fc8bbd29c6c <unknown>
FAILED encommon/webkit/test/test_statate.py::test_statate - selenium.common.exceptions.JavascriptException: Message: javascript error: statate is not defined
  (Session info: chrome=146.0.7680.164)
Stacktrace:
#0 0x55a13c1eda6a <unknown>
#1 0x55a13bbfcab5 <unknown>
#2 0x55a13bc0392b <unknown>
#3 0x55a13bc064ab <unknown>
#4 0x55a13bc988d9 <unknown>
#5 0x55a13bc977b6 <unknown>
#6 0x55a13bc42cbf <unknown>
#7 0x55a13bc43a81 <unknown>
#8 0x55a13c1b3a64 <unknown>
#9 0x55a13c1b6951 <unknown>
#10 0x55a13c1a021e <unknown>
#11 0x55a13c1b751e <unknown>
#12 0x55a13c186be0 <unknown>
#13 0x55a13c1da9b8 <unknown>
#14 0x55a13c1dab88 <unknown>
#15 0x55a13c1ec4de <unknown>
#16 0x7ffb49c9caa4 <unknown>
#17 0x7ffb49d29c6c <unknown>
FAILED encommon/webkit/test/test_message.py::test_message - selenium.common.exceptions.JavascriptException: Message: javascript error: message is not defined
  (Session info: chrome=146.0.7680.164)
Stacktrace:
#0 0x56524ff3ea6a <unknown>
#1 0x56524f94dab5 <unknown>
#2 0x56524f95492b <unknown>
#3 0x56524f9574ab <unknown>
#4 0x56524f9e98d9 <unknown>
#5 0x56524f9e87b6 <unknown>
#6 0x56524f993cbf <unknown>
#7 0x56524f994a81 <unknown>
#8 0x56524ff04a64 <unknown>
#9 0x56524ff07951 <unknown>
#10 0x56524fef121e <unknown>
#11 0x56524ff0851e <unknown>
#12 0x56524fed7be0 <unknown>
#13 0x56524ff2b9b8 <unknown>
#14 0x56524ff2bb88 <unknown>
#15 0x56524ff3d4de <unknown>
#16 0x7f2c3669caa4 <unknown>
#17 0x7f2c36729c6c <unknown>
======================= 38 failed, 269 passed in 27.11s ========================
