>>> make pytest
  ● Executing pytest in encommon..
============================= test session starts ==============================
platform linux -- Python 3.12.13, pytest-9.0.2, pluggy-1.6.0 -- /home/runner/work/encommon/encommon/main/.venv-package/bin/python3
cachedir: .pytest_cache
metadata: {'Python': '3.12.13', 'Platform': 'Linux-6.17.0-1008-azure-x86_64-with-glibc2.39', 'Packages': {'pytest': '9.0.2', 'pluggy': '1.6.0'}, 'Plugins': {'metadata': '3.1.1', 'randomly': '4.0.1', 'variables': '3.1.0', 'clarity': '1.0.1', 'cov': '7.1.0', 'xdist': '3.8.0', 'html': '4.2.0', 'base-url': '2.1.0', 'selenium': '4.1.0', 'sphinx': '0.7.1', 'mypy': '1.0.1'}, 'CI': 'true', 'JAVA_HOME': '/usr/lib/jvm/temurin-17-jdk-amd64', 'Base URL': '', 'Driver': None, 'Capabilities': {}}
Using --randomly-seed=2622269168
sensitiveurl: .*
rootdir: /home/runner/work/encommon/encommon/main
configfile: pyproject.toml
plugins: metadata-3.1.1, randomly-4.0.1, variables-3.1.0, clarity-1.0.1, cov-7.1.0, xdist-3.8.0, html-4.2.0, base-url-2.1.0, selenium-4.1.0, sphinx-0.7.1, mypy-1.0.1
created: 4/4 workers
4 workers [307 items]

scheduling tests via LoadScheduling

encommon/types/test/test_notate.py::test_impate_cover 
encommon/webkit/test/test_helpers.py::test_helpers_isbool 
encommon/webkit/test/test_default.py::test_default_content 
encommon/times/test/test_duration.py::test_Duration_iterate 
[gw0] [  0%] PASSED encommon/types/test/test_notate.py::test_impate_cover 
[gw2] [  0%] PASSED encommon/times/test/test_duration.py::test_Duration_iterate 
encommon/types/test/test_notate.py::test_delate 
encommon/config/test/test_logger.py::test_Logger_cover 
[gw0] [  0%] PASSED encommon/types/test/test_notate.py::test_delate 
encommon/types/test/test_notate.py::test_delate_raises 
[gw0] [  1%] PASSED encommon/types/test/test_notate.py::test_delate_raises 
encommon/types/test/test_notate.py::test_getate 
[gw0] [  1%] PASSED encommon/types/test/test_notate.py::test_getate 
encommon/types/test/test_notate.py::test_setate_cover 
[gw0] [  1%] PASSED encommon/types/test/test_notate.py::test_setate_cover 
[gw2] [  2%] PASSED encommon/config/test/test_logger.py::test_Logger_cover 
encommon/config/test/test_logger.py::test_Logger 
encommon/types/test/test_notate.py::test_getate_cover 
[gw0] [  2%] PASSED encommon/types/test/test_notate.py::test_getate_cover 
encommon/types/test/test_notate.py::test_expate 
[gw2] [  2%] PASSED encommon/config/test/test_logger.py::test_Logger 
encommon/config/test/test_logger.py::test_Message 
[gw0] [  3%] PASSED encommon/types/test/test_notate.py::test_expate 
encommon/types/test/test_notate.py::test_setate 
[gw0] [  3%] PASSED encommon/types/test/test_notate.py::test_setate 
encommon/types/test/test_notate.py::test_impate 
[gw0] [  3%] PASSED encommon/types/test/test_notate.py::test_impate 
encommon/types/test/test_notate.py::test_impate_raises 
[gw0] [  4%] PASSED encommon/types/test/test_notate.py::test_impate_raises 
encommon/types/test/test_notate.py::test_expate_cover 
[gw0] [  4%] PASSED encommon/types/test/test_notate.py::test_expate_cover 
encommon/types/test/test_notate.py::test_setate_raises 
[gw0] [  4%] PASSED encommon/types/test/test_notate.py::test_setate_raises 
encommon/webkit/test/test_default.py::test_default_showhide 
[gw2] [  5%] PASSED encommon/config/test/test_logger.py::test_Message 
encommon/times/test/test_unitime.py::test_unitime 
[gw2] [  5%] PASSED encommon/times/test/test_unitime.py::test_unitime 
encommon/webkit/test/test_datetime.py::test_datestamp 
[gw1] [  5%] FAILED encommon/webkit/test/test_default.py::test_default_content 
[gw0] [  6%] FAILED encommon/webkit/test/test_default.py::test_default_showhide 
[gw3] [  6%] FAILED encommon/webkit/test/test_helpers.py::test_helpers_isbool 
[gw2] [  6%] FAILED encommon/webkit/test/test_datetime.py::test_datestamp 
encommon/webkit/test/test_default.py::test_default_append 
encommon/webkit/test/test_default.py::test_default_prop 
encommon/webkit/test/test_helpers.py::test_helpers_loads 
encommon/webkit/test/test_duration.py::test_duration 
[gw1] [  7%] FAILED encommon/webkit/test/test_default.py::test_default_prop 
[gw0] [  7%] FAILED encommon/webkit/test/test_default.py::test_default_append 
[gw3] [  7%] FAILED encommon/webkit/test/test_helpers.py::test_helpers_loads 
[gw2] [  8%] FAILED encommon/webkit/test/test_duration.py::test_duration 
encommon/webkit/test/test_default.py::test_default_remClass 
encommon/webkit/test/test_helpers.py::test_helpers_istime 
encommon/webkit/test/test_default.py::test_default_replace 
encommon/webkit/test/test_helpers.py::test_helpers_isnode 
[gw0] [  8%] FAILED encommon/webkit/test/test_default.py::test_default_replace 
[gw3] [  8%] FAILED encommon/webkit/test/test_helpers.py::test_helpers_istime 
[gw1] [  9%] FAILED encommon/webkit/test/test_default.py::test_default_remClass 
[gw2] [  9%] FAILED encommon/webkit/test/test_helpers.py::test_helpers_isnode 
encommon/webkit/test/test_default.py::test_default_attr 
encommon/webkit/test/test_helpers.py::test_helpers_dumps 
encommon/webkit/test/test_image.py::test_image 
encommon/webkit/test/test_helpers.py::test_helpers_isfalse 
[gw3] [  9%] FAILED encommon/webkit/test/test_helpers.py::test_helpers_dumps 
[gw0] [ 10%] FAILED encommon/webkit/test/test_default.py::test_default_attr 
encommon/webkit/test/test_statate.py::test_statate 
[gw1] [ 10%] FAILED encommon/webkit/test/test_image.py::test_image 
[gw2] [ 10%] FAILED encommon/webkit/test/test_helpers.py::test_helpers_isfalse 
encommon/webkit/test/test_default.py::test_default_create 
encommon/times/test/test_windows.py::test_Windows_raises 
encommon/webkit/test/test_helpers.py::test_helpers_isquery 
[gw1] [ 11%] PASSED encommon/times/test/test_windows.py::test_Windows_raises 
encommon/times/test/test_windows.py::test_Windows_cover 
[gw3] [ 11%] FAILED encommon/webkit/test/test_statate.py::test_statate 
[gw0] [ 11%] FAILED encommon/webkit/test/test_default.py::test_default_create 
[gw2] [ 12%] FAILED encommon/webkit/test/test_helpers.py::test_helpers_isquery 
encommon/times/test/test_utils.py::test_strptime 
encommon/webkit/test/test_default.py::test_default_addClass 
[gw3] [ 12%] PASSED encommon/times/test/test_utils.py::test_strptime 
encommon/times/test/test_utils.py::test_findtz_raises 
encommon/webkit/test/test_helpers.py::test_helpers_isstr 
[gw2] [ 12%] FAILED encommon/webkit/test/test_helpers.py::test_helpers_isstr 
[gw0] [ 13%] FAILED encommon/webkit/test/test_default.py::test_default_addClass 
encommon/webkit/test/test_helpers.py::test_helpers_assert 
encommon/webkit/test/test_default.py::test_default_styles 
[gw3] [ 13%] PASSED encommon/times/test/test_utils.py::test_findtz_raises 
[gw1] [ 13%] PASSED encommon/times/test/test_windows.py::test_Windows_cover 
encommon/times/test/test_windows.py::test_Windows 
encommon/times/test/test_utils.py::test_strptime_raises 
[gw3] [ 14%] PASSED encommon/times/test/test_utils.py::test_strptime_raises 
encommon/times/test/test_utils.py::test_findtz 
[gw3] [ 14%] PASSED encommon/times/test/test_utils.py::test_findtz 
encommon/times/test/test_utils.py::test_utcdatetime 
[gw3] [ 14%] PASSED encommon/times/test/test_utils.py::test_utcdatetime 
encommon/utils/test/test_paths.py::test_resolve_path 
[gw3] [ 14%] PASSED encommon/utils/test/test_paths.py::test_resolve_path 
encommon/utils/test/test_paths.py::test_resolve_paths 
[gw3] [ 15%] PASSED encommon/utils/test/test_paths.py::test_resolve_paths 
encommon/utils/test/test_paths.py::test_stats_path 
[gw1] [ 15%] PASSED encommon/times/test/test_windows.py::test_Windows 
encommon/config/test/test_utils.py::test_config_path 
[gw1] [ 15%] PASSED encommon/config/test/test_utils.py::test_config_path 
[gw3] [ 16%] PASSED encommon/utils/test/test_paths.py::test_stats_path 
encommon/config/test/test_utils.py::test_config_paths 
encommon/webkit/test/test_message.py::test_message 
[gw1] [ 16%] PASSED encommon/config/test/test_utils.py::test_config_paths 
encommon/config/test/test_utils.py::test_config_load 
[gw1] [ 16%] PASSED encommon/config/test/test_utils.py::test_config_load 
encommon/types/test/test_strings.py::test_inrepr 
[gw1] [ 17%] PASSED encommon/types/test/test_strings.py::test_inrepr 
encommon/types/test/test_strings.py::test_rplstr 
[gw1] [ 17%] PASSED encommon/types/test/test_strings.py::test_rplstr 
encommon/types/test/test_strings.py::test_hasstr 
[gw1] [ 17%] PASSED encommon/types/test/test_strings.py::test_hasstr 
encommon/types/test/test_strings.py::test_instr 
[gw1] [ 18%] PASSED encommon/types/test/test_strings.py::test_instr 
encommon/types/test/test_strings.py::test_strplwr 
[gw1] [ 18%] PASSED encommon/types/test/test_strings.py::test_strplwr 
encommon/webkit/test/test_content.py::test_Content 
[gw1] [ 18%] PASSED encommon/webkit/test/test_content.py::test_Content 
encommon/webkit/test/test_content.py::test_Content_cover 
[gw1] [ 19%] PASSED encommon/webkit/test/test_content.py::test_Content_cover 
encommon/times/test/test_duration.py::test_Duration_cover 
[gw1] [ 19%] PASSED encommon/times/test/test_duration.py::test_Duration_cover 
encommon/times/test/test_duration.py::test_Duration 
[gw1] [ 19%] PASSED encommon/times/test/test_duration.py::test_Duration 
encommon/colors/test/test_color.py::test_Color_hsl[0000ff-expect5] 
[gw1] [ 20%] PASSED encommon/colors/test/test_color.py::test_Color_hsl[0000ff-expect5] 
encommon/colors/test/test_color.py::test_Color_xy[ff00ff-expect9] 
[gw1] [ 20%] PASSED encommon/colors/test/test_color.py::test_Color_xy[ff00ff-expect9] 
encommon/colors/test/test_color.py::test_Color_xyz[00ff00-expect4] 
[gw1] [ 20%] PASSED encommon/colors/test/test_color.py::test_Color_xyz[00ff00-expect4] 
encommon/colors/test/test_color.py::test_Color_xy[00ffff-expect8] 
[gw1] [ 21%] PASSED encommon/colors/test/test_color.py::test_Color_xy[00ffff-expect8] 
encommon/colors/test/test_color.py::test_Color_xyz[ffffff-expect1] 
[gw1] [ 21%] PASSED encommon/colors/test/test_color.py::test_Color_xyz[ffffff-expect1] 
encommon/colors/test/test_color.py::test_Color_hsl[ff00ff-expect9] 
[gw1] [ 21%] PASSED encommon/colors/test/test_color.py::test_Color_hsl[ff00ff-expect9] 
encommon/colors/test/test_color.py::test_Color_xyz[000000-expect2] 
[gw1] [ 22%] PASSED encommon/colors/test/test_color.py::test_Color_xyz[000000-expect2] 
encommon/colors/test/test_color.py::test_Color_rgb[ff00ff-expect9] 
[gw1] [ 22%] PASSED encommon/colors/test/test_color.py::test_Color_rgb[ff00ff-expect9] 
encommon/colors/test/test_color.py::test_Color_hsl[00ffff-expect8] 
[gw1] [ 22%] PASSED encommon/colors/test/test_color.py::test_Color_hsl[00ffff-expect8] 
encommon/colors/test/test_color.py::test_Color_rgb[00ffff-expect8] 
[gw1] [ 23%] PASSED encommon/colors/test/test_color.py::test_Color_rgb[00ffff-expect8] 
encommon/colors/test/test_color.py::test_Color_xy[ff00cc-expect0] 
[gw1] [ 23%] PASSED encommon/colors/test/test_color.py::test_Color_xy[ff00cc-expect0] 
encommon/colors/test/test_color.py::test_Color_xyz[0000ff-expect5] 
[gw1] [ 23%] PASSED encommon/colors/test/test_color.py::test_Color_xyz[0000ff-expect5] 
encommon/colors/test/test_color.py::test_Color_xyz[ff0000-expect3] 
[gw1] [ 24%] PASSED encommon/colors/test/test_color.py::test_Color_xyz[ff0000-expect3] 
encommon/colors/test/test_color.py::test_Color_hsl[80007F-expect10] 
[gw1] [ 24%] PASSED encommon/colors/test/test_color.py::test_Color_hsl[80007F-expect10] 
encommon/colors/test/test_color.py::test_Color_xyz[ffff00-expect7] 
[gw1] [ 24%] PASSED encommon/colors/test/test_color.py::test_Color_xyz[ffff00-expect7] 
encommon/colors/test/test_color.py::test_Color_rgb[800080-expect10] 
[gw1] [ 25%] PASSED encommon/colors/test/test_color.py::test_Color_rgb[800080-expect10] 
encommon/colors/test/test_color.py::test_Color_hsl[ff00cc-expect0] 
[gw1] [ 25%] PASSED encommon/colors/test/test_color.py::test_Color_hsl[ff00cc-expect0] 
encommon/colors/test/test_color.py::test_Color_xyz[808080-expect6] 
[gw1] [ 25%] PASSED encommon/colors/test/test_color.py::test_Color_xyz[808080-expect6] 
encommon/colors/test/test_color.py::test_Color_rgb[ff00cc-expect0] 
[gw1] [ 26%] PASSED encommon/colors/test/test_color.py::test_Color_rgb[ff00cc-expect0] 
encommon/colors/color.py::encommon.colors.color.Color 
[gw1] [ 26%] PASSED encommon/colors/color.py::encommon.colors.color.Color 
encommon/config/logger.py::encommon.config.logger.Message 
[gw1] [ 26%] PASSED encommon/config/logger.py::encommon.config.logger.Message 
encommon/config/logger.py::encommon.config.logger.Logger 
[gw1] [ 27%] PASSED encommon/config/logger.py::encommon.config.logger.Logger 
encommon/config/config.py::encommon.config.config.Config 
[gw1] [ 27%] PASSED encommon/config/config.py::encommon.config.config.Config 
encommon/crypts/crypts.py::encommon.crypts.crypts.Crypts 
[gw1] [ 27%] PASSED encommon/crypts/crypts.py::encommon.crypts.crypts.Crypts 
encommon/crypts/hashes.py::encommon.crypts.hashes.Hashes 
[gw1] [ 28%] PASSED encommon/crypts/hashes.py::encommon.crypts.hashes.Hashes 
encommon/parse/jinja2.py::encommon.parse.jinja2.Jinja2 
[gw1] [ 28%] PASSED encommon/parse/jinja2.py::encommon.parse.jinja2.Jinja2 
encommon/times/duration.py::encommon.times.duration.Duration 
[gw1] [ 28%] PASSED encommon/times/duration.py::encommon.times.duration.Duration 
encommon/times/parse.py::encommon.times.parse.shift_time 
[gw1] [ 28%] PASSED encommon/times/parse.py::encommon.times.parse.shift_time 
encommon/times/parse.py::encommon.times.parse.string_time 
[gw1] [ 29%] PASSED encommon/times/parse.py::encommon.times.parse.string_time 
encommon/times/parse.py::encommon.times.parse.since_time 
[gw1] [ 29%] PASSED encommon/times/parse.py::encommon.times.parse.since_time 
encommon/times/parse.py::encommon.times.parse.parse_time 
[gw1] [ 29%] PASSED encommon/times/parse.py::encommon.times.parse.parse_time 
encommon/types/strings.py::encommon.types.strings.rplstr 
[gw1] [ 30%] PASSED encommon/types/strings.py::encommon.types.strings.rplstr 
encommon/times/windows.py::encommon.times.windows.Windows 
[gw1] [ 30%] PASSED encommon/times/windows.py::encommon.times.windows.Windows 
encommon/types/lists.py::encommon.types.lists.inlist 
[gw1] [ 30%] PASSED encommon/types/lists.py::encommon.types.lists.inlist 
encommon/types/notate.py::encommon.types.notate.expate 
[gw1] [ 31%] PASSED encommon/types/notate.py::encommon.types.notate.expate 
encommon/types/dicts.py::encommon.types.dicts.sort_dict 
[gw1] [ 31%] PASSED encommon/types/dicts.py::encommon.types.dicts.sort_dict 
encommon/times/unitime.py::encommon.times.unitime.unitime 
[gw1] [ 31%] PASSED encommon/times/unitime.py::encommon.times.unitime.unitime 
encommon/times/timers.py::encommon.times.timers.Timers 
[gw0] [ 32%] FAILED encommon/webkit/test/test_default.py::test_default_styles 
[gw2] [ 32%] FAILED encommon/webkit/test/test_helpers.py::test_helpers_assert 
encommon/config/test/test_config.py::test_Config_cover 
[gw0] [ 32%] PASSED encommon/config/test/test_config.py::test_Config_cover 
encommon/times/test/test_timer.py::test_Timer 
encommon/webkit/test/test_helpers.py::test_helpers_whenready 
[gw3] [ 33%] FAILED encommon/webkit/test/test_message.py::test_message 
encommon/config/test/test_files.py::test_ConfigFiles 
[gw3] [ 33%] PASSED encommon/config/test/test_files.py::test_ConfigFiles 
encommon/config/test/test_files.py::test_ConfigFiles_cover 
[gw3] [ 33%] PASSED encommon/config/test/test_files.py::test_ConfigFiles_cover 
encommon/config/test/test_files.py::test_ConfigFile 
[gw3] [ 34%] PASSED encommon/config/test/test_files.py::test_ConfigFile 
encommon/config/test/test_config.py::test_Config 
[gw3] [ 34%] PASSED encommon/config/test/test_config.py::test_Config 
encommon/config/test/test_config.py::test_Config_jinja2 
[gw3] [ 34%] PASSED encommon/config/test/test_config.py::test_Config_jinja2 
encommon/colors/test/test_color.py::test_Color_cover 
[gw3] [ 35%] PASSED encommon/colors/test/test_color.py::test_Color_cover 
encommon/colors/test/test_color.py::test_Color_xy[ffffff-expect1] 
[gw3] [ 35%] PASSED encommon/colors/test/test_color.py::test_Color_xy[ffffff-expect1] 
encommon/colors/test/test_color.py::test_Color_hsl[00ff00-expect4] 
[gw3] [ 35%] PASSED encommon/colors/test/test_color.py::test_Color_hsl[00ff00-expect4] 
encommon/colors/test/test_color.py::test_Color_xy[ffff00-expect7] 
[gw3] [ 36%] PASSED encommon/colors/test/test_color.py::test_Color_xy[ffff00-expect7] 
encommon/colors/test/test_color.py::test_Color 
[gw3] [ 36%] PASSED encommon/colors/test/test_color.py::test_Color 
encommon/colors/test/test_color.py::test_Color_xyz[ff00cc-expect0] 
[gw3] [ 36%] PASSED encommon/colors/test/test_color.py::test_Color_xyz[ff00cc-expect0] 
encommon/colors/test/test_color.py::test_Color_rgb[808080-expect6] 
[gw3] [ 37%] PASSED encommon/colors/test/test_color.py::test_Color_rgb[808080-expect6] 
encommon/colors/test/test_color.py::test_Color_xy[0000ff-expect5] 
[gw3] [ 37%] PASSED encommon/colors/test/test_color.py::test_Color_xy[0000ff-expect5] 
encommon/colors/test/test_color.py::test_Color_xy[ff0000-expect3] 
[gw3] [ 37%] PASSED encommon/colors/test/test_color.py::test_Color_xy[ff0000-expect3] 
encommon/colors/test/test_color.py::test_Color_hsl[808080-expect6] 
[gw3] [ 38%] PASSED encommon/colors/test/test_color.py::test_Color_hsl[808080-expect6] 
encommon/colors/test/test_color.py::test_Color_hsl[ffff00-expect7] 
[gw3] [ 38%] PASSED encommon/colors/test/test_color.py::test_Color_hsl[ffff00-expect7] 
encommon/colors/test/test_color.py::test_Color_rgb[ffff00-expect7] 
[gw3] [ 38%] PASSED encommon/colors/test/test_color.py::test_Color_rgb[ffff00-expect7] 
encommon/colors/test/test_color.py::test_Color_rgb[ff0000-expect3] 
[gw3] [ 39%] PASSED encommon/colors/test/test_color.py::test_Color_rgb[ff0000-expect3] 
encommon/colors/test/test_color.py::test_Color_rgb[0000ff-expect5] 
[gw3] [ 39%] PASSED encommon/colors/test/test_color.py::test_Color_rgb[0000ff-expect5] 
encommon/colors/test/test_color.py::test_Color_xy[808080-expect6] 
[gw3] [ 39%] PASSED encommon/colors/test/test_color.py::test_Color_xy[808080-expect6] 
encommon/colors/test/test_color.py::test_Color_hsl[ff0000-expect3] 
[gw3] [ 40%] PASSED encommon/colors/test/test_color.py::test_Color_hsl[ff0000-expect3] 
encommon/types/strings.py::encommon.types.strings.strplwr 
[gw3] [ 40%] PASSED encommon/types/strings.py::encommon.types.strings.strplwr 
encommon/types/lists.py::encommon.types.lists.dedup_list 
[gw3] [ 40%] PASSED encommon/types/lists.py::encommon.types.lists.dedup_list 
encommon/types/dicts.py::encommon.types.dicts.merge_dicts 
[gw3] [ 41%] PASSED encommon/types/dicts.py::encommon.types.dicts.merge_dicts 
encommon/times/utils.py::encommon.times.utils.findtz 
[gw3] [ 41%] PASSED encommon/times/utils.py::encommon.times.utils.findtz 
encommon/types/notate.py::encommon.types.notate.setate 
[gw3] [ 41%] PASSED encommon/types/notate.py::encommon.types.notate.setate 
encommon/types/strings.py::encommon.types.strings.hasstr 
[gw3] [ 42%] PASSED encommon/types/strings.py::encommon.types.strings.hasstr 
encommon/types/notate.py::encommon.types.notate.impate 
[gw3] [ 42%] PASSED encommon/types/notate.py::encommon.types.notate.impate 
encommon/utils/paths.py::encommon.utils.paths.resolve_path 
[gw3] [ 42%] PASSED encommon/utils/paths.py::encommon.utils.paths.resolve_path 
encommon/utils/match.py::encommon.utils.match.rgxp_match 
[gw3] [ 42%] PASSED encommon/utils/match.py::encommon.utils.match.rgxp_match 
encommon/utils/stdout.py::encommon.utils.stdout.array_ansi 
[gw3] [ 43%] PASSED encommon/utils/stdout.py::encommon.utils.stdout.array_ansi 
encommon/utils/match.py::encommon.utils.match.fuzz_match 
[gw3] [ 43%] PASSED encommon/utils/match.py::encommon.utils.match.fuzz_match 
encommon/utils/sample.py::encommon.utils.sample.prep_sample 
[gw3] [ 43%] PASSED encommon/utils/sample.py::encommon.utils.sample.prep_sample 
encommon/utils/paths.py::encommon.utils.paths.stats_path 
[gw3] [ 44%] PASSED encommon/utils/paths.py::encommon.utils.paths.stats_path 
encommon/utils/stdout.py::encommon.utils.stdout.strip_ansi 
[gw3] [ 44%] PASSED encommon/utils/stdout.py::encommon.utils.stdout.strip_ansi 
encommon/utils/files.py::encommon.utils.files.save_text 
[gw3] [ 44%] PASSED encommon/utils/files.py::encommon.utils.files.save_text 
encommon/utils/files.py::encommon.utils.files.append_text 
[gw3] [ 45%] PASSED encommon/utils/files.py::encommon.utils.files.append_text 
encommon/utils/sample.py::encommon.utils.sample.load_sample 
[gw3] [ 45%] PASSED encommon/utils/sample.py::encommon.utils.sample.load_sample 
encommon/utils/stdout.py::encommon.utils.stdout.print_ansi 
[gw3] [ 45%] PASSED encommon/utils/stdout.py::encommon.utils.stdout.print_ansi 
encommon/utils/files.py::encommon.utils.files.read_text 
[gw3] [ 46%] PASSED encommon/utils/files.py::encommon.utils.files.read_text 
encommon/utils/paths.py::encommon.utils.paths.resolve_paths 
[gw3] [ 46%] PASSED encommon/utils/paths.py::encommon.utils.paths.resolve_paths 
encommon/utils/stdout.py::encommon.utils.stdout.make_ansi 
[gw3] [ 46%] PASSED encommon/utils/stdout.py::encommon.utils.stdout.make_ansi 
encommon/utils/stdout.py::encommon.utils.stdout.kvpair_ansi 
[gw3] [ 47%] PASSED encommon/utils/stdout.py::encommon.utils.stdout.kvpair_ansi 
encommon/types/test/test_classes.py::test_BaseModel 
[gw3] [ 47%] PASSED encommon/types/test/test_classes.py::test_BaseModel 
encommon/types/test/test_classes.py::test_lattrs 
[gw3] [ 47%] PASSED encommon/types/test/test_classes.py::test_lattrs 
encommon/types/test/test_classes.py::test_clsname 
[gw3] [ 48%] PASSED encommon/types/test/test_classes.py::test_clsname 
encommon/webkit/test/test_color.py::test_colordiv 
[gw1] [ 48%] PASSED encommon/times/timers.py::encommon.times.timers.Timers 
[gw2] [ 48%] FAILED encommon/webkit/test/test_helpers.py::test_helpers_whenready 
encommon/times/utils.py::encommon.times.utils.strftime 
[gw1] [ 49%] PASSED encommon/times/utils.py::encommon.times.utils.strftime 
encommon/types/strings.py::encommon.types.strings.instr 
[gw1] [ 49%] PASSED encommon/types/strings.py::encommon.types.strings.instr 
encommon/types/notate.py::encommon.types.notate.delate 
[gw1] [ 49%] PASSED encommon/types/notate.py::encommon.types.notate.delate 
encommon/types/empty.py::encommon.types.empty.EmptyType 
[gw1] [ 50%] PASSED encommon/types/empty.py::encommon.types.empty.EmptyType 
encommon/times/window.py::encommon.times.window.Window 
[gw1] [ 50%] PASSED encommon/times/window.py::encommon.times.window.Window 
encommon/types/strings.py::encommon.types.strings.inrepr 
[gw1] [ 50%] PASSED encommon/types/strings.py::encommon.types.strings.inrepr 
encommon/times/utils.py::encommon.times.utils.utcdatetime 
[gw1] [ 51%] PASSED encommon/times/utils.py::encommon.times.utils.utcdatetime 
encommon/types/notate.py::encommon.types.notate.getate 
[gw1] [ 51%] PASSED encommon/types/notate.py::encommon.types.notate.getate 
encommon/times/timer.py::encommon.times.timer.Timer 
encommon/webkit/test/test_helpers.py::test_helpers_isdict 
[gw0] [ 51%] PASSED encommon/times/test/test_timer.py::test_Timer 
encommon/types/test/test_funcs.py::test_funcname 
[gw0] [ 52%] PASSED encommon/types/test/test_funcs.py::test_funcname 
encommon/webkit/test/test_datagrid.py::test_datagrid 
[gw3] [ 52%] FAILED encommon/webkit/test/test_color.py::test_colordiv 
[gw2] [ 52%] FAILED encommon/webkit/test/test_helpers.py::test_helpers_isdict 
[gw1] [ 53%] PASSED encommon/times/timer.py::encommon.times.timer.Timer 
encommon/types/lists.py::encommon.types.lists.fuzzy_list 
[gw1] [ 53%] PASSED encommon/types/lists.py::encommon.types.lists.fuzzy_list 
encommon/times/time.py::encommon.times.time.Time 
encommon/webkit/test/test_numeric.py::test_numeric_count 
[gw1] [ 53%] PASSED encommon/times/time.py::encommon.times.time.Time 
encommon/times/utils.py::encommon.times.utils.strptime 
[gw1] [ 54%] PASSED encommon/times/utils.py::encommon.times.utils.strptime 
encommon/parse/test/test_jinja2.py::test_Jinja2_recurse 
[gw1] [ 54%] PASSED encommon/parse/test/test_jinja2.py::test_Jinja2_recurse 
encommon/parse/test/test_jinja2.py::test_Jinja2_parse[{{ "1" | int }}-1] 
[gw1] [ 54%] PASSED encommon/parse/test/test_jinja2.py::test_Jinja2_parse[{{ "1" | int }}-1] 
encommon/parse/test/test_jinja2.py::test_Jinja2_parse[{'a': 'b'}-expect5] 
[gw1] [ 55%] PASSED encommon/parse/test/test_jinja2.py::test_Jinja2_parse[{'a': 'b'}-expect5] 
encommon/parse/test/test_jinja2.py::test_Jinja2_parse[value4-expect4] 
[gw1] [ 55%] PASSED encommon/parse/test/test_jinja2.py::test_Jinja2_parse[value4-expect4] 
encommon/parse/test/test_jinja2.py::test_Jinja2_parse[1.0.0-1.0.0] 
[gw1] [ 55%] PASSED encommon/parse/test/test_jinja2.py::test_Jinja2_parse[1.0.0-1.0.0] 
encommon/parse/test/test_jinja2.py::test_Jinja2_parse[1.0-1.0] 
[gw1] [ 56%] PASSED encommon/parse/test/test_jinja2.py::test_Jinja2_parse[1.0-1.0] 
encommon/parse/test/test_jinja2.py::test_Jinja2_literal[{{ -1.2 }}--1.2] 
[gw1] [ 56%] PASSED encommon/parse/test/test_jinja2.py::test_Jinja2_literal[{{ -1.2 }}--1.2] 
encommon/webkit/test/test_helpers.py::test_helpers_isempty 
encommon/parse/test/test_jinja2.py::test_Jinja2_literal[{{ none }}-None] 
[gw1] [ 56%] PASSED encommon/parse/test/test_jinja2.py::test_Jinja2_literal[{{ none }}-None] 
encommon/parse/test/test_jinja2.py::test_Jinja2_parse[01-01] 
[gw1] [ 57%] PASSED encommon/parse/test/test_jinja2.py::test_Jinja2_parse[01-01] 
encommon/parse/test/test_jinja2.py::test_Jinja2_parse[[1, 2]-expect15] 
[gw1] [ 57%] PASSED encommon/parse/test/test_jinja2.py::test_Jinja2_parse[[1, 2]-expect15] 
encommon/parse/test/test_jinja2.py::test_Jinja2_parse[{{ 0 | Time }}-1970-01-01T00:00:00.000000+0000] 
[gw1] [ 57%] PASSED encommon/parse/test/test_jinja2.py::test_Jinja2_parse[{{ 0 | Time }}-1970-01-01T00:00:00.000000+0000] 
encommon/parse/test/test_jinja2.py::test_Jinja2 
[gw1] [ 57%] PASSED encommon/parse/test/test_jinja2.py::test_Jinja2 
encommon/parse/test/test_jinja2.py::test_Jinja2_literal[{{ 1.2 }}-1.2] 
[gw1] [ 58%] PASSED encommon/parse/test/test_jinja2.py::test_Jinja2_literal[{{ 1.2 }}-1.2] 
encommon/parse/test/test_jinja2.py::test_Jinja2_parse[100000-100000_1] 
[gw1] [ 58%] PASSED encommon/parse/test/test_jinja2.py::test_Jinja2_parse[100000-100000_1] 
encommon/parse/test/test_jinja2.py::test_Jinja2_parse[100000-100000_0] 
[gw1] [ 58%] PASSED encommon/parse/test/test_jinja2.py::test_Jinja2_parse[100000-100000_0] 
encommon/parse/test/test_jinja2.py::test_Jinja2_parse[foo-foo] 
[gw1] [ 59%] PASSED encommon/parse/test/test_jinja2.py::test_Jinja2_parse[foo-foo] 
encommon/parse/test/test_jinja2.py::test_Jinja2_parse[{{ "1" | float }}-1.0] 
[gw1] [ 59%] PASSED encommon/parse/test/test_jinja2.py::test_Jinja2_parse[{{ "1" | float }}-1.0] 
encommon/parse/test/test_jinja2.py::test_Jinja2_literal[{{ 123 }}-123] 
[gw1] [ 59%] PASSED encommon/parse/test/test_jinja2.py::test_Jinja2_literal[{{ 123 }}-123] 
encommon/parse/test/test_jinja2.py::test_Jinja2_parse[1-1] 
[gw1] [ 60%] PASSED encommon/parse/test/test_jinja2.py::test_Jinja2_parse[1-1] 
encommon/crypts/test/test_hashes.py::test_Hashes 
[gw1] [ 60%] PASSED encommon/crypts/test/test_hashes.py::test_Hashes 
encommon/times/test/test_timers.py::test_Timers_raises 
[gw1] [ 60%] PASSED encommon/times/test/test_timers.py::test_Timers_raises 
encommon/times/test/test_timers.py::test_Timers 
[gw1] [ 61%] PASSED encommon/times/test/test_timers.py::test_Timers 
encommon/times/test/test_timers.py::test_Timers_cover 
[gw0] [ 61%] FAILED encommon/webkit/test/test_datagrid.py::test_datagrid 
encommon/colors/test/test_color.py::test_Color_xyz[00ffff-expect8] 
[gw0] [ 61%] PASSED encommon/colors/test/test_color.py::test_Color_xyz[00ffff-expect8] 
encommon/colors/test/test_color.py::test_Color_xyz[800080-expect10] 
[gw0] [ 62%] PASSED encommon/colors/test/test_color.py::test_Color_xyz[800080-expect10] 
encommon/colors/test/test_color.py::test_Color_hsl[ffffff-expect1] 
[gw0] [ 62%] PASSED encommon/colors/test/test_color.py::test_Color_hsl[ffffff-expect1] 
encommon/colors/test/test_color.py::test_Color_xyz[ff00ff-expect9] 
[gw0] [ 62%] PASSED encommon/colors/test/test_color.py::test_Color_xyz[ff00ff-expect9] 
encommon/colors/test/test_color.py::test_Color_hsl[000000-expect2] 
[gw0] [ 63%] PASSED encommon/colors/test/test_color.py::test_Color_hsl[000000-expect2] 
encommon/colors/test/test_color.py::test_Color_rgb[ffffff-expect1] 
[gw0] [ 63%] PASSED encommon/colors/test/test_color.py::test_Color_rgb[ffffff-expect1] 
encommon/colors/test/test_color.py::test_Color_rgb[000000-expect2] 
[gw0] [ 63%] PASSED encommon/colors/test/test_color.py::test_Color_rgb[000000-expect2] 
encommon/colors/test/test_color.py::test_Color_xy[00ff00-expect4] 
[gw0] [ 64%] PASSED encommon/colors/test/test_color.py::test_Color_xy[00ff00-expect4] 
encommon/colors/test/test_color.py::test_Color_xy[800080-expect10] 
[gw0] [ 64%] PASSED encommon/colors/test/test_color.py::test_Color_xy[800080-expect10] 
encommon/colors/test/test_color.py::test_Color_rgb[00ff00-expect4] 
[gw0] [ 64%] PASSED encommon/colors/test/test_color.py::test_Color_rgb[00ff00-expect4] 
encommon/colors/test/test_color.py::test_Color_xy[000000-expect2] 
[gw0] [ 65%] PASSED encommon/colors/test/test_color.py::test_Color_xy[000000-expect2] 
encommon/times/test/test_parse.py::test_shift_time[+1mon@m+1mon-expect10] 
[gw0] [ 65%] PASSED encommon/times/test/test_parse.py::test_shift_time[+1mon@m+1mon-expect10] 
encommon/times/test/test_parse.py::test_shift_time[-1w@h-1w-expect17] 
[gw0] [ 65%] PASSED encommon/times/test/test_parse.py::test_shift_time[-1w@h-1w-expect17] 
encommon/times/test/test_parse.py::test_string_time 
[gw0] [ 66%] PASSED encommon/times/test/test_parse.py::test_string_time 
encommon/times/test/test_parse.py::test_shift_time[-1mon@m-expect9] 
[gw0] [ 66%] PASSED encommon/times/test/test_parse.py::test_shift_time[-1mon@m-expect9] 
encommon/times/test/test_parse.py::test_shift_time[+1d-expect18] 
[gw0] [ 66%] PASSED encommon/times/test/test_parse.py::test_shift_time[+1d-expect18] 
encommon/times/test/test_parse.py::test_shift_time[+1w@h-expect14] 
[gw0] [ 67%] PASSED encommon/times/test/test_parse.py::test_shift_time[+1w@h-expect14] 
encommon/times/test/test_parse.py::test_shift_time[-1w@h-expect15] 
[gw0] [ 67%] PASSED encommon/times/test/test_parse.py::test_shift_time[-1w@h-expect15] 
encommon/times/test/test_parse.py::test_shift_time[+1y@s+1h-expect4] 
[gw0] [ 67%] PASSED encommon/times/test/test_parse.py::test_shift_time[+1y@s+1h-expect4] 
encommon/times/test/test_parse.py::test_shift_time[-1y@s-expect3] 
[gw0] [ 68%] PASSED encommon/times/test/test_parse.py::test_shift_time[-1y@s-expect3] 
encommon/times/test/test_parse.py::test_shift_time[-1d@d-expect21] 
[gw0] [ 68%] PASSED encommon/times/test/test_parse.py::test_shift_time[-1d@d-expect21] 
encommon/times/test/test_parse.py::test_shift_time[+1mon@m-expect8] 
[gw0] [ 68%] PASSED encommon/times/test/test_parse.py::test_shift_time[+1mon@m-expect8] 
encommon/times/test/test_parse.py::test_shift_time[-1mon@m-1mon-expect11] 
[gw0] [ 69%] PASSED encommon/times/test/test_parse.py::test_shift_time[-1mon@m-1mon-expect11] 
encommon/times/test/test_parse.py::test_shift_time[+1y-expect0] 
[gw0] [ 69%] PASSED encommon/times/test/test_parse.py::test_shift_time[+1y-expect0] 
encommon/times/test/test_parse.py::test_shift_time[+1mon-expect6] 
[gw0] [ 69%] PASSED encommon/times/test/test_parse.py::test_shift_time[+1mon-expect6] 
encommon/times/test/test_parse.py::test_shift_time[-1w-expect13] 
[gw0] [ 70%] PASSED encommon/times/test/test_parse.py::test_shift_time[-1w-expect13] 
encommon/times/test/test_parse.py::test_shift_time[+1d@d-expect20] 
[gw0] [ 70%] PASSED encommon/times/test/test_parse.py::test_shift_time[+1d@d-expect20] 
encommon/times/test/test_parse.py::test_shift_time[-1y@s-1h-expect5] 
[gw0] [ 70%] PASSED encommon/times/test/test_parse.py::test_shift_time[-1y@s-1h-expect5] 
encommon/times/test/test_parse.py::test_shift_time[-1mon-expect7] 
[gw0] [ 71%] PASSED encommon/times/test/test_parse.py::test_shift_time[-1mon-expect7] 
encommon/times/test/test_parse.py::test_parse_time 
[gw0] [ 71%] PASSED encommon/times/test/test_parse.py::test_parse_time 
encommon/times/test/test_parse.py::test_since_time 
[gw0] [ 71%] PASSED encommon/times/test/test_parse.py::test_since_time 
encommon/times/test/test_parse.py::test_shift_time[+1d@d+30d-expect22] 
[gw0] [ 71%] PASSED encommon/times/test/test_parse.py::test_shift_time[+1d@d+30d-expect22] 
encommon/times/test/test_parse.py::test_shift_time[-1d-expect19] 
[gw0] [ 72%] PASSED encommon/times/test/test_parse.py::test_shift_time[-1d-expect19] 
encommon/times/test/test_parse.py::test_shift_time[-1y-expect1] 
[gw0] [ 72%] PASSED encommon/times/test/test_parse.py::test_shift_time[-1y-expect1] 
encommon/times/test/test_parse.py::test_shift_time[+1w@h+1w-expect16] 
[gw0] [ 72%] PASSED encommon/times/test/test_parse.py::test_shift_time[+1w@h+1w-expect16] 
encommon/times/test/test_parse.py::test_shift_time[+1y@s-expect2] 
[gw0] [ 73%] PASSED encommon/times/test/test_parse.py::test_shift_time[+1y@s-expect2] 
encommon/times/test/test_parse.py::test_shift_time[+1w-expect12] 
[gw0] [ 73%] PASSED encommon/times/test/test_parse.py::test_shift_time[+1w-expect12] 
encommon/times/test/test_parse.py::test_shift_time[-1d@d-30d-expect23] 
[gw0] [ 73%] PASSED encommon/times/test/test_parse.py::test_shift_time[-1d@d-30d-expect23] 
encommon/utils/test/test_sample.py::test_prep_sample 
[gw0] [ 74%] PASSED encommon/utils/test/test_sample.py::test_prep_sample 
encommon/utils/test/test_sample.py::test_rvrt_sample 
[gw0] [ 74%] PASSED encommon/utils/test/test_sample.py::test_rvrt_sample 
encommon/utils/test/test_sample.py::test_read_sample 
[gw0] [ 74%] PASSED encommon/utils/test/test_sample.py::test_read_sample 
encommon/utils/test/test_sample.py::test_load_sample 
[gw0] [ 75%] PASSED encommon/utils/test/test_sample.py::test_load_sample 
encommon/times/test/test_window.py::test_window_interval[window5-3659-False-expect5] 
[gw0] [ 75%] PASSED encommon/times/test/test_window.py::test_window_interval[window5-3659-False-expect5] 
encommon/times/test/test_window.py::test_window_interval[window9-3660-False-expect9] 
[gw0] [ 75%] PASSED encommon/times/test/test_window.py::test_window_interval[window9-3660-False-expect9] 
encommon/times/test/test_window.py::test_Window_cover 
[gw2] [ 76%] FAILED encommon/webkit/test/test_helpers.py::test_helpers_isempty 
[gw3] [ 76%] FAILED encommon/webkit/test/test_numeric.py::test_numeric_count 
encommon/webkit/test/test_helpers.py::test_helpers_istrue 
encommon/webkit/test/test_numeric.py::test_numeric_bytes 
[gw1] [ 76%] PASSED encommon/times/test/test_timers.py::test_Timers_cover 
encommon/utils/test/test_match.py::test_rgxp_match 
[gw1] [ 77%] PASSED encommon/utils/test/test_match.py::test_rgxp_match 
encommon/utils/test/test_match.py::test_fuzz_match 
[gw1] [ 77%] PASSED encommon/utils/test/test_match.py::test_fuzz_match 
encommon/utils/test/test_files.py::test_readsave_text 
[gw1] [ 77%] PASSED encommon/utils/test/test_files.py::test_readsave_text 
encommon/utils/test/test_files.py::test_append_text 
[gw1] [ 78%] PASSED encommon/utils/test/test_files.py::test_append_text 
encommon/times/test/test_time.py::test_Time_tzname 
[gw1] [ 78%] PASSED encommon/times/test/test_time.py::test_Time_tzname 
encommon/times/test/test_time.py::test_Time 
[gw3] [ 78%] FAILED encommon/webkit/test/test_numeric.py::test_numeric_bytes 
[gw2] [ 79%] FAILED encommon/webkit/test/test_helpers.py::test_helpers_istrue 
encommon/webkit/test/test_numeric.py::test_numeric 
encommon/webkit/test/test_helpers.py::test_helpers_isnull 
[gw1] [ 79%] PASSED encommon/times/test/test_time.py::test_Time 
encommon/webkit/test/test_tagues.py::test_tagues 
[gw3] [ 79%] FAILED encommon/webkit/test/test_numeric.py::test_numeric 
[gw2] [ 80%] FAILED encommon/webkit/test/test_helpers.py::test_helpers_isnull 
encommon/types/test/test_empty.py::test_EmptyType 
[gw3] [ 80%] PASSED encommon/types/test/test_empty.py::test_EmptyType 
encommon/parse/test/test_jinja2.py::test_Jinja2_parse[value14-expect14] 
[gw3] [ 80%] PASSED encommon/parse/test/test_jinja2.py::test_Jinja2_parse[value14-expect14] 
encommon/parse/test/test_jinja2.py::test_Jinja2_parse[{{ 1 }}-1] 
encommon/webkit/test/test_helpers.py::test_helpers_isnum 
[gw3] [ 81%] PASSED encommon/parse/test/test_jinja2.py::test_Jinja2_parse[{{ 1 }}-1] 
encommon/parse/test/test_jinja2.py::test_Jinja2_parse[{{ "-01" }}--01] 
[gw3] [ 81%] PASSED encommon/parse/test/test_jinja2.py::test_Jinja2_parse[{{ "-01" }}--01] 
encommon/parse/test/test_jinja2.py::test_Jinja2_parse[10.001-10.001_1] 
[gw3] [ 81%] PASSED encommon/parse/test/test_jinja2.py::test_Jinja2_parse[10.001-10.001_1] 
encommon/parse/test/test_jinja2.py::test_Jinja2_cover 
[gw3] [ 82%] PASSED encommon/parse/test/test_jinja2.py::test_Jinja2_cover 
encommon/parse/test/test_jinja2.py::test_Jinja2_parse[10.001-10.001_0] 
[gw3] [ 82%] PASSED encommon/parse/test/test_jinja2.py::test_Jinja2_parse[10.001-10.001_0] 
encommon/parse/test/test_jinja2.py::test_Jinja2_parse[-01--01] 
[gw3] [ 82%] PASSED encommon/parse/test/test_jinja2.py::test_Jinja2_parse[-01--01] 
encommon/parse/test/test_jinja2.py::test_Jinja2_parse[{{ "01" }}-01] 
[gw3] [ 83%] PASSED encommon/parse/test/test_jinja2.py::test_Jinja2_parse[{{ "01" }}-01] 
encommon/times/test/test_window.py::test_window_croniter[* * * * *-3559-False-expect4] 
[gw3] [ 83%] PASSED encommon/times/test/test_window.py::test_window_croniter[* * * * *-3559-False-expect4] 
encommon/times/test/test_window.py::test_window_interval[window4-3559-False-expect4] 
[gw3] [ 83%] PASSED encommon/times/test/test_window.py::test_window_interval[window4-3559-False-expect4] 
encommon/times/test/test_window.py::test_window_croniter[* * * * *-0-True-expect2] 
[gw3] [ 84%] PASSED encommon/times/test/test_window.py::test_window_croniter[* * * * *-0-True-expect2] 
encommon/times/test/test_window.py::test_window_croniter[* * * * *-3661-False-expect7] 
[gw3] [ 84%] PASSED encommon/times/test/test_window.py::test_window_croniter[* * * * *-3661-False-expect7] 
encommon/times/test/test_window.py::test_window_interval[window3-1-True-expect3] 
[gw3] [ 84%] PASSED encommon/times/test/test_window.py::test_window_interval[window3-1-True-expect3] 
encommon/times/test/test_window.py::test_window_croniter[* * * * *-3659-False-expect5] 
[gw3] [ 85%] PASSED encommon/times/test/test_window.py::test_window_croniter[* * * * *-3659-False-expect5] 
encommon/times/test/test_window.py::test_window_interval[window2-0-True-expect2] 
[gw3] [ 85%] PASSED encommon/times/test/test_window.py::test_window_interval[window2-0-True-expect2] 
encommon/times/test/test_window.py::test_window_interval[window1-1-False-expect1] 
[gw3] [ 85%] PASSED encommon/times/test/test_window.py::test_window_interval[window1-1-False-expect1] 
encommon/times/test/test_window.py::test_Window 
[gw3] [ 85%] PASSED encommon/times/test/test_window.py::test_Window 
encommon/times/test/test_window.py::test_window_croniter[0 * * * *-3661-False-expect10] 
[gw3] [ 86%] PASSED encommon/times/test/test_window.py::test_window_croniter[0 * * * *-3661-False-expect10] 
encommon/times/test/test_window.py::test_window_interval[window6-3660-False-expect6] 
[gw3] [ 86%] PASSED encommon/times/test/test_window.py::test_window_interval[window6-3660-False-expect6] 
encommon/times/test/test_window.py::test_window_croniter[* * * * *-1-True-expect3] 
[gw3] [ 86%] PASSED encommon/times/test/test_window.py::test_window_croniter[* * * * *-1-True-expect3] 
encommon/times/test/test_window.py::test_window_interval[window8-3559-False-expect8] 
[gw3] [ 87%] PASSED encommon/times/test/test_window.py::test_window_interval[window8-3559-False-expect8] 
encommon/times/test/test_window.py::test_window_interval[window7-3661-False-expect7] 
[gw3] [ 87%] PASSED encommon/times/test/test_window.py::test_window_interval[window7-3661-False-expect7] 
encommon/times/test/test_window.py::test_window_croniter[* * * * *-0-False-expect0] 
[gw3] [ 87%] PASSED encommon/times/test/test_window.py::test_window_croniter[* * * * *-0-False-expect0] 
encommon/times/test/test_window.py::test_window_interval[window0-0-False-expect0] 
[gw3] [ 88%] PASSED encommon/times/test/test_window.py::test_window_interval[window0-0-False-expect0] 
encommon/types/test/test_lists.py::test_fuzzy_list 
[gw3] [ 88%] PASSED encommon/types/test/test_lists.py::test_fuzzy_list 
encommon/types/test/test_lists.py::test_inlist 
[gw3] [ 88%] PASSED encommon/types/test/test_lists.py::test_inlist 
encommon/types/test/test_lists.py::test_dedup_list 
[gw3] [ 89%] PASSED encommon/types/test/test_lists.py::test_dedup_list 
encommon/config/test/test_paths.py::test_ConfigPaths 
[gw3] [ 89%] PASSED encommon/config/test/test_paths.py::test_ConfigPaths 
encommon/config/test/test_paths.py::test_ConfigPath 
[gw3] [ 89%] PASSED encommon/config/test/test_paths.py::test_ConfigPath 
encommon/config/test/test_paths.py::test_ConfigPaths_cover 
[gw3] [ 90%] PASSED encommon/config/test/test_paths.py::test_ConfigPaths_cover 
encommon/times/test/test_params.py::test_WindowParams 
[gw3] [ 90%] PASSED encommon/times/test/test_params.py::test_WindowParams 
encommon/times/test/test_params.py::test_TimerParams 
[gw3] [ 90%] PASSED encommon/times/test/test_params.py::test_TimerParams 
encommon/crypts/test/test_crypts.py::test_Crypts_iterate[foo-secrets] 
[gw3] [ 91%] PASSED encommon/crypts/test/test_crypts.py::test_Crypts_iterate[foo-secrets] 
encommon/crypts/test/test_crypts.py::test_Crypts_iterate[foo-default] 
[gw3] [ 91%] PASSED encommon/crypts/test/test_crypts.py::test_Crypts_iterate[foo-default] 
encommon/crypts/test/test_crypts.py::test_Crypts_raises 
[gw3] [ 91%] PASSED encommon/crypts/test/test_crypts.py::test_Crypts_raises 
encommon/crypts/test/test_crypts.py::test_Crypts 
[gw3] [ 92%] PASSED encommon/crypts/test/test_crypts.py::test_Crypts 
encommon/crypts/test/test_crypts.py::test_Crypts_cover 
[gw3] [ 92%] PASSED encommon/crypts/test/test_crypts.py::test_Crypts_cover 
encommon/parse/test/test_network.py::test_isvalid_ip 
[gw3] [ 92%] PASSED encommon/parse/test/test_network.py::test_isvalid_ip 
encommon/parse/test/test_network.py::test_insubnet_ip 
[gw3] [ 93%] PASSED encommon/parse/test/test_network.py::test_insubnet_ip 
encommon/parse/test/test_network.py::test_Network_ipv6 
[gw3] [ 93%] PASSED encommon/parse/test/test_network.py::test_Network_ipv6 
encommon/parse/test/test_network.py::test_Network 
[gw3] [ 93%] PASSED encommon/parse/test/test_network.py::test_Network 
encommon/parse/test/test_network.py::test_Network_ipv4 
[gw3] [ 94%] PASSED encommon/parse/test/test_network.py::test_Network_ipv4 
encommon/webkit/test/test_moderate.py::test_moderate 
[gw1] [ 94%] FAILED encommon/webkit/test/test_tagues.py::test_tagues 
encommon/times/test/test_window.py::test_window_croniter[* * * * *-3660-False-expect6] 
[gw1] [ 94%] PASSED encommon/times/test/test_window.py::test_window_croniter[* * * * *-3660-False-expect6] 
encommon/times/test/test_window.py::test_window_croniter[* * * * *-1-False-expect1] 
[gw1] [ 95%] PASSED encommon/times/test/test_window.py::test_window_croniter[* * * * *-1-False-expect1] 
encommon/times/test/test_window.py::test_window_croniter[0 * * * *-3660-False-expect9] 
[gw1] [ 95%] PASSED encommon/times/test/test_window.py::test_window_croniter[0 * * * *-3660-False-expect9] 
encommon/times/test/test_window.py::test_window_interval[window10-3661-False-expect10] 
[gw1] [ 95%] PASSED encommon/times/test/test_window.py::test_window_interval[window10-3661-False-expect10] 
encommon/types/test/test_dicts.py::test_sort_dict 
[gw1] [ 96%] PASSED encommon/types/test/test_dicts.py::test_sort_dict 
encommon/utils/test/test_stdout.py::test_strip_ansi 
[gw1] [ 96%] PASSED encommon/utils/test/test_stdout.py::test_strip_ansi 
encommon/utils/test/test_stdout.py::test_kvpair_ansi 
[gw1] [ 96%] PASSED encommon/utils/test/test_stdout.py::test_kvpair_ansi 
encommon/utils/test/test_stdout.py::test_array_ansi 
[gw1] [ 97%] PASSED encommon/utils/test/test_stdout.py::test_array_ansi 
encommon/utils/test/test_stdout.py::test_array_ansi_cover 
[gw1] [ 97%] PASSED encommon/utils/test/test_stdout.py::test_array_ansi_cover 
encommon/utils/test/test_stdout.py::test_print_ansi 
[gw1] [ 97%] PASSED encommon/utils/test/test_stdout.py::test_print_ansi 
encommon/utils/test/test_stdout.py::test_make_ansi 
[gw1] [ 98%] PASSED encommon/utils/test/test_stdout.py::test_make_ansi 
[gw2] [ 98%] FAILED encommon/webkit/test/test_helpers.py::test_helpers_isnum 
[gw0] [ 98%] PASSED encommon/times/test/test_window.py::test_Window_cover 
encommon/times/test/test_window.py::test_window_croniter[0 * * * *-3559-False-expect8] 
[gw0] [ 99%] PASSED encommon/times/test/test_window.py::test_window_croniter[0 * * * *-3559-False-expect8] 
encommon/webkit/test/test_helpers.py::test_helpers_islist 
[gw3] [ 99%] FAILED encommon/webkit/test/test_moderate.py::test_moderate 
encommon/types/test/test_dicts.py::test_merge_dicts 
[gw3] [ 99%] PASSED encommon/types/test/test_dicts.py::test_merge_dicts 
[gw2] [100%] FAILED encommon/webkit/test/test_helpers.py::test_helpers_islist 

=================================== FAILURES ===================================
_____________________________ test_default_content _____________________________
[gw1] linux -- Python 3.12.13 /home/runner/work/encommon/encommon/main/.venv-package/bin/python3

prepare = (<encommon.webkit.content.Content object at 0x7f507ceb4d70>, <selenium.webdriver.chrome.webdriver.WebDriver (session="8be26f20ecd21e1a7acde74907e4b442")>)

    def test_default_content(
        prepare: tuple['Content', WebDriver],
    ) -> None:
        """
        Perform various tests associated with relevant routines.
    
        :param prepare: Driver and content loaded with scripts.
        """
    
        content, driver = prepare
    
    
>       _executejs(
            driver,
            '$("body>div")'
            '.html("<p>pytest</p>");')

encommon/webkit/test/test_default.py:211: 
_ _ _ _ _ _ _ _ _ _ _ _ _ _ _ _ _ _ _ _ _ _ _ _ _ _ _ _ _ _ _ _ _ _ _ _ _ _ _ _ 
encommon/webkit/test/__init__.py:36: in _executejs
    driver
.venv-package/lib/python3.12/site-packages/selenium/webdriver/remote/webdriver.py:532: in execute_script
    return self.execute(command, {"script": script, "args": converted_args})["value"]
           ^^^^^^^^^^^^^^^^^^^^^^^^^^^^^^^^^^^^^^^^^^^^^^^^^^^^^^^^^^^^^^^^^
.venv-package/lib/python3.12/site-packages/selenium/webdriver/remote/webdriver.py:446: in execute
    self.error_handler.check_response(response)
_ _ _ _ _ _ _ _ _ _ _ _ _ _ _ _ _ _ _ _ _ _ _ _ _ _ _ _ _ _ _ _ _ _ _ _ _ _ _ _ 

self = <selenium.webdriver.remote.errorhandler.ErrorHandler object at 0x7f5086dc3aa0>
response = {'status': 500, 'value': '{"value":{"error":"javascript error","message":"javascript error: $ is not defined\\n  (Sess...\\n#15 0x55e83c38b4de \\u003Cunknown>\\n#16 0x7f5f2409caa4 \\u003Cunknown>\\n#17 0x7f5f24129c6c \\u003Cunknown>\\n"}}'}

    def check_response(self, response: dict[str, Any]) -> None:
        """Check that a JSON response from the WebDriver does not have an error.
    
        Args:
            response: The JSON response from the WebDriver server as a dictionary
                object.
    
        Raises:
            WebDriverException: If the response contains an error message.
        """
        status = response.get("status", None)
        if not status or status == ErrorCode.SUCCESS:
            return
        value = None
        message = response.get("message", "")
        screen: str = response.get("screen", "")
        stacktrace = None
        if isinstance(status, int):
            value_json = response.get("value", None)
            if value_json and isinstance(value_json, str):
                try:
                    value = json.loads(value_json)
                    if isinstance(value, dict):
                        if len(value) == 1:
                            value = value["value"]
                        status = value.get("error", None)
                        if not status:
                            status = value.get("status", ErrorCode.UNKNOWN_ERROR)
                            message = value.get("value") or value.get("message")
                            if not isinstance(message, str):
                                value = message
                                message = message.get("message") if isinstance(message, dict) else None
                        else:
                            message = value.get("message", None)
                except ValueError:
                    pass
    
        exception_class: type[WebDriverException]
        e = ErrorCode()
        error_codes = [item for item in dir(e) if not item.startswith("__")]
        for error_code in error_codes:
            error_info = getattr(ErrorCode, error_code)
            if isinstance(error_info, list) and status in error_info:
                exception_class = getattr(ExceptionMapping, error_code, WebDriverException)
                break
        else:
            exception_class = WebDriverException
    
        if not value:
            value = response["value"]
        if isinstance(value, str):
            raise exception_class(value)
        if message == "" and "message" in value:
            message = value["message"]
    
        screen = None  # type: ignore[assignment]
        if "screen" in value:
            screen = value["screen"]
    
        stacktrace = None
        st_value = value.get("stackTrace") or value.get("stacktrace")
        if st_value:
            if isinstance(st_value, str):
                stacktrace = st_value.split("\n")
            else:
                stacktrace = []
                try:
                    for frame in st_value:
                        line = frame.get("lineNumber", "")
                        file = frame.get("fileName", "<anonymous>")
                        if line:
                            file = f"{file}:{line}"
                        meth = frame.get("methodName", "<anonymous>")
                        if "className" in frame:
                            meth = f"{frame['className']}.{meth}"
                        msg = "    at %s (%s)"
                        msg = msg % (meth, file)
                        stacktrace.append(msg)
                except TypeError:
                    pass
        if exception_class == UnexpectedAlertPresentException:
            alert_text = None
            if "data" in value:
                alert_text = value["data"].get("text")
            elif "alert" in value:
                alert_text = value["alert"].get("text")
            raise exception_class(message, screen, stacktrace, alert_text)  # type: ignore[call-arg]  # mypy is not smart enough here
>       raise exception_class(message, screen, stacktrace)
E       selenium.common.exceptions.JavascriptException: Message: javascript error: $ is not defined
E         (Session info: chrome=146.0.7680.164)
E       Stacktrace:
E       #0 0x55e83c38ca6a <unknown>
E       #1 0x55e83bd9bab5 <unknown>
E       #2 0x55e83bda292b <unknown>
E       #3 0x55e83bda54ab <unknown>
E       #4 0x55e83be378d9 <unknown>
E       #5 0x55e83be367b6 <unknown>
E       #6 0x55e83bde1cbf <unknown>
E       #7 0x55e83bde2a81 <unknown>
E       #8 0x55e83c352a64 <unknown>
E       #9 0x55e83c355951 <unknown>
E       #10 0x55e83c33f21e <unknown>
E       #11 0x55e83c35651e <unknown>
E       #12 0x55e83c325be0 <unknown>
E       #13 0x55e83c3799b8 <unknown>
E       #14 0x55e83c379b88 <unknown>
E       #15 0x55e83c38b4de <unknown>
E       #16 0x7f5f2409caa4 <unknown>
E       #17 0x7f5f24129c6c <unknown>

.venv-package/lib/python3.12/site-packages/selenium/webdriver/remote/errorhandler.py:232: JavascriptException
____________________________ test_default_showhide _____________________________
[gw0] linux -- Python 3.12.13 /home/runner/work/encommon/encommon/main/.venv-package/bin/python3

prepare = (<encommon.webkit.content.Content object at 0x7f47bbeb7dd0>, <selenium.webdriver.chrome.webdriver.WebDriver (session="4cbe0df160eceb5ba0641431d1ff1cf0")>)

    def test_default_showhide(
        prepare: tuple['Content', WebDriver],
    ) -> None:
        """
        Perform various tests associated with relevant routines.
    
        :param prepare: Driver and content loaded with scripts.
        """
    
        content, driver = prepare
    
>       outcome = _executejs(
            driver,
            '$("body>div")[0]'
            '.style.display;')

encommon/webkit/test/test_default.py:165: 
_ _ _ _ _ _ _ _ _ _ _ _ _ _ _ _ _ _ _ _ _ _ _ _ _ _ _ _ _ _ _ _ _ _ _ _ _ _ _ _ 
encommon/webkit/test/__init__.py:36: in _executejs
    driver
.venv-package/lib/python3.12/site-packages/selenium/webdriver/remote/webdriver.py:532: in execute_script
    return self.execute(command, {"script": script, "args": converted_args})["value"]
           ^^^^^^^^^^^^^^^^^^^^^^^^^^^^^^^^^^^^^^^^^^^^^^^^^^^^^^^^^^^^^^^^^
.venv-package/lib/python3.12/site-packages/selenium/webdriver/remote/webdriver.py:446: in execute
    self.error_handler.check_response(response)
_ _ _ _ _ _ _ _ _ _ _ _ _ _ _ _ _ _ _ _ _ _ _ _ _ _ _ _ _ _ _ _ _ _ _ _ _ _ _ _ 

self = <selenium.webdriver.remote.errorhandler.ErrorHandler object at 0x7f47bbeb5dc0>
response = {'status': 500, 'value': '{"value":{"error":"javascript error","message":"javascript error: $ is not defined\\n  (Sess...\\n#15 0x55f4e093f4de \\u003Cunknown>\\n#16 0x7f78be49caa4 \\u003Cunknown>\\n#17 0x7f78be529c6c \\u003Cunknown>\\n"}}'}

    def check_response(self, response: dict[str, Any]) -> None:
        """Check that a JSON response from the WebDriver does not have an error.
    
        Args:
            response: The JSON response from the WebDriver server as a dictionary
                object.
    
        Raises:
            WebDriverException: If the response contains an error message.
        """
        status = response.get("status", None)
        if not status or status == ErrorCode.SUCCESS:
            return
        value = None
        message = response.get("message", "")
        screen: str = response.get("screen", "")
        stacktrace = None
        if isinstance(status, int):
            value_json = response.get("value", None)
            if value_json and isinstance(value_json, str):
                try:
                    value = json.loads(value_json)
                    if isinstance(value, dict):
                        if len(value) == 1:
                            value = value["value"]
                        status = value.get("error", None)
                        if not status:
                            status = value.get("status", ErrorCode.UNKNOWN_ERROR)
                            message = value.get("value") or value.get("message")
                            if not isinstance(message, str):
                                value = message
                                message = message.get("message") if isinstance(message, dict) else None
                        else:
                            message = value.get("message", None)
                except ValueError:
                    pass
    
        exception_class: type[WebDriverException]
        e = ErrorCode()
        error_codes = [item for item in dir(e) if not item.startswith("__")]
        for error_code in error_codes:
            error_info = getattr(ErrorCode, error_code)
            if isinstance(error_info, list) and status in error_info:
                exception_class = getattr(ExceptionMapping, error_code, WebDriverException)
                break
        else:
            exception_class = WebDriverException
    
        if not value:
            value = response["value"]
        if isinstance(value, str):
            raise exception_class(value)
        if message == "" and "message" in value:
            message = value["message"]
    
        screen = None  # type: ignore[assignment]
        if "screen" in value:
            screen = value["screen"]
    
        stacktrace = None
        st_value = value.get("stackTrace") or value.get("stacktrace")
        if st_value:
            if isinstance(st_value, str):
                stacktrace = st_value.split("\n")
            else:
                stacktrace = []
                try:
                    for frame in st_value:
                        line = frame.get("lineNumber", "")
                        file = frame.get("fileName", "<anonymous>")
                        if line:
                            file = f"{file}:{line}"
                        meth = frame.get("methodName", "<anonymous>")
                        if "className" in frame:
                            meth = f"{frame['className']}.{meth}"
                        msg = "    at %s (%s)"
                        msg = msg % (meth, file)
                        stacktrace.append(msg)
                except TypeError:
                    pass
        if exception_class == UnexpectedAlertPresentException:
            alert_text = None
            if "data" in value:
                alert_text = value["data"].get("text")
            elif "alert" in value:
                alert_text = value["alert"].get("text")
            raise exception_class(message, screen, stacktrace, alert_text)  # type: ignore[call-arg]  # mypy is not smart enough here
>       raise exception_class(message, screen, stacktrace)
E       selenium.common.exceptions.JavascriptException: Message: javascript error: $ is not defined
E         (Session info: chrome=146.0.7680.164)
E       Stacktrace:
E       #0 0x55f4e0940a6a <unknown>
E       #1 0x55f4e034fab5 <unknown>
E       #2 0x55f4e035692b <unknown>
E       #3 0x55f4e03594ab <unknown>
E       #4 0x55f4e03eb8d9 <unknown>
E       #5 0x55f4e03ea7b6 <unknown>
E       #6 0x55f4e0395cbf <unknown>
E       #7 0x55f4e0396a81 <unknown>
E       #8 0x55f4e0906a64 <unknown>
E       #9 0x55f4e0909951 <unknown>
E       #10 0x55f4e08f321e <unknown>
E       #11 0x55f4e090a51e <unknown>
E       #12 0x55f4e08d9be0 <unknown>
E       #13 0x55f4e092d9b8 <unknown>
E       #14 0x55f4e092db88 <unknown>
E       #15 0x55f4e093f4de <unknown>
E       #16 0x7f78be49caa4 <unknown>
E       #17 0x7f78be529c6c <unknown>

.venv-package/lib/python3.12/site-packages/selenium/webdriver/remote/errorhandler.py:232: JavascriptException
_____________________________ test_helpers_isbool ______________________________
[gw3] linux -- Python 3.12.13 /home/runner/work/encommon/encommon/main/.venv-package/bin/python3

prepare = (<encommon.webkit.content.Content object at 0x7f6df0da2c30>, <selenium.webdriver.chrome.webdriver.WebDriver (session="0d013bec27dc7624db58e02f95048e05")>)

    def test_helpers_isbool(
        prepare: tuple['Content', WebDriver],
    ) -> None:
        """
        Perform various tests associated with relevant routines.
    
        :param prepare: Driver and content loaded with scripts.
        """
    
        content, driver = prepare
    
>       outcome = _executejs(
            driver,
            'isbool(true)')

encommon/webkit/test/test_helpers.py:145: 
_ _ _ _ _ _ _ _ _ _ _ _ _ _ _ _ _ _ _ _ _ _ _ _ _ _ _ _ _ _ _ _ _ _ _ _ _ _ _ _ 
encommon/webkit/test/__init__.py:36: in _executejs
    driver
.venv-package/lib/python3.12/site-packages/selenium/webdriver/remote/webdriver.py:532: in execute_script
    return self.execute(command, {"script": script, "args": converted_args})["value"]
           ^^^^^^^^^^^^^^^^^^^^^^^^^^^^^^^^^^^^^^^^^^^^^^^^^^^^^^^^^^^^^^^^^
.venv-package/lib/python3.12/site-packages/selenium/webdriver/remote/webdriver.py:446: in execute
    self.error_handler.check_response(response)
_ _ _ _ _ _ _ _ _ _ _ _ _ _ _ _ _ _ _ _ _ _ _ _ _ _ _ _ _ _ _ _ _ _ _ _ _ _ _ _ 

self = <selenium.webdriver.remote.errorhandler.ErrorHandler object at 0x7f6df0008590>
response = {'status': 500, 'value': '{"value":{"error":"javascript error","message":"javascript error: isbool is not defined\\n  ...\\n#15 0x5614075614de \\u003Cunknown>\\n#16 0x7f069fa9caa4 \\u003Cunknown>\\n#17 0x7f069fb29c6c \\u003Cunknown>\\n"}}'}

    def check_response(self, response: dict[str, Any]) -> None:
        """Check that a JSON response from the WebDriver does not have an error.
    
        Args:
            response: The JSON response from the WebDriver server as a dictionary
                object.
    
        Raises:
            WebDriverException: If the response contains an error message.
        """
        status = response.get("status", None)
        if not status or status == ErrorCode.SUCCESS:
            return
        value = None
        message = response.get("message", "")
        screen: str = response.get("screen", "")
        stacktrace = None
        if isinstance(status, int):
            value_json = response.get("value", None)
            if value_json and isinstance(value_json, str):
                try:
                    value = json.loads(value_json)
                    if isinstance(value, dict):
                        if len(value) == 1:
                            value = value["value"]
                        status = value.get("error", None)
                        if not status:
                            status = value.get("status", ErrorCode.UNKNOWN_ERROR)
                            message = value.get("value") or value.get("message")
                            if not isinstance(message, str):
                                value = message
                                message = message.get("message") if isinstance(message, dict) else None
                        else:
                            message = value.get("message", None)
                except ValueError:
                    pass
    
        exception_class: type[WebDriverException]
        e = ErrorCode()
        error_codes = [item for item in dir(e) if not item.startswith("__")]
        for error_code in error_codes:
            error_info = getattr(ErrorCode, error_code)
            if isinstance(error_info, list) and status in error_info:
                exception_class = getattr(ExceptionMapping, error_code, WebDriverException)
                break
        else:
            exception_class = WebDriverException
    
        if not value:
            value = response["value"]
        if isinstance(value, str):
            raise exception_class(value)
        if message == "" and "message" in value:
            message = value["message"]
    
        screen = None  # type: ignore[assignment]
        if "screen" in value:
            screen = value["screen"]
    
        stacktrace = None
        st_value = value.get("stackTrace") or value.get("stacktrace")
        if st_value:
            if isinstance(st_value, str):
                stacktrace = st_value.split("\n")
            else:
                stacktrace = []
                try:
                    for frame in st_value:
                        line = frame.get("lineNumber", "")
                        file = frame.get("fileName", "<anonymous>")
                        if line:
                            file = f"{file}:{line}"
                        meth = frame.get("methodName", "<anonymous>")
                        if "className" in frame:
                            meth = f"{frame['className']}.{meth}"
                        msg = "    at %s (%s)"
                        msg = msg % (meth, file)
                        stacktrace.append(msg)
                except TypeError:
                    pass
        if exception_class == UnexpectedAlertPresentException:
            alert_text = None
            if "data" in value:
                alert_text = value["data"].get("text")
            elif "alert" in value:
                alert_text = value["alert"].get("text")
            raise exception_class(message, screen, stacktrace, alert_text)  # type: ignore[call-arg]  # mypy is not smart enough here
>       raise exception_class(message, screen, stacktrace)
E       selenium.common.exceptions.JavascriptException: Message: javascript error: isbool is not defined
E         (Session info: chrome=146.0.7680.164)
E       Stacktrace:
E       #0 0x561407562a6a <unknown>
E       #1 0x561406f71ab5 <unknown>
E       #2 0x561406f7892b <unknown>
E       #3 0x561406f7b4ab <unknown>
E       #4 0x56140700d8d9 <unknown>
E       #5 0x56140700c7b6 <unknown>
E       #6 0x561406fb7cbf <unknown>
E       #7 0x561406fb8a81 <unknown>
E       #8 0x561407528a64 <unknown>
E       #9 0x56140752b951 <unknown>
E       #10 0x56140751521e <unknown>
E       #11 0x56140752c51e <unknown>
E       #12 0x5614074fbbe0 <unknown>
E       #13 0x56140754f9b8 <unknown>
E       #14 0x56140754fb88 <unknown>
E       #15 0x5614075614de <unknown>
E       #16 0x7f069fa9caa4 <unknown>
E       #17 0x7f069fb29c6c <unknown>

.venv-package/lib/python3.12/site-packages/selenium/webdriver/remote/errorhandler.py:232: JavascriptException
________________________________ test_datestamp ________________________________
[gw2] linux -- Python 3.12.13 /home/runner/work/encommon/encommon/main/.venv-package/bin/python3

content = <encommon.webkit.content.Content object at 0x7f5dd9a17fe0>
driver = <selenium.webdriver.chrome.webdriver.WebDriver (session="0f2884207f4f4b153f6697b05ae54250")>

    def test_datestamp(
        content: 'Content',
        driver: WebDriver,
    ) -> None:
        """
        Perform various tests associated with relevant routines.
    
        :param content: Primary class instance for the content.
        :param driver: Selenium driver provided by the library.
        """
    
    
        driver.get(
            f"""
            data:text/html;
            charset=utf-8,
            <html>
              <head>
                <script>
            {content.scripts('default')}
            {content.scripts('helpers')}
            {content.scripts('datetime')}
                </script>
              </head>
              <body></body>
            </html>
            """)
    
    
>       outcome = _executejs(
            driver,
            'let element ='
            ' datestamp(...arguments);'
            'return'
            ' element[0].outerHTML;',
            '2024-04-20T16:20:00Z',
            wrap=False)

encommon/webkit/test/test_datetime.py:50: 
_ _ _ _ _ _ _ _ _ _ _ _ _ _ _ _ _ _ _ _ _ _ _ _ _ _ _ _ _ _ _ _ _ _ _ _ _ _ _ _ 
encommon/webkit/test/__init__.py:36: in _executejs
    driver
.venv-package/lib/python3.12/site-packages/selenium/webdriver/remote/webdriver.py:532: in execute_script
    return self.execute(command, {"script": script, "args": converted_args})["value"]
           ^^^^^^^^^^^^^^^^^^^^^^^^^^^^^^^^^^^^^^^^^^^^^^^^^^^^^^^^^^^^^^^^^
.venv-package/lib/python3.12/site-packages/selenium/webdriver/remote/webdriver.py:446: in execute
    self.error_handler.check_response(response)
_ _ _ _ _ _ _ _ _ _ _ _ _ _ _ _ _ _ _ _ _ _ _ _ _ _ _ _ _ _ _ _ _ _ _ _ _ _ _ _ 

self = <selenium.webdriver.remote.errorhandler.ErrorHandler object at 0x7f5dd99fdfd0>
response = {'status': 500, 'value': '{"value":{"error":"javascript error","message":"javascript error: datestamp is not defined\\...\\n#15 0x564ba8fc64de \\u003Cunknown>\\n#16 0x7fb3b6c9caa4 \\u003Cunknown>\\n#17 0x7fb3b6d29c6c \\u003Cunknown>\\n"}}'}

    def check_response(self, response: dict[str, Any]) -> None:
        """Check that a JSON response from the WebDriver does not have an error.
    
        Args:
            response: The JSON response from the WebDriver server as a dictionary
                object.
    
        Raises:
            WebDriverException: If the response contains an error message.
        """
        status = response.get("status", None)
        if not status or status == ErrorCode.SUCCESS:
            return
        value = None
        message = response.get("message", "")
        screen: str = response.get("screen", "")
        stacktrace = None
        if isinstance(status, int):
            value_json = response.get("value", None)
            if value_json and isinstance(value_json, str):
                try:
                    value = json.loads(value_json)
                    if isinstance(value, dict):
                        if len(value) == 1:
                            value = value["value"]
                        status = value.get("error", None)
                        if not status:
                            status = value.get("status", ErrorCode.UNKNOWN_ERROR)
                            message = value.get("value") or value.get("message")
                            if not isinstance(message, str):
                                value = message
                                message = message.get("message") if isinstance(message, dict) else None
                        else:
                            message = value.get("message", None)
                except ValueError:
                    pass
    
        exception_class: type[WebDriverException]
        e = ErrorCode()
        error_codes = [item for item in dir(e) if not item.startswith("__")]
        for error_code in error_codes:
            error_info = getattr(ErrorCode, error_code)
            if isinstance(error_info, list) and status in error_info:
                exception_class = getattr(ExceptionMapping, error_code, WebDriverException)
                break
        else:
            exception_class = WebDriverException
    
        if not value:
            value = response["value"]
        if isinstance(value, str):
            raise exception_class(value)
        if message == "" and "message" in value:
            message = value["message"]
    
        screen = None  # type: ignore[assignment]
        if "screen" in value:
            screen = value["screen"]
    
        stacktrace = None
        st_value = value.get("stackTrace") or value.get("stacktrace")
        if st_value:
            if isinstance(st_value, str):
                stacktrace = st_value.split("\n")
            else:
                stacktrace = []
                try:
                    for frame in st_value:
                        line = frame.get("lineNumber", "")
                        file = frame.get("fileName", "<anonymous>")
                        if line:
                            file = f"{file}:{line}"
                        meth = frame.get("methodName", "<anonymous>")
                        if "className" in frame:
                            meth = f"{frame['className']}.{meth}"
                        msg = "    at %s (%s)"
                        msg = msg % (meth, file)
                        stacktrace.append(msg)
                except TypeError:
                    pass
        if exception_class == UnexpectedAlertPresentException:
            alert_text = None
            if "data" in value:
                alert_text = value["data"].get("text")
            elif "alert" in value:
                alert_text = value["alert"].get("text")
            raise exception_class(message, screen, stacktrace, alert_text)  # type: ignore[call-arg]  # mypy is not smart enough here
>       raise exception_class(message, screen, stacktrace)
E       selenium.common.exceptions.JavascriptException: Message: javascript error: datestamp is not defined
E         (Session info: chrome=146.0.7680.164)
E       Stacktrace:
E       #0 0x564ba8fc7a6a <unknown>
E       #1 0x564ba89d6ab5 <unknown>
E       #2 0x564ba89dd92b <unknown>
E       #3 0x564ba89e04ab <unknown>
E       #4 0x564ba8a728d9 <unknown>
E       #5 0x564ba8a717b6 <unknown>
E       #6 0x564ba8a1ccbf <unknown>
E       #7 0x564ba8a1da81 <unknown>
E       #8 0x564ba8f8da64 <unknown>
E       #9 0x564ba8f90951 <unknown>
E       #10 0x564ba8f7a21e <unknown>
E       #11 0x564ba8f9151e <unknown>
E       #12 0x564ba8f60be0 <unknown>
E       #13 0x564ba8fb49b8 <unknown>
E       #14 0x564ba8fb4b88 <unknown>
E       #15 0x564ba8fc64de <unknown>
E       #16 0x7fb3b6c9caa4 <unknown>
E       #17 0x7fb3b6d29c6c <unknown>

.venv-package/lib/python3.12/site-packages/selenium/webdriver/remote/errorhandler.py:232: JavascriptException
------------------------------ Captured log setup ------------------------------
DEBUG    selenium.webdriver.common.selenium_manager:selenium_manager.py:112 Selenium Manager binary found at: /home/runner/work/encommon/encommon/main/.venv-package/lib/python3.12/site-packages/selenium/webdriver/common/linux/selenium-manager
DEBUG    selenium.webdriver.common.selenium_manager:selenium_manager.py:127 Executing process: /home/runner/work/encommon/encommon/main/.venv-package/lib/python3.12/site-packages/selenium/webdriver/common/linux/selenium-manager --browser chrome --language-binding python --output json
DEBUG    selenium.webdriver.common.selenium_manager:selenium_manager.py:153 Driver path: /usr/bin/chromedriver
DEBUG    selenium.webdriver.common.selenium_manager:selenium_manager.py:153 Browser path: /usr/bin/google-chrome
DEBUG    selenium.webdriver.common.service:service.py:232 Started executable: `/usr/bin/chromedriver` in a child process with pid: 3229 using 0 to output -3
DEBUG    selenium.webdriver.remote.remote_connection:remote_connection.py:406 POST http://localhost:58355/session {'capabilities': {'firstMatch': [{}], 'alwaysMatch': {'browserName': 'chrome', 'pageLoadStrategy': <PageLoadStrategy.normal: 'normal'>, 'browserVersion': None, 'goog:chromeOptions': {'extensions': [], 'binary': '/usr/bin/google-chrome', 'args': ['--headless']}}}}
DEBUG    urllib3.connectionpool:connectionpool.py:241 Starting new HTTP connection (1): localhost:58355
DEBUG    urllib3.connectionpool:connectionpool.py:544 http://localhost:58355 "POST /session HTTP/1.1" 200 0
DEBUG    selenium.webdriver.remote.remote_connection:remote_connection.py:439 Remote response: status=200 | data={"value":{"capabilities":{"acceptInsecureCerts":false,"browserName":"chrome","browserVersion":"146.0.7680.164","chrome":{"chromedriverVersion":"146.0.7680.165 (4b989da09e15a7dc0de0785cb5ff232aadae3f0f-refs/branch-heads/7680@{#2932})","userDataDir":"/tmp/org.chromium.Chromium.scoped_dir.ZdzhZJ"},"fedcm:accounts":true,"goog:chromeOptions":{"debuggerAddress":"localhost:32861"},"goog:processID":3261,"networkConnectionEnabled":false,"pageLoadStrategy":"normal","platformName":"linux","proxy":{},"setWindowRect":true,"strictFileInteractability":false,"timeouts":{"implicit":0,"pageLoad":300000,"script":30000},"unhandledPromptBehavior":"dismiss and notify","webauthn:extension:credBlob":true,"webauthn:extension:largeBlob":true,"webauthn:extension:minPinLength":true,"webauthn:extension:prf":true,"webauthn:virtualAuthenticators":true},"sessionId":"0f2884207f4f4b153f6697b05ae54250"}} | headers=HTTPHeaderDict({'Content-Length': '882', 'Content-Type': 'application/json; charset=utf-8', 'cache-control': 'no-cache'})
DEBUG    selenium.webdriver.remote.remote_connection:remote_connection.py:468 Finished Request
------------------------------ Captured log call -------------------------------
DEBUG    selenium.webdriver.remote.remote_connection:remote_connection.py:406 POST http://localhost:58355/session/0f2884207f4f4b153f6697b05ae54250/url {'url': '\n        data:text/html;\n        charset=utf-8,\n        <html>\n          <head>\n            <script>...'}
DEBUG    urllib3.connectionpool:connectionpool.py:544 http://localhost:58355 "POST /session/0f2884207f4f4b153f6697b05ae54250/url HTTP/1.1" 200 0
DEBUG    selenium.webdriver.remote.remote_connection:remote_connection.py:439 Remote response: status=200 | data={"value":null} | headers=HTTPHeaderDict({'Content-Length': '14', 'Content-Type': 'application/json; charset=utf-8', 'cache-control': 'no-cache'})
DEBUG    selenium.webdriver.remote.remote_connection:remote_connection.py:468 Finished Request
DEBUG    selenium.webdriver.remote.remote_connection:remote_connection.py:406 POST http://localhost:58355/session/0f2884207f4f4b153f6697b05ae54250/execute/sync {'script': 'let element = datestamp(...arguments);return element[0].outerHTML;', 'args': ['2024-04-20T16:20:00Z']}
DEBUG    urllib3.connectionpool:connectionpool.py:544 http://localhost:58355 "POST /session/0f2884207f4f4b153f6697b05ae54250/execute/sync HTTP/1.1" 500 0
DEBUG    selenium.webdriver.remote.remote_connection:remote_connection.py:439 Remote response: status=500 | data={"value":{"error":"javascript error","message":"javascript error: datestamp is not defined\n  (Session info: chrome=146.0.7680.164)","stacktrace":"#0 0x564ba8fc7a6a \u003Cunknown>\n#1 0x564ba89d6ab5 \u003Cunknown>\n#2 0x564ba89dd92b \u003Cunknown>\n#3 0x564ba89e04ab \u003Cunknown>\n#4 0x564ba8a728d9 \u003Cunknown>\n#5 0x564ba8a717b6 \u003Cunknown>\n#6 0x564ba8a1ccbf \u003Cunknown>\n#7 0x564ba8a1da81 \u003Cunknown>\n#8 0x564ba8f8da64 \u003Cunknown>\n#9 0x564ba8f90951 \u003Cunknown>\n#10 0x564ba8f7a21e \u003Cunknown>\n#11 0x564ba8f9151e \u003Cunknown>\n#12 0x564ba8f60be0 \u003Cunknown>\n#13 0x564ba8fb49b8 \u003Cunknown>\n#14 0x564ba8fb4b88 \u003Cunknown>\n#15 0x564ba8fc64de \u003Cunknown>\n#16 0x7fb3b6c9caa4 \u003Cunknown>\n#17 0x7fb3b6d29c6c \u003Cunknown>\n"}} | headers=HTTPHeaderDict({'Content-Length': '770', 'Content-Type': 'application/json; charset=utf-8', 'cache-control': 'no-cache'})
DEBUG    selenium.webdriver.remote.remote_connection:remote_connection.py:468 Finished Request
---------------------------- Captured log teardown -----------------------------
DEBUG    selenium.webdriver.remote.remote_connection:remote_connection.py:406 DELETE http://localhost:58355/session/0f2884207f4f4b153f6697b05ae54250 {}
DEBUG    urllib3.connectionpool:connectionpool.py:544 http://localhost:58355 "DELETE /session/0f2884207f4f4b153f6697b05ae54250 HTTP/1.1" 200 0
DEBUG    selenium.webdriver.remote.remote_connection:remote_connection.py:439 Remote response: status=200 | data={"value":null} | headers=HTTPHeaderDict({'Content-Length': '14', 'Content-Type': 'application/json; charset=utf-8', 'cache-control': 'no-cache'})
DEBUG    selenium.webdriver.remote.remote_connection:remote_connection.py:468 Finished Request
______________________________ test_default_prop _______________________________
[gw1] linux -- Python 3.12.13 /home/runner/work/encommon/encommon/main/.venv-package/bin/python3

prepare = (<encommon.webkit.content.Content object at 0x7f507cd25e20>, <selenium.webdriver.chrome.webdriver.WebDriver (session="b0788ab32c7a6ae97cdc27c42840a52c")>)

    def test_default_prop(
        prepare: tuple['Content', WebDriver],
    ) -> None:
        """
        Perform various tests associated with relevant routines.
    
        :param prepare: Driver and content loaded with scripts.
        """
    
        content, driver = prepare
    
>       _executejs(
            driver,
            '$("body")'
            '.prop("foo", "bar")')

encommon/webkit/test/test_default.py:329: 
_ _ _ _ _ _ _ _ _ _ _ _ _ _ _ _ _ _ _ _ _ _ _ _ _ _ _ _ _ _ _ _ _ _ _ _ _ _ _ _ 
encommon/webkit/test/__init__.py:36: in _executejs
    driver
.venv-package/lib/python3.12/site-packages/selenium/webdriver/remote/webdriver.py:532: in execute_script
    return self.execute(command, {"script": script, "args": converted_args})["value"]
           ^^^^^^^^^^^^^^^^^^^^^^^^^^^^^^^^^^^^^^^^^^^^^^^^^^^^^^^^^^^^^^^^^
.venv-package/lib/python3.12/site-packages/selenium/webdriver/remote/webdriver.py:446: in execute
    self.error_handler.check_response(response)
_ _ _ _ _ _ _ _ _ _ _ _ _ _ _ _ _ _ _ _ _ _ _ _ _ _ _ _ _ _ _ _ _ _ _ _ _ _ _ _ 

self = <selenium.webdriver.remote.errorhandler.ErrorHandler object at 0x7f507cc6cf50>
response = {'status': 500, 'value': '{"value":{"error":"javascript error","message":"javascript error: $ is not defined\\n  (Sess...\\n#15 0x55c4ec57a4de \\u003Cunknown>\\n#16 0x7fcbfcc9caa4 \\u003Cunknown>\\n#17 0x7fcbfcd29c6c \\u003Cunknown>\\n"}}'}

    def check_response(self, response: dict[str, Any]) -> None:
        """Check that a JSON response from the WebDriver does not have an error.
    
        Args:
[...]
#7 0x56500ce7fa81 <unknown>
#8 0x56500d3efa64 <unknown>
#9 0x56500d3f2951 <unknown>
#10 0x56500d3dc21e <unknown>
#11 0x56500d3f351e <unknown>
#12 0x56500d3c2be0 <unknown>
#13 0x56500d4169b8 <unknown>
#14 0x56500d416b88 <unknown>
#15 0x56500d4284de <unknown>
#16 0x7fdf1029caa4 <unknown>
#17 0x7fdf10329c6c <unknown>
FAILED encommon/webkit/test/test_helpers.py::test_helpers_isnode - selenium.common.exceptions.JavascriptException: Message: javascript error: $ is not defined
  (Session info: chrome=146.0.7680.164)
Stacktrace:
#0 0x5594fb115a6a <unknown>
#1 0x5594fab24ab5 <unknown>
#2 0x5594fab2b92b <unknown>
#3 0x5594fab2e4ab <unknown>
#4 0x5594fabc08d9 <unknown>
#5 0x5594fabbf7b6 <unknown>
#6 0x5594fab6acbf <unknown>
#7 0x5594fab6ba81 <unknown>
#8 0x5594fb0dba64 <unknown>
#9 0x5594fb0de951 <unknown>
#10 0x5594fb0c821e <unknown>
#11 0x5594fb0df51e <unknown>
#12 0x5594fb0aebe0 <unknown>
#13 0x5594fb1029b8 <unknown>
#14 0x5594fb102b88 <unknown>
#15 0x5594fb1144de <unknown>
#16 0x7f974389caa4 <unknown>
#17 0x7f9743929c6c <unknown>
FAILED encommon/webkit/test/test_helpers.py::test_helpers_dumps - selenium.common.exceptions.JavascriptException: Message: javascript error: dumps is not defined
  (Session info: chrome=146.0.7680.164)
Stacktrace:
#0 0x55ed52bb5a6a <unknown>
#1 0x55ed525c4ab5 <unknown>
#2 0x55ed525cb92b <unknown>
#3 0x55ed525ce4ab <unknown>
#4 0x55ed526608d9 <unknown>
#5 0x55ed5265f7b6 <unknown>
#6 0x55ed5260acbf <unknown>
#7 0x55ed5260ba81 <unknown>
#8 0x55ed52b7ba64 <unknown>
#9 0x55ed52b7e951 <unknown>
#10 0x55ed52b6821e <unknown>
#11 0x55ed52b7f51e <unknown>
#12 0x55ed52b4ebe0 <unknown>
#13 0x55ed52ba29b8 <unknown>
#14 0x55ed52ba2b88 <unknown>
#15 0x55ed52bb44de <unknown>
#16 0x7f5afaa9caa4 <unknown>
#17 0x7f5afab29c6c <unknown>
FAILED encommon/webkit/test/test_default.py::test_default_attr - selenium.common.exceptions.JavascriptException: Message: javascript error: $ is not defined
  (Session info: chrome=146.0.7680.164)
Stacktrace:
#0 0x55bb98b5fa6a <unknown>
#1 0x55bb9856eab5 <unknown>
#2 0x55bb9857592b <unknown>
#3 0x55bb985784ab <unknown>
#4 0x55bb9860a8d9 <unknown>
#5 0x55bb986097b6 <unknown>
#6 0x55bb985b4cbf <unknown>
#7 0x55bb985b5a81 <unknown>
#8 0x55bb98b25a64 <unknown>
#9 0x55bb98b28951 <unknown>
#10 0x55bb98b1221e <unknown>
#11 0x55bb98b2951e <unknown>
#12 0x55bb98af8be0 <unknown>
#13 0x55bb98b4c9b8 <unknown>
#14 0x55bb98b4cb88 <unknown>
#15 0x55bb98b5e4de <unknown>
#16 0x7f7b1ca9caa4 <unknown>
#17 0x7f7b1cb29c6c <unknown>
FAILED encommon/webkit/test/test_image.py::test_image - selenium.common.exceptions.JavascriptException: Message: javascript error: svgicon is not defined
  (Session info: chrome=146.0.7680.164)
Stacktrace:
#0 0x55f4929cba6a <unknown>
#1 0x55f4923daab5 <unknown>
#2 0x55f4923e192b <unknown>
#3 0x55f4923e44ab <unknown>
#4 0x55f4924768d9 <unknown>
#5 0x55f4924757b6 <unknown>
#6 0x55f492420cbf <unknown>
#7 0x55f492421a81 <unknown>
#8 0x55f492991a64 <unknown>
#9 0x55f492994951 <unknown>
#10 0x55f49297e21e <unknown>
#11 0x55f49299551e <unknown>
#12 0x55f492964be0 <unknown>
#13 0x55f4929b89b8 <unknown>
#14 0x55f4929b8b88 <unknown>
#15 0x55f4929ca4de <unknown>
#16 0x7f84bf69caa4 <unknown>
#17 0x7f84bf729c6c <unknown>
FAILED encommon/webkit/test/test_helpers.py::test_helpers_isfalse - selenium.common.exceptions.JavascriptException: Message: javascript error: isfalse is not defined
  (Session info: chrome=146.0.7680.164)
Stacktrace:
#0 0x5641c3165a6a <unknown>
#1 0x5641c2b74ab5 <unknown>
#2 0x5641c2b7b92b <unknown>
#3 0x5641c2b7e4ab <unknown>
#4 0x5641c2c108d9 <unknown>
#5 0x5641c2c0f7b6 <unknown>
#6 0x5641c2bbacbf <unknown>
#7 0x5641c2bbba81 <unknown>
#8 0x5641c312ba64 <unknown>
#9 0x5641c312e951 <unknown>
#10 0x5641c311821e <unknown>
#11 0x5641c312f51e <unknown>
#12 0x5641c30febe0 <unknown>
#13 0x5641c31529b8 <unknown>
#14 0x5641c3152b88 <unknown>
#15 0x5641c31644de <unknown>
#16 0x7f875249caa4 <unknown>
#17 0x7f8752529c6c <unknown>
FAILED encommon/webkit/test/test_statate.py::test_statate - selenium.common.exceptions.JavascriptException: Message: javascript error: statate is not defined
  (Session info: chrome=146.0.7680.164)
Stacktrace:
#0 0x55fe1c2c5a6a <unknown>
#1 0x55fe1bcd4ab5 <unknown>
#2 0x55fe1bcdb92b <unknown>
#3 0x55fe1bcde4ab <unknown>
#4 0x55fe1bd708d9 <unknown>
#5 0x55fe1bd6f7b6 <unknown>
#6 0x55fe1bd1acbf <unknown>
#7 0x55fe1bd1ba81 <unknown>
#8 0x55fe1c28ba64 <unknown>
#9 0x55fe1c28e951 <unknown>
#10 0x55fe1c27821e <unknown>
#11 0x55fe1c28f51e <unknown>
#12 0x55fe1c25ebe0 <unknown>
#13 0x55fe1c2b29b8 <unknown>
#14 0x55fe1c2b2b88 <unknown>
#15 0x55fe1c2c44de <unknown>
#16 0x7fb2b009caa4 <unknown>
#17 0x7fb2b0129c6c <unknown>
FAILED encommon/webkit/test/test_default.py::test_default_create - selenium.common.exceptions.JavascriptException: Message: javascript error: $ is not defined
  (Session info: chrome=146.0.7680.164)
Stacktrace:
#0 0x55a1d0ddda6a <unknown>
#1 0x55a1d07ecab5 <unknown>
#2 0x55a1d07f392b <unknown>
#3 0x55a1d07f64ab <unknown>
#4 0x55a1d08888d9 <unknown>
#5 0x55a1d08877b6 <unknown>
#6 0x55a1d0832cbf <unknown>
#7 0x55a1d0833a81 <unknown>
#8 0x55a1d0da3a64 <unknown>
#9 0x55a1d0da6951 <unknown>
#10 0x55a1d0d9021e <unknown>
#11 0x55a1d0da751e <unknown>
#12 0x55a1d0d76be0 <unknown>
#13 0x55a1d0dca9b8 <unknown>
#14 0x55a1d0dcab88 <unknown>
#15 0x55a1d0ddc4de <unknown>
#16 0x7fa296a9caa4 <unknown>
#17 0x7fa296b29c6c <unknown>
FAILED encommon/webkit/test/test_helpers.py::test_helpers_isquery - selenium.common.exceptions.JavascriptException: Message: javascript error: $ is not defined
  (Session info: chrome=146.0.7680.164)
Stacktrace:
#0 0x55f78fc18a6a <unknown>
#1 0x55f78f627ab5 <unknown>
#2 0x55f78f62e92b <unknown>
#3 0x55f78f6314ab <unknown>
#4 0x55f78f6c38d9 <unknown>
#5 0x55f78f6c27b6 <unknown>
#6 0x55f78f66dcbf <unknown>
#7 0x55f78f66ea81 <unknown>
#8 0x55f78fbdea64 <unknown>
#9 0x55f78fbe1951 <unknown>
#10 0x55f78fbcb21e <unknown>
#11 0x55f78fbe251e <unknown>
#12 0x55f78fbb1be0 <unknown>
#13 0x55f78fc059b8 <unknown>
#14 0x55f78fc05b88 <unknown>
#15 0x55f78fc174de <unknown>
#16 0x7fd359e9caa4 <unknown>
#17 0x7fd359f29c6c <unknown>
FAILED encommon/webkit/test/test_helpers.py::test_helpers_isstr - selenium.common.exceptions.JavascriptException: Message: javascript error: isstr is not defined
  (Session info: chrome=146.0.7680.164)
Stacktrace:
#0 0x5588a0b18a6a <unknown>
#1 0x5588a0527ab5 <unknown>
#2 0x5588a052e92b <unknown>
#3 0x5588a05314ab <unknown>
#4 0x5588a05c38d9 <unknown>
#5 0x5588a05c27b6 <unknown>
#6 0x5588a056dcbf <unknown>
#7 0x5588a056ea81 <unknown>
#8 0x5588a0adea64 <unknown>
#9 0x5588a0ae1951 <unknown>
#10 0x5588a0acb21e <unknown>
#11 0x5588a0ae251e <unknown>
#12 0x5588a0ab1be0 <unknown>
#13 0x5588a0b059b8 <unknown>
#14 0x5588a0b05b88 <unknown>
#15 0x5588a0b174de <unknown>
#16 0x7f004409caa4 <unknown>
#17 0x7f0044129c6c <unknown>
FAILED encommon/webkit/test/test_default.py::test_default_addClass - selenium.common.exceptions.JavascriptException: Message: javascript error: $ is not defined
  (Session info: chrome=146.0.7680.164)
Stacktrace:
#0 0x5628bf1c8a6a <unknown>
#1 0x5628bebd7ab5 <unknown>
#2 0x5628bebde92b <unknown>
#3 0x5628bebe14ab <unknown>
#4 0x5628bec738d9 <unknown>
#5 0x5628bec727b6 <unknown>
#6 0x5628bec1dcbf <unknown>
#7 0x5628bec1ea81 <unknown>
#8 0x5628bf18ea64 <unknown>
#9 0x5628bf191951 <unknown>
#10 0x5628bf17b21e <unknown>
#11 0x5628bf19251e <unknown>
#12 0x5628bf161be0 <unknown>
#13 0x5628bf1b59b8 <unknown>
#14 0x5628bf1b5b88 <unknown>
#15 0x5628bf1c74de <unknown>
#16 0x7f6b6da9caa4 <unknown>
#17 0x7f6b6db29c6c <unknown>
FAILED encommon/webkit/test/test_default.py::test_default_styles - selenium.common.exceptions.JavascriptException: Message: javascript error: $ is not defined
  (Session info: chrome=146.0.7680.164)
Stacktrace:
#0 0x555d735b8a6a <unknown>
#1 0x555d72fc7ab5 <unknown>
#2 0x555d72fce92b <unknown>
#3 0x555d72fd14ab <unknown>
#4 0x555d730638d9 <unknown>
#5 0x555d730627b6 <unknown>
#6 0x555d7300dcbf <unknown>
#7 0x555d7300ea81 <unknown>
#8 0x555d7357ea64 <unknown>
#9 0x555d73581951 <unknown>
#10 0x555d7356b21e <unknown>
#11 0x555d7358251e <unknown>
#12 0x555d73551be0 <unknown>
#13 0x555d735a59b8 <unknown>
#14 0x555d735a5b88 <unknown>
#15 0x555d735b74de <unknown>
#16 0x7f8c8c49caa4 <unknown>
#17 0x7f8c8c529c6c <unknown>
FAILED encommon/webkit/test/test_helpers.py::test_helpers_assert - selenium.common.exceptions.JavascriptException: Message: javascript error: assert is not defined
  (Session info: chrome=146.0.7680.164)
Stacktrace:
#0 0x564900b24a6a <unknown>
#1 0x564900533ab5 <unknown>
#2 0x56490053a92b <unknown>
#3 0x56490053d4ab <unknown>
#4 0x5649005cf8d9 <unknown>
#5 0x5649005ce7b6 <unknown>
#6 0x564900579cbf <unknown>
#7 0x56490057aa81 <unknown>
#8 0x564900aeaa64 <unknown>
#9 0x564900aed951 <unknown>
#10 0x564900ad721e <unknown>
#11 0x564900aee51e <unknown>
#12 0x564900abdbe0 <unknown>
#13 0x564900b119b8 <unknown>
#14 0x564900b11b88 <unknown>
#15 0x564900b234de <unknown>
#16 0x7f2cb5c9caa4 <unknown>
#17 0x7f2cb5d29c6c <unknown>
FAILED encommon/webkit/test/test_message.py::test_message - selenium.common.exceptions.JavascriptException: Message: javascript error: message is not defined
  (Session info: chrome=146.0.7680.164)
Stacktrace:
#0 0x5591d85cba6a <unknown>
#1 0x5591d7fdaab5 <unknown>
#2 0x5591d7fe192b <unknown>
#3 0x5591d7fe44ab <unknown>
#4 0x5591d80768d9 <unknown>
#5 0x5591d80757b6 <unknown>
#6 0x5591d8020cbf <unknown>
#7 0x5591d8021a81 <unknown>
#8 0x5591d8591a64 <unknown>
#9 0x5591d8594951 <unknown>
#10 0x5591d857e21e <unknown>
#11 0x5591d859551e <unknown>
#12 0x5591d8564be0 <unknown>
#13 0x5591d85b89b8 <unknown>
#14 0x5591d85b8b88 <unknown>
#15 0x5591d85ca4de <unknown>
#16 0x7f263a09caa4 <unknown>
#17 0x7f263a129c6c <unknown>
FAILED encommon/webkit/test/test_helpers.py::test_helpers_whenready - selenium.common.exceptions.JavascriptException: Message: javascript error: whenready is not defined
  (Session info: chrome=146.0.7680.164)
Stacktrace:
#0 0x557fd8643a6a <unknown>
#1 0x557fd8052ab5 <unknown>
#2 0x557fd805992b <unknown>
#3 0x557fd805c4ab <unknown>
#4 0x557fd80ee8d9 <unknown>
#5 0x557fd80ed7b6 <unknown>
#6 0x557fd8098cbf <unknown>
#7 0x557fd8099a81 <unknown>
#8 0x557fd8609a64 <unknown>
#9 0x557fd860c951 <unknown>
#10 0x557fd85f621e <unknown>
#11 0x557fd860d51e <unknown>
#12 0x557fd85dcbe0 <unknown>
#13 0x557fd86309b8 <unknown>
#14 0x557fd8630b88 <unknown>
#15 0x557fd86424de <unknown>
#16 0x7f3e5fa9caa4 <unknown>
#17 0x7f3e5fb29c6c <unknown>
FAILED encommon/webkit/test/test_color.py::test_colordiv - selenium.common.exceptions.JavascriptException: Message: javascript error: colordiv is not defined
  (Session info: chrome=146.0.7680.164)
Stacktrace:
#0 0x55f5b3489a6a <unknown>
#1 0x55f5b2e98ab5 <unknown>
#2 0x55f5b2e9f92b <unknown>
#3 0x55f5b2ea24ab <unknown>
#4 0x55f5b2f348d9 <unknown>
#5 0x55f5b2f337b6 <unknown>
#6 0x55f5b2edecbf <unknown>
#7 0x55f5b2edfa81 <unknown>
#8 0x55f5b344fa64 <unknown>
#9 0x55f5b3452951 <unknown>
#10 0x55f5b343c21e <unknown>
#11 0x55f5b345351e <unknown>
#12 0x55f5b3422be0 <unknown>
#13 0x55f5b34769b8 <unknown>
#14 0x55f5b3476b88 <unknown>
#15 0x55f5b34884de <unknown>
#16 0x7f1d62e9caa4 <unknown>
#17 0x7f1d62f29c6c <unknown>
FAILED encommon/webkit/test/test_helpers.py::test_helpers_isdict - selenium.common.exceptions.JavascriptException: Message: javascript error: isdict is not defined
  (Session info: chrome=146.0.7680.164)
Stacktrace:
#0 0x562b3bd02a6a <unknown>
#1 0x562b3b711ab5 <unknown>
#2 0x562b3b71892b <unknown>
#3 0x562b3b71b4ab <unknown>
#4 0x562b3b7ad8d9 <unknown>
#5 0x562b3b7ac7b6 <unknown>
#6 0x562b3b757cbf <unknown>
#7 0x562b3b758a81 <unknown>
#8 0x562b3bcc8a64 <unknown>
#9 0x562b3bccb951 <unknown>
#10 0x562b3bcb521e <unknown>
#11 0x562b3bccc51e <unknown>
#12 0x562b3bc9bbe0 <unknown>
#13 0x562b3bcef9b8 <unknown>
#14 0x562b3bcefb88 <unknown>
#15 0x562b3bd014de <unknown>
#16 0x7f5f94e9caa4 <unknown>
#17 0x7f5f94f29c6c <unknown>
FAILED encommon/webkit/test/test_datagrid.py::test_datagrid - selenium.common.exceptions.JavascriptException: Message: javascript error: datagrid is not defined
  (Session info: chrome=146.0.7680.164)
Stacktrace:
#0 0x557c1e12ba6a <unknown>
#1 0x557c1db3aab5 <unknown>
#2 0x557c1db4192b <unknown>
#3 0x557c1db444ab <unknown>
#4 0x557c1dbd68d9 <unknown>
#5 0x557c1dbd57b6 <unknown>
#6 0x557c1db80cbf <unknown>
#7 0x557c1db81a81 <unknown>
#8 0x557c1e0f1a64 <unknown>
#9 0x557c1e0f4951 <unknown>
#10 0x557c1e0de21e <unknown>
#11 0x557c1e0f551e <unknown>
#12 0x557c1e0c4be0 <unknown>
#13 0x557c1e1189b8 <unknown>
#14 0x557c1e118b88 <unknown>
#15 0x557c1e12a4de <unknown>
#16 0x7f6f3909caa4 <unknown>
#17 0x7f6f39129c6c <unknown>
FAILED encommon/webkit/test/test_helpers.py::test_helpers_isempty - selenium.common.exceptions.JavascriptException: Message: javascript error: isempty is not defined
  (Session info: chrome=146.0.7680.164)
Stacktrace:
#0 0x562134c83a6a <unknown>
#1 0x562134692ab5 <unknown>
#2 0x56213469992b <unknown>
#3 0x56213469c4ab <unknown>
#4 0x56213472e8d9 <unknown>
#5 0x56213472d7b6 <unknown>
#6 0x5621346d8cbf <unknown>
#7 0x5621346d9a81 <unknown>
#8 0x562134c49a64 <unknown>
#9 0x562134c4c951 <unknown>
#10 0x562134c3621e <unknown>
#11 0x562134c4d51e <unknown>
#12 0x562134c1cbe0 <unknown>
#13 0x562134c709b8 <unknown>
#14 0x562134c70b88 <unknown>
#15 0x562134c824de <unknown>
#16 0x7f2e49e9caa4 <unknown>
#17 0x7f2e49f29c6c <unknown>
FAILED encommon/webkit/test/test_numeric.py::test_numeric_count - selenium.common.exceptions.JavascriptException: Message: javascript error: numeric_count is not defined
  (Session info: chrome=146.0.7680.164)
Stacktrace:
#0 0x560dd486aa6a <unknown>
#1 0x560dd4279ab5 <unknown>
#2 0x560dd428092b <unknown>
#3 0x560dd42834ab <unknown>
#4 0x560dd43158d9 <unknown>
#5 0x560dd43147b6 <unknown>
#6 0x560dd42bfcbf <unknown>
#7 0x560dd42c0a81 <unknown>
#8 0x560dd4830a64 <unknown>
#9 0x560dd4833951 <unknown>
#10 0x560dd481d21e <unknown>
#11 0x560dd483451e <unknown>
#12 0x560dd4803be0 <unknown>
#13 0x560dd48579b8 <unknown>
#14 0x560dd4857b88 <unknown>
#15 0x560dd48694de <unknown>
#16 0x7ff14a49caa4 <unknown>
#17 0x7ff14a529c6c <unknown>
FAILED encommon/webkit/test/test_numeric.py::test_numeric_bytes - selenium.common.exceptions.JavascriptException: Message: javascript error: numeric_bytes is not defined
  (Session info: chrome=146.0.7680.164)
Stacktrace:
#0 0x561540488a6a <unknown>
#1 0x56153fe97ab5 <unknown>
#2 0x56153fe9e92b <unknown>
#3 0x56153fea14ab <unknown>
#4 0x56153ff338d9 <unknown>
#5 0x56153ff327b6 <unknown>
#6 0x56153feddcbf <unknown>
#7 0x56153fedea81 <unknown>
#8 0x56154044ea64 <unknown>
#9 0x561540451951 <unknown>
#10 0x56154043b21e <unknown>
#11 0x56154045251e <unknown>
#12 0x561540421be0 <unknown>
#13 0x5615404759b8 <unknown>
#14 0x561540475b88 <unknown>
#15 0x5615404874de <unknown>
#16 0x7f2312e9caa4 <unknown>
#17 0x7f2312f29c6c <unknown>
FAILED encommon/webkit/test/test_helpers.py::test_helpers_istrue - selenium.common.exceptions.JavascriptException: Message: javascript error: istrue is not defined
  (Session info: chrome=146.0.7680.164)
Stacktrace:
#0 0x562d24995a6a <unknown>
#1 0x562d243a4ab5 <unknown>
#2 0x562d243ab92b <unknown>
#3 0x562d243ae4ab <unknown>
#4 0x562d244408d9 <unknown>
#5 0x562d2443f7b6 <unknown>
#6 0x562d243eacbf <unknown>
#7 0x562d243eba81 <unknown>
#8 0x562d2495ba64 <unknown>
#9 0x562d2495e951 <unknown>
#10 0x562d2494821e <unknown>
#11 0x562d2495f51e <unknown>
#12 0x562d2492ebe0 <unknown>
#13 0x562d249829b8 <unknown>
#14 0x562d24982b88 <unknown>
#15 0x562d249944de <unknown>
#16 0x7f2c8429caa4 <unknown>
#17 0x7f2c84329c6c <unknown>
FAILED encommon/webkit/test/test_numeric.py::test_numeric - selenium.common.exceptions.JavascriptException: Message: javascript error: numeric is not defined
  (Session info: chrome=146.0.7680.164)
Stacktrace:
#0 0x5573554e3a6a <unknown>
#1 0x557354ef2ab5 <unknown>
#2 0x557354ef992b <unknown>
#3 0x557354efc4ab <unknown>
#4 0x557354f8e8d9 <unknown>
#5 0x557354f8d7b6 <unknown>
#6 0x557354f38cbf <unknown>
#7 0x557354f39a81 <unknown>
#8 0x5573554a9a64 <unknown>
#9 0x5573554ac951 <unknown>
#10 0x55735549621e <unknown>
#11 0x5573554ad51e <unknown>
#12 0x55735547cbe0 <unknown>
#13 0x5573554d09b8 <unknown>
#14 0x5573554d0b88 <unknown>
#15 0x5573554e24de <unknown>
#16 0x7f745349caa4 <unknown>
#17 0x7f7453529c6c <unknown>
FAILED encommon/webkit/test/test_helpers.py::test_helpers_isnull - selenium.common.exceptions.JavascriptException: Message: javascript error: isnull is not defined
  (Session info: chrome=146.0.7680.164)
Stacktrace:
#0 0x55c733704a6a <unknown>
#1 0x55c733113ab5 <unknown>
#2 0x55c73311a92b <unknown>
#3 0x55c73311d4ab <unknown>
#4 0x55c7331af8d9 <unknown>
#5 0x55c7331ae7b6 <unknown>
#6 0x55c733159cbf <unknown>
#7 0x55c73315aa81 <unknown>
#8 0x55c7336caa64 <unknown>
#9 0x55c7336cd951 <unknown>
#10 0x55c7336b721e <unknown>
#11 0x55c7336ce51e <unknown>
#12 0x55c73369dbe0 <unknown>
#13 0x55c7336f19b8 <unknown>
#14 0x55c7336f1b88 <unknown>
#15 0x55c7337034de <unknown>
#16 0x7f5ecda9caa4 <unknown>
#17 0x7f5ecdb29c6c <unknown>
FAILED encommon/webkit/test/test_tagues.py::test_tagues - selenium.common.exceptions.JavascriptException: Message: javascript error: tagues is not defined
  (Session info: chrome=146.0.7680.164)
Stacktrace:
#0 0x558111357a6a <unknown>
#1 0x558110d66ab5 <unknown>
#2 0x558110d6d92b <unknown>
#3 0x558110d704ab <unknown>
#4 0x558110e028d9 <unknown>
#5 0x558110e017b6 <unknown>
#6 0x558110daccbf <unknown>
#7 0x558110dada81 <unknown>
#8 0x55811131da64 <unknown>
#9 0x558111320951 <unknown>
#10 0x55811130a21e <unknown>
#11 0x55811132151e <unknown>
#12 0x5581112f0be0 <unknown>
#13 0x5581113449b8 <unknown>
#14 0x558111344b88 <unknown>
#15 0x5581113564de <unknown>
#16 0x7f0f98c9caa4 <unknown>
#17 0x7f0f98d29c6c <unknown>
FAILED encommon/webkit/test/test_helpers.py::test_helpers_isnum - selenium.common.exceptions.JavascriptException: Message: javascript error: isnum is not defined
  (Session info: chrome=146.0.7680.164)
Stacktrace:
#0 0x558cebe88a6a <unknown>
#1 0x558ceb897ab5 <unknown>
#2 0x558ceb89e92b <unknown>
#3 0x558ceb8a14ab <unknown>
#4 0x558ceb9338d9 <unknown>
#5 0x558ceb9327b6 <unknown>
#6 0x558ceb8ddcbf <unknown>
#7 0x558ceb8dea81 <unknown>
#8 0x558cebe4ea64 <unknown>
#9 0x558cebe51951 <unknown>
#10 0x558cebe3b21e <unknown>
#11 0x558cebe5251e <unknown>
#12 0x558cebe21be0 <unknown>
#13 0x558cebe759b8 <unknown>
#14 0x558cebe75b88 <unknown>
#15 0x558cebe874de <unknown>
#16 0x7f1868e9caa4 <unknown>
#17 0x7f1868f29c6c <unknown>
FAILED encommon/webkit/test/test_moderate.py::test_moderate - selenium.common.exceptions.JavascriptException: Message: javascript error: moderate is not defined
  (Session info: chrome=146.0.7680.164)
Stacktrace:
#0 0x56471a30aa6a <unknown>
#1 0x564719d19ab5 <unknown>
#2 0x564719d2092b <unknown>
#3 0x564719d234ab <unknown>
#4 0x564719db58d9 <unknown>
#5 0x564719db47b6 <unknown>
#6 0x564719d5fcbf <unknown>
#7 0x564719d60a81 <unknown>
#8 0x56471a2d0a64 <unknown>
#9 0x56471a2d3951 <unknown>
#10 0x56471a2bd21e <unknown>
#11 0x56471a2d451e <unknown>
#12 0x56471a2a3be0 <unknown>
#13 0x56471a2f79b8 <unknown>
#14 0x56471a2f7b88 <unknown>
#15 0x56471a3094de <unknown>
#16 0x7f598909caa4 <unknown>
#17 0x7f5989129c6c <unknown>
FAILED encommon/webkit/test/test_helpers.py::test_helpers_islist - selenium.common.exceptions.JavascriptException: Message: javascript error: islist is not defined
  (Session info: chrome=146.0.7680.164)
Stacktrace:
#0 0x557e2cf09a6a <unknown>
#1 0x557e2c918ab5 <unknown>
#2 0x557e2c91f92b <unknown>
#3 0x557e2c9224ab <unknown>
#4 0x557e2c9b48d9 <unknown>
#5 0x557e2c9b37b6 <unknown>
#6 0x557e2c95ecbf <unknown>
#7 0x557e2c95fa81 <unknown>
#8 0x557e2cecfa64 <unknown>
#9 0x557e2ced2951 <unknown>
#10 0x557e2cebc21e <unknown>
#11 0x557e2ced351e <unknown>
#12 0x557e2cea2be0 <unknown>
#13 0x557e2cef69b8 <unknown>
#14 0x557e2cef6b88 <unknown>
#15 0x557e2cf084de <unknown>
#16 0x7f7f60a9caa4 <unknown>
#17 0x7f7f60b29c6c <unknown>
======================= 38 failed, 269 passed in 39.34s ========================
