>>> make pytest
  ● Executing pytest in encommon..
============================= test session starts ==============================
platform linux -- Python 3.12.13, pytest-9.0.2, pluggy-1.6.0 -- /home/runner/work/encommon/encommon/main/.venv-package/bin/python3
cachedir: .pytest_cache
metadata: {'Python': '3.12.13', 'Platform': 'Linux-6.17.0-1008-azure-x86_64-with-glibc2.39', 'Packages': {'pytest': '9.0.2', 'pluggy': '1.6.0'}, 'Plugins': {'metadata': '3.1.1', 'randomly': '4.0.1', 'variables': '3.1.0', 'clarity': '1.0.1', 'cov': '7.1.0', 'xdist': '3.8.0', 'html': '4.2.0', 'base-url': '2.1.0', 'selenium': '4.1.0', 'sphinx': '0.7.1', 'mypy': '1.0.1'}, 'CI': 'true', 'JAVA_HOME': '/usr/lib/jvm/temurin-17-jdk-amd64', 'Base URL': '', 'Driver': None, 'Capabilities': {}}
Using --randomly-seed=2885230173
sensitiveurl: .*
rootdir: /home/runner/work/encommon/encommon/main
configfile: pyproject.toml
plugins: metadata-3.1.1, randomly-4.0.1, variables-3.1.0, clarity-1.0.1, cov-7.1.0, xdist-3.8.0, html-4.2.0, base-url-2.1.0, selenium-4.1.0, sphinx-0.7.1, mypy-1.0.1
created: 4/4 workers
4 workers [307 items]

scheduling tests via LoadScheduling

encommon/webkit/test/test_datagrid.py::test_datagrid 
encommon/times/test/test_parse.py::test_shift_time[+1w@h+1w-expect16] 
encommon/times/test/test_parse.py::test_shift_time[-1d@d-30d-expect23] 
encommon/webkit/test/test_numeric.py::test_numeric 
[gw2] [  0%] PASSED encommon/times/test/test_parse.py::test_shift_time[-1d@d-30d-expect23] 
encommon/times/test/test_parse.py::test_shift_time[-1mon@m-1mon-expect11] 
[gw1] [  0%] PASSED encommon/times/test/test_parse.py::test_shift_time[+1w@h+1w-expect16] 
[gw2] [  0%] PASSED encommon/times/test/test_parse.py::test_shift_time[-1mon@m-1mon-expect11] 
encommon/times/test/test_parse.py::test_shift_time[-1mon-expect7] 
encommon/times/test/test_parse.py::test_parse_time 
[gw2] [  1%] PASSED encommon/times/test/test_parse.py::test_shift_time[-1mon-expect7] 
encommon/config/test/test_files.py::test_ConfigFile 
[gw1] [  1%] PASSED encommon/times/test/test_parse.py::test_parse_time 
encommon/times/test/test_parse.py::test_since_time 
[gw1] [  1%] PASSED encommon/times/test/test_parse.py::test_since_time 
encommon/times/test/test_parse.py::test_shift_time[-1y@s-expect3] 
[gw1] [  2%] PASSED encommon/times/test/test_parse.py::test_shift_time[-1y@s-expect3] 
encommon/times/test/test_parse.py::test_shift_time[-1d@d-expect21] 
[gw1] [  2%] PASSED encommon/times/test/test_parse.py::test_shift_time[-1d@d-expect21] 
encommon/times/test/test_parse.py::test_string_time 
[gw2] [  2%] PASSED encommon/config/test/test_files.py::test_ConfigFile 
encommon/config/test/test_files.py::test_ConfigFiles_cover 
[gw2] [  3%] PASSED encommon/config/test/test_files.py::test_ConfigFiles_cover 
encommon/config/test/test_files.py::test_ConfigFiles 
[gw2] [  3%] PASSED encommon/config/test/test_files.py::test_ConfigFiles 
encommon/times/test/test_windows.py::test_Windows_cover 
[gw1] [  3%] PASSED encommon/times/test/test_parse.py::test_string_time 
encommon/times/test/test_parse.py::test_shift_time[+1y-expect0] 
[gw1] [  4%] PASSED encommon/times/test/test_parse.py::test_shift_time[+1y-expect0] 
encommon/times/test/test_parse.py::test_shift_time[-1mon@m-expect9] 
[gw1] [  4%] PASSED encommon/times/test/test_parse.py::test_shift_time[-1mon@m-expect9] 
encommon/times/test/test_parse.py::test_shift_time[+1d-expect18] 
[gw1] [  4%] PASSED encommon/times/test/test_parse.py::test_shift_time[+1d-expect18] 
encommon/times/test/test_parse.py::test_shift_time[+1d@d-expect20] 
[gw1] [  5%] PASSED encommon/times/test/test_parse.py::test_shift_time[+1d@d-expect20] 
encommon/times/test/test_parse.py::test_shift_time[+1y@s+1h-expect4] 
[gw1] [  5%] PASSED encommon/times/test/test_parse.py::test_shift_time[+1y@s+1h-expect4] 
encommon/times/test/test_parse.py::test_shift_time[-1y-expect1] 
[gw1] [  5%] PASSED encommon/times/test/test_parse.py::test_shift_time[-1y-expect1] 
encommon/times/test/test_parse.py::test_shift_time[-1w@h-1w-expect17] 
[gw1] [  6%] PASSED encommon/times/test/test_parse.py::test_shift_time[-1w@h-1w-expect17] 
encommon/times/test/test_parse.py::test_shift_time[+1y@s-expect2] 
[gw1] [  6%] PASSED encommon/times/test/test_parse.py::test_shift_time[+1y@s-expect2] 
encommon/times/test/test_parse.py::test_shift_time[+1mon@m+1mon-expect10] 
[gw1] [  6%] PASSED encommon/times/test/test_parse.py::test_shift_time[+1mon@m+1mon-expect10] 
encommon/times/test/test_parse.py::test_shift_time[+1d@d+30d-expect22] 
[gw1] [  7%] PASSED encommon/times/test/test_parse.py::test_shift_time[+1d@d+30d-expect22] 
encommon/times/test/test_parse.py::test_shift_time[+1w-expect12] 
[gw1] [  7%] PASSED encommon/times/test/test_parse.py::test_shift_time[+1w-expect12] 
encommon/times/test/test_parse.py::test_shift_time[-1d-expect19] 
[gw1] [  7%] PASSED encommon/times/test/test_parse.py::test_shift_time[-1d-expect19] 
encommon/times/test/test_parse.py::test_shift_time[-1y@s-1h-expect5] 
[gw1] [  8%] PASSED encommon/times/test/test_parse.py::test_shift_time[-1y@s-1h-expect5] 
encommon/config/test/test_paths.py::test_ConfigPaths_cover 
[gw1] [  8%] PASSED encommon/config/test/test_paths.py::test_ConfigPaths_cover 
encommon/config/test/test_paths.py::test_ConfigPaths 
[gw1] [  8%] PASSED encommon/config/test/test_paths.py::test_ConfigPaths 
encommon/webkit/test/test_duration.py::test_duration 
[gw2] [  9%] PASSED encommon/times/test/test_windows.py::test_Windows_cover 
encommon/times/test/test_windows.py::test_Windows 
[gw2] [  9%] PASSED encommon/times/test/test_windows.py::test_Windows 
encommon/times/test/test_windows.py::test_Windows_raises 
[gw2] [  9%] PASSED encommon/times/test/test_windows.py::test_Windows_raises 
encommon/types/test/test_lists.py::test_inlist 
[gw2] [ 10%] PASSED encommon/types/test/test_lists.py::test_inlist 
encommon/types/test/test_lists.py::test_fuzzy_list 
[gw2] [ 10%] PASSED encommon/types/test/test_lists.py::test_fuzzy_list 
encommon/types/test/test_lists.py::test_dedup_list 
[gw2] [ 10%] PASSED encommon/types/test/test_lists.py::test_dedup_list 
encommon/webkit/test/test_moderate.py::test_moderate 
[gw2] [ 11%] FAILED encommon/webkit/test/test_moderate.py::test_moderate 
[gw0] [ 11%] FAILED encommon/webkit/test/test_datagrid.py::test_datagrid 
[gw1] [ 11%] FAILED encommon/webkit/test/test_duration.py::test_duration 
[gw3] [ 12%] FAILED encommon/webkit/test/test_numeric.py::test_numeric 
encommon/config/test/test_logger.py::test_Message 
encommon/config/test/test_config.py::test_Config 
encommon/times/test/test_window.py::test_Window 
[gw1] [ 12%] PASSED encommon/times/test/test_window.py::test_Window 
encommon/times/test/test_window.py::test_window_interval[window6-3660-False-expect6] 
[gw1] [ 12%] PASSED encommon/times/test/test_window.py::test_window_interval[window6-3660-False-expect6] 
encommon/times/test/test_window.py::test_window_interval[window1-1-False-expect1] 
[gw0] [ 13%] PASSED encommon/config/test/test_logger.py::test_Message 
encommon/config/test/test_logger.py::test_Logger 
[gw1] [ 13%] PASSED encommon/times/test/test_window.py::test_window_interval[window1-1-False-expect1] 
encommon/webkit/test/test_numeric.py::test_numeric_bytes 
encommon/times/test/test_window.py::test_window_croniter[* * * * *-0-False-expect0] 
[gw1] [ 13%] PASSED encommon/times/test/test_window.py::test_window_croniter[* * * * *-0-False-expect0] 
[gw2] [ 14%] PASSED encommon/config/test/test_config.py::test_Config 
encommon/times/test/test_window.py::test_window_croniter[* * * * *-3659-False-expect5] 
[gw0] [ 14%] PASSED encommon/config/test/test_logger.py::test_Logger 
encommon/config/test/test_logger.py::test_Logger_cover 
encommon/config/test/test_config.py::test_Config_cover 
[gw1] [ 14%] PASSED encommon/times/test/test_window.py::test_window_croniter[* * * * *-3659-False-expect5] 
encommon/times/test/test_window.py::test_window_croniter[* * * * *-3661-False-expect7] 
[gw1] [ 14%] PASSED encommon/times/test/test_window.py::test_window_croniter[* * * * *-3661-False-expect7] 
encommon/times/test/test_window.py::test_window_interval[window8-3559-False-expect8] 
[gw0] [ 15%] PASSED encommon/config/test/test_logger.py::test_Logger_cover 
[gw1] [ 15%] PASSED encommon/times/test/test_window.py::test_window_interval[window8-3559-False-expect8] 
encommon/times/test/test_window.py::test_window_interval[window7-3661-False-expect7] 
encommon/types/test/test_dicts.py::test_sort_dict 
[gw1] [ 15%] PASSED encommon/times/test/test_window.py::test_window_interval[window7-3661-False-expect7] 
encommon/times/test/test_window.py::test_window_croniter[* * * * *-0-True-expect2] 
[gw2] [ 16%] PASSED encommon/config/test/test_config.py::test_Config_cover 
encommon/config/test/test_config.py::test_Config_jinja2 
[gw0] [ 16%] PASSED encommon/types/test/test_dicts.py::test_sort_dict 
encommon/types/test/test_dicts.py::test_merge_dicts 
[gw1] [ 16%] PASSED encommon/times/test/test_window.py::test_window_croniter[* * * * *-0-True-expect2] 
encommon/times/test/test_window.py::test_window_interval[window0-0-False-expect0] 
[gw1] [ 17%] PASSED encommon/times/test/test_window.py::test_window_interval[window0-0-False-expect0] 
[gw0] [ 17%] PASSED encommon/types/test/test_dicts.py::test_merge_dicts 
encommon/times/test/test_window.py::test_window_croniter[* * * * *-3660-False-expect6] 
encommon/times/test/test_unitime.py::test_unitime 
[gw1] [ 17%] PASSED encommon/times/test/test_window.py::test_window_croniter[* * * * *-3660-False-expect6] 
encommon/times/test/test_window.py::test_window_croniter[* * * * *-1-False-expect1] 
[gw0] [ 18%] PASSED encommon/times/test/test_unitime.py::test_unitime 
[gw1] [ 18%] PASSED encommon/times/test/test_window.py::test_window_croniter[* * * * *-1-False-expect1] 
encommon/utils/test/test_files.py::test_append_text 
encommon/times/test/test_window.py::test_window_croniter[0 * * * *-3559-False-expect8] 
[gw1] [ 18%] PASSED encommon/times/test/test_window.py::test_window_croniter[0 * * * *-3559-False-expect8] 
[gw0] [ 19%] PASSED encommon/utils/test/test_files.py::test_append_text 
encommon/utils/test/test_files.py::test_readsave_text 
encommon/times/test/test_window.py::test_window_interval[window4-3559-False-expect4] 
[gw1] [ 19%] PASSED encommon/times/test/test_window.py::test_window_interval[window4-3559-False-expect4] 
encommon/times/test/test_window.py::test_Window_cover 
[gw0] [ 19%] PASSED encommon/utils/test/test_files.py::test_readsave_text 
encommon/types/test/test_strings.py::test_inrepr 
[gw0] [ 20%] PASSED encommon/types/test/test_strings.py::test_inrepr 
encommon/types/test/test_strings.py::test_rplstr 
[gw0] [ 20%] PASSED encommon/types/test/test_strings.py::test_rplstr 
[gw2] [ 20%] PASSED encommon/config/test/test_config.py::test_Config_jinja2 
encommon/types/test/test_strings.py::test_instr 
encommon/types/test/test_empty.py::test_EmptyType 
[gw0] [ 21%] PASSED encommon/types/test/test_strings.py::test_instr 
encommon/types/test/test_strings.py::test_strplwr 
[gw2] [ 21%] PASSED encommon/types/test/test_empty.py::test_EmptyType 
encommon/utils/test/test_match.py::test_rgxp_match 
[gw0] [ 21%] PASSED encommon/types/test/test_strings.py::test_strplwr 
encommon/types/test/test_strings.py::test_hasstr 
[gw2] [ 22%] PASSED encommon/utils/test/test_match.py::test_rgxp_match 
encommon/utils/test/test_match.py::test_fuzz_match 
[gw0] [ 22%] PASSED encommon/types/test/test_strings.py::test_hasstr 
encommon/times/test/test_parse.py::test_shift_time[+1mon-expect6] 
[gw2] [ 22%] PASSED encommon/utils/test/test_match.py::test_fuzz_match 
encommon/config/test/test_utils.py::test_config_path 
[gw0] [ 23%] PASSED encommon/times/test/test_parse.py::test_shift_time[+1mon-expect6] 
[gw2] [ 23%] PASSED encommon/config/test/test_utils.py::test_config_path 
encommon/times/test/test_parse.py::test_shift_time[-1w-expect13] 
encommon/crypts/test/test_hashes.py::test_Hashes 
[gw0] [ 23%] PASSED encommon/times/test/test_parse.py::test_shift_time[-1w-expect13] 
encommon/times/test/test_parse.py::test_shift_time[+1w@h-expect14] 
[gw2] [ 24%] PASSED encommon/crypts/test/test_hashes.py::test_Hashes 
encommon/webkit/test/test_statate.py::test_statate 
[gw0] [ 24%] PASSED encommon/times/test/test_parse.py::test_shift_time[+1w@h-expect14] 
encommon/times/test/test_parse.py::test_shift_time[-1w@h-expect15] 
[gw0] [ 24%] PASSED encommon/times/test/test_parse.py::test_shift_time[-1w@h-expect15] 
encommon/times/test/test_parse.py::test_shift_time[+1mon@m-expect8] 
[gw0] [ 25%] PASSED encommon/times/test/test_parse.py::test_shift_time[+1mon@m-expect8] 
encommon/config/config.py::encommon.config.config.Config 
[gw0] [ 25%] PASSED encommon/config/config.py::encommon.config.config.Config 
encommon/config/logger.py::encommon.config.logger.Logger 
[gw0] [ 25%] PASSED encommon/config/logger.py::encommon.config.logger.Logger 
encommon/crypts/hashes.py::encommon.crypts.hashes.Hashes 
[gw0] [ 26%] PASSED encommon/crypts/hashes.py::encommon.crypts.hashes.Hashes 
encommon/crypts/crypts.py::encommon.crypts.crypts.Crypts 
[gw0] [ 26%] PASSED encommon/crypts/crypts.py::encommon.crypts.crypts.Crypts 
encommon/parse/jinja2.py::encommon.parse.jinja2.Jinja2 
[gw0] [ 26%] PASSED encommon/parse/jinja2.py::encommon.parse.jinja2.Jinja2 
encommon/times/parse.py::encommon.times.parse.since_time 
[gw0] [ 27%] PASSED encommon/times/parse.py::encommon.times.parse.since_time 
encommon/times/parse.py::encommon.times.parse.parse_time 
[gw0] [ 27%] PASSED encommon/times/parse.py::encommon.times.parse.parse_time 
encommon/times/parse.py::encommon.times.parse.string_time 
[gw0] [ 27%] PASSED encommon/times/parse.py::encommon.times.parse.string_time 
encommon/times/duration.py::encommon.times.duration.Duration 
[gw0] [ 28%] PASSED encommon/times/duration.py::encommon.times.duration.Duration 
encommon/times/parse.py::encommon.times.parse.shift_time 
[gw0] [ 28%] PASSED encommon/times/parse.py::encommon.times.parse.shift_time 
encommon/times/unitime.py::encommon.times.unitime.unitime 
[gw0] [ 28%] PASSED encommon/times/unitime.py::encommon.times.unitime.unitime 
encommon/types/strings.py::encommon.types.strings.hasstr 
[gw0] [ 28%] PASSED encommon/types/strings.py::encommon.types.strings.hasstr 
encommon/times/windows.py::encommon.times.windows.Windows 
[gw0] [ 29%] PASSED encommon/times/windows.py::encommon.times.windows.Windows 
encommon/times/utils.py::encommon.times.utils.strptime 
[gw0] [ 29%] PASSED encommon/times/utils.py::encommon.times.utils.strptime 
encommon/types/notate.py::encommon.types.notate.impate 
[gw0] [ 29%] PASSED encommon/types/notate.py::encommon.types.notate.impate 
encommon/times/utils.py::encommon.times.utils.utcdatetime 
[gw0] [ 30%] PASSED encommon/times/utils.py::encommon.times.utils.utcdatetime 
encommon/types/notate.py::encommon.types.notate.setate 
[gw0] [ 30%] PASSED encommon/types/notate.py::encommon.types.notate.setate 
encommon/times/utils.py::encommon.times.utils.findtz 
[gw0] [ 30%] PASSED encommon/times/utils.py::encommon.times.utils.findtz 
encommon/types/lists.py::encommon.types.lists.fuzzy_list 
[gw0] [ 31%] PASSED encommon/types/lists.py::encommon.types.lists.fuzzy_list 
encommon/types/lists.py::encommon.types.lists.dedup_list 
[gw0] [ 31%] PASSED encommon/types/lists.py::encommon.types.lists.dedup_list 
encommon/types/dicts.py::encommon.types.dicts.merge_dicts 
[gw0] [ 31%] PASSED encommon/types/dicts.py::encommon.types.dicts.merge_dicts 
encommon/types/empty.py::encommon.types.empty.EmptyType 
[gw0] [ 32%] PASSED encommon/types/empty.py::encommon.types.empty.EmptyType 
encommon/types/lists.py::encommon.types.lists.inlist 
[gw0] [ 32%] PASSED encommon/types/lists.py::encommon.types.lists.inlist 
encommon/times/time.py::encommon.times.time.Time 
[gw0] [ 32%] PASSED encommon/times/time.py::encommon.times.time.Time 
encommon/types/strings.py::encommon.types.strings.inrepr 
[gw0] [ 33%] PASSED encommon/types/strings.py::encommon.types.strings.inrepr 
encommon/types/strings.py::encommon.types.strings.instr 
[gw0] [ 33%] PASSED encommon/types/strings.py::encommon.types.strings.instr 
encommon/types/notate.py::encommon.types.notate.expate 
[gw0] [ 33%] PASSED encommon/types/notate.py::encommon.types.notate.expate 
encommon/types/strings.py::encommon.types.strings.strplwr 
[gw0] [ 34%] PASSED encommon/types/strings.py::encommon.types.strings.strplwr 
encommon/times/timer.py::encommon.times.timer.Timer 
[gw3] [ 34%] FAILED encommon/webkit/test/test_numeric.py::test_numeric_bytes 
[gw2] [ 34%] FAILED encommon/webkit/test/test_statate.py::test_statate 
encommon/webkit/test/test_numeric.py::test_numeric_count 
encommon/utils/test/test_stdout.py::test_array_ansi 
[gw2] [ 35%] PASSED encommon/utils/test/test_stdout.py::test_array_ansi 
encommon/utils/test/test_stdout.py::test_make_ansi 
[gw2] [ 35%] PASSED encommon/utils/test/test_stdout.py::test_make_ansi 
encommon/utils/test/test_stdout.py::test_strip_ansi 
[gw2] [ 35%] PASSED encommon/utils/test/test_stdout.py::test_strip_ansi 
encommon/utils/test/test_stdout.py::test_print_ansi 
[gw2] [ 36%] PASSED encommon/utils/test/test_stdout.py::test_print_ansi 
encommon/utils/test/test_stdout.py::test_kvpair_ansi 
[gw2] [ 36%] PASSED encommon/utils/test/test_stdout.py::test_kvpair_ansi 
encommon/utils/test/test_stdout.py::test_array_ansi_cover 
[gw2] [ 36%] PASSED encommon/utils/test/test_stdout.py::test_array_ansi_cover 
encommon/times/test/test_timer.py::test_Timer 
[gw3] [ 37%] FAILED encommon/webkit/test/test_numeric.py::test_numeric_count 
encommon/types/test/test_funcs.py::test_funcname 
[gw3] [ 37%] PASSED encommon/types/test/test_funcs.py::test_funcname 
encommon/types/test/test_notate.py::test_expate_cover 
[gw3] [ 37%] PASSED encommon/types/test/test_notate.py::test_expate_cover 
encommon/types/test/test_notate.py::test_setate 
[gw3] [ 38%] PASSED encommon/types/test/test_notate.py::test_setate 
encommon/types/test/test_notate.py::test_impate 
[gw3] [ 38%] PASSED encommon/types/test/test_notate.py::test_impate 
encommon/types/test/test_notate.py::test_setate_raises 
[gw3] [ 38%] PASSED encommon/types/test/test_notate.py::test_setate_raises 
encommon/types/test/test_notate.py::test_impate_raises 
[gw3] [ 39%] PASSED encommon/types/test/test_notate.py::test_impate_raises 
encommon/types/test/test_notate.py::test_delate 
[gw3] [ 39%] PASSED encommon/types/test/test_notate.py::test_delate 
encommon/types/test/test_notate.py::test_getate_cover 
[gw3] [ 39%] PASSED encommon/types/test/test_notate.py::test_getate_cover 
encommon/types/test/test_notate.py::test_setate_cover 
[gw3] [ 40%] PASSED encommon/types/test/test_notate.py::test_setate_cover 
encommon/types/test/test_notate.py::test_delate_raises 
[gw3] [ 40%] PASSED encommon/types/test/test_notate.py::test_delate_raises 
encommon/types/test/test_notate.py::test_getate 
[gw3] [ 40%] PASSED encommon/types/test/test_notate.py::test_getate 
encommon/types/test/test_notate.py::test_expate 
[gw3] [ 41%] PASSED encommon/types/test/test_notate.py::test_expate 
encommon/types/test/test_notate.py::test_impate_cover 
[gw3] [ 41%] PASSED encommon/types/test/test_notate.py::test_impate_cover 
encommon/webkit/test/test_image.py::test_image 
[gw0] [ 41%] PASSED encommon/times/timer.py::encommon.times.timer.Timer 
encommon/types/notate.py::encommon.types.notate.getate 
[gw0] [ 42%] PASSED encommon/types/notate.py::encommon.types.notate.getate 
encommon/times/window.py::encommon.times.window.Window 
[gw0] [ 42%] PASSED encommon/times/window.py::encommon.times.window.Window 
encommon/types/dicts.py::encommon.types.dicts.sort_dict 
[gw0] [ 42%] PASSED encommon/types/dicts.py::encommon.types.dicts.sort_dict 
encommon/types/notate.py::encommon.types.notate.delate 
[gw0] [ 42%] PASSED encommon/types/notate.py::encommon.types.notate.delate 
encommon/times/utils.py::encommon.times.utils.strftime 
[gw0] [ 43%] PASSED encommon/times/utils.py::encommon.times.utils.strftime 
encommon/types/strings.py::encommon.types.strings.rplstr 
[gw0] [ 43%] PASSED encommon/types/strings.py::encommon.types.strings.rplstr 
encommon/times/timers.py::encommon.times.timers.Timers 
[gw3] [ 43%] FAILED encommon/webkit/test/test_image.py::test_image 
[gw2] [ 44%] PASSED encommon/times/test/test_timer.py::test_Timer 
encommon/webkit/test/test_message.py::test_message 
encommon/config/test/test_utils.py::test_config_paths 
[gw3] [ 44%] PASSED encommon/config/test/test_utils.py::test_config_paths 
encommon/config/test/test_utils.py::test_config_load 
[gw3] [ 44%] PASSED encommon/config/test/test_utils.py::test_config_load 
encommon/times/test/test_utils.py::test_strptime 
[gw3] [ 45%] PASSED encommon/times/test/test_utils.py::test_strptime 
encommon/times/test/test_utils.py::test_findtz_raises 
[gw2] [ 45%] FAILED encommon/webkit/test/test_message.py::test_message 
encommon/types/test/test_classes.py::test_clsname 
[gw2] [ 45%] PASSED encommon/types/test/test_classes.py::test_clsname 
encommon/types/test/test_classes.py::test_lattrs 
[gw2] [ 46%] PASSED encommon/types/test/test_classes.py::test_lattrs 
encommon/types/test/test_classes.py::test_BaseModel 
[gw2] [ 46%] PASSED encommon/types/test/test_classes.py::test_BaseModel 
encommon/config/test/test_paths.py::test_ConfigPath 
[gw2] [ 46%] PASSED encommon/config/test/test_paths.py::test_ConfigPath 
encommon/utils/paths.py::encommon.utils.paths.resolve_paths 
[gw2] [ 47%] PASSED encommon/utils/paths.py::encommon.utils.paths.resolve_paths 
encommon/utils/match.py::encommon.utils.match.rgxp_match 
[gw2] [ 47%] PASSED encommon/utils/match.py::encommon.utils.match.rgxp_match 
encommon/utils/stdout.py::encommon.utils.stdout.print_ansi 
[gw2] [ 47%] PASSED encommon/utils/stdout.py::encommon.utils.stdout.print_ansi 
encommon/utils/stdout.py::encommon.utils.stdout.kvpair_ansi 
[gw2] [ 48%] PASSED encommon/utils/stdout.py::encommon.utils.stdout.kvpair_ansi 
encommon/utils/stdout.py::encommon.utils.stdout.make_ansi 
[gw2] [ 48%] PASSED encommon/utils/stdout.py::encommon.utils.stdout.make_ansi 
encommon/times/test/test_params.py::test_TimerParams 
[gw2] [ 48%] PASSED encommon/times/test/test_params.py::test_TimerParams 
encommon/times/test/test_params.py::test_WindowParams 
[gw2] [ 49%] PASSED encommon/times/test/test_params.py::test_WindowParams 
encommon/utils/test/test_paths.py::test_stats_path 
[gw2] [ 49%] PASSED encommon/utils/test/test_paths.py::test_stats_path 
encommon/utils/test/test_paths.py::test_resolve_paths 
[gw2] [ 49%] PASSED encommon/utils/test/test_paths.py::test_resolve_paths 
encommon/utils/test/test_paths.py::test_resolve_path 
[gw2] [ 50%] PASSED encommon/utils/test/test_paths.py::test_resolve_path 
encommon/utils/test/test_sample.py::test_rvrt_sample 
[gw2] [ 50%] PASSED encommon/utils/test/test_sample.py::test_rvrt_sample 
encommon/times/test/test_time.py::test_Time 
[gw0] [ 50%] PASSED encommon/times/timers.py::encommon.times.timers.Timers 
encommon/utils/stdout.py::encommon.utils.stdout.strip_ansi 
[gw0] [ 51%] PASSED encommon/utils/stdout.py::encommon.utils.stdout.strip_ansi 
encommon/utils/stdout.py::encommon.utils.stdout.array_ansi 
[gw0] [ 51%] PASSED encommon/utils/stdout.py::encommon.utils.stdout.array_ansi 
encommon/utils/files.py::encommon.utils.files.read_text 
[gw0] [ 51%] PASSED encommon/utils/files.py::encommon.utils.files.read_text 
encommon/utils/paths.py::encommon.utils.paths.resolve_path 
[gw0] [ 52%] PASSED encommon/utils/paths.py::encommon.utils.paths.resolve_path 
encommon/utils/sample.py::encommon.utils.sample.prep_sample 
[gw0] [ 52%] PASSED encommon/utils/sample.py::encommon.utils.sample.prep_sample 
encommon/utils/files.py::encommon.utils.files.save_text 
[gw0] [ 52%] PASSED encommon/utils/files.py::encommon.utils.files.save_text 
encommon/utils/sample.py::encommon.utils.sample.load_sample 
[gw0] [ 53%] PASSED encommon/utils/sample.py::encommon.utils.sample.load_sample 
encommon/utils/match.py::encommon.utils.match.fuzz_match 
[gw0] [ 53%] PASSED encommon/utils/match.py::encommon.utils.match.fuzz_match 
encommon/utils/files.py::encommon.utils.files.append_text 
[gw0] [ 53%] PASSED encommon/utils/files.py::encommon.utils.files.append_text 
encommon/utils/paths.py::encommon.utils.paths.stats_path 
[gw0] [ 54%] PASSED encommon/utils/paths.py::encommon.utils.paths.stats_path 
encommon/parse/test/test_jinja2.py::test_Jinja2 
[gw0] [ 54%] PASSED encommon/parse/test/test_jinja2.py::test_Jinja2 
encommon/parse/test/test_jinja2.py::test_Jinja2_parse[{{ 1 }}-1] 
[gw0] [ 54%] PASSED encommon/parse/test/test_jinja2.py::test_Jinja2_parse[{{ 1 }}-1] 
encommon/parse/test/test_jinja2.py::test_Jinja2_parse[1.0.0-1.0.0] 
[gw0] [ 55%] PASSED encommon/parse/test/test_jinja2.py::test_Jinja2_parse[1.0.0-1.0.0] 
encommon/parse/test/test_jinja2.py::test_Jinja2_parse[[1, 2]-expect15] 
[gw0] [ 55%] PASSED encommon/parse/test/test_jinja2.py::test_Jinja2_parse[[1, 2]-expect15] 
encommon/parse/test/test_jinja2.py::test_Jinja2_parse[1.0-1.0] 
[gw0] [ 55%] PASSED encommon/parse/test/test_jinja2.py::test_Jinja2_parse[1.0-1.0] 
encommon/parse/test/test_jinja2.py::test_Jinja2_parse[1-1] 
[gw0] [ 56%] PASSED encommon/parse/test/test_jinja2.py::test_Jinja2_parse[1-1] 
encommon/parse/test/test_jinja2.py::test_Jinja2_recurse 
[gw3] [ 56%] PASSED encommon/times/test/test_utils.py::test_findtz_raises 
encommon/times/test/test_utils.py::test_strptime_raises 
[gw3] [ 56%] PASSED encommon/times/test/test_utils.py::test_strptime_raises 
encommon/times/test/test_utils.py::test_utcdatetime 
[gw0] [ 57%] PASSED encommon/parse/test/test_jinja2.py::test_Jinja2_recurse 
encommon/parse/test/test_jinja2.py::test_Jinja2_parse[{{ 0 | Time }}-1970-01-01T00:00:00.000000+0000] 
[gw0] [ 57%] PASSED encommon/parse/test/test_jinja2.py::test_Jinja2_parse[{{ 0 | Time }}-1970-01-01T00:00:00.000000+0000] 
encommon/parse/test/test_jinja2.py::test_Jinja2_parse[foo-foo] 
[gw3] [ 57%] PASSED encommon/times/test/test_utils.py::test_utcdatetime 
encommon/times/test/test_utils.py::test_findtz 
[gw0] [ 57%] PASSED encommon/parse/test/test_jinja2.py::test_Jinja2_parse[foo-foo] 
encommon/parse/test/test_jinja2.py::test_Jinja2_literal[{{ 123 }}-123] 
[gw3] [ 58%] PASSED encommon/times/test/test_utils.py::test_findtz 
encommon/webkit/test/test_datetime.py::test_datestamp 
[gw0] [ 58%] PASSED encommon/parse/test/test_jinja2.py::test_Jinja2_literal[{{ 123 }}-123] 
encommon/parse/test/test_jinja2.py::test_Jinja2_parse[{'a': 'b'}-expect5] 
[gw0] [ 58%] PASSED encommon/parse/test/test_jinja2.py::test_Jinja2_parse[{'a': 'b'}-expect5] 
encommon/parse/test/test_jinja2.py::test_Jinja2_literal[{{ -1.2 }}--1.2] 
[gw0] [ 59%] PASSED encommon/parse/test/test_jinja2.py::test_Jinja2_literal[{{ -1.2 }}--1.2] 
encommon/parse/test/test_jinja2.py::test_Jinja2_parse[{{ "1" | float }}-1.0] 
[gw0] [ 59%] PASSED encommon/parse/test/test_jinja2.py::test_Jinja2_parse[{{ "1" | float }}-1.0] 
encommon/parse/test/test_jinja2.py::test_Jinja2_parse[{{ "01" }}-01] 
[gw0] [ 59%] PASSED encommon/parse/test/test_jinja2.py::test_Jinja2_parse[{{ "01" }}-01] 
encommon/parse/test/test_jinja2.py::test_Jinja2_parse[100000-100000_0] 
[gw0] [ 60%] PASSED encommon/parse/test/test_jinja2.py::test_Jinja2_parse[100000-100000_0] 
encommon/parse/test/test_jinja2.py::test_Jinja2_parse[value4-expect4] 
[gw0] [ 60%] PASSED encommon/parse/test/test_jinja2.py::test_Jinja2_parse[value4-expect4] 
encommon/webkit/test/test_default.py::test_default_showhide 
[gw3] [ 60%] FAILED encommon/webkit/test/test_datetime.py::test_datestamp 
[gw0] [ 61%] FAILED encommon/webkit/test/test_default.py::test_default_showhide 
[gw1] [ 61%] PASSED encommon/times/test/test_window.py::test_Window_cover 
encommon/times/test/test_window.py::test_window_interval[window5-3659-False-expect5] 
[gw1] [ 61%] PASSED encommon/times/test/test_window.py::test_window_interval[window5-3659-False-expect5] 
encommon/utils/test/test_sample.py::test_load_sample 
encommon/times/test/test_window.py::test_window_interval[window3-1-True-expect3] 
[gw1] [ 62%] PASSED encommon/times/test/test_window.py::test_window_interval[window3-1-True-expect3] 
[gw3] [ 62%] PASSED encommon/utils/test/test_sample.py::test_load_sample 
encommon/utils/test/test_sample.py::test_read_sample 
encommon/times/test/test_window.py::test_window_croniter[* * * * *-3559-False-expect4] 
[gw3] [ 62%] PASSED encommon/utils/test/test_sample.py::test_read_sample 
encommon/utils/test/test_sample.py::test_prep_sample 
[gw1] [ 63%] PASSED encommon/times/test/test_window.py::test_window_croniter[* * * * *-3559-False-expect4] 
encommon/times/test/test_window.py::test_window_interval[window9-3660-False-expect9] 
[gw3] [ 63%] PASSED encommon/utils/test/test_sample.py::test_prep_sample 
encommon/parse/test/test_jinja2.py::test_Jinja2_cover 
[gw2] [ 63%] PASSED encommon/times/test/test_time.py::test_Time 
encommon/times/test/test_time.py::test_Time_tzname 
[gw1] [ 64%] PASSED encommon/times/test/test_window.py::test_window_interval[window9-3660-False-expect9] 
encommon/times/test/test_window.py::test_window_interval[window10-3661-False-expect10] 
encommon/webkit/test/test_default.py::test_default_replace 
[gw1] [ 64%] PASSED encommon/times/test/test_window.py::test_window_interval[window10-3661-False-expect10] 
encommon/times/test/test_window.py::test_window_croniter[0 * * * *-3661-False-expect10] 
[gw2] [ 64%] PASSED encommon/times/test/test_time.py::test_Time_tzname 
[gw1] [ 65%] PASSED encommon/times/test/test_window.py::test_window_croniter[0 * * * *-3661-False-expect10] 
encommon/parse/test/test_jinja2.py::test_Jinja2_parse[10.001-10.001_0] 
encommon/times/test/test_window.py::test_window_croniter[0 * * * *-3660-False-expect9] 
[gw2] [ 65%] PASSED encommon/parse/test/test_jinja2.py::test_Jinja2_parse[10.001-10.001_0] 
encommon/parse/test/test_jinja2.py::test_Jinja2_parse[10.001-10.001_1] 
[gw1] [ 65%] PASSED encommon/times/test/test_window.py::test_window_croniter[0 * * * *-3660-False-expect9] 
encommon/times/test/test_window.py::test_window_interval[window2-0-True-expect2] 
[gw2] [ 66%] PASSED encommon/parse/test/test_jinja2.py::test_Jinja2_parse[10.001-10.001_1] 
encommon/parse/test/test_jinja2.py::test_Jinja2_parse[01-01] 
[gw1] [ 66%] PASSED encommon/times/test/test_window.py::test_window_interval[window2-0-True-expect2] 
encommon/times/test/test_window.py::test_window_croniter[* * * * *-1-True-expect3] 
[gw2] [ 66%] PASSED encommon/parse/test/test_jinja2.py::test_Jinja2_parse[01-01] 
encommon/parse/test/test_jinja2.py::test_Jinja2_parse[{{ "-01" }}--01] 
[gw1] [ 67%] PASSED encommon/times/test/test_window.py::test_window_croniter[* * * * *-1-True-expect3] 
encommon/colors/color.py::encommon.colors.color.Color 
[gw2] [ 67%] PASSED encommon/parse/test/test_jinja2.py::test_Jinja2_parse[{{ "-01" }}--01] 
[gw3] [ 67%] PASSED encommon/parse/test/test_jinja2.py::test_Jinja2_cover 
encommon/parse/test/test_jinja2.py::test_Jinja2_parse[{{ "1" | int }}-1] 
encommon/parse/test/test_jinja2.py::test_Jinja2_parse[100000-100000_1] 
[gw1] [ 68%] PASSED encommon/colors/color.py::encommon.colors.color.Color 
encommon/config/logger.py::encommon.config.logger.Message 
[gw3] [ 68%] PASSED encommon/parse/test/test_jinja2.py::test_Jinja2_parse[100000-100000_1] 
encommon/parse/test/test_jinja2.py::test_Jinja2_literal[{{ 1.2 }}-1.2] 
[gw2] [ 68%] PASSED encommon/parse/test/test_jinja2.py::test_Jinja2_parse[{{ "1" | int }}-1] 
encommon/parse/test/test_jinja2.py::test_Jinja2_parse[-01--01] 
[gw3] [ 69%] PASSED encommon/parse/test/test_jinja2.py::test_Jinja2_literal[{{ 1.2 }}-1.2] 
[gw2] [ 69%] PASSED encommon/parse/test/test_jinja2.py::test_Jinja2_parse[-01--01] 
encommon/parse/test/test_jinja2.py::test_Jinja2_literal[{{ none }}-None] 
encommon/times/test/test_duration.py::test_Duration_cover 
[gw1] [ 69%] PASSED encommon/config/logger.py::encommon.config.logger.Message 
[gw3] [ 70%] PASSED encommon/parse/test/test_jinja2.py::test_Jinja2_literal[{{ none }}-None] 
encommon/webkit/test/test_default.py::test_default_remClass 
encommon/parse/test/test_jinja2.py::test_Jinja2_parse[value14-expect14] 
[gw2] [ 70%] PASSED encommon/times/test/test_duration.py::test_Duration_cover 
encommon/times/test/test_duration.py::test_Duration 
[gw3] [ 70%] PASSED encommon/parse/test/test_jinja2.py::test_Jinja2_parse[value14-expect14] 
encommon/webkit/test/test_default.py::test_default_append 
[gw2] [ 71%] PASSED encommon/times/test/test_duration.py::test_Duration 
encommon/times/test/test_duration.py::test_Duration_iterate 
[gw2] [ 71%] PASSED encommon/times/test/test_duration.py::test_Duration_iterate 
encommon/webkit/test/test_color.py::test_colordiv 
[gw0] [ 71%] FAILED encommon/webkit/test/test_default.py::test_default_replace 
[gw3] [ 71%] FAILED encommon/webkit/test/test_default.py::test_default_append 
[gw2] [ 72%] FAILED encommon/webkit/test/test_color.py::test_colordiv 
[gw1] [ 72%] FAILED encommon/webkit/test/test_default.py::test_default_remClass 
encommon/webkit/test/test_default.py::test_default_attr 
encommon/webkit/test/test_default.py::test_default_prop 
encommon/crypts/test/test_crypts.py::test_Crypts_cover 
[gw2] [ 72%] PASSED encommon/crypts/test/test_crypts.py::test_Crypts_cover 
encommon/crypts/test/test_crypts.py::test_Crypts_raises 
[gw2] [ 73%] PASSED encommon/crypts/test/test_crypts.py::test_Crypts_raises 
encommon/parse/test/test_network.py::test_insubnet_ip 
[gw2] [ 73%] PASSED encommon/parse/test/test_network.py::test_insubnet_ip 
encommon/parse/test/test_network.py::test_Network_ipv6 
[gw2] [ 73%] PASSED encommon/parse/test/test_network.py::test_Network_ipv6 
encommon/parse/test/test_network.py::test_Network 
[gw2] [ 74%] PASSED encommon/parse/test/test_network.py::test_Network 
encommon/colors/test/test_color.py::test_Color_xyz[00ffff-expect8] 
encommon/times/test/test_timers.py::test_Timers_cover 
[gw2] [ 74%] PASSED encommon/colors/test/test_color.py::test_Color_xyz[00ffff-expect8] 
encommon/colors/test/test_color.py::test_Color_hsl[000000-expect2] 
[gw2] [ 74%] PASSED encommon/colors/test/test_color.py::test_Color_hsl[000000-expect2] 
encommon/colors/test/test_color.py::test_Color_xy[808080-expect6] 
[gw2] [ 75%] PASSED encommon/colors/test/test_color.py::test_Color_xy[808080-expect6] 
encommon/colors/test/test_color.py::test_Color_hsl[ffffff-expect1] 
[gw2] [ 75%] PASSED encommon/colors/test/test_color.py::test_Color_hsl[ffffff-expect1] 
encommon/colors/test/test_color.py::test_Color_xyz[ff00ff-expect9] 
[gw2] [ 75%] PASSED encommon/colors/test/test_color.py::test_Color_xyz[ff00ff-expect9] 
encommon/colors/test/test_color.py::test_Color_rgb[000000-expect2] 
[gw2] [ 76%] PASSED encommon/colors/test/test_color.py::test_Color_rgb[000000-expect2] 
encommon/colors/test/test_color.py::test_Color_rgb[ffffff-expect1] 
[gw2] [ 76%] PASSED encommon/colors/test/test_color.py::test_Color_rgb[ffffff-expect1] 
encommon/colors/test/test_color.py::test_Color_xy[ffff00-expect7] 
[gw2] [ 76%] PASSED encommon/colors/test/test_color.py::test_Color_xy[ffff00-expect7] 
encommon/colors/test/test_color.py::test_Color_xy[800080-expect10] 
[gw2] [ 77%] PASSED encommon/colors/test/test_color.py::test_Color_xy[800080-expect10] 
encommon/colors/test/test_color.py::test_Color_xy[0000ff-expect5] 
[gw2] [ 77%] PASSED encommon/colors/test/test_color.py::test_Color_xy[0000ff-expect5] 
encommon/colors/test/test_color.py::test_Color_rgb[00ff00-expect4] 
[gw2] [ 77%] PASSED encommon/colors/test/test_color.py::test_Color_rgb[00ff00-expect4] 
encommon/colors/test/test_color.py::test_Color_xy[ff0000-expect3] 
[gw2] [ 78%] PASSED encommon/colors/test/test_color.py::test_Color_xy[ff0000-expect3] 
encommon/colors/test/test_color.py::test_Color_hsl[00ff00-expect4] 
[gw2] [ 78%] PASSED encommon/colors/test/test_color.py::test_Color_hsl[00ff00-expect4] 
encommon/colors/test/test_color.py::test_Color_xyz[ff00cc-expect0] 
[gw2] [ 78%] PASSED encommon/colors/test/test_color.py::test_Color_xyz[ff00cc-expect0] 
encommon/colors/test/test_color.py::test_Color_rgb[808080-expect6] 
[gw2] [ 79%] PASSED encommon/colors/test/test_color.py::test_Color_rgb[808080-expect6] 
encommon/colors/test/test_color.py::test_Color_hsl[808080-expect6] 
[gw2] [ 79%] PASSED encommon/colors/test/test_color.py::test_Color_hsl[808080-expect6] 
encommon/colors/test/test_color.py::test_Color_xy[ffffff-expect1] 
[gw2] [ 79%] PASSED encommon/colors/test/test_color.py::test_Color_xy[ffffff-expect1] 
encommon/colors/test/test_color.py::test_Color 
[gw2] [ 80%] PASSED encommon/colors/test/test_color.py::test_Color 
encommon/colors/test/test_color.py::test_Color_xy[000000-expect2] 
[gw2] [ 80%] PASSED encommon/colors/test/test_color.py::test_Color_xy[000000-expect2] 
encommon/colors/test/test_color.py::test_Color_hsl[ffff00-expect7] 
[gw2] [ 80%] PASSED encommon/colors/test/test_color.py::test_Color_hsl[ffff00-expect7] 
encommon/colors/test/test_color.py::test_Color_xyz[800080-expect10] 
[gw2] [ 81%] PASSED encommon/colors/test/test_color.py::test_Color_xyz[800080-expect10] 
encommon/colors/test/test_color.py::test_Color_rgb[ffff00-expect7] 
[gw2] [ 81%] PASSED encommon/colors/test/test_color.py::test_Color_rgb[ffff00-expect7] 
encommon/colors/test/test_color.py::test_Color_rgb[0000ff-expect5] 
[gw2] [ 81%] PASSED encommon/colors/test/test_color.py::test_Color_rgb[0000ff-expect5] 
encommon/colors/test/test_color.py::test_Color_xy[00ff00-expect4] 
[gw2] [ 82%] PASSED encommon/colors/test/test_color.py::test_Color_xy[00ff00-expect4] 
encommon/colors/test/test_color.py::test_Color_rgb[ff0000-expect3] 
[gw2] [ 82%] PASSED encommon/colors/test/test_color.py::test_Color_rgb[ff0000-expect3] 
encommon/colors/test/test_color.py::test_Color_hsl[0000ff-expect5] 
[gw2] [ 82%] PASSED encommon/colors/test/test_color.py::test_Color_hsl[0000ff-expect5] 
encommon/colors/test/test_color.py::test_Color_hsl[ff0000-expect3] 
[gw2] [ 83%] PASSED encommon/colors/test/test_color.py::test_Color_hsl[ff0000-expect3] 
encommon/colors/test/test_color.py::test_Color_rgb[800080-expect10] 
[gw2] [ 83%] PASSED encommon/colors/test/test_color.py::test_Color_rgb[800080-expect10] 
encommon/colors/test/test_color.py::test_Color_xyz[00ff00-expect4] 
[gw2] [ 83%] PASSED encommon/colors/test/test_color.py::test_Color_xyz[00ff00-expect4] 
encommon/colors/test/test_color.py::test_Color_cover 
[gw2] [ 84%] PASSED encommon/colors/test/test_color.py::test_Color_cover 
encommon/colors/test/test_color.py::test_Color_xyz[000000-expect2] 
[gw2] [ 84%] PASSED encommon/colors/test/test_color.py::test_Color_xyz[000000-expect2] 
encommon/colors/test/test_color.py::test_Color_xyz[ffffff-expect1] 
[gw2] [ 84%] PASSED encommon/colors/test/test_color.py::test_Color_xyz[ffffff-expect1] 
encommon/colors/test/test_color.py::test_Color_hsl[ff00ff-expect9] 
[gw2] [ 85%] PASSED encommon/colors/test/test_color.py::test_Color_hsl[ff00ff-expect9] 
encommon/colors/test/test_color.py::test_Color_rgb[ff00ff-expect9] 
[gw2] [ 85%] PASSED encommon/colors/test/test_color.py::test_Color_rgb[ff00ff-expect9] 
encommon/colors/test/test_color.py::test_Color_xy[ff00cc-expect0] 
[gw2] [ 85%] PASSED encommon/colors/test/test_color.py::test_Color_xy[ff00cc-expect0] 
encommon/colors/test/test_color.py::test_Color_hsl[80007F-expect10] 
[gw2] [ 85%] PASSED encommon/colors/test/test_color.py::test_Color_hsl[80007F-expect10] 
encommon/colors/test/test_color.py::test_Color_hsl[00ffff-expect8] 
[gw2] [ 86%] PASSED encommon/colors/test/test_color.py::test_Color_hsl[00ffff-expect8] 
encommon/colors/test/test_color.py::test_Color_rgb[00ffff-expect8] 
[gw2] [ 86%] PASSED encommon/colors/test/test_color.py::test_Color_rgb[00ffff-expect8] 
encommon/colors/test/test_color.py::test_Color_xyz[ff0000-expect3] 
[gw2] [ 86%] PASSED encommon/colors/test/test_color.py::test_Color_xyz[ff0000-expect3] 
encommon/colors/test/test_color.py::test_Color_xyz[0000ff-expect5] 
[gw2] [ 87%] PASSED encommon/colors/test/test_color.py::test_Color_xyz[0000ff-expect5] 
encommon/colors/test/test_color.py::test_Color_xyz[ffff00-expect7] 
[gw2] [ 87%] PASSED encommon/colors/test/test_color.py::test_Color_xyz[ffff00-expect7] 
encommon/colors/test/test_color.py::test_Color_hsl[ff00cc-expect0] 
[gw2] [ 87%] PASSED encommon/colors/test/test_color.py::test_Color_hsl[ff00cc-expect0] 
encommon/colors/test/test_color.py::test_Color_xyz[808080-expect6] 
[gw2] [ 88%] PASSED encommon/colors/test/test_color.py::test_Color_xyz[808080-expect6] 
encommon/colors/test/test_color.py::test_Color_rgb[ff00cc-expect0] 
[gw2] [ 88%] PASSED encommon/colors/test/test_color.py::test_Color_rgb[ff00cc-expect0] 
encommon/colors/test/test_color.py::test_Color_xy[ff00ff-expect9] 
[gw2] [ 88%] PASSED encommon/colors/test/test_color.py::test_Color_xy[ff00ff-expect9] 
encommon/colors/test/test_color.py::test_Color_xy[00ffff-expect8] 
[gw2] [ 89%] PASSED encommon/colors/test/test_color.py::test_Color_xy[00ffff-expect8] 
encommon/webkit/test/test_tagues.py::test_tagues 
[gw3] [ 89%] FAILED encommon/webkit/test/test_default.py::test_default_prop 
[gw0] [ 89%] FAILED encommon/webkit/test/test_default.py::test_default_attr 
encommon/webkit/test/test_default.py::test_default_addClass 
encommon/crypts/test/test_crypts.py::test_Crypts 
[gw3] [ 90%] PASSED encommon/crypts/test/test_crypts.py::test_Crypts 
encommon/crypts/test/test_crypts.py::test_Crypts_iterate[foo-secrets] 
[gw3] [ 90%] PASSED encommon/crypts/test/test_crypts.py::test_Crypts_iterate[foo-secrets] 
encommon/crypts/test/test_crypts.py::test_Crypts_iterate[foo-default] 
[gw3] [ 90%] PASSED encommon/crypts/test/test_crypts.py::test_Crypts_iterate[foo-default] 
encommon/parse/test/test_network.py::test_Network_ipv4 
[gw3] [ 91%] PASSED encommon/parse/test/test_network.py::test_Network_ipv4 
encommon/parse/test/test_network.py::test_isvalid_ip 
[gw3] [ 91%] PASSED encommon/parse/test/test_network.py::test_isvalid_ip 
encommon/webkit/test/test_helpers.py::test_helpers_dumps 
[gw2] [ 91%] FAILED encommon/webkit/test/test_tagues.py::test_tagues 
[gw1] [ 92%] PASSED encommon/times/test/test_timers.py::test_Timers_cover 
encommon/times/test/test_timers.py::test_Timers 
[gw1] [ 92%] PASSED encommon/times/test/test_timers.py::test_Timers 
encommon/times/test/test_timers.py::test_Timers_raises 
[gw1] [ 92%] PASSED encommon/times/test/test_timers.py::test_Timers_raises 
encommon/webkit/test/test_content.py::test_Content_cover 
encommon/webkit/test/test_helpers.py::test_helpers_assert 
[gw1] [ 93%] PASSED encommon/webkit/test/test_content.py::test_Content_cover 
encommon/webkit/test/test_content.py::test_Content 
[gw1] [ 93%] PASSED encommon/webkit/test/test_content.py::test_Content 
encommon/webkit/test/test_helpers.py::test_helpers_isnode 
[gw0] [ 93%] FAILED encommon/webkit/test/test_default.py::test_default_addClass 
[gw3] [ 94%] FAILED encommon/webkit/test/test_helpers.py::test_helpers_dumps 
encommon/webkit/test/test_default.py::test_default_styles 
encommon/webkit/test/test_helpers.py::test_helpers_loads 
[gw2] [ 94%] FAILED encommon/webkit/test/test_helpers.py::test_helpers_assert 
[gw1] [ 94%] FAILED encommon/webkit/test/test_helpers.py::test_helpers_isnode 
encommon/webkit/test/test_helpers.py::test_helpers_isempty 
encommon/webkit/test/test_helpers.py::test_helpers_isnum 
[gw0] [ 95%] FAILED encommon/webkit/test/test_default.py::test_default_styles 
encommon/webkit/test/test_default.py::test_default_content 
[gw3] [ 95%] FAILED encommon/webkit/test/test_helpers.py::test_helpers_loads 
encommon/webkit/test/test_helpers.py::test_helpers_istrue 
[gw2] [ 95%] FAILED encommon/webkit/test/test_helpers.py::test_helpers_isempty 
[gw1] [ 96%] FAILED encommon/webkit/test/test_helpers.py::test_helpers_isnum 
encommon/webkit/test/test_helpers.py::test_helpers_isfalse 
encommon/webkit/test/test_helpers.py::test_helpers_isdict 
[gw0] [ 96%] FAILED encommon/webkit/test/test_default.py::test_default_content 
encommon/webkit/test/test_default.py::test_default_create 
[gw3] [ 96%] FAILED encommon/webkit/test/test_helpers.py::test_helpers_istrue 
encommon/webkit/test/test_helpers.py::test_helpers_isquery 
[gw2] [ 97%] FAILED encommon/webkit/test/test_helpers.py::test_helpers_isfalse 
[gw1] [ 97%] FAILED encommon/webkit/test/test_helpers.py::test_helpers_isdict 
encommon/webkit/test/test_helpers.py::test_helpers_whenready 
encommon/webkit/test/test_helpers.py::test_helpers_isnull 
[gw0] [ 97%] FAILED encommon/webkit/test/test_default.py::test_default_create 
[gw3] [ 98%] FAILED encommon/webkit/test/test_helpers.py::test_helpers_isquery 
encommon/webkit/test/test_helpers.py::test_helpers_isstr 
encommon/webkit/test/test_helpers.py::test_helpers_istime 
[gw2] [ 98%] FAILED encommon/webkit/test/test_helpers.py::test_helpers_whenready 
encommon/webkit/test/test_helpers.py::test_helpers_isbool 
[gw1] [ 98%] FAILED encommon/webkit/test/test_helpers.py::test_helpers_isnull 
encommon/webkit/test/test_helpers.py::test_helpers_islist 
[gw0] [ 99%] FAILED encommon/webkit/test/test_helpers.py::test_helpers_isstr 
[gw3] [ 99%] FAILED encommon/webkit/test/test_helpers.py::test_helpers_istime 
[gw2] [ 99%] FAILED encommon/webkit/test/test_helpers.py::test_helpers_isbool 
[gw1] [100%] FAILED encommon/webkit/test/test_helpers.py::test_helpers_islist 

=================================== FAILURES ===================================
________________________________ test_moderate _________________________________
[gw2] linux -- Python 3.12.13 /home/runner/work/encommon/encommon/main/.venv-package/bin/python3

content = <encommon.webkit.content.Content object at 0x7f35c5dfe6f0>
driver = <selenium.webdriver.chrome.webdriver.WebDriver (session="55b8edc1baeef59e990f043d3534572b")>

    def test_moderate(
        content: 'Content',
        driver: WebDriver,
    ) -> None:
        """
        Perform various tests associated with relevant routines.
    
        :param content: Primary class instance for the content.
        :param driver: Selenium driver provided by the library.
        """
    
    
        driver.get(
            f"""
            data:text/html;
            charset=utf-8,
            <html>
              <head>
                <script>
            {content.scripts('default')}
            {content.scripts('helpers')}
            {content.scripts('image')}
            {content.scripts('moderate')}
                </script>
              </head>
              <body></body>
            </html>
            """)
    
    
>       outcome = _executejs(
            driver,
            'let element ='
            ' moderate(...arguments);'
            'return'
            ' element[0].outerHTML;',
            'This is a Label',
            'success',
            'some_kind_short',
            wrap=False)

encommon/webkit/test/test_moderate.py:51: 
_ _ _ _ _ _ _ _ _ _ _ _ _ _ _ _ _ _ _ _ _ _ _ _ _ _ _ _ _ _ _ _ _ _ _ _ _ _ _ _ 
encommon/webkit/test/__init__.py:36: in _executejs
    driver
.venv-package/lib/python3.12/site-packages/selenium/webdriver/remote/webdriver.py:532: in execute_script
    return self.execute(command, {"script": script, "args": converted_args})["value"]
           ^^^^^^^^^^^^^^^^^^^^^^^^^^^^^^^^^^^^^^^^^^^^^^^^^^^^^^^^^^^^^^^^^
.venv-package/lib/python3.12/site-packages/selenium/webdriver/remote/webdriver.py:446: in execute
    self.error_handler.check_response(response)
_ _ _ _ _ _ _ _ _ _ _ _ _ _ _ _ _ _ _ _ _ _ _ _ _ _ _ _ _ _ _ _ _ _ _ _ _ _ _ _ 

self = <selenium.webdriver.remote.errorhandler.ErrorHandler object at 0x7f35c5dfd220>
response = {'status': 500, 'value': '{"value":{"error":"javascript error","message":"javascript error: moderate is not defined\\n...\\n#15 0x56492fac84de \\u003Cunknown>\\n#16 0x7effca49caa4 \\u003Cunknown>\\n#17 0x7effca529c6c \\u003Cunknown>\\n"}}'}

    def check_response(self, response: dict[str, Any]) -> None:
        """Check that a JSON response from the WebDriver does not have an error.
    
        Args:
            response: The JSON response from the WebDriver server as a dictionary
                object.
    
        Raises:
            WebDriverException: If the response contains an error message.
        """
        status = response.get("status", None)
        if not status or status == ErrorCode.SUCCESS:
            return
        value = None
        message = response.get("message", "")
        screen: str = response.get("screen", "")
        stacktrace = None
        if isinstance(status, int):
            value_json = response.get("value", None)
            if value_json and isinstance(value_json, str):
                try:
                    value = json.loads(value_json)
                    if isinstance(value, dict):
                        if len(value) == 1:
                            value = value["value"]
                        status = value.get("error", None)
                        if not status:
                            status = value.get("status", ErrorCode.UNKNOWN_ERROR)
                            message = value.get("value") or value.get("message")
                            if not isinstance(message, str):
                                value = message
                                message = message.get("message") if isinstance(message, dict) else None
                        else:
                            message = value.get("message", None)
                except ValueError:
                    pass
    
        exception_class: type[WebDriverException]
        e = ErrorCode()
        error_codes = [item for item in dir(e) if not item.startswith("__")]
        for error_code in error_codes:
            error_info = getattr(ErrorCode, error_code)
            if isinstance(error_info, list) and status in error_info:
                exception_class = getattr(ExceptionMapping, error_code, WebDriverException)
                break
        else:
            exception_class = WebDriverException
    
        if not value:
            value = response["value"]
        if isinstance(value, str):
            raise exception_class(value)
        if message == "" and "message" in value:
            message = value["message"]
    
        screen = None  # type: ignore[assignment]
        if "screen" in value:
            screen = value["screen"]
    
        stacktrace = None
        st_value = value.get("stackTrace") or value.get("stacktrace")
        if st_value:
            if isinstance(st_value, str):
                stacktrace = st_value.split("\n")
            else:
                stacktrace = []
                try:
                    for frame in st_value:
                        line = frame.get("lineNumber", "")
                        file = frame.get("fileName", "<anonymous>")
                        if line:
                            file = f"{file}:{line}"
                        meth = frame.get("methodName", "<anonymous>")
                        if "className" in frame:
                            meth = f"{frame['className']}.{meth}"
                        msg = "    at %s (%s)"
                        msg = msg % (meth, file)
                        stacktrace.append(msg)
                except TypeError:
                    pass
        if exception_class == UnexpectedAlertPresentException:
            alert_text = None
            if "data" in value:
                alert_text = value["data"].get("text")
            elif "alert" in value:
                alert_text = value["alert"].get("text")
            raise exception_class(message, screen, stacktrace, alert_text)  # type: ignore[call-arg]  # mypy is not smart enough here
>       raise exception_class(message, screen, stacktrace)
E       selenium.common.exceptions.JavascriptException: Message: javascript error: moderate is not defined
E         (Session info: chrome=146.0.7680.164)
E       Stacktrace:
E       #0 0x56492fac9a6a <unknown>
E       #1 0x56492f4d8ab5 <unknown>
E       #2 0x56492f4df92b <unknown>
E       #3 0x56492f4e24ab <unknown>
E       #4 0x56492f5748d9 <unknown>
E       #5 0x56492f5737b6 <unknown>
E       #6 0x56492f51ecbf <unknown>
E       #7 0x56492f51fa81 <unknown>
E       #8 0x56492fa8fa64 <unknown>
E       #9 0x56492fa92951 <unknown>
E       #10 0x56492fa7c21e <unknown>
E       #11 0x56492fa9351e <unknown>
E       #12 0x56492fa62be0 <unknown>
E       #13 0x56492fab69b8 <unknown>
E       #14 0x56492fab6b88 <unknown>
E       #15 0x56492fac84de <unknown>
E       #16 0x7effca49caa4 <unknown>
E       #17 0x7effca529c6c <unknown>

.venv-package/lib/python3.12/site-packages/selenium/webdriver/remote/errorhandler.py:232: JavascriptException
________________________________ test_datagrid _________________________________
[gw0] linux -- Python 3.12.13 /home/runner/work/encommon/encommon/main/.venv-package/bin/python3

content = <encommon.webkit.content.Content object at 0x7f314b185550>
driver = <selenium.webdriver.chrome.webdriver.WebDriver (session="829c910e35a01b8afe447e13fc89d7b7")>

    def test_datagrid(
        content: 'Content',
        driver: WebDriver,
    ) -> None:
        """
        Perform various tests associated with relevant routines.
    
        :param content: Primary class instance for the content.
        :param driver: Selenium driver provided by the library.
        """
    
    
        driver.get(
            f"""
            data:text/html;
            charset=utf-8,
            <html>
              <head>
                <script>
            {content.scripts('default')}
            {content.scripts('helpers')}
            {content.scripts('datagrid')}
                </script>
              </head>
              <body></body>
            </html>
            """)
    
    
        fields = {
            'foo': 'Foo',
            'bar': 'Bar'}
    
        values = [
            {'foo': '1',
             'bar': 1},
            {'foo': '2',
             'bar': 2}]
    
    
>       outcome = _executejs(
            driver,
            'let element ='
            ' datagrid(...arguments);'
            'return'
            ' element[0].outerHTML;',
            fields,
            values,
            wrap=False)

encommon/webkit/test/test_datagrid.py:61: 
_ _ _ _ _ _ _ _ _ _ _ _ _ _ _ _ _ _ _ _ _ _ _ _ _ _ _ _ _ _ _ _ _ _ _ _ _ _ _ _ 
encommon/webkit/test/__init__.py:36: in _executejs
    driver
.venv-package/lib/python3.12/site-packages/selenium/webdriver/remote/webdriver.py:532: in execute_script
    return self.execute(command, {"script": script, "args": converted_args})["value"]
           ^^^^^^^^^^^^^^^^^^^^^^^^^^^^^^^^^^^^^^^^^^^^^^^^^^^^^^^^^^^^^^^^^
.venv-package/lib/python3.12/site-packages/selenium/webdriver/remote/webdriver.py:446: in execute
    self.error_handler.check_response(response)
_ _ _ _ _ _ _ _ _ _ _ _ _ _ _ _ _ _ _ _ _ _ _ _ _ _ _ _ _ _ _ _ _ _ _ _ _ _ _ _ 

self = <selenium.webdriver.remote.errorhandler.ErrorHandler object at 0x7f314cb60410>
response = {'status': 500, 'value': '{"value":{"error":"javascript error","message":"javascript error: datagrid is not defined\\n...\\n#15 0x55b337c634de \\u003Cunknown>\\n#16 0x7f6c5309caa4 \\u003Cunknown>\\n#17 0x7f6c53129c6c \\u003Cunknown>\\n"}}'}

    def check_response(self, response: dict[str, Any]) -> None:
        """Check that a JSON response from the WebDriver does not have an error.
    
        Args:
            response: The JSON response from the WebDriver server as a dictionary
                object.
    
        Raises:
            WebDriverException: If the response contains an error message.
        """
        status = response.get("status", None)
        if not status or status == ErrorCode.SUCCESS:
            return
        value = None
        message = response.get("message", "")
        screen: str = response.get("screen", "")
        stacktrace = None
        if isinstance(status, int):
            value_json = response.get("value", None)
            if value_json and isinstance(value_json, str):
                try:
                    value = json.loads(value_json)
                    if isinstance(value, dict):
                        if len(value) == 1:
                            value = value["value"]
                        status = value.get("error", None)
                        if not status:
                            status = value.get("status", ErrorCode.UNKNOWN_ERROR)
                            message = value.get("value") or value.get("message")
                            if not isinstance(message, str):
                                value = message
                                message = message.get("message") if isinstance(message, dict) else None
                        else:
                            message = value.get("message", None)
                except ValueError:
                    pass
    
        exception_class: type[WebDriverException]
        e = ErrorCode()
        error_codes = [item for item in dir(e) if not item.startswith("__")]
        for error_code in error_codes:
            error_info = getattr(ErrorCode, error_code)
            if isinstance(error_info, list) and status in error_info:
                exception_class = getattr(ExceptionMapping, error_code, WebDriverException)
                break
        else:
            exception_class = WebDriverException
    
        if not value:
            value = response["value"]
        if isinstance(value, str):
            raise exception_class(value)
        if message == "" and "message" in value:
            message = value["message"]
    
        screen = None  # type: ignore[assignment]
        if "screen" in value:
            screen = value["screen"]
    
        stacktrace = None
        st_value = value.get("stackTrace") or value.get("stacktrace")
        if st_value:
            if isinstance(st_value, str):
                stacktrace = st_value.split("\n")
            else:
                stacktrace = []
                try:
                    for frame in st_value:
                        line = frame.get("lineNumber", "")
                        file = frame.get("fileName", "<anonymous>")
                        if line:
                            file = f"{file}:{line}"
                        meth = frame.get("methodName", "<anonymous>")
                        if "className" in frame:
                            meth = f"{frame['className']}.{meth}"
                        msg = "    at %s (%s)"
                        msg = msg % (meth, file)
                        stacktrace.append(msg)
                except TypeError:
                    pass
        if exception_class == UnexpectedAlertPresentException:
            alert_text = None
            if "data" in value:
                alert_text = value["data"].get("text")
            elif "alert" in value:
                alert_text = value["alert"].get("text")
            raise exception_class(message, screen, stacktrace, alert_text)  # type: ignore[call-arg]  # mypy is not smart enough here
>       raise exception_class(message, screen, stacktrace)
E       selenium.common.exceptions.JavascriptException: Message: javascript error: datagrid is not defined
E         (Session info: chrome=146.0.7680.164)
E       Stacktrace:
E       #0 0x55b337c64a6a <unknown>
E       #1 0x55b337673ab5 <unknown>
E       #2 0x55b33767a92b <unknown>
E       #3 0x55b33767d4ab <unknown>
E       #4 0x55b33770f8d9 <unknown>
E       #5 0x55b33770e7b6 <unknown>
E       #6 0x55b3376b9cbf <unknown>
E       #7 0x55b3376baa81 <unknown>
E       #8 0x55b337c2aa64 <unknown>
E       #9 0x55b337c2d951 <unknown>
E       #10 0x55b337c1721e <unknown>
E       #11 0x55b337c2e51e <unknown>
E       #12 0x55b337bfdbe0 <unknown>
E       #13 0x55b337c519b8 <unknown>
E       #14 0x55b337c51b88 <unknown>
E       #15 0x55b337c634de <unknown>
E       #16 0x7f6c5309caa4 <unknown>
E       #17 0x7f6c53129c6c <unknown>

.venv-package/lib/python3.12/site-packages/selenium/webdriver/remote/errorhandler.py:232: JavascriptException
________________________________ test_duration _________________________________
[gw1] linux -- Python 3.12.13 /home/runner/work/encommon/encommon/main/.venv-package/bin/python3

content = <encommon.webkit.content.Content object at 0x7f41ed9c1910>
driver = <selenium.webdriver.chrome.webdriver.WebDriver (session="b1f046311f3b74041ac2dd0d2e0e5683")>

    def test_duration(
        content: 'Content',
        driver: WebDriver,
    ) -> None:
        """
        Perform various tests associated with relevant routines.
    
        :param content: Primary class instance for the content.
        :param driver: Selenium driver provided by the library.
        """
    
    
        driver.get(
            f"""
            data:text/html;
            charset=utf-8,
            <html>
              <head>
                <script>
            {content.scripts('default')}
            {content.scripts('helpers')}
            {content.scripts('duration')}
                </script>
              </head>
              <body></body>
            </html>
            """)
    
    
>       outcome = _executejs(
            driver,
            'let element ='
            ' duration(...arguments);'
            'return'
            ' element[0].outerHTML;',
            90460023,
            wrap=False)

encommon/webkit/test/test_duration.py:50: 
_ _ _ _ _ _ _ _ _ _ _ _ _ _ _ _ _ _ _ _ _ _ _ _ _ _ _ _ _ _ _ _ _ _ _ _ _ _ _ _ 
encommon/webkit/test/__init__.py:36: in _executejs
    driver
.venv-package/lib/python3.12/site-packages/selenium/webdriver/remote/webdriver.py:532: in execute_script
    return self.execute(command, {"script": script, "args": converted_args})["value"]
           ^^^^^^^^^^^^^^^^^^^^^^^^^^^^^^^^^^^^^^^^^^^^^^^^^^^^^^^^^^^^^^^^^
.venv-package/lib/python3.12/site-packages/selenium/webdriver/remote/webdriver.py:446: in execute
    self.error_handler.check_response(response)
_ _ _ _ _ _ _ _ _ _ _ _ _ _ _ _ _ _ _ _ _ _ _ _ _ _ _ _ _ _ _ _ _ _ _ _ _ _ _ _ 

self = <selenium.webdriver.remote.errorhandler.ErrorHandler object at 0x7f41ed98e990>
response = {'status': 500, 'value': '{"value":{"error":"javascript error","message":"javascript error: duration is not defined\\n...\\n#15 0x55f1ab9ca4de \\u003Cunknown>\\n#16 0x7f99e129caa4 \\u003Cunknown>\\n#17 0x7f99e1329c6c \\u003Cunknown>\\n"}}'}

    def check_response(self, response: dict[str, Any]) -> None:
        """Check that a JSON response from the WebDriver does not have an error.
    
        Args:
            response: The JSON response from the WebDriver server as a dictionary
                object.
    
        Raises:
            WebDriverException: If the response contains an error message.
        """
        status = response.get("status", None)
        if not status or status == ErrorCode.SUCCESS:
            return
        value = None
        message = response.get("message", "")
        screen: str = response.get("screen", "")
        stacktrace = None
        if isinstance(status, int):
            value_json = response.get("value", None)
            if value_json and isinstance(value_json, str):
                try:
                    value = json.loads(value_json)
                    if isinstance(value, dict):
                        if len(value) == 1:
                            value = value["value"]
                        status = value.get("error", None)
                        if not status:
                            status = value.get("status", ErrorCode.UNKNOWN_ERROR)
                            message = value.get("value") or value.get("message")
                            if not isinstance(message, str):
                                value = message
                                message = message.get("message") if isinstance(message, dict) else None
                        else:
                            message = value.get("message", None)
                except ValueError:
                    pass
    
        exception_class: type[WebDriverException]
        e = ErrorCode()
        error_codes = [item for item in dir(e) if not item.startswith("__")]
        for error_code in error_codes:
            error_info = getattr(ErrorCode, error_code)
            if isinstance(error_info, list) and status in error_info:
                exception_class = getattr(ExceptionMapping, error_code, WebDriverException)
                break
        else:
            exception_class = WebDriverException
    
        if not value:
            value = response["value"]
        if isinstance(value, str):
            raise exception_class(value)
        if message == "" and "message" in value:
            message = value["message"]
    
        screen = None  # type: ignore[assignment]
        if "screen" in value:
            screen = value["screen"]
    
        stacktrace = None
        st_value = value.get("stackTrace") or value.get("stacktrace")
        if st_value:
            if isinstance(st_value, str):
                stacktrace = st_value.split("\n")
            else:
                stacktrace = []
                try:
                    for frame in st_value:
                        line = frame.get("lineNumber", "")
                        file = frame.get("fileName", "<anonymous>")
                        if line:
                            file = f"{file}:{line}"
                        meth = frame.get("methodName", "<anonymous>")
                        if "className" in frame:
                            meth = f"{frame['className']}.{meth}"
                        msg = "    at %s (%s)"
                        msg = msg % (meth, file)
                        stacktrace.append(msg)
                except TypeError:
                    pass
        if exception_class == UnexpectedAlertPresentException:
            alert_text = None
            if "data" in value:
                alert_text = value["data"].get("text")
            elif "alert" in value:
                alert_text = value["alert"].get("text")
            raise exception_class(message, screen, stacktrace, alert_text)  # type: ignore[call-arg]  # mypy is not smart enough here
>       raise exception_class(message, screen, stacktrace)
E       selenium.common.exceptions.JavascriptException: Message: javascript error: duration is not defined
E         (Session info: chrome=146.0.7680.164)
E       Stacktrace:
E       #0 0x55f1ab9cba6a <unknown>
E       #1 0x55f1ab3daab5 <unknown>
E       #2 0x55f1ab3e192b <unknown>
E       #3 0x55f1ab3e44ab <unknown>
E       #4 0x55f1ab4768d9 <unknown>
E       #5 0x55f1ab4757b6 <unknown>
E       #6 0x55f1ab420cbf <unknown>
E       #7 0x55f1ab421a81 <unknown>
E       #8 0x55f1ab991a64 <unknown>
E       #9 0x55f1ab994951 <unknown>
E       #10 0x55f1ab97e21e <unknown>
E       #11 0x55f1ab99551e <unknown>
E       #12 0x55f1ab964be0 <unknown>
E       #13 0x55f1ab9b89b8 <unknown>
E       #14 0x55f1ab9b8b88 <unknown>
E       #15 0x55f1ab9ca4de <unknown>
E       #16 0x7f99e129caa4 <unknown>
E       #17 0x7f99e1329c6c <unknown>

.venv-package/lib/python3.12/site-packages/selenium/webdriver/remote/errorhandler.py:232: JavascriptException
_________________________________ test_numeric _________________________________
[gw3] linux -- Python 3.12.13 /home/runner/work/encommon/encommon/main/.venv-package/bin/python3

prepare = (<encommon.webkit.content.Content object at 0x7f6b691c7e90>, <selenium.webdriver.chrome.webdriver.WebDriver (session="2a9d9bff845d8812b8e9d564416dce3a")>)

    def test_numeric(
        prepare: tuple['Content', WebDriver],
    ) -> None:
        """
        Perform various tests associated with relevant routines.
    
        :param prepare: Driver and content loaded with scripts.
        """
    
        content, driver = prepare
    
    
>       outcome = _executejs(
            driver,
            'let element ='
            ' numeric(...arguments);'
            'return'
            ' element[0].outerHTML;',
            1.1, 'gb',
            wrap=False)

encommon/webkit/test/test_numeric.py:69: 
_ _ _ _ _ _ _ _ _ _ _ _ _ _ _ _ _ _ _ _ _ _ _ _ _ _ _ _ _ _ _ _ _ _ _ _ _ _ _ _ 
encommon/webkit/test/__init__.py:36: in _executejs
    driver
.venv-package/lib/python3.12/site-packages/selenium/webdriver/remote/webdriver.py:532: in execute_script
    return self.execute(command, {"script": script, "args": converted_args})["value"]
           ^^^^^^^^^^^^^^^^^^^^^^^^^^^^^^^^^^^^^^^^^^^^^^^^^^^^^^^^^^^^^^^^^
.venv-package/lib/python3.12/site-packages/selenium/webdriver/remote/webdriver.py:446: in execute
    self.error_handler.check_response(response)
_ _ _ _ _ _ _ _ _ _ _ _ _ _ _ _ _ _ _ _ _ _ _ _ _ _ _ _ _ _ _ _ _ _ _ _ _ _ _ _ 

self = <selenium.webdriver.remote.errorhandler.ErrorHandler object at 0x7f6b6902d070>
response = {'status': 500, 'value': '{"value":{"error":"javascript error","message":"javascript error: numeric is not defined\\n ...\\n#15 0x55ba0100c4de \\u003Cunknown>\\n#16 0x7f132e09caa4 \\u003Cunknown>\\n#17 0x7f132e129c6c \\u003Cunknown>\\n"}}'}

    def check_response(self, response: dict[str, Any]) -> None:
        """Check that a JSON response from the WebDriver does not have an error.
    
        Args:
            response: The JSON response from the WebDriver server as a dictionary
                object.
    
        Raises:
            WebDriverException: If the response contains an error message.
        """
        status = response.get("status", None)
        if not status or status == ErrorCode.SUCCESS:
            return
        value = None
        message = response.get("message", "")
        screen: str = response.get("screen", "")
        stacktrace = None
        if isinstance(status, int):
            value_json = response.get("value", None)
            if value_json and isinstance(value_json, str):
                try:
                    value = json.loads(value_json)
                    if isinstance(value, dict):
                        if len(value) == 1:
                            value = value["value"]
                        status = value.get("error", None)
                        if not status:
                            status = value.get("status", ErrorCode.UNKNOWN_ERROR)
                            message = value.get("value") or value.get("message")
                            if not isinstance(message, str):
                                value = message
                                message = message.get("message") if isinstance(message, dict) else None
                        else:
                            message = value.get("message", None)
                except ValueError:
                    pass
    
        exception_class: type[WebDriverException]
        e = ErrorCode()
        error_codes = [item for item in dir(e) if not item.startswith("__")]
        for error_code in error_codes:
            error_info = getattr(ErrorCode, error_code)
            if isinstance(error_info, list) and status in error_info:
                exception_class = getattr(ExceptionMapping, error_code, WebDriverException)
                break
        else:
            exception_class = WebDriverException
    
        if not value:
            value = response["value"]
        if isinstance(value, str):
            raise exception_class(value)
        if message == "" and "message" in value:
            message = value["message"]
    
        screen = None  # type: ignore[assignment]
        if "screen" in value:
            screen = value["screen"]
    
        stacktrace = None
        st_value = value.get("stackTrace") or value.get("stacktrace")
        if st_value:
            if isinstance(st_value, str):
                stacktrace = st_value.split("\n")
            else:
                stacktrace = []
                try:
                    for frame in st_value:
                        line = frame.get("lineNumber", "")
                        file = frame.get("fileName", "<anonymous>")
                        if line:
                            file = f"{file}:{line}"
                        meth = frame.get("methodName", "<anonymous>")
                        if "className" in frame:
                            meth = f"{frame['className']}.{meth}"
                        msg = "    at %s (%s)"
                        msg = msg % (meth, file)
                        stacktrace.append(msg)
                except TypeError:
                    pass
        if exception_class == UnexpectedAlertPresentException:
            alert_text = None
            if "data" in value:
                alert_text = value["data"].get("text")
            elif "alert" in value:
                alert_text = value["alert"].get("text")
            raise exception_class(message, screen, stacktrace, alert_text)  # type: ignore[call-arg]  # mypy is not smart enough here
>       raise exception_class(message, screen, stacktrace)
E       selenium.common.exceptions.JavascriptException: Message: javascript error: numeric is not defined
E         (Session info: chrome=146.0.7680.164)
E       Stacktrace:
E       #0 0x55ba0100da6a <unknown>
E       #1 0x55ba00a1cab5 <unknown>
E       #2 0x55ba00a2392b <unknown>
E       #3 0x55ba00a264ab <unknown>
E       #4 0x55ba00ab88d9 <unknown>
E       #5 0x55ba00ab77b6 <unknown>
E       #6 0x55ba00a62cbf <unknown>
E       #7 0x55ba00a63a81 <unknown>
E       #8 0x55ba00fd3a64 <unknown>
E       #9 0x55ba00fd6951 <unknown>
E       #10 0x55ba00fc021e <unknown>
E       #11 0x55ba00fd751e <unknown>
E       #12 0x55ba00fa6be0 <unknown>
E       #13 0x55ba00ffa9b8 <unknown>
E       #14 0x55ba00ffab88 <unknown>
E       #15 0x55ba0100c4de <unknown>
E       #16 0x7f132e09caa4 <unknown>
E       #17 0x7f132e129c6c <unknown>

.venv-package/lib/python3.12/site-packages/selenium/webdriver/remote/errorhandler.py:232: JavascriptException
______________________________ test_numeric_bytes ______________________________
[gw3] linux -- Python 3.12.13 /home/runner/work/encommon/encommon/main/.venv-package/bin/python3

prepare = (<encommon.webkit.content.Content object at 0x7f6b68f77d40>, <selenium.webdriver.chrome.webdriver.WebDriver (session="259d32bd79a6d5fb7c32752b912c995a")>)

    def test_numeric_bytes(
        prepare: tuple['Content', WebDriver],
    ) -> None:
        """
        Perform various tests associated with relevant routines.
    
        :param prepare: Driver and content loaded with scripts.
        """
    
        content, driver = prepare
    
    
>       outcome = _executejs(
            driver,
            'let element ='
            ' numeric_bytes(...arguments);'
            'return'
            ' element[0].outerHTML;',
            1e10 + 1e8,
            wrap=False)

encommon/webkit/test/test_numeric.py:148: 
_ _ _ _ _ _ _ _ _ _ _ _ _ _ _ _ _ _ _ _ _ _ _ _ _ _ _ _ _ _ _ _ _ _ _ _ _ _ _ _ 
encommon/webkit/test/__init__.py:36: in _executejs
    driver
.venv-package/lib/python3.12/site-packages/selenium/webdriver/remote/webdriver.py:532: in execute_script
    return self.execute(command, {"script": script, "args": converted_args})["value"]
           ^^^^^^^^^^^^^^^^^^^^^^^^^^^^^^^^^^^^^^^^^^^^^^^^^^^^^^^^^^^^^^^^^
.venv-package/lib/python3.12/site-packages/selenium/webdriver/remote/webdriver.py:446: in execute
    self.error_handler.check_response(response)
_ _ _ _ _ _ _ _ _ _ _ _ _ _ _ _ _ _ _ _ _ _ _ _ _ _ _ _ _ _ _ _ _ _ _ _ _ _ _ _ 

self = <selenium.webdriver.remote.errorhandler.ErrorHandler object at 0x7f6b690d7e30>
response = {'status': 500, 'value': '{"value":{"error":"javascript error","message":"javascript error: numeric_bytes is not defin...\\n#15 0x555834d354de \\u003Cunknown>\\n#16 0x7fbe7d89caa4 \\u003Cunknown>\\n#17 0x7fbe7d929c6c \\u003Cunknown>\\n"}}'}

    def check_response(self, response: dict[str, Any]) -> None:
        """Check that a JSON response from the WebDriver does not have an error.
    
        Args:
            response: The JSON response from the WebDriver server as a dictionary
                object.
    
        Raises:
            WebDriverException: If the response contains an error message.
        """
        status = response.get("status", None)
        if not status or status == ErrorCode.SUCCESS:
            return
        value = None
        message = response.get("message", "")
        screen: str = response.get("screen", "")
        stacktrace = None
        if isinstance(status, int):
            value_json = response.get("value", None)
            if value_json and isinstance(value_json, str):
                try:
                    value = json.loads(value_json)
                    if isinstance(value, dict):
                        if len(value) == 1:
                            value = value["value"]
                        status = value.get("error", None)
                        if not status:
                            status = value.get("status", ErrorCode.UNKNOWN_ERROR)
                            message = value.get("value") or value.get("message")
                            if not isinstance(message, str):
                                value = message
                                message = message.get("message") if isinstance(message, dict) else None
                        else:
                            message = value.get("message", None)
                except ValueError:
                    pass
    
        exception_class: type[WebDriverException]
        e = ErrorCode()
        error_codes = [item for item in dir(e) if not item.startswith("__")]
        for error_code in error_codes:
            error_info = getattr(ErrorCode, error_code)
            if isinstance(error_info, list) and status in error_info:
                exception_class = getattr(ExceptionMapping, error_code, WebDriverException)
                break
        else:
            exception_class = WebDriverException
    
        if not value:
            value = response["value"]
        if isinstance(value, str):
            raise exception_class(value)
        if message == "" and "message" in value:
            message = value["message"]
    
        screen = None  # type: ignore[assignment]
        if "screen" in value:
            screen = value["screen"]
    
        stacktrace = None
        st_value = value.get("stackTrace") or value.get("stacktrace")
        if st_value:
            if isinstance(st_value, str):
                stacktrace = st_value.split("\n")
            else:
                stacktrace = []
                try:
                    for frame in st_value:
                        line = frame.get("lineNumber", "")
                        file = frame.get("fileName", "<anonymous>")
                        if line:
                            file = f"{file}:{line}"
                        meth = frame.get("methodName", "<anonymous>")
                        if "className" in frame:
                            meth = f"{frame['className']}.{meth}"
                        msg = "    at %s (%s)"
                        msg = msg % (meth, file)
                        stacktrace.append(msg)
                except TypeError:
                    pass
        if exception_class == UnexpectedAlertPresentException:
            alert_text = None
            if "data" in value:
                alert_text = value["data"].get("text")
            elif "alert" in value:
                alert_text = value["alert"].get("text")
            raise exception_class(message, screen, stacktrace, alert_text)  # type: ignore[call-arg]  # mypy is not smart enough here
>       raise exception_class(message, screen, stacktrace)
E       selenium.common.exceptions.JavascriptException: Message: javascript error: numeric_bytes is not defined
E         (Session info: chrome=146.0.7680.164)
E       Stacktrace:
E       #0 0x555834d36a6a <unknown>
E       #1 0x555834745ab5 <unknown>
E       #2 0x55583474c92b <unknown>
E       #3 0x55583474f4ab <unknown>
E       #4 0x5558347e18d9 <unknown>
E       #5 0x5558347e07b6 <unknown>
E       #6 0x55583478bcbf <unknown>
E       #7 0x55583478ca81 <unknown>
E       #8 0x555834cfca64 <unknown>
E       #9 0x555834cff951 <unknown>
E       #10 0x555834ce921e <unknown>
[...]
#7 0x557e523dfa81 <unknown>
#8 0x557e5294fa64 <unknown>
#9 0x557e52952951 <unknown>
#10 0x557e5293c21e <unknown>
#11 0x557e5295351e <unknown>
#12 0x557e52922be0 <unknown>
#13 0x557e529769b8 <unknown>
#14 0x557e52976b88 <unknown>
#15 0x557e529884de <unknown>
#16 0x7f3a6429caa4 <unknown>
#17 0x7f3a64329c6c <unknown>
FAILED encommon/webkit/test/test_default.py::test_default_replace - selenium.common.exceptions.JavascriptException: Message: javascript error: $ is not defined
  (Session info: chrome=146.0.7680.164)
Stacktrace:
#0 0x556893ee6a6a <unknown>
#1 0x5568938f5ab5 <unknown>
#2 0x5568938fc92b <unknown>
#3 0x5568938ff4ab <unknown>
#4 0x5568939918d9 <unknown>
#5 0x5568939907b6 <unknown>
#6 0x55689393bcbf <unknown>
#7 0x55689393ca81 <unknown>
#8 0x556893eaca64 <unknown>
#9 0x556893eaf951 <unknown>
#10 0x556893e9921e <unknown>
#11 0x556893eb051e <unknown>
#12 0x556893e7fbe0 <unknown>
#13 0x556893ed39b8 <unknown>
#14 0x556893ed3b88 <unknown>
#15 0x556893ee54de <unknown>
#16 0x7ff9afc9caa4 <unknown>
#17 0x7ff9afd29c6c <unknown>
FAILED encommon/webkit/test/test_default.py::test_default_append - selenium.common.exceptions.JavascriptException: Message: javascript error: $ is not defined
  (Session info: chrome=146.0.7680.164)
Stacktrace:
#0 0x564f80a1ca6a <unknown>
#1 0x564f8042bab5 <unknown>
#2 0x564f8043292b <unknown>
#3 0x564f804354ab <unknown>
#4 0x564f804c78d9 <unknown>
#5 0x564f804c67b6 <unknown>
#6 0x564f80471cbf <unknown>
#7 0x564f80472a81 <unknown>
#8 0x564f809e2a64 <unknown>
#9 0x564f809e5951 <unknown>
#10 0x564f809cf21e <unknown>
#11 0x564f809e651e <unknown>
#12 0x564f809b5be0 <unknown>
#13 0x564f80a099b8 <unknown>
#14 0x564f80a09b88 <unknown>
#15 0x564f80a1b4de <unknown>
#16 0x7f77a469caa4 <unknown>
#17 0x7f77a4729c6c <unknown>
FAILED encommon/webkit/test/test_color.py::test_colordiv - selenium.common.exceptions.JavascriptException: Message: javascript error: colordiv is not defined
  (Session info: chrome=146.0.7680.164)
Stacktrace:
#0 0x559b6d157a6a <unknown>
#1 0x559b6cb66ab5 <unknown>
#2 0x559b6cb6d92b <unknown>
#3 0x559b6cb704ab <unknown>
#4 0x559b6cc028d9 <unknown>
#5 0x559b6cc017b6 <unknown>
#6 0x559b6cbaccbf <unknown>
#7 0x559b6cbada81 <unknown>
#8 0x559b6d11da64 <unknown>
#9 0x559b6d120951 <unknown>
#10 0x559b6d10a21e <unknown>
#11 0x559b6d12151e <unknown>
#12 0x559b6d0f0be0 <unknown>
#13 0x559b6d1449b8 <unknown>
#14 0x559b6d144b88 <unknown>
#15 0x559b6d1564de <unknown>
#16 0x7f4c4129caa4 <unknown>
#17 0x7f4c41329c6c <unknown>
FAILED encommon/webkit/test/test_default.py::test_default_remClass - selenium.common.exceptions.JavascriptException: Message: javascript error: $ is not defined
  (Session info: chrome=146.0.7680.164)
Stacktrace:
#0 0x562a60879a6a <unknown>
#1 0x562a60288ab5 <unknown>
#2 0x562a6028f92b <unknown>
#3 0x562a602924ab <unknown>
#4 0x562a603248d9 <unknown>
#5 0x562a603237b6 <unknown>
#6 0x562a602cecbf <unknown>
#7 0x562a602cfa81 <unknown>
#8 0x562a6083fa64 <unknown>
#9 0x562a60842951 <unknown>
#10 0x562a6082c21e <unknown>
#11 0x562a6084351e <unknown>
#12 0x562a60812be0 <unknown>
#13 0x562a608669b8 <unknown>
#14 0x562a60866b88 <unknown>
#15 0x562a608784de <unknown>
#16 0x7f45a849caa4 <unknown>
#17 0x7f45a8529c6c <unknown>
FAILED encommon/webkit/test/test_default.py::test_default_prop - selenium.common.exceptions.JavascriptException: Message: javascript error: $ is not defined
  (Session info: chrome=146.0.7680.164)
Stacktrace:
#0 0x56395e9cda6a <unknown>
#1 0x56395e3dcab5 <unknown>
#2 0x56395e3e392b <unknown>
#3 0x56395e3e64ab <unknown>
#4 0x56395e4788d9 <unknown>
#5 0x56395e4777b6 <unknown>
#6 0x56395e422cbf <unknown>
#7 0x56395e423a81 <unknown>
#8 0x56395e993a64 <unknown>
#9 0x56395e996951 <unknown>
#10 0x56395e98021e <unknown>
#11 0x56395e99751e <unknown>
#12 0x56395e966be0 <unknown>
#13 0x56395e9ba9b8 <unknown>
#14 0x56395e9bab88 <unknown>
#15 0x56395e9cc4de <unknown>
#16 0x7fc488c9caa4 <unknown>
#17 0x7fc488d29c6c <unknown>
FAILED encommon/webkit/test/test_default.py::test_default_attr - selenium.common.exceptions.JavascriptException: Message: javascript error: $ is not defined
  (Session info: chrome=146.0.7680.164)
Stacktrace:
#0 0x55d47443ca6a <unknown>
#1 0x55d473e4bab5 <unknown>
#2 0x55d473e5292b <unknown>
#3 0x55d473e554ab <unknown>
#4 0x55d473ee78d9 <unknown>
#5 0x55d473ee67b6 <unknown>
#6 0x55d473e91cbf <unknown>
#7 0x55d473e92a81 <unknown>
#8 0x55d474402a64 <unknown>
#9 0x55d474405951 <unknown>
#10 0x55d4743ef21e <unknown>
#11 0x55d47440651e <unknown>
#12 0x55d4743d5be0 <unknown>
#13 0x55d4744299b8 <unknown>
#14 0x55d474429b88 <unknown>
#15 0x55d47443b4de <unknown>
#16 0x7f03b329caa4 <unknown>
#17 0x7f03b3329c6c <unknown>
FAILED encommon/webkit/test/test_tagues.py::test_tagues - selenium.common.exceptions.JavascriptException: Message: javascript error: tagues is not defined
  (Session info: chrome=146.0.7680.164)
Stacktrace:
#0 0x555ca5a60a6a <unknown>
#1 0x555ca546fab5 <unknown>
#2 0x555ca547692b <unknown>
#3 0x555ca54794ab <unknown>
#4 0x555ca550b8d9 <unknown>
#5 0x555ca550a7b6 <unknown>
#6 0x555ca54b5cbf <unknown>
#7 0x555ca54b6a81 <unknown>
#8 0x555ca5a26a64 <unknown>
#9 0x555ca5a29951 <unknown>
#10 0x555ca5a1321e <unknown>
#11 0x555ca5a2a51e <unknown>
#12 0x555ca59f9be0 <unknown>
#13 0x555ca5a4d9b8 <unknown>
#14 0x555ca5a4db88 <unknown>
#15 0x555ca5a5f4de <unknown>
#16 0x7f99c6c9caa4 <unknown>
#17 0x7f99c6d29c6c <unknown>
FAILED encommon/webkit/test/test_default.py::test_default_addClass - selenium.common.exceptions.JavascriptException: Message: javascript error: $ is not defined
  (Session info: chrome=146.0.7680.164)
Stacktrace:
#0 0x55ddda8efa6a <unknown>
#1 0x55ddda2feab5 <unknown>
#2 0x55ddda30592b <unknown>
#3 0x55ddda3084ab <unknown>
#4 0x55ddda39a8d9 <unknown>
#5 0x55ddda3997b6 <unknown>
#6 0x55ddda344cbf <unknown>
#7 0x55ddda345a81 <unknown>
#8 0x55ddda8b5a64 <unknown>
#9 0x55ddda8b8951 <unknown>
#10 0x55ddda8a221e <unknown>
#11 0x55ddda8b951e <unknown>
#12 0x55ddda888be0 <unknown>
#13 0x55ddda8dc9b8 <unknown>
#14 0x55ddda8dcb88 <unknown>
#15 0x55ddda8ee4de <unknown>
#16 0x7f2790a9caa4 <unknown>
#17 0x7f2790b29c6c <unknown>
FAILED encommon/webkit/test/test_helpers.py::test_helpers_dumps - selenium.common.exceptions.JavascriptException: Message: javascript error: dumps is not defined
  (Session info: chrome=146.0.7680.164)
Stacktrace:
#0 0x563d1f43ea6a <unknown>
#1 0x563d1ee4dab5 <unknown>
#2 0x563d1ee5492b <unknown>
#3 0x563d1ee574ab <unknown>
#4 0x563d1eee98d9 <unknown>
#5 0x563d1eee87b6 <unknown>
#6 0x563d1ee93cbf <unknown>
#7 0x563d1ee94a81 <unknown>
#8 0x563d1f404a64 <unknown>
#9 0x563d1f407951 <unknown>
#10 0x563d1f3f121e <unknown>
#11 0x563d1f40851e <unknown>
#12 0x563d1f3d7be0 <unknown>
#13 0x563d1f42b9b8 <unknown>
#14 0x563d1f42bb88 <unknown>
#15 0x563d1f43d4de <unknown>
#16 0x7fd9c2e9caa4 <unknown>
#17 0x7fd9c2f29c6c <unknown>
FAILED encommon/webkit/test/test_helpers.py::test_helpers_assert - selenium.common.exceptions.JavascriptException: Message: javascript error: assert is not defined
  (Session info: chrome=146.0.7680.164)
Stacktrace:
#0 0x55cd45f85a6a <unknown>
#1 0x55cd45994ab5 <unknown>
#2 0x55cd4599b92b <unknown>
#3 0x55cd4599e4ab <unknown>
#4 0x55cd45a308d9 <unknown>
#5 0x55cd45a2f7b6 <unknown>
#6 0x55cd459dacbf <unknown>
#7 0x55cd459dba81 <unknown>
#8 0x55cd45f4ba64 <unknown>
#9 0x55cd45f4e951 <unknown>
#10 0x55cd45f3821e <unknown>
#11 0x55cd45f4f51e <unknown>
#12 0x55cd45f1ebe0 <unknown>
#13 0x55cd45f729b8 <unknown>
#14 0x55cd45f72b88 <unknown>
#15 0x55cd45f844de <unknown>
#16 0x7f1a98c9caa4 <unknown>
#17 0x7f1a98d29c6c <unknown>
FAILED encommon/webkit/test/test_helpers.py::test_helpers_isnode - selenium.common.exceptions.JavascriptException: Message: javascript error: $ is not defined
  (Session info: chrome=146.0.7680.164)
Stacktrace:
#0 0x55ef0356da6a <unknown>
#1 0x55ef02f7cab5 <unknown>
#2 0x55ef02f8392b <unknown>
#3 0x55ef02f864ab <unknown>
#4 0x55ef030188d9 <unknown>
#5 0x55ef030177b6 <unknown>
#6 0x55ef02fc2cbf <unknown>
#7 0x55ef02fc3a81 <unknown>
#8 0x55ef03533a64 <unknown>
#9 0x55ef03536951 <unknown>
#10 0x55ef0352021e <unknown>
#11 0x55ef0353751e <unknown>
#12 0x55ef03506be0 <unknown>
#13 0x55ef0355a9b8 <unknown>
#14 0x55ef0355ab88 <unknown>
#15 0x55ef0356c4de <unknown>
#16 0x7f6cdb29caa4 <unknown>
#17 0x7f6cdb329c6c <unknown>
FAILED encommon/webkit/test/test_default.py::test_default_styles - selenium.common.exceptions.JavascriptException: Message: javascript error: $ is not defined
  (Session info: chrome=146.0.7680.164)
Stacktrace:
#0 0x5586bfc85a6a <unknown>
#1 0x5586bf694ab5 <unknown>
#2 0x5586bf69b92b <unknown>
#3 0x5586bf69e4ab <unknown>
#4 0x5586bf7308d9 <unknown>
#5 0x5586bf72f7b6 <unknown>
#6 0x5586bf6dacbf <unknown>
#7 0x5586bf6dba81 <unknown>
#8 0x5586bfc4ba64 <unknown>
#9 0x5586bfc4e951 <unknown>
#10 0x5586bfc3821e <unknown>
#11 0x5586bfc4f51e <unknown>
#12 0x5586bfc1ebe0 <unknown>
#13 0x5586bfc729b8 <unknown>
#14 0x5586bfc72b88 <unknown>
#15 0x5586bfc844de <unknown>
#16 0x7fa6ef29caa4 <unknown>
#17 0x7fa6ef329c6c <unknown>
FAILED encommon/webkit/test/test_helpers.py::test_helpers_loads - selenium.common.exceptions.JavascriptException: Message: javascript error: loads is not defined
  (Session info: chrome=146.0.7680.164)
Stacktrace:
#0 0x564076c0aa6a <unknown>
#1 0x564076619ab5 <unknown>
#2 0x56407662092b <unknown>
#3 0x5640766234ab <unknown>
#4 0x5640766b58d9 <unknown>
#5 0x5640766b47b6 <unknown>
#6 0x56407665fcbf <unknown>
#7 0x564076660a81 <unknown>
#8 0x564076bd0a64 <unknown>
#9 0x564076bd3951 <unknown>
#10 0x564076bbd21e <unknown>
#11 0x564076bd451e <unknown>
#12 0x564076ba3be0 <unknown>
#13 0x564076bf79b8 <unknown>
#14 0x564076bf7b88 <unknown>
#15 0x564076c094de <unknown>
#16 0x7f3fa7c9caa4 <unknown>
#17 0x7f3fa7d29c6c <unknown>
FAILED encommon/webkit/test/test_helpers.py::test_helpers_isempty - selenium.common.exceptions.JavascriptException: Message: javascript error: isempty is not defined
  (Session info: chrome=146.0.7680.164)
Stacktrace:
#0 0x5575b8575a6a <unknown>
#1 0x5575b7f84ab5 <unknown>
#2 0x5575b7f8b92b <unknown>
#3 0x5575b7f8e4ab <unknown>
#4 0x5575b80208d9 <unknown>
#5 0x5575b801f7b6 <unknown>
#6 0x5575b7fcacbf <unknown>
#7 0x5575b7fcba81 <unknown>
#8 0x5575b853ba64 <unknown>
#9 0x5575b853e951 <unknown>
#10 0x5575b852821e <unknown>
#11 0x5575b853f51e <unknown>
#12 0x5575b850ebe0 <unknown>
#13 0x5575b85629b8 <unknown>
#14 0x5575b8562b88 <unknown>
#15 0x5575b85744de <unknown>
#16 0x7fe0fce9caa4 <unknown>
#17 0x7fe0fcf29c6c <unknown>
FAILED encommon/webkit/test/test_helpers.py::test_helpers_isnum - selenium.common.exceptions.JavascriptException: Message: javascript error: isnum is not defined
  (Session info: chrome=146.0.7680.164)
Stacktrace:
#0 0x56161c6f2a6a <unknown>
#1 0x56161c101ab5 <unknown>
#2 0x56161c10892b <unknown>
#3 0x56161c10b4ab <unknown>
#4 0x56161c19d8d9 <unknown>
#5 0x56161c19c7b6 <unknown>
#6 0x56161c147cbf <unknown>
#7 0x56161c148a81 <unknown>
#8 0x56161c6b8a64 <unknown>
#9 0x56161c6bb951 <unknown>
#10 0x56161c6a521e <unknown>
#11 0x56161c6bc51e <unknown>
#12 0x56161c68bbe0 <unknown>
#13 0x56161c6df9b8 <unknown>
#14 0x56161c6dfb88 <unknown>
#15 0x56161c6f14de <unknown>
#16 0x7fa9fa89caa4 <unknown>
#17 0x7fa9fa929c6c <unknown>
FAILED encommon/webkit/test/test_default.py::test_default_content - selenium.common.exceptions.JavascriptException: Message: javascript error: $ is not defined
  (Session info: chrome=146.0.7680.164)
Stacktrace:
#0 0x562e41cd7a6a <unknown>
#1 0x562e416e6ab5 <unknown>
#2 0x562e416ed92b <unknown>
#3 0x562e416f04ab <unknown>
#4 0x562e417828d9 <unknown>
#5 0x562e417817b6 <unknown>
#6 0x562e4172ccbf <unknown>
#7 0x562e4172da81 <unknown>
#8 0x562e41c9da64 <unknown>
#9 0x562e41ca0951 <unknown>
#10 0x562e41c8a21e <unknown>
#11 0x562e41ca151e <unknown>
#12 0x562e41c70be0 <unknown>
#13 0x562e41cc49b8 <unknown>
#14 0x562e41cc4b88 <unknown>
#15 0x562e41cd64de <unknown>
#16 0x7ff7dac9caa4 <unknown>
#17 0x7ff7dad29c6c <unknown>
FAILED encommon/webkit/test/test_helpers.py::test_helpers_istrue - selenium.common.exceptions.JavascriptException: Message: javascript error: istrue is not defined
  (Session info: chrome=146.0.7680.164)
Stacktrace:
#0 0x55a7e8540a6a <unknown>
#1 0x55a7e7f4fab5 <unknown>
#2 0x55a7e7f5692b <unknown>
#3 0x55a7e7f594ab <unknown>
#4 0x55a7e7feb8d9 <unknown>
#5 0x55a7e7fea7b6 <unknown>
#6 0x55a7e7f95cbf <unknown>
#7 0x55a7e7f96a81 <unknown>
#8 0x55a7e8506a64 <unknown>
#9 0x55a7e8509951 <unknown>
#10 0x55a7e84f321e <unknown>
#11 0x55a7e850a51e <unknown>
#12 0x55a7e84d9be0 <unknown>
#13 0x55a7e852d9b8 <unknown>
#14 0x55a7e852db88 <unknown>
#15 0x55a7e853f4de <unknown>
#16 0x7f3d4a89caa4 <unknown>
#17 0x7f3d4a929c6c <unknown>
FAILED encommon/webkit/test/test_helpers.py::test_helpers_isfalse - selenium.common.exceptions.JavascriptException: Message: javascript error: isfalse is not defined
  (Session info: chrome=146.0.7680.164)
Stacktrace:
#0 0x56480677ca6a <unknown>
#1 0x56480618bab5 <unknown>
#2 0x56480619292b <unknown>
#3 0x5648061954ab <unknown>
#4 0x5648062278d9 <unknown>
#5 0x5648062267b6 <unknown>
#6 0x5648061d1cbf <unknown>
#7 0x5648061d2a81 <unknown>
#8 0x564806742a64 <unknown>
#9 0x564806745951 <unknown>
#10 0x56480672f21e <unknown>
#11 0x56480674651e <unknown>
#12 0x564806715be0 <unknown>
#13 0x5648067699b8 <unknown>
#14 0x564806769b88 <unknown>
#15 0x56480677b4de <unknown>
#16 0x7ff70be9caa4 <unknown>
#17 0x7ff70bf29c6c <unknown>
FAILED encommon/webkit/test/test_helpers.py::test_helpers_isdict - selenium.common.exceptions.JavascriptException: Message: javascript error: isdict is not defined
  (Session info: chrome=146.0.7680.164)
Stacktrace:
#0 0x55f06035ba6a <unknown>
#1 0x55f05fd6aab5 <unknown>
#2 0x55f05fd7192b <unknown>
#3 0x55f05fd744ab <unknown>
#4 0x55f05fe068d9 <unknown>
#5 0x55f05fe057b6 <unknown>
#6 0x55f05fdb0cbf <unknown>
#7 0x55f05fdb1a81 <unknown>
#8 0x55f060321a64 <unknown>
#9 0x55f060324951 <unknown>
#10 0x55f06030e21e <unknown>
#11 0x55f06032551e <unknown>
#12 0x55f0602f4be0 <unknown>
#13 0x55f0603489b8 <unknown>
#14 0x55f060348b88 <unknown>
#15 0x55f06035a4de <unknown>
#16 0x7f1cbf69caa4 <unknown>
#17 0x7f1cbf729c6c <unknown>
FAILED encommon/webkit/test/test_default.py::test_default_create - selenium.common.exceptions.JavascriptException: Message: javascript error: $ is not defined
  (Session info: chrome=146.0.7680.164)
Stacktrace:
#0 0x56395fd1ca6a <unknown>
#1 0x56395f72bab5 <unknown>
#2 0x56395f73292b <unknown>
#3 0x56395f7354ab <unknown>
#4 0x56395f7c78d9 <unknown>
#5 0x56395f7c67b6 <unknown>
#6 0x56395f771cbf <unknown>
#7 0x56395f772a81 <unknown>
#8 0x56395fce2a64 <unknown>
#9 0x56395fce5951 <unknown>
#10 0x56395fccf21e <unknown>
#11 0x56395fce651e <unknown>
#12 0x56395fcb5be0 <unknown>
#13 0x56395fd099b8 <unknown>
#14 0x56395fd09b88 <unknown>
#15 0x56395fd1b4de <unknown>
#16 0x7f0bdb89caa4 <unknown>
#17 0x7f0bdb929c6c <unknown>
FAILED encommon/webkit/test/test_helpers.py::test_helpers_isquery - selenium.common.exceptions.JavascriptException: Message: javascript error: $ is not defined
  (Session info: chrome=146.0.7680.164)
Stacktrace:
#0 0x5565f4724a6a <unknown>
#1 0x5565f4133ab5 <unknown>
#2 0x5565f413a92b <unknown>
#3 0x5565f413d4ab <unknown>
#4 0x5565f41cf8d9 <unknown>
#5 0x5565f41ce7b6 <unknown>
#6 0x5565f4179cbf <unknown>
#7 0x5565f417aa81 <unknown>
#8 0x5565f46eaa64 <unknown>
#9 0x5565f46ed951 <unknown>
#10 0x5565f46d721e <unknown>
#11 0x5565f46ee51e <unknown>
#12 0x5565f46bdbe0 <unknown>
#13 0x5565f47119b8 <unknown>
#14 0x5565f4711b88 <unknown>
#15 0x5565f47234de <unknown>
#16 0x7f3be309caa4 <unknown>
#17 0x7f3be3129c6c <unknown>
FAILED encommon/webkit/test/test_helpers.py::test_helpers_whenready - selenium.common.exceptions.JavascriptException: Message: javascript error: whenready is not defined
  (Session info: chrome=146.0.7680.164)
Stacktrace:
#0 0x55cc4e2c7a6a <unknown>
#1 0x55cc4dcd6ab5 <unknown>
#2 0x55cc4dcdd92b <unknown>
#3 0x55cc4dce04ab <unknown>
#4 0x55cc4dd728d9 <unknown>
#5 0x55cc4dd717b6 <unknown>
#6 0x55cc4dd1ccbf <unknown>
#7 0x55cc4dd1da81 <unknown>
#8 0x55cc4e28da64 <unknown>
#9 0x55cc4e290951 <unknown>
#10 0x55cc4e27a21e <unknown>
#11 0x55cc4e29151e <unknown>
#12 0x55cc4e260be0 <unknown>
#13 0x55cc4e2b49b8 <unknown>
#14 0x55cc4e2b4b88 <unknown>
#15 0x55cc4e2c64de <unknown>
#16 0x7fd606e9caa4 <unknown>
#17 0x7fd606f29c6c <unknown>
FAILED encommon/webkit/test/test_helpers.py::test_helpers_isnull - selenium.common.exceptions.JavascriptException: Message: javascript error: isnull is not defined
  (Session info: chrome=146.0.7680.164)
Stacktrace:
#0 0x55d50e8cba6a <unknown>
#1 0x55d50e2daab5 <unknown>
#2 0x55d50e2e192b <unknown>
#3 0x55d50e2e44ab <unknown>
#4 0x55d50e3768d9 <unknown>
#5 0x55d50e3757b6 <unknown>
#6 0x55d50e320cbf <unknown>
#7 0x55d50e321a81 <unknown>
#8 0x55d50e891a64 <unknown>
#9 0x55d50e894951 <unknown>
#10 0x55d50e87e21e <unknown>
#11 0x55d50e89551e <unknown>
#12 0x55d50e864be0 <unknown>
#13 0x55d50e8b89b8 <unknown>
#14 0x55d50e8b8b88 <unknown>
#15 0x55d50e8ca4de <unknown>
#16 0x7fc50529caa4 <unknown>
#17 0x7fc505329c6c <unknown>
FAILED encommon/webkit/test/test_helpers.py::test_helpers_isstr - selenium.common.exceptions.JavascriptException: Message: javascript error: isstr is not defined
  (Session info: chrome=146.0.7680.164)
Stacktrace:
#0 0x55b85251ea6a <unknown>
#1 0x55b851f2dab5 <unknown>
#2 0x55b851f3492b <unknown>
#3 0x55b851f374ab <unknown>
#4 0x55b851fc98d9 <unknown>
#5 0x55b851fc87b6 <unknown>
#6 0x55b851f73cbf <unknown>
#7 0x55b851f74a81 <unknown>
#8 0x55b8524e4a64 <unknown>
#9 0x55b8524e7951 <unknown>
#10 0x55b8524d121e <unknown>
#11 0x55b8524e851e <unknown>
#12 0x55b8524b7be0 <unknown>
#13 0x55b85250b9b8 <unknown>
#14 0x55b85250bb88 <unknown>
#15 0x55b85251d4de <unknown>
#16 0x7f6ebb69caa4 <unknown>
#17 0x7f6ebb729c6c <unknown>
FAILED encommon/webkit/test/test_helpers.py::test_helpers_istime - selenium.common.exceptions.JavascriptException: Message: javascript error: istime is not defined
  (Session info: chrome=146.0.7680.164)
Stacktrace:
#0 0x5611b8d25a6a <unknown>
#1 0x5611b8734ab5 <unknown>
#2 0x5611b873b92b <unknown>
#3 0x5611b873e4ab <unknown>
#4 0x5611b87d08d9 <unknown>
#5 0x5611b87cf7b6 <unknown>
#6 0x5611b877acbf <unknown>
#7 0x5611b877ba81 <unknown>
#8 0x5611b8ceba64 <unknown>
#9 0x5611b8cee951 <unknown>
#10 0x5611b8cd821e <unknown>
#11 0x5611b8cef51e <unknown>
#12 0x5611b8cbebe0 <unknown>
#13 0x5611b8d129b8 <unknown>
#14 0x5611b8d12b88 <unknown>
#15 0x5611b8d244de <unknown>
#16 0x7f6d7c09caa4 <unknown>
#17 0x7f6d7c129c6c <unknown>
FAILED encommon/webkit/test/test_helpers.py::test_helpers_isbool - selenium.common.exceptions.JavascriptException: Message: javascript error: isbool is not defined
  (Session info: chrome=146.0.7680.164)
Stacktrace:
#0 0x55e4eb424a6a <unknown>
#1 0x55e4eae33ab5 <unknown>
#2 0x55e4eae3a92b <unknown>
#3 0x55e4eae3d4ab <unknown>
#4 0x55e4eaecf8d9 <unknown>
#5 0x55e4eaece7b6 <unknown>
#6 0x55e4eae79cbf <unknown>
#7 0x55e4eae7aa81 <unknown>
#8 0x55e4eb3eaa64 <unknown>
#9 0x55e4eb3ed951 <unknown>
#10 0x55e4eb3d721e <unknown>
#11 0x55e4eb3ee51e <unknown>
#12 0x55e4eb3bdbe0 <unknown>
#13 0x55e4eb4119b8 <unknown>
#14 0x55e4eb411b88 <unknown>
#15 0x55e4eb4234de <unknown>
#16 0x7f12ab29caa4 <unknown>
#17 0x7f12ab329c6c <unknown>
FAILED encommon/webkit/test/test_helpers.py::test_helpers_islist - selenium.common.exceptions.JavascriptException: Message: javascript error: islist is not defined
  (Session info: chrome=146.0.7680.164)
Stacktrace:
#0 0x55c9ce5cca6a <unknown>
#1 0x55c9cdfdbab5 <unknown>
#2 0x55c9cdfe292b <unknown>
#3 0x55c9cdfe54ab <unknown>
#4 0x55c9ce0778d9 <unknown>
#5 0x55c9ce0767b6 <unknown>
#6 0x55c9ce021cbf <unknown>
#7 0x55c9ce022a81 <unknown>
#8 0x55c9ce592a64 <unknown>
#9 0x55c9ce595951 <unknown>
#10 0x55c9ce57f21e <unknown>
#11 0x55c9ce59651e <unknown>
#12 0x55c9ce565be0 <unknown>
#13 0x55c9ce5b99b8 <unknown>
#14 0x55c9ce5b9b88 <unknown>
#15 0x55c9ce5cb4de <unknown>
#16 0x7f9c0469caa4 <unknown>
#17 0x7f9c04729c6c <unknown>
======================= 38 failed, 269 passed in 33.28s ========================
