>>> make pytest
  ● Executing pytest in encommon..
============================= test session starts ==============================
platform linux -- Python 3.12.13, pytest-9.0.2, pluggy-1.6.0 -- /home/runner/work/encommon/encommon/main/.venv-package/bin/python3
cachedir: .pytest_cache
metadata: {'Python': '3.12.13', 'Platform': 'Linux-6.17.0-1008-azure-x86_64-with-glibc2.39', 'Packages': {'pytest': '9.0.2', 'pluggy': '1.6.0'}, 'Plugins': {'metadata': '3.1.1', 'randomly': '4.0.1', 'variables': '3.1.0', 'clarity': '1.0.1', 'cov': '7.1.0', 'xdist': '3.8.0', 'html': '4.2.0', 'base-url': '2.1.0', 'selenium': '4.1.0', 'sphinx': '0.7.1', 'mypy': '1.0.1'}, 'CI': 'true', 'JAVA_HOME': '/usr/lib/jvm/temurin-17-jdk-amd64', 'Base URL': '', 'Driver': None, 'Capabilities': {}}
Using --randomly-seed=793074569
sensitiveurl: .*
rootdir: /home/runner/work/encommon/encommon/main
configfile: pyproject.toml
plugins: metadata-3.1.1, randomly-4.0.1, variables-3.1.0, clarity-1.0.1, cov-7.1.0, xdist-3.8.0, html-4.2.0, base-url-2.1.0, selenium-4.1.0, sphinx-0.7.1, mypy-1.0.1
created: 4/4 workers
4 workers [307 items]

scheduling tests via LoadScheduling

encommon/webkit/test/test_message.py::test_message 
encommon/times/test/test_parse.py::test_shift_time[-1y@s-1h-expect5] 
encommon/utils/test/test_files.py::test_readsave_text 
encommon/types/test/test_notate.py::test_impate_cover 
[gw1] [  0%] PASSED encommon/utils/test/test_files.py::test_readsave_text 
[gw2] [  0%] PASSED encommon/times/test/test_parse.py::test_shift_time[-1y@s-1h-expect5] 
encommon/utils/test/test_files.py::test_append_text 
encommon/times/test/test_parse.py::test_string_time 
[gw3] [  0%] PASSED encommon/types/test/test_notate.py::test_impate_cover 
encommon/types/test/test_notate.py::test_impate 
[gw1] [  1%] PASSED encommon/utils/test/test_files.py::test_append_text 
encommon/times/test/test_windows.py::test_Windows 
[gw3] [  1%] PASSED encommon/types/test/test_notate.py::test_impate 
encommon/types/test/test_notate.py::test_delate_raises 
[gw3] [  1%] PASSED encommon/types/test/test_notate.py::test_delate_raises 
encommon/types/test/test_notate.py::test_setate_cover 
[gw3] [  2%] PASSED encommon/types/test/test_notate.py::test_setate_cover 
encommon/types/test/test_notate.py::test_getate_cover 
[gw3] [  2%] PASSED encommon/types/test/test_notate.py::test_getate_cover 
[gw2] [  2%] PASSED encommon/times/test/test_parse.py::test_string_time 
encommon/types/test/test_notate.py::test_delate 
encommon/times/test/test_parse.py::test_shift_time[-1mon@m-expect9] 
[gw3] [  3%] PASSED encommon/types/test/test_notate.py::test_delate 
[gw2] [  3%] PASSED encommon/times/test/test_parse.py::test_shift_time[-1mon@m-expect9] 
encommon/types/test/test_notate.py::test_setate_raises 
encommon/times/test/test_parse.py::test_shift_time[+1d@d+30d-expect22] 
[gw3] [  3%] PASSED encommon/types/test/test_notate.py::test_setate_raises 
[gw2] [  4%] PASSED encommon/times/test/test_parse.py::test_shift_time[+1d@d+30d-expect22] 
encommon/types/test/test_notate.py::test_getate 
encommon/times/test/test_parse.py::test_shift_time[+1mon-expect6] 
[gw3] [  4%] PASSED encommon/types/test/test_notate.py::test_getate 
encommon/types/test/test_notate.py::test_impate_raises 
[gw2] [  4%] PASSED encommon/times/test/test_parse.py::test_shift_time[+1mon-expect6] 
encommon/times/test/test_parse.py::test_shift_time[+1y-expect0] 
[gw3] [  5%] PASSED encommon/types/test/test_notate.py::test_impate_raises 
[gw2] [  5%] PASSED encommon/times/test/test_parse.py::test_shift_time[+1y-expect0] 
encommon/times/test/test_parse.py::test_shift_time[+1d@d-expect20] 
encommon/types/test/test_notate.py::test_expate 
[gw2] [  5%] PASSED encommon/times/test/test_parse.py::test_shift_time[+1d@d-expect20] 
encommon/times/test/test_parse.py::test_shift_time[-1d@d-30d-expect23] 
[gw2] [  6%] PASSED encommon/times/test/test_parse.py::test_shift_time[-1d@d-30d-expect23] 
[gw3] [  6%] PASSED encommon/types/test/test_notate.py::test_expate 
encommon/times/test/test_parse.py::test_shift_time[+1y@s+1h-expect4] 
encommon/types/test/test_notate.py::test_expate_cover 
[gw2] [  6%] PASSED encommon/times/test/test_parse.py::test_shift_time[+1y@s+1h-expect4] 
encommon/times/test/test_parse.py::test_shift_time[-1d@d-expect21] 
[gw2] [  7%] PASSED encommon/times/test/test_parse.py::test_shift_time[-1d@d-expect21] 
encommon/times/test/test_parse.py::test_shift_time[-1y@s-expect3] 
[gw3] [  7%] PASSED encommon/types/test/test_notate.py::test_expate_cover 
[gw2] [  7%] PASSED encommon/times/test/test_parse.py::test_shift_time[-1y@s-expect3] 
encommon/utils/test/test_match.py::test_fuzz_match 
encommon/times/test/test_parse.py::test_shift_time[+1mon@m-expect8] 
[gw2] [  8%] PASSED encommon/times/test/test_parse.py::test_shift_time[+1mon@m-expect8] 
encommon/times/test/test_parse.py::test_shift_time[-1d-expect19] 
[gw2] [  8%] PASSED encommon/times/test/test_parse.py::test_shift_time[-1d-expect19] 
encommon/webkit/test/test_image.py::test_image 
[gw3] [  8%] PASSED encommon/utils/test/test_match.py::test_fuzz_match 
encommon/utils/test/test_match.py::test_rgxp_match 
[gw3] [  9%] PASSED encommon/utils/test/test_match.py::test_rgxp_match 
encommon/webkit/test/test_content.py::test_Content_cover 
[gw3] [  9%] PASSED encommon/webkit/test/test_content.py::test_Content_cover 
encommon/webkit/test/test_content.py::test_Content 
[gw3] [  9%] PASSED encommon/webkit/test/test_content.py::test_Content 
encommon/times/test/test_duration.py::test_Duration 
[gw3] [ 10%] PASSED encommon/times/test/test_duration.py::test_Duration 
encommon/times/test/test_duration.py::test_Duration_cover 
[gw3] [ 10%] PASSED encommon/times/test/test_duration.py::test_Duration_cover 
encommon/times/test/test_duration.py::test_Duration_iterate 
[gw3] [ 10%] PASSED encommon/times/test/test_duration.py::test_Duration_iterate 
encommon/webkit/test/test_default.py::test_default_create 
[gw1] [ 11%] PASSED encommon/times/test/test_windows.py::test_Windows 
encommon/times/test/test_windows.py::test_Windows_raises 
[gw1] [ 11%] PASSED encommon/times/test/test_windows.py::test_Windows_raises 
encommon/times/test/test_windows.py::test_Windows_cover 
[gw1] [ 11%] PASSED encommon/times/test/test_windows.py::test_Windows_cover 
encommon/times/test/test_parse.py::test_shift_time[-1w@h-1w-expect17] 
[gw1] [ 12%] PASSED encommon/times/test/test_parse.py::test_shift_time[-1w@h-1w-expect17] 
encommon/times/test/test_parse.py::test_shift_time[+1y@s-expect2] 
[gw1] [ 12%] PASSED encommon/times/test/test_parse.py::test_shift_time[+1y@s-expect2] 
encommon/times/test/test_parse.py::test_shift_time[+1mon@m+1mon-expect10] 
[gw1] [ 12%] PASSED encommon/times/test/test_parse.py::test_shift_time[+1mon@m+1mon-expect10] 
encommon/times/test/test_parse.py::test_shift_time[-1w-expect13] 
[gw1] [ 13%] PASSED encommon/times/test/test_parse.py::test_shift_time[-1w-expect13] 
encommon/times/test/test_parse.py::test_shift_time[-1y-expect1] 
[gw1] [ 13%] PASSED encommon/times/test/test_parse.py::test_shift_time[-1y-expect1] 
encommon/times/test/test_parse.py::test_shift_time[+1d-expect18] 
[gw1] [ 13%] PASSED encommon/times/test/test_parse.py::test_shift_time[+1d-expect18] 
encommon/times/test/test_parse.py::test_shift_time[-1mon-expect7] 
[gw1] [ 14%] PASSED encommon/times/test/test_parse.py::test_shift_time[-1mon-expect7] 
encommon/times/test/test_parse.py::test_parse_time 
[gw1] [ 14%] PASSED encommon/times/test/test_parse.py::test_parse_time 
encommon/times/test/test_parse.py::test_since_time 
[gw1] [ 14%] PASSED encommon/times/test/test_parse.py::test_since_time 
encommon/times/test/test_parse.py::test_shift_time[-1mon@m-1mon-expect11] 
[gw1] [ 14%] PASSED encommon/times/test/test_parse.py::test_shift_time[-1mon@m-1mon-expect11] 
encommon/times/test/test_parse.py::test_shift_time[+1w-expect12] 
[gw1] [ 15%] PASSED encommon/times/test/test_parse.py::test_shift_time[+1w-expect12] 
encommon/times/test/test_parse.py::test_shift_time[-1w@h-expect15] 
[gw1] [ 15%] PASSED encommon/times/test/test_parse.py::test_shift_time[-1w@h-expect15] 
encommon/times/test/test_parse.py::test_shift_time[+1w@h+1w-expect16] 
[gw1] [ 15%] PASSED encommon/times/test/test_parse.py::test_shift_time[+1w@h+1w-expect16] 
encommon/times/test/test_parse.py::test_shift_time[+1w@h-expect14] 
[gw1] [ 16%] PASSED encommon/times/test/test_parse.py::test_shift_time[+1w@h-expect14] 
encommon/webkit/test/test_datetime.py::test_datestamp 
[gw2] [ 16%] FAILED encommon/webkit/test/test_image.py::test_image 
[gw0] [ 16%] FAILED encommon/webkit/test/test_message.py::test_message 
[gw1] [ 17%] FAILED encommon/webkit/test/test_datetime.py::test_datestamp 
[gw3] [ 17%] FAILED encommon/webkit/test/test_default.py::test_default_create 
encommon/types/test/test_empty.py::test_EmptyType 
[gw2] [ 17%] PASSED encommon/types/test/test_empty.py::test_EmptyType 
encommon/config/test/test_utils.py::test_config_path 
[gw2] [ 18%] PASSED encommon/config/test/test_utils.py::test_config_path 
encommon/config/test/test_utils.py::test_config_load 
[gw2] [ 18%] PASSED encommon/config/test/test_utils.py::test_config_load 
encommon/types/test/test_dicts.py::test_merge_dicts 
encommon/config/test/test_utils.py::test_config_paths 
encommon/times/test/test_timer.py::test_Timer 
[gw2] [ 18%] PASSED encommon/config/test/test_utils.py::test_config_paths 
[gw0] [ 19%] PASSED encommon/types/test/test_dicts.py::test_merge_dicts 
encommon/types/test/test_notate.py::test_setate 
encommon/types/test/test_dicts.py::test_sort_dict 
[gw0] [ 19%] PASSED encommon/types/test/test_dicts.py::test_sort_dict 
encommon/config/test/test_logger.py::test_Logger_cover 
[gw2] [ 19%] PASSED encommon/types/test/test_notate.py::test_setate 
encommon/webkit/test/test_helpers.py::test_helpers_whenready 
[gw0] [ 20%] PASSED encommon/config/test/test_logger.py::test_Logger_cover 
encommon/config/test/test_logger.py::test_Message 
encommon/webkit/test/test_default.py::test_default_showhide 
[gw0] [ 20%] PASSED encommon/config/test/test_logger.py::test_Message 
encommon/config/test/test_logger.py::test_Logger 
[gw0] [ 20%] PASSED encommon/config/test/test_logger.py::test_Logger 
encommon/times/test/test_unitime.py::test_unitime 
[gw0] [ 21%] PASSED encommon/times/test/test_unitime.py::test_unitime 
encommon/config/test/test_files.py::test_ConfigFiles 
[gw0] [ 21%] PASSED encommon/config/test/test_files.py::test_ConfigFiles 
encommon/config/test/test_files.py::test_ConfigFile 
[gw0] [ 21%] PASSED encommon/config/test/test_files.py::test_ConfigFile 
encommon/config/test/test_files.py::test_ConfigFiles_cover 
[gw0] [ 22%] PASSED encommon/config/test/test_files.py::test_ConfigFiles_cover 
encommon/webkit/test/test_statate.py::test_statate 
[gw3] [ 22%] FAILED encommon/webkit/test/test_default.py::test_default_showhide 
[gw2] [ 22%] FAILED encommon/webkit/test/test_helpers.py::test_helpers_whenready 
encommon/webkit/test/test_default.py::test_default_styles 
[gw0] [ 23%] FAILED encommon/webkit/test/test_statate.py::test_statate 
[gw1] [ 23%] PASSED encommon/times/test/test_timer.py::test_Timer 
encommon/utils/test/test_sample.py::test_rvrt_sample 
[gw1] [ 23%] PASSED encommon/utils/test/test_sample.py::test_rvrt_sample 
encommon/utils/test/test_sample.py::test_prep_sample 
[gw1] [ 24%] PASSED encommon/utils/test/test_sample.py::test_prep_sample 
encommon/utils/test/test_sample.py::test_read_sample 
[gw1] [ 24%] PASSED encommon/utils/test/test_sample.py::test_read_sample 
encommon/utils/test/test_sample.py::test_load_sample 
encommon/webkit/test/test_helpers.py::test_helpers_islist 
[gw1] [ 24%] PASSED encommon/utils/test/test_sample.py::test_load_sample 
encommon/crypts/test/test_hashes.py::test_Hashes 
[gw1] [ 25%] PASSED encommon/crypts/test/test_hashes.py::test_Hashes 
encommon/webkit/test/test_moderate.py::test_moderate 
encommon/types/test/test_strings.py::test_strplwr 
[gw0] [ 25%] PASSED encommon/types/test/test_strings.py::test_strplwr 
encommon/types/test/test_strings.py::test_instr 
[gw0] [ 25%] PASSED encommon/types/test/test_strings.py::test_instr 
encommon/types/test/test_strings.py::test_hasstr 
[gw0] [ 26%] PASSED encommon/types/test/test_strings.py::test_hasstr 
encommon/types/test/test_strings.py::test_rplstr 
[gw0] [ 26%] PASSED encommon/types/test/test_strings.py::test_rplstr 
encommon/types/test/test_strings.py::test_inrepr 
[gw0] [ 26%] PASSED encommon/types/test/test_strings.py::test_inrepr 
encommon/types/test/test_lists.py::test_inlist 
[gw0] [ 27%] PASSED encommon/types/test/test_lists.py::test_inlist 
encommon/types/test/test_lists.py::test_fuzzy_list 
[gw0] [ 27%] PASSED encommon/types/test/test_lists.py::test_fuzzy_list 
encommon/types/test/test_lists.py::test_dedup_list 
[gw0] [ 27%] PASSED encommon/types/test/test_lists.py::test_dedup_list 
encommon/times/test/test_window.py::test_Window 
[gw0] [ 28%] PASSED encommon/times/test/test_window.py::test_Window 
encommon/times/test/test_window.py::test_Window_cover 
[gw3] [ 28%] FAILED encommon/webkit/test/test_default.py::test_default_styles 
[gw2] [ 28%] FAILED encommon/webkit/test/test_helpers.py::test_helpers_islist 
[gw1] [ 28%] FAILED encommon/webkit/test/test_moderate.py::test_moderate 
encommon/webkit/test/test_default.py::test_default_attr 
encommon/webkit/test/test_helpers.py::test_helpers_dumps 
encommon/types/test/test_classes.py::test_clsname 
[gw1] [ 29%] PASSED encommon/types/test/test_classes.py::test_clsname 
encommon/types/test/test_classes.py::test_BaseModel 
[gw1] [ 29%] PASSED encommon/types/test/test_classes.py::test_BaseModel 
encommon/types/test/test_classes.py::test_lattrs 
[gw1] [ 29%] PASSED encommon/types/test/test_classes.py::test_lattrs 
encommon/times/test/test_window.py::test_window_croniter[0 * * * *-3559-False-expect8] 
[gw1] [ 30%] PASSED encommon/times/test/test_window.py::test_window_croniter[0 * * * *-3559-False-expect8] 
encommon/times/test/test_window.py::test_window_interval[window1-1-False-expect1] 
[gw1] [ 30%] PASSED encommon/times/test/test_window.py::test_window_interval[window1-1-False-expect1] 
encommon/times/test/test_window.py::test_window_interval[window2-0-True-expect2] 
[gw1] [ 30%] PASSED encommon/times/test/test_window.py::test_window_interval[window2-0-True-expect2] 
encommon/times/test/test_window.py::test_window_croniter[* * * * *-0-True-expect2] 
[gw1] [ 31%] PASSED encommon/times/test/test_window.py::test_window_croniter[* * * * *-0-True-expect2] 
encommon/times/test/test_window.py::test_window_croniter[* * * * *-3661-False-expect7] 
[gw1] [ 31%] PASSED encommon/times/test/test_window.py::test_window_croniter[* * * * *-3661-False-expect7] 
encommon/times/test/test_window.py::test_window_croniter[* * * * *-3659-False-expect5] 
[gw1] [ 31%] PASSED encommon/times/test/test_window.py::test_window_croniter[* * * * *-3659-False-expect5] 
encommon/times/test/test_window.py::test_window_croniter[0 * * * *-3661-False-expect10] 
[gw1] [ 32%] PASSED encommon/times/test/test_window.py::test_window_croniter[0 * * * *-3661-False-expect10] 
encommon/times/test/test_window.py::test_window_interval[window8-3559-False-expect8] 
[gw1] [ 32%] PASSED encommon/times/test/test_window.py::test_window_interval[window8-3559-False-expect8] 
encommon/times/test/test_window.py::test_window_interval[window7-3661-False-expect7] 
[gw1] [ 32%] PASSED encommon/times/test/test_window.py::test_window_interval[window7-3661-False-expect7] 
encommon/times/test/test_window.py::test_window_interval[window6-3660-False-expect6] 
[gw1] [ 33%] PASSED encommon/times/test/test_window.py::test_window_interval[window6-3660-False-expect6] 
encommon/times/test/test_window.py::test_window_croniter[* * * * *-1-False-expect1] 
[gw1] [ 33%] PASSED encommon/times/test/test_window.py::test_window_croniter[* * * * *-1-False-expect1] 
encommon/config/test/test_paths.py::test_ConfigPaths 
[gw1] [ 33%] PASSED encommon/config/test/test_paths.py::test_ConfigPaths 
encommon/config/test/test_paths.py::test_ConfigPaths_cover 
[gw1] [ 34%] PASSED encommon/config/test/test_paths.py::test_ConfigPaths_cover 
encommon/config/test/test_paths.py::test_ConfigPath 
[gw1] [ 34%] PASSED encommon/config/test/test_paths.py::test_ConfigPath 
encommon/times/test/test_params.py::test_WindowParams 
[gw1] [ 34%] PASSED encommon/times/test/test_params.py::test_WindowParams 
encommon/times/test/test_params.py::test_TimerParams 
[gw1] [ 35%] PASSED encommon/times/test/test_params.py::test_TimerParams 
encommon/utils/test/test_stdout.py::test_make_ansi 
[gw1] [ 35%] PASSED encommon/utils/test/test_stdout.py::test_make_ansi 
encommon/utils/test/test_stdout.py::test_kvpair_ansi 
[gw1] [ 35%] PASSED encommon/utils/test/test_stdout.py::test_kvpair_ansi 
encommon/utils/test/test_stdout.py::test_array_ansi_cover 
[gw1] [ 36%] PASSED encommon/utils/test/test_stdout.py::test_array_ansi_cover 
encommon/utils/test/test_stdout.py::test_print_ansi 
[gw1] [ 36%] PASSED encommon/utils/test/test_stdout.py::test_print_ansi 
encommon/utils/test/test_stdout.py::test_strip_ansi 
[gw1] [ 36%] PASSED encommon/utils/test/test_stdout.py::test_strip_ansi 
encommon/utils/test/test_stdout.py::test_array_ansi 
[gw1] [ 37%] PASSED encommon/utils/test/test_stdout.py::test_array_ansi 
encommon/times/test/test_utils.py::test_utcdatetime 
[gw1] [ 37%] PASSED encommon/times/test/test_utils.py::test_utcdatetime 
encommon/times/test/test_utils.py::test_findtz_raises 
[gw3] [ 37%] FAILED encommon/webkit/test/test_default.py::test_default_attr 
[gw2] [ 38%] FAILED encommon/webkit/test/test_helpers.py::test_helpers_dumps 
encommon/webkit/test/test_default.py::test_default_content 
encommon/webkit/test/test_helpers.py::test_helpers_isbool 
[gw3] [ 38%] FAILED encommon/webkit/test/test_default.py::test_default_content 
[gw1] [ 38%] PASSED encommon/times/test/test_utils.py::test_findtz_raises 
encommon/times/test/test_utils.py::test_findtz 
[gw2] [ 39%] FAILED encommon/webkit/test/test_helpers.py::test_helpers_isbool 
[gw1] [ 39%] PASSED encommon/times/test/test_utils.py::test_findtz 
encommon/times/test/test_utils.py::test_strptime_raises 
[gw1] [ 39%] PASSED encommon/times/test/test_utils.py::test_strptime_raises 
encommon/times/test/test_utils.py::test_strptime 
[gw1] [ 40%] PASSED encommon/times/test/test_utils.py::test_strptime 
encommon/utils/test/test_paths.py::test_resolve_path 
[gw1] [ 40%] PASSED encommon/utils/test/test_paths.py::test_resolve_path 
encommon/utils/test/test_paths.py::test_resolve_paths 
[gw1] [ 40%] PASSED encommon/utils/test/test_paths.py::test_resolve_paths 
encommon/utils/test/test_paths.py::test_stats_path 
[gw1] [ 41%] PASSED encommon/utils/test/test_paths.py::test_stats_path 
encommon/webkit/test/test_datagrid.py::test_datagrid 
encommon/webkit/test/test_default.py::test_default_replace 
encommon/webkit/test/test_helpers.py::test_helpers_loads 
[gw1] [ 41%] FAILED encommon/webkit/test/test_datagrid.py::test_datagrid 
[gw3] [ 41%] FAILED encommon/webkit/test/test_default.py::test_default_replace 
encommon/colors/test/test_color.py::test_Color_hsl[00ffff-expect8] 
[gw1] [ 42%] PASSED encommon/colors/test/test_color.py::test_Color_hsl[00ffff-expect8] 
encommon/colors/test/test_color.py::test_Color_rgb[00ffff-expect8] 
[gw1] [ 42%] PASSED encommon/colors/test/test_color.py::test_Color_rgb[00ffff-expect8] 
encommon/colors/test/test_color.py::test_Color_xyz[ffffff-expect1] 
[gw1] [ 42%] PASSED encommon/colors/test/test_color.py::test_Color_xyz[ffffff-expect1] 
encommon/colors/test/test_color.py::test_Color_hsl[ff00ff-expect9] 
[gw1] [ 42%] PASSED encommon/colors/test/test_color.py::test_Color_hsl[ff00ff-expect9] 
encommon/colors/test/test_color.py::test_Color_xyz[000000-expect2] 
[gw2] [ 43%] FAILED encommon/webkit/test/test_helpers.py::test_helpers_loads 
[gw1] [ 43%] PASSED encommon/colors/test/test_color.py::test_Color_xyz[000000-expect2] 
encommon/colors/test/test_color.py::test_Color_rgb[ff00ff-expect9] 
[gw1] [ 43%] PASSED encommon/colors/test/test_color.py::test_Color_rgb[ff00ff-expect9] 
encommon/colors/test/test_color.py::test_Color_xy[ff00cc-expect0] 
[gw1] [ 44%] PASSED encommon/colors/test/test_color.py::test_Color_xy[ff00cc-expect0] 
encommon/colors/test/test_color.py::test_Color 
[gw1] [ 44%] PASSED encommon/colors/test/test_color.py::test_Color 
encommon/colors/test/test_color.py::test_Color_xyz[00ff00-expect4] 
[gw1] [ 44%] PASSED encommon/colors/test/test_color.py::test_Color_xyz[00ff00-expect4] 
encommon/webkit/test/test_default.py::test_default_append 
encommon/colors/test/test_color.py::test_Color_xy[00ffff-expect8] 
[gw1] [ 45%] PASSED encommon/colors/test/test_color.py::test_Color_xy[00ffff-expect8] 
encommon/colors/test/test_color.py::test_Color_hsl[ff00cc-expect0] 
[gw1] [ 45%] PASSED encommon/colors/test/test_color.py::test_Color_hsl[ff00cc-expect0] 
encommon/colors/test/test_color.py::test_Color_rgb[800080-expect10] 
[gw1] [ 45%] PASSED encommon/colors/test/test_color.py::test_Color_rgb[800080-expect10] 
encommon/colors/test/test_color.py::test_Color_xyz[808080-expect6] 
[gw1] [ 46%] PASSED encommon/colors/test/test_color.py::test_Color_xyz[808080-expect6] 
encommon/colors/test/test_color.py::test_Color_xy[ff00ff-expect9] 
[gw1] [ 46%] PASSED encommon/colors/test/test_color.py::test_Color_xy[ff00ff-expect9] 
encommon/colors/test/test_color.py::test_Color_rgb[ff00cc-expect0] 
[gw1] [ 46%] PASSED encommon/colors/test/test_color.py::test_Color_rgb[ff00cc-expect0] 
encommon/colors/test/test_color.py::test_Color_xyz[ffff00-expect7] 
[gw1] [ 47%] PASSED encommon/colors/test/test_color.py::test_Color_xyz[ffff00-expect7] 
encommon/colors/test/test_color.py::test_Color_hsl[80007F-expect10] 
[gw1] [ 47%] PASSED encommon/colors/test/test_color.py::test_Color_hsl[80007F-expect10] 
encommon/colors/test/test_color.py::test_Color_cover 
[gw1] [ 47%] PASSED encommon/colors/test/test_color.py::test_Color_cover 
encommon/colors/test/test_color.py::test_Color_xyz[0000ff-expect5] 
[gw1] [ 48%] PASSED encommon/colors/test/test_color.py::test_Color_xyz[0000ff-expect5] 
encommon/colors/test/test_color.py::test_Color_xyz[ff0000-expect3] 
[gw1] [ 48%] PASSED encommon/colors/test/test_color.py::test_Color_xyz[ff0000-expect3] 
encommon/colors/test/test_color.py::test_Color_rgb[00ff00-expect4] 
[gw1] [ 48%] PASSED encommon/colors/test/test_color.py::test_Color_rgb[00ff00-expect4] 
encommon/colors/test/test_color.py::test_Color_xy[0000ff-expect5] 
[gw1] [ 49%] PASSED encommon/colors/test/test_color.py::test_Color_xy[0000ff-expect5] 
encommon/colors/test/test_color.py::test_Color_xy[ff0000-expect3] 
[gw1] [ 49%] PASSED encommon/colors/test/test_color.py::test_Color_xy[ff0000-expect3] 
encommon/colors/test/test_color.py::test_Color_hsl[00ff00-expect4] 
[gw1] [ 49%] PASSED encommon/colors/test/test_color.py::test_Color_hsl[00ff00-expect4] 
encommon/colors/test/test_color.py::test_Color_xy[ffff00-expect7] 
[gw1] [ 50%] PASSED encommon/colors/test/test_color.py::test_Color_xy[ffff00-expect7] 
encommon/colors/test/test_color.py::test_Color_xy[800080-expect10] 
[gw1] [ 50%] PASSED encommon/colors/test/test_color.py::test_Color_xy[800080-expect10] 
encommon/colors/test/test_color.py::test_Color_hsl[ffffff-expect1] 
[gw1] [ 50%] PASSED encommon/colors/test/test_color.py::test_Color_hsl[ffffff-expect1] 
encommon/colors/test/test_color.py::test_Color_xy[808080-expect6] 
encommon/webkit/test/test_helpers.py::test_helpers_istime 
[gw1] [ 51%] PASSED encommon/colors/test/test_color.py::test_Color_xy[808080-expect6] 
encommon/colors/test/test_color.py::test_Color_xyz[ff00ff-expect9] 
[gw1] [ 51%] PASSED encommon/colors/test/test_color.py::test_Color_xyz[ff00ff-expect9] 
encommon/colors/test/test_color.py::test_Color_hsl[000000-expect2] 
[gw1] [ 51%] PASSED encommon/colors/test/test_color.py::test_Color_hsl[000000-expect2] 
encommon/colors/test/test_color.py::test_Color_rgb[ffffff-expect1] 
[gw1] [ 52%] PASSED encommon/colors/test/test_color.py::test_Color_rgb[ffffff-expect1] 
encommon/colors/test/test_color.py::test_Color_rgb[000000-expect2] 
[gw1] [ 52%] PASSED encommon/colors/test/test_color.py::test_Color_rgb[000000-expect2] 
encommon/colors/test/test_color.py::test_Color_xyz[00ffff-expect8] 
[gw1] [ 52%] PASSED encommon/colors/test/test_color.py::test_Color_xyz[00ffff-expect8] 
encommon/colors/test/test_color.py::test_Color_xyz[800080-expect10] 
[gw1] [ 53%] PASSED encommon/colors/test/test_color.py::test_Color_xyz[800080-expect10] 
encommon/colors/test/test_color.py::test_Color_xy[00ff00-expect4] 
[gw1] [ 53%] PASSED encommon/colors/test/test_color.py::test_Color_xy[00ff00-expect4] 
encommon/colors/test/test_color.py::test_Color_rgb[ff0000-expect3] 
[gw1] [ 53%] PASSED encommon/colors/test/test_color.py::test_Color_rgb[ff0000-expect3] 
encommon/colors/test/test_color.py::test_Color_rgb[0000ff-expect5] 
[gw1] [ 54%] PASSED encommon/colors/test/test_color.py::test_Color_rgb[0000ff-expect5] 
encommon/colors/test/test_color.py::test_Color_hsl[ff0000-expect3] 
[gw1] [ 54%] PASSED encommon/colors/test/test_color.py::test_Color_hsl[ff0000-expect3] 
encommon/colors/test/test_color.py::test_Color_hsl[0000ff-expect5] 
[gw1] [ 54%] PASSED encommon/colors/test/test_color.py::test_Color_hsl[0000ff-expect5] 
encommon/colors/test/test_color.py::test_Color_hsl[ffff00-expect7] 
[gw1] [ 55%] PASSED encommon/colors/test/test_color.py::test_Color_hsl[ffff00-expect7] 
encommon/colors/test/test_color.py::test_Color_rgb[ffff00-expect7] 
[gw1] [ 55%] PASSED encommon/colors/test/test_color.py::test_Color_rgb[ffff00-expect7] 
encommon/colors/test/test_color.py::test_Color_xyz[ff00cc-expect0] 
[gw1] [ 55%] PASSED encommon/colors/test/test_color.py::test_Color_xyz[ff00cc-expect0] 
encommon/colors/test/test_color.py::test_Color_rgb[808080-expect6] 
[gw1] [ 56%] PASSED encommon/colors/test/test_color.py::test_Color_rgb[808080-expect6] 
encommon/colors/test/test_color.py::test_Color_xy[000000-expect2] 
[gw1] [ 56%] PASSED encommon/colors/test/test_color.py::test_Color_xy[000000-expect2] 
encommon/colors/test/test_color.py::test_Color_hsl[808080-expect6] 
[gw1] [ 56%] PASSED encommon/colors/test/test_color.py::test_Color_hsl[808080-expect6] 
encommon/colors/test/test_color.py::test_Color_xy[ffffff-expect1] 
[gw1] [ 57%] PASSED encommon/colors/test/test_color.py::test_Color_xy[ffffff-expect1] 
encommon/colors/color.py::encommon.colors.color.Color 
[gw1] [ 57%] PASSED encommon/colors/color.py::encommon.colors.color.Color 
encommon/config/logger.py::encommon.config.logger.Logger 
[gw1] [ 57%] PASSED encommon/config/logger.py::encommon.config.logger.Logger 
encommon/config/config.py::encommon.config.config.Config 
[gw1] [ 57%] PASSED encommon/config/config.py::encommon.config.config.Config 
encommon/config/logger.py::encommon.config.logger.Message 
[gw1] [ 58%] PASSED encommon/config/logger.py::encommon.config.logger.Message 
encommon/crypts/hashes.py::encommon.crypts.hashes.Hashes 
[gw1] [ 58%] PASSED encommon/crypts/hashes.py::encommon.crypts.hashes.Hashes 
encommon/crypts/crypts.py::encommon.crypts.crypts.Crypts 
[gw1] [ 58%] PASSED encommon/crypts/crypts.py::encommon.crypts.crypts.Crypts 
encommon/parse/jinja2.py::encommon.parse.jinja2.Jinja2 
[gw0] [ 59%] PASSED encommon/times/test/test_window.py::test_Window_cover 
encommon/times/test/test_window.py::test_window_croniter[* * * * *-3660-False-expect6] 
[gw0] [ 59%] PASSED encommon/times/test/test_window.py::test_window_croniter[* * * * *-3660-False-expect6] 
encommon/times/test/test_window.py::test_window_interval[window3-1-True-expect3] 
[gw0] [ 59%] PASSED encommon/times/test/test_window.py::test_window_interval[window3-1-True-expect3] 
encommon/times/test/test_window.py::test_window_interval[window5-3659-False-expect5] 
[gw0] [ 60%] PASSED encommon/times/test/test_window.py::test_window_interval[window5-3659-False-expect5] 
encommon/times/test/test_window.py::test_window_croniter[* * * * *-1-True-expect3] 
[gw0] [ 60%] PASSED encommon/times/test/test_window.py::test_window_croniter[* * * * *-1-True-expect3] 
encommon/times/test/test_window.py::test_window_interval[window9-3660-False-expect9] 
[gw0] [ 60%] PASSED encommon/times/test/test_window.py::test_window_interval[window9-3660-False-expect9] 
encommon/times/test/test_window.py::test_window_interval[window4-3559-False-expect4] 
[gw1] [ 61%] PASSED encommon/parse/jinja2.py::encommon.parse.jinja2.Jinja2 
encommon/times/parse.py::encommon.times.parse.string_time 
[gw0] [ 61%] PASSED encommon/times/test/test_window.py::test_window_interval[window4-3559-False-expect4] 
encommon/times/test/test_window.py::test_window_interval[window10-3661-False-expect10] 
[gw1] [ 61%] PASSED encommon/times/parse.py::encommon.times.parse.string_time 
encommon/times/duration.py::encommon.times.duration.Duration 
[gw1] [ 62%] PASSED encommon/times/duration.py::encommon.times.duration.Duration 
encommon/times/parse.py::encommon.times.parse.parse_time 
[gw0] [ 62%] PASSED encommon/times/test/test_window.py::test_window_interval[window10-3661-False-expect10] 
[gw1] [ 62%] PASSED encommon/times/parse.py::encommon.times.parse.parse_time 
encommon/times/parse.py::encommon.times.parse.since_time 
encommon/times/test/test_window.py::test_window_croniter[* * * * *-3559-False-expect4] 
[gw1] [ 63%] PASSED encommon/times/parse.py::encommon.times.parse.since_time 
[gw0] [ 63%] PASSED encommon/times/test/test_window.py::test_window_croniter[* * * * *-3559-False-expect4] 
encommon/times/parse.py::encommon.times.parse.shift_time 
encommon/times/test/test_window.py::test_window_croniter[* * * * *-0-False-expect0] 
[gw1] [ 63%] PASSED encommon/times/parse.py::encommon.times.parse.shift_time 
[gw0] [ 64%] PASSED encommon/times/test/test_window.py::test_window_croniter[* * * * *-0-False-expect0] 
encommon/times/test/test_window.py::test_window_interval[window0-0-False-expect0] 
encommon/types/notate.py::encommon.types.notate.getate 
[gw0] [ 64%] PASSED encommon/times/test/test_window.py::test_window_interval[window0-0-False-expect0] 
[gw1] [ 64%] PASSED encommon/types/notate.py::encommon.types.notate.getate 
encommon/times/test/test_window.py::test_window_croniter[0 * * * *-3660-False-expect9] 
[gw0] [ 65%] PASSED encommon/times/test/test_window.py::test_window_croniter[0 * * * *-3660-False-expect9] 
encommon/types/strings.py::encommon.types.strings.instr 
encommon/times/window.py::encommon.times.window.Window 
[gw0] [ 65%] PASSED encommon/types/strings.py::encommon.types.strings.instr 
encommon/types/lists.py::encommon.types.lists.dedup_list 
[gw0] [ 65%] PASSED encommon/types/lists.py::encommon.types.lists.dedup_list 
encommon/types/empty.py::encommon.types.empty.EmptyType 
[gw0] [ 66%] PASSED encommon/types/empty.py::encommon.types.empty.EmptyType 
encommon/times/timers.py::encommon.times.timers.Timers 
[gw1] [ 66%] PASSED encommon/times/window.py::encommon.times.window.Window 
encommon/types/notate.py::encommon.types.notate.delate 
[gw1] [ 66%] PASSED encommon/types/notate.py::encommon.types.notate.delate 
encommon/types/strings.py::encommon.types.strings.strplwr 
[gw1] [ 67%] PASSED encommon/types/strings.py::encommon.types.strings.strplwr 
encommon/times/utils.py::encommon.times.utils.strftime 
[gw1] [ 67%] PASSED encommon/times/utils.py::encommon.times.utils.strftime 
encommon/types/notate.py::encommon.types.notate.impate 
[gw1] [ 67%] PASSED encommon/types/notate.py::encommon.types.notate.impate 
encommon/times/windows.py::encommon.times.windows.Windows 
[gw1] [ 68%] PASSED encommon/times/windows.py::encommon.times.windows.Windows 
encommon/times/utils.py::encommon.times.utils.findtz 
[gw1] [ 68%] PASSED encommon/times/utils.py::encommon.times.utils.findtz 
encommon/types/notate.py::encommon.types.notate.setate 
[gw1] [ 68%] PASSED encommon/types/notate.py::encommon.types.notate.setate 
encommon/times/unitime.py::encommon.times.unitime.unitime 
[gw1] [ 69%] PASSED encommon/times/unitime.py::encommon.times.unitime.unitime 
encommon/types/strings.py::encommon.types.strings.rplstr 
[gw1] [ 69%] PASSED encommon/types/strings.py::encommon.types.strings.rplstr 
encommon/types/strings.py::encommon.types.strings.inrepr 
[gw1] [ 69%] PASSED encommon/types/strings.py::encommon.types.strings.inrepr 
encommon/times/utils.py::encommon.times.utils.strptime 
[gw1] [ 70%] PASSED encommon/times/utils.py::encommon.times.utils.strptime 
encommon/times/utils.py::encommon.times.utils.utcdatetime 
[gw1] [ 70%] PASSED encommon/times/utils.py::encommon.times.utils.utcdatetime 
encommon/utils/files.py::encommon.utils.files.append_text 
[gw1] [ 70%] PASSED encommon/utils/files.py::encommon.utils.files.append_text 
encommon/utils/files.py::encommon.utils.files.save_text 
[gw1] [ 71%] PASSED encommon/utils/files.py::encommon.utils.files.save_text 
encommon/utils/stdout.py::encommon.utils.stdout.print_ansi 
[gw1] [ 71%] PASSED encommon/utils/stdout.py::encommon.utils.stdout.print_ansi 
encommon/utils/stdout.py::encommon.utils.stdout.make_ansi 
[gw1] [ 71%] PASSED encommon/utils/stdout.py::encommon.utils.stdout.make_ansi 
encommon/utils/sample.py::encommon.utils.sample.prep_sample 
[gw1] [ 71%] PASSED encommon/utils/sample.py::encommon.utils.sample.prep_sample 
encommon/utils/sample.py::encommon.utils.sample.load_sample 
[gw1] [ 72%] PASSED encommon/utils/sample.py::encommon.utils.sample.load_sample 
encommon/utils/stdout.py::encommon.utils.stdout.array_ansi 
[gw1] [ 72%] PASSED encommon/utils/stdout.py::encommon.utils.stdout.array_ansi 
encommon/utils/paths.py::encommon.utils.paths.resolve_paths 
[gw1] [ 72%] PASSED encommon/utils/paths.py::encommon.utils.paths.resolve_paths 
encommon/utils/paths.py::encommon.utils.paths.resolve_path 
[gw1] [ 73%] PASSED encommon/utils/paths.py::encommon.utils.paths.resolve_path 
encommon/utils/match.py::encommon.utils.match.rgxp_match 
[gw1] [ 73%] PASSED encommon/utils/match.py::encommon.utils.match.rgxp_match 
encommon/utils/stdout.py::encommon.utils.stdout.strip_ansi 
[gw1] [ 73%] PASSED encommon/utils/stdout.py::encommon.utils.stdout.strip_ansi 
encommon/utils/files.py::encommon.utils.files.read_text 
[gw1] [ 74%] PASSED encommon/utils/files.py::encommon.utils.files.read_text 
encommon/utils/stdout.py::encommon.utils.stdout.kvpair_ansi 
[gw1] [ 74%] PASSED encommon/utils/stdout.py::encommon.utils.stdout.kvpair_ansi 
encommon/utils/paths.py::encommon.utils.paths.stats_path 
[gw1] [ 74%] PASSED encommon/utils/paths.py::encommon.utils.paths.stats_path 
encommon/utils/match.py::encommon.utils.match.fuzz_match 
[gw1] [ 75%] PASSED encommon/utils/match.py::encommon.utils.match.fuzz_match 
encommon/webkit/test/test_color.py::test_colordiv 
[gw3] [ 75%] FAILED encommon/webkit/test/test_default.py::test_default_append 
[gw2] [ 75%] FAILED encommon/webkit/test/test_helpers.py::test_helpers_istime 
encommon/webkit/test/test_default.py::test_default_prop 
encommon/webkit/test/test_helpers.py::test_helpers_isnode 
[gw0] [ 76%] PASSED encommon/times/timers.py::encommon.times.timers.Timers 
encommon/types/dicts.py::encommon.types.dicts.merge_dicts 
[gw0] [ 76%] PASSED encommon/types/dicts.py::encommon.types.dicts.merge_dicts 
encommon/types/lists.py::encommon.types.lists.fuzzy_list 
[gw0] [ 76%] PASSED encommon/types/lists.py::encommon.types.lists.fuzzy_list 
encommon/times/timer.py::encommon.times.timer.Timer 
[gw1] [ 77%] FAILED encommon/webkit/test/test_color.py::test_colordiv 
encommon/times/test/test_time.py::test_Time 
[gw1] [ 77%] PASSED encommon/times/test/test_time.py::test_Time 
encommon/times/test/test_time.py::test_Time_tzname 
[gw1] [ 77%] PASSED encommon/times/test/test_time.py::test_Time_tzname 
encommon/crypts/test/test_crypts.py::test_Crypts_raises 
[gw1] [ 78%] PASSED encommon/crypts/test/test_crypts.py::test_Crypts_raises 
encommon/crypts/test/test_crypts.py::test_Crypts 
[gw1] [ 78%] PASSED encommon/crypts/test/test_crypts.py::test_Crypts 
encommon/crypts/test/test_crypts.py::test_Crypts_iterate[foo-default] 
[gw3] [ 78%] FAILED encommon/webkit/test/test_default.py::test_default_prop 
[gw1] [ 79%] PASSED encommon/crypts/test/test_crypts.py::test_Crypts_iterate[foo-default] 
encommon/crypts/test/test_crypts.py::test_Crypts_iterate[foo-secrets] 
[gw1] [ 79%] PASSED encommon/crypts/test/test_crypts.py::test_Crypts_iterate[foo-secrets] 
encommon/crypts/test/test_crypts.py::test_Crypts_cover 
[gw1] [ 79%] PASSED encommon/crypts/test/test_crypts.py::test_Crypts_cover 
encommon/parse/test/test_network.py::test_insubnet_ip 
[gw1] [ 80%] PASSED encommon/parse/test/test_network.py::test_insubnet_ip 
encommon/parse/test/test_network.py::test_Network_ipv6 
[gw1] [ 80%] PASSED encommon/parse/test/test_network.py::test_Network_ipv6 
encommon/parse/test/test_network.py::test_isvalid_ip 
[gw1] [ 80%] PASSED encommon/parse/test/test_network.py::test_isvalid_ip 
encommon/parse/test/test_network.py::test_Network 
[gw1] [ 81%] PASSED encommon/parse/test/test_network.py::test_Network 
encommon/parse/test/test_network.py::test_Network_ipv4 
[gw1] [ 81%] PASSED encommon/parse/test/test_network.py::test_Network_ipv4 
encommon/times/test/test_timers.py::test_Timers_raises 
[gw1] [ 81%] PASSED encommon/times/test/test_timers.py::test_Timers_raises 
encommon/times/test/test_timers.py::test_Timers 
encommon/webkit/test/test_default.py::test_default_addClass 
[gw1] [ 82%] PASSED encommon/times/test/test_timers.py::test_Timers 
encommon/times/test/test_timers.py::test_Timers_cover 
[gw2] [ 82%] FAILED encommon/webkit/test/test_helpers.py::test_helpers_isnode 
encommon/webkit/test/test_helpers.py::test_helpers_isstr 
[gw3] [ 82%] FAILED encommon/webkit/test/test_default.py::test_default_addClass 
[gw0] [ 83%] PASSED encommon/times/timer.py::encommon.times.timer.Timer 
encommon/times/time.py::encommon.times.time.Time 
encommon/webkit/test/test_default.py::test_default_remClass 
[gw0] [ 83%] PASSED encommon/times/time.py::encommon.times.time.Time 
encommon/types/strings.py::encommon.types.strings.hasstr 
[gw0] [ 83%] PASSED encommon/types/strings.py::encommon.types.strings.hasstr 
encommon/types/notate.py::encommon.types.notate.expate 
[gw0] [ 84%] PASSED encommon/types/notate.py::encommon.types.notate.expate 
encommon/types/dicts.py::encommon.types.dicts.sort_dict 
[gw0] [ 84%] PASSED encommon/types/dicts.py::encommon.types.dicts.sort_dict 
encommon/types/lists.py::encommon.types.lists.inlist 
[gw0] [ 84%] PASSED encommon/types/lists.py::encommon.types.lists.inlist 
encommon/webkit/test/test_numeric.py::test_numeric_bytes 
[gw2] [ 85%] FAILED encommon/webkit/test/test_helpers.py::test_helpers_isstr 
encommon/webkit/test/test_helpers.py::test_helpers_isquery 
[gw1] [ 85%] PASSED encommon/times/test/test_timers.py::test_Timers_cover 
encommon/webkit/test/test_numeric.py::test_numeric 
[gw3] [ 85%] FAILED encommon/webkit/test/test_default.py::test_default_remClass 
[gw0] [ 85%] FAILED encommon/webkit/test/test_numeric.py::test_numeric_bytes 
encommon/config/test/test_config.py::test_Config_jinja2 
[gw3] [ 86%] PASSED encommon/config/test/test_config.py::test_Config_jinja2 
encommon/webkit/test/test_numeric.py::test_numeric_count 
encommon/config/test/test_config.py::test_Config_cover 
[gw3] [ 86%] PASSED encommon/config/test/test_config.py::test_Config_cover 
encommon/config/test/test_config.py::test_Config 
[gw2] [ 86%] FAILED encommon/webkit/test/test_helpers.py::test_helpers_isquery 
[gw3] [ 87%] PASSED encommon/config/test/test_config.py::test_Config 
encommon/types/test/test_funcs.py::test_funcname 
[gw3] [ 87%] PASSED encommon/types/test/test_funcs.py::test_funcname 
encommon/webkit/test/test_helpers.py::test_helpers_isnum 
encommon/webkit/test/test_helpers.py::test_helpers_isfalse 
[gw1] [ 87%] FAILED encommon/webkit/test/test_numeric.py::test_numeric 
encommon/webkit/test/test_tagues.py::test_tagues 
[gw0] [ 88%] FAILED encommon/webkit/test/test_numeric.py::test_numeric_count 
[gw2] [ 88%] FAILED encommon/webkit/test/test_helpers.py::test_helpers_isfalse 
[gw3] [ 88%] FAILED encommon/webkit/test/test_helpers.py::test_helpers_isnum 
encommon/parse/test/test_jinja2.py::test_Jinja2_parse[10.001-10.001_1] 
[gw0] [ 89%] PASSED encommon/parse/test/test_jinja2.py::test_Jinja2_parse[10.001-10.001_1] 
encommon/webkit/test/test_helpers.py::test_helpers_assert 
encommon/parse/test/test_jinja2.py::test_Jinja2_recurse 
[gw0] [ 89%] PASSED encommon/parse/test/test_jinja2.py::test_Jinja2_recurse 
encommon/parse/test/test_jinja2.py::test_Jinja2_literal[{{ -1.2 }}--1.2] 
[gw0] [ 89%] PASSED encommon/parse/test/test_jinja2.py::test_Jinja2_literal[{{ -1.2 }}--1.2] 
encommon/parse/test/test_jinja2.py::test_Jinja2_parse[10.001-10.001_0] 
[gw0] [ 90%] PASSED encommon/parse/test/test_jinja2.py::test_Jinja2_parse[10.001-10.001_0] 
encommon/parse/test/test_jinja2.py::test_Jinja2_parse[{{ "-01" }}--01] 
[gw0] [ 90%] PASSED encommon/parse/test/test_jinja2.py::test_Jinja2_parse[{{ "-01" }}--01] 
encommon/parse/test/test_jinja2.py::test_Jinja2_literal[{{ none }}-None] 
encommon/webkit/test/test_helpers.py::test_helpers_isnull 
[gw0] [ 90%] PASSED encommon/parse/test/test_jinja2.py::test_Jinja2_literal[{{ none }}-None] 
encommon/parse/test/test_jinja2.py::test_Jinja2_cover 
[gw0] [ 91%] PASSED encommon/parse/test/test_jinja2.py::test_Jinja2_cover 
encommon/parse/test/test_jinja2.py::test_Jinja2_parse[1-1] 
[gw0] [ 91%] PASSED encommon/parse/test/test_jinja2.py::test_Jinja2_parse[1-1] 
encommon/parse/test/test_jinja2.py::test_Jinja2_parse[{'a': 'b'}-expect5] 
[gw0] [ 91%] PASSED encommon/parse/test/test_jinja2.py::test_Jinja2_parse[{'a': 'b'}-expect5] 
encommon/parse/test/test_jinja2.py::test_Jinja2_parse[{{ 1 }}-1] 
[gw0] [ 92%] PASSED encommon/parse/test/test_jinja2.py::test_Jinja2_parse[{{ 1 }}-1] 
encommon/parse/test/test_jinja2.py::test_Jinja2_parse[foo-foo] 
[gw0] [ 92%] PASSED encommon/parse/test/test_jinja2.py::test_Jinja2_parse[foo-foo] 
encommon/parse/test/test_jinja2.py::test_Jinja2_parse[value4-expect4] 
[gw0] [ 92%] PASSED encommon/parse/test/test_jinja2.py::test_Jinja2_parse[value4-expect4] 
encommon/parse/test/test_jinja2.py::test_Jinja2 
[gw0] [ 93%] PASSED encommon/parse/test/test_jinja2.py::test_Jinja2 
encommon/parse/test/test_jinja2.py::test_Jinja2_parse[{{ "1" | float }}-1.0] 
[gw0] [ 93%] PASSED encommon/parse/test/test_jinja2.py::test_Jinja2_parse[{{ "1" | float }}-1.0] 
encommon/parse/test/test_jinja2.py::test_Jinja2_parse[{{ "01" }}-01] 
[gw0] [ 93%] PASSED encommon/parse/test/test_jinja2.py::test_Jinja2_parse[{{ "01" }}-01] 
encommon/parse/test/test_jinja2.py::test_Jinja2_parse[[1, 2]-expect15] 
[gw0] [ 94%] PASSED encommon/parse/test/test_jinja2.py::test_Jinja2_parse[[1, 2]-expect15] 
encommon/parse/test/test_jinja2.py::test_Jinja2_parse[01-01] 
[gw0] [ 94%] PASSED encommon/parse/test/test_jinja2.py::test_Jinja2_parse[01-01] 
encommon/parse/test/test_jinja2.py::test_Jinja2_parse[{{ 0 | Time }}-1970-01-01T00:00:00.000000+0000] 
[gw0] [ 94%] PASSED encommon/parse/test/test_jinja2.py::test_Jinja2_parse[{{ 0 | Time }}-1970-01-01T00:00:00.000000+0000] 
encommon/parse/test/test_jinja2.py::test_Jinja2_parse[-01--01] 
[gw0] [ 95%] PASSED encommon/parse/test/test_jinja2.py::test_Jinja2_parse[-01--01] 
encommon/parse/test/test_jinja2.py::test_Jinja2_literal[{{ 123 }}-123] 
[gw0] [ 95%] PASSED encommon/parse/test/test_jinja2.py::test_Jinja2_literal[{{ 123 }}-123] 
encommon/parse/test/test_jinja2.py::test_Jinja2_parse[1.0.0-1.0.0] 
[gw0] [ 95%] PASSED encommon/parse/test/test_jinja2.py::test_Jinja2_parse[1.0.0-1.0.0] 
encommon/parse/test/test_jinja2.py::test_Jinja2_literal[{{ 1.2 }}-1.2] 
[gw0] [ 96%] PASSED encommon/parse/test/test_jinja2.py::test_Jinja2_literal[{{ 1.2 }}-1.2] 
encommon/parse/test/test_jinja2.py::test_Jinja2_parse[100000-100000_1] 
[gw0] [ 96%] PASSED encommon/parse/test/test_jinja2.py::test_Jinja2_parse[100000-100000_1] 
encommon/parse/test/test_jinja2.py::test_Jinja2_parse[{{ "1" | int }}-1] 
[gw0] [ 96%] PASSED encommon/parse/test/test_jinja2.py::test_Jinja2_parse[{{ "1" | int }}-1] 
encommon/parse/test/test_jinja2.py::test_Jinja2_parse[100000-100000_0] 
[gw0] [ 97%] PASSED encommon/parse/test/test_jinja2.py::test_Jinja2_parse[100000-100000_0] 
[gw1] [ 97%] FAILED encommon/webkit/test/test_tagues.py::test_tagues 
encommon/parse/test/test_jinja2.py::test_Jinja2_parse[1.0-1.0] 
[gw1] [ 97%] PASSED encommon/parse/test/test_jinja2.py::test_Jinja2_parse[1.0-1.0] 
[gw2] [ 98%] FAILED encommon/webkit/test/test_helpers.py::test_helpers_assert 
[gw3] [ 98%] FAILED encommon/webkit/test/test_helpers.py::test_helpers_isnull 
encommon/webkit/test/test_helpers.py::test_helpers_isdict 
encommon/parse/test/test_jinja2.py::test_Jinja2_parse[value14-expect14] 
[gw3] [ 98%] PASSED encommon/parse/test/test_jinja2.py::test_Jinja2_parse[value14-expect14] 
[gw2] [ 99%] FAILED encommon/webkit/test/test_helpers.py::test_helpers_isdict 
encommon/webkit/test/test_helpers.py::test_helpers_isempty 
[gw2] [ 99%] FAILED encommon/webkit/test/test_helpers.py::test_helpers_isempty 
encommon/webkit/test/test_helpers.py::test_helpers_istrue 
[gw2] [ 99%] FAILED encommon/webkit/test/test_helpers.py::test_helpers_istrue 
encommon/webkit/test/test_duration.py::test_duration 
[gw2] [100%] FAILED encommon/webkit/test/test_duration.py::test_duration 

=================================== FAILURES ===================================
__________________________________ test_image __________________________________
[gw2] linux -- Python 3.12.13 /home/runner/work/encommon/encommon/main/.venv-package/bin/python3

content = <encommon.webkit.content.Content object at 0x7f71cc0963c0>
driver = <selenium.webdriver.chrome.webdriver.WebDriver (session="ab55b60b1d212681427985baf5803370")>

    def test_image(
        content: 'Content',
        driver: WebDriver,
    ) -> None:
        """
        Perform various tests associated with relevant routines.
    
        :param content: Primary class instance for the content.
        :param driver: Selenium driver provided by the library.
        """
    
    
        driver.get(
            f"""
            data:text/html;
            charset=utf-8,
            <html>
              <head>
                <script>
            {content.scripts('default')}
            {content.scripts('helpers')}
            {content.scripts('image')}
                </script>
              </head>
              <body></body>
            </html>
            """)
    
    
>       outcome = _executejs(
            driver,
            'let element ='
            ' svgicon(...arguments);'
            'return'
            ' element[0].outerHTML;',
            'failure',
            wrap=False)

encommon/webkit/test/test_image.py:50: 
_ _ _ _ _ _ _ _ _ _ _ _ _ _ _ _ _ _ _ _ _ _ _ _ _ _ _ _ _ _ _ _ _ _ _ _ _ _ _ _ 
encommon/webkit/test/__init__.py:36: in _executejs
    driver
.venv-package/lib/python3.12/site-packages/selenium/webdriver/remote/webdriver.py:532: in execute_script
    return self.execute(command, {"script": script, "args": converted_args})["value"]
           ^^^^^^^^^^^^^^^^^^^^^^^^^^^^^^^^^^^^^^^^^^^^^^^^^^^^^^^^^^^^^^^^^
.venv-package/lib/python3.12/site-packages/selenium/webdriver/remote/webdriver.py:446: in execute
    self.error_handler.check_response(response)
_ _ _ _ _ _ _ _ _ _ _ _ _ _ _ _ _ _ _ _ _ _ _ _ _ _ _ _ _ _ _ _ _ _ _ _ _ _ _ _ 

self = <selenium.webdriver.remote.errorhandler.ErrorHandler object at 0x7f71cc05a1b0>
response = {'status': 500, 'value': '{"value":{"error":"javascript error","message":"javascript error: svgicon is not defined\\n ...\\n#15 0x55d2c100d4de \\u003Cunknown>\\n#16 0x7f04b7e9caa4 \\u003Cunknown>\\n#17 0x7f04b7f29c6c \\u003Cunknown>\\n"}}'}

    def check_response(self, response: dict[str, Any]) -> None:
        """Check that a JSON response from the WebDriver does not have an error.
    
        Args:
            response: The JSON response from the WebDriver server as a dictionary
                object.
    
        Raises:
            WebDriverException: If the response contains an error message.
        """
        status = response.get("status", None)
        if not status or status == ErrorCode.SUCCESS:
            return
        value = None
        message = response.get("message", "")
        screen: str = response.get("screen", "")
        stacktrace = None
        if isinstance(status, int):
            value_json = response.get("value", None)
            if value_json and isinstance(value_json, str):
                try:
                    value = json.loads(value_json)
                    if isinstance(value, dict):
                        if len(value) == 1:
                            value = value["value"]
                        status = value.get("error", None)
                        if not status:
                            status = value.get("status", ErrorCode.UNKNOWN_ERROR)
                            message = value.get("value") or value.get("message")
                            if not isinstance(message, str):
                                value = message
                                message = message.get("message") if isinstance(message, dict) else None
                        else:
                            message = value.get("message", None)
                except ValueError:
                    pass
    
        exception_class: type[WebDriverException]
        e = ErrorCode()
        error_codes = [item for item in dir(e) if not item.startswith("__")]
        for error_code in error_codes:
            error_info = getattr(ErrorCode, error_code)
            if isinstance(error_info, list) and status in error_info:
                exception_class = getattr(ExceptionMapping, error_code, WebDriverException)
                break
        else:
            exception_class = WebDriverException
    
        if not value:
            value = response["value"]
        if isinstance(value, str):
            raise exception_class(value)
        if message == "" and "message" in value:
            message = value["message"]
    
        screen = None  # type: ignore[assignment]
        if "screen" in value:
            screen = value["screen"]
    
        stacktrace = None
        st_value = value.get("stackTrace") or value.get("stacktrace")
        if st_value:
            if isinstance(st_value, str):
                stacktrace = st_value.split("\n")
            else:
                stacktrace = []
                try:
                    for frame in st_value:
                        line = frame.get("lineNumber", "")
                        file = frame.get("fileName", "<anonymous>")
                        if line:
                            file = f"{file}:{line}"
                        meth = frame.get("methodName", "<anonymous>")
                        if "className" in frame:
                            meth = f"{frame['className']}.{meth}"
                        msg = "    at %s (%s)"
                        msg = msg % (meth, file)
                        stacktrace.append(msg)
                except TypeError:
                    pass
        if exception_class == UnexpectedAlertPresentException:
            alert_text = None
            if "data" in value:
                alert_text = value["data"].get("text")
            elif "alert" in value:
                alert_text = value["alert"].get("text")
            raise exception_class(message, screen, stacktrace, alert_text)  # type: ignore[call-arg]  # mypy is not smart enough here
>       raise exception_class(message, screen, stacktrace)
E       selenium.common.exceptions.JavascriptException: Message: javascript error: svgicon is not defined
E         (Session info: chrome=146.0.7680.164)
E       Stacktrace:
E       #0 0x55d2c100ea6a <unknown>
E       #1 0x55d2c0a1dab5 <unknown>
E       #2 0x55d2c0a2492b <unknown>
E       #3 0x55d2c0a274ab <unknown>
E       #4 0x55d2c0ab98d9 <unknown>
E       #5 0x55d2c0ab87b6 <unknown>
E       #6 0x55d2c0a63cbf <unknown>
E       #7 0x55d2c0a64a81 <unknown>
E       #8 0x55d2c0fd4a64 <unknown>
E       #9 0x55d2c0fd7951 <unknown>
E       #10 0x55d2c0fc121e <unknown>
E       #11 0x55d2c0fd851e <unknown>
E       #12 0x55d2c0fa7be0 <unknown>
E       #13 0x55d2c0ffb9b8 <unknown>
E       #14 0x55d2c0ffbb88 <unknown>
E       #15 0x55d2c100d4de <unknown>
E       #16 0x7f04b7e9caa4 <unknown>
E       #17 0x7f04b7f29c6c <unknown>

.venv-package/lib/python3.12/site-packages/selenium/webdriver/remote/errorhandler.py:232: JavascriptException
_________________________________ test_message _________________________________
[gw0] linux -- Python 3.12.13 /home/runner/work/encommon/encommon/main/.venv-package/bin/python3

content = <encommon.webkit.content.Content object at 0x7f9921bcd7f0>
driver = <selenium.webdriver.chrome.webdriver.WebDriver (session="df0e8d43c81e913681297b146927dc9b")>

    def test_message(
        content: 'Content',
        driver: WebDriver,
    ) -> None:
        """
        Perform various tests associated with relevant routines.
    
        :param content: Primary class instance for the content.
        :param driver: Selenium driver provided by the library.
        """
    
    
        driver.get(
            f"""
            data:text/html;
            charset=utf-8,
            <html>
              <head>
                <script>
            {content.scripts('default')}
            {content.scripts('helpers')}
            {content.scripts('message')}
                </script>
              </head>
              <body></body>
            </html>
            """)
    
    
>       outcome = _executejs(
            driver,
            'let element ='
            ' message(...arguments);'
            'return'
            ' element[0].outerHTML;',
            'information',
            'This is the message',
            wrap=False)

encommon/webkit/test/test_message.py:50: 
_ _ _ _ _ _ _ _ _ _ _ _ _ _ _ _ _ _ _ _ _ _ _ _ _ _ _ _ _ _ _ _ _ _ _ _ _ _ _ _ 
encommon/webkit/test/__init__.py:36: in _executejs
    driver
.venv-package/lib/python3.12/site-packages/selenium/webdriver/remote/webdriver.py:532: in execute_script
    return self.execute(command, {"script": script, "args": converted_args})["value"]
           ^^^^^^^^^^^^^^^^^^^^^^^^^^^^^^^^^^^^^^^^^^^^^^^^^^^^^^^^^^^^^^^^^
.venv-package/lib/python3.12/site-packages/selenium/webdriver/remote/webdriver.py:446: in execute
    self.error_handler.check_response(response)
_ _ _ _ _ _ _ _ _ _ _ _ _ _ _ _ _ _ _ _ _ _ _ _ _ _ _ _ _ _ _ _ _ _ _ _ _ _ _ _ 

self = <selenium.webdriver.remote.errorhandler.ErrorHandler object at 0x7f99282d49b0>
response = {'status': 500, 'value': '{"value":{"error":"javascript error","message":"javascript error: message is not defined\\n ...\\n#15 0x55cc788a24de \\u003Cunknown>\\n#16 0x7f663b09caa4 \\u003Cunknown>\\n#17 0x7f663b129c6c \\u003Cunknown>\\n"}}'}

    def check_response(self, response: dict[str, Any]) -> None:
        """Check that a JSON response from the WebDriver does not have an error.
    
        Args:
            response: The JSON response from the WebDriver server as a dictionary
                object.
    
        Raises:
            WebDriverException: If the response contains an error message.
        """
        status = response.get("status", None)
        if not status or status == ErrorCode.SUCCESS:
            return
        value = None
        message = response.get("message", "")
        screen: str = response.get("screen", "")
        stacktrace = None
        if isinstance(status, int):
            value_json = response.get("value", None)
            if value_json and isinstance(value_json, str):
                try:
                    value = json.loads(value_json)
                    if isinstance(value, dict):
                        if len(value) == 1:
                            value = value["value"]
                        status = value.get("error", None)
                        if not status:
                            status = value.get("status", ErrorCode.UNKNOWN_ERROR)
                            message = value.get("value") or value.get("message")
                            if not isinstance(message, str):
                                value = message
                                message = message.get("message") if isinstance(message, dict) else None
                        else:
                            message = value.get("message", None)
                except ValueError:
                    pass
    
        exception_class: type[WebDriverException]
        e = ErrorCode()
        error_codes = [item for item in dir(e) if not item.startswith("__")]
        for error_code in error_codes:
            error_info = getattr(ErrorCode, error_code)
            if isinstance(error_info, list) and status in error_info:
                exception_class = getattr(ExceptionMapping, error_code, WebDriverException)
                break
        else:
            exception_class = WebDriverException
    
        if not value:
            value = response["value"]
        if isinstance(value, str):
            raise exception_class(value)
        if message == "" and "message" in value:
            message = value["message"]
    
        screen = None  # type: ignore[assignment]
        if "screen" in value:
            screen = value["screen"]
    
        stacktrace = None
        st_value = value.get("stackTrace") or value.get("stacktrace")
        if st_value:
            if isinstance(st_value, str):
                stacktrace = st_value.split("\n")
            else:
                stacktrace = []
                try:
                    for frame in st_value:
                        line = frame.get("lineNumber", "")
                        file = frame.get("fileName", "<anonymous>")
                        if line:
                            file = f"{file}:{line}"
                        meth = frame.get("methodName", "<anonymous>")
                        if "className" in frame:
                            meth = f"{frame['className']}.{meth}"
                        msg = "    at %s (%s)"
                        msg = msg % (meth, file)
                        stacktrace.append(msg)
                except TypeError:
                    pass
        if exception_class == UnexpectedAlertPresentException:
            alert_text = None
            if "data" in value:
                alert_text = value["data"].get("text")
            elif "alert" in value:
                alert_text = value["alert"].get("text")
            raise exception_class(message, screen, stacktrace, alert_text)  # type: ignore[call-arg]  # mypy is not smart enough here
>       raise exception_class(message, screen, stacktrace)
E       selenium.common.exceptions.JavascriptException: Message: javascript error: message is not defined
E         (Session info: chrome=146.0.7680.164)
E       Stacktrace:
E       #0 0x55cc788a3a6a <unknown>
E       #1 0x55cc782b2ab5 <unknown>
E       #2 0x55cc782b992b <unknown>
E       #3 0x55cc782bc4ab <unknown>
E       #4 0x55cc7834e8d9 <unknown>
E       #5 0x55cc7834d7b6 <unknown>
E       #6 0x55cc782f8cbf <unknown>
E       #7 0x55cc782f9a81 <unknown>
E       #8 0x55cc78869a64 <unknown>
E       #9 0x55cc7886c951 <unknown>
E       #10 0x55cc7885621e <unknown>
E       #11 0x55cc7886d51e <unknown>
E       #12 0x55cc7883cbe0 <unknown>
E       #13 0x55cc788909b8 <unknown>
E       #14 0x55cc78890b88 <unknown>
E       #15 0x55cc788a24de <unknown>
E       #16 0x7f663b09caa4 <unknown>
E       #17 0x7f663b129c6c <unknown>

.venv-package/lib/python3.12/site-packages/selenium/webdriver/remote/errorhandler.py:232: JavascriptException
________________________________ test_datestamp ________________________________
[gw1] linux -- Python 3.12.13 /home/runner/work/encommon/encommon/main/.venv-package/bin/python3

content = <encommon.webkit.content.Content object at 0x7f21cd0d64e0>
driver = <selenium.webdriver.chrome.webdriver.WebDriver (session="11078f9ba056129eefabc5520c7e8986")>

    def test_datestamp(
        content: 'Content',
        driver: WebDriver,
    ) -> None:
        """
        Perform various tests associated with relevant routines.
    
        :param content: Primary class instance for the content.
        :param driver: Selenium driver provided by the library.
        """
    
    
        driver.get(
            f"""
            data:text/html;
            charset=utf-8,
            <html>
              <head>
                <script>
            {content.scripts('default')}
            {content.scripts('helpers')}
            {content.scripts('datetime')}
                </script>
              </head>
              <body></body>
            </html>
            """)
    
    
>       outcome = _executejs(
            driver,
            'let element ='
            ' datestamp(...arguments);'
            'return'
            ' element[0].outerHTML;',
            '2024-04-20T16:20:00Z',
            wrap=False)

encommon/webkit/test/test_datetime.py:50: 
_ _ _ _ _ _ _ _ _ _ _ _ _ _ _ _ _ _ _ _ _ _ _ _ _ _ _ _ _ _ _ _ _ _ _ _ _ _ _ _ 
encommon/webkit/test/__init__.py:36: in _executejs
    driver
.venv-package/lib/python3.12/site-packages/selenium/webdriver/remote/webdriver.py:532: in execute_script
    return self.execute(command, {"script": script, "args": converted_args})["value"]
           ^^^^^^^^^^^^^^^^^^^^^^^^^^^^^^^^^^^^^^^^^^^^^^^^^^^^^^^^^^^^^^^^^
.venv-package/lib/python3.12/site-packages/selenium/webdriver/remote/webdriver.py:446: in execute
    self.error_handler.check_response(response)
_ _ _ _ _ _ _ _ _ _ _ _ _ _ _ _ _ _ _ _ _ _ _ _ _ _ _ _ _ _ _ _ _ _ _ _ _ _ _ _ 

self = <selenium.webdriver.remote.errorhandler.ErrorHandler object at 0x7f21cd0277d0>
response = {'status': 500, 'value': '{"value":{"error":"javascript error","message":"javascript error: datestamp is not defined\\...\\n#15 0x55f5b50fc4de \\u003Cunknown>\\n#16 0x7f0bd449caa4 \\u003Cunknown>\\n#17 0x7f0bd4529c6c \\u003Cunknown>\\n"}}'}

    def check_response(self, response: dict[str, Any]) -> None:
        """Check that a JSON response from the WebDriver does not have an error.
    
        Args:
            response: The JSON response from the WebDriver server as a dictionary
                object.
    
        Raises:
            WebDriverException: If the response contains an error message.
        """
        status = response.get("status", None)
        if not status or status == ErrorCode.SUCCESS:
            return
        value = None
        message = response.get("message", "")
        screen: str = response.get("screen", "")
        stacktrace = None
        if isinstance(status, int):
            value_json = response.get("value", None)
            if value_json and isinstance(value_json, str):
                try:
                    value = json.loads(value_json)
                    if isinstance(value, dict):
                        if len(value) == 1:
                            value = value["value"]
                        status = value.get("error", None)
                        if not status:
                            status = value.get("status", ErrorCode.UNKNOWN_ERROR)
                            message = value.get("value") or value.get("message")
                            if not isinstance(message, str):
                                value = message
                                message = message.get("message") if isinstance(message, dict) else None
                        else:
                            message = value.get("message", None)
                except ValueError:
                    pass
    
        exception_class: type[WebDriverException]
        e = ErrorCode()
        error_codes = [item for item in dir(e) if not item.startswith("__")]
        for error_code in error_codes:
            error_info = getattr(ErrorCode, error_code)
            if isinstance(error_info, list) and status in error_info:
                exception_class = getattr(ExceptionMapping, error_code, WebDriverException)
                break
        else:
            exception_class = WebDriverException
    
        if not value:
            value = response["value"]
        if isinstance(value, str):
            raise exception_class(value)
        if message == "" and "message" in value:
            message = value["message"]
    
        screen = None  # type: ignore[assignment]
        if "screen" in value:
            screen = value["screen"]
    
        stacktrace = None
        st_value = value.get("stackTrace") or value.get("stacktrace")
        if st_value:
            if isinstance(st_value, str):
                stacktrace = st_value.split("\n")
            else:
                stacktrace = []
                try:
                    for frame in st_value:
                        line = frame.get("lineNumber", "")
                        file = frame.get("fileName", "<anonymous>")
                        if line:
                            file = f"{file}:{line}"
                        meth = frame.get("methodName", "<anonymous>")
                        if "className" in frame:
                            meth = f"{frame['className']}.{meth}"
                        msg = "    at %s (%s)"
                        msg = msg % (meth, file)
                        stacktrace.append(msg)
                except TypeError:
                    pass
        if exception_class == UnexpectedAlertPresentException:
            alert_text = None
            if "data" in value:
                alert_text = value["data"].get("text")
            elif "alert" in value:
                alert_text = value["alert"].get("text")
            raise exception_class(message, screen, stacktrace, alert_text)  # type: ignore[call-arg]  # mypy is not smart enough here
>       raise exception_class(message, screen, stacktrace)
E       selenium.common.exceptions.JavascriptException: Message: javascript error: datestamp is not defined
E         (Session info: chrome=146.0.7680.164)
E       Stacktrace:
E       #0 0x55f5b50fda6a <unknown>
E       #1 0x55f5b4b0cab5 <unknown>
E       #2 0x55f5b4b1392b <unknown>
E       #3 0x55f5b4b164ab <unknown>
E       #4 0x55f5b4ba88d9 <unknown>
E       #5 0x55f5b4ba77b6 <unknown>
E       #6 0x55f5b4b52cbf <unknown>
E       #7 0x55f5b4b53a81 <unknown>
E       #8 0x55f5b50c3a64 <unknown>
E       #9 0x55f5b50c6951 <unknown>
E       #10 0x55f5b50b021e <unknown>
E       #11 0x55f5b50c751e <unknown>
E       #12 0x55f5b5096be0 <unknown>
E       #13 0x55f5b50ea9b8 <unknown>
E       #14 0x55f5b50eab88 <unknown>
E       #15 0x55f5b50fc4de <unknown>
E       #16 0x7f0bd449caa4 <unknown>
E       #17 0x7f0bd4529c6c <unknown>

.venv-package/lib/python3.12/site-packages/selenium/webdriver/remote/errorhandler.py:232: JavascriptException
_____________________________ test_default_create ______________________________
[gw3] linux -- Python 3.12.13 /home/runner/work/encommon/encommon/main/.venv-package/bin/python3

prepare = (<encommon.webkit.content.Content object at 0x7f1da9afe8d0>, <selenium.webdriver.chrome.webdriver.WebDriver (session="d88b5af158cd481ef6846991cca4251f")>)

    def test_default_create(
        prepare: tuple['Content', WebDriver],
    ) -> None:
        """
        Perform various tests associated with relevant routines.
    
        :param prepare: Driver and content loaded with scripts.
        """
    
        content, driver = prepare
    
>       outcome = _executejs(
            driver,
            '$("<p/>")[0]'
            '.tagName;')

encommon/webkit/test/test_default.py:68: 
_ _ _ _ _ _ _ _ _ _ _ _ _ _ _ _ _ _ _ _ _ _ _ _ _ _ _ _ _ _ _ _ _ _ _ _ _ _ _ _ 
encommon/webkit/test/__init__.py:36: in _executejs
    driver
.venv-package/lib/python3.12/site-packages/selenium/webdriver/remote/webdriver.py:532: in execute_script
    return self.execute(command, {"script": script, "args": converted_args})["value"]
           ^^^^^^^^^^^^^^^^^^^^^^^^^^^^^^^^^^^^^^^^^^^^^^^^^^^^^^^^^^^^^^^^^
.venv-package/lib/python3.12/site-packages/selenium/webdriver/remote/webdriver.py:446: in execute
    self.error_handler.check_response(response)
_ _ _ _ _ _ _ _ _ _ _ _ _ _ _ _ _ _ _ _ _ _ _ _ _ _ _ _ _ _ _ _ _ _ _ _ _ _ _ _ 

self = <selenium.webdriver.remote.errorhandler.ErrorHandler object at 0x7f1da9ad05c0>
response = {'status': 500, 'value': '{"value":{"error":"javascript error","message":"javascript error: $ is not defined\\n  (Sess...\\n#15 0x5639722a94de \\u003Cunknown>\\n#16 0x7ff662a9caa4 \\u003Cunknown>\\n#17 0x7ff662b29c6c \\u003Cunknown>\\n"}}'}

    def check_response(self, response: dict[str, Any]) -> None:
        """Check that a JSON response from the WebDriver does not have an error.
    
        Args:
            response: The JSON response from the WebDriver server as a dictionary
                object.
    
        Raises:
            WebDriverException: If the response contains an error message.
        """
        status = response.get("status", None)
        if not status or status == ErrorCode.SUCCESS:
            return
        value = None
        message = response.get("message", "")
        screen: str = response.get("screen", "")
        stacktrace = None
        if isinstance(status, int):
            value_json = response.get("value", None)
            if value_json and isinstance(value_json, str):
                try:
                    value = json.loads(value_json)
                    if isinstance(value, dict):
                        if len(value) == 1:
                            value = value["value"]
                        status = value.get("error", None)
                        if not status:
                            status = value.get("status", ErrorCode.UNKNOWN_ERROR)
                            message = value.get("value") or value.get("message")
                            if not isinstance(message, str):
                                value = message
                                message = message.get("message") if isinstance(message, dict) else None
                        else:
                            message = value.get("message", None)
                except ValueError:
                    pass
    
        exception_class: type[WebDriverException]
        e = ErrorCode()
        error_codes = [item for item in dir(e) if not item.startswith("__")]
        for error_code in error_codes:
            error_info = getattr(ErrorCode, error_code)
            if isinstance(error_info, list) and status in error_info:
                exception_class = getattr(ExceptionMapping, error_code, WebDriverException)
                break
        else:
            exception_class = WebDriverException
    
        if not value:
            value = response["value"]
        if isinstance(value, str):
            raise exception_class(value)
        if message == "" and "message" in value:
            message = value["message"]
    
        screen = None  # type: ignore[assignment]
        if "screen" in value:
            screen = value["screen"]
    
        stacktrace = None
        st_value = value.get("stackTrace") or value.get("stacktrace")
        if st_value:
            if isinstance(st_value, str):
                stacktrace = st_value.split("\n")
            else:
                stacktrace = []
                try:
                    for frame in st_value:
                        line = frame.get("lineNumber", "")
                        file = frame.get("fileName", "<anonymous>")
                        if line:
                            file = f"{file}:{line}"
                        meth = frame.get("methodName", "<anonymous>")
                        if "className" in frame:
                            meth = f"{frame['className']}.{meth}"
                        msg = "    at %s (%s)"
                        msg = msg % (meth, file)
                        stacktrace.append(msg)
                except TypeError:
                    pass
        if exception_class == UnexpectedAlertPresentException:
            alert_text = None
            if "data" in value:
                alert_text = value["data"].get("text")
            elif "alert" in value:
                alert_text = value["alert"].get("text")
            raise exception_class(message, screen, stacktrace, alert_text)  # type: ignore[call-arg]  # mypy is not smart enough here
>       raise exception_class(message, screen, stacktrace)
E       selenium.common.exceptions.JavascriptException: Message: javascript error: $ is not defined
E         (Session info: chrome=146.0.7680.164)
E       Stacktrace:
E       #0 0x5639722aaa6a <unknown>
E       #1 0x563971cb9ab5 <unknown>
E       #2 0x563971cc092b <unknown>
E       #3 0x563971cc34ab <unknown>
E       #4 0x563971d558d9 <unknown>
E       #5 0x563971d547b6 <unknown>
E       #6 0x563971cffcbf <unknown>
E       #7 0x563971d00a81 <unknown>
E       #8 0x563972270a64 <unknown>
E       #9 0x563972273951 <unknown>
E       #10 0x56397225d21e <unknown>
E       #11 0x56397227451e <unknown>
E       #12 0x563972243be0 <unknown>
E       #13 0x5639722979b8 <unknown>
E       #14 0x563972297b88 <unknown>
E       #15 0x5639722a94de <unknown>
E       #16 0x7ff662a9caa4 <unknown>
E       #17 0x7ff662b29c6c <unknown>

.venv-package/lib/python3.12/site-packages/selenium/webdriver/remote/errorhandler.py:232: JavascriptException
____________________________ test_default_showhide _____________________________
[gw3] linux -- Python 3.12.13 /home/runner/work/encommon/encommon/main/.venv-package/bin/python3

prepare = (<encommon.webkit.content.Content object at 0x7f1da9bfb170>, <selenium.webdriver.chrome.webdriver.WebDriver (session="cb0480da9cd8c509e3a78abb2d698410")>)

    def test_default_showhide(
        prepare: tuple['Content', WebDriver],
    ) -> None:
        """
        Perform various tests associated with relevant routines.
    
        :param prepare: Driver and content loaded with scripts.
        """
    
        content, driver = prepare
    
>       outcome = _executejs(
            driver,
            '$("body>div")[0]'
            '.style.display;')

encommon/webkit/test/test_default.py:165: 
_ _ _ _ _ _ _ _ _ _ _ _ _ _ _ _ _ _ _ _ _ _ _ _ _ _ _ _ _ _ _ _ _ _ _ _ _ _ _ _ 
encommon/webkit/test/__init__.py:36: in _executejs
    driver
.venv-package/lib/python3.12/site-packages/selenium/webdriver/remote/webdriver.py:532: in execute_script
    return self.execute(command, {"script": script, "args": converted_args})["value"]
           ^^^^^^^^^^^^^^^^^^^^^^^^^^^^^^^^^^^^^^^^^^^^^^^^^^^^^^^^^^^^^^^^^
.venv-package/lib/python3.12/site-packages/selenium/webdriver/remote/webdriver.py:446: in execute
    self.error_handler.check_response(response)
_ _ _ _ _ _ _ _ _ _ _ _ _ _ _ _ _ _ _ _ _ _ _ _ _ _ _ _ _ _ _ _ _ _ _ _ _ _ _ _ 

self = <selenium.webdriver.remote.errorhandler.ErrorHandler object at 0x7f1da9bca300>
response = {'status': 500, 'value': '{"value":{"error":"javascript error","message":"javascript error: $ is not defined\\n  (Sess...\\n#15 0x558ac180b4de \\u003Cunknown>\\n#16 0x7f8f0309caa4 \\u003Cunknown>\\n#17 0x7f8f03129c6c \\u003Cunknown>\\n"}}'}

    def check_response(self, response: dict[str, Any]) -> None:
        """Check that a JSON response from the WebDriver does not have an error.
    
        Args:
            response: The JSON response from the WebDriver server as a dictionary
                object.
    
        Raises:
            WebDriverException: If the response contains an error message.
        """
        status = response.get("status", None)
        if not status or status == ErrorCode.SUCCESS:
            return
        value = None
        message = response.get("message", "")
        screen: str = response.get("screen", "")
        stacktrace = None
        if isinstance(status, int):
            value_json = response.get("value", None)
            if value_json and isinstance(value_json, str):
                try:
                    value = json.loads(value_json)
                    if isinstance(value, dict):
                        if len(value) == 1:
                            value = value["value"]
                        status = value.get("error", None)
                        if not status:
                            status = value.get("status", ErrorCode.UNKNOWN_ERROR)
                            message = value.get("value") or value.get("message")
                            if not isinstance(message, str):
                                value = message
                                message = message.get("message") if isinstance(message, dict) else None
                        else:
                            message = value.get("message", None)
                except ValueError:
                    pass
    
        exception_class: type[WebDriverException]
        e = ErrorCode()
        error_codes = [item for item in dir(e) if not item.startswith("__")]
        for error_code in error_codes:
            error_info = getattr(ErrorCode, error_code)
            if isinstance(error_info, list) and status in error_info:
                exception_class = getattr(ExceptionMapping, error_code, WebDriverException)
                break
        else:
            exception_class = WebDriverException
    
        if not value:
            value = response["value"]
        if isinstance(value, str):
            raise exception_class(value)
        if message == "" and "message" in value:
            message = value["message"]
    
        screen = None  # type: ignore[assignment]
        if "screen" in value:
            screen = value["screen"]
    
        stacktrace = None
        st_value = value.get("stackTrace") or value.get("stacktrace")
        if st_value:
            if isinstance(st_value, str):
                stacktrace = st_value.split("\n")
            else:
                stacktrace = []
                try:
                    for frame in st_value:
                        line = frame.get("lineNumber", "")
                        file = frame.get("fileName", "<anonymous>")
                        if line:
                            file = f"{file}:{line}"
                        meth = frame.get("methodName", "<anonymous>")
                        if "className" in frame:
                            meth = f"{frame['className']}.{meth}"
                        msg = "    at %s (%s)"
                        msg = msg % (meth, file)
                        stacktrace.append(msg)
                except TypeError:
                    pass
        if exception_class == UnexpectedAlertPresentException:
            alert_text = None
            if "data" in value:
                alert_text = value["data"].get("text")
            elif "alert" in value:
                alert_text = value["alert"].get("text")
            raise exception_class(message, screen, stacktrace, alert_text)  # type: ignore[call-arg]  # mypy is not smart enough here
>       raise exception_class(message, screen, stacktrace)
E       selenium.common.exceptions.JavascriptException: Message: javascript error: $ is not defined
E         (Session info: chrome=146.0.7680.164)
E       Stacktrace:
E       #0 0x558ac180ca6a <unknown>
E       #1 0x558ac121bab5 <unknown>
E       #2 0x558ac122292b <unknown>
E       #3 0x558ac12254ab <unknown>
E       #4 0x558ac12b78d9 <unknown>
E       #5 0x558ac12b67b6 <unknown>
E       #6 0x558ac1261cbf <unknown>
E       #7 0x558ac1262a81 <unknown>
E       #8 0x558ac17d2a64 <unknown>
E       #9 0x558ac17d5951 <unknown>
E       #10 0x558ac17bf21e <unknown>
E       #11 0x558ac17d651e <unknown>
E       #12 0x558ac17a5be0 <unknown>
E       #13 0x558ac17f99b8 <unknown>
E       #14 0x558ac17f9b88 <unknown>
E       #15 0x558ac180b4de <unknown>
E       #16 0x7f8f0309caa4 <unknown>
E       #17 0x7f8f03129c6c <unknown>

.venv-package/lib/python3.12/site-packages/selenium/webdriver/remote/errorhandler.py:232: JavascriptException
____________________________ test_helpers_whenready ____________________________
[gw2] linux -- Python 3.12.13 /home/runner/work/encommon/encommon/main/.venv-package/bin/python3

[...]
#7 0x55a135341a81 <unknown>
#8 0x55a1358b1a64 <unknown>
#9 0x55a1358b4951 <unknown>
#10 0x55a13589e21e <unknown>
#11 0x55a1358b551e <unknown>
#12 0x55a135884be0 <unknown>
#13 0x55a1358d89b8 <unknown>
#14 0x55a1358d8b88 <unknown>
#15 0x55a1358ea4de <unknown>
#16 0x7efee729caa4 <unknown>
#17 0x7efee7329c6c <unknown>
FAILED encommon/webkit/test/test_helpers.py::test_helpers_dumps - selenium.common.exceptions.JavascriptException: Message: javascript error: dumps is not defined
  (Session info: chrome=146.0.7680.164)
Stacktrace:
#0 0x556890f84a6a <unknown>
#1 0x556890993ab5 <unknown>
#2 0x55689099a92b <unknown>
#3 0x55689099d4ab <unknown>
#4 0x556890a2f8d9 <unknown>
#5 0x556890a2e7b6 <unknown>
#6 0x5568909d9cbf <unknown>
#7 0x5568909daa81 <unknown>
#8 0x556890f4aa64 <unknown>
#9 0x556890f4d951 <unknown>
#10 0x556890f3721e <unknown>
#11 0x556890f4e51e <unknown>
#12 0x556890f1dbe0 <unknown>
#13 0x556890f719b8 <unknown>
#14 0x556890f71b88 <unknown>
#15 0x556890f834de <unknown>
#16 0x7fd19e09caa4 <unknown>
#17 0x7fd19e129c6c <unknown>
FAILED encommon/webkit/test/test_default.py::test_default_content - selenium.common.exceptions.JavascriptException: Message: javascript error: $ is not defined
  (Session info: chrome=146.0.7680.164)
Stacktrace:
#0 0x55c758829a6a <unknown>
#1 0x55c758238ab5 <unknown>
#2 0x55c75823f92b <unknown>
#3 0x55c7582424ab <unknown>
#4 0x55c7582d48d9 <unknown>
#5 0x55c7582d37b6 <unknown>
#6 0x55c75827ecbf <unknown>
#7 0x55c75827fa81 <unknown>
#8 0x55c7587efa64 <unknown>
#9 0x55c7587f2951 <unknown>
#10 0x55c7587dc21e <unknown>
#11 0x55c7587f351e <unknown>
#12 0x55c7587c2be0 <unknown>
#13 0x55c7588169b8 <unknown>
#14 0x55c758816b88 <unknown>
#15 0x55c7588284de <unknown>
#16 0x7f083c89caa4 <unknown>
#17 0x7f083c929c6c <unknown>
FAILED encommon/webkit/test/test_helpers.py::test_helpers_isbool - selenium.common.exceptions.JavascriptException: Message: javascript error: isbool is not defined
  (Session info: chrome=146.0.7680.164)
Stacktrace:
#0 0x5592dc156a6a <unknown>
#1 0x5592dbb65ab5 <unknown>
#2 0x5592dbb6c92b <unknown>
#3 0x5592dbb6f4ab <unknown>
#4 0x5592dbc018d9 <unknown>
#5 0x5592dbc007b6 <unknown>
#6 0x5592dbbabcbf <unknown>
#7 0x5592dbbaca81 <unknown>
#8 0x5592dc11ca64 <unknown>
#9 0x5592dc11f951 <unknown>
#10 0x5592dc10921e <unknown>
#11 0x5592dc12051e <unknown>
#12 0x5592dc0efbe0 <unknown>
#13 0x5592dc1439b8 <unknown>
#14 0x5592dc143b88 <unknown>
#15 0x5592dc1554de <unknown>
#16 0x7f127f29caa4 <unknown>
#17 0x7f127f329c6c <unknown>
FAILED encommon/webkit/test/test_datagrid.py::test_datagrid - selenium.common.exceptions.JavascriptException: Message: javascript error: datagrid is not defined
  (Session info: chrome=146.0.7680.164)
Stacktrace:
#0 0x55691c040a6a <unknown>
#1 0x55691ba4fab5 <unknown>
#2 0x55691ba5692b <unknown>
#3 0x55691ba594ab <unknown>
#4 0x55691baeb8d9 <unknown>
#5 0x55691baea7b6 <unknown>
#6 0x55691ba95cbf <unknown>
#7 0x55691ba96a81 <unknown>
#8 0x55691c006a64 <unknown>
#9 0x55691c009951 <unknown>
#10 0x55691bff321e <unknown>
#11 0x55691c00a51e <unknown>
#12 0x55691bfd9be0 <unknown>
#13 0x55691c02d9b8 <unknown>
#14 0x55691c02db88 <unknown>
#15 0x55691c03f4de <unknown>
#16 0x7f47ed89caa4 <unknown>
#17 0x7f47ed929c6c <unknown>
FAILED encommon/webkit/test/test_default.py::test_default_replace - selenium.common.exceptions.JavascriptException: Message: javascript error: $ is not defined
  (Session info: chrome=146.0.7680.164)
Stacktrace:
#0 0x55ef3481ea6a <unknown>
#1 0x55ef3422dab5 <unknown>
#2 0x55ef3423492b <unknown>
#3 0x55ef342374ab <unknown>
#4 0x55ef342c98d9 <unknown>
#5 0x55ef342c87b6 <unknown>
#6 0x55ef34273cbf <unknown>
#7 0x55ef34274a81 <unknown>
#8 0x55ef347e4a64 <unknown>
#9 0x55ef347e7951 <unknown>
#10 0x55ef347d121e <unknown>
#11 0x55ef347e851e <unknown>
#12 0x55ef347b7be0 <unknown>
#13 0x55ef3480b9b8 <unknown>
#14 0x55ef3480bb88 <unknown>
#15 0x55ef3481d4de <unknown>
#16 0x7f463a29caa4 <unknown>
#17 0x7f463a329c6c <unknown>
FAILED encommon/webkit/test/test_helpers.py::test_helpers_loads - selenium.common.exceptions.JavascriptException: Message: javascript error: loads is not defined
  (Session info: chrome=146.0.7680.164)
Stacktrace:
#0 0x560ee32d4a6a <unknown>
#1 0x560ee2ce3ab5 <unknown>
#2 0x560ee2cea92b <unknown>
#3 0x560ee2ced4ab <unknown>
#4 0x560ee2d7f8d9 <unknown>
#5 0x560ee2d7e7b6 <unknown>
#6 0x560ee2d29cbf <unknown>
#7 0x560ee2d2aa81 <unknown>
#8 0x560ee329aa64 <unknown>
#9 0x560ee329d951 <unknown>
#10 0x560ee328721e <unknown>
#11 0x560ee329e51e <unknown>
#12 0x560ee326dbe0 <unknown>
#13 0x560ee32c19b8 <unknown>
#14 0x560ee32c1b88 <unknown>
#15 0x560ee32d34de <unknown>
#16 0x7fe59929caa4 <unknown>
#17 0x7fe599329c6c <unknown>
FAILED encommon/webkit/test/test_default.py::test_default_append - selenium.common.exceptions.JavascriptException: Message: javascript error: $ is not defined
  (Session info: chrome=146.0.7680.164)
Stacktrace:
#0 0x5605554eda6a <unknown>
#1 0x560554efcab5 <unknown>
#2 0x560554f0392b <unknown>
#3 0x560554f064ab <unknown>
#4 0x560554f988d9 <unknown>
#5 0x560554f977b6 <unknown>
#6 0x560554f42cbf <unknown>
#7 0x560554f43a81 <unknown>
#8 0x5605554b3a64 <unknown>
#9 0x5605554b6951 <unknown>
#10 0x5605554a021e <unknown>
#11 0x5605554b751e <unknown>
#12 0x560555486be0 <unknown>
#13 0x5605554da9b8 <unknown>
#14 0x5605554dab88 <unknown>
#15 0x5605554ec4de <unknown>
#16 0x7fcbdfa9caa4 <unknown>
#17 0x7fcbdfb29c6c <unknown>
FAILED encommon/webkit/test/test_helpers.py::test_helpers_istime - selenium.common.exceptions.JavascriptException: Message: javascript error: istime is not defined
  (Session info: chrome=146.0.7680.164)
Stacktrace:
#0 0x563273da5a6a <unknown>
#1 0x5632737b4ab5 <unknown>
#2 0x5632737bb92b <unknown>
#3 0x5632737be4ab <unknown>
#4 0x5632738508d9 <unknown>
#5 0x56327384f7b6 <unknown>
#6 0x5632737facbf <unknown>
#7 0x5632737fba81 <unknown>
#8 0x563273d6ba64 <unknown>
#9 0x563273d6e951 <unknown>
#10 0x563273d5821e <unknown>
#11 0x563273d6f51e <unknown>
#12 0x563273d3ebe0 <unknown>
#13 0x563273d929b8 <unknown>
#14 0x563273d92b88 <unknown>
#15 0x563273da44de <unknown>
#16 0x7ff525e9caa4 <unknown>
#17 0x7ff525f29c6c <unknown>
FAILED encommon/webkit/test/test_color.py::test_colordiv - selenium.common.exceptions.JavascriptException: Message: javascript error: colordiv is not defined
  (Session info: chrome=146.0.7680.164)
Stacktrace:
#0 0x558139135a6a <unknown>
#1 0x558138b44ab5 <unknown>
#2 0x558138b4b92b <unknown>
#3 0x558138b4e4ab <unknown>
#4 0x558138be08d9 <unknown>
#5 0x558138bdf7b6 <unknown>
#6 0x558138b8acbf <unknown>
#7 0x558138b8ba81 <unknown>
#8 0x5581390fba64 <unknown>
#9 0x5581390fe951 <unknown>
#10 0x5581390e821e <unknown>
#11 0x5581390ff51e <unknown>
#12 0x5581390cebe0 <unknown>
#13 0x5581391229b8 <unknown>
#14 0x558139122b88 <unknown>
#15 0x5581391344de <unknown>
#16 0x7f63df89caa4 <unknown>
#17 0x7f63df929c6c <unknown>
FAILED encommon/webkit/test/test_default.py::test_default_prop - selenium.common.exceptions.JavascriptException: Message: javascript error: $ is not defined
  (Session info: chrome=146.0.7680.164)
Stacktrace:
#0 0x55e60e46da6a <unknown>
#1 0x55e60de7cab5 <unknown>
#2 0x55e60de8392b <unknown>
#3 0x55e60de864ab <unknown>
#4 0x55e60df188d9 <unknown>
#5 0x55e60df177b6 <unknown>
#6 0x55e60dec2cbf <unknown>
#7 0x55e60dec3a81 <unknown>
#8 0x55e60e433a64 <unknown>
#9 0x55e60e436951 <unknown>
#10 0x55e60e42021e <unknown>
#11 0x55e60e43751e <unknown>
#12 0x55e60e406be0 <unknown>
#13 0x55e60e45a9b8 <unknown>
#14 0x55e60e45ab88 <unknown>
#15 0x55e60e46c4de <unknown>
#16 0x7f86b029caa4 <unknown>
#17 0x7f86b0329c6c <unknown>
FAILED encommon/webkit/test/test_helpers.py::test_helpers_isnode - selenium.common.exceptions.JavascriptException: Message: javascript error: $ is not defined
  (Session info: chrome=146.0.7680.164)
Stacktrace:
#0 0x55d747c77a6a <unknown>
#1 0x55d747686ab5 <unknown>
#2 0x55d74768d92b <unknown>
#3 0x55d7476904ab <unknown>
#4 0x55d7477228d9 <unknown>
#5 0x55d7477217b6 <unknown>
#6 0x55d7476cccbf <unknown>
#7 0x55d7476cda81 <unknown>
#8 0x55d747c3da64 <unknown>
#9 0x55d747c40951 <unknown>
#10 0x55d747c2a21e <unknown>
#11 0x55d747c4151e <unknown>
#12 0x55d747c10be0 <unknown>
#13 0x55d747c649b8 <unknown>
#14 0x55d747c64b88 <unknown>
#15 0x55d747c764de <unknown>
#16 0x7f1ba1a9caa4 <unknown>
#17 0x7f1ba1b29c6c <unknown>
FAILED encommon/webkit/test/test_default.py::test_default_addClass - selenium.common.exceptions.JavascriptException: Message: javascript error: $ is not defined
  (Session info: chrome=146.0.7680.164)
Stacktrace:
#0 0x563977887a6a <unknown>
#1 0x563977296ab5 <unknown>
#2 0x56397729d92b <unknown>
#3 0x5639772a04ab <unknown>
#4 0x5639773328d9 <unknown>
#5 0x5639773317b6 <unknown>
#6 0x5639772dccbf <unknown>
#7 0x5639772dda81 <unknown>
#8 0x56397784da64 <unknown>
#9 0x563977850951 <unknown>
#10 0x56397783a21e <unknown>
#11 0x56397785151e <unknown>
#12 0x563977820be0 <unknown>
#13 0x5639778749b8 <unknown>
#14 0x563977874b88 <unknown>
#15 0x5639778864de <unknown>
#16 0x7f329669caa4 <unknown>
#17 0x7f3296729c6c <unknown>
FAILED encommon/webkit/test/test_helpers.py::test_helpers_isstr - selenium.common.exceptions.JavascriptException: Message: javascript error: isstr is not defined
  (Session info: chrome=146.0.7680.164)
Stacktrace:
#0 0x55c50a085a6a <unknown>
#1 0x55c509a94ab5 <unknown>
#2 0x55c509a9b92b <unknown>
#3 0x55c509a9e4ab <unknown>
#4 0x55c509b308d9 <unknown>
#5 0x55c509b2f7b6 <unknown>
#6 0x55c509adacbf <unknown>
#7 0x55c509adba81 <unknown>
#8 0x55c50a04ba64 <unknown>
#9 0x55c50a04e951 <unknown>
#10 0x55c50a03821e <unknown>
#11 0x55c50a04f51e <unknown>
#12 0x55c50a01ebe0 <unknown>
#13 0x55c50a0729b8 <unknown>
#14 0x55c50a072b88 <unknown>
#15 0x55c50a0844de <unknown>
#16 0x7f14c5e9caa4 <unknown>
#17 0x7f14c5f29c6c <unknown>
FAILED encommon/webkit/test/test_default.py::test_default_remClass - selenium.common.exceptions.JavascriptException: Message: javascript error: $ is not defined
  (Session info: chrome=146.0.7680.164)
Stacktrace:
#0 0x55a2ae496a6a <unknown>
#1 0x55a2adea5ab5 <unknown>
#2 0x55a2adeac92b <unknown>
#3 0x55a2adeaf4ab <unknown>
#4 0x55a2adf418d9 <unknown>
#5 0x55a2adf407b6 <unknown>
#6 0x55a2adeebcbf <unknown>
#7 0x55a2adeeca81 <unknown>
#8 0x55a2ae45ca64 <unknown>
#9 0x55a2ae45f951 <unknown>
#10 0x55a2ae44921e <unknown>
#11 0x55a2ae46051e <unknown>
#12 0x55a2ae42fbe0 <unknown>
#13 0x55a2ae4839b8 <unknown>
#14 0x55a2ae483b88 <unknown>
#15 0x55a2ae4954de <unknown>
#16 0x7fbb5069caa4 <unknown>
#17 0x7fbb50729c6c <unknown>
FAILED encommon/webkit/test/test_numeric.py::test_numeric_bytes - selenium.common.exceptions.JavascriptException: Message: javascript error: numeric_bytes is not defined
  (Session info: chrome=146.0.7680.164)
Stacktrace:
#0 0x564b78fc9a6a <unknown>
#1 0x564b789d8ab5 <unknown>
#2 0x564b789df92b <unknown>
#3 0x564b789e24ab <unknown>
#4 0x564b78a748d9 <unknown>
#5 0x564b78a737b6 <unknown>
#6 0x564b78a1ecbf <unknown>
#7 0x564b78a1fa81 <unknown>
#8 0x564b78f8fa64 <unknown>
#9 0x564b78f92951 <unknown>
#10 0x564b78f7c21e <unknown>
#11 0x564b78f9351e <unknown>
#12 0x564b78f62be0 <unknown>
#13 0x564b78fb69b8 <unknown>
#14 0x564b78fb6b88 <unknown>
#15 0x564b78fc84de <unknown>
#16 0x7f9105a9caa4 <unknown>
#17 0x7f9105b29c6c <unknown>
FAILED encommon/webkit/test/test_helpers.py::test_helpers_isquery - selenium.common.exceptions.JavascriptException: Message: javascript error: $ is not defined
  (Session info: chrome=146.0.7680.164)
Stacktrace:
#0 0x55dabaf04a6a <unknown>
#1 0x55daba913ab5 <unknown>
#2 0x55daba91a92b <unknown>
#3 0x55daba91d4ab <unknown>
#4 0x55daba9af8d9 <unknown>
#5 0x55daba9ae7b6 <unknown>
#6 0x55daba959cbf <unknown>
#7 0x55daba95aa81 <unknown>
#8 0x55dabaecaa64 <unknown>
#9 0x55dabaecd951 <unknown>
#10 0x55dabaeb721e <unknown>
#11 0x55dabaece51e <unknown>
#12 0x55dabae9dbe0 <unknown>
#13 0x55dabaef19b8 <unknown>
#14 0x55dabaef1b88 <unknown>
#15 0x55dabaf034de <unknown>
#16 0x7f6def49caa4 <unknown>
#17 0x7f6def529c6c <unknown>
FAILED encommon/webkit/test/test_numeric.py::test_numeric - selenium.common.exceptions.JavascriptException: Message: javascript error: numeric is not defined
  (Session info: chrome=146.0.7680.164)
Stacktrace:
#0 0x558c1b0ffa6a <unknown>
#1 0x558c1ab0eab5 <unknown>
#2 0x558c1ab1592b <unknown>
#3 0x558c1ab184ab <unknown>
#4 0x558c1abaa8d9 <unknown>
#5 0x558c1aba97b6 <unknown>
#6 0x558c1ab54cbf <unknown>
#7 0x558c1ab55a81 <unknown>
#8 0x558c1b0c5a64 <unknown>
#9 0x558c1b0c8951 <unknown>
#10 0x558c1b0b221e <unknown>
#11 0x558c1b0c951e <unknown>
#12 0x558c1b098be0 <unknown>
#13 0x558c1b0ec9b8 <unknown>
#14 0x558c1b0ecb88 <unknown>
#15 0x558c1b0fe4de <unknown>
#16 0x7f3ac289caa4 <unknown>
#17 0x7f3ac2929c6c <unknown>
FAILED encommon/webkit/test/test_numeric.py::test_numeric_count - selenium.common.exceptions.JavascriptException: Message: javascript error: numeric_count is not defined
  (Session info: chrome=146.0.7680.164)
Stacktrace:
#0 0x55884c96ca6a <unknown>
#1 0x55884c37bab5 <unknown>
#2 0x55884c38292b <unknown>
#3 0x55884c3854ab <unknown>
#4 0x55884c4178d9 <unknown>
#5 0x55884c4167b6 <unknown>
#6 0x55884c3c1cbf <unknown>
#7 0x55884c3c2a81 <unknown>
#8 0x55884c932a64 <unknown>
#9 0x55884c935951 <unknown>
#10 0x55884c91f21e <unknown>
#11 0x55884c93651e <unknown>
#12 0x55884c905be0 <unknown>
#13 0x55884c9599b8 <unknown>
#14 0x55884c959b88 <unknown>
#15 0x55884c96b4de <unknown>
#16 0x7f9089e9caa4 <unknown>
#17 0x7f9089f29c6c <unknown>
FAILED encommon/webkit/test/test_helpers.py::test_helpers_isfalse - selenium.common.exceptions.JavascriptException: Message: javascript error: isfalse is not defined
  (Session info: chrome=146.0.7680.164)
Stacktrace:
#0 0x558960092a6a <unknown>
#1 0x55895faa1ab5 <unknown>
#2 0x55895faa892b <unknown>
#3 0x55895faab4ab <unknown>
#4 0x55895fb3d8d9 <unknown>
#5 0x55895fb3c7b6 <unknown>
#6 0x55895fae7cbf <unknown>
#7 0x55895fae8a81 <unknown>
#8 0x558960058a64 <unknown>
#9 0x55896005b951 <unknown>
#10 0x55896004521e <unknown>
#11 0x55896005c51e <unknown>
#12 0x55896002bbe0 <unknown>
#13 0x55896007f9b8 <unknown>
#14 0x55896007fb88 <unknown>
#15 0x5589600914de <unknown>
#16 0x7fe9e3e9caa4 <unknown>
#17 0x7fe9e3f29c6c <unknown>
FAILED encommon/webkit/test/test_helpers.py::test_helpers_isnum - selenium.common.exceptions.JavascriptException: Message: javascript error: isnum is not defined
  (Session info: chrome=146.0.7680.164)
Stacktrace:
#0 0x5641e211ea6a <unknown>
#1 0x5641e1b2dab5 <unknown>
#2 0x5641e1b3492b <unknown>
#3 0x5641e1b374ab <unknown>
#4 0x5641e1bc98d9 <unknown>
#5 0x5641e1bc87b6 <unknown>
#6 0x5641e1b73cbf <unknown>
#7 0x5641e1b74a81 <unknown>
#8 0x5641e20e4a64 <unknown>
#9 0x5641e20e7951 <unknown>
#10 0x5641e20d121e <unknown>
#11 0x5641e20e851e <unknown>
#12 0x5641e20b7be0 <unknown>
#13 0x5641e210b9b8 <unknown>
#14 0x5641e210bb88 <unknown>
#15 0x5641e211d4de <unknown>
#16 0x7fdcf509caa4 <unknown>
#17 0x7fdcf5129c6c <unknown>
FAILED encommon/webkit/test/test_tagues.py::test_tagues - selenium.common.exceptions.JavascriptException: Message: javascript error: tagues is not defined
  (Session info: chrome=146.0.7680.164)
Stacktrace:
#0 0x5556a4920a6a <unknown>
#1 0x5556a432fab5 <unknown>
#2 0x5556a433692b <unknown>
#3 0x5556a43394ab <unknown>
#4 0x5556a43cb8d9 <unknown>
#5 0x5556a43ca7b6 <unknown>
#6 0x5556a4375cbf <unknown>
#7 0x5556a4376a81 <unknown>
#8 0x5556a48e6a64 <unknown>
#9 0x5556a48e9951 <unknown>
#10 0x5556a48d321e <unknown>
#11 0x5556a48ea51e <unknown>
#12 0x5556a48b9be0 <unknown>
#13 0x5556a490d9b8 <unknown>
#14 0x5556a490db88 <unknown>
#15 0x5556a491f4de <unknown>
#16 0x7f63f489caa4 <unknown>
#17 0x7f63f4929c6c <unknown>
FAILED encommon/webkit/test/test_helpers.py::test_helpers_assert - selenium.common.exceptions.JavascriptException: Message: javascript error: assert is not defined
  (Session info: chrome=146.0.7680.164)
Stacktrace:
#0 0x562bcf808a6a <unknown>
#1 0x562bcf217ab5 <unknown>
#2 0x562bcf21e92b <unknown>
#3 0x562bcf2214ab <unknown>
#4 0x562bcf2b38d9 <unknown>
#5 0x562bcf2b27b6 <unknown>
#6 0x562bcf25dcbf <unknown>
#7 0x562bcf25ea81 <unknown>
#8 0x562bcf7cea64 <unknown>
#9 0x562bcf7d1951 <unknown>
#10 0x562bcf7bb21e <unknown>
#11 0x562bcf7d251e <unknown>
#12 0x562bcf7a1be0 <unknown>
#13 0x562bcf7f59b8 <unknown>
#14 0x562bcf7f5b88 <unknown>
#15 0x562bcf8074de <unknown>
#16 0x7fd9a509caa4 <unknown>
#17 0x7fd9a5129c6c <unknown>
FAILED encommon/webkit/test/test_helpers.py::test_helpers_isnull - selenium.common.exceptions.JavascriptException: Message: javascript error: isnull is not defined
  (Session info: chrome=146.0.7680.164)
Stacktrace:
#0 0x564104a85a6a <unknown>
#1 0x564104494ab5 <unknown>
#2 0x56410449b92b <unknown>
#3 0x56410449e4ab <unknown>
#4 0x5641045308d9 <unknown>
#5 0x56410452f7b6 <unknown>
#6 0x5641044dacbf <unknown>
#7 0x5641044dba81 <unknown>
#8 0x564104a4ba64 <unknown>
#9 0x564104a4e951 <unknown>
#10 0x564104a3821e <unknown>
#11 0x564104a4f51e <unknown>
#12 0x564104a1ebe0 <unknown>
#13 0x564104a729b8 <unknown>
#14 0x564104a72b88 <unknown>
#15 0x564104a844de <unknown>
#16 0x7f78b6e9caa4 <unknown>
#17 0x7f78b6f29c6c <unknown>
FAILED encommon/webkit/test/test_helpers.py::test_helpers_isdict - selenium.common.exceptions.JavascriptException: Message: javascript error: isdict is not defined
  (Session info: chrome=146.0.7680.164)
Stacktrace:
#0 0x561fb1879a6a <unknown>
#1 0x561fb1288ab5 <unknown>
#2 0x561fb128f92b <unknown>
#3 0x561fb12924ab <unknown>
#4 0x561fb13248d9 <unknown>
#5 0x561fb13237b6 <unknown>
#6 0x561fb12cecbf <unknown>
#7 0x561fb12cfa81 <unknown>
#8 0x561fb183fa64 <unknown>
#9 0x561fb1842951 <unknown>
#10 0x561fb182c21e <unknown>
#11 0x561fb184351e <unknown>
#12 0x561fb1812be0 <unknown>
#13 0x561fb18669b8 <unknown>
#14 0x561fb1866b88 <unknown>
#15 0x561fb18784de <unknown>
#16 0x7fd076e9caa4 <unknown>
#17 0x7fd076f29c6c <unknown>
FAILED encommon/webkit/test/test_helpers.py::test_helpers_isempty - selenium.common.exceptions.JavascriptException: Message: javascript error: isempty is not defined
  (Session info: chrome=146.0.7680.164)
Stacktrace:
#0 0x55f8779e7a6a <unknown>
#1 0x55f8773f6ab5 <unknown>
#2 0x55f8773fd92b <unknown>
#3 0x55f8774004ab <unknown>
#4 0x55f8774928d9 <unknown>
#5 0x55f8774917b6 <unknown>
#6 0x55f87743ccbf <unknown>
#7 0x55f87743da81 <unknown>
#8 0x55f8779ada64 <unknown>
#9 0x55f8779b0951 <unknown>
#10 0x55f87799a21e <unknown>
#11 0x55f8779b151e <unknown>
#12 0x55f877980be0 <unknown>
#13 0x55f8779d49b8 <unknown>
#14 0x55f8779d4b88 <unknown>
#15 0x55f8779e64de <unknown>
#16 0x7efc9ce9caa4 <unknown>
#17 0x7efc9cf29c6c <unknown>
FAILED encommon/webkit/test/test_helpers.py::test_helpers_istrue - selenium.common.exceptions.JavascriptException: Message: javascript error: istrue is not defined
  (Session info: chrome=146.0.7680.164)
Stacktrace:
#0 0x5628383b3a6a <unknown>
#1 0x562837dc2ab5 <unknown>
#2 0x562837dc992b <unknown>
#3 0x562837dcc4ab <unknown>
#4 0x562837e5e8d9 <unknown>
#5 0x562837e5d7b6 <unknown>
#6 0x562837e08cbf <unknown>
#7 0x562837e09a81 <unknown>
#8 0x562838379a64 <unknown>
#9 0x56283837c951 <unknown>
#10 0x56283836621e <unknown>
#11 0x56283837d51e <unknown>
#12 0x56283834cbe0 <unknown>
#13 0x5628383a09b8 <unknown>
#14 0x5628383a0b88 <unknown>
#15 0x5628383b24de <unknown>
#16 0x7f8de329caa4 <unknown>
#17 0x7f8de3329c6c <unknown>
FAILED encommon/webkit/test/test_duration.py::test_duration - selenium.common.exceptions.JavascriptException: Message: javascript error: duration is not defined
  (Session info: chrome=146.0.7680.164)
Stacktrace:
#0 0x558e5835ca6a <unknown>
#1 0x558e57d6bab5 <unknown>
#2 0x558e57d7292b <unknown>
#3 0x558e57d754ab <unknown>
#4 0x558e57e078d9 <unknown>
#5 0x558e57e067b6 <unknown>
#6 0x558e57db1cbf <unknown>
#7 0x558e57db2a81 <unknown>
#8 0x558e58322a64 <unknown>
#9 0x558e58325951 <unknown>
#10 0x558e5830f21e <unknown>
#11 0x558e5832651e <unknown>
#12 0x558e582f5be0 <unknown>
#13 0x558e583499b8 <unknown>
#14 0x558e58349b88 <unknown>
#15 0x558e5835b4de <unknown>
#16 0x7f649d29caa4 <unknown>
#17 0x7f649d329c6c <unknown>
======================= 38 failed, 269 passed in 33.88s ========================
