>>> make pytest
  ● Executing pytest in encommon..
============================= test session starts ==============================
platform linux -- Python 3.12.13, pytest-9.0.2, pluggy-1.6.0 -- /home/runner/work/encommon/encommon/main/.venv-package/bin/python3
cachedir: .pytest_cache
metadata: {'Python': '3.12.13', 'Platform': 'Linux-6.17.0-1008-azure-x86_64-with-glibc2.39', 'Packages': {'pytest': '9.0.2', 'pluggy': '1.6.0'}, 'Plugins': {'metadata': '3.1.1', 'randomly': '4.0.1', 'variables': '3.1.0', 'clarity': '1.0.1', 'cov': '7.1.0', 'xdist': '3.8.0', 'html': '4.2.0', 'base-url': '2.1.0', 'selenium': '4.1.0', 'sphinx': '0.7.1', 'mypy': '1.0.1'}, 'CI': 'true', 'JAVA_HOME': '/usr/lib/jvm/temurin-17-jdk-amd64', 'Base URL': '', 'Driver': None, 'Capabilities': {}}
Using --randomly-seed=2861803197
sensitiveurl: .*
rootdir: /home/runner/work/encommon/encommon/main
configfile: pyproject.toml
plugins: metadata-3.1.1, randomly-4.0.1, variables-3.1.0, clarity-1.0.1, cov-7.1.0, xdist-3.8.0, html-4.2.0, base-url-2.1.0, selenium-4.1.0, sphinx-0.7.1, mypy-1.0.1
created: 4/4 workers
4 workers [307 items]

scheduling tests via LoadScheduling

encommon/colors/test/test_color.py::test_Color_xy[ff00cc-expect0] 
encommon/types/test/test_strings.py::test_instr 
encommon/colors/test/test_color.py::test_Color_xy[00ff00-expect4] 
encommon/colors/test/test_color.py::test_Color_rgb[800080-expect10] 
[gw3] [  0%] PASSED encommon/types/test/test_strings.py::test_instr 
[gw1] [  0%] PASSED encommon/colors/test/test_color.py::test_Color_rgb[800080-expect10] 
encommon/types/test/test_strings.py::test_hasstr 
[gw3] [  0%] PASSED encommon/types/test/test_strings.py::test_hasstr 
[gw2] [  1%] PASSED encommon/colors/test/test_color.py::test_Color_xy[ff00cc-expect0] 
encommon/colors/test/test_color.py::test_Color_xyz[808080-expect6] 
[gw0] [  1%] PASSED encommon/colors/test/test_color.py::test_Color_xy[00ff00-expect4] 
encommon/colors/test/test_color.py::test_Color_xyz[00ff00-expect4] 
encommon/colors/test/test_color.py::test_Color_cover 
encommon/webkit/test/test_datetime.py::test_datestamp 
[gw1] [  1%] PASSED encommon/colors/test/test_color.py::test_Color_xyz[808080-expect6] 
[gw2] [  2%] PASSED encommon/colors/test/test_color.py::test_Color_cover 
encommon/colors/test/test_color.py::test_Color_hsl[ff0000-expect3] 
[gw0] [  2%] PASSED encommon/colors/test/test_color.py::test_Color_xyz[00ff00-expect4] 
encommon/colors/test/test_color.py::test_Color_rgb[ff00cc-expect0] 
[gw2] [  2%] PASSED encommon/colors/test/test_color.py::test_Color_hsl[ff0000-expect3] 
encommon/colors/test/test_color.py::test_Color_hsl[0000ff-expect5] 
encommon/colors/test/test_color.py::test_Color_rgb[00ffff-expect8] 
[gw2] [  3%] PASSED encommon/colors/test/test_color.py::test_Color_hsl[0000ff-expect5] 
[gw0] [  3%] PASSED encommon/colors/test/test_color.py::test_Color_rgb[00ffff-expect8] 
[gw1] [  3%] PASSED encommon/colors/test/test_color.py::test_Color_rgb[ff00cc-expect0] 
encommon/colors/test/test_color.py::test_Color_hsl[ff00cc-expect0] 
encommon/colors/test/test_color.py::test_Color_rgb[ff0000-expect3] 
encommon/colors/test/test_color.py::test_Color_xy[ffffff-expect1] 
[gw2] [  4%] PASSED encommon/colors/test/test_color.py::test_Color_rgb[ff0000-expect3] 
[gw0] [  4%] PASSED encommon/colors/test/test_color.py::test_Color_xy[ffffff-expect1] 
[gw1] [  4%] PASSED encommon/colors/test/test_color.py::test_Color_hsl[ff00cc-expect0] 
encommon/colors/test/test_color.py::test_Color_xy[000000-expect2] 
[gw0] [  5%] PASSED encommon/colors/test/test_color.py::test_Color_xy[000000-expect2] 
encommon/colors/test/test_color.py::test_Color_rgb[0000ff-expect5] 
[gw2] [  5%] PASSED encommon/colors/test/test_color.py::test_Color_rgb[0000ff-expect5] 
encommon/colors/test/test_color.py::test_Color_rgb[ffff00-expect7] 
[gw2] [  5%] PASSED encommon/colors/test/test_color.py::test_Color_rgb[ffff00-expect7] 
encommon/colors/test/test_color.py::test_Color_xy[00ffff-expect8] 
[gw1] [  6%] PASSED encommon/colors/test/test_color.py::test_Color_xy[00ffff-expect8] 
encommon/colors/test/test_color.py::test_Color_rgb[ffffff-expect1] 
encommon/colors/test/test_color.py::test_Color_hsl[00ffff-expect8] 
encommon/colors/test/test_color.py::test_Color_hsl[ffff00-expect7] 
[gw2] [  6%] PASSED encommon/colors/test/test_color.py::test_Color_hsl[ffff00-expect7] 
[gw1] [  6%] PASSED encommon/colors/test/test_color.py::test_Color_rgb[ffffff-expect1] 
encommon/colors/test/test_color.py::test_Color_rgb[000000-expect2] 
[gw1] [  7%] PASSED encommon/colors/test/test_color.py::test_Color_rgb[000000-expect2] 
[gw0] [  7%] PASSED encommon/colors/test/test_color.py::test_Color_hsl[00ffff-expect8] 
encommon/colors/test/test_color.py::test_Color_rgb[ff00ff-expect9] 
encommon/colors/test/test_color.py::test_Color_hsl[ffffff-expect1] 
[gw1] [  7%] PASSED encommon/colors/test/test_color.py::test_Color_hsl[ffffff-expect1] 
encommon/colors/test/test_color.py::test_Color_xyz[ff00ff-expect9] 
[gw0] [  8%] PASSED encommon/colors/test/test_color.py::test_Color_rgb[ff00ff-expect9] 
encommon/webkit/test/test_duration.py::test_duration 
encommon/colors/test/test_color.py::test_Color_xyz[ffffff-expect1] 
[gw1] [  8%] PASSED encommon/colors/test/test_color.py::test_Color_xyz[ff00ff-expect9] 
encommon/colors/test/test_color.py::test_Color_hsl[000000-expect2] 
[gw0] [  8%] PASSED encommon/colors/test/test_color.py::test_Color_xyz[ffffff-expect1] 
encommon/colors/test/test_color.py::test_Color_hsl[ff00ff-expect9] 
[gw1] [  9%] PASSED encommon/colors/test/test_color.py::test_Color_hsl[000000-expect2] 
encommon/colors/test/test_color.py::test_Color_xy[ff00ff-expect9] 
[gw0] [  9%] PASSED encommon/colors/test/test_color.py::test_Color_hsl[ff00ff-expect9] 
encommon/colors/test/test_color.py::test_Color_xyz[000000-expect2] 
[gw1] [  9%] PASSED encommon/colors/test/test_color.py::test_Color_xy[ff00ff-expect9] 
encommon/colors/test/test_color.py::test_Color_xyz[800080-expect10] 
[gw0] [ 10%] PASSED encommon/colors/test/test_color.py::test_Color_xyz[000000-expect2] 
encommon/colors/test/test_color.py::test_Color_hsl[80007F-expect10] 
[gw1] [ 10%] PASSED encommon/colors/test/test_color.py::test_Color_xyz[800080-expect10] 
encommon/colors/test/test_color.py::test_Color_xyz[00ffff-expect8] 
[gw0] [ 10%] PASSED encommon/colors/test/test_color.py::test_Color_hsl[80007F-expect10] 
encommon/colors/test/test_color.py::test_Color 
[gw1] [ 11%] PASSED encommon/colors/test/test_color.py::test_Color_xyz[00ffff-expect8] 
encommon/colors/test/test_color.py::test_Color_hsl[00ff00-expect4] 
[gw0] [ 11%] PASSED encommon/colors/test/test_color.py::test_Color 
[gw1] [ 11%] PASSED encommon/colors/test/test_color.py::test_Color_hsl[00ff00-expect4] 
encommon/colors/test/test_color.py::test_Color_xyz[ffff00-expect7] 
encommon/colors/test/test_color.py::test_Color_rgb[00ff00-expect4] 
[gw0] [ 12%] PASSED encommon/colors/test/test_color.py::test_Color_xyz[ffff00-expect7] 
[gw1] [ 12%] PASSED encommon/colors/test/test_color.py::test_Color_rgb[00ff00-expect4] 
encommon/colors/test/test_color.py::test_Color_xy[ff0000-expect3] 
encommon/colors/test/test_color.py::test_Color_xy[800080-expect10] 
[gw0] [ 12%] PASSED encommon/colors/test/test_color.py::test_Color_xy[ff0000-expect3] 
encommon/colors/test/test_color.py::test_Color_xy[0000ff-expect5] 
[gw1] [ 13%] PASSED encommon/colors/test/test_color.py::test_Color_xy[800080-expect10] 
[gw0] [ 13%] PASSED encommon/colors/test/test_color.py::test_Color_xy[0000ff-expect5] 
encommon/colors/test/test_color.py::test_Color_hsl[808080-expect6] 
encommon/colors/test/test_color.py::test_Color_xy[ffff00-expect7] 
[gw1] [ 13%] PASSED encommon/colors/test/test_color.py::test_Color_hsl[808080-expect6] 
encommon/colors/test/test_color.py::test_Color_xyz[ff00cc-expect0] 
[gw0] [ 14%] PASSED encommon/colors/test/test_color.py::test_Color_xy[ffff00-expect7] 
encommon/colors/test/test_color.py::test_Color_xyz[0000ff-expect5] 
[gw1] [ 14%] PASSED encommon/colors/test/test_color.py::test_Color_xyz[ff00cc-expect0] 
encommon/colors/test/test_color.py::test_Color_rgb[808080-expect6] 
[gw0] [ 14%] PASSED encommon/colors/test/test_color.py::test_Color_xyz[0000ff-expect5] 
encommon/colors/test/test_color.py::test_Color_xyz[ff0000-expect3] 
[gw1] [ 14%] PASSED encommon/colors/test/test_color.py::test_Color_rgb[808080-expect6] 
[gw0] [ 15%] PASSED encommon/colors/test/test_color.py::test_Color_xyz[ff0000-expect3] 
encommon/config/test/test_logger.py::test_Logger_cover 
encommon/colors/test/test_color.py::test_Color_xy[808080-expect6] 
[gw0] [ 15%] PASSED encommon/colors/test/test_color.py::test_Color_xy[808080-expect6] 
encommon/times/test/test_window.py::test_window_interval[window7-3661-False-expect7] 
[gw0] [ 15%] PASSED encommon/times/test/test_window.py::test_window_interval[window7-3661-False-expect7] 
encommon/times/test/test_window.py::test_window_interval[window8-3559-False-expect8] 
[gw1] [ 16%] PASSED encommon/config/test/test_logger.py::test_Logger_cover 
encommon/config/test/test_logger.py::test_Message 
[gw0] [ 16%] PASSED encommon/times/test/test_window.py::test_window_interval[window8-3559-False-expect8] 
encommon/times/test/test_window.py::test_window_croniter[* * * * *-1-True-expect3] 
[gw0] [ 16%] PASSED encommon/times/test/test_window.py::test_window_croniter[* * * * *-1-True-expect3] 
encommon/times/test/test_window.py::test_window_interval[window2-0-True-expect2] 
[gw0] [ 17%] PASSED encommon/times/test/test_window.py::test_window_interval[window2-0-True-expect2] 
encommon/times/test/test_window.py::test_window_interval[window6-3660-False-expect6] 
[gw0] [ 17%] PASSED encommon/times/test/test_window.py::test_window_interval[window6-3660-False-expect6] 
encommon/times/test/test_window.py::test_window_croniter[* * * * *-1-False-expect1] 
[gw0] [ 17%] PASSED encommon/times/test/test_window.py::test_window_croniter[* * * * *-1-False-expect1] 
encommon/times/test/test_window.py::test_window_croniter[0 * * * *-3661-False-expect10] 
[gw0] [ 18%] PASSED encommon/times/test/test_window.py::test_window_croniter[0 * * * *-3661-False-expect10] 
encommon/times/test/test_window.py::test_window_interval[window5-3659-False-expect5] 
[gw0] [ 18%] PASSED encommon/times/test/test_window.py::test_window_interval[window5-3659-False-expect5] 
encommon/times/test/test_window.py::test_Window 
[gw0] [ 18%] PASSED encommon/times/test/test_window.py::test_Window 
encommon/times/test/test_window.py::test_window_croniter[* * * * *-3660-False-expect6] 
[gw1] [ 19%] PASSED encommon/config/test/test_logger.py::test_Message 
encommon/times/test/test_timers.py::test_Timers 
[gw0] [ 19%] PASSED encommon/times/test/test_window.py::test_window_croniter[* * * * *-3660-False-expect6] 
encommon/times/test/test_window.py::test_window_interval[window9-3660-False-expect9] 
[gw0] [ 19%] PASSED encommon/times/test/test_window.py::test_window_interval[window9-3660-False-expect9] 
encommon/times/test/test_window.py::test_window_croniter[0 * * * *-3559-False-expect8] 
[gw0] [ 20%] PASSED encommon/times/test/test_window.py::test_window_croniter[0 * * * *-3559-False-expect8] 
encommon/times/test/test_window.py::test_window_croniter[0 * * * *-3660-False-expect9] 
[gw0] [ 20%] PASSED encommon/times/test/test_window.py::test_window_croniter[0 * * * *-3660-False-expect9] 
encommon/times/test/test_window.py::test_window_interval[window4-3559-False-expect4] 
[gw0] [ 20%] PASSED encommon/times/test/test_window.py::test_window_interval[window4-3559-False-expect4] 
encommon/times/test/test_window.py::test_Window_cover 
[gw1] [ 21%] PASSED encommon/times/test/test_timers.py::test_Timers 
encommon/times/test/test_timers.py::test_Timers_raises 
[gw1] [ 21%] PASSED encommon/times/test/test_timers.py::test_Timers_raises 
encommon/times/test/test_timers.py::test_Timers_cover 
[gw1] [ 21%] PASSED encommon/times/test/test_timers.py::test_Timers_cover 
encommon/types/test/test_empty.py::test_EmptyType 
[gw1] [ 22%] PASSED encommon/types/test/test_empty.py::test_EmptyType 
encommon/webkit/test/test_color.py::test_colordiv 
[gw0] [ 22%] PASSED encommon/times/test/test_window.py::test_Window_cover 
encommon/times/test/test_window.py::test_window_croniter[* * * * *-0-True-expect2] 
[gw0] [ 22%] PASSED encommon/times/test/test_window.py::test_window_croniter[* * * * *-0-True-expect2] 
encommon/times/test/test_window.py::test_window_interval[window10-3661-False-expect10] 
[gw0] [ 23%] PASSED encommon/times/test/test_window.py::test_window_interval[window10-3661-False-expect10] 
encommon/times/test/test_window.py::test_window_croniter[* * * * *-3559-False-expect4] 
[gw0] [ 23%] PASSED encommon/times/test/test_window.py::test_window_croniter[* * * * *-3559-False-expect4] 
encommon/config/test/test_paths.py::test_ConfigPaths 
[gw0] [ 23%] PASSED encommon/config/test/test_paths.py::test_ConfigPaths 
encommon/config/test/test_paths.py::test_ConfigPaths_cover 
[gw0] [ 24%] PASSED encommon/config/test/test_paths.py::test_ConfigPaths_cover 
encommon/config/test/test_paths.py::test_ConfigPath 
[gw0] [ 24%] PASSED encommon/config/test/test_paths.py::test_ConfigPath 
encommon/types/test/test_lists.py::test_inlist 
[gw0] [ 24%] PASSED encommon/types/test/test_lists.py::test_inlist 
encommon/types/test/test_lists.py::test_fuzzy_list 
[gw0] [ 25%] PASSED encommon/types/test/test_lists.py::test_fuzzy_list 
encommon/types/test/test_lists.py::test_dedup_list 
[gw0] [ 25%] PASSED encommon/types/test/test_lists.py::test_dedup_list 
encommon/times/test/test_parse.py::test_shift_time[+1w@h+1w-expect16] 
[gw0] [ 25%] PASSED encommon/times/test/test_parse.py::test_shift_time[+1w@h+1w-expect16] 
encommon/times/test/test_parse.py::test_shift_time[-1d-expect19] 
[gw0] [ 26%] PASSED encommon/times/test/test_parse.py::test_shift_time[-1d-expect19] 
encommon/times/test/test_parse.py::test_shift_time[-1y@s-expect3] 
[gw0] [ 26%] PASSED encommon/times/test/test_parse.py::test_shift_time[-1y@s-expect3] 
encommon/times/test/test_parse.py::test_shift_time[-1w@h-1w-expect17] 
[gw0] [ 26%] PASSED encommon/times/test/test_parse.py::test_shift_time[-1w@h-1w-expect17] 
encommon/times/test/test_parse.py::test_shift_time[+1y-expect0] 
[gw0] [ 27%] PASSED encommon/times/test/test_parse.py::test_shift_time[+1y-expect0] 
encommon/times/test/test_parse.py::test_shift_time[-1w@h-expect15] 
[gw0] [ 27%] PASSED encommon/times/test/test_parse.py::test_shift_time[-1w@h-expect15] 
encommon/times/test/test_parse.py::test_shift_time[+1mon@m-expect8] 
[gw0] [ 27%] PASSED encommon/times/test/test_parse.py::test_shift_time[+1mon@m-expect8] 
encommon/times/test/test_parse.py::test_shift_time[+1y@s-expect2] 
[gw0] [ 28%] PASSED encommon/times/test/test_parse.py::test_shift_time[+1y@s-expect2] 
encommon/times/test/test_parse.py::test_shift_time[-1d@d-expect21] 
[gw0] [ 28%] PASSED encommon/times/test/test_parse.py::test_shift_time[-1d@d-expect21] 
encommon/times/test/test_parse.py::test_shift_time[+1d@d-expect20] 
[gw0] [ 28%] PASSED encommon/times/test/test_parse.py::test_shift_time[+1d@d-expect20] 
encommon/times/test/test_parse.py::test_shift_time[-1w-expect13] 
[gw0] [ 28%] PASSED encommon/times/test/test_parse.py::test_shift_time[-1w-expect13] 
encommon/times/test/test_parse.py::test_shift_time[+1mon@m+1mon-expect10] 
[gw0] [ 29%] PASSED encommon/times/test/test_parse.py::test_shift_time[+1mon@m+1mon-expect10] 
encommon/times/test/test_parse.py::test_parse_time 
[gw0] [ 29%] PASSED encommon/times/test/test_parse.py::test_parse_time 
encommon/times/test/test_parse.py::test_since_time 
[gw0] [ 29%] PASSED encommon/times/test/test_parse.py::test_since_time 
encommon/times/test/test_parse.py::test_shift_time[-1d@d-30d-expect23] 
[gw0] [ 30%] PASSED encommon/times/test/test_parse.py::test_shift_time[-1d@d-30d-expect23] 
encommon/utils/test/test_sample.py::test_load_sample 
[gw0] [ 30%] PASSED encommon/utils/test/test_sample.py::test_load_sample 
encommon/utils/test/test_sample.py::test_rvrt_sample 
[gw0] [ 30%] PASSED encommon/utils/test/test_sample.py::test_rvrt_sample 
encommon/utils/test/test_sample.py::test_prep_sample 
[gw0] [ 31%] PASSED encommon/utils/test/test_sample.py::test_prep_sample 
encommon/utils/test/test_sample.py::test_read_sample 
[gw0] [ 31%] PASSED encommon/utils/test/test_sample.py::test_read_sample 
encommon/utils/test/test_files.py::test_readsave_text 
[gw0] [ 31%] PASSED encommon/utils/test/test_files.py::test_readsave_text 
encommon/utils/test/test_files.py::test_append_text 
[gw0] [ 32%] PASSED encommon/utils/test/test_files.py::test_append_text 
encommon/types/test/test_dicts.py::test_merge_dicts 
[gw0] [ 32%] PASSED encommon/types/test/test_dicts.py::test_merge_dicts 
encommon/types/test/test_dicts.py::test_sort_dict 
[gw0] [ 32%] PASSED encommon/types/test/test_dicts.py::test_sort_dict 
encommon/utils/test/test_stdout.py::test_print_ansi 
[gw0] [ 33%] PASSED encommon/utils/test/test_stdout.py::test_print_ansi 
encommon/utils/test/test_stdout.py::test_make_ansi 
[gw0] [ 33%] PASSED encommon/utils/test/test_stdout.py::test_make_ansi 
encommon/utils/test/test_stdout.py::test_array_ansi_cover 
[gw0] [ 33%] PASSED encommon/utils/test/test_stdout.py::test_array_ansi_cover 
encommon/utils/test/test_stdout.py::test_kvpair_ansi 
[gw0] [ 34%] PASSED encommon/utils/test/test_stdout.py::test_kvpair_ansi 
encommon/utils/test/test_stdout.py::test_strip_ansi 
[gw0] [ 34%] PASSED encommon/utils/test/test_stdout.py::test_strip_ansi 
encommon/utils/test/test_stdout.py::test_array_ansi 
[gw0] [ 34%] PASSED encommon/utils/test/test_stdout.py::test_array_ansi 
encommon/config/test/test_config.py::test_Config 
[gw0] [ 35%] PASSED encommon/config/test/test_config.py::test_Config 
encommon/config/test/test_config.py::test_Config_cover 
[gw0] [ 35%] PASSED encommon/config/test/test_config.py::test_Config_cover 
encommon/config/test/test_config.py::test_Config_jinja2 
[gw0] [ 35%] PASSED encommon/config/test/test_config.py::test_Config_jinja2 
encommon/webkit/test/test_helpers.py::test_helpers_isquery 
[gw3] [ 36%] FAILED encommon/webkit/test/test_datetime.py::test_datestamp 
[gw1] [ 36%] FAILED encommon/webkit/test/test_color.py::test_colordiv 
[gw0] [ 36%] FAILED encommon/webkit/test/test_helpers.py::test_helpers_isquery 
[gw2] [ 37%] FAILED encommon/webkit/test/test_duration.py::test_duration 
encommon/times/test/test_params.py::test_TimerParams 
[gw1] [ 37%] PASSED encommon/times/test/test_params.py::test_TimerParams 
encommon/times/test/test_params.py::test_WindowParams 
encommon/utils/test/test_match.py::test_fuzz_match 
[gw1] [ 37%] PASSED encommon/times/test/test_params.py::test_WindowParams 
encommon/times/test/test_window.py::test_window_croniter[* * * * *-3659-False-expect5] 
[gw3] [ 38%] PASSED encommon/utils/test/test_match.py::test_fuzz_match 
encommon/utils/test/test_match.py::test_rgxp_match 
encommon/webkit/test/test_helpers.py::test_helpers_isdict 
[gw3] [ 38%] PASSED encommon/utils/test/test_match.py::test_rgxp_match 
[gw1] [ 38%] PASSED encommon/times/test/test_window.py::test_window_croniter[* * * * *-3659-False-expect5] 
encommon/times/test/test_window.py::test_window_interval[window1-1-False-expect1] 
encommon/times/test/test_unitime.py::test_unitime 
[gw3] [ 39%] PASSED encommon/times/test/test_unitime.py::test_unitime 
[gw1] [ 39%] PASSED encommon/times/test/test_window.py::test_window_interval[window1-1-False-expect1] 
encommon/parse/test/test_jinja2.py::test_Jinja2_parse[{{ "01" }}-01] 
encommon/times/test/test_window.py::test_window_croniter[* * * * *-3661-False-expect7] 
[gw1] [ 39%] PASSED encommon/times/test/test_window.py::test_window_croniter[* * * * *-3661-False-expect7] 
encommon/times/test/test_window.py::test_window_croniter[* * * * *-0-False-expect0] 
encommon/times/test/test_windows.py::test_Windows_cover 
[gw1] [ 40%] PASSED encommon/times/test/test_window.py::test_window_croniter[* * * * *-0-False-expect0] 
encommon/times/test/test_window.py::test_window_interval[window0-0-False-expect0] 
[gw1] [ 40%] PASSED encommon/times/test/test_window.py::test_window_interval[window0-0-False-expect0] 
encommon/times/test/test_window.py::test_window_interval[window3-1-True-expect3] 
[gw1] [ 40%] PASSED encommon/times/test/test_window.py::test_window_interval[window3-1-True-expect3] 
encommon/times/test/test_parse.py::test_shift_time[-1y@s-1h-expect5] 
[gw1] [ 41%] PASSED encommon/times/test/test_parse.py::test_shift_time[-1y@s-1h-expect5] 
encommon/times/test/test_parse.py::test_shift_time[+1w-expect12] 
[gw1] [ 41%] PASSED encommon/times/test/test_parse.py::test_shift_time[+1w-expect12] 
[gw3] [ 41%] PASSED encommon/parse/test/test_jinja2.py::test_Jinja2_parse[{{ "01" }}-01] 
encommon/parse/test/test_jinja2.py::test_Jinja2_parse[foo-foo] 
[gw3] [ 42%] PASSED encommon/parse/test/test_jinja2.py::test_Jinja2_parse[foo-foo] 
encommon/times/test/test_parse.py::test_shift_time[-1y-expect1] 
encommon/parse/test/test_jinja2.py::test_Jinja2_parse[{{ "-01" }}--01] 
[gw1] [ 42%] PASSED encommon/times/test/test_parse.py::test_shift_time[-1y-expect1] 
[gw3] [ 42%] PASSED encommon/parse/test/test_jinja2.py::test_Jinja2_parse[{{ "-01" }}--01] 
encommon/times/test/test_parse.py::test_shift_time[+1y@s+1h-expect4] 
encommon/parse/test/test_jinja2.py::test_Jinja2_literal[{{ none }}-None] 
[gw1] [ 42%] PASSED encommon/times/test/test_parse.py::test_shift_time[+1y@s+1h-expect4] 
encommon/times/test/test_parse.py::test_shift_time[+1mon-expect6] 
[gw3] [ 43%] PASSED encommon/parse/test/test_jinja2.py::test_Jinja2_literal[{{ none }}-None] 
encommon/parse/test/test_jinja2.py::test_Jinja2_parse[10.001-10.001_0] 
[gw3] [ 43%] PASSED encommon/parse/test/test_jinja2.py::test_Jinja2_parse[10.001-10.001_0] 
encommon/parse/test/test_jinja2.py::test_Jinja2_parse[01-01] 
[gw1] [ 43%] PASSED encommon/times/test/test_parse.py::test_shift_time[+1mon-expect6] 
encommon/times/test/test_parse.py::test_string_time 
[gw3] [ 44%] PASSED encommon/parse/test/test_jinja2.py::test_Jinja2_parse[01-01] 
encommon/parse/test/test_jinja2.py::test_Jinja2_parse[10.001-10.001_1] 
[gw3] [ 44%] PASSED encommon/parse/test/test_jinja2.py::test_Jinja2_parse[10.001-10.001_1] 
encommon/parse/test/test_jinja2.py::test_Jinja2_literal[{{ -1.2 }}--1.2] 
[gw3] [ 44%] PASSED encommon/parse/test/test_jinja2.py::test_Jinja2_literal[{{ -1.2 }}--1.2] 
encommon/parse/test/test_jinja2.py::test_Jinja2_parse[1.0-1.0] 
[gw1] [ 45%] PASSED encommon/times/test/test_parse.py::test_string_time 
encommon/times/test/test_parse.py::test_shift_time[+1w@h-expect14] 
[gw3] [ 45%] PASSED encommon/parse/test/test_jinja2.py::test_Jinja2_parse[1.0-1.0] 
encommon/parse/test/test_jinja2.py::test_Jinja2_parse[-01--01] 
[gw3] [ 45%] PASSED encommon/parse/test/test_jinja2.py::test_Jinja2_parse[-01--01] 
encommon/parse/test/test_jinja2.py::test_Jinja2_parse[{{ 0 | Time }}-1970-01-01T00:00:00.000000+0000] 
[gw1] [ 46%] PASSED encommon/times/test/test_parse.py::test_shift_time[+1w@h-expect14] 
encommon/times/test/test_parse.py::test_shift_time[+1d@d+30d-expect22] 
[gw3] [ 46%] PASSED encommon/parse/test/test_jinja2.py::test_Jinja2_parse[{{ 0 | Time }}-1970-01-01T00:00:00.000000+0000] 
encommon/parse/test/test_jinja2.py::test_Jinja2_parse[{'a': 'b'}-expect5] 
[gw1] [ 46%] PASSED encommon/times/test/test_parse.py::test_shift_time[+1d@d+30d-expect22] 
encommon/times/test/test_parse.py::test_shift_time[+1d-expect18] 
[gw3] [ 47%] PASSED encommon/parse/test/test_jinja2.py::test_Jinja2_parse[{'a': 'b'}-expect5] 
encommon/parse/test/test_jinja2.py::test_Jinja2_parse[{{ 1 }}-1] 
[gw1] [ 47%] PASSED encommon/times/test/test_parse.py::test_shift_time[+1d-expect18] 
[gw3] [ 47%] PASSED encommon/parse/test/test_jinja2.py::test_Jinja2_parse[{{ 1 }}-1] 
encommon/times/test/test_parse.py::test_shift_time[-1mon-expect7] 
encommon/webkit/test/test_helpers.py::test_helpers_whenready 
[gw1] [ 48%] PASSED encommon/times/test/test_parse.py::test_shift_time[-1mon-expect7] 
encommon/times/test/test_parse.py::test_shift_time[-1mon@m-expect9] 
[gw1] [ 48%] PASSED encommon/times/test/test_parse.py::test_shift_time[-1mon@m-expect9] 
encommon/times/test/test_parse.py::test_shift_time[-1mon@m-1mon-expect11] 
[gw1] [ 48%] PASSED encommon/times/test/test_parse.py::test_shift_time[-1mon@m-1mon-expect11] 
encommon/types/test/test_notate.py::test_expate 
[gw1] [ 49%] PASSED encommon/types/test/test_notate.py::test_expate 
encommon/types/test/test_notate.py::test_setate_cover 
[gw1] [ 49%] PASSED encommon/types/test/test_notate.py::test_setate_cover 
encommon/types/test/test_notate.py::test_getate_cover 
[gw1] [ 49%] PASSED encommon/types/test/test_notate.py::test_getate_cover 
encommon/types/test/test_notate.py::test_setate 
[gw1] [ 50%] PASSED encommon/types/test/test_notate.py::test_setate 
encommon/types/test/test_notate.py::test_impate 
[gw1] [ 50%] PASSED encommon/types/test/test_notate.py::test_impate 
encommon/types/test/test_notate.py::test_setate_raises 
[gw1] [ 50%] PASSED encommon/types/test/test_notate.py::test_setate_raises 
encommon/types/test/test_notate.py::test_impate_cover 
[gw1] [ 51%] PASSED encommon/types/test/test_notate.py::test_impate_cover 
encommon/types/test/test_notate.py::test_impate_raises 
[gw1] [ 51%] PASSED encommon/types/test/test_notate.py::test_impate_raises 
encommon/config/test/test_utils.py::test_config_path 
[gw1] [ 51%] PASSED encommon/config/test/test_utils.py::test_config_path 
encommon/config/test/test_utils.py::test_config_paths 
[gw1] [ 52%] PASSED encommon/config/test/test_utils.py::test_config_paths 
encommon/config/test/test_utils.py::test_config_load 
[gw1] [ 52%] PASSED encommon/config/test/test_utils.py::test_config_load 
encommon/webkit/test/test_image.py::test_image 
[gw0] [ 52%] FAILED encommon/webkit/test/test_helpers.py::test_helpers_isdict 
[gw3] [ 53%] FAILED encommon/webkit/test/test_helpers.py::test_helpers_whenready 
encommon/webkit/test/test_helpers.py::test_helpers_isfalse 
encommon/webkit/test/test_helpers.py::test_helpers_isnum 
[gw1] [ 53%] FAILED encommon/webkit/test/test_image.py::test_image 
encommon/types/test/test_classes.py::test_lattrs 
[gw1] [ 53%] PASSED encommon/types/test/test_classes.py::test_lattrs 
encommon/types/test/test_classes.py::test_BaseModel 
[gw1] [ 54%] PASSED encommon/types/test/test_classes.py::test_BaseModel 
encommon/types/test/test_classes.py::test_clsname 
[gw1] [ 54%] PASSED encommon/types/test/test_classes.py::test_clsname 
encommon/webkit/test/test_datagrid.py::test_datagrid 
[gw0] [ 54%] FAILED encommon/webkit/test/test_helpers.py::test_helpers_isfalse 
[gw3] [ 55%] FAILED encommon/webkit/test/test_helpers.py::test_helpers_isnum 
encommon/webkit/test/test_helpers.py::test_helpers_istrue 
encommon/webkit/test/test_helpers.py::test_helpers_loads 
[gw1] [ 55%] FAILED encommon/webkit/test/test_datagrid.py::test_datagrid 
encommon/times/test/test_duration.py::test_Duration_cover 
[gw1] [ 55%] PASSED encommon/times/test/test_duration.py::test_Duration_cover 
encommon/times/test/test_duration.py::test_Duration_iterate 
[gw1] [ 56%] PASSED encommon/times/test/test_duration.py::test_Duration_iterate 
encommon/times/test/test_duration.py::test_Duration 
[gw1] [ 56%] PASSED encommon/times/test/test_duration.py::test_Duration 
encommon/webkit/test/test_content.py::test_Content 
[gw1] [ 56%] PASSED encommon/webkit/test/test_content.py::test_Content 
encommon/webkit/test/test_content.py::test_Content_cover 
[gw1] [ 57%] PASSED encommon/webkit/test/test_content.py::test_Content_cover 
encommon/webkit/test/test_default.py::test_default_replace 
[gw2] [ 57%] PASSED encommon/times/test/test_windows.py::test_Windows_cover 
encommon/times/test/test_windows.py::test_Windows_raises 
[gw2] [ 57%] PASSED encommon/times/test/test_windows.py::test_Windows_raises 
encommon/times/test/test_windows.py::test_Windows 
[gw2] [ 57%] PASSED encommon/times/test/test_windows.py::test_Windows 
encommon/types/test/test_funcs.py::test_funcname 
[gw2] [ 58%] PASSED encommon/types/test/test_funcs.py::test_funcname 
encommon/webkit/test/test_numeric.py::test_numeric_count 
[gw0] [ 58%] FAILED encommon/webkit/test/test_helpers.py::test_helpers_istrue 
[gw3] [ 58%] FAILED encommon/webkit/test/test_helpers.py::test_helpers_loads 
encommon/webkit/test/test_helpers.py::test_helpers_isstr 
encommon/webkit/test/test_helpers.py::test_helpers_dumps 
[gw1] [ 59%] FAILED encommon/webkit/test/test_default.py::test_default_replace 
encommon/webkit/test/test_default.py::test_default_append 
[gw2] [ 59%] FAILED encommon/webkit/test/test_numeric.py::test_numeric_count 
encommon/webkit/test/test_numeric.py::test_numeric_bytes 
[gw0] [ 59%] FAILED encommon/webkit/test/test_helpers.py::test_helpers_isstr 
[gw3] [ 60%] FAILED encommon/webkit/test/test_helpers.py::test_helpers_dumps 
encommon/webkit/test/test_helpers.py::test_helpers_isnull 
encommon/webkit/test/test_helpers.py::test_helpers_isnode 
[gw1] [ 60%] FAILED encommon/webkit/test/test_default.py::test_default_append 
encommon/webkit/test/test_default.py::test_default_showhide 
[gw2] [ 60%] FAILED encommon/webkit/test/test_numeric.py::test_numeric_bytes 
encommon/webkit/test/test_numeric.py::test_numeric 
[gw0] [ 61%] FAILED encommon/webkit/test/test_helpers.py::test_helpers_isnode 
[gw3] [ 61%] FAILED encommon/webkit/test/test_helpers.py::test_helpers_isnull 
encommon/webkit/test/test_helpers.py::test_helpers_isempty 
encommon/types/test/test_notate.py::test_delate_raises 
[gw3] [ 61%] PASSED encommon/types/test/test_notate.py::test_delate_raises 
encommon/types/test/test_notate.py::test_expate_cover 
[gw3] [ 62%] PASSED encommon/types/test/test_notate.py::test_expate_cover 
encommon/types/test/test_notate.py::test_delate 
[gw3] [ 62%] PASSED encommon/types/test/test_notate.py::test_delate 
encommon/types/test/test_notate.py::test_getate 
[gw3] [ 62%] PASSED encommon/types/test/test_notate.py::test_getate 
encommon/webkit/test/test_default.py::test_default_styles 
[gw1] [ 63%] FAILED encommon/webkit/test/test_default.py::test_default_showhide 
encommon/webkit/test/test_default.py::test_default_prop 
[gw2] [ 63%] FAILED encommon/webkit/test/test_numeric.py::test_numeric 
encommon/types/test/test_strings.py::test_rplstr 
[gw2] [ 63%] PASSED encommon/types/test/test_strings.py::test_rplstr 
encommon/types/test/test_strings.py::test_inrepr 
[gw2] [ 64%] PASSED encommon/types/test/test_strings.py::test_inrepr 
encommon/types/test/test_strings.py::test_strplwr 
[gw2] [ 64%] PASSED encommon/types/test/test_strings.py::test_strplwr 
encommon/parse/test/test_jinja2.py::test_Jinja2_parse[[1, 2]-expect15] 
[gw2] [ 64%] PASSED encommon/parse/test/test_jinja2.py::test_Jinja2_parse[[1, 2]-expect15] 
encommon/parse/test/test_jinja2.py::test_Jinja2_parse[value14-expect14] 
[gw2] [ 65%] PASSED encommon/parse/test/test_jinja2.py::test_Jinja2_parse[value14-expect14] 
encommon/parse/test/test_jinja2.py::test_Jinja2_parse[100000-100000_0] 
[gw2] [ 65%] PASSED encommon/parse/test/test_jinja2.py::test_Jinja2_parse[100000-100000_0] 
encommon/parse/test/test_jinja2.py::test_Jinja2 
[gw2] [ 65%] PASSED encommon/parse/test/test_jinja2.py::test_Jinja2 
encommon/parse/test/test_jinja2.py::test_Jinja2_parse[value4-expect4] 
[gw2] [ 66%] PASSED encommon/parse/test/test_jinja2.py::test_Jinja2_parse[value4-expect4] 
encommon/parse/test/test_jinja2.py::test_Jinja2_parse[{{ "1" | int }}-1] 
[gw2] [ 66%] PASSED encommon/parse/test/test_jinja2.py::test_Jinja2_parse[{{ "1" | int }}-1] 
encommon/parse/test/test_jinja2.py::test_Jinja2_literal[{{ 1.2 }}-1.2] 
[gw2] [ 66%] PASSED encommon/parse/test/test_jinja2.py::test_Jinja2_literal[{{ 1.2 }}-1.2] 
encommon/parse/test/test_jinja2.py::test_Jinja2_parse[100000-100000_1] 
[gw2] [ 67%] PASSED encommon/parse/test/test_jinja2.py::test_Jinja2_parse[100000-100000_1] 
encommon/parse/test/test_jinja2.py::test_Jinja2_parse[1-1] 
[gw2] [ 67%] PASSED encommon/parse/test/test_jinja2.py::test_Jinja2_parse[1-1] 
encommon/parse/test/test_jinja2.py::test_Jinja2_parse[1.0.0-1.0.0] 
[gw2] [ 67%] PASSED encommon/parse/test/test_jinja2.py::test_Jinja2_parse[1.0.0-1.0.0] 
encommon/parse/test/test_jinja2.py::test_Jinja2_parse[{{ "1" | float }}-1.0] 
[gw2] [ 68%] PASSED encommon/parse/test/test_jinja2.py::test_Jinja2_parse[{{ "1" | float }}-1.0] 
encommon/parse/test/test_jinja2.py::test_Jinja2_cover 
[gw2] [ 68%] PASSED encommon/parse/test/test_jinja2.py::test_Jinja2_cover 
encommon/parse/test/test_jinja2.py::test_Jinja2_literal[{{ 123 }}-123] 
[gw2] [ 68%] PASSED encommon/parse/test/test_jinja2.py::test_Jinja2_literal[{{ 123 }}-123] 
encommon/parse/test/test_jinja2.py::test_Jinja2_recurse 
[gw2] [ 69%] PASSED encommon/parse/test/test_jinja2.py::test_Jinja2_recurse 
encommon/config/test/test_logger.py::test_Logger 
[gw2] [ 69%] PASSED encommon/config/test/test_logger.py::test_Logger 
encommon/webkit/test/test_tagues.py::test_tagues 
[gw0] [ 69%] FAILED encommon/webkit/test/test_helpers.py::test_helpers_isempty 
[gw3] [ 70%] FAILED encommon/webkit/test/test_default.py::test_default_styles 
encommon/webkit/test/test_helpers.py::test_helpers_assert 
encommon/times/test/test_time.py::test_Time 
[gw1] [ 70%] FAILED encommon/webkit/test/test_default.py::test_default_prop 
encommon/webkit/test/test_default.py::test_default_remClass 
[gw2] [ 70%] FAILED encommon/webkit/test/test_tagues.py::test_tagues 
[gw0] [ 71%] FAILED encommon/webkit/test/test_helpers.py::test_helpers_assert 
encommon/utils/test/test_paths.py::test_resolve_paths 
[gw2] [ 71%] PASSED encommon/utils/test/test_paths.py::test_resolve_paths 
encommon/utils/test/test_paths.py::test_resolve_path 
[gw2] [ 71%] PASSED encommon/utils/test/test_paths.py::test_resolve_path 
encommon/utils/test/test_paths.py::test_stats_path 
[gw2] [ 71%] PASSED encommon/utils/test/test_paths.py::test_stats_path 
encommon/times/test/test_utils.py::test_strptime_raises 
[gw2] [ 72%] PASSED encommon/times/test/test_utils.py::test_strptime_raises 
encommon/times/test/test_utils.py::test_utcdatetime 
[gw2] [ 72%] PASSED encommon/times/test/test_utils.py::test_utcdatetime 
encommon/times/test/test_utils.py::test_findtz_raises 
encommon/webkit/test/test_helpers.py::test_helpers_islist 
[gw3] [ 72%] PASSED encommon/times/test/test_time.py::test_Time 
encommon/times/test/test_time.py::test_Time_tzname 
[gw3] [ 73%] PASSED encommon/times/test/test_time.py::test_Time_tzname 
encommon/crypts/test/test_hashes.py::test_Hashes 
[gw3] [ 73%] PASSED encommon/crypts/test/test_hashes.py::test_Hashes 
encommon/config/test/test_files.py::test_ConfigFile 
[gw3] [ 73%] PASSED encommon/config/test/test_files.py::test_ConfigFile 
encommon/config/test/test_files.py::test_ConfigFiles 
[gw3] [ 74%] PASSED encommon/config/test/test_files.py::test_ConfigFiles 
encommon/config/test/test_files.py::test_ConfigFiles_cover 
[gw3] [ 74%] PASSED encommon/config/test/test_files.py::test_ConfigFiles_cover 
encommon/config/logger.py::encommon.config.logger.Logger 
[gw3] [ 74%] PASSED encommon/config/logger.py::encommon.config.logger.Logger 
encommon/config/config.py::encommon.config.config.Config 
[gw3] [ 75%] PASSED encommon/config/config.py::encommon.config.config.Config 
encommon/crypts/crypts.py::encommon.crypts.crypts.Crypts 
[gw1] [ 75%] FAILED encommon/webkit/test/test_default.py::test_default_remClass 
[gw3] [ 75%] PASSED encommon/crypts/crypts.py::encommon.crypts.crypts.Crypts 
encommon/crypts/hashes.py::encommon.crypts.hashes.Hashes 
[gw3] [ 76%] PASSED encommon/crypts/hashes.py::encommon.crypts.hashes.Hashes 
encommon/parse/jinja2.py::encommon.parse.jinja2.Jinja2 
[gw3] [ 76%] PASSED encommon/parse/jinja2.py::encommon.parse.jinja2.Jinja2 
encommon/times/parse.py::encommon.times.parse.shift_time 
[gw3] [ 76%] PASSED encommon/times/parse.py::encommon.times.parse.shift_time 
encommon/times/duration.py::encommon.times.duration.Duration 
[gw3] [ 77%] PASSED encommon/times/duration.py::encommon.times.duration.Duration 
encommon/times/parse.py::encommon.times.parse.parse_time 
[gw3] [ 77%] PASSED encommon/times/parse.py::encommon.times.parse.parse_time 
encommon/times/parse.py::encommon.times.parse.since_time 
[gw3] [ 77%] PASSED encommon/times/parse.py::encommon.times.parse.since_time 
encommon/times/parse.py::encommon.times.parse.string_time 
[gw3] [ 78%] PASSED encommon/times/parse.py::encommon.times.parse.string_time 
encommon/types/notate.py::encommon.types.notate.expate 
[gw3] [ 78%] PASSED encommon/types/notate.py::encommon.types.notate.expate 
encommon/times/timer.py::encommon.times.timer.Timer 
encommon/webkit/test/test_default.py::test_default_create 
[gw0] [ 78%] FAILED encommon/webkit/test/test_helpers.py::test_helpers_islist 
encommon/webkit/test/test_helpers.py::test_helpers_isbool 
[gw2] [ 79%] PASSED encommon/times/test/test_utils.py::test_findtz_raises 
encommon/times/test/test_utils.py::test_strptime 
[gw2] [ 79%] PASSED encommon/times/test/test_utils.py::test_strptime 
encommon/times/test/test_utils.py::test_findtz 
[gw2] [ 79%] PASSED encommon/times/test/test_utils.py::test_findtz 
encommon/colors/color.py::encommon.colors.color.Color 
[gw2] [ 80%] PASSED encommon/colors/color.py::encommon.colors.color.Color 
encommon/config/logger.py::encommon.config.logger.Message 
[gw2] [ 80%] PASSED encommon/config/logger.py::encommon.config.logger.Message 
encommon/times/utils.py::encommon.times.utils.utcdatetime 
[gw2] [ 80%] PASSED encommon/times/utils.py::encommon.times.utils.utcdatetime 
encommon/types/notate.py::encommon.types.notate.delate 
[gw2] [ 81%] PASSED encommon/types/notate.py::encommon.types.notate.delate 
encommon/times/utils.py::encommon.times.utils.strftime 
[gw2] [ 81%] PASSED encommon/times/utils.py::encommon.times.utils.strftime 
encommon/types/notate.py::encommon.types.notate.getate 
[gw1] [ 81%] FAILED encommon/webkit/test/test_default.py::test_default_create 
[gw2] [ 82%] PASSED encommon/types/notate.py::encommon.types.notate.getate 
encommon/times/windows.py::encommon.times.windows.Windows 
[gw2] [ 82%] PASSED encommon/times/windows.py::encommon.times.windows.Windows 
encommon/times/window.py::encommon.times.window.Window 
[gw2] [ 82%] PASSED encommon/times/window.py::encommon.times.window.Window 
encommon/times/timers.py::encommon.times.timers.Timers 
encommon/webkit/test/test_default.py::test_default_attr 
[gw0] [ 83%] FAILED encommon/webkit/test/test_helpers.py::test_helpers_isbool 
encommon/webkit/test/test_helpers.py::test_helpers_istime 
[gw3] [ 83%] PASSED encommon/times/timer.py::encommon.times.timer.Timer 
encommon/types/strings.py::encommon.types.strings.rplstr 
[gw3] [ 83%] PASSED encommon/types/strings.py::encommon.types.strings.rplstr 
encommon/times/utils.py::encommon.times.utils.findtz 
[gw3] [ 84%] PASSED encommon/times/utils.py::encommon.times.utils.findtz 
encommon/times/utils.py::encommon.times.utils.strptime 
[gw3] [ 84%] PASSED encommon/times/utils.py::encommon.times.utils.strptime 
encommon/types/strings.py::encommon.types.strings.instr 
[gw3] [ 84%] PASSED encommon/types/strings.py::encommon.types.strings.instr 
encommon/types/notate.py::encommon.types.notate.setate 
[gw3] [ 85%] PASSED encommon/types/notate.py::encommon.types.notate.setate 
encommon/times/time.py::encommon.times.time.Time 
[gw3] [ 85%] PASSED encommon/times/time.py::encommon.times.time.Time 
encommon/types/notate.py::encommon.types.notate.impate 
[gw3] [ 85%] PASSED encommon/types/notate.py::encommon.types.notate.impate 
encommon/types/strings.py::encommon.types.strings.strplwr 
[gw3] [ 85%] PASSED encommon/types/strings.py::encommon.types.strings.strplwr 
encommon/types/empty.py::encommon.types.empty.EmptyType 
[gw3] [ 86%] PASSED encommon/types/empty.py::encommon.types.empty.EmptyType 
encommon/types/strings.py::encommon.types.strings.hasstr 
[gw3] [ 86%] PASSED encommon/types/strings.py::encommon.types.strings.hasstr 
encommon/types/dicts.py::encommon.types.dicts.merge_dicts 
[gw3] [ 86%] PASSED encommon/types/dicts.py::encommon.types.dicts.merge_dicts 
encommon/types/lists.py::encommon.types.lists.inlist 
[gw3] [ 87%] PASSED encommon/types/lists.py::encommon.types.lists.inlist 
encommon/utils/paths.py::encommon.utils.paths.resolve_path 
[gw3] [ 87%] PASSED encommon/utils/paths.py::encommon.utils.paths.resolve_path 
encommon/utils/match.py::encommon.utils.match.rgxp_match 
[gw3] [ 87%] PASSED encommon/utils/match.py::encommon.utils.match.rgxp_match 
encommon/utils/sample.py::encommon.utils.sample.prep_sample 
[gw3] [ 88%] PASSED encommon/utils/sample.py::encommon.utils.sample.prep_sample 
encommon/utils/stdout.py::encommon.utils.stdout.array_ansi 
[gw3] [ 88%] PASSED encommon/utils/stdout.py::encommon.utils.stdout.array_ansi 
encommon/utils/files.py::encommon.utils.files.read_text 
[gw3] [ 88%] PASSED encommon/utils/files.py::encommon.utils.files.read_text 
encommon/utils/paths.py::encommon.utils.paths.stats_path 
[gw3] [ 89%] PASSED encommon/utils/paths.py::encommon.utils.paths.stats_path 
encommon/utils/match.py::encommon.utils.match.fuzz_match 
[gw3] [ 89%] PASSED encommon/utils/match.py::encommon.utils.match.fuzz_match 
encommon/utils/stdout.py::encommon.utils.stdout.strip_ansi 
[gw3] [ 89%] PASSED encommon/utils/stdout.py::encommon.utils.stdout.strip_ansi 
encommon/utils/stdout.py::encommon.utils.stdout.make_ansi 
[gw3] [ 90%] PASSED encommon/utils/stdout.py::encommon.utils.stdout.make_ansi 
encommon/utils/stdout.py::encommon.utils.stdout.print_ansi 
[gw3] [ 90%] PASSED encommon/utils/stdout.py::encommon.utils.stdout.print_ansi 
encommon/utils/stdout.py::encommon.utils.stdout.kvpair_ansi 
[gw3] [ 90%] PASSED encommon/utils/stdout.py::encommon.utils.stdout.kvpair_ansi 
encommon/utils/files.py::encommon.utils.files.save_text 
[gw3] [ 91%] PASSED encommon/utils/files.py::encommon.utils.files.save_text 
encommon/utils/files.py::encommon.utils.files.append_text 
[gw3] [ 91%] PASSED encommon/utils/files.py::encommon.utils.files.append_text 
encommon/utils/paths.py::encommon.utils.paths.resolve_paths 
[gw3] [ 91%] PASSED encommon/utils/paths.py::encommon.utils.paths.resolve_paths 
encommon/utils/sample.py::encommon.utils.sample.load_sample 
[gw3] [ 92%] PASSED encommon/utils/sample.py::encommon.utils.sample.load_sample 
encommon/parse/test/test_network.py::test_Network 
[gw3] [ 92%] PASSED encommon/parse/test/test_network.py::test_Network 
encommon/parse/test/test_network.py::test_Network_ipv6 
[gw3] [ 92%] PASSED encommon/parse/test/test_network.py::test_Network_ipv6 
encommon/parse/test/test_network.py::test_Network_ipv4 
[gw3] [ 93%] PASSED encommon/parse/test/test_network.py::test_Network_ipv4 
encommon/parse/test/test_network.py::test_insubnet_ip 
[gw3] [ 93%] PASSED encommon/parse/test/test_network.py::test_insubnet_ip 
encommon/parse/test/test_network.py::test_isvalid_ip 
[gw3] [ 93%] PASSED encommon/parse/test/test_network.py::test_isvalid_ip 
encommon/crypts/test/test_crypts.py::test_Crypts_cover 
[gw3] [ 94%] PASSED encommon/crypts/test/test_crypts.py::test_Crypts_cover 
encommon/crypts/test/test_crypts.py::test_Crypts_iterate[foo-default] 
[gw3] [ 94%] PASSED encommon/crypts/test/test_crypts.py::test_Crypts_iterate[foo-default] 
encommon/crypts/test/test_crypts.py::test_Crypts_iterate[foo-secrets] 
[gw3] [ 94%] PASSED encommon/crypts/test/test_crypts.py::test_Crypts_iterate[foo-secrets] 
encommon/crypts/test/test_crypts.py::test_Crypts 
[gw3] [ 95%] PASSED encommon/crypts/test/test_crypts.py::test_Crypts 
encommon/crypts/test/test_crypts.py::test_Crypts_raises 
[gw3] [ 95%] PASSED encommon/crypts/test/test_crypts.py::test_Crypts_raises 
encommon/webkit/test/test_moderate.py::test_moderate 
[gw1] [ 95%] FAILED encommon/webkit/test/test_default.py::test_default_attr 
encommon/webkit/test/test_default.py::test_default_addClass 
[gw0] [ 96%] FAILED encommon/webkit/test/test_helpers.py::test_helpers_istime 
[gw2] [ 96%] PASSED encommon/times/timers.py::encommon.times.timers.Timers 
encommon/types/strings.py::encommon.types.strings.inrepr 
[gw2] [ 96%] PASSED encommon/types/strings.py::encommon.types.strings.inrepr 
encommon/times/test/test_timer.py::test_Timer 
encommon/times/unitime.py::encommon.times.unitime.unitime 
[gw0] [ 97%] PASSED encommon/times/unitime.py::encommon.times.unitime.unitime 
encommon/types/dicts.py::encommon.types.dicts.sort_dict 
[gw0] [ 97%] PASSED encommon/types/dicts.py::encommon.types.dicts.sort_dict 
encommon/types/lists.py::encommon.types.lists.dedup_list 
[gw0] [ 97%] PASSED encommon/types/lists.py::encommon.types.lists.dedup_list 
encommon/types/lists.py::encommon.types.lists.fuzzy_list 
[gw0] [ 98%] PASSED encommon/types/lists.py::encommon.types.lists.fuzzy_list 
[gw3] [ 98%] FAILED encommon/webkit/test/test_moderate.py::test_moderate 
encommon/webkit/test/test_message.py::test_message 
[gw1] [ 98%] FAILED encommon/webkit/test/test_default.py::test_default_addClass 
encommon/webkit/test/test_default.py::test_default_content 
[gw3] [ 99%] FAILED encommon/webkit/test/test_message.py::test_message 
[gw2] [ 99%] PASSED encommon/times/test/test_timer.py::test_Timer 
encommon/webkit/test/test_statate.py::test_statate 
[gw1] [ 99%] FAILED encommon/webkit/test/test_default.py::test_default_content 
[gw2] [100%] FAILED encommon/webkit/test/test_statate.py::test_statate 

=================================== FAILURES ===================================
________________________________ test_datestamp ________________________________
[gw3] linux -- Python 3.12.13 /home/runner/work/encommon/encommon/main/.venv-package/bin/python3

content = <encommon.webkit.content.Content object at 0x7f4818b9bbf0>
driver = <selenium.webdriver.chrome.webdriver.WebDriver (session="0e3721818c9ae835ced7bccaae0f471c")>

    def test_datestamp(
        content: 'Content',
        driver: WebDriver,
    ) -> None:
        """
        Perform various tests associated with relevant routines.
    
        :param content: Primary class instance for the content.
        :param driver: Selenium driver provided by the library.
        """
    
    
        driver.get(
            f"""
            data:text/html;
            charset=utf-8,
            <html>
              <head>
                <script>
            {content.scripts('default')}
            {content.scripts('helpers')}
            {content.scripts('datetime')}
                </script>
              </head>
              <body></body>
            </html>
            """)
    
    
>       outcome = _executejs(
            driver,
            'let element ='
            ' datestamp(...arguments);'
            'return'
            ' element[0].outerHTML;',
            '2024-04-20T16:20:00Z',
            wrap=False)

encommon/webkit/test/test_datetime.py:50: 
_ _ _ _ _ _ _ _ _ _ _ _ _ _ _ _ _ _ _ _ _ _ _ _ _ _ _ _ _ _ _ _ _ _ _ _ _ _ _ _ 
encommon/webkit/test/__init__.py:36: in _executejs
    driver
.venv-package/lib/python3.12/site-packages/selenium/webdriver/remote/webdriver.py:532: in execute_script
    return self.execute(command, {"script": script, "args": converted_args})["value"]
           ^^^^^^^^^^^^^^^^^^^^^^^^^^^^^^^^^^^^^^^^^^^^^^^^^^^^^^^^^^^^^^^^^
.venv-package/lib/python3.12/site-packages/selenium/webdriver/remote/webdriver.py:446: in execute
    self.error_handler.check_response(response)
_ _ _ _ _ _ _ _ _ _ _ _ _ _ _ _ _ _ _ _ _ _ _ _ _ _ _ _ _ _ _ _ _ _ _ _ _ _ _ _ 

self = <selenium.webdriver.remote.errorhandler.ErrorHandler object at 0x7f48189e0380>
response = {'status': 500, 'value': '{"value":{"error":"javascript error","message":"javascript error: datestamp is not defined\\...\\n#15 0x55812bb004de \\u003Cunknown>\\n#16 0x7f7a3e89caa4 \\u003Cunknown>\\n#17 0x7f7a3e929c6c \\u003Cunknown>\\n"}}'}

    def check_response(self, response: dict[str, Any]) -> None:
        """Check that a JSON response from the WebDriver does not have an error.
    
        Args:
            response: The JSON response from the WebDriver server as a dictionary
                object.
    
        Raises:
            WebDriverException: If the response contains an error message.
        """
        status = response.get("status", None)
        if not status or status == ErrorCode.SUCCESS:
            return
        value = None
        message = response.get("message", "")
        screen: str = response.get("screen", "")
        stacktrace = None
        if isinstance(status, int):
            value_json = response.get("value", None)
            if value_json and isinstance(value_json, str):
                try:
                    value = json.loads(value_json)
                    if isinstance(value, dict):
                        if len(value) == 1:
                            value = value["value"]
                        status = value.get("error", None)
                        if not status:
                            status = value.get("status", ErrorCode.UNKNOWN_ERROR)
                            message = value.get("value") or value.get("message")
                            if not isinstance(message, str):
                                value = message
                                message = message.get("message") if isinstance(message, dict) else None
                        else:
                            message = value.get("message", None)
                except ValueError:
                    pass
    
        exception_class: type[WebDriverException]
        e = ErrorCode()
        error_codes = [item for item in dir(e) if not item.startswith("__")]
        for error_code in error_codes:
            error_info = getattr(ErrorCode, error_code)
            if isinstance(error_info, list) and status in error_info:
                exception_class = getattr(ExceptionMapping, error_code, WebDriverException)
                break
        else:
            exception_class = WebDriverException
    
        if not value:
            value = response["value"]
        if isinstance(value, str):
            raise exception_class(value)
        if message == "" and "message" in value:
            message = value["message"]
    
        screen = None  # type: ignore[assignment]
        if "screen" in value:
            screen = value["screen"]
    
        stacktrace = None
        st_value = value.get("stackTrace") or value.get("stacktrace")
        if st_value:
            if isinstance(st_value, str):
                stacktrace = st_value.split("\n")
            else:
                stacktrace = []
                try:
                    for frame in st_value:
                        line = frame.get("lineNumber", "")
                        file = frame.get("fileName", "<anonymous>")
                        if line:
                            file = f"{file}:{line}"
                        meth = frame.get("methodName", "<anonymous>")
                        if "className" in frame:
                            meth = f"{frame['className']}.{meth}"
                        msg = "    at %s (%s)"
                        msg = msg % (meth, file)
                        stacktrace.append(msg)
                except TypeError:
                    pass
        if exception_class == UnexpectedAlertPresentException:
            alert_text = None
            if "data" in value:
                alert_text = value["data"].get("text")
            elif "alert" in value:
                alert_text = value["alert"].get("text")
            raise exception_class(message, screen, stacktrace, alert_text)  # type: ignore[call-arg]  # mypy is not smart enough here
>       raise exception_class(message, screen, stacktrace)
E       selenium.common.exceptions.JavascriptException: Message: javascript error: datestamp is not defined
E         (Session info: chrome=146.0.7680.164)
E       Stacktrace:
E       #0 0x55812bb01a6a <unknown>
E       #1 0x55812b510ab5 <unknown>
E       #2 0x55812b51792b <unknown>
E       #3 0x55812b51a4ab <unknown>
E       #4 0x55812b5ac8d9 <unknown>
E       #5 0x55812b5ab7b6 <unknown>
E       #6 0x55812b556cbf <unknown>
E       #7 0x55812b557a81 <unknown>
E       #8 0x55812bac7a64 <unknown>
E       #9 0x55812baca951 <unknown>
E       #10 0x55812bab421e <unknown>
E       #11 0x55812bacb51e <unknown>
E       #12 0x55812ba9abe0 <unknown>
E       #13 0x55812baee9b8 <unknown>
E       #14 0x55812baeeb88 <unknown>
E       #15 0x55812bb004de <unknown>
E       #16 0x7f7a3e89caa4 <unknown>
E       #17 0x7f7a3e929c6c <unknown>

.venv-package/lib/python3.12/site-packages/selenium/webdriver/remote/errorhandler.py:232: JavascriptException
________________________________ test_colordiv _________________________________
[gw1] linux -- Python 3.12.13 /home/runner/work/encommon/encommon/main/.venv-package/bin/python3

content = <encommon.webkit.content.Content object at 0x7fb013993320>
driver = <selenium.webdriver.chrome.webdriver.WebDriver (session="287f08e31bb3e5dbbdf70bea18ed905b")>

    def test_colordiv(
        content: 'Content',
        driver: WebDriver,
    ) -> None:
        """
        Perform various tests associated with relevant routines.
    
        :param content: Primary class instance for the content.
        :param driver: Selenium driver provided by the library.
        """
    
    
        driver.get(
            f"""
            data:text/html;
            charset=utf-8,
            <html>
              <head>
                <script>
            {content.scripts('default')}
            {content.scripts('helpers')}
            {content.scripts('color')}
                </script>
              </head>
              <body></body>
            </html>
            """)
    
    
>       outcome = _executejs(
            driver,
            'let element ='
            ' colordiv(...arguments);'
            'return'
            ' element[0].outerHTML;',
            '#FF00CC',
            wrap=False)

encommon/webkit/test/test_color.py:50: 
_ _ _ _ _ _ _ _ _ _ _ _ _ _ _ _ _ _ _ _ _ _ _ _ _ _ _ _ _ _ _ _ _ _ _ _ _ _ _ _ 
encommon/webkit/test/__init__.py:36: in _executejs
    driver
.venv-package/lib/python3.12/site-packages/selenium/webdriver/remote/webdriver.py:532: in execute_script
    return self.execute(command, {"script": script, "args": converted_args})["value"]
           ^^^^^^^^^^^^^^^^^^^^^^^^^^^^^^^^^^^^^^^^^^^^^^^^^^^^^^^^^^^^^^^^^
.venv-package/lib/python3.12/site-packages/selenium/webdriver/remote/webdriver.py:446: in execute
    self.error_handler.check_response(response)
_ _ _ _ _ _ _ _ _ _ _ _ _ _ _ _ _ _ _ _ _ _ _ _ _ _ _ _ _ _ _ _ _ _ _ _ _ _ _ _ 

self = <selenium.webdriver.remote.errorhandler.ErrorHandler object at 0x7fb0138d19a0>
response = {'status': 500, 'value': '{"value":{"error":"javascript error","message":"javascript error: colordiv is not defined\\n...\\n#15 0x55567b3a54de \\u003Cunknown>\\n#16 0x7f7d8389caa4 \\u003Cunknown>\\n#17 0x7f7d83929c6c \\u003Cunknown>\\n"}}'}

    def check_response(self, response: dict[str, Any]) -> None:
        """Check that a JSON response from the WebDriver does not have an error.
    
        Args:
            response: The JSON response from the WebDriver server as a dictionary
                object.
    
        Raises:
            WebDriverException: If the response contains an error message.
        """
        status = response.get("status", None)
        if not status or status == ErrorCode.SUCCESS:
            return
        value = None
        message = response.get("message", "")
        screen: str = response.get("screen", "")
        stacktrace = None
        if isinstance(status, int):
            value_json = response.get("value", None)
            if value_json and isinstance(value_json, str):
                try:
                    value = json.loads(value_json)
                    if isinstance(value, dict):
                        if len(value) == 1:
                            value = value["value"]
                        status = value.get("error", None)
                        if not status:
                            status = value.get("status", ErrorCode.UNKNOWN_ERROR)
                            message = value.get("value") or value.get("message")
                            if not isinstance(message, str):
                                value = message
                                message = message.get("message") if isinstance(message, dict) else None
                        else:
                            message = value.get("message", None)
                except ValueError:
                    pass
    
        exception_class: type[WebDriverException]
        e = ErrorCode()
        error_codes = [item for item in dir(e) if not item.startswith("__")]
        for error_code in error_codes:
            error_info = getattr(ErrorCode, error_code)
            if isinstance(error_info, list) and status in error_info:
                exception_class = getattr(ExceptionMapping, error_code, WebDriverException)
                break
        else:
            exception_class = WebDriverException
    
        if not value:
            value = response["value"]
        if isinstance(value, str):
            raise exception_class(value)
        if message == "" and "message" in value:
            message = value["message"]
    
        screen = None  # type: ignore[assignment]
        if "screen" in value:
            screen = value["screen"]
    
        stacktrace = None
        st_value = value.get("stackTrace") or value.get("stacktrace")
        if st_value:
            if isinstance(st_value, str):
                stacktrace = st_value.split("\n")
            else:
                stacktrace = []
                try:
                    for frame in st_value:
                        line = frame.get("lineNumber", "")
                        file = frame.get("fileName", "<anonymous>")
                        if line:
                            file = f"{file}:{line}"
                        meth = frame.get("methodName", "<anonymous>")
                        if "className" in frame:
                            meth = f"{frame['className']}.{meth}"
                        msg = "    at %s (%s)"
                        msg = msg % (meth, file)
                        stacktrace.append(msg)
                except TypeError:
                    pass
        if exception_class == UnexpectedAlertPresentException:
            alert_text = None
            if "data" in value:
                alert_text = value["data"].get("text")
            elif "alert" in value:
                alert_text = value["alert"].get("text")
            raise exception_class(message, screen, stacktrace, alert_text)  # type: ignore[call-arg]  # mypy is not smart enough here
>       raise exception_class(message, screen, stacktrace)
E       selenium.common.exceptions.JavascriptException: Message: javascript error: colordiv is not defined
E         (Session info: chrome=146.0.7680.164)
E       Stacktrace:
E       #0 0x55567b3a6a6a <unknown>
E       #1 0x55567adb5ab5 <unknown>
E       #2 0x55567adbc92b <unknown>
E       #3 0x55567adbf4ab <unknown>
E       #4 0x55567ae518d9 <unknown>
E       #5 0x55567ae507b6 <unknown>
E       #6 0x55567adfbcbf <unknown>
E       #7 0x55567adfca81 <unknown>
E       #8 0x55567b36ca64 <unknown>
E       #9 0x55567b36f951 <unknown>
E       #10 0x55567b35921e <unknown>
E       #11 0x55567b37051e <unknown>
E       #12 0x55567b33fbe0 <unknown>
E       #13 0x55567b3939b8 <unknown>
E       #14 0x55567b393b88 <unknown>
E       #15 0x55567b3a54de <unknown>
E       #16 0x7f7d8389caa4 <unknown>
E       #17 0x7f7d83929c6c <unknown>

.venv-package/lib/python3.12/site-packages/selenium/webdriver/remote/errorhandler.py:232: JavascriptException
------------------------------ Captured log setup ------------------------------
DEBUG    selenium.webdriver.common.selenium_manager:selenium_manager.py:112 Selenium Manager binary found at: /home/runner/work/encommon/encommon/main/.venv-package/lib/python3.12/site-packages/selenium/webdriver/common/linux/selenium-manager
DEBUG    selenium.webdriver.common.selenium_manager:selenium_manager.py:127 Executing process: /home/runner/work/encommon/encommon/main/.venv-package/lib/python3.12/site-packages/selenium/webdriver/common/linux/selenium-manager --browser chrome --language-binding python --output json
DEBUG    selenium.webdriver.common.selenium_manager:selenium_manager.py:153 Driver path: /usr/bin/chromedriver
DEBUG    selenium.webdriver.common.selenium_manager:selenium_manager.py:153 Browser path: /usr/bin/google-chrome
DEBUG    selenium.webdriver.common.service:service.py:232 Started executable: `/usr/bin/chromedriver` in a child process with pid: 3364 using 0 to output -3
DEBUG    selenium.webdriver.remote.remote_connection:remote_connection.py:406 POST http://localhost:49417/session {'capabilities': {'firstMatch': [{}], 'alwaysMatch': {'browserName': 'chrome', 'pageLoadStrategy': <PageLoadStrategy.normal: 'normal'>, 'browserVersion': None, 'goog:chromeOptions': {'extensions': [], 'binary': '/usr/bin/google-chrome', 'args': ['--headless']}}}}
DEBUG    urllib3.connectionpool:connectionpool.py:241 Starting new HTTP connection (1): localhost:49417
DEBUG    urllib3.connectionpool:connectionpool.py:544 http://localhost:49417 "POST /session HTTP/1.1" 200 0
DEBUG    selenium.webdriver.remote.remote_connection:remote_connection.py:439 Remote response: status=200 | data={"value":{"capabilities":{"acceptInsecureCerts":false,"browserName":"chrome","browserVersion":"146.0.7680.164","chrome":{"chromedriverVersion":"146.0.7680.165 (4b989da09e15a7dc0de0785cb5ff232aadae3f0f-refs/branch-heads/7680@{#2932})","userDataDir":"/tmp/org.chromium.Chromium.scoped_dir.HMFdOR"},"fedcm:accounts":true,"goog:chromeOptions":{"debuggerAddress":"localhost:44085"},"goog:processID":3385,"networkConnectionEnabled":false,"pageLoadStrategy":"normal","platformName":"linux","proxy":{},"setWindowRect":true,"strictFileInteractability":false,"timeouts":{"implicit":0,"pageLoad":300000,"script":30000},"unhandledPromptBehavior":"dismiss and notify","webauthn:extension:credBlob":true,"webauthn:extension:largeBlob":true,"webauthn:extension:minPinLength":true,"webauthn:extension:prf":true,"webauthn:virtualAuthenticators":true},"sessionId":"287f08e31bb3e5dbbdf70bea18ed905b"}} | headers=HTTPHeaderDict({'Content-Length': '882', 'Content-Type': 'application/json; charset=utf-8', 'cache-control': 'no-cache'})
DEBUG    selenium.webdriver.remote.remote_connection:remote_connection.py:468 Finished Request
------------------------------ Captured log call -------------------------------
DEBUG    selenium.webdriver.remote.remote_connection:remote_connection.py:406 POST http://localhost:49417/session/287f08e31bb3e5dbbdf70bea18ed905b/url {'url': '\n        data:text/html;\n        charset=utf-8,\n        <html>\n          <head>\n            <script>...'}
DEBUG    urllib3.connectionpool:connectionpool.py:544 http://localhost:49417 "POST /session/287f08e31bb3e5dbbdf70bea18ed905b/url HTTP/1.1" 200 0
DEBUG    selenium.webdriver.remote.remote_connection:remote_connection.py:439 Remote response: status=200 | data={"value":null} | headers=HTTPHeaderDict({'Content-Length': '14', 'Content-Type': 'application/json; charset=utf-8', 'cache-control': 'no-cache'})
DEBUG    selenium.webdriver.remote.remote_connection:remote_connection.py:468 Finished Request
DEBUG    selenium.webdriver.remote.remote_connection:remote_connection.py:406 POST http://localhost:49417/session/287f08e31bb3e5dbbdf70bea18ed905b/execute/sync {'script': 'let element = colordiv(...arguments);return element[0].outerHTML;', 'args': ['#FF00CC']}
DEBUG    urllib3.connectionpool:connectionpool.py:544 http://localhost:49417 "POST /session/287f08e31bb3e5dbbdf70bea18ed905b/execute/sync HTTP/1.1" 500 0
DEBUG    selenium.webdriver.remote.remote_connection:remote_connection.py:439 Remote response: status=500 | data={"value":{"error":"javascript error","message":"javascript error: colordiv is not defined\n  (Session info: chrome=146.0.7680.164)","stacktrace":"#0 0x55567b3a6a6a \u003Cunknown>\n#1 0x55567adb5ab5 \u003Cunknown>\n#2 0x55567adbc92b \u003Cunknown>\n#3 0x55567adbf4ab \u003Cunknown>\n#4 0x55567ae518d9 \u003Cunknown>\n#5 0x55567ae507b6 \u003Cunknown>\n#6 0x55567adfbcbf \u003Cunknown>\n#7 0x55567adfca81 \u003Cunknown>\n#8 0x55567b36ca64 \u003Cunknown>\n#9 0x55567b36f951 \u003Cunknown>\n#10 0x55567b35921e \u003Cunknown>\n#11 0x55567b37051e \u003Cunknown>\n#12 0x55567b33fbe0 \u003Cunknown>\n#13 0x55567b3939b8 \u003Cunknown>\n#14 0x55567b393b88 \u003Cunknown>\n#15 0x55567b3a54de \u003Cunknown>\n#16 0x7f7d8389caa4 \u003Cunknown>\n#17 0x7f7d83929c6c \u003Cunknown>\n"}} | headers=HTTPHeaderDict({'Content-Length': '769', 'Content-Type': 'application/json; charset=utf-8', 'cache-control': 'no-cache'})
DEBUG    selenium.webdriver.remote.remote_connection:remote_connection.py:468 Finished Request
---------------------------- Captured log teardown -----------------------------
DEBUG    selenium.webdriver.remote.remote_connection:remote_connection.py:406 DELETE http://localhost:49417/session/287f08e31bb3e5dbbdf70bea18ed905b {}
DEBUG    urllib3.connectionpool:connectionpool.py:544 http://localhost:49417 "DELETE /session/287f08e31bb3e5dbbdf70bea18ed905b HTTP/1.1" 200 0
DEBUG    selenium.webdriver.remote.remote_connection:remote_connection.py:439 Remote response: status=200 | data={"value":null} | headers=HTTPHeaderDict({'Content-Length': '14', 'Content-Type': 'application/json; charset=utf-8', 'cache-control': 'no-cache'})
DEBUG    selenium.webdriver.remote.remote_connection:remote_connection.py:468 Finished Request
_____________________________ test_helpers_isquery _____________________________
[gw0] linux -- Python 3.12.13 /home/runner/work/encommon/encommon/main/.venv-package/bin/python3

prepare = (<encommon.webkit.content.Content object at 0x7ff5c9b81b80>, <selenium.webdriver.chrome.webdriver.WebDriver (session="e5485a4b4d76c6a817006f6edd6e2817")>)

    def test_helpers_isquery(
        prepare: tuple['Content', WebDriver],
    ) -> None:
        """
        Perform various tests associated with relevant routines.
    
        :param prepare: Driver and content loaded with scripts.
        """
    
        content, driver = prepare
    
>       outcome = _executejs(
            driver,
            ('let element = $("<p/>");'
             'return isquery(element);'),
            wrap=False)

encommon/webkit/test/test_helpers.py:220: 
_ _ _ _ _ _ _ _ _ _ _ _ _ _ _ _ _ _ _ _ _ _ _ _ _ _ _ _ _ _ _ _ _ _ _ _ _ _ _ _ 
encommon/webkit/test/__init__.py:36: in _executejs
    driver
.venv-package/lib/python3.12/site-packages/selenium/webdriver/remote/webdriver.py:532: in execute_script
    return self.execute(command, {"script": script, "args": converted_args})["value"]
           ^^^^^^^^^^^^^^^^^^^^^^^^^^^^^^^^^^^^^^^^^^^^^^^^^^^^^^^^^^^^^^^^^
.venv-package/lib/python3.12/site-packages/selenium/webdriver/remote/webdriver.py:446: in execute
    self.error_handler.check_response(response)
_ _ _ _ _ _ _ _ _ _ _ _ _ _ _ _ _ _ _ _ _ _ _ _ _ _ _ _ _ _ _ _ _ _ _ _ _ _ _ _ 

self = <selenium.webdriver.remote.errorhandler.ErrorHandler object at 0x7ff5c9b83ad0>
response = {'status': 500, 'value': '{"value":{"error":"javascript error","message":"javascript error: $ is not defined\\n  (Sess...\\n#15 0x55bb9c04f4de \\u003Cunknown>\\n#16 0x7f29c769caa4 \\u003Cunknown>\\n#17 0x7f29c7729c6c \\u003Cunknown>\\n"}}'}

    def check_response(self, response: dict[str, Any]) -> None:
        """Check that a JSON response from the WebDriver does not have an error.
    
        Args:
            response: The JSON response from the WebDriver server as a dictionary
                object.
    
        Raises:
            WebDriverException: If the response contains an error message.
        """
        status = response.get("status", None)
        if not status or status == ErrorCode.SUCCESS:
            return
        value = None
        message = response.get("message", "")
        screen: str = response.get("screen", "")
        stacktrace = None
        if isinstance(status, int):
            value_json = response.get("value", None)
            if value_json and isinstance(value_json, str):
                try:
                    value = json.loads(value_json)
                    if isinstance(value, dict):
                        if len(value) == 1:
                            value = value["value"]
                        status = value.get("error", None)
                        if not status:
                            status = value.get("status", ErrorCode.UNKNOWN_ERROR)
                            message = value.get("value") or value.get("message")
                            if not isinstance(message, str):
                                value = message
                                message = message.get("message") if isinstance(message, dict) else None
                        else:
                            message = value.get("message", None)
                except ValueError:
                    pass
    
        exception_class: type[WebDriverException]
        e = ErrorCode()
        error_codes = [item for item in dir(e) if not item.startswith("__")]
        for error_code in error_codes:
            error_info = getattr(ErrorCode, error_code)
            if isinstance(error_info, list) and status in error_info:
                exception_class = getattr(ExceptionMapping, error_code, WebDriverException)
                break
        else:
            exception_class = WebDriverException
    
        if not value:
            value = response["value"]
        if isinstance(value, str):
            raise exception_class(value)
        if message == "" and "message" in value:
            message = value["message"]
    
        screen = None  # type: ignore[assignment]
        if "screen" in value:
            screen = value["screen"]
    
        stacktrace = None
        st_value = value.get("stackTrace") or value.get("stacktrace")
        if st_value:
            if isinstance(st_value, str):
                stacktrace = st_value.split("\n")
            else:
                stacktrace = []
                try:
                    for frame in st_value:
                        line = frame.get("lineNumber", "")
                        file = frame.get("fileName", "<anonymous>")
                        if line:
                            file = f"{file}:{line}"
                        meth = frame.get("methodName", "<anonymous>")
                        if "className" in frame:
                            meth = f"{frame['className']}.{meth}"
                        msg = "    at %s (%s)"
                        msg = msg % (meth, file)
                        stacktrace.append(msg)
                except TypeError:
                    pass
        if exception_class == UnexpectedAlertPresentException:
            alert_text = None
            if "data" in value:
                alert_text = value["data"].get("text")
            elif "alert" in value:
                alert_text = value["alert"].get("text")
            raise exception_class(message, screen, stacktrace, alert_text)  # type: ignore[call-arg]  # mypy is not smart enough here
>       raise exception_class(message, screen, stacktrace)
E       selenium.common.exceptions.JavascriptException: Message: javascript error: $ is not defined
E         (Session info: chrome=146.0.7680.164)
E       Stacktrace:
E       #0 0x55bb9c050a6a <unknown>
E       #1 0x55bb9ba5fab5 <unknown>
E       #2 0x55bb9ba6692b <unknown>
E       #3 0x55bb9ba694ab <unknown>
E       #4 0x55bb9bafb8d9 <unknown>
E       #5 0x55bb9bafa7b6 <unknown>
E       #6 0x55bb9baa5cbf <unknown>
E       #7 0x55bb9baa6a81 <unknown>
E       #8 0x55bb9c016a64 <unknown>
E       #9 0x55bb9c019951 <unknown>
E       #10 0x55bb9c00321e <unknown>
E       #11 0x55bb9c01a51e <unknown>
E       #12 0x55bb9bfe9be0 <unknown>
E       #13 0x55bb9c03d9b8 <unknown>
E       #14 0x55bb9c03db88 <unknown>
E       #15 0x55bb9c04f4de <unknown>
E       #16 0x7f29c769caa4 <unknown>
E       #17 0x7f29c7729c6c <unknown>

.venv-package/lib/python3.12/site-packages/selenium/webdriver/remote/errorhandler.py:232: JavascriptException
________________________________ test_duration _________________________________
[gw2] linux -- Python 3.12.13 /home/runner/work/encommon/encommon/main/.venv-package/bin/python3

content = <encommon.webkit.content.Content object at 0x7fd66afca750>
driver = <selenium.webdriver.chrome.webdriver.WebDriver (session="58e5880765990b4e8e254e10a80fb398")>

    def test_duration(
        content: 'Content',
        driver: WebDriver,
    ) -> None:
        """
        Perform various tests associated with relevant routines.
    
        :param content: Primary class instance for the content.
        :param driver: Selenium driver provided by the library.
        """
    
    
        driver.get(
            f"""
            data:text/html;
            charset=utf-8,
            <html>
              <head>
                <script>
            {content.scripts('default')}
            {content.scripts('helpers')}
            {content.scripts('duration')}
                </script>
              </head>
              <body></body>
            </html>
            """)
    
    
>       outcome = _executejs(
            driver,
            'let element ='
            ' duration(...arguments);'
            'return'
            ' element[0].outerHTML;',
            90460023,
            wrap=False)

encommon/webkit/test/test_duration.py:50: 
_ _ _ _ _ _ _ _ _ _ _ _ _ _ _ _ _ _ _ _ _ _ _ _ _ _ _ _ _ _ _ _ _ _ _ _ _ _ _ _ 
encommon/webkit/test/__init__.py:36: in _executejs
    driver
.venv-package/lib/python3.12/site-packages/selenium/webdriver/remote/webdriver.py:532: in execute_script
    return self.execute(command, {"script": script, "args": converted_args})["value"]
           ^^^^^^^^^^^^^^^^^^^^^^^^^^^^^^^^^^^^^^^^^^^^^^^^^^^^^^^^^^^^^^^^^
.venv-package/lib/python3.12/site-packages/selenium/webdriver/remote/webdriver.py:446: in execute
    self.error_handler.check_response(response)
_ _ _ _ _ _ _ _ _ _ _ _ _ _ _ _ _ _ _ _ _ _ _ _ _ _ _ _ _ _ _ _ _ _ _ _ _ _ _ _ 

self = <selenium.webdriver.remote.errorhandler.ErrorHandler object at 0x7fd66b070380>
response = {'status': 500, 'value': '{"value":{"error":"javascript error","message":"javascript error: duration is not defined\\n...\\n#15 0x55a3fb45a4de \\u003Cunknown>\\n#16 0x7fbe2a29caa4 \\u003Cunknown>\\n#17 0x7fbe2a329c6c \\u003Cunknown>\\n"}}'}

    def check_response(self, response: dict[str, Any]) -> None:
        """Check that a JSON response from the WebDriver does not have an error.
    
        Args:
            response: The JSON response from the WebDriver server as a dictionary
                object.
    
        Raises:
            WebDriverException: If the response contains an error message.
        """
        status = response.get("status", None)
        if not status or status == ErrorCode.SUCCESS:
            return
        value = None
        message = response.get("message", "")
        screen: str = response.get("screen", "")
        stacktrace = None
        if isinstance(status, int):
            value_json = response.get("value", None)
            if value_json and isinstance(value_json, str):
                try:
                    value = json.loads(value_json)
                    if isinstance(value, dict):
                        if len(value) == 1:
                            value = value["value"]
                        status = value.get("error", None)
                        if not status:
                            status = value.get("status", ErrorCode.UNKNOWN_ERROR)
                            message = value.get("value") or value.get("message")
                            if not isinstance(message, str):
                                value = message
                                message = message.get("message") if isinstance(message, dict) else None
                        else:
                            message = value.get("message", None)
                except ValueError:
                    pass
    
        exception_class: type[WebDriverException]
        e = ErrorCode()
        error_codes = [item for item in dir(e) if not item.startswith("__")]
        for error_code in error_codes:
            error_info = getattr(ErrorCode, error_code)
            if isinstance(error_info, list) and status in error_info:
                exception_class = getattr(ExceptionMapping, error_code, WebDriverException)
                break
        else:
            exception_class = WebDriverException
    
        if not value:
            value = response["value"]
        if isinstance(value, str):
            raise exception_class(value)
        if message == "" and "message" in value:
            message = value["message"]
    
        screen = None  # type: ignore[assignment]
        if "screen" in value:
            screen = value["screen"]
    
        stacktrace = None
        st_value = value.get("stackTrace") or value.get("stacktrace")
        if st_value:
            if isinstance(st_value, str):
                stacktrace = st_value.split("\n")
            else:
                stacktrace = []
                try:
                    for frame in st_value:
                        line = frame.get("lineNumber", "")
                        file = frame.get("fileName", "<anonymous>")
                        if line:
                            file = f"{file}:{line}"
                        meth = frame.get("methodName", "<anonymous>")
                        if "className" in frame:
                            meth = f"{frame['className']}.{meth}"
                        msg = "    at %s (%s)"
                        msg = msg % (meth, file)
                        stacktrace.append(msg)
                except TypeError:
                    pass
        if exception_class == UnexpectedAlertPresentException:
            alert_text = None
            if "data" in value:
                alert_text = value["data"].get("text")
            elif "alert" in value:
                alert_text = value["alert"].get("text")
            raise exception_class(message, screen, stacktrace, alert_text)  # type: ignore[call-arg]  # mypy is not smart enough here
>       raise exception_class(message, screen, stacktrace)
E       selenium.common.exceptions.JavascriptException: Message: javascript error: duration is not defined
E         (Session info: chrome=146.0.7680.164)
E       Stacktrace:
E       #0 0x55a3fb45ba6a <unknown>
E       #1 0x55a3fae6aab5 <unknown>
E       #2 0x55a3fae7192b <unknown>
E       #3 0x55a3fae744ab <unknown>
E       #4 0x55a3faf068d9 <unknown>
E       #5 0x55a3faf057b6 <unknown>
E       #6 0x55a3faeb0cbf <unknown>
E       #7 0x55a3faeb1a81 <unknown>
E       #8 0x55a3fb421a64 <unknown>
E       #9 0x55a3fb424951 <unknown>
E       #10 0x55a3fb40e21e <unknown>
E       #11 0x55a3fb42551e <unknown>
E       #12 0x55a3fb3f4be0 <unknown>
E       #13 0x55a3fb4489b8 <unknown>
E       #14 0x55a3fb448b88 <unknown>
E       #15 0x55a3fb45a4de <unknown>
E       #16 0x7fbe2a29caa4 <unknown>
E       #17 0x7fbe2a329c6c <unknown>

.venv-package/lib/python3.12/site-packages/selenium/webdriver/remote/errorhandler.py:232: JavascriptException
_____________________________ test_helpers_isdict ______________________________
[gw0] linux -- Python 3.12.13 /home/runner/work/encommon/encommon/main/.venv-package/bin/python3

prepare = (<encommon.webkit.content.Content object at 0x7ff5c9ae5e20>, <selenium.webdriver.chrome.webdriver.WebDriver (session="0fa0235daa338971353944a5679ee3a2")>)

    def test_helpers_isdict(
        prepare: tuple['Content', WebDriver],
    ) -> None:
        """
        Perform various tests associated with relevant routines.
    
        :param prepare: Driver and content loaded with scripts.
        """
    
        content, driver = prepare
    
>       outcome = _executejs(
            driver,
            'isdict({"foo": "bar"})')

encommon/webkit/test/test_helpers.py:300: 
[...]
#7 0x5576dffeea81 <unknown>
#8 0x5576e055ea64 <unknown>
#9 0x5576e0561951 <unknown>
#10 0x5576e054b21e <unknown>
#11 0x5576e056251e <unknown>
#12 0x5576e0531be0 <unknown>
#13 0x5576e05859b8 <unknown>
#14 0x5576e0585b88 <unknown>
#15 0x5576e05974de <unknown>
#16 0x7f222fa9caa4 <unknown>
#17 0x7f222fb29c6c <unknown>
FAILED encommon/webkit/test/test_helpers.py::test_helpers_loads - selenium.common.exceptions.JavascriptException: Message: javascript error: loads is not defined
  (Session info: chrome=146.0.7680.164)
Stacktrace:
#0 0x559d55e2ea6a <unknown>
#1 0x559d5583dab5 <unknown>
#2 0x559d5584492b <unknown>
#3 0x559d558474ab <unknown>
#4 0x559d558d98d9 <unknown>
#5 0x559d558d87b6 <unknown>
#6 0x559d55883cbf <unknown>
#7 0x559d55884a81 <unknown>
#8 0x559d55df4a64 <unknown>
#9 0x559d55df7951 <unknown>
#10 0x559d55de121e <unknown>
#11 0x559d55df851e <unknown>
#12 0x559d55dc7be0 <unknown>
#13 0x559d55e1b9b8 <unknown>
#14 0x559d55e1bb88 <unknown>
#15 0x559d55e2d4de <unknown>
#16 0x7f95bfa9caa4 <unknown>
#17 0x7f95bfb29c6c <unknown>
FAILED encommon/webkit/test/test_default.py::test_default_replace - selenium.common.exceptions.JavascriptException: Message: javascript error: $ is not defined
  (Session info: chrome=146.0.7680.164)
Stacktrace:
#0 0x55f169897a6a <unknown>
#1 0x55f1692a6ab5 <unknown>
#2 0x55f1692ad92b <unknown>
#3 0x55f1692b04ab <unknown>
#4 0x55f1693428d9 <unknown>
#5 0x55f1693417b6 <unknown>
#6 0x55f1692eccbf <unknown>
#7 0x55f1692eda81 <unknown>
#8 0x55f16985da64 <unknown>
#9 0x55f169860951 <unknown>
#10 0x55f16984a21e <unknown>
#11 0x55f16986151e <unknown>
#12 0x55f169830be0 <unknown>
#13 0x55f1698849b8 <unknown>
#14 0x55f169884b88 <unknown>
#15 0x55f1698964de <unknown>
#16 0x7fc1d409caa4 <unknown>
#17 0x7fc1d4129c6c <unknown>
FAILED encommon/webkit/test/test_numeric.py::test_numeric_count - selenium.common.exceptions.JavascriptException: Message: javascript error: numeric_count is not defined
  (Session info: chrome=146.0.7680.164)
Stacktrace:
#0 0x5630b95f4a6a <unknown>
#1 0x5630b9003ab5 <unknown>
#2 0x5630b900a92b <unknown>
#3 0x5630b900d4ab <unknown>
#4 0x5630b909f8d9 <unknown>
#5 0x5630b909e7b6 <unknown>
#6 0x5630b9049cbf <unknown>
#7 0x5630b904aa81 <unknown>
#8 0x5630b95baa64 <unknown>
#9 0x5630b95bd951 <unknown>
#10 0x5630b95a721e <unknown>
#11 0x5630b95be51e <unknown>
#12 0x5630b958dbe0 <unknown>
#13 0x5630b95e19b8 <unknown>
#14 0x5630b95e1b88 <unknown>
#15 0x5630b95f34de <unknown>
#16 0x7f240d09caa4 <unknown>
#17 0x7f240d129c6c <unknown>
FAILED encommon/webkit/test/test_helpers.py::test_helpers_isstr - selenium.common.exceptions.JavascriptException: Message: javascript error: isstr is not defined
  (Session info: chrome=146.0.7680.164)
Stacktrace:
#0 0x55e488994a6a <unknown>
#1 0x55e4883a3ab5 <unknown>
#2 0x55e4883aa92b <unknown>
#3 0x55e4883ad4ab <unknown>
#4 0x55e48843f8d9 <unknown>
#5 0x55e48843e7b6 <unknown>
#6 0x55e4883e9cbf <unknown>
#7 0x55e4883eaa81 <unknown>
#8 0x55e48895aa64 <unknown>
#9 0x55e48895d951 <unknown>
#10 0x55e48894721e <unknown>
#11 0x55e48895e51e <unknown>
#12 0x55e48892dbe0 <unknown>
#13 0x55e4889819b8 <unknown>
#14 0x55e488981b88 <unknown>
#15 0x55e4889934de <unknown>
#16 0x7f145a49caa4 <unknown>
#17 0x7f145a529c6c <unknown>
FAILED encommon/webkit/test/test_helpers.py::test_helpers_dumps - selenium.common.exceptions.JavascriptException: Message: javascript error: dumps is not defined
  (Session info: chrome=146.0.7680.164)
Stacktrace:
#0 0x55fbb5a3fa6a <unknown>
#1 0x55fbb544eab5 <unknown>
#2 0x55fbb545592b <unknown>
#3 0x55fbb54584ab <unknown>
#4 0x55fbb54ea8d9 <unknown>
#5 0x55fbb54e97b6 <unknown>
#6 0x55fbb5494cbf <unknown>
#7 0x55fbb5495a81 <unknown>
#8 0x55fbb5a05a64 <unknown>
#9 0x55fbb5a08951 <unknown>
#10 0x55fbb59f221e <unknown>
#11 0x55fbb5a0951e <unknown>
#12 0x55fbb59d8be0 <unknown>
#13 0x55fbb5a2c9b8 <unknown>
#14 0x55fbb5a2cb88 <unknown>
#15 0x55fbb5a3e4de <unknown>
#16 0x7f819ca9caa4 <unknown>
#17 0x7f819cb29c6c <unknown>
FAILED encommon/webkit/test/test_default.py::test_default_append - selenium.common.exceptions.JavascriptException: Message: javascript error: $ is not defined
  (Session info: chrome=146.0.7680.164)
Stacktrace:
#0 0x559df1d3ea6a <unknown>
#1 0x559df174dab5 <unknown>
#2 0x559df175492b <unknown>
#3 0x559df17574ab <unknown>
#4 0x559df17e98d9 <unknown>
#5 0x559df17e87b6 <unknown>
#6 0x559df1793cbf <unknown>
#7 0x559df1794a81 <unknown>
#8 0x559df1d04a64 <unknown>
#9 0x559df1d07951 <unknown>
#10 0x559df1cf121e <unknown>
#11 0x559df1d0851e <unknown>
#12 0x559df1cd7be0 <unknown>
#13 0x559df1d2b9b8 <unknown>
#14 0x559df1d2bb88 <unknown>
#15 0x559df1d3d4de <unknown>
#16 0x7f6f2da9caa4 <unknown>
#17 0x7f6f2db29c6c <unknown>
FAILED encommon/webkit/test/test_numeric.py::test_numeric_bytes - selenium.common.exceptions.JavascriptException: Message: javascript error: numeric_bytes is not defined
  (Session info: chrome=146.0.7680.164)
Stacktrace:
#0 0x555eee830a6a <unknown>
#1 0x555eee23fab5 <unknown>
#2 0x555eee24692b <unknown>
#3 0x555eee2494ab <unknown>
#4 0x555eee2db8d9 <unknown>
#5 0x555eee2da7b6 <unknown>
#6 0x555eee285cbf <unknown>
#7 0x555eee286a81 <unknown>
#8 0x555eee7f6a64 <unknown>
#9 0x555eee7f9951 <unknown>
#10 0x555eee7e321e <unknown>
#11 0x555eee7fa51e <unknown>
#12 0x555eee7c9be0 <unknown>
#13 0x555eee81d9b8 <unknown>
#14 0x555eee81db88 <unknown>
#15 0x555eee82f4de <unknown>
#16 0x7f47f9e9caa4 <unknown>
#17 0x7f47f9f29c6c <unknown>
FAILED encommon/webkit/test/test_helpers.py::test_helpers_isnode - selenium.common.exceptions.JavascriptException: Message: javascript error: $ is not defined
  (Session info: chrome=146.0.7680.164)
Stacktrace:
#0 0x55b419d43a6a <unknown>
#1 0x55b419752ab5 <unknown>
#2 0x55b41975992b <unknown>
#3 0x55b41975c4ab <unknown>
#4 0x55b4197ee8d9 <unknown>
#5 0x55b4197ed7b6 <unknown>
#6 0x55b419798cbf <unknown>
#7 0x55b419799a81 <unknown>
#8 0x55b419d09a64 <unknown>
#9 0x55b419d0c951 <unknown>
#10 0x55b419cf621e <unknown>
#11 0x55b419d0d51e <unknown>
#12 0x55b419cdcbe0 <unknown>
#13 0x55b419d309b8 <unknown>
#14 0x55b419d30b88 <unknown>
#15 0x55b419d424de <unknown>
#16 0x7f161aa9caa4 <unknown>
#17 0x7f161ab29c6c <unknown>
FAILED encommon/webkit/test/test_helpers.py::test_helpers_isnull - selenium.common.exceptions.JavascriptException: Message: javascript error: isnull is not defined
  (Session info: chrome=146.0.7680.164)
Stacktrace:
#0 0x55d6f7bc9a6a <unknown>
#1 0x55d6f75d8ab5 <unknown>
#2 0x55d6f75df92b <unknown>
#3 0x55d6f75e24ab <unknown>
#4 0x55d6f76748d9 <unknown>
#5 0x55d6f76737b6 <unknown>
#6 0x55d6f761ecbf <unknown>
#7 0x55d6f761fa81 <unknown>
#8 0x55d6f7b8fa64 <unknown>
#9 0x55d6f7b92951 <unknown>
#10 0x55d6f7b7c21e <unknown>
#11 0x55d6f7b9351e <unknown>
#12 0x55d6f7b62be0 <unknown>
#13 0x55d6f7bb69b8 <unknown>
#14 0x55d6f7bb6b88 <unknown>
#15 0x55d6f7bc84de <unknown>
#16 0x7fae5149caa4 <unknown>
#17 0x7fae51529c6c <unknown>
FAILED encommon/webkit/test/test_default.py::test_default_showhide - selenium.common.exceptions.JavascriptException: Message: javascript error: $ is not defined
  (Session info: chrome=146.0.7680.164)
Stacktrace:
#0 0x55cb0e1ffa6a <unknown>
#1 0x55cb0dc0eab5 <unknown>
#2 0x55cb0dc1592b <unknown>
#3 0x55cb0dc184ab <unknown>
#4 0x55cb0dcaa8d9 <unknown>
#5 0x55cb0dca97b6 <unknown>
#6 0x55cb0dc54cbf <unknown>
#7 0x55cb0dc55a81 <unknown>
#8 0x55cb0e1c5a64 <unknown>
#9 0x55cb0e1c8951 <unknown>
#10 0x55cb0e1b221e <unknown>
#11 0x55cb0e1c951e <unknown>
#12 0x55cb0e198be0 <unknown>
#13 0x55cb0e1ec9b8 <unknown>
#14 0x55cb0e1ecb88 <unknown>
#15 0x55cb0e1fe4de <unknown>
#16 0x7fa0ebc9caa4 <unknown>
#17 0x7fa0ebd29c6c <unknown>
FAILED encommon/webkit/test/test_numeric.py::test_numeric - selenium.common.exceptions.JavascriptException: Message: javascript error: numeric is not defined
  (Session info: chrome=146.0.7680.164)
Stacktrace:
#0 0x562d3465ca6a <unknown>
#1 0x562d3406bab5 <unknown>
#2 0x562d3407292b <unknown>
#3 0x562d340754ab <unknown>
#4 0x562d341078d9 <unknown>
#5 0x562d341067b6 <unknown>
#6 0x562d340b1cbf <unknown>
#7 0x562d340b2a81 <unknown>
#8 0x562d34622a64 <unknown>
#9 0x562d34625951 <unknown>
#10 0x562d3460f21e <unknown>
#11 0x562d3462651e <unknown>
#12 0x562d345f5be0 <unknown>
#13 0x562d346499b8 <unknown>
#14 0x562d34649b88 <unknown>
#15 0x562d3465b4de <unknown>
#16 0x7f33af29caa4 <unknown>
#17 0x7f33af329c6c <unknown>
FAILED encommon/webkit/test/test_helpers.py::test_helpers_isempty - selenium.common.exceptions.JavascriptException: Message: javascript error: isempty is not defined
  (Session info: chrome=146.0.7680.164)
Stacktrace:
#0 0x564e29bbaa6a <unknown>
#1 0x564e295c9ab5 <unknown>
#2 0x564e295d092b <unknown>
#3 0x564e295d34ab <unknown>
#4 0x564e296658d9 <unknown>
#5 0x564e296647b6 <unknown>
#6 0x564e2960fcbf <unknown>
#7 0x564e29610a81 <unknown>
#8 0x564e29b80a64 <unknown>
#9 0x564e29b83951 <unknown>
#10 0x564e29b6d21e <unknown>
#11 0x564e29b8451e <unknown>
#12 0x564e29b53be0 <unknown>
#13 0x564e29ba79b8 <unknown>
#14 0x564e29ba7b88 <unknown>
#15 0x564e29bb94de <unknown>
#16 0x7f3d1a29caa4 <unknown>
#17 0x7f3d1a329c6c <unknown>
FAILED encommon/webkit/test/test_default.py::test_default_styles - selenium.common.exceptions.JavascriptException: Message: javascript error: $ is not defined
  (Session info: chrome=146.0.7680.164)
Stacktrace:
#0 0x55e36e186a6a <unknown>
#1 0x55e36db95ab5 <unknown>
#2 0x55e36db9c92b <unknown>
#3 0x55e36db9f4ab <unknown>
#4 0x55e36dc318d9 <unknown>
#5 0x55e36dc307b6 <unknown>
#6 0x55e36dbdbcbf <unknown>
#7 0x55e36dbdca81 <unknown>
#8 0x55e36e14ca64 <unknown>
#9 0x55e36e14f951 <unknown>
#10 0x55e36e13921e <unknown>
#11 0x55e36e15051e <unknown>
#12 0x55e36e11fbe0 <unknown>
#13 0x55e36e1739b8 <unknown>
#14 0x55e36e173b88 <unknown>
#15 0x55e36e1854de <unknown>
#16 0x7fcccea9caa4 <unknown>
#17 0x7fccceb29c6c <unknown>
FAILED encommon/webkit/test/test_default.py::test_default_prop - selenium.common.exceptions.JavascriptException: Message: javascript error: $ is not defined
  (Session info: chrome=146.0.7680.164)
Stacktrace:
#0 0x55747bf94a6a <unknown>
#1 0x55747b9a3ab5 <unknown>
#2 0x55747b9aa92b <unknown>
#3 0x55747b9ad4ab <unknown>
#4 0x55747ba3f8d9 <unknown>
#5 0x55747ba3e7b6 <unknown>
#6 0x55747b9e9cbf <unknown>
#7 0x55747b9eaa81 <unknown>
#8 0x55747bf5aa64 <unknown>
#9 0x55747bf5d951 <unknown>
#10 0x55747bf4721e <unknown>
#11 0x55747bf5e51e <unknown>
#12 0x55747bf2dbe0 <unknown>
#13 0x55747bf819b8 <unknown>
#14 0x55747bf81b88 <unknown>
#15 0x55747bf934de <unknown>
#16 0x7fb4ae69caa4 <unknown>
#17 0x7fb4ae729c6c <unknown>
FAILED encommon/webkit/test/test_tagues.py::test_tagues - selenium.common.exceptions.JavascriptException: Message: javascript error: tagues is not defined
  (Session info: chrome=146.0.7680.164)
Stacktrace:
#0 0x55dd45994a6a <unknown>
#1 0x55dd453a3ab5 <unknown>
#2 0x55dd453aa92b <unknown>
#3 0x55dd453ad4ab <unknown>
#4 0x55dd4543f8d9 <unknown>
#5 0x55dd4543e7b6 <unknown>
#6 0x55dd453e9cbf <unknown>
#7 0x55dd453eaa81 <unknown>
#8 0x55dd4595aa64 <unknown>
#9 0x55dd4595d951 <unknown>
#10 0x55dd4594721e <unknown>
#11 0x55dd4595e51e <unknown>
#12 0x55dd4592dbe0 <unknown>
#13 0x55dd459819b8 <unknown>
#14 0x55dd45981b88 <unknown>
#15 0x55dd459934de <unknown>
#16 0x7f8b9ec9caa4 <unknown>
#17 0x7f8b9ed29c6c <unknown>
FAILED encommon/webkit/test/test_helpers.py::test_helpers_assert - selenium.common.exceptions.JavascriptException: Message: javascript error: assert is not defined
  (Session info: chrome=146.0.7680.164)
Stacktrace:
#0 0x55708cc2ca6a <unknown>
#1 0x55708c63bab5 <unknown>
#2 0x55708c64292b <unknown>
#3 0x55708c6454ab <unknown>
#4 0x55708c6d78d9 <unknown>
#5 0x55708c6d67b6 <unknown>
#6 0x55708c681cbf <unknown>
#7 0x55708c682a81 <unknown>
#8 0x55708cbf2a64 <unknown>
#9 0x55708cbf5951 <unknown>
#10 0x55708cbdf21e <unknown>
#11 0x55708cbf651e <unknown>
#12 0x55708cbc5be0 <unknown>
#13 0x55708cc199b8 <unknown>
#14 0x55708cc19b88 <unknown>
#15 0x55708cc2b4de <unknown>
#16 0x7fa6f7c9caa4 <unknown>
#17 0x7fa6f7d29c6c <unknown>
FAILED encommon/webkit/test/test_default.py::test_default_remClass - selenium.common.exceptions.JavascriptException: Message: javascript error: $ is not defined
  (Session info: chrome=146.0.7680.164)
Stacktrace:
#0 0x5556c3f0da6a <unknown>
#1 0x5556c391cab5 <unknown>
#2 0x5556c392392b <unknown>
#3 0x5556c39264ab <unknown>
#4 0x5556c39b88d9 <unknown>
#5 0x5556c39b77b6 <unknown>
#6 0x5556c3962cbf <unknown>
#7 0x5556c3963a81 <unknown>
#8 0x5556c3ed3a64 <unknown>
#9 0x5556c3ed6951 <unknown>
#10 0x5556c3ec021e <unknown>
#11 0x5556c3ed751e <unknown>
#12 0x5556c3ea6be0 <unknown>
#13 0x5556c3efa9b8 <unknown>
#14 0x5556c3efab88 <unknown>
#15 0x5556c3f0c4de <unknown>
#16 0x7f28f489caa4 <unknown>
#17 0x7f28f4929c6c <unknown>
FAILED encommon/webkit/test/test_helpers.py::test_helpers_islist - selenium.common.exceptions.JavascriptException: Message: javascript error: islist is not defined
  (Session info: chrome=146.0.7680.164)
Stacktrace:
#0 0x55d34fecfa6a <unknown>
#1 0x55d34f8deab5 <unknown>
#2 0x55d34f8e592b <unknown>
#3 0x55d34f8e84ab <unknown>
#4 0x55d34f97a8d9 <unknown>
#5 0x55d34f9797b6 <unknown>
#6 0x55d34f924cbf <unknown>
#7 0x55d34f925a81 <unknown>
#8 0x55d34fe95a64 <unknown>
#9 0x55d34fe98951 <unknown>
#10 0x55d34fe8221e <unknown>
#11 0x55d34fe9951e <unknown>
#12 0x55d34fe68be0 <unknown>
#13 0x55d34febc9b8 <unknown>
#14 0x55d34febcb88 <unknown>
#15 0x55d34fece4de <unknown>
#16 0x7f8b0989caa4 <unknown>
#17 0x7f8b09929c6c <unknown>
FAILED encommon/webkit/test/test_default.py::test_default_create - selenium.common.exceptions.JavascriptException: Message: javascript error: $ is not defined
  (Session info: chrome=146.0.7680.164)
Stacktrace:
#0 0x563634069a6a <unknown>
#1 0x563633a78ab5 <unknown>
#2 0x563633a7f92b <unknown>
#3 0x563633a824ab <unknown>
#4 0x563633b148d9 <unknown>
#5 0x563633b137b6 <unknown>
#6 0x563633abecbf <unknown>
#7 0x563633abfa81 <unknown>
#8 0x56363402fa64 <unknown>
#9 0x563634032951 <unknown>
#10 0x56363401c21e <unknown>
#11 0x56363403351e <unknown>
#12 0x563634002be0 <unknown>
#13 0x5636340569b8 <unknown>
#14 0x563634056b88 <unknown>
#15 0x5636340684de <unknown>
#16 0x7fe4d709caa4 <unknown>
#17 0x7fe4d7129c6c <unknown>
FAILED encommon/webkit/test/test_helpers.py::test_helpers_isbool - selenium.common.exceptions.JavascriptException: Message: javascript error: isbool is not defined
  (Session info: chrome=146.0.7680.164)
Stacktrace:
#0 0x5626c1595a6a <unknown>
#1 0x5626c0fa4ab5 <unknown>
#2 0x5626c0fab92b <unknown>
#3 0x5626c0fae4ab <unknown>
#4 0x5626c10408d9 <unknown>
#5 0x5626c103f7b6 <unknown>
#6 0x5626c0feacbf <unknown>
#7 0x5626c0feba81 <unknown>
#8 0x5626c155ba64 <unknown>
#9 0x5626c155e951 <unknown>
#10 0x5626c154821e <unknown>
#11 0x5626c155f51e <unknown>
#12 0x5626c152ebe0 <unknown>
#13 0x5626c15829b8 <unknown>
#14 0x5626c1582b88 <unknown>
#15 0x5626c15944de <unknown>
#16 0x7f857329caa4 <unknown>
#17 0x7f8573329c6c <unknown>
FAILED encommon/webkit/test/test_default.py::test_default_attr - selenium.common.exceptions.JavascriptException: Message: javascript error: $ is not defined
  (Session info: chrome=146.0.7680.164)
Stacktrace:
#0 0x56157c5dfa6a <unknown>
#1 0x56157bfeeab5 <unknown>
#2 0x56157bff592b <unknown>
#3 0x56157bff84ab <unknown>
#4 0x56157c08a8d9 <unknown>
#5 0x56157c0897b6 <unknown>
#6 0x56157c034cbf <unknown>
#7 0x56157c035a81 <unknown>
#8 0x56157c5a5a64 <unknown>
#9 0x56157c5a8951 <unknown>
#10 0x56157c59221e <unknown>
#11 0x56157c5a951e <unknown>
#12 0x56157c578be0 <unknown>
#13 0x56157c5cc9b8 <unknown>
#14 0x56157c5ccb88 <unknown>
#15 0x56157c5de4de <unknown>
#16 0x7f589169caa4 <unknown>
#17 0x7f5891729c6c <unknown>
FAILED encommon/webkit/test/test_helpers.py::test_helpers_istime - selenium.common.exceptions.JavascriptException: Message: javascript error: istime is not defined
  (Session info: chrome=146.0.7680.164)
Stacktrace:
#0 0x55f17e3d1a6a <unknown>
#1 0x55f17dde0ab5 <unknown>
#2 0x55f17dde792b <unknown>
#3 0x55f17ddea4ab <unknown>
#4 0x55f17de7c8d9 <unknown>
#5 0x55f17de7b7b6 <unknown>
#6 0x55f17de26cbf <unknown>
#7 0x55f17de27a81 <unknown>
#8 0x55f17e397a64 <unknown>
#9 0x55f17e39a951 <unknown>
#10 0x55f17e38421e <unknown>
#11 0x55f17e39b51e <unknown>
#12 0x55f17e36abe0 <unknown>
#13 0x55f17e3be9b8 <unknown>
#14 0x55f17e3beb88 <unknown>
#15 0x55f17e3d04de <unknown>
#16 0x7f9940c9caa4 <unknown>
#17 0x7f9940d29c6c <unknown>
FAILED encommon/webkit/test/test_moderate.py::test_moderate - selenium.common.exceptions.JavascriptException: Message: javascript error: moderate is not defined
  (Session info: chrome=146.0.7680.164)
Stacktrace:
#0 0x560318a5ca6a <unknown>
#1 0x56031846bab5 <unknown>
#2 0x56031847292b <unknown>
#3 0x5603184754ab <unknown>
#4 0x5603185078d9 <unknown>
#5 0x5603185067b6 <unknown>
#6 0x5603184b1cbf <unknown>
#7 0x5603184b2a81 <unknown>
#8 0x560318a22a64 <unknown>
#9 0x560318a25951 <unknown>
#10 0x560318a0f21e <unknown>
#11 0x560318a2651e <unknown>
#12 0x5603189f5be0 <unknown>
#13 0x560318a499b8 <unknown>
#14 0x560318a49b88 <unknown>
#15 0x560318a5b4de <unknown>
#16 0x7f381e69caa4 <unknown>
#17 0x7f381e729c6c <unknown>
FAILED encommon/webkit/test/test_default.py::test_default_addClass - selenium.common.exceptions.JavascriptException: Message: javascript error: $ is not defined
  (Session info: chrome=146.0.7680.164)
Stacktrace:
#0 0x55b3a6c38a6a <unknown>
#1 0x55b3a6647ab5 <unknown>
#2 0x55b3a664e92b <unknown>
#3 0x55b3a66514ab <unknown>
#4 0x55b3a66e38d9 <unknown>
#5 0x55b3a66e27b6 <unknown>
#6 0x55b3a668dcbf <unknown>
#7 0x55b3a668ea81 <unknown>
#8 0x55b3a6bfea64 <unknown>
#9 0x55b3a6c01951 <unknown>
#10 0x55b3a6beb21e <unknown>
#11 0x55b3a6c0251e <unknown>
#12 0x55b3a6bd1be0 <unknown>
#13 0x55b3a6c259b8 <unknown>
#14 0x55b3a6c25b88 <unknown>
#15 0x55b3a6c374de <unknown>
#16 0x7fea9449caa4 <unknown>
#17 0x7fea94529c6c <unknown>
FAILED encommon/webkit/test/test_message.py::test_message - selenium.common.exceptions.JavascriptException: Message: javascript error: message is not defined
  (Session info: chrome=146.0.7680.164)
Stacktrace:
#0 0x56094202ba6a <unknown>
#1 0x560941a3aab5 <unknown>
#2 0x560941a4192b <unknown>
#3 0x560941a444ab <unknown>
#4 0x560941ad68d9 <unknown>
#5 0x560941ad57b6 <unknown>
#6 0x560941a80cbf <unknown>
#7 0x560941a81a81 <unknown>
#8 0x560941ff1a64 <unknown>
#9 0x560941ff4951 <unknown>
#10 0x560941fde21e <unknown>
#11 0x560941ff551e <unknown>
#12 0x560941fc4be0 <unknown>
#13 0x5609420189b8 <unknown>
#14 0x560942018b88 <unknown>
#15 0x56094202a4de <unknown>
#16 0x7fe80f09caa4 <unknown>
#17 0x7fe80f129c6c <unknown>
FAILED encommon/webkit/test/test_default.py::test_default_content - selenium.common.exceptions.JavascriptException: Message: javascript error: $ is not defined
  (Session info: chrome=146.0.7680.164)
Stacktrace:
#0 0x55ede6d22a6a <unknown>
#1 0x55ede6731ab5 <unknown>
#2 0x55ede673892b <unknown>
#3 0x55ede673b4ab <unknown>
#4 0x55ede67cd8d9 <unknown>
#5 0x55ede67cc7b6 <unknown>
#6 0x55ede6777cbf <unknown>
#7 0x55ede6778a81 <unknown>
#8 0x55ede6ce8a64 <unknown>
#9 0x55ede6ceb951 <unknown>
#10 0x55ede6cd521e <unknown>
#11 0x55ede6cec51e <unknown>
#12 0x55ede6cbbbe0 <unknown>
#13 0x55ede6d0f9b8 <unknown>
#14 0x55ede6d0fb88 <unknown>
#15 0x55ede6d214de <unknown>
#16 0x7f98e6e9caa4 <unknown>
#17 0x7f98e6f29c6c <unknown>
FAILED encommon/webkit/test/test_statate.py::test_statate - selenium.common.exceptions.JavascriptException: Message: javascript error: statate is not defined
  (Session info: chrome=146.0.7680.164)
Stacktrace:
#0 0x562ebc9caa6a <unknown>
#1 0x562ebc3d9ab5 <unknown>
#2 0x562ebc3e092b <unknown>
#3 0x562ebc3e34ab <unknown>
#4 0x562ebc4758d9 <unknown>
#5 0x562ebc4747b6 <unknown>
#6 0x562ebc41fcbf <unknown>
#7 0x562ebc420a81 <unknown>
#8 0x562ebc990a64 <unknown>
#9 0x562ebc993951 <unknown>
#10 0x562ebc97d21e <unknown>
#11 0x562ebc99451e <unknown>
#12 0x562ebc963be0 <unknown>
#13 0x562ebc9b79b8 <unknown>
#14 0x562ebc9b7b88 <unknown>
#15 0x562ebc9c94de <unknown>
#16 0x7fe888a9caa4 <unknown>
#17 0x7fe888b29c6c <unknown>
======================= 38 failed, 269 passed in 29.25s ========================
