>>> make pytest
  ● Executing pytest in encommon..
============================= test session starts ==============================
platform linux -- Python 3.12.13, pytest-9.0.2, pluggy-1.6.0 -- /home/runner/work/encommon/encommon/main/.venv-package/bin/python3
cachedir: .pytest_cache
metadata: {'Python': '3.12.13', 'Platform': 'Linux-6.17.0-1008-azure-x86_64-with-glibc2.39', 'Packages': {'pytest': '9.0.2', 'pluggy': '1.6.0'}, 'Plugins': {'metadata': '3.1.1', 'randomly': '4.0.1', 'variables': '3.1.0', 'clarity': '1.0.1', 'cov': '7.1.0', 'xdist': '3.8.0', 'html': '4.2.0', 'base-url': '2.1.0', 'selenium': '4.1.0', 'sphinx': '0.7.1', 'mypy': '1.0.1'}, 'CI': 'true', 'JAVA_HOME': '/usr/lib/jvm/temurin-17-jdk-amd64', 'Base URL': '', 'Driver': None, 'Capabilities': {}}
Using --randomly-seed=2939501274
sensitiveurl: .*
rootdir: /home/runner/work/encommon/encommon/main
configfile: pyproject.toml
plugins: metadata-3.1.1, randomly-4.0.1, variables-3.1.0, clarity-1.0.1, cov-7.1.0, xdist-3.8.0, html-4.2.0, base-url-2.1.0, selenium-4.1.0, sphinx-0.7.1, mypy-1.0.1
created: 4/4 workers
4 workers [307 items]

scheduling tests via LoadScheduling

encommon/webkit/test/test_helpers.py::test_helpers_isnode 
encommon/times/test/test_duration.py::test_Duration 
encommon/utils/test/test_sample.py::test_rvrt_sample 
encommon/times/test/test_window.py::test_window_interval[window0-0-False-expect0] 
[gw0] [  0%] PASSED encommon/times/test/test_duration.py::test_Duration 
[gw2] [  0%] PASSED encommon/times/test/test_window.py::test_window_interval[window0-0-False-expect0] 
[gw1] [  0%] PASSED encommon/utils/test/test_sample.py::test_rvrt_sample 
encommon/times/test/test_duration.py::test_Duration_cover 
encommon/utils/test/test_sample.py::test_prep_sample 
encommon/times/test/test_window.py::test_Window_cover 
[gw1] [  1%] PASSED encommon/utils/test/test_sample.py::test_prep_sample 
[gw0] [  1%] PASSED encommon/times/test/test_duration.py::test_Duration_cover 
encommon/utils/test/test_sample.py::test_read_sample 
encommon/times/test/test_duration.py::test_Duration_iterate 
[gw1] [  1%] PASSED encommon/utils/test/test_sample.py::test_read_sample 
[gw0] [  2%] PASSED encommon/times/test/test_duration.py::test_Duration_iterate 
encommon/utils/test/test_sample.py::test_load_sample 
encommon/config/test/test_paths.py::test_ConfigPath 
[gw1] [  2%] PASSED encommon/utils/test/test_sample.py::test_load_sample 
encommon/webkit/test/test_duration.py::test_duration 
[gw0] [  2%] PASSED encommon/config/test/test_paths.py::test_ConfigPath 
encommon/config/test/test_paths.py::test_ConfigPaths_cover 
[gw0] [  3%] PASSED encommon/config/test/test_paths.py::test_ConfigPaths_cover 
encommon/config/test/test_paths.py::test_ConfigPaths 
[gw0] [  3%] PASSED encommon/config/test/test_paths.py::test_ConfigPaths 
encommon/times/test/test_timer.py::test_Timer 
[gw0] [  3%] PASSED encommon/times/test/test_timer.py::test_Timer 
encommon/webkit/test/test_content.py::test_Content 
[gw0] [  4%] PASSED encommon/webkit/test/test_content.py::test_Content 
encommon/webkit/test/test_content.py::test_Content_cover 
[gw0] [  4%] PASSED encommon/webkit/test/test_content.py::test_Content_cover 
encommon/times/test/test_window.py::test_window_croniter[* * * * *-3661-False-expect7] 
[gw0] [  4%] PASSED encommon/times/test/test_window.py::test_window_croniter[* * * * *-3661-False-expect7] 
encommon/times/test/test_window.py::test_window_croniter[* * * * *-3659-False-expect5] 
[gw0] [  5%] PASSED encommon/times/test/test_window.py::test_window_croniter[* * * * *-3659-False-expect5] 
encommon/times/test/test_window.py::test_window_croniter[* * * * *-1-False-expect1] 
[gw0] [  5%] PASSED encommon/times/test/test_window.py::test_window_croniter[* * * * *-1-False-expect1] 
encommon/times/test/test_window.py::test_Window 
[gw0] [  5%] PASSED encommon/times/test/test_window.py::test_Window 
encommon/times/test/test_window.py::test_window_croniter[* * * * *-1-True-expect3] 
[gw0] [  6%] PASSED encommon/times/test/test_window.py::test_window_croniter[* * * * *-1-True-expect3] 
encommon/times/test/test_window.py::test_window_interval[window7-3661-False-expect7] 
[gw0] [  6%] PASSED encommon/times/test/test_window.py::test_window_interval[window7-3661-False-expect7] 
encommon/times/test/test_window.py::test_window_interval[window8-3559-False-expect8] 
[gw0] [  6%] PASSED encommon/times/test/test_window.py::test_window_interval[window8-3559-False-expect8] 
encommon/times/test/test_window.py::test_window_croniter[0 * * * *-3661-False-expect10] 
[gw0] [  7%] PASSED encommon/times/test/test_window.py::test_window_croniter[0 * * * *-3661-False-expect10] 
encommon/times/test/test_window.py::test_window_interval[window6-3660-False-expect6] 
[gw0] [  7%] PASSED encommon/times/test/test_window.py::test_window_interval[window6-3660-False-expect6] 
encommon/times/test/test_window.py::test_window_interval[window3-1-True-expect3] 
[gw0] [  7%] PASSED encommon/times/test/test_window.py::test_window_interval[window3-1-True-expect3] 
encommon/types/test/test_classes.py::test_lattrs 
[gw0] [  8%] PASSED encommon/types/test/test_classes.py::test_lattrs 
encommon/types/test/test_classes.py::test_clsname 
[gw0] [  8%] PASSED encommon/types/test/test_classes.py::test_clsname 
encommon/crypts/test/test_hashes.py::test_Hashes 
[gw0] [  8%] PASSED encommon/crypts/test/test_hashes.py::test_Hashes 
encommon/colors/color.py::encommon.colors.color.Color 
[gw0] [  9%] PASSED encommon/colors/color.py::encommon.colors.color.Color 
encommon/config/logger.py::encommon.config.logger.Message 
[gw0] [  9%] PASSED encommon/config/logger.py::encommon.config.logger.Message 
encommon/config/logger.py::encommon.config.logger.Logger 
[gw0] [  9%] PASSED encommon/config/logger.py::encommon.config.logger.Logger 
encommon/config/config.py::encommon.config.config.Config 
[gw0] [ 10%] PASSED encommon/config/config.py::encommon.config.config.Config 
encommon/crypts/crypts.py::encommon.crypts.crypts.Crypts 
[gw0] [ 10%] PASSED encommon/crypts/crypts.py::encommon.crypts.crypts.Crypts 
encommon/crypts/hashes.py::encommon.crypts.hashes.Hashes 
[gw0] [ 10%] PASSED encommon/crypts/hashes.py::encommon.crypts.hashes.Hashes 
encommon/parse/jinja2.py::encommon.parse.jinja2.Jinja2 
[gw0] [ 11%] PASSED encommon/parse/jinja2.py::encommon.parse.jinja2.Jinja2 
encommon/times/duration.py::encommon.times.duration.Duration 
[gw0] [ 11%] PASSED encommon/times/duration.py::encommon.times.duration.Duration 
encommon/times/parse.py::encommon.times.parse.shift_time 
[gw0] [ 11%] PASSED encommon/times/parse.py::encommon.times.parse.shift_time 
encommon/times/parse.py::encommon.times.parse.parse_time 
[gw0] [ 12%] PASSED encommon/times/parse.py::encommon.times.parse.parse_time 
encommon/times/parse.py::encommon.times.parse.since_time 
[gw0] [ 12%] PASSED encommon/times/parse.py::encommon.times.parse.since_time 
encommon/times/parse.py::encommon.times.parse.string_time 
[gw0] [ 12%] PASSED encommon/times/parse.py::encommon.times.parse.string_time 
encommon/types/empty.py::encommon.types.empty.EmptyType 
[gw0] [ 13%] PASSED encommon/types/empty.py::encommon.types.empty.EmptyType 
encommon/times/time.py::encommon.times.time.Time 
[gw0] [ 13%] PASSED encommon/times/time.py::encommon.times.time.Time 
encommon/types/strings.py::encommon.types.strings.instr 
[gw0] [ 13%] PASSED encommon/types/strings.py::encommon.types.strings.instr 
encommon/times/utils.py::encommon.times.utils.strptime 
[gw0] [ 14%] PASSED encommon/times/utils.py::encommon.times.utils.strptime 
encommon/types/strings.py::encommon.types.strings.rplstr 
[gw0] [ 14%] PASSED encommon/types/strings.py::encommon.types.strings.rplstr 
encommon/types/lists.py::encommon.types.lists.inlist 
[gw0] [ 14%] PASSED encommon/types/lists.py::encommon.types.lists.inlist 
encommon/times/utils.py::encommon.times.utils.utcdatetime 
[gw0] [ 14%] PASSED encommon/times/utils.py::encommon.times.utils.utcdatetime 
encommon/types/strings.py::encommon.types.strings.inrepr 
[gw0] [ 15%] PASSED encommon/types/strings.py::encommon.types.strings.inrepr 
encommon/types/notate.py::encommon.types.notate.setate 
[gw0] [ 15%] PASSED encommon/types/notate.py::encommon.types.notate.setate 
encommon/times/windows.py::encommon.times.windows.Windows 
[gw0] [ 15%] PASSED encommon/times/windows.py::encommon.times.windows.Windows 
encommon/types/notate.py::encommon.types.notate.impate 
[gw0] [ 16%] PASSED encommon/types/notate.py::encommon.types.notate.impate 
encommon/types/dicts.py::encommon.types.dicts.sort_dict 
[gw0] [ 16%] PASSED encommon/types/dicts.py::encommon.types.dicts.sort_dict 
encommon/times/unitime.py::encommon.times.unitime.unitime 
[gw0] [ 16%] PASSED encommon/times/unitime.py::encommon.times.unitime.unitime 
encommon/types/notate.py::encommon.types.notate.expate 
[gw0] [ 17%] PASSED encommon/types/notate.py::encommon.types.notate.expate 
encommon/types/lists.py::encommon.types.lists.dedup_list 
[gw0] [ 17%] PASSED encommon/types/lists.py::encommon.types.lists.dedup_list 
encommon/types/lists.py::encommon.types.lists.fuzzy_list 
[gw0] [ 17%] PASSED encommon/types/lists.py::encommon.types.lists.fuzzy_list 
encommon/types/notate.py::encommon.types.notate.delate 
[gw0] [ 18%] PASSED encommon/types/notate.py::encommon.types.notate.delate 
encommon/types/strings.py::encommon.types.strings.hasstr 
[gw0] [ 18%] PASSED encommon/types/strings.py::encommon.types.strings.hasstr 
encommon/times/utils.py::encommon.times.utils.strftime 
[gw0] [ 18%] PASSED encommon/times/utils.py::encommon.times.utils.strftime 
encommon/times/utils.py::encommon.times.utils.findtz 
[gw0] [ 19%] PASSED encommon/times/utils.py::encommon.times.utils.findtz 
encommon/types/strings.py::encommon.types.strings.strplwr 
[gw0] [ 19%] PASSED encommon/types/strings.py::encommon.types.strings.strplwr 
encommon/types/notate.py::encommon.types.notate.getate 
[gw0] [ 19%] PASSED encommon/types/notate.py::encommon.types.notate.getate 
encommon/times/window.py::encommon.times.window.Window 
[gw0] [ 20%] PASSED encommon/times/window.py::encommon.times.window.Window 
encommon/times/timers.py::encommon.times.timers.Timers 
[gw0] [ 20%] PASSED encommon/times/timers.py::encommon.times.timers.Timers 
encommon/times/timer.py::encommon.times.timer.Timer 
[gw0] [ 20%] PASSED encommon/times/timer.py::encommon.times.timer.Timer 
encommon/types/dicts.py::encommon.types.dicts.merge_dicts 
[gw0] [ 21%] PASSED encommon/types/dicts.py::encommon.types.dicts.merge_dicts 
encommon/utils/files.py::encommon.utils.files.save_text 
[gw0] [ 21%] PASSED encommon/utils/files.py::encommon.utils.files.save_text 
encommon/utils/sample.py::encommon.utils.sample.load_sample 
[gw0] [ 21%] PASSED encommon/utils/sample.py::encommon.utils.sample.load_sample 
encommon/utils/paths.py::encommon.utils.paths.resolve_paths 
[gw0] [ 22%] PASSED encommon/utils/paths.py::encommon.utils.paths.resolve_paths 
encommon/utils/match.py::encommon.utils.match.rgxp_match 
[gw0] [ 22%] PASSED encommon/utils/match.py::encommon.utils.match.rgxp_match 
encommon/utils/stdout.py::encommon.utils.stdout.print_ansi 
[gw0] [ 22%] PASSED encommon/utils/stdout.py::encommon.utils.stdout.print_ansi 
encommon/utils/paths.py::encommon.utils.paths.stats_path 
[gw0] [ 23%] PASSED encommon/utils/paths.py::encommon.utils.paths.stats_path 
encommon/utils/match.py::encommon.utils.match.fuzz_match 
[gw0] [ 23%] PASSED encommon/utils/match.py::encommon.utils.match.fuzz_match 
encommon/utils/stdout.py::encommon.utils.stdout.kvpair_ansi 
[gw0] [ 23%] PASSED encommon/utils/stdout.py::encommon.utils.stdout.kvpair_ansi 
encommon/utils/stdout.py::encommon.utils.stdout.make_ansi 
[gw0] [ 24%] PASSED encommon/utils/stdout.py::encommon.utils.stdout.make_ansi 
encommon/utils/stdout.py::encommon.utils.stdout.strip_ansi 
[gw0] [ 24%] PASSED encommon/utils/stdout.py::encommon.utils.stdout.strip_ansi 
encommon/utils/files.py::encommon.utils.files.append_text 
[gw0] [ 24%] PASSED encommon/utils/files.py::encommon.utils.files.append_text 
encommon/utils/paths.py::encommon.utils.paths.resolve_path 
[gw0] [ 25%] PASSED encommon/utils/paths.py::encommon.utils.paths.resolve_path 
encommon/utils/files.py::encommon.utils.files.read_text 
[gw0] [ 25%] PASSED encommon/utils/files.py::encommon.utils.files.read_text 
encommon/utils/stdout.py::encommon.utils.stdout.array_ansi 
[gw0] [ 25%] PASSED encommon/utils/stdout.py::encommon.utils.stdout.array_ansi 
encommon/utils/sample.py::encommon.utils.sample.prep_sample 
[gw0] [ 26%] PASSED encommon/utils/sample.py::encommon.utils.sample.prep_sample 
encommon/utils/test/test_paths.py::test_resolve_path 
[gw0] [ 26%] PASSED encommon/utils/test/test_paths.py::test_resolve_path 
encommon/utils/test/test_paths.py::test_stats_path 
[gw0] [ 26%] PASSED encommon/utils/test/test_paths.py::test_stats_path 
encommon/utils/test/test_paths.py::test_resolve_paths 
[gw0] [ 27%] PASSED encommon/utils/test/test_paths.py::test_resolve_paths 
encommon/times/test/test_utils.py::test_findtz_raises 
[gw2] [ 27%] PASSED encommon/times/test/test_window.py::test_Window_cover 
encommon/times/test/test_window.py::test_window_croniter[* * * * *-0-True-expect2] 
[gw2] [ 27%] PASSED encommon/times/test/test_window.py::test_window_croniter[* * * * *-0-True-expect2] 
encommon/times/test/test_window.py::test_window_croniter[0 * * * *-3559-False-expect8] 
[gw2] [ 28%] PASSED encommon/times/test/test_window.py::test_window_croniter[0 * * * *-3559-False-expect8] 
encommon/times/test/test_window.py::test_window_interval[window2-0-True-expect2] 
[gw2] [ 28%] PASSED encommon/times/test/test_window.py::test_window_interval[window2-0-True-expect2] 
encommon/times/test/test_window.py::test_window_croniter[* * * * *-0-False-expect0] 
[gw2] [ 28%] PASSED encommon/times/test/test_window.py::test_window_croniter[* * * * *-0-False-expect0] 
encommon/times/test/test_window.py::test_window_interval[window9-3660-False-expect9] 
[gw2] [ 28%] PASSED encommon/times/test/test_window.py::test_window_interval[window9-3660-False-expect9] 
encommon/times/test/test_window.py::test_window_croniter[* * * * *-3660-False-expect6] 
[gw2] [ 29%] PASSED encommon/times/test/test_window.py::test_window_croniter[* * * * *-3660-False-expect6] 
encommon/times/test/test_window.py::test_window_interval[window5-3659-False-expect5] 
[gw2] [ 29%] PASSED encommon/times/test/test_window.py::test_window_interval[window5-3659-False-expect5] 
encommon/times/test/test_window.py::test_window_interval[window1-1-False-expect1] 
[gw2] [ 29%] PASSED encommon/times/test/test_window.py::test_window_interval[window1-1-False-expect1] 
encommon/times/test/test_window.py::test_window_interval[window4-3559-False-expect4] 
[gw2] [ 30%] PASSED encommon/times/test/test_window.py::test_window_interval[window4-3559-False-expect4] 
encommon/times/test/test_window.py::test_window_croniter[0 * * * *-3660-False-expect9] 
[gw2] [ 30%] PASSED encommon/times/test/test_window.py::test_window_croniter[0 * * * *-3660-False-expect9] 
encommon/times/test/test_window.py::test_window_interval[window10-3661-False-expect10] 
[gw2] [ 30%] PASSED encommon/times/test/test_window.py::test_window_interval[window10-3661-False-expect10] 
encommon/times/test/test_window.py::test_window_croniter[* * * * *-3559-False-expect4] 
[gw2] [ 31%] PASSED encommon/times/test/test_window.py::test_window_croniter[* * * * *-3559-False-expect4] 
encommon/times/test/test_time.py::test_Time 
[gw0] [ 31%] PASSED encommon/times/test/test_utils.py::test_findtz_raises 
encommon/times/test/test_utils.py::test_findtz 
[gw0] [ 31%] PASSED encommon/times/test/test_utils.py::test_findtz 
encommon/times/test/test_utils.py::test_strptime 
[gw0] [ 32%] PASSED encommon/times/test/test_utils.py::test_strptime 
encommon/times/test/test_utils.py::test_utcdatetime 
[gw0] [ 32%] PASSED encommon/times/test/test_utils.py::test_utcdatetime 
encommon/times/test/test_utils.py::test_strptime_raises 
[gw0] [ 32%] PASSED encommon/times/test/test_utils.py::test_strptime_raises 
encommon/webkit/test/test_tagues.py::test_tagues 
[gw2] [ 33%] PASSED encommon/times/test/test_time.py::test_Time 
encommon/times/test/test_time.py::test_Time_tzname 
[gw2] [ 33%] PASSED encommon/times/test/test_time.py::test_Time_tzname 
encommon/times/test/test_params.py::test_TimerParams 
[gw2] [ 33%] PASSED encommon/times/test/test_params.py::test_TimerParams 
encommon/times/test/test_params.py::test_WindowParams 
[gw2] [ 34%] PASSED encommon/times/test/test_params.py::test_WindowParams 
encommon/webkit/test/test_datetime.py::test_datestamp 
[gw3] [ 34%] FAILED encommon/webkit/test/test_helpers.py::test_helpers_isnode 
[gw1] [ 34%] FAILED encommon/webkit/test/test_duration.py::test_duration 
[gw0] [ 35%] FAILED encommon/webkit/test/test_tagues.py::test_tagues 
[gw2] [ 35%] FAILED encommon/webkit/test/test_datetime.py::test_datestamp 
encommon/webkit/test/test_default.py::test_default_attr 
encommon/webkit/test/test_helpers.py::test_helpers_assert 
encommon/colors/test/test_color.py::test_Color_xy[00ffff-expect8] 
[gw2] [ 35%] PASSED encommon/colors/test/test_color.py::test_Color_xy[00ffff-expect8] 
encommon/colors/test/test_color.py::test_Color_xyz[000000-expect2] 
[gw2] [ 36%] PASSED encommon/colors/test/test_color.py::test_Color_xyz[000000-expect2] 
encommon/webkit/test/test_message.py::test_message 
encommon/colors/test/test_color.py::test_Color_rgb[00ffff-expect8] 
[gw2] [ 36%] PASSED encommon/colors/test/test_color.py::test_Color_rgb[00ffff-expect8] 
encommon/colors/test/test_color.py::test_Color_hsl[00ffff-expect8] 
[gw2] [ 36%] PASSED encommon/colors/test/test_color.py::test_Color_hsl[00ffff-expect8] 
encommon/colors/test/test_color.py::test_Color_xy[ff00ff-expect9] 
[gw2] [ 37%] PASSED encommon/colors/test/test_color.py::test_Color_xy[ff00ff-expect9] 
encommon/colors/test/test_color.py::test_Color_xyz[00ff00-expect4] 
[gw2] [ 37%] PASSED encommon/colors/test/test_color.py::test_Color_xyz[00ff00-expect4] 
encommon/colors/test/test_color.py::test_Color_cover 
[gw2] [ 37%] PASSED encommon/colors/test/test_color.py::test_Color_cover 
encommon/colors/test/test_color.py::test_Color_rgb[800080-expect10] 
[gw2] [ 38%] PASSED encommon/colors/test/test_color.py::test_Color_rgb[800080-expect10] 
encommon/colors/test/test_color.py::test_Color_rgb[ff00cc-expect0] 
[gw2] [ 38%] PASSED encommon/colors/test/test_color.py::test_Color_rgb[ff00cc-expect0] 
encommon/colors/test/test_color.py::test_Color_xyz[808080-expect6] 
[gw2] [ 38%] PASSED encommon/colors/test/test_color.py::test_Color_xyz[808080-expect6] 
encommon/colors/test/test_color.py::test_Color_hsl[ff00cc-expect0] 
[gw2] [ 39%] PASSED encommon/colors/test/test_color.py::test_Color_hsl[ff00cc-expect0] 
encommon/colors/test/test_color.py::test_Color_xy[ffffff-expect1] 
[gw2] [ 39%] PASSED encommon/colors/test/test_color.py::test_Color_xy[ffffff-expect1] 
encommon/colors/test/test_color.py::test_Color_xyz[800080-expect10] 
[gw2] [ 39%] PASSED encommon/colors/test/test_color.py::test_Color_xyz[800080-expect10] 
encommon/colors/test/test_color.py::test_Color_xy[000000-expect2] 
[gw2] [ 40%] PASSED encommon/colors/test/test_color.py::test_Color_xy[000000-expect2] 
encommon/colors/test/test_color.py::test_Color_rgb[ffffff-expect1] 
[gw2] [ 40%] PASSED encommon/colors/test/test_color.py::test_Color_rgb[ffffff-expect1] 
encommon/colors/test/test_color.py::test_Color_rgb[000000-expect2] 
[gw2] [ 40%] PASSED encommon/colors/test/test_color.py::test_Color_rgb[000000-expect2] 
encommon/colors/test/test_color.py::test_Color_xyz[ff00ff-expect9] 
[gw2] [ 41%] PASSED encommon/colors/test/test_color.py::test_Color_xyz[ff00ff-expect9] 
encommon/colors/test/test_color.py::test_Color_hsl[ffffff-expect1] 
[gw2] [ 41%] PASSED encommon/colors/test/test_color.py::test_Color_hsl[ffffff-expect1] 
encommon/colors/test/test_color.py::test_Color_hsl[000000-expect2] 
[gw2] [ 41%] PASSED encommon/colors/test/test_color.py::test_Color_hsl[000000-expect2] 
encommon/colors/test/test_color.py::test_Color 
[gw2] [ 42%] PASSED encommon/colors/test/test_color.py::test_Color 
encommon/colors/test/test_color.py::test_Color_rgb[ffff00-expect7] 
[gw2] [ 42%] PASSED encommon/colors/test/test_color.py::test_Color_rgb[ffff00-expect7] 
encommon/colors/test/test_color.py::test_Color_xy[0000ff-expect5] 
[gw2] [ 42%] PASSED encommon/colors/test/test_color.py::test_Color_xy[0000ff-expect5] 
encommon/colors/test/test_color.py::test_Color_xy[ff0000-expect3] 
[gw2] [ 42%] PASSED encommon/colors/test/test_color.py::test_Color_xy[ff0000-expect3] 
encommon/colors/test/test_color.py::test_Color_hsl[ffff00-expect7] 
[gw2] [ 43%] PASSED encommon/colors/test/test_color.py::test_Color_hsl[ffff00-expect7] 
encommon/colors/test/test_color.py::test_Color_hsl[0000ff-expect5] 
[gw2] [ 43%] PASSED encommon/colors/test/test_color.py::test_Color_hsl[0000ff-expect5] 
encommon/colors/test/test_color.py::test_Color_hsl[ff0000-expect3] 
[gw2] [ 43%] PASSED encommon/colors/test/test_color.py::test_Color_hsl[ff0000-expect3] 
encommon/colors/test/test_color.py::test_Color_xy[ffff00-expect7] 
[gw2] [ 44%] PASSED encommon/colors/test/test_color.py::test_Color_xy[ffff00-expect7] 
encommon/colors/test/test_color.py::test_Color_rgb[0000ff-expect5] 
[gw2] [ 44%] PASSED encommon/colors/test/test_color.py::test_Color_rgb[0000ff-expect5] 
encommon/colors/test/test_color.py::test_Color_rgb[ff0000-expect3] 
[gw2] [ 44%] PASSED encommon/colors/test/test_color.py::test_Color_rgb[ff0000-expect3] 
encommon/colors/test/test_color.py::test_Color_xy[808080-expect6] 
[gw2] [ 45%] PASSED encommon/colors/test/test_color.py::test_Color_xy[808080-expect6] 
encommon/colors/test/test_color.py::test_Color_hsl[808080-expect6] 
[gw2] [ 45%] PASSED encommon/colors/test/test_color.py::test_Color_hsl[808080-expect6] 
encommon/colors/test/test_color.py::test_Color_rgb[808080-expect6] 
[gw2] [ 45%] PASSED encommon/colors/test/test_color.py::test_Color_rgb[808080-expect6] 
encommon/colors/test/test_color.py::test_Color_xyz[ff00cc-expect0] 
[gw2] [ 46%] PASSED encommon/colors/test/test_color.py::test_Color_xyz[ff00cc-expect0] 
encommon/crypts/test/test_crypts.py::test_Crypts_raises 
[gw2] [ 46%] PASSED encommon/crypts/test/test_crypts.py::test_Crypts_raises 
encommon/crypts/test/test_crypts.py::test_Crypts 
[gw2] [ 46%] PASSED encommon/crypts/test/test_crypts.py::test_Crypts 
encommon/crypts/test/test_crypts.py::test_Crypts_cover 
[gw2] [ 47%] PASSED encommon/crypts/test/test_crypts.py::test_Crypts_cover 
encommon/crypts/test/test_crypts.py::test_Crypts_iterate[foo-secrets] 
[gw2] [ 47%] PASSED encommon/crypts/test/test_crypts.py::test_Crypts_iterate[foo-secrets] 
encommon/crypts/test/test_crypts.py::test_Crypts_iterate[foo-default] 
[gw2] [ 47%] PASSED encommon/crypts/test/test_crypts.py::test_Crypts_iterate[foo-default] 
encommon/webkit/test/test_statate.py::test_statate 
[gw3] [ 48%] FAILED encommon/webkit/test/test_helpers.py::test_helpers_assert 
[gw1] [ 48%] FAILED encommon/webkit/test/test_default.py::test_default_attr 
[gw0] [ 48%] FAILED encommon/webkit/test/test_message.py::test_message 
encommon/webkit/test/test_helpers.py::test_helpers_islist 
encommon/webkit/test/test_default.py::test_default_content 
encommon/colors/test/test_color.py::test_Color_rgb[ff00ff-expect9] 
[gw0] [ 49%] PASSED encommon/colors/test/test_color.py::test_Color_rgb[ff00ff-expect9] 
encommon/colors/test/test_color.py::test_Color_hsl[ff00ff-expect9] 
[gw0] [ 49%] PASSED encommon/colors/test/test_color.py::test_Color_hsl[ff00ff-expect9] 
encommon/colors/test/test_color.py::test_Color_xyz[ffffff-expect1] 
[gw0] [ 49%] PASSED encommon/colors/test/test_color.py::test_Color_xyz[ffffff-expect1] 
encommon/colors/test/test_color.py::test_Color_xy[ff00cc-expect0] 
[gw0] [ 50%] PASSED encommon/colors/test/test_color.py::test_Color_xy[ff00cc-expect0] 
encommon/colors/test/test_color.py::test_Color_xyz[ff0000-expect3] 
[gw0] [ 50%] PASSED encommon/colors/test/test_color.py::test_Color_xyz[ff0000-expect3] 
encommon/colors/test/test_color.py::test_Color_xyz[0000ff-expect5] 
[gw0] [ 50%] PASSED encommon/colors/test/test_color.py::test_Color_xyz[0000ff-expect5] 
encommon/colors/test/test_color.py::test_Color_hsl[80007F-expect10] 
[gw0] [ 51%] PASSED encommon/colors/test/test_color.py::test_Color_hsl[80007F-expect10] 
[gw2] [ 51%] FAILED encommon/webkit/test/test_statate.py::test_statate 
encommon/colors/test/test_color.py::test_Color_xyz[ffff00-expect7] 
[gw0] [ 51%] PASSED encommon/colors/test/test_color.py::test_Color_xyz[ffff00-expect7] 
encommon/colors/test/test_color.py::test_Color_xy[00ff00-expect4] 
[gw0] [ 52%] PASSED encommon/colors/test/test_color.py::test_Color_xy[00ff00-expect4] 
encommon/colors/test/test_color.py::test_Color_xy[800080-expect10] 
[gw0] [ 52%] PASSED encommon/colors/test/test_color.py::test_Color_xy[800080-expect10] 
encommon/colors/test/test_color.py::test_Color_hsl[00ff00-expect4] 
[gw0] [ 52%] PASSED encommon/colors/test/test_color.py::test_Color_hsl[00ff00-expect4] 
encommon/colors/test/test_color.py::test_Color_rgb[00ff00-expect4] 
[gw0] [ 53%] PASSED encommon/colors/test/test_color.py::test_Color_rgb[00ff00-expect4] 
encommon/colors/test/test_color.py::test_Color_xyz[00ffff-expect8] 
[gw0] [ 53%] PASSED encommon/colors/test/test_color.py::test_Color_xyz[00ffff-expect8] 
encommon/parse/test/test_jinja2.py::test_Jinja2_parse[{{ 1 }}-1] 
[gw0] [ 53%] PASSED encommon/parse/test/test_jinja2.py::test_Jinja2_parse[{{ 1 }}-1] 
encommon/parse/test/test_jinja2.py::test_Jinja2_parse[1-1] 
[gw0] [ 54%] PASSED encommon/parse/test/test_jinja2.py::test_Jinja2_parse[1-1] 
encommon/parse/test/test_jinja2.py::test_Jinja2_literal[{{ 123 }}-123] 
[gw0] [ 54%] PASSED encommon/parse/test/test_jinja2.py::test_Jinja2_literal[{{ 123 }}-123] 
encommon/parse/test/test_jinja2.py::test_Jinja2_literal[{{ none }}-None] 
[gw0] [ 54%] PASSED encommon/parse/test/test_jinja2.py::test_Jinja2_literal[{{ none }}-None] 
encommon/parse/test/test_jinja2.py::test_Jinja2_parse[{{ "1" | float }}-1.0] 
[gw0] [ 55%] PASSED encommon/parse/test/test_jinja2.py::test_Jinja2_parse[{{ "1" | float }}-1.0] 
encommon/parse/test/test_jinja2.py::test_Jinja2_parse[value4-expect4] 
[gw0] [ 55%] PASSED encommon/parse/test/test_jinja2.py::test_Jinja2_parse[value4-expect4] 
encommon/parse/test/test_jinja2.py::test_Jinja2 
[gw0] [ 55%] PASSED encommon/parse/test/test_jinja2.py::test_Jinja2 
encommon/parse/test/test_jinja2.py::test_Jinja2_parse[100000-100000_1] 
[gw0] [ 56%] PASSED encommon/parse/test/test_jinja2.py::test_Jinja2_parse[100000-100000_1] 
encommon/parse/test/test_jinja2.py::test_Jinja2_literal[{{ 1.2 }}-1.2] 
[gw0] [ 56%] PASSED encommon/parse/test/test_jinja2.py::test_Jinja2_literal[{{ 1.2 }}-1.2] 
encommon/parse/test/test_jinja2.py::test_Jinja2_literal[{{ -1.2 }}--1.2] 
[gw0] [ 56%] PASSED encommon/parse/test/test_jinja2.py::test_Jinja2_literal[{{ -1.2 }}--1.2] 
encommon/parse/test/test_jinja2.py::test_Jinja2_parse[1.0-1.0] 
[gw0] [ 57%] PASSED encommon/parse/test/test_jinja2.py::test_Jinja2_parse[1.0-1.0] 
encommon/parse/test/test_jinja2.py::test_Jinja2_parse[value14-expect14] 
[gw0] [ 57%] PASSED encommon/parse/test/test_jinja2.py::test_Jinja2_parse[value14-expect14] 
encommon/parse/test/test_jinja2.py::test_Jinja2_parse[{{ "01" }}-01] 
encommon/parse/test/test_network.py::test_Network_ipv4 
[gw0] [ 57%] PASSED encommon/parse/test/test_jinja2.py::test_Jinja2_parse[{{ "01" }}-01] 
encommon/parse/test/test_jinja2.py::test_Jinja2_parse[100000-100000_0] 
[gw2] [ 57%] PASSED encommon/parse/test/test_network.py::test_Network_ipv4 
encommon/parse/test/test_network.py::test_Network 
[gw0] [ 58%] PASSED encommon/parse/test/test_jinja2.py::test_Jinja2_parse[100000-100000_0] 
[gw2] [ 58%] PASSED encommon/parse/test/test_network.py::test_Network 
encommon/parse/test/test_network.py::test_isvalid_ip 
encommon/parse/test/test_jinja2.py::test_Jinja2_parse[{{ "1" | int }}-1] 
[gw0] [ 58%] PASSED encommon/parse/test/test_jinja2.py::test_Jinja2_parse[{{ "1" | int }}-1] 
encommon/parse/test/test_jinja2.py::test_Jinja2_parse[10.001-10.001_1] 
[gw2] [ 59%] PASSED encommon/parse/test/test_network.py::test_isvalid_ip 
[gw0] [ 59%] PASSED encommon/parse/test/test_jinja2.py::test_Jinja2_parse[10.001-10.001_1] 
encommon/parse/test/test_jinja2.py::test_Jinja2_parse[10.001-10.001_0] 
encommon/parse/test/test_network.py::test_insubnet_ip 
[gw0] [ 59%] PASSED encommon/parse/test/test_jinja2.py::test_Jinja2_parse[10.001-10.001_0] 
encommon/parse/test/test_jinja2.py::test_Jinja2_parse[01-01] 
[gw2] [ 60%] PASSED encommon/parse/test/test_network.py::test_insubnet_ip 
[gw0] [ 60%] PASSED encommon/parse/test/test_jinja2.py::test_Jinja2_parse[01-01] 
encommon/parse/test/test_jinja2.py::test_Jinja2_parse[{{ 0 | Time }}-1970-01-01T00:00:00.000000+0000] 
encommon/parse/test/test_network.py::test_Network_ipv6 
[gw2] [ 60%] PASSED encommon/parse/test/test_network.py::test_Network_ipv6 
[gw0] [ 61%] PASSED encommon/parse/test/test_jinja2.py::test_Jinja2_parse[{{ 0 | Time }}-1970-01-01T00:00:00.000000+0000] 
encommon/parse/test/test_jinja2.py::test_Jinja2_parse[{'a': 'b'}-expect5] 
encommon/parse/test/test_jinja2.py::test_Jinja2_parse[[1, 2]-expect15] 
[gw0] [ 61%] PASSED encommon/parse/test/test_jinja2.py::test_Jinja2_parse[{'a': 'b'}-expect5] 
encommon/parse/test/test_jinja2.py::test_Jinja2_parse[-01--01] 
[gw0] [ 61%] PASSED encommon/parse/test/test_jinja2.py::test_Jinja2_parse[-01--01] 
encommon/parse/test/test_jinja2.py::test_Jinja2_cover 
[gw0] [ 62%] PASSED encommon/parse/test/test_jinja2.py::test_Jinja2_cover 
encommon/parse/test/test_jinja2.py::test_Jinja2_parse[{{ "-01" }}--01] 
[gw2] [ 62%] PASSED encommon/parse/test/test_jinja2.py::test_Jinja2_parse[[1, 2]-expect15] 
[gw0] [ 62%] PASSED encommon/parse/test/test_jinja2.py::test_Jinja2_parse[{{ "-01" }}--01] 
encommon/parse/test/test_jinja2.py::test_Jinja2_parse[1.0.0-1.0.0] 
encommon/parse/test/test_jinja2.py::test_Jinja2_recurse 
[gw0] [ 63%] PASSED encommon/parse/test/test_jinja2.py::test_Jinja2_parse[1.0.0-1.0.0] 
encommon/times/test/test_timers.py::test_Timers_cover 
[gw2] [ 63%] PASSED encommon/parse/test/test_jinja2.py::test_Jinja2_recurse 
encommon/parse/test/test_jinja2.py::test_Jinja2_parse[foo-foo] 
[gw2] [ 63%] PASSED encommon/parse/test/test_jinja2.py::test_Jinja2_parse[foo-foo] 
encommon/times/test/test_windows.py::test_Windows_raises 
[gw2] [ 64%] PASSED encommon/times/test/test_windows.py::test_Windows_raises 
encommon/times/test/test_windows.py::test_Windows 
[gw2] [ 64%] PASSED encommon/times/test/test_windows.py::test_Windows 
encommon/times/test/test_windows.py::test_Windows_cover 
[gw1] [ 64%] FAILED encommon/webkit/test/test_default.py::test_default_content 
[gw3] [ 65%] FAILED encommon/webkit/test/test_helpers.py::test_helpers_islist 
encommon/webkit/test/test_default.py::test_default_addClass 
encommon/webkit/test/test_helpers.py::test_helpers_isempty 
[gw0] [ 65%] PASSED encommon/times/test/test_timers.py::test_Timers_cover 
encommon/times/test/test_timers.py::test_Timers 
[gw1] [ 65%] FAILED encommon/webkit/test/test_default.py::test_default_addClass 
[gw0] [ 66%] PASSED encommon/times/test/test_timers.py::test_Timers 
encommon/times/test/test_timers.py::test_Timers_raises 
[gw3] [ 66%] FAILED encommon/webkit/test/test_helpers.py::test_helpers_isempty 
[gw0] [ 66%] PASSED encommon/times/test/test_timers.py::test_Timers_raises 
encommon/webkit/test/test_color.py::test_colordiv 
encommon/webkit/test/test_default.py::test_default_append 
encommon/webkit/test/test_helpers.py::test_helpers_isbool 
[gw3] [ 67%] FAILED encommon/webkit/test/test_helpers.py::test_helpers_isbool 
[gw0] [ 67%] FAILED encommon/webkit/test/test_color.py::test_colordiv 
[gw1] [ 67%] FAILED encommon/webkit/test/test_default.py::test_default_append 
encommon/webkit/test/test_helpers.py::test_helpers_isnum 
encommon/config/test/test_files.py::test_ConfigFiles 
encommon/webkit/test/test_default.py::test_default_remClass 
[gw0] [ 68%] PASSED encommon/config/test/test_files.py::test_ConfigFiles 
encommon/config/test/test_files.py::test_ConfigFile 
[gw0] [ 68%] PASSED encommon/config/test/test_files.py::test_ConfigFile 
encommon/types/test/test_strings.py::test_hasstr 
[gw0] [ 68%] PASSED encommon/types/test/test_strings.py::test_hasstr 
encommon/types/test/test_strings.py::test_instr 
[gw0] [ 69%] PASSED encommon/types/test/test_strings.py::test_instr 
encommon/types/test/test_strings.py::test_inrepr 
[gw0] [ 69%] PASSED encommon/types/test/test_strings.py::test_inrepr 
encommon/types/test/test_strings.py::test_strplwr 
[gw0] [ 69%] PASSED encommon/types/test/test_strings.py::test_strplwr 
encommon/types/test/test_strings.py::test_rplstr 
[gw0] [ 70%] PASSED encommon/types/test/test_strings.py::test_rplstr 
encommon/types/test/test_lists.py::test_fuzzy_list 
[gw0] [ 70%] PASSED encommon/types/test/test_lists.py::test_fuzzy_list 
encommon/types/test/test_lists.py::test_dedup_list 
[gw0] [ 70%] PASSED encommon/types/test/test_lists.py::test_dedup_list 
encommon/types/test/test_lists.py::test_inlist 
[gw0] [ 71%] PASSED encommon/types/test/test_lists.py::test_inlist 
encommon/config/test/test_logger.py::test_Message 
[gw0] [ 71%] PASSED encommon/config/test/test_logger.py::test_Message 
encommon/config/test/test_logger.py::test_Logger_cover 
[gw0] [ 71%] PASSED encommon/config/test/test_logger.py::test_Logger_cover 
encommon/config/test/test_logger.py::test_Logger 
[gw0] [ 71%] PASSED encommon/config/test/test_logger.py::test_Logger 
encommon/times/test/test_unitime.py::test_unitime 
[gw0] [ 72%] PASSED encommon/times/test/test_unitime.py::test_unitime 
encommon/utils/test/test_files.py::test_append_text 
[gw0] [ 72%] PASSED encommon/utils/test/test_files.py::test_append_text 
encommon/utils/test/test_files.py::test_readsave_text 
[gw0] [ 72%] PASSED encommon/utils/test/test_files.py::test_readsave_text 
encommon/times/test/test_parse.py::test_shift_time[+1y@s+1h-expect4] 
[gw0] [ 73%] PASSED encommon/times/test/test_parse.py::test_shift_time[+1y@s+1h-expect4] 
encommon/times/test/test_parse.py::test_shift_time[-1y-expect1] 
[gw0] [ 73%] PASSED encommon/times/test/test_parse.py::test_shift_time[-1y-expect1] 
encommon/times/test/test_parse.py::test_shift_time[-1mon-expect7] 
[gw0] [ 73%] PASSED encommon/times/test/test_parse.py::test_shift_time[-1mon-expect7] 
encommon/times/test/test_parse.py::test_shift_time[+1d@d+30d-expect22] 
[gw0] [ 74%] PASSED encommon/times/test/test_parse.py::test_shift_time[+1d@d+30d-expect22] 
encommon/times/test/test_parse.py::test_shift_time[+1d-expect18] 
[gw0] [ 74%] PASSED encommon/times/test/test_parse.py::test_shift_time[+1d-expect18] 
encommon/times/test/test_parse.py::test_shift_time[-1w@h-1w-expect17] 
[gw0] [ 74%] PASSED encommon/times/test/test_parse.py::test_shift_time[-1w@h-1w-expect17] 
encommon/times/test/test_parse.py::test_shift_time[-1y@s-1h-expect5] 
[gw0] [ 75%] PASSED encommon/times/test/test_parse.py::test_shift_time[-1y@s-1h-expect5] 
encommon/times/test/test_parse.py::test_shift_time[-1d@d-30d-expect23] 
[gw0] [ 75%] PASSED encommon/times/test/test_parse.py::test_shift_time[-1d@d-30d-expect23] 
encommon/times/test/test_parse.py::test_shift_time[-1w-expect13] 
[gw0] [ 75%] PASSED encommon/times/test/test_parse.py::test_shift_time[-1w-expect13] 
encommon/times/test/test_parse.py::test_shift_time[+1y@s-expect2] 
[gw0] [ 76%] PASSED encommon/times/test/test_parse.py::test_shift_time[+1y@s-expect2] 
encommon/times/test/test_parse.py::test_parse_time 
[gw0] [ 76%] PASSED encommon/times/test/test_parse.py::test_parse_time 
encommon/times/test/test_parse.py::test_since_time 
[gw0] [ 76%] PASSED encommon/times/test/test_parse.py::test_since_time 
encommon/times/test/test_parse.py::test_string_time 
[gw0] [ 77%] PASSED encommon/times/test/test_parse.py::test_string_time 
encommon/times/test/test_parse.py::test_shift_time[-1d-expect19] 
[gw0] [ 77%] PASSED encommon/times/test/test_parse.py::test_shift_time[-1d-expect19] 
encommon/times/test/test_parse.py::test_shift_time[+1w@h+1w-expect16] 
[gw0] [ 77%] PASSED encommon/times/test/test_parse.py::test_shift_time[+1w@h+1w-expect16] 
encommon/times/test/test_parse.py::test_shift_time[-1w@h-expect15] 
[gw0] [ 78%] PASSED encommon/times/test/test_parse.py::test_shift_time[-1w@h-expect15] 
encommon/times/test/test_parse.py::test_shift_time[-1mon@m-1mon-expect11] 
[gw0] [ 78%] PASSED encommon/times/test/test_parse.py::test_shift_time[-1mon@m-1mon-expect11] 
encommon/times/test/test_parse.py::test_shift_time[-1mon@m-expect9] 
[gw2] [ 78%] PASSED encommon/times/test/test_windows.py::test_Windows_cover 
[gw0] [ 79%] PASSED encommon/times/test/test_parse.py::test_shift_time[-1mon@m-expect9] 
encommon/times/test/test_parse.py::test_shift_time[-1y@s-expect3] 
encommon/types/test/test_dicts.py::test_merge_dicts 
[gw0] [ 79%] PASSED encommon/times/test/test_parse.py::test_shift_time[-1y@s-expect3] 
encommon/times/test/test_parse.py::test_shift_time[+1w@h-expect14] 
[gw2] [ 79%] PASSED encommon/types/test/test_dicts.py::test_merge_dicts 
encommon/types/test/test_dicts.py::test_sort_dict 
[gw0] [ 80%] PASSED encommon/times/test/test_parse.py::test_shift_time[+1w@h-expect14] 
[gw2] [ 80%] PASSED encommon/types/test/test_dicts.py::test_sort_dict 
encommon/config/test/test_files.py::test_ConfigFiles_cover 
encommon/times/test/test_parse.py::test_shift_time[+1d@d-expect20] 
[gw0] [ 80%] PASSED encommon/times/test/test_parse.py::test_shift_time[+1d@d-expect20] 
encommon/times/test/test_parse.py::test_shift_time[+1mon@m+1mon-expect10] 
[gw0] [ 81%] PASSED encommon/times/test/test_parse.py::test_shift_time[+1mon@m+1mon-expect10] 
encommon/times/test/test_parse.py::test_shift_time[+1w-expect12] 
[gw0] [ 81%] PASSED encommon/times/test/test_parse.py::test_shift_time[+1w-expect12] 
[gw2] [ 81%] PASSED encommon/config/test/test_files.py::test_ConfigFiles_cover 
encommon/times/test/test_parse.py::test_shift_time[+1mon@m-expect8] 
encommon/times/test/test_parse.py::test_shift_time[+1mon-expect6] 
[gw2] [ 82%] PASSED encommon/times/test/test_parse.py::test_shift_time[+1mon@m-expect8] 
encommon/times/test/test_parse.py::test_shift_time[-1d@d-expect21] 
[gw0] [ 82%] PASSED encommon/times/test/test_parse.py::test_shift_time[+1mon-expect6] 
encommon/webkit/test/test_numeric.py::test_numeric_bytes 
[gw2] [ 82%] PASSED encommon/times/test/test_parse.py::test_shift_time[-1d@d-expect21] 
encommon/times/test/test_parse.py::test_shift_time[+1y-expect0] 
[gw2] [ 83%] PASSED encommon/times/test/test_parse.py::test_shift_time[+1y-expect0] 
encommon/webkit/test/test_numeric.py::test_numeric 
[gw1] [ 83%] FAILED encommon/webkit/test/test_default.py::test_default_remClass 
[gw3] [ 83%] FAILED encommon/webkit/test/test_helpers.py::test_helpers_isnum 
encommon/webkit/test/test_default.py::test_default_prop 
encommon/webkit/test/test_helpers.py::test_helpers_istime 
[gw2] [ 84%] FAILED encommon/webkit/test/test_numeric.py::test_numeric 
[gw0] [ 84%] FAILED encommon/webkit/test/test_numeric.py::test_numeric_bytes 
encommon/webkit/test/test_datagrid.py::test_datagrid 
encommon/webkit/test/test_numeric.py::test_numeric_count 
[gw1] [ 84%] FAILED encommon/webkit/test/test_default.py::test_default_prop 
[gw3] [ 85%] FAILED encommon/webkit/test/test_helpers.py::test_helpers_istime 
encommon/webkit/test/test_default.py::test_default_showhide 
encommon/webkit/test/test_helpers.py::test_helpers_dumps 
[gw2] [ 85%] FAILED encommon/webkit/test/test_datagrid.py::test_datagrid 
[gw0] [ 85%] FAILED encommon/webkit/test/test_numeric.py::test_numeric_count 
encommon/types/test/test_empty.py::test_EmptyType 
[gw2] [ 85%] PASSED encommon/types/test/test_empty.py::test_EmptyType 
encommon/utils/test/test_match.py::test_fuzz_match 
[gw2] [ 86%] PASSED encommon/utils/test/test_match.py::test_fuzz_match 
encommon/types/test/test_notate.py::test_impate 
encommon/utils/test/test_match.py::test_rgxp_match 
[gw0] [ 86%] PASSED encommon/utils/test/test_match.py::test_rgxp_match 
[gw2] [ 86%] PASSED encommon/types/test/test_notate.py::test_impate 
encommon/types/test/test_notate.py::test_setate_raises 
encommon/types/test/test_notate.py::test_setate 
[gw0] [ 87%] PASSED encommon/types/test/test_notate.py::test_setate_raises 
[gw2] [ 87%] PASSED encommon/types/test/test_notate.py::test_setate 
encommon/types/test/test_notate.py::test_expate_cover 
encommon/types/test/test_notate.py::test_impate_raises 
[gw2] [ 87%] PASSED encommon/types/test/test_notate.py::test_impate_raises 
encommon/types/test/test_notate.py::test_delate_raises 
[gw2] [ 88%] PASSED encommon/types/test/test_notate.py::test_delate_raises 
[gw0] [ 88%] PASSED encommon/types/test/test_notate.py::test_expate_cover 
encommon/types/test/test_notate.py::test_impate_cover 
encommon/types/test/test_notate.py::test_getate 
[gw0] [ 88%] PASSED encommon/types/test/test_notate.py::test_impate_cover 
[gw2] [ 89%] PASSED encommon/types/test/test_notate.py::test_getate 
encommon/types/test/test_notate.py::test_delate 
[gw0] [ 89%] PASSED encommon/types/test/test_notate.py::test_delate 
encommon/types/test/test_notate.py::test_setate_cover 
encommon/types/test/test_notate.py::test_getate_cover 
[gw2] [ 89%] PASSED encommon/types/test/test_notate.py::test_setate_cover 
encommon/types/test/test_notate.py::test_expate 
[gw0] [ 90%] PASSED encommon/types/test/test_notate.py::test_getate_cover 
encommon/webkit/test/test_image.py::test_image 
[gw2] [ 90%] PASSED encommon/types/test/test_notate.py::test_expate 
encommon/config/test/test_utils.py::test_config_path 
[gw2] [ 90%] PASSED encommon/config/test/test_utils.py::test_config_path 
encommon/config/test/test_utils.py::test_config_paths 
[gw2] [ 91%] PASSED encommon/config/test/test_utils.py::test_config_paths 
encommon/config/test/test_config.py::test_Config_jinja2 
[gw2] [ 91%] PASSED encommon/config/test/test_config.py::test_Config_jinja2 
encommon/config/test/test_config.py::test_Config_cover 
[gw2] [ 91%] PASSED encommon/config/test/test_config.py::test_Config_cover 
encommon/config/test/test_config.py::test_Config 
[gw2] [ 92%] PASSED encommon/config/test/test_config.py::test_Config 
encommon/types/test/test_funcs.py::test_funcname 
[gw2] [ 92%] PASSED encommon/types/test/test_funcs.py::test_funcname 
encommon/webkit/test/test_moderate.py::test_moderate 
[gw3] [ 92%] FAILED encommon/webkit/test/test_helpers.py::test_helpers_dumps 
[gw1] [ 93%] FAILED encommon/webkit/test/test_default.py::test_default_showhide 
encommon/webkit/test/test_helpers.py::test_helpers_isfalse 
encommon/webkit/test/test_default.py::test_default_create 
[gw0] [ 93%] FAILED encommon/webkit/test/test_image.py::test_image 
encommon/config/test/test_utils.py::test_config_load 
[gw0] [ 93%] PASSED encommon/config/test/test_utils.py::test_config_load 
[gw2] [ 94%] FAILED encommon/webkit/test/test_moderate.py::test_moderate 
[gw3] [ 94%] FAILED encommon/webkit/test/test_helpers.py::test_helpers_isfalse 
[gw1] [ 94%] FAILED encommon/webkit/test/test_default.py::test_default_create 
encommon/webkit/test/test_helpers.py::test_helpers_isquery 
encommon/webkit/test/test_default.py::test_default_replace 
[gw3] [ 95%] FAILED encommon/webkit/test/test_helpers.py::test_helpers_isquery 
[gw1] [ 95%] FAILED encommon/webkit/test/test_default.py::test_default_replace 
encommon/webkit/test/test_helpers.py::test_helpers_isnull 
encommon/webkit/test/test_default.py::test_default_styles 
[gw3] [ 95%] FAILED encommon/webkit/test/test_helpers.py::test_helpers_isnull 
[gw1] [ 96%] FAILED encommon/webkit/test/test_default.py::test_default_styles 
encommon/webkit/test/test_helpers.py::test_helpers_loads 
encommon/webkit/test/test_helpers.py::test_helpers_isdict 
[gw3] [ 96%] FAILED encommon/webkit/test/test_helpers.py::test_helpers_loads 
[gw1] [ 96%] FAILED encommon/webkit/test/test_helpers.py::test_helpers_isdict 
encommon/utils/test/test_stdout.py::test_make_ansi 
[gw3] [ 97%] PASSED encommon/utils/test/test_stdout.py::test_make_ansi 
encommon/utils/test/test_stdout.py::test_array_ansi 
[gw3] [ 97%] PASSED encommon/utils/test/test_stdout.py::test_array_ansi 
encommon/utils/test/test_stdout.py::test_kvpair_ansi 
[gw3] [ 97%] PASSED encommon/utils/test/test_stdout.py::test_kvpair_ansi 
encommon/utils/test/test_stdout.py::test_strip_ansi 
[gw3] [ 98%] PASSED encommon/utils/test/test_stdout.py::test_strip_ansi 
encommon/utils/test/test_stdout.py::test_array_ansi_cover 
[gw3] [ 98%] PASSED encommon/utils/test/test_stdout.py::test_array_ansi_cover 
encommon/webkit/test/test_helpers.py::test_helpers_isstr 
encommon/utils/test/test_stdout.py::test_print_ansi 
[gw3] [ 98%] PASSED encommon/utils/test/test_stdout.py::test_print_ansi 
encommon/types/test/test_classes.py::test_BaseModel 
[gw3] [ 99%] PASSED encommon/types/test/test_classes.py::test_BaseModel 
[gw1] [ 99%] FAILED encommon/webkit/test/test_helpers.py::test_helpers_isstr 
encommon/webkit/test/test_helpers.py::test_helpers_whenready 
[gw1] [ 99%] FAILED encommon/webkit/test/test_helpers.py::test_helpers_whenready 
encommon/webkit/test/test_helpers.py::test_helpers_istrue 
[gw1] [100%] FAILED encommon/webkit/test/test_helpers.py::test_helpers_istrue 

=================================== FAILURES ===================================
_____________________________ test_helpers_isnode ______________________________
[gw3] linux -- Python 3.12.13 /home/runner/work/encommon/encommon/main/.venv-package/bin/python3

prepare = (<encommon.webkit.content.Content object at 0x7fddd29237d0>, <selenium.webdriver.chrome.webdriver.WebDriver (session="f8d8075c65623382d39ab11cc8478b69")>)

    def test_helpers_isnode(
        prepare: tuple['Content', WebDriver],
    ) -> None:
        """
        Perform various tests associated with relevant routines.
    
        :param prepare: Driver and content loaded with scripts.
        """
    
        content, driver = prepare
    
>       outcome = _executejs(
            driver,
            ('let element = $("<p/>");'
             'return isnode(element[0]);'),
            wrap=False)

encommon/webkit/test/test_helpers.py:241: 
_ _ _ _ _ _ _ _ _ _ _ _ _ _ _ _ _ _ _ _ _ _ _ _ _ _ _ _ _ _ _ _ _ _ _ _ _ _ _ _ 
encommon/webkit/test/__init__.py:36: in _executejs
    driver
.venv-package/lib/python3.12/site-packages/selenium/webdriver/remote/webdriver.py:532: in execute_script
    return self.execute(command, {"script": script, "args": converted_args})["value"]
           ^^^^^^^^^^^^^^^^^^^^^^^^^^^^^^^^^^^^^^^^^^^^^^^^^^^^^^^^^^^^^^^^^
.venv-package/lib/python3.12/site-packages/selenium/webdriver/remote/webdriver.py:446: in execute
    self.error_handler.check_response(response)
_ _ _ _ _ _ _ _ _ _ _ _ _ _ _ _ _ _ _ _ _ _ _ _ _ _ _ _ _ _ _ _ _ _ _ _ _ _ _ _ 

self = <selenium.webdriver.remote.errorhandler.ErrorHandler object at 0x7fddd2984e60>
response = {'status': 500, 'value': '{"value":{"error":"javascript error","message":"javascript error: $ is not defined\\n  (Sess...\\n#15 0x560fd1f304de \\u003Cunknown>\\n#16 0x7fe34d09caa4 \\u003Cunknown>\\n#17 0x7fe34d129c6c \\u003Cunknown>\\n"}}'}

    def check_response(self, response: dict[str, Any]) -> None:
        """Check that a JSON response from the WebDriver does not have an error.
    
        Args:
            response: The JSON response from the WebDriver server as a dictionary
                object.
    
        Raises:
            WebDriverException: If the response contains an error message.
        """
        status = response.get("status", None)
        if not status or status == ErrorCode.SUCCESS:
            return
        value = None
        message = response.get("message", "")
        screen: str = response.get("screen", "")
        stacktrace = None
        if isinstance(status, int):
            value_json = response.get("value", None)
            if value_json and isinstance(value_json, str):
                try:
                    value = json.loads(value_json)
                    if isinstance(value, dict):
                        if len(value) == 1:
                            value = value["value"]
                        status = value.get("error", None)
                        if not status:
                            status = value.get("status", ErrorCode.UNKNOWN_ERROR)
                            message = value.get("value") or value.get("message")
                            if not isinstance(message, str):
                                value = message
                                message = message.get("message") if isinstance(message, dict) else None
                        else:
                            message = value.get("message", None)
                except ValueError:
                    pass
    
        exception_class: type[WebDriverException]
        e = ErrorCode()
        error_codes = [item for item in dir(e) if not item.startswith("__")]
        for error_code in error_codes:
            error_info = getattr(ErrorCode, error_code)
            if isinstance(error_info, list) and status in error_info:
                exception_class = getattr(ExceptionMapping, error_code, WebDriverException)
                break
        else:
            exception_class = WebDriverException
    
        if not value:
            value = response["value"]
        if isinstance(value, str):
            raise exception_class(value)
        if message == "" and "message" in value:
            message = value["message"]
    
        screen = None  # type: ignore[assignment]
        if "screen" in value:
            screen = value["screen"]
    
        stacktrace = None
        st_value = value.get("stackTrace") or value.get("stacktrace")
        if st_value:
            if isinstance(st_value, str):
                stacktrace = st_value.split("\n")
            else:
                stacktrace = []
                try:
                    for frame in st_value:
                        line = frame.get("lineNumber", "")
                        file = frame.get("fileName", "<anonymous>")
                        if line:
                            file = f"{file}:{line}"
                        meth = frame.get("methodName", "<anonymous>")
                        if "className" in frame:
                            meth = f"{frame['className']}.{meth}"
                        msg = "    at %s (%s)"
                        msg = msg % (meth, file)
                        stacktrace.append(msg)
                except TypeError:
                    pass
        if exception_class == UnexpectedAlertPresentException:
            alert_text = None
            if "data" in value:
                alert_text = value["data"].get("text")
            elif "alert" in value:
                alert_text = value["alert"].get("text")
            raise exception_class(message, screen, stacktrace, alert_text)  # type: ignore[call-arg]  # mypy is not smart enough here
>       raise exception_class(message, screen, stacktrace)
E       selenium.common.exceptions.JavascriptException: Message: javascript error: $ is not defined
E         (Session info: chrome=146.0.7680.164)
E       Stacktrace:
E       #0 0x560fd1f31a6a <unknown>
E       #1 0x560fd1940ab5 <unknown>
E       #2 0x560fd194792b <unknown>
E       #3 0x560fd194a4ab <unknown>
E       #4 0x560fd19dc8d9 <unknown>
E       #5 0x560fd19db7b6 <unknown>
E       #6 0x560fd1986cbf <unknown>
E       #7 0x560fd1987a81 <unknown>
E       #8 0x560fd1ef7a64 <unknown>
E       #9 0x560fd1efa951 <unknown>
E       #10 0x560fd1ee421e <unknown>
E       #11 0x560fd1efb51e <unknown>
E       #12 0x560fd1ecabe0 <unknown>
E       #13 0x560fd1f1e9b8 <unknown>
E       #14 0x560fd1f1eb88 <unknown>
E       #15 0x560fd1f304de <unknown>
E       #16 0x7fe34d09caa4 <unknown>
E       #17 0x7fe34d129c6c <unknown>

.venv-package/lib/python3.12/site-packages/selenium/webdriver/remote/errorhandler.py:232: JavascriptException
________________________________ test_duration _________________________________
[gw1] linux -- Python 3.12.13 /home/runner/work/encommon/encommon/main/.venv-package/bin/python3

content = <encommon.webkit.content.Content object at 0x7f623118d8b0>
driver = <selenium.webdriver.chrome.webdriver.WebDriver (session="27dff5483d60509091f9a67a4206b7e9")>

    def test_duration(
        content: 'Content',
        driver: WebDriver,
    ) -> None:
        """
        Perform various tests associated with relevant routines.
    
        :param content: Primary class instance for the content.
        :param driver: Selenium driver provided by the library.
        """
    
    
        driver.get(
            f"""
            data:text/html;
            charset=utf-8,
            <html>
              <head>
                <script>
            {content.scripts('default')}
            {content.scripts('helpers')}
            {content.scripts('duration')}
                </script>
              </head>
              <body></body>
            </html>
            """)
    
    
>       outcome = _executejs(
            driver,
            'let element ='
            ' duration(...arguments);'
            'return'
            ' element[0].outerHTML;',
            90460023,
            wrap=False)

encommon/webkit/test/test_duration.py:50: 
_ _ _ _ _ _ _ _ _ _ _ _ _ _ _ _ _ _ _ _ _ _ _ _ _ _ _ _ _ _ _ _ _ _ _ _ _ _ _ _ 
encommon/webkit/test/__init__.py:36: in _executejs
    driver
.venv-package/lib/python3.12/site-packages/selenium/webdriver/remote/webdriver.py:532: in execute_script
    return self.execute(command, {"script": script, "args": converted_args})["value"]
           ^^^^^^^^^^^^^^^^^^^^^^^^^^^^^^^^^^^^^^^^^^^^^^^^^^^^^^^^^^^^^^^^^
.venv-package/lib/python3.12/site-packages/selenium/webdriver/remote/webdriver.py:446: in execute
    self.error_handler.check_response(response)
_ _ _ _ _ _ _ _ _ _ _ _ _ _ _ _ _ _ _ _ _ _ _ _ _ _ _ _ _ _ _ _ _ _ _ _ _ _ _ _ 

self = <selenium.webdriver.remote.errorhandler.ErrorHandler object at 0x7f6231148380>
response = {'status': 500, 'value': '{"value":{"error":"javascript error","message":"javascript error: duration is not defined\\n...\\n#15 0x55dda76d34de \\u003Cunknown>\\n#16 0x7fa637a9caa4 \\u003Cunknown>\\n#17 0x7fa637b29c6c \\u003Cunknown>\\n"}}'}

    def check_response(self, response: dict[str, Any]) -> None:
        """Check that a JSON response from the WebDriver does not have an error.
    
        Args:
            response: The JSON response from the WebDriver server as a dictionary
                object.
    
        Raises:
            WebDriverException: If the response contains an error message.
        """
        status = response.get("status", None)
        if not status or status == ErrorCode.SUCCESS:
            return
        value = None
        message = response.get("message", "")
        screen: str = response.get("screen", "")
        stacktrace = None
        if isinstance(status, int):
            value_json = response.get("value", None)
            if value_json and isinstance(value_json, str):
                try:
                    value = json.loads(value_json)
                    if isinstance(value, dict):
                        if len(value) == 1:
                            value = value["value"]
                        status = value.get("error", None)
                        if not status:
                            status = value.get("status", ErrorCode.UNKNOWN_ERROR)
                            message = value.get("value") or value.get("message")
                            if not isinstance(message, str):
                                value = message
                                message = message.get("message") if isinstance(message, dict) else None
                        else:
                            message = value.get("message", None)
                except ValueError:
                    pass
    
        exception_class: type[WebDriverException]
        e = ErrorCode()
        error_codes = [item for item in dir(e) if not item.startswith("__")]
        for error_code in error_codes:
            error_info = getattr(ErrorCode, error_code)
            if isinstance(error_info, list) and status in error_info:
                exception_class = getattr(ExceptionMapping, error_code, WebDriverException)
                break
        else:
            exception_class = WebDriverException
    
        if not value:
            value = response["value"]
        if isinstance(value, str):
            raise exception_class(value)
        if message == "" and "message" in value:
            message = value["message"]
    
        screen = None  # type: ignore[assignment]
        if "screen" in value:
            screen = value["screen"]
    
        stacktrace = None
        st_value = value.get("stackTrace") or value.get("stacktrace")
        if st_value:
            if isinstance(st_value, str):
                stacktrace = st_value.split("\n")
            else:
                stacktrace = []
                try:
                    for frame in st_value:
                        line = frame.get("lineNumber", "")
                        file = frame.get("fileName", "<anonymous>")
                        if line:
                            file = f"{file}:{line}"
                        meth = frame.get("methodName", "<anonymous>")
                        if "className" in frame:
                            meth = f"{frame['className']}.{meth}"
                        msg = "    at %s (%s)"
                        msg = msg % (meth, file)
                        stacktrace.append(msg)
                except TypeError:
                    pass
        if exception_class == UnexpectedAlertPresentException:
            alert_text = None
            if "data" in value:
                alert_text = value["data"].get("text")
            elif "alert" in value:
                alert_text = value["alert"].get("text")
            raise exception_class(message, screen, stacktrace, alert_text)  # type: ignore[call-arg]  # mypy is not smart enough here
>       raise exception_class(message, screen, stacktrace)
E       selenium.common.exceptions.JavascriptException: Message: javascript error: duration is not defined
E         (Session info: chrome=146.0.7680.164)
E       Stacktrace:
E       #0 0x55dda76d4a6a <unknown>
E       #1 0x55dda70e3ab5 <unknown>
E       #2 0x55dda70ea92b <unknown>
E       #3 0x55dda70ed4ab <unknown>
E       #4 0x55dda717f8d9 <unknown>
E       #5 0x55dda717e7b6 <unknown>
E       #6 0x55dda7129cbf <unknown>
E       #7 0x55dda712aa81 <unknown>
E       #8 0x55dda769aa64 <unknown>
E       #9 0x55dda769d951 <unknown>
E       #10 0x55dda768721e <unknown>
E       #11 0x55dda769e51e <unknown>
E       #12 0x55dda766dbe0 <unknown>
E       #13 0x55dda76c19b8 <unknown>
E       #14 0x55dda76c1b88 <unknown>
E       #15 0x55dda76d34de <unknown>
E       #16 0x7fa637a9caa4 <unknown>
E       #17 0x7fa637b29c6c <unknown>

.venv-package/lib/python3.12/site-packages/selenium/webdriver/remote/errorhandler.py:232: JavascriptException
_________________________________ test_tagues __________________________________
[gw0] linux -- Python 3.12.13 /home/runner/work/encommon/encommon/main/.venv-package/bin/python3

content = <encommon.webkit.content.Content object at 0x7f7852acd460>
driver = <selenium.webdriver.chrome.webdriver.WebDriver (session="65e4fa01f8d09b5035ffa47a36c6b2ab")>

    def test_tagues(
        content: 'Content',
        driver: WebDriver,
    ) -> None:
        """
        Perform various tests associated with relevant routines.
    
        :param content: Primary class instance for the content.
        :param driver: Selenium driver provided by the library.
        """
    
    
        driver.get(
            f"""
            data:text/html;
            charset=utf-8,
            <html>
              <head>
                <script>
            {content.scripts('default')}
            {content.scripts('helpers')}
            {content.scripts('moderate')}
            {content.scripts('tagues')}
                </script>
              </head>
              <body></body>
            </html>
            """)
    
    
>       outcome = _executejs(
            driver,
            'let element ='
            ' tagues(...arguments);'
            'return'
            ' element[0].outerHTML;',
            ['tag_one', 'tag_two'],
            False,
            wrap=False)

encommon/webkit/test/test_tagues.py:51: 
_ _ _ _ _ _ _ _ _ _ _ _ _ _ _ _ _ _ _ _ _ _ _ _ _ _ _ _ _ _ _ _ _ _ _ _ _ _ _ _ 
encommon/webkit/test/__init__.py:36: in _executejs
    driver
.venv-package/lib/python3.12/site-packages/selenium/webdriver/remote/webdriver.py:532: in execute_script
    return self.execute(command, {"script": script, "args": converted_args})["value"]
           ^^^^^^^^^^^^^^^^^^^^^^^^^^^^^^^^^^^^^^^^^^^^^^^^^^^^^^^^^^^^^^^^^
.venv-package/lib/python3.12/site-packages/selenium/webdriver/remote/webdriver.py:446: in execute
    self.error_handler.check_response(response)
_ _ _ _ _ _ _ _ _ _ _ _ _ _ _ _ _ _ _ _ _ _ _ _ _ _ _ _ _ _ _ _ _ _ _ _ _ _ _ _ 

self = <selenium.webdriver.remote.errorhandler.ErrorHandler object at 0x7f7852be0aa0>
response = {'status': 500, 'value': '{"value":{"error":"javascript error","message":"javascript error: tagues is not defined\\n  ...\\n#15 0x55d33d65f4de \\u003Cunknown>\\n#16 0x7fb5a5a9caa4 \\u003Cunknown>\\n#17 0x7fb5a5b29c6c \\u003Cunknown>\\n"}}'}

    def check_response(self, response: dict[str, Any]) -> None:
        """Check that a JSON response from the WebDriver does not have an error.
    
        Args:
            response: The JSON response from the WebDriver server as a dictionary
                object.
    
        Raises:
            WebDriverException: If the response contains an error message.
        """
        status = response.get("status", None)
        if not status or status == ErrorCode.SUCCESS:
            return
        value = None
        message = response.get("message", "")
        screen: str = response.get("screen", "")
        stacktrace = None
        if isinstance(status, int):
            value_json = response.get("value", None)
            if value_json and isinstance(value_json, str):
                try:
                    value = json.loads(value_json)
                    if isinstance(value, dict):
                        if len(value) == 1:
                            value = value["value"]
                        status = value.get("error", None)
                        if not status:
                            status = value.get("status", ErrorCode.UNKNOWN_ERROR)
                            message = value.get("value") or value.get("message")
                            if not isinstance(message, str):
                                value = message
                                message = message.get("message") if isinstance(message, dict) else None
                        else:
                            message = value.get("message", None)
                except ValueError:
                    pass
    
        exception_class: type[WebDriverException]
        e = ErrorCode()
        error_codes = [item for item in dir(e) if not item.startswith("__")]
        for error_code in error_codes:
            error_info = getattr(ErrorCode, error_code)
            if isinstance(error_info, list) and status in error_info:
                exception_class = getattr(ExceptionMapping, error_code, WebDriverException)
                break
        else:
            exception_class = WebDriverException
    
        if not value:
            value = response["value"]
        if isinstance(value, str):
            raise exception_class(value)
        if message == "" and "message" in value:
            message = value["message"]
    
        screen = None  # type: ignore[assignment]
        if "screen" in value:
            screen = value["screen"]
    
        stacktrace = None
        st_value = value.get("stackTrace") or value.get("stacktrace")
        if st_value:
            if isinstance(st_value, str):
                stacktrace = st_value.split("\n")
            else:
                stacktrace = []
                try:
                    for frame in st_value:
                        line = frame.get("lineNumber", "")
                        file = frame.get("fileName", "<anonymous>")
                        if line:
                            file = f"{file}:{line}"
                        meth = frame.get("methodName", "<anonymous>")
                        if "className" in frame:
                            meth = f"{frame['className']}.{meth}"
                        msg = "    at %s (%s)"
                        msg = msg % (meth, file)
                        stacktrace.append(msg)
                except TypeError:
                    pass
        if exception_class == UnexpectedAlertPresentException:
            alert_text = None
            if "data" in value:
                alert_text = value["data"].get("text")
            elif "alert" in value:
                alert_text = value["alert"].get("text")
            raise exception_class(message, screen, stacktrace, alert_text)  # type: ignore[call-arg]  # mypy is not smart enough here
>       raise exception_class(message, screen, stacktrace)
E       selenium.common.exceptions.JavascriptException: Message: javascript error: tagues is not defined
E         (Session info: chrome=146.0.7680.164)
E       Stacktrace:
E       #0 0x55d33d660a6a <unknown>
E       #1 0x55d33d06fab5 <unknown>
E       #2 0x55d33d07692b <unknown>
E       #3 0x55d33d0794ab <unknown>
E       #4 0x55d33d10b8d9 <unknown>
E       #5 0x55d33d10a7b6 <unknown>
E       #6 0x55d33d0b5cbf <unknown>
E       #7 0x55d33d0b6a81 <unknown>
E       #8 0x55d33d626a64 <unknown>
E       #9 0x55d33d629951 <unknown>
E       #10 0x55d33d61321e <unknown>
E       #11 0x55d33d62a51e <unknown>
E       #12 0x55d33d5f9be0 <unknown>
E       #13 0x55d33d64d9b8 <unknown>
E       #14 0x55d33d64db88 <unknown>
E       #15 0x55d33d65f4de <unknown>
E       #16 0x7fb5a5a9caa4 <unknown>
E       #17 0x7fb5a5b29c6c <unknown>

.venv-package/lib/python3.12/site-packages/selenium/webdriver/remote/errorhandler.py:232: JavascriptException
------------------------------ Captured log setup ------------------------------
DEBUG    selenium.webdriver.common.selenium_manager:selenium_manager.py:112 Selenium Manager binary found at: /home/runner/work/encommon/encommon/main/.venv-package/lib/python3.12/site-packages/selenium/webdriver/common/linux/selenium-manager
DEBUG    selenium.webdriver.common.selenium_manager:selenium_manager.py:127 Executing process: /home/runner/work/encommon/encommon/main/.venv-package/lib/python3.12/site-packages/selenium/webdriver/common/linux/selenium-manager --browser chrome --language-binding python --output json
DEBUG    selenium.webdriver.common.selenium_manager:selenium_manager.py:153 Driver path: /usr/bin/chromedriver
DEBUG    selenium.webdriver.common.selenium_manager:selenium_manager.py:153 Browser path: /usr/bin/google-chrome
DEBUG    selenium.webdriver.common.service:service.py:232 Started executable: `/usr/bin/chromedriver` in a child process with pid: 3291 using 0 to output -3
DEBUG    selenium.webdriver.remote.remote_connection:remote_connection.py:406 POST http://localhost:40189/session {'capabilities': {'firstMatch': [{}], 'alwaysMatch': {'browserName': 'chrome', 'pageLoadStrategy': <PageLoadStrategy.normal: 'normal'>, 'browserVersion': None, 'goog:chromeOptions': {'extensions': [], 'binary': '/usr/bin/google-chrome', 'args': ['--headless']}}}}
DEBUG    urllib3.connectionpool:connectionpool.py:241 Starting new HTTP connection (1): localhost:40189
DEBUG    urllib3.connectionpool:connectionpool.py:544 http://localhost:40189 "POST /session HTTP/1.1" 200 0
DEBUG    selenium.webdriver.remote.remote_connection:remote_connection.py:439 Remote response: status=200 | data={"value":{"capabilities":{"acceptInsecureCerts":false,"browserName":"chrome","browserVersion":"146.0.7680.164","chrome":{"chromedriverVersion":"146.0.7680.165 (4b989da09e15a7dc0de0785cb5ff232aadae3f0f-refs/branch-heads/7680@{#2932})","userDataDir":"/tmp/org.chromium.Chromium.scoped_dir.yTLX2B"},"fedcm:accounts":true,"goog:chromeOptions":{"debuggerAddress":"localhost:36383"},"goog:processID":3297,"networkConnectionEnabled":false,"pageLoadStrategy":"normal","platformName":"linux","proxy":{},"setWindowRect":true,"strictFileInteractability":false,"timeouts":{"implicit":0,"pageLoad":300000,"script":30000},"unhandledPromptBehavior":"dismiss and notify","webauthn:extension:credBlob":true,"webauthn:extension:largeBlob":true,"webauthn:extension:minPinLength":true,"webauthn:extension:prf":true,"webauthn:virtualAuthenticators":true},"sessionId":"65e4fa01f8d09b5035ffa47a36c6b2ab"}} | headers=HTTPHeaderDict({'Content-Length': '882', 'Content-Type': 'application/json; charset=utf-8', 'cache-control': 'no-cache'})
DEBUG    selenium.webdriver.remote.remote_connection:remote_connection.py:468 Finished Request
------------------------------ Captured log call -------------------------------
DEBUG    selenium.webdriver.remote.remote_connection:remote_connection.py:406 POST http://localhost:40189/session/65e4fa01f8d09b5035ffa47a36c6b2ab/url {'url': '\n        data:text/html;\n        charset=utf-8,\n        <html>\n          <head>\n            <script>...'}
DEBUG    urllib3.connectionpool:connectionpool.py:544 http://localhost:40189 "POST /session/65e4fa01f8d09b5035ffa47a36c6b2ab/url HTTP/1.1" 200 0
DEBUG    selenium.webdriver.remote.remote_connection:remote_connection.py:439 Remote response: status=200 | data={"value":null} | headers=HTTPHeaderDict({'Content-Length': '14', 'Content-Type': 'application/json; charset=utf-8', 'cache-control': 'no-cache'})
DEBUG    selenium.webdriver.remote.remote_connection:remote_connection.py:468 Finished Request
DEBUG    selenium.webdriver.remote.remote_connection:remote_connection.py:406 POST http://localhost:40189/session/65e4fa01f8d09b5035ffa47a36c6b2ab/execute/sync {'script': 'let element = tagues(...arguments);return element[0].outerHTML;', 'args': [['tag_one', 'tag_two'], False]}
DEBUG    urllib3.connectionpool:connectionpool.py:544 http://localhost:40189 "POST /session/65e4fa01f8d09b5035ffa47a36c6b2ab/execute/sync HTTP/1.1" 500 0
DEBUG    selenium.webdriver.remote.remote_connection:remote_connection.py:439 Remote response: status=500 | data={"value":{"error":"javascript error","message":"javascript error: tagues is not defined\n  (Session info: chrome=146.0.7680.164)","stacktrace":"#0 0x55d33d660a6a \u003Cunknown>\n#1 0x55d33d06fab5 \u003Cunknown>\n#2 0x55d33d07692b \u003Cunknown>\n#3 0x55d33d0794ab \u003Cunknown>\n#4 0x55d33d10b8d9 \u003Cunknown>\n#5 0x55d33d10a7b6 \u003Cunknown>\n#6 0x55d33d0b5cbf \u003Cunknown>\n#7 0x55d33d0b6a81 \u003Cunknown>\n#8 0x55d33d626a64 \u003Cunknown>\n#9 0x55d33d629951 \u003Cunknown>\n#10 0x55d33d61321e \u003Cunknown>\n#11 0x55d33d62a51e \u003Cunknown>\n#12 0x55d33d5f9be0 \u003Cunknown>\n#13 0x55d33d64d9b8 \u003Cunknown>\n#14 0x55d33d64db88 \u003Cunknown>\n#15 0x55d33d65f4de \u003Cunknown>\n#16 0x7fb5a5a9caa4 \u003Cunknown>\n#17 0x7fb5a5b29c6c \u003Cunknown>\n"}} | headers=HTTPHeaderDict({'Content-Length': '767', 'Content-Type': 'application/json; charset=utf-8', 'cache-control': 'no-cache'})
DEBUG    selenium.webdriver.remote.remote_connection:remote_connection.py:468 Finished Request
---------------------------- Captured log teardown -----------------------------
DEBUG    selenium.webdriver.remote.remote_connection:remote_connection.py:406 DELETE http://localhost:40189/session/65e4fa01f8d09b5035ffa47a36c6b2ab {}
DEBUG    urllib3.connectionpool:connectionpool.py:544 http://localhost:40189 "DELETE /session/65e4fa01f8d09b5035ffa47a36c6b2ab HTTP/1.1" 200 0
DEBUG    selenium.webdriver.remote.remote_connection:remote_connection.py:439 Remote response: status=200 | data={"value":null} | headers=HTTPHeaderDict({'Content-Length': '14', 'Content-Type': 'application/json; charset=utf-8', 'cache-control': 'no-cache'})
DEBUG    selenium.webdriver.remote.remote_connection:remote_connection.py:468 Finished Request
________________________________ test_datestamp ________________________________
[gw2] linux -- Python 3.12.13 /home/runner/work/encommon/encommon/main/.venv-package/bin/python3

content = <encommon.webkit.content.Content object at 0x7fb54da234d0>
driver = <selenium.webdriver.chrome.webdriver.WebDriver (session="19a395fa7619860cb1a1d9fc3cef5c2f")>

    def test_datestamp(
        content: 'Content',
        driver: WebDriver,
    ) -> None:
        """
        Perform various tests associated with relevant routines.
    
        :param content: Primary class instance for the content.
        :param driver: Selenium driver provided by the library.
        """
    
    
        driver.get(
            f"""
            data:text/html;
            charset=utf-8,
            <html>
              <head>
                <script>
            {content.scripts('default')}
            {content.scripts('helpers')}
            {content.scripts('datetime')}
                </script>
              </head>
              <body></body>
            </html>
            """)
    
    
>       outcome = _executejs(
            driver,
            'let element ='
            ' datestamp(...arguments);'
            'return'
            ' element[0].outerHTML;',
            '2024-04-20T16:20:00Z',
            wrap=False)

encommon/webkit/test/test_datetime.py:50: 
_ _ _ _ _ _ _ _ _ _ _ _ _ _ _ _ _ _ _ _ _ _ _ _ _ _ _ _ _ _ _ _ _ _ _ _ _ _ _ _ 
encommon/webkit/test/__init__.py:36: in _executejs
    driver
.venv-package/lib/python3.12/site-packages/selenium/webdriver/remote/webdriver.py:532: in execute_script
    return self.execute(command, {"script": script, "args": converted_args})["value"]
           ^^^^^^^^^^^^^^^^^^^^^^^^^^^^^^^^^^^^^^^^^^^^^^^^^^^^^^^^^^^^^^^^^
.venv-package/lib/python3.12/site-packages/selenium/webdriver/remote/webdriver.py:446: in execute
    self.error_handler.check_response(response)
_ _ _ _ _ _ _ _ _ _ _ _ _ _ _ _ _ _ _ _ _ _ _ _ _ _ _ _ _ _ _ _ _ _ _ _ _ _ _ _ 

self = <selenium.webdriver.remote.errorhandler.ErrorHandler object at 0x7fb54dcd0380>
response = {'status': 500, 'value': '{"value":{"error":"javascript error","message":"javascript error: datestamp is not defined\\...\\n#15 0x5572af8d24de \\u003Cunknown>\\n#16 0x7faeee69caa4 \\u003Cunknown>\\n#17 0x7faeee729c6c \\u003Cunknown>\\n"}}'}

    def check_response(self, response: dict[str, Any]) -> None:
        """Check that a JSON response from the WebDriver does not have an error.
    
        Args:
            response: The JSON response from the WebDriver server as a dictionary
                object.
    
        Raises:
            WebDriverException: If the response contains an error message.
        """
        status = response.get("status", None)
        if not status or status == ErrorCode.SUCCESS:
            return
        value = None
        message = response.get("message", "")
        screen: str = response.get("screen", "")
        stacktrace = None
        if isinstance(status, int):
            value_json = response.get("value", None)
            if value_json and isinstance(value_json, str):
                try:
                    value = json.loads(value_json)
                    if isinstance(value, dict):
                        if len(value) == 1:
                            value = value["value"]
                        status = value.get("error", None)
                        if not status:
                            status = value.get("status", ErrorCode.UNKNOWN_ERROR)
                            message = value.get("value") or value.get("message")
                            if not isinstance(message, str):
                                value = message
                                message = message.get("message") if isinstance(message, dict) else None
                        else:
                            message = value.get("message", None)
                except ValueError:
                    pass
    
        exception_class: type[WebDriverException]
        e = ErrorCode()
        error_codes = [item for item in dir(e) if not item.startswith("__")]
        for error_code in error_codes:
            error_info = getattr(ErrorCode, error_code)
            if isinstance(error_info, list) and status in error_info:
                exception_class = getattr(ExceptionMapping, error_code, WebDriverException)
                break
        else:
            exception_class = WebDriverException
    
        if not value:
            value = response["value"]
        if isinstance(value, str):
            raise exception_class(value)
        if message == "" and "message" in value:
            message = value["message"]
    
        screen = None  # type: ignore[assignment]
        if "screen" in value:
            screen = value["screen"]
    
        stacktrace = None
        st_value = value.get("stackTrace") or value.get("stacktrace")
        if st_value:
            if isinstance(st_value, str):
                stacktrace = st_value.split("\n")
            else:
                stacktrace = []
                try:
                    for frame in st_value:
                        line = frame.get("lineNumber", "")
                        file = frame.get("fileName", "<anonymous>")
                        if line:
                            file = f"{file}:{line}"
                        meth = frame.get("methodName", "<anonymous>")
                        if "className" in frame:
                            meth = f"{frame['className']}.{meth}"
                        msg = "    at %s (%s)"
                        msg = msg % (meth, file)
                        stacktrace.append(msg)
                except TypeError:
                    pass
        if exception_class == UnexpectedAlertPresentException:
            alert_text = None
            if "data" in value:
                alert_text = value["data"].get("text")
            elif "alert" in value:
                alert_text = value["alert"].get("text")
            raise exception_class(message, screen, stacktrace, alert_text)  # type: ignore[call-arg]  # mypy is not smart enough here
>       raise exception_class(message, screen, stacktrace)
E       selenium.common.exceptions.JavascriptException: Message: javascript error: datestamp is not defined
E         (Session info: chrome=146.0.7680.164)
E       Stacktrace:
E       #0 0x5572af8d3a6a <unknown>
E       #1 0x5572af2e2ab5 <unknown>
E       #2 0x5572af2e992b <unknown>
E       #3 0x5572af2ec4ab <unknown>
E       #4 0x5572af37e8d9 <unknown>
E       #5 0x5572af37d7b6 <unknown>
E       #6 0x5572af328cbf <unknown>
E       #7 0x5572af329a81 <unknown>
E       #8 0x5572af899a64 <unknown>
E       #9 0x5572af89c951 <unknown>
E       #10 0x5572af88621e <unknown>
E       #11 0x5572af89d51e <unknown>
E       #12 0x5572af86cbe0 <unknown>
E       #13 0x5572af8c09b8 <unknown>
E       #14 0x5572af8c0b88 <unknown>
E       #15 0x5572af8d24de <unknown>
E       #16 0x7faeee69caa4 <unknown>
E       #17 0x7faeee729c6c <unknown>

.venv-package/lib/python3.12/site-packages/selenium/webdriver/remote/errorhandler.py:232: JavascriptException
_____________________________ test_helpers_assert ______________________________
[gw3] linux -- Python 3.12.13 /home/runner/work/encommon/encommon/main/.venv-package/bin/python3

prepare = (<encommon.webkit.content.Content object at 0x7fddd2923e30>, <selenium.webdriver.chrome.webdriver.WebDriver (session="e938769b233d231b4edb4202724111f7")>)

    def test_helpers_assert(
        prepare: tuple['Content', WebDriver],
    ) -> None:
        """
        Perform various tests associated with relevant routines.
    
        :param prepare: Driver and content loaded with scripts.
        """
    
        content, driver = prepare
    
>       outcome = _executejs(
            driver,
            'assert(1 == 1)')

[...]
#8 0x5570b46f3a64 <unknown>
#9 0x5570b46f6951 <unknown>
#10 0x5570b46e021e <unknown>
#11 0x5570b46f751e <unknown>
#12 0x5570b46c6be0 <unknown>
#13 0x5570b471a9b8 <unknown>
#14 0x5570b471ab88 <unknown>
#15 0x5570b472c4de <unknown>
#16 0x7f742b49caa4 <unknown>
#17 0x7f742b529c6c <unknown>
FAILED encommon/webkit/test/test_helpers.py::test_helpers_isempty - selenium.common.exceptions.JavascriptException: Message: javascript error: isempty is not defined
  (Session info: chrome=146.0.7680.164)
Stacktrace:
#0 0x561baa337a6a <unknown>
#1 0x561ba9d46ab5 <unknown>
#2 0x561ba9d4d92b <unknown>
#3 0x561ba9d504ab <unknown>
#4 0x561ba9de28d9 <unknown>
#5 0x561ba9de17b6 <unknown>
#6 0x561ba9d8ccbf <unknown>
#7 0x561ba9d8da81 <unknown>
#8 0x561baa2fda64 <unknown>
#9 0x561baa300951 <unknown>
#10 0x561baa2ea21e <unknown>
#11 0x561baa30151e <unknown>
#12 0x561baa2d0be0 <unknown>
#13 0x561baa3249b8 <unknown>
#14 0x561baa324b88 <unknown>
#15 0x561baa3364de <unknown>
#16 0x7f2cda49caa4 <unknown>
#17 0x7f2cda529c6c <unknown>
FAILED encommon/webkit/test/test_helpers.py::test_helpers_isbool - selenium.common.exceptions.JavascriptException: Message: javascript error: isbool is not defined
  (Session info: chrome=146.0.7680.164)
Stacktrace:
#0 0x56352f768a6a <unknown>
#1 0x56352f177ab5 <unknown>
#2 0x56352f17e92b <unknown>
#3 0x56352f1814ab <unknown>
#4 0x56352f2138d9 <unknown>
#5 0x56352f2127b6 <unknown>
#6 0x56352f1bdcbf <unknown>
#7 0x56352f1bea81 <unknown>
#8 0x56352f72ea64 <unknown>
#9 0x56352f731951 <unknown>
#10 0x56352f71b21e <unknown>
#11 0x56352f73251e <unknown>
#12 0x56352f701be0 <unknown>
#13 0x56352f7559b8 <unknown>
#14 0x56352f755b88 <unknown>
#15 0x56352f7674de <unknown>
#16 0x7f777709caa4 <unknown>
#17 0x7f7777129c6c <unknown>
FAILED encommon/webkit/test/test_color.py::test_colordiv - selenium.common.exceptions.JavascriptException: Message: javascript error: colordiv is not defined
  (Session info: chrome=146.0.7680.164)
Stacktrace:
#0 0x55f861e5da6a <unknown>
#1 0x55f86186cab5 <unknown>
#2 0x55f86187392b <unknown>
#3 0x55f8618764ab <unknown>
#4 0x55f8619088d9 <unknown>
#5 0x55f8619077b6 <unknown>
#6 0x55f8618b2cbf <unknown>
#7 0x55f8618b3a81 <unknown>
#8 0x55f861e23a64 <unknown>
#9 0x55f861e26951 <unknown>
#10 0x55f861e1021e <unknown>
#11 0x55f861e2751e <unknown>
#12 0x55f861df6be0 <unknown>
#13 0x55f861e4a9b8 <unknown>
#14 0x55f861e4ab88 <unknown>
#15 0x55f861e5c4de <unknown>
#16 0x7f4d0569caa4 <unknown>
#17 0x7f4d05729c6c <unknown>
FAILED encommon/webkit/test/test_default.py::test_default_append - selenium.common.exceptions.JavascriptException: Message: javascript error: $ is not defined
  (Session info: chrome=146.0.7680.164)
Stacktrace:
#0 0x5600eb9b5a6a <unknown>
#1 0x5600eb3c4ab5 <unknown>
#2 0x5600eb3cb92b <unknown>
#3 0x5600eb3ce4ab <unknown>
#4 0x5600eb4608d9 <unknown>
#5 0x5600eb45f7b6 <unknown>
#6 0x5600eb40acbf <unknown>
#7 0x5600eb40ba81 <unknown>
#8 0x5600eb97ba64 <unknown>
#9 0x5600eb97e951 <unknown>
#10 0x5600eb96821e <unknown>
#11 0x5600eb97f51e <unknown>
#12 0x5600eb94ebe0 <unknown>
#13 0x5600eb9a29b8 <unknown>
#14 0x5600eb9a2b88 <unknown>
#15 0x5600eb9b44de <unknown>
#16 0x7feb7349caa4 <unknown>
#17 0x7feb73529c6c <unknown>
FAILED encommon/webkit/test/test_default.py::test_default_remClass - selenium.common.exceptions.JavascriptException: Message: javascript error: $ is not defined
  (Session info: chrome=146.0.7680.164)
Stacktrace:
#0 0x564bf8473a6a <unknown>
#1 0x564bf7e82ab5 <unknown>
#2 0x564bf7e8992b <unknown>
#3 0x564bf7e8c4ab <unknown>
#4 0x564bf7f1e8d9 <unknown>
#5 0x564bf7f1d7b6 <unknown>
#6 0x564bf7ec8cbf <unknown>
#7 0x564bf7ec9a81 <unknown>
#8 0x564bf8439a64 <unknown>
#9 0x564bf843c951 <unknown>
#10 0x564bf842621e <unknown>
#11 0x564bf843d51e <unknown>
#12 0x564bf840cbe0 <unknown>
#13 0x564bf84609b8 <unknown>
#14 0x564bf8460b88 <unknown>
#15 0x564bf84724de <unknown>
#16 0x7fdab3c9caa4 <unknown>
#17 0x7fdab3d29c6c <unknown>
FAILED encommon/webkit/test/test_helpers.py::test_helpers_isnum - selenium.common.exceptions.JavascriptException: Message: javascript error: isnum is not defined
  (Session info: chrome=146.0.7680.164)
Stacktrace:
#0 0x55d8e595fa6a <unknown>
#1 0x55d8e536eab5 <unknown>
#2 0x55d8e537592b <unknown>
#3 0x55d8e53784ab <unknown>
#4 0x55d8e540a8d9 <unknown>
#5 0x55d8e54097b6 <unknown>
#6 0x55d8e53b4cbf <unknown>
#7 0x55d8e53b5a81 <unknown>
#8 0x55d8e5925a64 <unknown>
#9 0x55d8e5928951 <unknown>
#10 0x55d8e591221e <unknown>
#11 0x55d8e592951e <unknown>
#12 0x55d8e58f8be0 <unknown>
#13 0x55d8e594c9b8 <unknown>
#14 0x55d8e594cb88 <unknown>
#15 0x55d8e595e4de <unknown>
#16 0x7f11bd89caa4 <unknown>
#17 0x7f11bd929c6c <unknown>
FAILED encommon/webkit/test/test_numeric.py::test_numeric - selenium.common.exceptions.JavascriptException: Message: javascript error: numeric is not defined
  (Session info: chrome=146.0.7680.164)
Stacktrace:
#0 0x55c5206eea6a <unknown>
#1 0x55c5200fdab5 <unknown>
#2 0x55c52010492b <unknown>
#3 0x55c5201074ab <unknown>
#4 0x55c5201998d9 <unknown>
#5 0x55c5201987b6 <unknown>
#6 0x55c520143cbf <unknown>
#7 0x55c520144a81 <unknown>
#8 0x55c5206b4a64 <unknown>
#9 0x55c5206b7951 <unknown>
#10 0x55c5206a121e <unknown>
#11 0x55c5206b851e <unknown>
#12 0x55c520687be0 <unknown>
#13 0x55c5206db9b8 <unknown>
#14 0x55c5206dbb88 <unknown>
#15 0x55c5206ed4de <unknown>
#16 0x7f3fc229caa4 <unknown>
#17 0x7f3fc2329c6c <unknown>
FAILED encommon/webkit/test/test_numeric.py::test_numeric_bytes - selenium.common.exceptions.JavascriptException: Message: javascript error: numeric_bytes is not defined
  (Session info: chrome=146.0.7680.164)
Stacktrace:
#0 0x561759ed2a6a <unknown>
#1 0x5617598e1ab5 <unknown>
#2 0x5617598e892b <unknown>
#3 0x5617598eb4ab <unknown>
#4 0x56175997d8d9 <unknown>
#5 0x56175997c7b6 <unknown>
#6 0x561759927cbf <unknown>
#7 0x561759928a81 <unknown>
#8 0x561759e98a64 <unknown>
#9 0x561759e9b951 <unknown>
#10 0x561759e8521e <unknown>
#11 0x561759e9c51e <unknown>
#12 0x561759e6bbe0 <unknown>
#13 0x561759ebf9b8 <unknown>
#14 0x561759ebfb88 <unknown>
#15 0x561759ed14de <unknown>
#16 0x7f3fa189caa4 <unknown>
#17 0x7f3fa1929c6c <unknown>
FAILED encommon/webkit/test/test_default.py::test_default_prop - selenium.common.exceptions.JavascriptException: Message: javascript error: $ is not defined
  (Session info: chrome=146.0.7680.164)
Stacktrace:
#0 0x5613d7448a6a <unknown>
#1 0x5613d6e57ab5 <unknown>
#2 0x5613d6e5e92b <unknown>
#3 0x5613d6e614ab <unknown>
#4 0x5613d6ef38d9 <unknown>
#5 0x5613d6ef27b6 <unknown>
#6 0x5613d6e9dcbf <unknown>
#7 0x5613d6e9ea81 <unknown>
#8 0x5613d740ea64 <unknown>
#9 0x5613d7411951 <unknown>
#10 0x5613d73fb21e <unknown>
#11 0x5613d741251e <unknown>
#12 0x5613d73e1be0 <unknown>
#13 0x5613d74359b8 <unknown>
#14 0x5613d7435b88 <unknown>
#15 0x5613d74474de <unknown>
#16 0x7fd21109caa4 <unknown>
#17 0x7fd211129c6c <unknown>
FAILED encommon/webkit/test/test_helpers.py::test_helpers_istime - selenium.common.exceptions.JavascriptException: Message: javascript error: istime is not defined
  (Session info: chrome=146.0.7680.164)
Stacktrace:
#0 0x55a127594a6a <unknown>
#1 0x55a126fa3ab5 <unknown>
#2 0x55a126faa92b <unknown>
#3 0x55a126fad4ab <unknown>
#4 0x55a12703f8d9 <unknown>
#5 0x55a12703e7b6 <unknown>
#6 0x55a126fe9cbf <unknown>
#7 0x55a126feaa81 <unknown>
#8 0x55a12755aa64 <unknown>
#9 0x55a12755d951 <unknown>
#10 0x55a12754721e <unknown>
#11 0x55a12755e51e <unknown>
#12 0x55a12752dbe0 <unknown>
#13 0x55a1275819b8 <unknown>
#14 0x55a127581b88 <unknown>
#15 0x55a1275934de <unknown>
#16 0x7feaf3a9caa4 <unknown>
#17 0x7feaf3b29c6c <unknown>
FAILED encommon/webkit/test/test_datagrid.py::test_datagrid - selenium.common.exceptions.JavascriptException: Message: javascript error: datagrid is not defined
  (Session info: chrome=146.0.7680.164)
Stacktrace:
#0 0x564a746bda6a <unknown>
#1 0x564a740ccab5 <unknown>
#2 0x564a740d392b <unknown>
#3 0x564a740d64ab <unknown>
#4 0x564a741688d9 <unknown>
#5 0x564a741677b6 <unknown>
#6 0x564a74112cbf <unknown>
#7 0x564a74113a81 <unknown>
#8 0x564a74683a64 <unknown>
#9 0x564a74686951 <unknown>
#10 0x564a7467021e <unknown>
#11 0x564a7468751e <unknown>
#12 0x564a74656be0 <unknown>
#13 0x564a746aa9b8 <unknown>
#14 0x564a746aab88 <unknown>
#15 0x564a746bc4de <unknown>
#16 0x7f699ee9caa4 <unknown>
#17 0x7f699ef29c6c <unknown>
FAILED encommon/webkit/test/test_numeric.py::test_numeric_count - selenium.common.exceptions.JavascriptException: Message: javascript error: numeric_count is not defined
  (Session info: chrome=146.0.7680.164)
Stacktrace:
#0 0x559118bd8a6a <unknown>
#1 0x5591185e7ab5 <unknown>
#2 0x5591185ee92b <unknown>
#3 0x5591185f14ab <unknown>
#4 0x5591186838d9 <unknown>
#5 0x5591186827b6 <unknown>
#6 0x55911862dcbf <unknown>
#7 0x55911862ea81 <unknown>
#8 0x559118b9ea64 <unknown>
#9 0x559118ba1951 <unknown>
#10 0x559118b8b21e <unknown>
#11 0x559118ba251e <unknown>
#12 0x559118b71be0 <unknown>
#13 0x559118bc59b8 <unknown>
#14 0x559118bc5b88 <unknown>
#15 0x559118bd74de <unknown>
#16 0x7f1d0029caa4 <unknown>
#17 0x7f1d00329c6c <unknown>
FAILED encommon/webkit/test/test_helpers.py::test_helpers_dumps - selenium.common.exceptions.JavascriptException: Message: javascript error: dumps is not defined
  (Session info: chrome=146.0.7680.164)
Stacktrace:
#0 0x56083923ba6a <unknown>
#1 0x560838c4aab5 <unknown>
#2 0x560838c5192b <unknown>
#3 0x560838c544ab <unknown>
#4 0x560838ce68d9 <unknown>
#5 0x560838ce57b6 <unknown>
#6 0x560838c90cbf <unknown>
#7 0x560838c91a81 <unknown>
#8 0x560839201a64 <unknown>
#9 0x560839204951 <unknown>
#10 0x5608391ee21e <unknown>
#11 0x56083920551e <unknown>
#12 0x5608391d4be0 <unknown>
#13 0x5608392289b8 <unknown>
#14 0x560839228b88 <unknown>
#15 0x56083923a4de <unknown>
#16 0x7fa984e9caa4 <unknown>
#17 0x7fa984f29c6c <unknown>
FAILED encommon/webkit/test/test_default.py::test_default_showhide - selenium.common.exceptions.JavascriptException: Message: javascript error: $ is not defined
  (Session info: chrome=146.0.7680.164)
Stacktrace:
#0 0x564fe34cfa6a <unknown>
#1 0x564fe2edeab5 <unknown>
#2 0x564fe2ee592b <unknown>
#3 0x564fe2ee84ab <unknown>
#4 0x564fe2f7a8d9 <unknown>
#5 0x564fe2f797b6 <unknown>
#6 0x564fe2f24cbf <unknown>
#7 0x564fe2f25a81 <unknown>
#8 0x564fe3495a64 <unknown>
#9 0x564fe3498951 <unknown>
#10 0x564fe348221e <unknown>
#11 0x564fe349951e <unknown>
#12 0x564fe3468be0 <unknown>
#13 0x564fe34bc9b8 <unknown>
#14 0x564fe34bcb88 <unknown>
#15 0x564fe34ce4de <unknown>
#16 0x7f99b7c9caa4 <unknown>
#17 0x7f99b7d29c6c <unknown>
FAILED encommon/webkit/test/test_image.py::test_image - selenium.common.exceptions.JavascriptException: Message: javascript error: svgicon is not defined
  (Session info: chrome=146.0.7680.164)
Stacktrace:
#0 0x55b7ff954a6a <unknown>
#1 0x55b7ff363ab5 <unknown>
#2 0x55b7ff36a92b <unknown>
#3 0x55b7ff36d4ab <unknown>
#4 0x55b7ff3ff8d9 <unknown>
#5 0x55b7ff3fe7b6 <unknown>
#6 0x55b7ff3a9cbf <unknown>
#7 0x55b7ff3aaa81 <unknown>
#8 0x55b7ff91aa64 <unknown>
#9 0x55b7ff91d951 <unknown>
#10 0x55b7ff90721e <unknown>
#11 0x55b7ff91e51e <unknown>
#12 0x55b7ff8edbe0 <unknown>
#13 0x55b7ff9419b8 <unknown>
#14 0x55b7ff941b88 <unknown>
#15 0x55b7ff9534de <unknown>
#16 0x7f32ee49caa4 <unknown>
#17 0x7f32ee529c6c <unknown>
FAILED encommon/webkit/test/test_moderate.py::test_moderate - selenium.common.exceptions.JavascriptException: Message: javascript error: moderate is not defined
  (Session info: chrome=146.0.7680.164)
Stacktrace:
#0 0x55d904cb3a6a <unknown>
#1 0x55d9046c2ab5 <unknown>
#2 0x55d9046c992b <unknown>
#3 0x55d9046cc4ab <unknown>
#4 0x55d90475e8d9 <unknown>
#5 0x55d90475d7b6 <unknown>
#6 0x55d904708cbf <unknown>
#7 0x55d904709a81 <unknown>
#8 0x55d904c79a64 <unknown>
#9 0x55d904c7c951 <unknown>
#10 0x55d904c6621e <unknown>
#11 0x55d904c7d51e <unknown>
#12 0x55d904c4cbe0 <unknown>
#13 0x55d904ca09b8 <unknown>
#14 0x55d904ca0b88 <unknown>
#15 0x55d904cb24de <unknown>
#16 0x7f05af09caa4 <unknown>
#17 0x7f05af129c6c <unknown>
FAILED encommon/webkit/test/test_helpers.py::test_helpers_isfalse - selenium.common.exceptions.JavascriptException: Message: javascript error: isfalse is not defined
  (Session info: chrome=146.0.7680.164)
Stacktrace:
#0 0x55a678a60a6a <unknown>
#1 0x55a67846fab5 <unknown>
#2 0x55a67847692b <unknown>
#3 0x55a6784794ab <unknown>
#4 0x55a67850b8d9 <unknown>
#5 0x55a67850a7b6 <unknown>
#6 0x55a6784b5cbf <unknown>
#7 0x55a6784b6a81 <unknown>
#8 0x55a678a26a64 <unknown>
#9 0x55a678a29951 <unknown>
#10 0x55a678a1321e <unknown>
#11 0x55a678a2a51e <unknown>
#12 0x55a6789f9be0 <unknown>
#13 0x55a678a4d9b8 <unknown>
#14 0x55a678a4db88 <unknown>
#15 0x55a678a5f4de <unknown>
#16 0x7f4fba69caa4 <unknown>
#17 0x7f4fba729c6c <unknown>
FAILED encommon/webkit/test/test_default.py::test_default_create - selenium.common.exceptions.JavascriptException: Message: javascript error: $ is not defined
  (Session info: chrome=146.0.7680.164)
Stacktrace:
#0 0x55962fdfca6a <unknown>
#1 0x55962f80bab5 <unknown>
#2 0x55962f81292b <unknown>
#3 0x55962f8154ab <unknown>
#4 0x55962f8a78d9 <unknown>
#5 0x55962f8a67b6 <unknown>
#6 0x55962f851cbf <unknown>
#7 0x55962f852a81 <unknown>
#8 0x55962fdc2a64 <unknown>
#9 0x55962fdc5951 <unknown>
#10 0x55962fdaf21e <unknown>
#11 0x55962fdc651e <unknown>
#12 0x55962fd95be0 <unknown>
#13 0x55962fde99b8 <unknown>
#14 0x55962fde9b88 <unknown>
#15 0x55962fdfb4de <unknown>
#16 0x7ffaf449caa4 <unknown>
#17 0x7ffaf4529c6c <unknown>
FAILED encommon/webkit/test/test_helpers.py::test_helpers_isquery - selenium.common.exceptions.JavascriptException: Message: javascript error: $ is not defined
  (Session info: chrome=146.0.7680.164)
Stacktrace:
#0 0x5571bffe2a6a <unknown>
#1 0x5571bf9f1ab5 <unknown>
#2 0x5571bf9f892b <unknown>
#3 0x5571bf9fb4ab <unknown>
#4 0x5571bfa8d8d9 <unknown>
#5 0x5571bfa8c7b6 <unknown>
#6 0x5571bfa37cbf <unknown>
#7 0x5571bfa38a81 <unknown>
#8 0x5571bffa8a64 <unknown>
#9 0x5571bffab951 <unknown>
#10 0x5571bff9521e <unknown>
#11 0x5571bffac51e <unknown>
#12 0x5571bff7bbe0 <unknown>
#13 0x5571bffcf9b8 <unknown>
#14 0x5571bffcfb88 <unknown>
#15 0x5571bffe14de <unknown>
#16 0x7fba7789caa4 <unknown>
#17 0x7fba77929c6c <unknown>
FAILED encommon/webkit/test/test_default.py::test_default_replace - selenium.common.exceptions.JavascriptException: Message: javascript error: $ is not defined
  (Session info: chrome=146.0.7680.164)
Stacktrace:
#0 0x559dfcda5a6a <unknown>
#1 0x559dfc7b4ab5 <unknown>
#2 0x559dfc7bb92b <unknown>
#3 0x559dfc7be4ab <unknown>
#4 0x559dfc8508d9 <unknown>
#5 0x559dfc84f7b6 <unknown>
#6 0x559dfc7facbf <unknown>
#7 0x559dfc7fba81 <unknown>
#8 0x559dfcd6ba64 <unknown>
#9 0x559dfcd6e951 <unknown>
#10 0x559dfcd5821e <unknown>
#11 0x559dfcd6f51e <unknown>
#12 0x559dfcd3ebe0 <unknown>
#13 0x559dfcd929b8 <unknown>
#14 0x559dfcd92b88 <unknown>
#15 0x559dfcda44de <unknown>
#16 0x7f4c8a49caa4 <unknown>
#17 0x7f4c8a529c6c <unknown>
FAILED encommon/webkit/test/test_helpers.py::test_helpers_isnull - selenium.common.exceptions.JavascriptException: Message: javascript error: isnull is not defined
  (Session info: chrome=146.0.7680.164)
Stacktrace:
#0 0x55bf1532ca6a <unknown>
#1 0x55bf14d3bab5 <unknown>
#2 0x55bf14d4292b <unknown>
#3 0x55bf14d454ab <unknown>
#4 0x55bf14dd78d9 <unknown>
#5 0x55bf14dd67b6 <unknown>
#6 0x55bf14d81cbf <unknown>
#7 0x55bf14d82a81 <unknown>
#8 0x55bf152f2a64 <unknown>
#9 0x55bf152f5951 <unknown>
#10 0x55bf152df21e <unknown>
#11 0x55bf152f651e <unknown>
#12 0x55bf152c5be0 <unknown>
#13 0x55bf153199b8 <unknown>
#14 0x55bf15319b88 <unknown>
#15 0x55bf1532b4de <unknown>
#16 0x7fafa3a9caa4 <unknown>
#17 0x7fafa3b29c6c <unknown>
FAILED encommon/webkit/test/test_default.py::test_default_styles - selenium.common.exceptions.JavascriptException: Message: javascript error: $ is not defined
  (Session info: chrome=146.0.7680.164)
Stacktrace:
#0 0x5630a46f7a6a <unknown>
#1 0x5630a4106ab5 <unknown>
#2 0x5630a410d92b <unknown>
#3 0x5630a41104ab <unknown>
#4 0x5630a41a28d9 <unknown>
#5 0x5630a41a17b6 <unknown>
#6 0x5630a414ccbf <unknown>
#7 0x5630a414da81 <unknown>
#8 0x5630a46bda64 <unknown>
#9 0x5630a46c0951 <unknown>
#10 0x5630a46aa21e <unknown>
#11 0x5630a46c151e <unknown>
#12 0x5630a4690be0 <unknown>
#13 0x5630a46e49b8 <unknown>
#14 0x5630a46e4b88 <unknown>
#15 0x5630a46f64de <unknown>
#16 0x7f56c989caa4 <unknown>
#17 0x7f56c9929c6c <unknown>
FAILED encommon/webkit/test/test_helpers.py::test_helpers_loads - selenium.common.exceptions.JavascriptException: Message: javascript error: loads is not defined
  (Session info: chrome=146.0.7680.164)
Stacktrace:
#0 0x5569c28c0a6a <unknown>
#1 0x5569c22cfab5 <unknown>
#2 0x5569c22d692b <unknown>
#3 0x5569c22d94ab <unknown>
#4 0x5569c236b8d9 <unknown>
#5 0x5569c236a7b6 <unknown>
#6 0x5569c2315cbf <unknown>
#7 0x5569c2316a81 <unknown>
#8 0x5569c2886a64 <unknown>
#9 0x5569c2889951 <unknown>
#10 0x5569c287321e <unknown>
#11 0x5569c288a51e <unknown>
#12 0x5569c2859be0 <unknown>
#13 0x5569c28ad9b8 <unknown>
#14 0x5569c28adb88 <unknown>
#15 0x5569c28bf4de <unknown>
#16 0x7f7329e9caa4 <unknown>
#17 0x7f7329f29c6c <unknown>
FAILED encommon/webkit/test/test_helpers.py::test_helpers_isdict - selenium.common.exceptions.JavascriptException: Message: javascript error: isdict is not defined
  (Session info: chrome=146.0.7680.164)
Stacktrace:
#0 0x5640de6f9a6a <unknown>
#1 0x5640de108ab5 <unknown>
#2 0x5640de10f92b <unknown>
#3 0x5640de1124ab <unknown>
#4 0x5640de1a48d9 <unknown>
#5 0x5640de1a37b6 <unknown>
#6 0x5640de14ecbf <unknown>
#7 0x5640de14fa81 <unknown>
#8 0x5640de6bfa64 <unknown>
#9 0x5640de6c2951 <unknown>
#10 0x5640de6ac21e <unknown>
#11 0x5640de6c351e <unknown>
#12 0x5640de692be0 <unknown>
#13 0x5640de6e69b8 <unknown>
#14 0x5640de6e6b88 <unknown>
#15 0x5640de6f84de <unknown>
#16 0x7f32ac69caa4 <unknown>
#17 0x7f32ac729c6c <unknown>
FAILED encommon/webkit/test/test_helpers.py::test_helpers_isstr - selenium.common.exceptions.JavascriptException: Message: javascript error: isstr is not defined
  (Session info: chrome=146.0.7680.164)
Stacktrace:
#0 0x556ed0c12a6a <unknown>
#1 0x556ed0621ab5 <unknown>
#2 0x556ed062892b <unknown>
#3 0x556ed062b4ab <unknown>
#4 0x556ed06bd8d9 <unknown>
#5 0x556ed06bc7b6 <unknown>
#6 0x556ed0667cbf <unknown>
#7 0x556ed0668a81 <unknown>
#8 0x556ed0bd8a64 <unknown>
#9 0x556ed0bdb951 <unknown>
#10 0x556ed0bc521e <unknown>
#11 0x556ed0bdc51e <unknown>
#12 0x556ed0babbe0 <unknown>
#13 0x556ed0bff9b8 <unknown>
#14 0x556ed0bffb88 <unknown>
#15 0x556ed0c114de <unknown>
#16 0x7faaca89caa4 <unknown>
#17 0x7faaca929c6c <unknown>
FAILED encommon/webkit/test/test_helpers.py::test_helpers_whenready - selenium.common.exceptions.JavascriptException: Message: javascript error: whenready is not defined
  (Session info: chrome=146.0.7680.164)
Stacktrace:
#0 0x561156b8fa6a <unknown>
#1 0x56115659eab5 <unknown>
#2 0x5611565a592b <unknown>
#3 0x5611565a84ab <unknown>
#4 0x56115663a8d9 <unknown>
#5 0x5611566397b6 <unknown>
#6 0x5611565e4cbf <unknown>
#7 0x5611565e5a81 <unknown>
#8 0x561156b55a64 <unknown>
#9 0x561156b58951 <unknown>
#10 0x561156b4221e <unknown>
#11 0x561156b5951e <unknown>
#12 0x561156b28be0 <unknown>
#13 0x561156b7c9b8 <unknown>
#14 0x561156b7cb88 <unknown>
#15 0x561156b8e4de <unknown>
#16 0x7f0bfec9caa4 <unknown>
#17 0x7f0bfed29c6c <unknown>
FAILED encommon/webkit/test/test_helpers.py::test_helpers_istrue - selenium.common.exceptions.JavascriptException: Message: javascript error: istrue is not defined
  (Session info: chrome=146.0.7680.164)
Stacktrace:
#0 0x558d338f0a6a <unknown>
#1 0x558d332ffab5 <unknown>
#2 0x558d3330692b <unknown>
#3 0x558d333094ab <unknown>
#4 0x558d3339b8d9 <unknown>
#5 0x558d3339a7b6 <unknown>
#6 0x558d33345cbf <unknown>
#7 0x558d33346a81 <unknown>
#8 0x558d338b6a64 <unknown>
#9 0x558d338b9951 <unknown>
#10 0x558d338a321e <unknown>
#11 0x558d338ba51e <unknown>
#12 0x558d33889be0 <unknown>
#13 0x558d338dd9b8 <unknown>
#14 0x558d338ddb88 <unknown>
#15 0x558d338ef4de <unknown>
#16 0x7f95e469caa4 <unknown>
#17 0x7f95e4729c6c <unknown>
======================= 38 failed, 269 passed in 25.55s ========================
