>>> make pytest
  ● Executing pytest in encommon..
============================= test session starts ==============================
platform linux -- Python 3.12.13, pytest-9.0.2, pluggy-1.6.0 -- /home/runner/work/encommon/encommon/main/.venv-package/bin/python3
cachedir: .pytest_cache
metadata: {'Python': '3.12.13', 'Platform': 'Linux-6.17.0-1008-azure-x86_64-with-glibc2.39', 'Packages': {'pytest': '9.0.2', 'pluggy': '1.6.0'}, 'Plugins': {'metadata': '3.1.1', 'randomly': '4.0.1', 'variables': '3.1.0', 'clarity': '1.0.1', 'cov': '7.1.0', 'xdist': '3.8.0', 'html': '4.2.0', 'base-url': '2.1.0', 'selenium': '4.1.0', 'sphinx': '0.7.1', 'mypy': '1.0.1'}, 'CI': 'true', 'JAVA_HOME': '/usr/lib/jvm/temurin-17-jdk-amd64', 'Base URL': '', 'Driver': None, 'Capabilities': {}}
Using --randomly-seed=15930187
sensitiveurl: .*
rootdir: /home/runner/work/encommon/encommon/main
configfile: pyproject.toml
plugins: metadata-3.1.1, randomly-4.0.1, variables-3.1.0, clarity-1.0.1, cov-7.1.0, xdist-3.8.0, html-4.2.0, base-url-2.1.0, selenium-4.1.0, sphinx-0.7.1, mypy-1.0.1
created: 4/4 workers
4 workers [307 items]

scheduling tests via LoadScheduling

encommon/types/strings.py::encommon.types.strings.instr 
encommon/times/test/test_timer.py::test_Timer 
encommon/webkit/test/test_helpers.py::test_helpers_isnum 
encommon/types/lists.py::encommon.types.lists.fuzzy_list 
[gw3] [  0%] PASSED encommon/types/lists.py::encommon.types.lists.fuzzy_list 
[gw2] [  0%] PASSED encommon/types/strings.py::encommon.types.strings.instr 
encommon/types/lists.py::encommon.types.lists.inlist 
encommon/types/strings.py::encommon.types.strings.strplwr 
[gw3] [  0%] PASSED encommon/types/lists.py::encommon.types.lists.inlist 
[gw2] [  1%] PASSED encommon/types/strings.py::encommon.types.strings.strplwr 
encommon/times/timers.py::encommon.times.timers.Timers 
encommon/times/unitime.py::encommon.times.unitime.unitime 
[gw3] [  1%] PASSED encommon/times/unitime.py::encommon.times.unitime.unitime 
encommon/utils/stdout.py::encommon.utils.stdout.array_ansi 
[gw3] [  1%] PASSED encommon/utils/stdout.py::encommon.utils.stdout.array_ansi 
encommon/utils/stdout.py::encommon.utils.stdout.make_ansi 
[gw3] [  2%] PASSED encommon/utils/stdout.py::encommon.utils.stdout.make_ansi 
encommon/utils/paths.py::encommon.utils.paths.resolve_paths 
[gw3] [  2%] PASSED encommon/utils/paths.py::encommon.utils.paths.resolve_paths 
encommon/utils/paths.py::encommon.utils.paths.stats_path 
[gw3] [  2%] PASSED encommon/utils/paths.py::encommon.utils.paths.stats_path 
encommon/utils/paths.py::encommon.utils.paths.resolve_path 
[gw3] [  3%] PASSED encommon/utils/paths.py::encommon.utils.paths.resolve_path 
encommon/utils/sample.py::encommon.utils.sample.load_sample 
[gw3] [  3%] PASSED encommon/utils/sample.py::encommon.utils.sample.load_sample 
encommon/utils/match.py::encommon.utils.match.fuzz_match 
[gw3] [  3%] PASSED encommon/utils/match.py::encommon.utils.match.fuzz_match 
encommon/utils/files.py::encommon.utils.files.save_text 
[gw3] [  4%] PASSED encommon/utils/files.py::encommon.utils.files.save_text 
encommon/utils/files.py::encommon.utils.files.append_text 
[gw3] [  4%] PASSED encommon/utils/files.py::encommon.utils.files.append_text 
encommon/utils/stdout.py::encommon.utils.stdout.strip_ansi 
[gw3] [  4%] PASSED encommon/utils/stdout.py::encommon.utils.stdout.strip_ansi 
encommon/utils/stdout.py::encommon.utils.stdout.kvpair_ansi 
[gw3] [  5%] PASSED encommon/utils/stdout.py::encommon.utils.stdout.kvpair_ansi 
encommon/utils/match.py::encommon.utils.match.rgxp_match 
[gw3] [  5%] PASSED encommon/utils/match.py::encommon.utils.match.rgxp_match 
encommon/utils/stdout.py::encommon.utils.stdout.print_ansi 
[gw3] [  5%] PASSED encommon/utils/stdout.py::encommon.utils.stdout.print_ansi 
encommon/utils/files.py::encommon.utils.files.read_text 
[gw3] [  6%] PASSED encommon/utils/files.py::encommon.utils.files.read_text 
encommon/utils/sample.py::encommon.utils.sample.prep_sample 
[gw3] [  6%] PASSED encommon/utils/sample.py::encommon.utils.sample.prep_sample 
encommon/types/test/test_notate.py::test_impate_cover 
[gw3] [  6%] PASSED encommon/types/test/test_notate.py::test_impate_cover 
encommon/types/test/test_notate.py::test_delate_raises 
[gw3] [  7%] PASSED encommon/types/test/test_notate.py::test_delate_raises 
encommon/types/test/test_notate.py::test_expate 
[gw3] [  7%] PASSED encommon/types/test/test_notate.py::test_expate 
encommon/types/test/test_notate.py::test_setate_cover 
[gw3] [  7%] PASSED encommon/types/test/test_notate.py::test_setate_cover 
encommon/types/test/test_notate.py::test_getate_cover 
[gw3] [  8%] PASSED encommon/types/test/test_notate.py::test_getate_cover 
encommon/types/test/test_notate.py::test_getate 
[gw3] [  8%] PASSED encommon/types/test/test_notate.py::test_getate 
encommon/types/test/test_notate.py::test_delate 
[gw3] [  8%] PASSED encommon/types/test/test_notate.py::test_delate 
encommon/types/test/test_notate.py::test_impate_raises 
[gw3] [  9%] PASSED encommon/types/test/test_notate.py::test_impate_raises 
encommon/types/test/test_notate.py::test_expate_cover 
[gw3] [  9%] PASSED encommon/types/test/test_notate.py::test_expate_cover 
encommon/types/test/test_notate.py::test_impate 
[gw3] [  9%] PASSED encommon/types/test/test_notate.py::test_impate 
encommon/types/test/test_notate.py::test_setate_raises 
[gw3] [ 10%] PASSED encommon/types/test/test_notate.py::test_setate_raises 
encommon/types/test/test_notate.py::test_setate 
[gw3] [ 10%] PASSED encommon/types/test/test_notate.py::test_setate 
encommon/config/test/test_utils.py::test_config_paths 
[gw3] [ 10%] PASSED encommon/config/test/test_utils.py::test_config_paths 
encommon/config/test/test_utils.py::test_config_path 
[gw3] [ 11%] PASSED encommon/config/test/test_utils.py::test_config_path 
encommon/config/test/test_utils.py::test_config_load 
[gw3] [ 11%] PASSED encommon/config/test/test_utils.py::test_config_load 
encommon/webkit/test/test_default.py::test_default_replace 
[gw0] [ 11%] PASSED encommon/times/test/test_timer.py::test_Timer 
encommon/types/test/test_classes.py::test_lattrs 
[gw0] [ 12%] PASSED encommon/types/test/test_classes.py::test_lattrs 
encommon/types/test/test_classes.py::test_BaseModel 
[gw0] [ 12%] PASSED encommon/types/test/test_classes.py::test_BaseModel 
encommon/types/test/test_classes.py::test_clsname 
[gw0] [ 12%] PASSED encommon/types/test/test_classes.py::test_clsname 
encommon/crypts/test/test_hashes.py::test_Hashes 
[gw0] [ 13%] PASSED encommon/crypts/test/test_hashes.py::test_Hashes 
encommon/webkit/test/test_helpers.py::test_helpers_islist 
[gw2] [ 13%] PASSED encommon/times/timers.py::encommon.times.timers.Timers 
encommon/types/notate.py::encommon.types.notate.getate 
[gw2] [ 13%] PASSED encommon/types/notate.py::encommon.types.notate.getate 
encommon/times/window.py::encommon.times.window.Window 
[gw2] [ 14%] PASSED encommon/times/window.py::encommon.times.window.Window 
encommon/types/notate.py::encommon.types.notate.delate 
[gw2] [ 14%] PASSED encommon/types/notate.py::encommon.types.notate.delate 
encommon/types/dicts.py::encommon.types.dicts.merge_dicts 
[gw2] [ 14%] PASSED encommon/types/dicts.py::encommon.types.dicts.merge_dicts 
encommon/types/dicts.py::encommon.types.dicts.sort_dict 
[gw2] [ 14%] PASSED encommon/types/dicts.py::encommon.types.dicts.sort_dict 
encommon/times/utils.py::encommon.times.utils.strftime 
[gw2] [ 15%] PASSED encommon/times/utils.py::encommon.times.utils.strftime 
encommon/types/strings.py::encommon.types.strings.rplstr 
[gw2] [ 15%] PASSED encommon/types/strings.py::encommon.types.strings.rplstr 
encommon/types/strings.py::encommon.types.strings.hasstr 
[gw2] [ 15%] PASSED encommon/types/strings.py::encommon.types.strings.hasstr 
encommon/times/utils.py::encommon.times.utils.strptime 
[gw2] [ 16%] PASSED encommon/times/utils.py::encommon.times.utils.strptime 
encommon/times/timer.py::encommon.times.timer.Timer 
[gw2] [ 16%] PASSED encommon/times/timer.py::encommon.times.timer.Timer 
encommon/times/time.py::encommon.times.time.Time 
[gw2] [ 16%] PASSED encommon/times/time.py::encommon.times.time.Time 
encommon/times/utils.py::encommon.times.utils.utcdatetime 
[gw2] [ 17%] PASSED encommon/times/utils.py::encommon.times.utils.utcdatetime 
encommon/times/windows.py::encommon.times.windows.Windows 
[gw2] [ 17%] PASSED encommon/times/windows.py::encommon.times.windows.Windows 
encommon/types/notate.py::encommon.types.notate.impate 
[gw2] [ 17%] PASSED encommon/types/notate.py::encommon.types.notate.impate 
encommon/types/lists.py::encommon.types.lists.dedup_list 
[gw2] [ 18%] PASSED encommon/types/lists.py::encommon.types.lists.dedup_list 
encommon/types/notate.py::encommon.types.notate.setate 
[gw2] [ 18%] PASSED encommon/types/notate.py::encommon.types.notate.setate 
encommon/times/test/test_time.py::test_Time 
[gw2] [ 18%] PASSED encommon/times/test/test_time.py::test_Time 
encommon/times/test/test_time.py::test_Time_tzname 
[gw2] [ 19%] PASSED encommon/times/test/test_time.py::test_Time_tzname 
encommon/times/test/test_utils.py::test_strptime 
[gw2] [ 19%] PASSED encommon/times/test/test_utils.py::test_strptime 
encommon/times/test/test_utils.py::test_findtz_raises 
[gw2] [ 19%] PASSED encommon/times/test/test_utils.py::test_findtz_raises 
encommon/times/test/test_utils.py::test_strptime_raises 
[gw2] [ 20%] PASSED encommon/times/test/test_utils.py::test_strptime_raises 
encommon/times/test/test_utils.py::test_utcdatetime 
[gw2] [ 20%] PASSED encommon/times/test/test_utils.py::test_utcdatetime 
encommon/times/test/test_utils.py::test_findtz 
[gw2] [ 20%] PASSED encommon/times/test/test_utils.py::test_findtz 
encommon/utils/test/test_paths.py::test_stats_path 
[gw2] [ 21%] PASSED encommon/utils/test/test_paths.py::test_stats_path 
encommon/utils/test/test_paths.py::test_resolve_paths 
[gw2] [ 21%] PASSED encommon/utils/test/test_paths.py::test_resolve_paths 
encommon/utils/test/test_paths.py::test_resolve_path 
[gw2] [ 21%] PASSED encommon/utils/test/test_paths.py::test_resolve_path 
encommon/webkit/test/test_moderate.py::test_moderate 
[gw3] [ 22%] FAILED encommon/webkit/test/test_default.py::test_default_replace 
[gw2] [ 22%] FAILED encommon/webkit/test/test_moderate.py::test_moderate 
[gw1] [ 22%] FAILED encommon/webkit/test/test_helpers.py::test_helpers_isnum 
[gw0] [ 23%] FAILED encommon/webkit/test/test_helpers.py::test_helpers_islist 
encommon/webkit/test/test_default.py::test_default_addClass 
encommon/webkit/test/test_statate.py::test_statate 
encommon/webkit/test/test_helpers.py::test_helpers_assert 
encommon/webkit/test/test_helpers.py::test_helpers_whenready 
[gw3] [ 23%] FAILED encommon/webkit/test/test_default.py::test_default_addClass 
[gw2] [ 23%] FAILED encommon/webkit/test/test_statate.py::test_statate 
[gw1] [ 24%] FAILED encommon/webkit/test/test_helpers.py::test_helpers_assert 
[gw0] [ 24%] FAILED encommon/webkit/test/test_helpers.py::test_helpers_whenready 
encommon/webkit/test/test_default.py::test_default_attr 
encommon/webkit/test/test_tagues.py::test_tagues 
encommon/webkit/test/test_datagrid.py::test_datagrid 
encommon/webkit/test/test_helpers.py::test_helpers_isbool 
[gw3] [ 24%] FAILED encommon/webkit/test/test_default.py::test_default_attr 
[gw2] [ 25%] FAILED encommon/webkit/test/test_tagues.py::test_tagues 
encommon/webkit/test/test_default.py::test_default_create 
[gw0] [ 25%] FAILED encommon/webkit/test/test_helpers.py::test_helpers_isbool 
encommon/crypts/test/test_crypts.py::test_Crypts_raises 
[gw2] [ 25%] PASSED encommon/crypts/test/test_crypts.py::test_Crypts_raises 
encommon/crypts/test/test_crypts.py::test_Crypts_cover 
[gw2] [ 26%] PASSED encommon/crypts/test/test_crypts.py::test_Crypts_cover 
encommon/crypts/test/test_crypts.py::test_Crypts_iterate[foo-secrets] 
[gw2] [ 26%] PASSED encommon/crypts/test/test_crypts.py::test_Crypts_iterate[foo-secrets] 
encommon/crypts/test/test_crypts.py::test_Crypts_iterate[foo-default] 
[gw2] [ 26%] PASSED encommon/crypts/test/test_crypts.py::test_Crypts_iterate[foo-default] 
encommon/crypts/test/test_crypts.py::test_Crypts 
[gw2] [ 27%] PASSED encommon/crypts/test/test_crypts.py::test_Crypts 
encommon/parse/test/test_network.py::test_insubnet_ip 
[gw1] [ 27%] FAILED encommon/webkit/test/test_datagrid.py::test_datagrid 
[gw2] [ 27%] PASSED encommon/parse/test/test_network.py::test_insubnet_ip 
encommon/parse/test/test_network.py::test_Network 
[gw2] [ 28%] PASSED encommon/parse/test/test_network.py::test_Network 
encommon/parse/test/test_network.py::test_Network_ipv6 
[gw2] [ 28%] PASSED encommon/parse/test/test_network.py::test_Network_ipv6 
encommon/parse/test/test_network.py::test_Network_ipv4 
[gw2] [ 28%] PASSED encommon/parse/test/test_network.py::test_Network_ipv4 
encommon/parse/test/test_network.py::test_isvalid_ip 
[gw2] [ 28%] PASSED encommon/parse/test/test_network.py::test_isvalid_ip 
encommon/config/test/test_files.py::test_ConfigFiles 
encommon/webkit/test/test_helpers.py::test_helpers_istime 
[gw2] [ 29%] PASSED encommon/config/test/test_files.py::test_ConfigFiles 
encommon/config/test/test_files.py::test_ConfigFile 
[gw2] [ 29%] PASSED encommon/config/test/test_files.py::test_ConfigFile 
encommon/config/test/test_files.py::test_ConfigFiles_cover 
encommon/colors/color.py::encommon.colors.color.Color 
[gw1] [ 29%] PASSED encommon/colors/color.py::encommon.colors.color.Color 
encommon/config/config.py::encommon.config.config.Config 
[gw2] [ 30%] PASSED encommon/config/test/test_files.py::test_ConfigFiles_cover 
encommon/webkit/test/test_message.py::test_message 
[gw1] [ 30%] PASSED encommon/config/config.py::encommon.config.config.Config 
encommon/config/logger.py::encommon.config.logger.Message 
[gw1] [ 30%] PASSED encommon/config/logger.py::encommon.config.logger.Message 
encommon/config/logger.py::encommon.config.logger.Logger 
[gw1] [ 31%] PASSED encommon/config/logger.py::encommon.config.logger.Logger 
encommon/crypts/crypts.py::encommon.crypts.crypts.Crypts 
[gw1] [ 31%] PASSED encommon/crypts/crypts.py::encommon.crypts.crypts.Crypts 
encommon/crypts/hashes.py::encommon.crypts.hashes.Hashes 
[gw1] [ 31%] PASSED encommon/crypts/hashes.py::encommon.crypts.hashes.Hashes 
encommon/parse/jinja2.py::encommon.parse.jinja2.Jinja2 
[gw1] [ 32%] PASSED encommon/parse/jinja2.py::encommon.parse.jinja2.Jinja2 
encommon/times/duration.py::encommon.times.duration.Duration 
[gw1] [ 32%] PASSED encommon/times/duration.py::encommon.times.duration.Duration 
encommon/times/parse.py::encommon.times.parse.string_time 
[gw1] [ 32%] PASSED encommon/times/parse.py::encommon.times.parse.string_time 
encommon/times/parse.py::encommon.times.parse.shift_time 
[gw1] [ 33%] PASSED encommon/times/parse.py::encommon.times.parse.shift_time 
encommon/times/parse.py::encommon.times.parse.parse_time 
[gw1] [ 33%] PASSED encommon/times/parse.py::encommon.times.parse.parse_time 
encommon/times/parse.py::encommon.times.parse.since_time 
[gw1] [ 33%] PASSED encommon/times/parse.py::encommon.times.parse.since_time 
encommon/types/strings.py::encommon.types.strings.inrepr 
[gw1] [ 34%] PASSED encommon/types/strings.py::encommon.types.strings.inrepr 
encommon/times/utils.py::encommon.times.utils.findtz 
[gw1] [ 34%] PASSED encommon/times/utils.py::encommon.times.utils.findtz 
encommon/types/empty.py::encommon.types.empty.EmptyType 
[gw1] [ 34%] PASSED encommon/types/empty.py::encommon.types.empty.EmptyType 
encommon/types/notate.py::encommon.types.notate.expate 
[gw1] [ 35%] PASSED encommon/types/notate.py::encommon.types.notate.expate 
encommon/parse/test/test_jinja2.py::test_Jinja2_literal[{{ 123 }}-123] 
[gw1] [ 35%] PASSED encommon/parse/test/test_jinja2.py::test_Jinja2_literal[{{ 123 }}-123] 
encommon/parse/test/test_jinja2.py::test_Jinja2_parse[{{ "1" | float }}-1.0] 
[gw1] [ 35%] PASSED encommon/parse/test/test_jinja2.py::test_Jinja2_parse[{{ "1" | float }}-1.0] 
encommon/parse/test/test_jinja2.py::test_Jinja2_cover 
[gw1] [ 36%] PASSED encommon/parse/test/test_jinja2.py::test_Jinja2_cover 
encommon/parse/test/test_jinja2.py::test_Jinja2_literal[{{ 1.2 }}-1.2] 
[gw1] [ 36%] PASSED encommon/parse/test/test_jinja2.py::test_Jinja2_literal[{{ 1.2 }}-1.2] 
encommon/parse/test/test_jinja2.py::test_Jinja2_parse[100000-100000_1] 
[gw1] [ 36%] PASSED encommon/parse/test/test_jinja2.py::test_Jinja2_parse[100000-100000_1] 
encommon/parse/test/test_jinja2.py::test_Jinja2_parse[100000-100000_0] 
[gw1] [ 37%] PASSED encommon/parse/test/test_jinja2.py::test_Jinja2_parse[100000-100000_0] 
encommon/parse/test/test_jinja2.py::test_Jinja2_parse[{{ 0 | Time }}-1970-01-01T00:00:00.000000+0000] 
[gw1] [ 37%] PASSED encommon/parse/test/test_jinja2.py::test_Jinja2_parse[{{ 0 | Time }}-1970-01-01T00:00:00.000000+0000] 
encommon/parse/test/test_jinja2.py::test_Jinja2_parse[1.0.0-1.0.0] 
[gw1] [ 37%] PASSED encommon/parse/test/test_jinja2.py::test_Jinja2_parse[1.0.0-1.0.0] 
encommon/parse/test/test_jinja2.py::test_Jinja2_parse[value14-expect14] 
[gw1] [ 38%] PASSED encommon/parse/test/test_jinja2.py::test_Jinja2_parse[value14-expect14] 
encommon/parse/test/test_jinja2.py::test_Jinja2_parse[{{ 1 }}-1] 
[gw1] [ 38%] PASSED encommon/parse/test/test_jinja2.py::test_Jinja2_parse[{{ 1 }}-1] 
encommon/parse/test/test_jinja2.py::test_Jinja2_parse[[1, 2]-expect15] 
[gw1] [ 38%] PASSED encommon/parse/test/test_jinja2.py::test_Jinja2_parse[[1, 2]-expect15] 
encommon/parse/test/test_jinja2.py::test_Jinja2_parse[-01--01] 
[gw1] [ 39%] PASSED encommon/parse/test/test_jinja2.py::test_Jinja2_parse[-01--01] 
encommon/parse/test/test_jinja2.py::test_Jinja2_parse[{{ "01" }}-01] 
[gw1] [ 39%] PASSED encommon/parse/test/test_jinja2.py::test_Jinja2_parse[{{ "01" }}-01] 
encommon/parse/test/test_jinja2.py::test_Jinja2_parse[1.0-1.0] 
[gw1] [ 39%] PASSED encommon/parse/test/test_jinja2.py::test_Jinja2_parse[1.0-1.0] 
encommon/parse/test/test_jinja2.py::test_Jinja2_parse[01-01] 
[gw1] [ 40%] PASSED encommon/parse/test/test_jinja2.py::test_Jinja2_parse[01-01] 
encommon/parse/test/test_jinja2.py::test_Jinja2 
[gw1] [ 40%] PASSED encommon/parse/test/test_jinja2.py::test_Jinja2 
encommon/parse/test/test_jinja2.py::test_Jinja2_parse[value4-expect4] 
[gw1] [ 40%] PASSED encommon/parse/test/test_jinja2.py::test_Jinja2_parse[value4-expect4] 
encommon/parse/test/test_jinja2.py::test_Jinja2_parse[foo-foo] 
[gw1] [ 41%] PASSED encommon/parse/test/test_jinja2.py::test_Jinja2_parse[foo-foo] 
encommon/parse/test/test_jinja2.py::test_Jinja2_literal[{{ none }}-None] 
[gw1] [ 41%] PASSED encommon/parse/test/test_jinja2.py::test_Jinja2_literal[{{ none }}-None] 
encommon/parse/test/test_jinja2.py::test_Jinja2_parse[10.001-10.001_1] 
[gw1] [ 41%] PASSED encommon/parse/test/test_jinja2.py::test_Jinja2_parse[10.001-10.001_1] 
encommon/parse/test/test_jinja2.py::test_Jinja2_parse[10.001-10.001_0] 
[gw1] [ 42%] PASSED encommon/parse/test/test_jinja2.py::test_Jinja2_parse[10.001-10.001_0] 
encommon/parse/test/test_jinja2.py::test_Jinja2_parse[{'a': 'b'}-expect5] 
[gw1] [ 42%] PASSED encommon/parse/test/test_jinja2.py::test_Jinja2_parse[{'a': 'b'}-expect5] 
encommon/parse/test/test_jinja2.py::test_Jinja2_parse[1-1] 
[gw1] [ 42%] PASSED encommon/parse/test/test_jinja2.py::test_Jinja2_parse[1-1] 
encommon/parse/test/test_jinja2.py::test_Jinja2_literal[{{ -1.2 }}--1.2] 
[gw1] [ 42%] PASSED encommon/parse/test/test_jinja2.py::test_Jinja2_literal[{{ -1.2 }}--1.2] 
encommon/parse/test/test_jinja2.py::test_Jinja2_parse[{{ "-01" }}--01] 
[gw1] [ 43%] PASSED encommon/parse/test/test_jinja2.py::test_Jinja2_parse[{{ "-01" }}--01] 
encommon/times/test/test_timers.py::test_Timers_raises 
[gw1] [ 43%] PASSED encommon/times/test/test_timers.py::test_Timers_raises 
encommon/times/test/test_timers.py::test_Timers 
[gw1] [ 43%] PASSED encommon/times/test/test_timers.py::test_Timers 
encommon/times/test/test_timers.py::test_Timers_cover 
[gw3] [ 44%] FAILED encommon/webkit/test/test_default.py::test_default_create 
encommon/webkit/test/test_default.py::test_default_remClass 
[gw0] [ 44%] FAILED encommon/webkit/test/test_helpers.py::test_helpers_istime 
[gw2] [ 44%] FAILED encommon/webkit/test/test_message.py::test_message 
encommon/webkit/test/test_helpers.py::test_helpers_isfalse 
encommon/webkit/test/test_numeric.py::test_numeric 
[gw3] [ 45%] FAILED encommon/webkit/test/test_default.py::test_default_remClass 
[gw0] [ 45%] FAILED encommon/webkit/test/test_helpers.py::test_helpers_isfalse 
[gw1] [ 45%] PASSED encommon/times/test/test_timers.py::test_Timers_cover 
encommon/times/test/test_windows.py::test_Windows_raises 
encommon/webkit/test/test_default.py::test_default_styles 
[gw1] [ 46%] PASSED encommon/times/test/test_windows.py::test_Windows_raises 
encommon/times/test/test_windows.py::test_Windows 
encommon/webkit/test/test_helpers.py::test_helpers_isquery 
[gw1] [ 46%] PASSED encommon/times/test/test_windows.py::test_Windows 
encommon/times/test/test_windows.py::test_Windows_cover 
[gw2] [ 46%] FAILED encommon/webkit/test/test_numeric.py::test_numeric 
encommon/webkit/test/test_numeric.py::test_numeric_bytes 
[gw3] [ 47%] FAILED encommon/webkit/test/test_default.py::test_default_styles 
[gw0] [ 47%] FAILED encommon/webkit/test/test_helpers.py::test_helpers_isquery 
encommon/webkit/test/test_helpers.py::test_helpers_isstr 
encommon/webkit/test/test_default.py::test_default_prop 
[gw2] [ 47%] FAILED encommon/webkit/test/test_numeric.py::test_numeric_bytes 
encommon/webkit/test/test_numeric.py::test_numeric_count 
[gw3] [ 48%] FAILED encommon/webkit/test/test_default.py::test_default_prop 
[gw0] [ 48%] FAILED encommon/webkit/test/test_helpers.py::test_helpers_isstr 
encommon/webkit/test/test_default.py::test_default_showhide 
encommon/webkit/test/test_helpers.py::test_helpers_isnull 
[gw2] [ 48%] FAILED encommon/webkit/test/test_numeric.py::test_numeric_count 
encommon/times/test/test_unitime.py::test_unitime 
[gw2] [ 49%] PASSED encommon/times/test/test_unitime.py::test_unitime 
encommon/webkit/test/test_color.py::test_colordiv 
[gw1] [ 49%] PASSED encommon/times/test/test_windows.py::test_Windows_cover 
encommon/types/test/test_lists.py::test_inlist 
[gw1] [ 49%] PASSED encommon/types/test/test_lists.py::test_inlist 
encommon/types/test/test_lists.py::test_fuzzy_list 
[gw1] [ 50%] PASSED encommon/types/test/test_lists.py::test_fuzzy_list 
encommon/types/test/test_lists.py::test_dedup_list 
[gw1] [ 50%] PASSED encommon/types/test/test_lists.py::test_dedup_list 
encommon/webkit/test/test_datetime.py::test_datestamp 
[gw3] [ 50%] FAILED encommon/webkit/test/test_default.py::test_default_showhide 
encommon/webkit/test/test_default.py::test_default_append 
[gw0] [ 51%] FAILED encommon/webkit/test/test_helpers.py::test_helpers_isnull 
encommon/webkit/test/test_helpers.py::test_helpers_isempty 
[gw2] [ 51%] FAILED encommon/webkit/test/test_color.py::test_colordiv 
[gw1] [ 51%] FAILED encommon/webkit/test/test_datetime.py::test_datestamp 
encommon/config/test/test_logger.py::test_Logger 
[gw2] [ 52%] PASSED encommon/config/test/test_logger.py::test_Logger 
encommon/config/test/test_logger.py::test_Logger_cover 
[gw2] [ 52%] PASSED encommon/config/test/test_logger.py::test_Logger_cover 
encommon/config/test/test_logger.py::test_Message 
[gw2] [ 52%] PASSED encommon/config/test/test_logger.py::test_Message 
encommon/types/test/test_dicts.py::test_merge_dicts 
[gw2] [ 53%] PASSED encommon/types/test/test_dicts.py::test_merge_dicts 
encommon/types/test/test_dicts.py::test_sort_dict 
[gw2] [ 53%] PASSED encommon/types/test/test_dicts.py::test_sort_dict 
encommon/parse/test/test_jinja2.py::test_Jinja2_parse[{{ "1" | int }}-1] 
encommon/utils/test/test_files.py::test_readsave_text 
[gw1] [ 53%] PASSED encommon/utils/test/test_files.py::test_readsave_text 
encommon/utils/test/test_files.py::test_append_text 
[gw1] [ 54%] PASSED encommon/utils/test/test_files.py::test_append_text 
encommon/colors/test/test_color.py::test_Color_xy[000000-expect2] 
[gw1] [ 54%] PASSED encommon/colors/test/test_color.py::test_Color_xy[000000-expect2] 
encommon/colors/test/test_color.py::test_Color_hsl[00ff00-expect4] 
[gw1] [ 54%] PASSED encommon/colors/test/test_color.py::test_Color_hsl[00ff00-expect4] 
encommon/colors/test/test_color.py::test_Color_xy[ffffff-expect1] 
[gw1] [ 55%] PASSED encommon/colors/test/test_color.py::test_Color_xy[ffffff-expect1] 
encommon/colors/test/test_color.py::test_Color_rgb[00ff00-expect4] 
[gw1] [ 55%] PASSED encommon/colors/test/test_color.py::test_Color_rgb[00ff00-expect4] 
encommon/colors/test/test_color.py::test_Color 
[gw1] [ 55%] PASSED encommon/colors/test/test_color.py::test_Color 
encommon/colors/test/test_color.py::test_Color_xy[800080-expect10] 
[gw1] [ 56%] PASSED encommon/colors/test/test_color.py::test_Color_xy[800080-expect10] 
encommon/colors/test/test_color.py::test_Color_rgb[ffffff-expect1] 
[gw1] [ 56%] PASSED encommon/colors/test/test_color.py::test_Color_rgb[ffffff-expect1] 
encommon/colors/test/test_color.py::test_Color_rgb[000000-expect2] 
[gw1] [ 56%] PASSED encommon/colors/test/test_color.py::test_Color_rgb[000000-expect2] 
encommon/colors/test/test_color.py::test_Color_hsl[ffffff-expect1] 
[gw2] [ 57%] PASSED encommon/parse/test/test_jinja2.py::test_Jinja2_parse[{{ "1" | int }}-1] 
encommon/parse/test/test_jinja2.py::test_Jinja2_recurse 
[gw1] [ 57%] PASSED encommon/colors/test/test_color.py::test_Color_hsl[ffffff-expect1] 
encommon/colors/test/test_color.py::test_Color_xyz[ff00ff-expect9] 
[gw1] [ 57%] PASSED encommon/colors/test/test_color.py::test_Color_xyz[ff00ff-expect9] 
encommon/colors/test/test_color.py::test_Color_xy[00ff00-expect4] 
[gw1] [ 57%] PASSED encommon/colors/test/test_color.py::test_Color_xy[00ff00-expect4] 
encommon/colors/test/test_color.py::test_Color_hsl[000000-expect2] 
[gw1] [ 58%] PASSED encommon/colors/test/test_color.py::test_Color_hsl[000000-expect2] 
encommon/colors/test/test_color.py::test_Color_hsl[ffff00-expect7] 
[gw1] [ 58%] PASSED encommon/colors/test/test_color.py::test_Color_hsl[ffff00-expect7] 
encommon/colors/test/test_color.py::test_Color_hsl[808080-expect6] 
[gw1] [ 58%] PASSED encommon/colors/test/test_color.py::test_Color_hsl[808080-expect6] 
encommon/colors/test/test_color.py::test_Color_xy[0000ff-expect5] 
[gw2] [ 59%] PASSED encommon/parse/test/test_jinja2.py::test_Jinja2_recurse 
encommon/colors/test/test_color.py::test_Color_xyz[800080-expect10] 
[gw1] [ 59%] PASSED encommon/colors/test/test_color.py::test_Color_xy[0000ff-expect5] 
encommon/colors/test/test_color.py::test_Color_xy[ff0000-expect3] 
[gw1] [ 59%] PASSED encommon/colors/test/test_color.py::test_Color_xy[ff0000-expect3] 
encommon/colors/test/test_color.py::test_Color_xyz[ff00cc-expect0] 
[gw1] [ 60%] PASSED encommon/colors/test/test_color.py::test_Color_xyz[ff00cc-expect0] 
encommon/colors/test/test_color.py::test_Color_rgb[808080-expect6] 
[gw2] [ 60%] PASSED encommon/colors/test/test_color.py::test_Color_xyz[800080-expect10] 
[gw1] [ 60%] PASSED encommon/colors/test/test_color.py::test_Color_rgb[808080-expect6] 
encommon/colors/test/test_color.py::test_Color_xyz[00ffff-expect8] 
encommon/colors/test/test_color.py::test_Color_xy[ffff00-expect7] 
[gw2] [ 61%] PASSED encommon/colors/test/test_color.py::test_Color_xyz[00ffff-expect8] 
encommon/colors/test/test_color.py::test_Color_hsl[0000ff-expect5] 
[gw1] [ 61%] PASSED encommon/colors/test/test_color.py::test_Color_xy[ffff00-expect7] 
encommon/colors/test/test_color.py::test_Color_rgb[00ffff-expect8] 
[gw2] [ 61%] PASSED encommon/colors/test/test_color.py::test_Color_hsl[0000ff-expect5] 
[gw1] [ 62%] PASSED encommon/colors/test/test_color.py::test_Color_rgb[00ffff-expect8] 
encommon/colors/test/test_color.py::test_Color_hsl[ff0000-expect3] 
[gw2] [ 62%] PASSED encommon/colors/test/test_color.py::test_Color_hsl[ff0000-expect3] 
encommon/colors/test/test_color.py::test_Color_hsl[00ffff-expect8] 
encommon/colors/test/test_color.py::test_Color_xy[808080-expect6] 
[gw1] [ 62%] PASSED encommon/colors/test/test_color.py::test_Color_hsl[00ffff-expect8] 
[gw2] [ 63%] PASSED encommon/colors/test/test_color.py::test_Color_xy[808080-expect6] 
encommon/colors/test/test_color.py::test_Color_rgb[ff00ff-expect9] 
[gw1] [ 63%] PASSED encommon/colors/test/test_color.py::test_Color_rgb[ff00ff-expect9] 
encommon/colors/test/test_color.py::test_Color_rgb[0000ff-expect5] 
encommon/colors/test/test_color.py::test_Color_xyz[ffffff-expect1] 
[gw1] [ 63%] PASSED encommon/colors/test/test_color.py::test_Color_xyz[ffffff-expect1] 
encommon/colors/test/test_color.py::test_Color_hsl[ff00ff-expect9] 
[gw2] [ 64%] PASSED encommon/colors/test/test_color.py::test_Color_rgb[0000ff-expect5] 
[gw1] [ 64%] PASSED encommon/colors/test/test_color.py::test_Color_hsl[ff00ff-expect9] 
encommon/colors/test/test_color.py::test_Color_rgb[ff0000-expect3] 
encommon/colors/test/test_color.py::test_Color_xyz[000000-expect2] 
[gw2] [ 64%] PASSED encommon/colors/test/test_color.py::test_Color_rgb[ff0000-expect3] 
[gw1] [ 65%] PASSED encommon/colors/test/test_color.py::test_Color_xyz[000000-expect2] 
encommon/colors/test/test_color.py::test_Color_rgb[ffff00-expect7] 
encommon/colors/test/test_color.py::test_Color_xy[00ffff-expect8] 
[gw1] [ 65%] PASSED encommon/colors/test/test_color.py::test_Color_xy[00ffff-expect8] 
[gw2] [ 65%] PASSED encommon/colors/test/test_color.py::test_Color_rgb[ffff00-expect7] 
encommon/colors/test/test_color.py::test_Color_xyz[00ff00-expect4] 
encommon/colors/test/test_color.py::test_Color_xy[ff00ff-expect9] 
[gw1] [ 66%] PASSED encommon/colors/test/test_color.py::test_Color_xyz[00ff00-expect4] 
encommon/colors/test/test_color.py::test_Color_hsl[80007F-expect10] 
[gw2] [ 66%] PASSED encommon/colors/test/test_color.py::test_Color_xy[ff00ff-expect9] 
[gw1] [ 66%] PASSED encommon/colors/test/test_color.py::test_Color_hsl[80007F-expect10] 
encommon/colors/test/test_color.py::test_Color_xy[ff00cc-expect0] 
encommon/colors/test/test_color.py::test_Color_xyz[808080-expect6] 
[gw1] [ 67%] PASSED encommon/colors/test/test_color.py::test_Color_xy[ff00cc-expect0] 
encommon/colors/test/test_color.py::test_Color_xyz[ff0000-expect3] 
[gw1] [ 67%] PASSED encommon/colors/test/test_color.py::test_Color_xyz[ff0000-expect3] 
[gw2] [ 67%] PASSED encommon/colors/test/test_color.py::test_Color_xyz[808080-expect6] 
encommon/colors/test/test_color.py::test_Color_xyz[0000ff-expect5] 
encommon/colors/test/test_color.py::test_Color_rgb[ff00cc-expect0] 
[gw1] [ 68%] PASSED encommon/colors/test/test_color.py::test_Color_xyz[0000ff-expect5] 
[gw2] [ 68%] PASSED encommon/colors/test/test_color.py::test_Color_rgb[ff00cc-expect0] 
encommon/types/test/test_strings.py::test_inrepr 
encommon/colors/test/test_color.py::test_Color_rgb[800080-expect10] 
[gw1] [ 68%] PASSED encommon/types/test/test_strings.py::test_inrepr 
encommon/types/test/test_strings.py::test_rplstr 
[gw1] [ 69%] PASSED encommon/types/test/test_strings.py::test_rplstr 
[gw2] [ 69%] PASSED encommon/colors/test/test_color.py::test_Color_rgb[800080-expect10] 
encommon/types/test/test_strings.py::test_instr 
encommon/colors/test/test_color.py::test_Color_hsl[ff00cc-expect0] 
[gw1] [ 69%] PASSED encommon/types/test/test_strings.py::test_instr 
encommon/types/test/test_strings.py::test_hasstr 
[gw1] [ 70%] PASSED encommon/types/test/test_strings.py::test_hasstr 
encommon/types/test/test_strings.py::test_strplwr 
[gw1] [ 70%] PASSED encommon/types/test/test_strings.py::test_strplwr 
[gw2] [ 70%] PASSED encommon/colors/test/test_color.py::test_Color_hsl[ff00cc-expect0] 
encommon/colors/test/test_color.py::test_Color_cover 
encommon/times/test/test_parse.py::test_shift_time[-1d@d-30d-expect23] 
[gw1] [ 71%] PASSED encommon/times/test/test_parse.py::test_shift_time[-1d@d-30d-expect23] 
encommon/times/test/test_parse.py::test_shift_time[+1y@s+1h-expect4] 
[gw2] [ 71%] PASSED encommon/colors/test/test_color.py::test_Color_cover 
encommon/colors/test/test_color.py::test_Color_xyz[ffff00-expect7] 
[gw1] [ 71%] PASSED encommon/times/test/test_parse.py::test_shift_time[+1y@s+1h-expect4] 
encommon/times/test/test_parse.py::test_shift_time[-1w@h-expect15] 
[gw1] [ 71%] PASSED encommon/times/test/test_parse.py::test_shift_time[-1w@h-expect15] 
[gw2] [ 72%] PASSED encommon/colors/test/test_color.py::test_Color_xyz[ffff00-expect7] 
encommon/times/test/test_parse.py::test_shift_time[-1mon@m-expect9] 
encommon/times/test/test_parse.py::test_shift_time[-1y@s-expect3] 
[gw1] [ 72%] PASSED encommon/times/test/test_parse.py::test_shift_time[-1mon@m-expect9] 
encommon/times/test/test_parse.py::test_since_time 
[gw1] [ 72%] PASSED encommon/times/test/test_parse.py::test_since_time 
encommon/times/test/test_parse.py::test_shift_time[+1d@d-expect20] 
[gw1] [ 73%] PASSED encommon/times/test/test_parse.py::test_shift_time[+1d@d-expect20] 
encommon/times/test/test_parse.py::test_shift_time[-1y-expect1] 
[gw2] [ 73%] PASSED encommon/times/test/test_parse.py::test_shift_time[-1y@s-expect3] 
[gw1] [ 73%] PASSED encommon/times/test/test_parse.py::test_shift_time[-1y-expect1] 
encommon/times/test/test_parse.py::test_shift_time[+1mon-expect6] 
[gw1] [ 74%] PASSED encommon/times/test/test_parse.py::test_shift_time[+1mon-expect6] 
encommon/times/test/test_parse.py::test_string_time 
encommon/times/test/test_parse.py::test_shift_time[-1y@s-1h-expect5] 
[gw1] [ 74%] PASSED encommon/times/test/test_parse.py::test_shift_time[-1y@s-1h-expect5] 
encommon/times/test/test_parse.py::test_shift_time[+1d-expect18] 
[gw1] [ 74%] PASSED encommon/times/test/test_parse.py::test_shift_time[+1d-expect18] 
encommon/times/test/test_parse.py::test_shift_time[+1d@d+30d-expect22] 
[gw1] [ 75%] PASSED encommon/times/test/test_parse.py::test_shift_time[+1d@d+30d-expect22] 
encommon/times/test/test_parse.py::test_shift_time[+1w@h+1w-expect16] 
[gw2] [ 75%] PASSED encommon/times/test/test_parse.py::test_string_time 
encommon/times/test/test_parse.py::test_parse_time 
[gw1] [ 75%] PASSED encommon/times/test/test_parse.py::test_shift_time[+1w@h+1w-expect16] 
encommon/times/test/test_parse.py::test_shift_time[-1d@d-expect21] 
[gw1] [ 76%] PASSED encommon/times/test/test_parse.py::test_shift_time[-1d@d-expect21] 
encommon/times/test/test_parse.py::test_shift_time[+1mon@m-expect8] 
[gw2] [ 76%] PASSED encommon/times/test/test_parse.py::test_parse_time 
[gw1] [ 76%] PASSED encommon/times/test/test_parse.py::test_shift_time[+1mon@m-expect8] 
encommon/times/test/test_parse.py::test_shift_time[+1w@h-expect14] 
encommon/times/test/test_parse.py::test_shift_time[+1w-expect12] 
[gw2] [ 77%] PASSED encommon/times/test/test_parse.py::test_shift_time[+1w@h-expect14] 
[gw1] [ 77%] PASSED encommon/times/test/test_parse.py::test_shift_time[+1w-expect12] 
encommon/times/test/test_parse.py::test_shift_time[-1w-expect13] 
encommon/times/test/test_parse.py::test_shift_time[+1mon@m+1mon-expect10] 
[gw2] [ 77%] PASSED encommon/times/test/test_parse.py::test_shift_time[-1w-expect13] 
encommon/times/test/test_parse.py::test_shift_time[-1w@h-1w-expect17] 
[gw3] [ 78%] FAILED encommon/webkit/test/test_default.py::test_default_append 
[gw1] [ 78%] PASSED encommon/times/test/test_parse.py::test_shift_time[+1mon@m+1mon-expect10] 
encommon/times/test/test_parse.py::test_shift_time[+1y-expect0] 
[gw1] [ 78%] PASSED encommon/times/test/test_parse.py::test_shift_time[+1y-expect0] 
[gw2] [ 79%] PASSED encommon/times/test/test_parse.py::test_shift_time[-1w@h-1w-expect17] 
encommon/times/test/test_parse.py::test_shift_time[-1d-expect19] 
encommon/times/test/test_parse.py::test_shift_time[-1mon-expect7] 
[gw2] [ 79%] PASSED encommon/times/test/test_parse.py::test_shift_time[-1d-expect19] 
[gw1] [ 79%] PASSED encommon/times/test/test_parse.py::test_shift_time[-1mon-expect7] 
encommon/webkit/test/test_duration.py::test_duration 
encommon/times/test/test_parse.py::test_shift_time[-1mon@m-1mon-expect11] 
[gw2] [ 80%] PASSED encommon/times/test/test_parse.py::test_shift_time[-1mon@m-1mon-expect11] 
encommon/times/test/test_parse.py::test_shift_time[+1y@s-expect2] 
[gw2] [ 80%] PASSED encommon/times/test/test_parse.py::test_shift_time[+1y@s-expect2] 
encommon/types/test/test_empty.py::test_EmptyType 
[gw2] [ 80%] PASSED encommon/types/test/test_empty.py::test_EmptyType 
encommon/utils/test/test_match.py::test_rgxp_match 
[gw2] [ 81%] PASSED encommon/utils/test/test_match.py::test_rgxp_match 
encommon/utils/test/test_match.py::test_fuzz_match 
[gw2] [ 81%] PASSED encommon/utils/test/test_match.py::test_fuzz_match 
encommon/utils/test/test_stdout.py::test_array_ansi_cover 
[gw2] [ 81%] PASSED encommon/utils/test/test_stdout.py::test_array_ansi_cover 
encommon/utils/test/test_stdout.py::test_strip_ansi 
[gw2] [ 82%] PASSED encommon/utils/test/test_stdout.py::test_strip_ansi 
encommon/utils/test/test_stdout.py::test_array_ansi 
[gw2] [ 82%] PASSED encommon/utils/test/test_stdout.py::test_array_ansi 
encommon/utils/test/test_stdout.py::test_make_ansi 
[gw2] [ 82%] PASSED encommon/utils/test/test_stdout.py::test_make_ansi 
encommon/utils/test/test_stdout.py::test_kvpair_ansi 
[gw2] [ 83%] PASSED encommon/utils/test/test_stdout.py::test_kvpair_ansi 
encommon/utils/test/test_stdout.py::test_print_ansi 
[gw2] [ 83%] PASSED encommon/utils/test/test_stdout.py::test_print_ansi 
encommon/types/test/test_funcs.py::test_funcname 
[gw2] [ 83%] PASSED encommon/types/test/test_funcs.py::test_funcname 
encommon/utils/test/test_sample.py::test_load_sample 
encommon/webkit/test/test_default.py::test_default_content 
[gw2] [ 84%] PASSED encommon/utils/test/test_sample.py::test_load_sample 
encommon/utils/test/test_sample.py::test_rvrt_sample 
[gw2] [ 84%] PASSED encommon/utils/test/test_sample.py::test_rvrt_sample 
encommon/utils/test/test_sample.py::test_prep_sample 
[gw2] [ 84%] PASSED encommon/utils/test/test_sample.py::test_prep_sample 
encommon/utils/test/test_sample.py::test_read_sample 
[gw2] [ 85%] PASSED encommon/utils/test/test_sample.py::test_read_sample 
encommon/times/test/test_params.py::test_WindowParams 
[gw2] [ 85%] PASSED encommon/times/test/test_params.py::test_WindowParams 
encommon/times/test/test_params.py::test_TimerParams 
[gw2] [ 85%] PASSED encommon/times/test/test_params.py::test_TimerParams 
[gw0] [ 85%] FAILED encommon/webkit/test/test_helpers.py::test_helpers_isempty 
encommon/config/test/test_paths.py::test_ConfigPath 
[gw2] [ 86%] PASSED encommon/config/test/test_paths.py::test_ConfigPath 
encommon/config/test/test_paths.py::test_ConfigPaths 
[gw2] [ 86%] PASSED encommon/config/test/test_paths.py::test_ConfigPaths 
encommon/config/test/test_paths.py::test_ConfigPaths_cover 
[gw2] [ 86%] PASSED encommon/config/test/test_paths.py::test_ConfigPaths_cover 
encommon/times/test/test_window.py::test_window_interval[window8-3559-False-expect8] 
encommon/webkit/test/test_helpers.py::test_helpers_isdict 
[gw2] [ 87%] PASSED encommon/times/test/test_window.py::test_window_interval[window8-3559-False-expect8] 
encommon/times/test/test_window.py::test_window_interval[window7-3661-False-expect7] 
[gw2] [ 87%] PASSED encommon/times/test/test_window.py::test_window_interval[window7-3661-False-expect7] 
encommon/times/test/test_window.py::test_Window_cover 
[gw1] [ 87%] FAILED encommon/webkit/test/test_duration.py::test_duration 
encommon/config/test/test_config.py::test_Config 
[gw1] [ 88%] PASSED encommon/config/test/test_config.py::test_Config 
encommon/config/test/test_config.py::test_Config_jinja2 
[gw1] [ 88%] PASSED encommon/config/test/test_config.py::test_Config_jinja2 
encommon/config/test/test_config.py::test_Config_cover 
[gw3] [ 88%] FAILED encommon/webkit/test/test_default.py::test_default_content 
[gw1] [ 89%] PASSED encommon/config/test/test_config.py::test_Config_cover 
encommon/times/test/test_window.py::test_window_croniter[* * * * *-3661-False-expect7] 
[gw1] [ 89%] PASSED encommon/times/test/test_window.py::test_window_croniter[* * * * *-3661-False-expect7] 
encommon/times/test/test_window.py::test_window_interval[window6-3660-False-expect6] 
[gw1] [ 89%] PASSED encommon/times/test/test_window.py::test_window_interval[window6-3660-False-expect6] 
encommon/times/test/test_window.py::test_window_croniter[* * * * *-3659-False-expect5] 
[gw1] [ 90%] PASSED encommon/times/test/test_window.py::test_window_croniter[* * * * *-3659-False-expect5] 
encommon/times/test/test_window.py::test_window_croniter[* * * * *-1-True-expect3] 
[gw1] [ 90%] PASSED encommon/times/test/test_window.py::test_window_croniter[* * * * *-1-True-expect3] 
encommon/times/test/test_window.py::test_window_interval[window2-0-True-expect2] 
[gw1] [ 90%] PASSED encommon/times/test/test_window.py::test_window_interval[window2-0-True-expect2] 
encommon/times/test/test_window.py::test_window_croniter[0 * * * *-3661-False-expect10] 
[gw1] [ 91%] PASSED encommon/times/test/test_window.py::test_window_croniter[0 * * * *-3661-False-expect10] 
encommon/times/test/test_window.py::test_window_croniter[* * * * *-1-False-expect1] 
[gw1] [ 91%] PASSED encommon/times/test/test_window.py::test_window_croniter[* * * * *-1-False-expect1] 
encommon/times/test/test_window.py::test_window_interval[window1-1-False-expect1] 
[gw1] [ 91%] PASSED encommon/times/test/test_window.py::test_window_interval[window1-1-False-expect1] 
encommon/times/test/test_window.py::test_window_croniter[0 * * * *-3559-False-expect8] 
[gw1] [ 92%] PASSED encommon/times/test/test_window.py::test_window_croniter[0 * * * *-3559-False-expect8] 
encommon/times/test/test_window.py::test_window_croniter[* * * * *-3660-False-expect6] 
[gw1] [ 92%] PASSED encommon/times/test/test_window.py::test_window_croniter[* * * * *-3660-False-expect6] 
encommon/times/test/test_window.py::test_window_interval[window4-3559-False-expect4] 
[gw1] [ 92%] PASSED encommon/times/test/test_window.py::test_window_interval[window4-3559-False-expect4] 
encommon/times/test/test_window.py::test_window_croniter[* * * * *-0-True-expect2] 
[gw1] [ 93%] PASSED encommon/times/test/test_window.py::test_window_croniter[* * * * *-0-True-expect2] 
encommon/times/test/test_window.py::test_window_croniter[* * * * *-3559-False-expect4] 
[gw1] [ 93%] PASSED encommon/times/test/test_window.py::test_window_croniter[* * * * *-3559-False-expect4] 
encommon/times/test/test_window.py::test_window_interval[window10-3661-False-expect10] 
[gw1] [ 93%] PASSED encommon/times/test/test_window.py::test_window_interval[window10-3661-False-expect10] 
[gw0] [ 94%] FAILED encommon/webkit/test/test_helpers.py::test_helpers_isdict 
encommon/times/test/test_window.py::test_window_croniter[* * * * *-0-False-expect0] 
[gw1] [ 94%] PASSED encommon/times/test/test_window.py::test_window_croniter[* * * * *-0-False-expect0] 
encommon/webkit/test/test_image.py::test_image 
encommon/times/test/test_window.py::test_window_interval[window0-0-False-expect0] 
[gw1] [ 94%] PASSED encommon/times/test/test_window.py::test_window_interval[window0-0-False-expect0] 
encommon/times/test/test_window.py::test_window_interval[window9-3660-False-expect9] 
[gw1] [ 95%] PASSED encommon/times/test/test_window.py::test_window_interval[window9-3660-False-expect9] 
encommon/times/test/test_window.py::test_window_interval[window5-3659-False-expect5] 
[gw1] [ 95%] PASSED encommon/times/test/test_window.py::test_window_interval[window5-3659-False-expect5] 
encommon/times/test/test_window.py::test_window_croniter[0 * * * *-3660-False-expect9] 
[gw1] [ 95%] PASSED encommon/times/test/test_window.py::test_window_croniter[0 * * * *-3660-False-expect9] 
encommon/times/test/test_window.py::test_Window 
[gw1] [ 96%] PASSED encommon/times/test/test_window.py::test_Window 
encommon/webkit/test/test_helpers.py::test_helpers_dumps 
[gw3] [ 96%] FAILED encommon/webkit/test/test_image.py::test_image 
[gw0] [ 96%] FAILED encommon/webkit/test/test_helpers.py::test_helpers_dumps 
encommon/webkit/test/test_content.py::test_Content_cover 
[gw3] [ 97%] PASSED encommon/webkit/test/test_content.py::test_Content_cover 
encommon/webkit/test/test_content.py::test_Content 
[gw3] [ 97%] PASSED encommon/webkit/test/test_content.py::test_Content 
encommon/times/test/test_duration.py::test_Duration 
[gw3] [ 97%] PASSED encommon/times/test/test_duration.py::test_Duration 
encommon/times/test/test_duration.py::test_Duration_iterate 
[gw3] [ 98%] PASSED encommon/times/test/test_duration.py::test_Duration_iterate 
encommon/times/test/test_duration.py::test_Duration_cover 
[gw3] [ 98%] PASSED encommon/times/test/test_duration.py::test_Duration_cover 
encommon/webkit/test/test_helpers.py::test_helpers_loads 
[gw0] [ 98%] FAILED encommon/webkit/test/test_helpers.py::test_helpers_loads 
encommon/webkit/test/test_helpers.py::test_helpers_istrue 
[gw0] [ 99%] FAILED encommon/webkit/test/test_helpers.py::test_helpers_istrue 
encommon/webkit/test/test_helpers.py::test_helpers_isnode 
[gw0] [ 99%] FAILED encommon/webkit/test/test_helpers.py::test_helpers_isnode 
[gw2] [ 99%] PASSED encommon/times/test/test_window.py::test_Window_cover 
encommon/times/test/test_window.py::test_window_interval[window3-1-True-expect3] 
[gw2] [100%] PASSED encommon/times/test/test_window.py::test_window_interval[window3-1-True-expect3] 

=================================== FAILURES ===================================
_____________________________ test_default_replace _____________________________
[gw3] linux -- Python 3.12.13 /home/runner/work/encommon/encommon/main/.venv-package/bin/python3

prepare = (<encommon.webkit.content.Content object at 0x7f59901dbe30>, <selenium.webdriver.chrome.webdriver.WebDriver (session="6d893b0b6a44adffc57363b882624ffa")>)

    def test_default_replace(
        prepare: tuple['Content', WebDriver],
    ) -> None:
        """
        Perform various tests associated with relevant routines.
    
        :param prepare: Driver and content loaded with scripts.
        """
    
        content, driver = prepare
    
>       _executejs(
            driver,
            'let element = $("<p/>");'
            'let target = $("body");'
            'element.text("pytest");'
            'target.replace(element);',
            wrap=False)

encommon/webkit/test/test_default.py:275: 
_ _ _ _ _ _ _ _ _ _ _ _ _ _ _ _ _ _ _ _ _ _ _ _ _ _ _ _ _ _ _ _ _ _ _ _ _ _ _ _ 
encommon/webkit/test/__init__.py:36: in _executejs
    driver
.venv-package/lib/python3.12/site-packages/selenium/webdriver/remote/webdriver.py:532: in execute_script
    return self.execute(command, {"script": script, "args": converted_args})["value"]
           ^^^^^^^^^^^^^^^^^^^^^^^^^^^^^^^^^^^^^^^^^^^^^^^^^^^^^^^^^^^^^^^^^
.venv-package/lib/python3.12/site-packages/selenium/webdriver/remote/webdriver.py:446: in execute
    self.error_handler.check_response(response)
_ _ _ _ _ _ _ _ _ _ _ _ _ _ _ _ _ _ _ _ _ _ _ _ _ _ _ _ _ _ _ _ _ _ _ _ _ _ _ _ 

self = <selenium.webdriver.remote.errorhandler.ErrorHandler object at 0x7f59902ea390>
response = {'status': 500, 'value': '{"value":{"error":"javascript error","message":"javascript error: $ is not defined\\n  (Sess...\\n#15 0x56149f47f4de \\u003Cunknown>\\n#16 0x7f444869caa4 \\u003Cunknown>\\n#17 0x7f4448729c6c \\u003Cunknown>\\n"}}'}

    def check_response(self, response: dict[str, Any]) -> None:
        """Check that a JSON response from the WebDriver does not have an error.
    
        Args:
            response: The JSON response from the WebDriver server as a dictionary
                object.
    
        Raises:
            WebDriverException: If the response contains an error message.
        """
        status = response.get("status", None)
        if not status or status == ErrorCode.SUCCESS:
            return
        value = None
        message = response.get("message", "")
        screen: str = response.get("screen", "")
        stacktrace = None
        if isinstance(status, int):
            value_json = response.get("value", None)
            if value_json and isinstance(value_json, str):
                try:
                    value = json.loads(value_json)
                    if isinstance(value, dict):
                        if len(value) == 1:
                            value = value["value"]
                        status = value.get("error", None)
                        if not status:
                            status = value.get("status", ErrorCode.UNKNOWN_ERROR)
                            message = value.get("value") or value.get("message")
                            if not isinstance(message, str):
                                value = message
                                message = message.get("message") if isinstance(message, dict) else None
                        else:
                            message = value.get("message", None)
                except ValueError:
                    pass
    
        exception_class: type[WebDriverException]
        e = ErrorCode()
        error_codes = [item for item in dir(e) if not item.startswith("__")]
        for error_code in error_codes:
            error_info = getattr(ErrorCode, error_code)
            if isinstance(error_info, list) and status in error_info:
                exception_class = getattr(ExceptionMapping, error_code, WebDriverException)
                break
        else:
            exception_class = WebDriverException
    
        if not value:
            value = response["value"]
        if isinstance(value, str):
            raise exception_class(value)
        if message == "" and "message" in value:
            message = value["message"]
    
        screen = None  # type: ignore[assignment]
        if "screen" in value:
            screen = value["screen"]
    
        stacktrace = None
        st_value = value.get("stackTrace") or value.get("stacktrace")
        if st_value:
            if isinstance(st_value, str):
                stacktrace = st_value.split("\n")
            else:
                stacktrace = []
                try:
                    for frame in st_value:
                        line = frame.get("lineNumber", "")
                        file = frame.get("fileName", "<anonymous>")
                        if line:
                            file = f"{file}:{line}"
                        meth = frame.get("methodName", "<anonymous>")
                        if "className" in frame:
                            meth = f"{frame['className']}.{meth}"
                        msg = "    at %s (%s)"
                        msg = msg % (meth, file)
                        stacktrace.append(msg)
                except TypeError:
                    pass
        if exception_class == UnexpectedAlertPresentException:
            alert_text = None
            if "data" in value:
                alert_text = value["data"].get("text")
            elif "alert" in value:
                alert_text = value["alert"].get("text")
            raise exception_class(message, screen, stacktrace, alert_text)  # type: ignore[call-arg]  # mypy is not smart enough here
>       raise exception_class(message, screen, stacktrace)
E       selenium.common.exceptions.JavascriptException: Message: javascript error: $ is not defined
E         (Session info: chrome=146.0.7680.164)
E       Stacktrace:
E       #0 0x56149f480a6a <unknown>
E       #1 0x56149ee8fab5 <unknown>
E       #2 0x56149ee9692b <unknown>
E       #3 0x56149ee994ab <unknown>
E       #4 0x56149ef2b8d9 <unknown>
E       #5 0x56149ef2a7b6 <unknown>
E       #6 0x56149eed5cbf <unknown>
E       #7 0x56149eed6a81 <unknown>
E       #8 0x56149f446a64 <unknown>
E       #9 0x56149f449951 <unknown>
E       #10 0x56149f43321e <unknown>
E       #11 0x56149f44a51e <unknown>
E       #12 0x56149f419be0 <unknown>
E       #13 0x56149f46d9b8 <unknown>
E       #14 0x56149f46db88 <unknown>
E       #15 0x56149f47f4de <unknown>
E       #16 0x7f444869caa4 <unknown>
E       #17 0x7f4448729c6c <unknown>

.venv-package/lib/python3.12/site-packages/selenium/webdriver/remote/errorhandler.py:232: JavascriptException
________________________________ test_moderate _________________________________
[gw2] linux -- Python 3.12.13 /home/runner/work/encommon/encommon/main/.venv-package/bin/python3

content = <encommon.webkit.content.Content object at 0x7f222c853da0>
driver = <selenium.webdriver.chrome.webdriver.WebDriver (session="acdc31b41b7ee18ce0a463bf918163eb")>

    def test_moderate(
        content: 'Content',
        driver: WebDriver,
    ) -> None:
        """
        Perform various tests associated with relevant routines.
    
        :param content: Primary class instance for the content.
        :param driver: Selenium driver provided by the library.
        """
    
    
        driver.get(
            f"""
            data:text/html;
            charset=utf-8,
            <html>
              <head>
                <script>
            {content.scripts('default')}
            {content.scripts('helpers')}
            {content.scripts('image')}
            {content.scripts('moderate')}
                </script>
              </head>
              <body></body>
            </html>
            """)
    
    
>       outcome = _executejs(
            driver,
            'let element ='
            ' moderate(...arguments);'
            'return'
            ' element[0].outerHTML;',
            'This is a Label',
            'success',
            'some_kind_short',
            wrap=False)

encommon/webkit/test/test_moderate.py:51: 
_ _ _ _ _ _ _ _ _ _ _ _ _ _ _ _ _ _ _ _ _ _ _ _ _ _ _ _ _ _ _ _ _ _ _ _ _ _ _ _ 
encommon/webkit/test/__init__.py:36: in _executejs
    driver
.venv-package/lib/python3.12/site-packages/selenium/webdriver/remote/webdriver.py:532: in execute_script
    return self.execute(command, {"script": script, "args": converted_args})["value"]
           ^^^^^^^^^^^^^^^^^^^^^^^^^^^^^^^^^^^^^^^^^^^^^^^^^^^^^^^^^^^^^^^^^
.venv-package/lib/python3.12/site-packages/selenium/webdriver/remote/webdriver.py:446: in execute
    self.error_handler.check_response(response)
_ _ _ _ _ _ _ _ _ _ _ _ _ _ _ _ _ _ _ _ _ _ _ _ _ _ _ _ _ _ _ _ _ _ _ _ _ _ _ _ 

self = <selenium.webdriver.remote.errorhandler.ErrorHandler object at 0x7f222cbb7170>
response = {'status': 500, 'value': '{"value":{"error":"javascript error","message":"javascript error: moderate is not defined\\n...\\n#15 0x55a3020aa4de \\u003Cunknown>\\n#16 0x7f82ea89caa4 \\u003Cunknown>\\n#17 0x7f82ea929c6c \\u003Cunknown>\\n"}}'}

    def check_response(self, response: dict[str, Any]) -> None:
        """Check that a JSON response from the WebDriver does not have an error.
    
        Args:
            response: The JSON response from the WebDriver server as a dictionary
                object.
    
        Raises:
            WebDriverException: If the response contains an error message.
        """
        status = response.get("status", None)
        if not status or status == ErrorCode.SUCCESS:
            return
        value = None
        message = response.get("message", "")
        screen: str = response.get("screen", "")
        stacktrace = None
        if isinstance(status, int):
            value_json = response.get("value", None)
            if value_json and isinstance(value_json, str):
                try:
                    value = json.loads(value_json)
                    if isinstance(value, dict):
                        if len(value) == 1:
                            value = value["value"]
                        status = value.get("error", None)
                        if not status:
                            status = value.get("status", ErrorCode.UNKNOWN_ERROR)
                            message = value.get("value") or value.get("message")
                            if not isinstance(message, str):
                                value = message
                                message = message.get("message") if isinstance(message, dict) else None
                        else:
                            message = value.get("message", None)
                except ValueError:
                    pass
    
        exception_class: type[WebDriverException]
        e = ErrorCode()
        error_codes = [item for item in dir(e) if not item.startswith("__")]
        for error_code in error_codes:
            error_info = getattr(ErrorCode, error_code)
            if isinstance(error_info, list) and status in error_info:
                exception_class = getattr(ExceptionMapping, error_code, WebDriverException)
                break
        else:
            exception_class = WebDriverException
    
        if not value:
            value = response["value"]
        if isinstance(value, str):
            raise exception_class(value)
        if message == "" and "message" in value:
            message = value["message"]
    
        screen = None  # type: ignore[assignment]
        if "screen" in value:
            screen = value["screen"]
    
        stacktrace = None
        st_value = value.get("stackTrace") or value.get("stacktrace")
        if st_value:
            if isinstance(st_value, str):
                stacktrace = st_value.split("\n")
            else:
                stacktrace = []
                try:
                    for frame in st_value:
                        line = frame.get("lineNumber", "")
                        file = frame.get("fileName", "<anonymous>")
                        if line:
                            file = f"{file}:{line}"
                        meth = frame.get("methodName", "<anonymous>")
                        if "className" in frame:
                            meth = f"{frame['className']}.{meth}"
                        msg = "    at %s (%s)"
                        msg = msg % (meth, file)
                        stacktrace.append(msg)
                except TypeError:
                    pass
        if exception_class == UnexpectedAlertPresentException:
            alert_text = None
            if "data" in value:
                alert_text = value["data"].get("text")
            elif "alert" in value:
                alert_text = value["alert"].get("text")
            raise exception_class(message, screen, stacktrace, alert_text)  # type: ignore[call-arg]  # mypy is not smart enough here
>       raise exception_class(message, screen, stacktrace)
E       selenium.common.exceptions.JavascriptException: Message: javascript error: moderate is not defined
E         (Session info: chrome=146.0.7680.164)
E       Stacktrace:
E       #0 0x55a3020aba6a <unknown>
E       #1 0x55a301abaab5 <unknown>
E       #2 0x55a301ac192b <unknown>
E       #3 0x55a301ac44ab <unknown>
E       #4 0x55a301b568d9 <unknown>
E       #5 0x55a301b557b6 <unknown>
E       #6 0x55a301b00cbf <unknown>
E       #7 0x55a301b01a81 <unknown>
E       #8 0x55a302071a64 <unknown>
E       #9 0x55a302074951 <unknown>
E       #10 0x55a30205e21e <unknown>
E       #11 0x55a30207551e <unknown>
E       #12 0x55a302044be0 <unknown>
E       #13 0x55a3020989b8 <unknown>
E       #14 0x55a302098b88 <unknown>
E       #15 0x55a3020aa4de <unknown>
E       #16 0x7f82ea89caa4 <unknown>
E       #17 0x7f82ea929c6c <unknown>

.venv-package/lib/python3.12/site-packages/selenium/webdriver/remote/errorhandler.py:232: JavascriptException
______________________________ test_helpers_isnum ______________________________
[gw1] linux -- Python 3.12.13 /home/runner/work/encommon/encommon/main/.venv-package/bin/python3

prepare = (<encommon.webkit.content.Content object at 0x7ff6fa2596a0>, <selenium.webdriver.chrome.webdriver.WebDriver (session="269bf2d18455e54bc6a1e3a827714e9f")>)

    def test_helpers_isnum(
        prepare: tuple['Content', WebDriver],
    ) -> None:
        """
        Perform various tests associated with relevant routines.
    
        :param prepare: Driver and content loaded with scripts.
        """
    
        content, driver = prepare
    
>       outcome = _executejs(
            driver,
            'isnum(123)')

encommon/webkit/test/test_helpers.py:189: 
_ _ _ _ _ _ _ _ _ _ _ _ _ _ _ _ _ _ _ _ _ _ _ _ _ _ _ _ _ _ _ _ _ _ _ _ _ _ _ _ 
encommon/webkit/test/__init__.py:36: in _executejs
    driver
.venv-package/lib/python3.12/site-packages/selenium/webdriver/remote/webdriver.py:532: in execute_script
    return self.execute(command, {"script": script, "args": converted_args})["value"]
           ^^^^^^^^^^^^^^^^^^^^^^^^^^^^^^^^^^^^^^^^^^^^^^^^^^^^^^^^^^^^^^^^^
.venv-package/lib/python3.12/site-packages/selenium/webdriver/remote/webdriver.py:446: in execute
    self.error_handler.check_response(response)
_ _ _ _ _ _ _ _ _ _ _ _ _ _ _ _ _ _ _ _ _ _ _ _ _ _ _ _ _ _ _ _ _ _ _ _ _ _ _ _ 

self = <selenium.webdriver.remote.errorhandler.ErrorHandler object at 0x7ff6fa3e5820>
response = {'status': 500, 'value': '{"value":{"error":"javascript error","message":"javascript error: isnum is not defined\\n  (...\\n#15 0x56377bcd34de \\u003Cunknown>\\n#16 0x7f25f7e9caa4 \\u003Cunknown>\\n#17 0x7f25f7f29c6c \\u003Cunknown>\\n"}}'}

    def check_response(self, response: dict[str, Any]) -> None:
        """Check that a JSON response from the WebDriver does not have an error.
    
        Args:
            response: The JSON response from the WebDriver server as a dictionary
                object.
    
        Raises:
            WebDriverException: If the response contains an error message.
        """
        status = response.get("status", None)
        if not status or status == ErrorCode.SUCCESS:
            return
        value = None
        message = response.get("message", "")
        screen: str = response.get("screen", "")
        stacktrace = None
        if isinstance(status, int):
            value_json = response.get("value", None)
            if value_json and isinstance(value_json, str):
                try:
                    value = json.loads(value_json)
                    if isinstance(value, dict):
                        if len(value) == 1:
                            value = value["value"]
                        status = value.get("error", None)
                        if not status:
                            status = value.get("status", ErrorCode.UNKNOWN_ERROR)
                            message = value.get("value") or value.get("message")
                            if not isinstance(message, str):
                                value = message
                                message = message.get("message") if isinstance(message, dict) else None
                        else:
                            message = value.get("message", None)
                except ValueError:
                    pass
    
        exception_class: type[WebDriverException]
        e = ErrorCode()
        error_codes = [item for item in dir(e) if not item.startswith("__")]
        for error_code in error_codes:
            error_info = getattr(ErrorCode, error_code)
            if isinstance(error_info, list) and status in error_info:
                exception_class = getattr(ExceptionMapping, error_code, WebDriverException)
                break
        else:
            exception_class = WebDriverException
    
        if not value:
            value = response["value"]
        if isinstance(value, str):
            raise exception_class(value)
        if message == "" and "message" in value:
            message = value["message"]
    
        screen = None  # type: ignore[assignment]
        if "screen" in value:
            screen = value["screen"]
    
        stacktrace = None
        st_value = value.get("stackTrace") or value.get("stacktrace")
        if st_value:
            if isinstance(st_value, str):
                stacktrace = st_value.split("\n")
            else:
                stacktrace = []
                try:
                    for frame in st_value:
                        line = frame.get("lineNumber", "")
                        file = frame.get("fileName", "<anonymous>")
                        if line:
                            file = f"{file}:{line}"
                        meth = frame.get("methodName", "<anonymous>")
                        if "className" in frame:
                            meth = f"{frame['className']}.{meth}"
                        msg = "    at %s (%s)"
                        msg = msg % (meth, file)
                        stacktrace.append(msg)
                except TypeError:
                    pass
        if exception_class == UnexpectedAlertPresentException:
            alert_text = None
            if "data" in value:
                alert_text = value["data"].get("text")
            elif "alert" in value:
                alert_text = value["alert"].get("text")
            raise exception_class(message, screen, stacktrace, alert_text)  # type: ignore[call-arg]  # mypy is not smart enough here
>       raise exception_class(message, screen, stacktrace)
E       selenium.common.exceptions.JavascriptException: Message: javascript error: isnum is not defined
E         (Session info: chrome=146.0.7680.164)
E       Stacktrace:
E       #0 0x56377bcd4a6a <unknown>
E       #1 0x56377b6e3ab5 <unknown>
E       #2 0x56377b6ea92b <unknown>
E       #3 0x56377b6ed4ab <unknown>
E       #4 0x56377b77f8d9 <unknown>
E       #5 0x56377b77e7b6 <unknown>
E       #6 0x56377b729cbf <unknown>
E       #7 0x56377b72aa81 <unknown>
E       #8 0x56377bc9aa64 <unknown>
E       #9 0x56377bc9d951 <unknown>
E       #10 0x56377bc8721e <unknown>
E       #11 0x56377bc9e51e <unknown>
E       #12 0x56377bc6dbe0 <unknown>
E       #13 0x56377bcc19b8 <unknown>
E       #14 0x56377bcc1b88 <unknown>
E       #15 0x56377bcd34de <unknown>
E       #16 0x7f25f7e9caa4 <unknown>
E       #17 0x7f25f7f29c6c <unknown>

.venv-package/lib/python3.12/site-packages/selenium/webdriver/remote/errorhandler.py:232: JavascriptException
_____________________________ test_helpers_islist ______________________________
[gw0] linux -- Python 3.12.13 /home/runner/work/encommon/encommon/main/.venv-package/bin/python3

prepare = (<encommon.webkit.content.Content object at 0x7fd7761d0b00>, <selenium.webdriver.chrome.webdriver.WebDriver (session="2fb26189ffbde55bfac6673eb9b24075")>)

    def test_helpers_islist(
        prepare: tuple['Content', WebDriver],
    ) -> None:
        """
        Perform various tests associated with relevant routines.
    
        :param prepare: Driver and content loaded with scripts.
        """
    
        content, driver = prepare
    
>       outcome = _executejs(
            driver,
            'islist([69429])')

encommon/webkit/test/test_helpers.py:281: 
_ _ _ _ _ _ _ _ _ _ _ _ _ _ _ _ _ _ _ _ _ _ _ _ _ _ _ _ _ _ _ _ _ _ _ _ _ _ _ _ 
encommon/webkit/test/__init__.py:36: in _executejs
    driver
.venv-package/lib/python3.12/site-packages/selenium/webdriver/remote/webdriver.py:532: in execute_script
    return self.execute(command, {"script": script, "args": converted_args})["value"]
           ^^^^^^^^^^^^^^^^^^^^^^^^^^^^^^^^^^^^^^^^^^^^^^^^^^^^^^^^^^^^^^^^^
.venv-package/lib/python3.12/site-packages/selenium/webdriver/remote/webdriver.py:446: in execute
    self.error_handler.check_response(response)
_ _ _ _ _ _ _ _ _ _ _ _ _ _ _ _ _ _ _ _ _ _ _ _ _ _ _ _ _ _ _ _ _ _ _ _ _ _ _ _ 

self = <selenium.webdriver.remote.errorhandler.ErrorHandler object at 0x7fd7753a38c0>
response = {'status': 500, 'value': '{"value":{"error":"javascript error","message":"javascript error: islist is not defined\\n  ...\\n#15 0x561070e3e4de \\u003Cunknown>\\n#16 0x7fd17489caa4 \\u003Cunknown>\\n#17 0x7fd174929c6c \\u003Cunknown>\\n"}}'}

    def check_response(self, response: dict[str, Any]) -> None:
        """Check that a JSON response from the WebDriver does not have an error.
    
        Args:
            response: The JSON response from the WebDriver server as a dictionary
                object.
    
        Raises:
            WebDriverException: If the response contains an error message.
        """
        status = response.get("status", None)
        if not status or status == ErrorCode.SUCCESS:
            return
        value = None
        message = response.get("message", "")
        screen: str = response.get("screen", "")
        stacktrace = None
        if isinstance(status, int):
            value_json = response.get("value", None)
            if value_json and isinstance(value_json, str):
                try:
                    value = json.loads(value_json)
                    if isinstance(value, dict):
                        if len(value) == 1:
                            value = value["value"]
                        status = value.get("error", None)
                        if not status:
                            status = value.get("status", ErrorCode.UNKNOWN_ERROR)
                            message = value.get("value") or value.get("message")
                            if not isinstance(message, str):
                                value = message
                                message = message.get("message") if isinstance(message, dict) else None
                        else:
                            message = value.get("message", None)
                except ValueError:
                    pass
    
        exception_class: type[WebDriverException]
        e = ErrorCode()
        error_codes = [item for item in dir(e) if not item.startswith("__")]
        for error_code in error_codes:
            error_info = getattr(ErrorCode, error_code)
            if isinstance(error_info, list) and status in error_info:
                exception_class = getattr(ExceptionMapping, error_code, WebDriverException)
                break
        else:
            exception_class = WebDriverException
    
        if not value:
            value = response["value"]
        if isinstance(value, str):
            raise exception_class(value)
        if message == "" and "message" in value:
            message = value["message"]
    
        screen = None  # type: ignore[assignment]
        if "screen" in value:
            screen = value["screen"]
    
        stacktrace = None
        st_value = value.get("stackTrace") or value.get("stacktrace")
        if st_value:
            if isinstance(st_value, str):
                stacktrace = st_value.split("\n")
            else:
                stacktrace = []
                try:
                    for frame in st_value:
                        line = frame.get("lineNumber", "")
                        file = frame.get("fileName", "<anonymous>")
                        if line:
                            file = f"{file}:{line}"
                        meth = frame.get("methodName", "<anonymous>")
                        if "className" in frame:
                            meth = f"{frame['className']}.{meth}"
                        msg = "    at %s (%s)"
                        msg = msg % (meth, file)
                        stacktrace.append(msg)
                except TypeError:
                    pass
        if exception_class == UnexpectedAlertPresentException:
            alert_text = None
            if "data" in value:
                alert_text = value["data"].get("text")
            elif "alert" in value:
                alert_text = value["alert"].get("text")
            raise exception_class(message, screen, stacktrace, alert_text)  # type: ignore[call-arg]  # mypy is not smart enough here
>       raise exception_class(message, screen, stacktrace)
E       selenium.common.exceptions.JavascriptException: Message: javascript error: islist is not defined
E         (Session info: chrome=146.0.7680.164)
E       Stacktrace:
E       #0 0x561070e3fa6a <unknown>
E       #1 0x56107084eab5 <unknown>
E       #2 0x56107085592b <unknown>
E       #3 0x5610708584ab <unknown>
E       #4 0x5610708ea8d9 <unknown>
E       #5 0x5610708e97b6 <unknown>
E       #6 0x561070894cbf <unknown>
E       #7 0x561070895a81 <unknown>
E       #8 0x561070e05a64 <unknown>
E       #9 0x561070e08951 <unknown>
E       #10 0x561070df221e <unknown>
E       #11 0x561070e0951e <unknown>
E       #12 0x561070dd8be0 <unknown>
E       #13 0x561070e2c9b8 <unknown>
E       #14 0x561070e2cb88 <unknown>
E       #15 0x561070e3e4de <unknown>
E       #16 0x7fd17489caa4 <unknown>
E       #17 0x7fd174929c6c <unknown>

.venv-package/lib/python3.12/site-packages/selenium/webdriver/remote/errorhandler.py:232: JavascriptException
____________________________ test_default_addClass _____________________________
[gw3] linux -- Python 3.12.13 /home/runner/work/encommon/encommon/main/.venv-package/bin/python3

prepare = (<encommon.webkit.content.Content object at 0x7f5990139940>, <selenium.webdriver.chrome.webdriver.WebDriver (session="8c6bbd02074227a4298df5847bd54328")>)

    def test_default_addClass(
        prepare: tuple['Content', WebDriver],
    ) -> None:
        """
        Perform various tests associated with relevant routines.
    
        :param prepare: Driver and content loaded with scripts.
        """
    
        content, driver = prepare
    
>       _executejs(
            driver,
            '$("body>div")'
            '.addClass("pytest")')

encommon/webkit/test/test_default.py:115: 
_ _ _ _ _ _ _ _ _ _ _ _ _ _ _ _ _ _ _ _ _ _ _ _ _ _ _ _ _ _ _ _ _ _ _ _ _ _ _ _ 
encommon/webkit/test/__init__.py:36: in _executejs
    driver
.venv-package/lib/python3.12/site-packages/selenium/webdriver/remote/webdriver.py:532: in execute_script
    return self.execute(command, {"script": script, "args": converted_args})["value"]
           ^^^^^^^^^^^^^^^^^^^^^^^^^^^^^^^^^^^^^^^^^^^^^^^^^^^^^^^^^^^^^^^^^
.venv-package/lib/python3.12/site-packages/selenium/webdriver/remote/webdriver.py:446: in execute
    self.error_handler.check_response(response)
_ _ _ _ _ _ _ _ _ _ _ _ _ _ _ _ _ _ _ _ _ _ _ _ _ _ _ _ _ _ _ _ _ _ _ _ _ _ _ _ 

self = <selenium.webdriver.remote.errorhandler.ErrorHandler object at 0x7f599013ab70>
response = {'status': 500, 'value': '{"value":{"error":"javascript error","message":"javascript error: $ is not defined\\n  (Sess...\\n#15 0x56124fe0c4de \\u003Cunknown>\\n#16 0x7f5ce909caa4 \\u003Cunknown>\\n#17 0x7f5ce9129c6c \\u003Cunknown>\\n"}}'}

    def check_response(self, response: dict[str, Any]) -> None:
        """Check that a JSON response from the WebDriver does not have an error.
    
        Args:
            response: The JSON response from the WebDriver server as a dictionary
                object.
    
        Raises:
            WebDriverException: If the response contains an error message.
        """
        status = response.get("status", None)
        if not status or status == ErrorCode.SUCCESS:
            return
        value = None
        message = response.get("message", "")
        screen: str = response.get("screen", "")
        stacktrace = None
        if isinstance(status, int):
            value_json = response.get("value", None)
            if value_json and isinstance(value_json, str):
                try:
                    value = json.loads(value_json)
                    if isinstance(value, dict):
                        if len(value) == 1:
                            value = value["value"]
                        status = value.get("error", None)
                        if not status:
                            status = value.get("status", ErrorCode.UNKNOWN_ERROR)
                            message = value.get("value") or value.get("message")
                            if not isinstance(message, str):
                                value = message
                                message = message.get("message") if isinstance(message, dict) else None
                        else:
                            message = value.get("message", None)
                except ValueError:
                    pass
    
        exception_class: type[WebDriverException]
        e = ErrorCode()
        error_codes = [item for item in dir(e) if not item.startswith("__")]
        for error_code in error_codes:
            error_info = getattr(ErrorCode, error_code)
            if isinstance(error_info, list) and status in error_info:
                exception_class = getattr(ExceptionMapping, error_code, WebDriverException)
                break
        else:
            exception_class = WebDriverException
    
        if not value:
            value = response["value"]
        if isinstance(value, str):
            raise exception_class(value)
        if message == "" and "message" in value:
            message = value["message"]
    
        screen = None  # type: ignore[assignment]
        if "screen" in value:
            screen = value["screen"]
    
        stacktrace = None
        st_value = value.get("stackTrace") or value.get("stacktrace")
        if st_value:
            if isinstance(st_value, str):
                stacktrace = st_value.split("\n")
            else:
                stacktrace = []
                try:
                    for frame in st_value:
                        line = frame.get("lineNumber", "")
                        file = frame.get("fileName", "<anonymous>")
                        if line:
                            file = f"{file}:{line}"
                        meth = frame.get("methodName", "<anonymous>")
                        if "className" in frame:
                            meth = f"{frame['className']}.{meth}"
                        msg = "    at %s (%s)"
                        msg = msg % (meth, file)
                        stacktrace.append(msg)
                except TypeError:
                    pass
        if exception_class == UnexpectedAlertPresentException:
            alert_text = None
            if "data" in value:
                alert_text = value["data"].get("text")
            elif "alert" in value:
                alert_text = value["alert"].get("text")
            raise exception_class(message, screen, stacktrace, alert_text)  # type: ignore[call-arg]  # mypy is not smart enough here
>       raise exception_class(message, screen, stacktrace)
E       selenium.common.exceptions.JavascriptException: Message: javascript error: $ is not defined
E         (Session info: chrome=146.0.7680.164)
E       Stacktrace:
E       #0 0x56124fe0da6a <unknown>
E       #1 0x56124f81cab5 <unknown>
E       #2 0x56124f82392b <unknown>
E       #3 0x56124f8264ab <unknown>
E       #4 0x56124f8b88d9 <unknown>
E       #5 0x56124f8b77b6 <unknown>
E       #6 0x56124f862cbf <unknown>
E       #7 0x56124f863a81 <unknown>
E       #8 0x56124fdd3a64 <unknown>
E       #9 0x56124fdd6951 <unknown>
E       #10 0x56124fdc021e <unknown>
E       #11 0x56124fdd751e <unknown>
E       #12 0x56124fda6be0 <unknown>
E       #13 0x56124fdfa9b8 <unknown>
E       #14 0x56124fdfab88 <unknown>
E       #15 0x56124fe0c4de <unknown>
E       #16 0x7f5ce909caa4 <unknown>
E       #17 0x7f5ce9129c6c <unknown>

.venv-package/lib/python3.12/site-packages/selenium/webdriver/remote/errorhandler.py:232: JavascriptException
_________________________________ test_statate _________________________________
[gw2] linux -- Python 3.12.13 /home/runner/work/encommon/encommon/main/.venv-package/bin/python3

content = <encommon.webkit.content.Content object at 0x7f222c708680>
driver = <selenium.webdriver.chrome.webdriver.WebDriver (session="9140435efd97ae23abd6101ed2e2cbfc")>

    def test_statate(
        content: 'Content',
        driver: WebDriver,
    ) -> None:
        """
        Perform various tests associated with relevant routines.
    
        :param content: Primary class instance for the content.
        :param driver: Selenium driver provided by the library.
        """
    
    
        driver.get(
            f"""
            data:text/html;
            charset=utf-8,
            <html>
              <head>
                <script>
            {content.scripts('default')}
            {content.scripts('helpers')}
            {content.scripts('image')}
            {content.scripts('moderate')}
            {content.scripts('statate')}
                </script>
              </head>
              <body></body>
            </html>
            """)
    
    
>       outcome = _executejs(
[...]
#7 0x558f5043da81 <unknown>
#8 0x558f509ada64 <unknown>
#9 0x558f509b0951 <unknown>
#10 0x558f5099a21e <unknown>
#11 0x558f509b151e <unknown>
#12 0x558f50980be0 <unknown>
#13 0x558f509d49b8 <unknown>
#14 0x558f509d4b88 <unknown>
#15 0x558f509e64de <unknown>
#16 0x7f723a69caa4 <unknown>
#17 0x7f723a729c6c <unknown>
FAILED encommon/webkit/test/test_datagrid.py::test_datagrid - selenium.common.exceptions.JavascriptException: Message: javascript error: datagrid is not defined
  (Session info: chrome=146.0.7680.164)
Stacktrace:
#0 0x5574a0639a6a <unknown>
#1 0x5574a0048ab5 <unknown>
#2 0x5574a004f92b <unknown>
#3 0x5574a00524ab <unknown>
#4 0x5574a00e48d9 <unknown>
#5 0x5574a00e37b6 <unknown>
#6 0x5574a008ecbf <unknown>
#7 0x5574a008fa81 <unknown>
#8 0x5574a05ffa64 <unknown>
#9 0x5574a0602951 <unknown>
#10 0x5574a05ec21e <unknown>
#11 0x5574a060351e <unknown>
#12 0x5574a05d2be0 <unknown>
#13 0x5574a06269b8 <unknown>
#14 0x5574a0626b88 <unknown>
#15 0x5574a06384de <unknown>
#16 0x7f570729caa4 <unknown>
#17 0x7f5707329c6c <unknown>
FAILED encommon/webkit/test/test_default.py::test_default_create - selenium.common.exceptions.JavascriptException: Message: javascript error: $ is not defined
  (Session info: chrome=146.0.7680.164)
Stacktrace:
#0 0x55beb2d09a6a <unknown>
#1 0x55beb2718ab5 <unknown>
#2 0x55beb271f92b <unknown>
#3 0x55beb27224ab <unknown>
#4 0x55beb27b48d9 <unknown>
#5 0x55beb27b37b6 <unknown>
#6 0x55beb275ecbf <unknown>
#7 0x55beb275fa81 <unknown>
#8 0x55beb2ccfa64 <unknown>
#9 0x55beb2cd2951 <unknown>
#10 0x55beb2cbc21e <unknown>
#11 0x55beb2cd351e <unknown>
#12 0x55beb2ca2be0 <unknown>
#13 0x55beb2cf69b8 <unknown>
#14 0x55beb2cf6b88 <unknown>
#15 0x55beb2d084de <unknown>
#16 0x7f4fe349caa4 <unknown>
#17 0x7f4fe3529c6c <unknown>
FAILED encommon/webkit/test/test_helpers.py::test_helpers_istime - selenium.common.exceptions.JavascriptException: Message: javascript error: istime is not defined
  (Session info: chrome=146.0.7680.164)
Stacktrace:
#0 0x558c0121da6a <unknown>
#1 0x558c00c2cab5 <unknown>
#2 0x558c00c3392b <unknown>
#3 0x558c00c364ab <unknown>
#4 0x558c00cc88d9 <unknown>
#5 0x558c00cc77b6 <unknown>
#6 0x558c00c72cbf <unknown>
#7 0x558c00c73a81 <unknown>
#8 0x558c011e3a64 <unknown>
#9 0x558c011e6951 <unknown>
#10 0x558c011d021e <unknown>
#11 0x558c011e751e <unknown>
#12 0x558c011b6be0 <unknown>
#13 0x558c0120a9b8 <unknown>
#14 0x558c0120ab88 <unknown>
#15 0x558c0121c4de <unknown>
#16 0x7f513989caa4 <unknown>
#17 0x7f5139929c6c <unknown>
FAILED encommon/webkit/test/test_message.py::test_message - selenium.common.exceptions.JavascriptException: Message: javascript error: message is not defined
  (Session info: chrome=146.0.7680.164)
Stacktrace:
#0 0x5589d7ccaa6a <unknown>
#1 0x5589d76d9ab5 <unknown>
#2 0x5589d76e092b <unknown>
#3 0x5589d76e34ab <unknown>
#4 0x5589d77758d9 <unknown>
#5 0x5589d77747b6 <unknown>
#6 0x5589d771fcbf <unknown>
#7 0x5589d7720a81 <unknown>
#8 0x5589d7c90a64 <unknown>
#9 0x5589d7c93951 <unknown>
#10 0x5589d7c7d21e <unknown>
#11 0x5589d7c9451e <unknown>
#12 0x5589d7c63be0 <unknown>
#13 0x5589d7cb79b8 <unknown>
#14 0x5589d7cb7b88 <unknown>
#15 0x5589d7cc94de <unknown>
#16 0x7f015a09caa4 <unknown>
#17 0x7f015a129c6c <unknown>
FAILED encommon/webkit/test/test_default.py::test_default_remClass - selenium.common.exceptions.JavascriptException: Message: javascript error: $ is not defined
  (Session info: chrome=146.0.7680.164)
Stacktrace:
#0 0x558f0de9ba6a <unknown>
#1 0x558f0d8aaab5 <unknown>
#2 0x558f0d8b192b <unknown>
#3 0x558f0d8b44ab <unknown>
#4 0x558f0d9468d9 <unknown>
#5 0x558f0d9457b6 <unknown>
#6 0x558f0d8f0cbf <unknown>
#7 0x558f0d8f1a81 <unknown>
#8 0x558f0de61a64 <unknown>
#9 0x558f0de64951 <unknown>
#10 0x558f0de4e21e <unknown>
#11 0x558f0de6551e <unknown>
#12 0x558f0de34be0 <unknown>
#13 0x558f0de889b8 <unknown>
#14 0x558f0de88b88 <unknown>
#15 0x558f0de9a4de <unknown>
#16 0x7eff6b09caa4 <unknown>
#17 0x7eff6b129c6c <unknown>
FAILED encommon/webkit/test/test_helpers.py::test_helpers_isfalse - selenium.common.exceptions.JavascriptException: Message: javascript error: isfalse is not defined
  (Session info: chrome=146.0.7680.164)
Stacktrace:
#0 0x564e372afa6a <unknown>
#1 0x564e36cbeab5 <unknown>
#2 0x564e36cc592b <unknown>
#3 0x564e36cc84ab <unknown>
#4 0x564e36d5a8d9 <unknown>
#5 0x564e36d597b6 <unknown>
#6 0x564e36d04cbf <unknown>
#7 0x564e36d05a81 <unknown>
#8 0x564e37275a64 <unknown>
#9 0x564e37278951 <unknown>
#10 0x564e3726221e <unknown>
#11 0x564e3727951e <unknown>
#12 0x564e37248be0 <unknown>
#13 0x564e3729c9b8 <unknown>
#14 0x564e3729cb88 <unknown>
#15 0x564e372ae4de <unknown>
#16 0x7f839e09caa4 <unknown>
#17 0x7f839e129c6c <unknown>
FAILED encommon/webkit/test/test_numeric.py::test_numeric - selenium.common.exceptions.JavascriptException: Message: javascript error: numeric is not defined
  (Session info: chrome=146.0.7680.164)
Stacktrace:
#0 0x564a4f54ca6a <unknown>
#1 0x564a4ef5bab5 <unknown>
#2 0x564a4ef6292b <unknown>
#3 0x564a4ef654ab <unknown>
#4 0x564a4eff78d9 <unknown>
#5 0x564a4eff67b6 <unknown>
#6 0x564a4efa1cbf <unknown>
#7 0x564a4efa2a81 <unknown>
#8 0x564a4f512a64 <unknown>
#9 0x564a4f515951 <unknown>
#10 0x564a4f4ff21e <unknown>
#11 0x564a4f51651e <unknown>
#12 0x564a4f4e5be0 <unknown>
#13 0x564a4f5399b8 <unknown>
#14 0x564a4f539b88 <unknown>
#15 0x564a4f54b4de <unknown>
#16 0x7ff06dc9caa4 <unknown>
#17 0x7ff06dd29c6c <unknown>
FAILED encommon/webkit/test/test_default.py::test_default_styles - selenium.common.exceptions.JavascriptException: Message: javascript error: $ is not defined
  (Session info: chrome=146.0.7680.164)
Stacktrace:
#0 0x55b51931da6a <unknown>
#1 0x55b518d2cab5 <unknown>
#2 0x55b518d3392b <unknown>
#3 0x55b518d364ab <unknown>
#4 0x55b518dc88d9 <unknown>
#5 0x55b518dc77b6 <unknown>
#6 0x55b518d72cbf <unknown>
#7 0x55b518d73a81 <unknown>
#8 0x55b5192e3a64 <unknown>
#9 0x55b5192e6951 <unknown>
#10 0x55b5192d021e <unknown>
#11 0x55b5192e751e <unknown>
#12 0x55b5192b6be0 <unknown>
#13 0x55b51930a9b8 <unknown>
#14 0x55b51930ab88 <unknown>
#15 0x55b51931c4de <unknown>
#16 0x7f1826a9caa4 <unknown>
#17 0x7f1826b29c6c <unknown>
FAILED encommon/webkit/test/test_helpers.py::test_helpers_isquery - selenium.common.exceptions.JavascriptException: Message: javascript error: $ is not defined
  (Session info: chrome=146.0.7680.164)
Stacktrace:
#0 0x55fa4948aa6a <unknown>
#1 0x55fa48e99ab5 <unknown>
#2 0x55fa48ea092b <unknown>
#3 0x55fa48ea34ab <unknown>
#4 0x55fa48f358d9 <unknown>
#5 0x55fa48f347b6 <unknown>
#6 0x55fa48edfcbf <unknown>
#7 0x55fa48ee0a81 <unknown>
#8 0x55fa49450a64 <unknown>
#9 0x55fa49453951 <unknown>
#10 0x55fa4943d21e <unknown>
#11 0x55fa4945451e <unknown>
#12 0x55fa49423be0 <unknown>
#13 0x55fa494779b8 <unknown>
#14 0x55fa49477b88 <unknown>
#15 0x55fa494894de <unknown>
#16 0x7f0dd3c9caa4 <unknown>
#17 0x7f0dd3d29c6c <unknown>
FAILED encommon/webkit/test/test_numeric.py::test_numeric_bytes - selenium.common.exceptions.JavascriptException: Message: javascript error: numeric_bytes is not defined
  (Session info: chrome=146.0.7680.164)
Stacktrace:
#0 0x559f0d65ba6a <unknown>
#1 0x559f0d06aab5 <unknown>
#2 0x559f0d07192b <unknown>
#3 0x559f0d0744ab <unknown>
#4 0x559f0d1068d9 <unknown>
#5 0x559f0d1057b6 <unknown>
#6 0x559f0d0b0cbf <unknown>
#7 0x559f0d0b1a81 <unknown>
#8 0x559f0d621a64 <unknown>
#9 0x559f0d624951 <unknown>
#10 0x559f0d60e21e <unknown>
#11 0x559f0d62551e <unknown>
#12 0x559f0d5f4be0 <unknown>
#13 0x559f0d6489b8 <unknown>
#14 0x559f0d648b88 <unknown>
#15 0x559f0d65a4de <unknown>
#16 0x7f625189caa4 <unknown>
#17 0x7f6251929c6c <unknown>
FAILED encommon/webkit/test/test_default.py::test_default_prop - selenium.common.exceptions.JavascriptException: Message: javascript error: $ is not defined
  (Session info: chrome=146.0.7680.164)
Stacktrace:
#0 0x56042d8d3a6a <unknown>
#1 0x56042d2e2ab5 <unknown>
#2 0x56042d2e992b <unknown>
#3 0x56042d2ec4ab <unknown>
#4 0x56042d37e8d9 <unknown>
#5 0x56042d37d7b6 <unknown>
#6 0x56042d328cbf <unknown>
#7 0x56042d329a81 <unknown>
#8 0x56042d899a64 <unknown>
#9 0x56042d89c951 <unknown>
#10 0x56042d88621e <unknown>
#11 0x56042d89d51e <unknown>
#12 0x56042d86cbe0 <unknown>
#13 0x56042d8c09b8 <unknown>
#14 0x56042d8c0b88 <unknown>
#15 0x56042d8d24de <unknown>
#16 0x7ffbed09caa4 <unknown>
#17 0x7ffbed129c6c <unknown>
FAILED encommon/webkit/test/test_helpers.py::test_helpers_isstr - selenium.common.exceptions.JavascriptException: Message: javascript error: isstr is not defined
  (Session info: chrome=146.0.7680.164)
Stacktrace:
#0 0x557ed51e3a6a <unknown>
#1 0x557ed4bf2ab5 <unknown>
#2 0x557ed4bf992b <unknown>
#3 0x557ed4bfc4ab <unknown>
#4 0x557ed4c8e8d9 <unknown>
#5 0x557ed4c8d7b6 <unknown>
#6 0x557ed4c38cbf <unknown>
#7 0x557ed4c39a81 <unknown>
#8 0x557ed51a9a64 <unknown>
#9 0x557ed51ac951 <unknown>
#10 0x557ed519621e <unknown>
#11 0x557ed51ad51e <unknown>
#12 0x557ed517cbe0 <unknown>
#13 0x557ed51d09b8 <unknown>
#14 0x557ed51d0b88 <unknown>
#15 0x557ed51e24de <unknown>
#16 0x7f9533c9caa4 <unknown>
#17 0x7f9533d29c6c <unknown>
FAILED encommon/webkit/test/test_numeric.py::test_numeric_count - selenium.common.exceptions.JavascriptException: Message: javascript error: numeric_count is not defined
  (Session info: chrome=146.0.7680.164)
Stacktrace:
#0 0x557aedbfda6a <unknown>
#1 0x557aed60cab5 <unknown>
#2 0x557aed61392b <unknown>
#3 0x557aed6164ab <unknown>
#4 0x557aed6a88d9 <unknown>
#5 0x557aed6a77b6 <unknown>
#6 0x557aed652cbf <unknown>
#7 0x557aed653a81 <unknown>
#8 0x557aedbc3a64 <unknown>
#9 0x557aedbc6951 <unknown>
#10 0x557aedbb021e <unknown>
#11 0x557aedbc751e <unknown>
#12 0x557aedb96be0 <unknown>
#13 0x557aedbea9b8 <unknown>
#14 0x557aedbeab88 <unknown>
#15 0x557aedbfc4de <unknown>
#16 0x7f724e29caa4 <unknown>
#17 0x7f724e329c6c <unknown>
FAILED encommon/webkit/test/test_default.py::test_default_showhide - selenium.common.exceptions.JavascriptException: Message: javascript error: $ is not defined
  (Session info: chrome=146.0.7680.164)
Stacktrace:
#0 0x560741a62a6a <unknown>
#1 0x560741471ab5 <unknown>
#2 0x56074147892b <unknown>
#3 0x56074147b4ab <unknown>
#4 0x56074150d8d9 <unknown>
#5 0x56074150c7b6 <unknown>
#6 0x5607414b7cbf <unknown>
#7 0x5607414b8a81 <unknown>
#8 0x560741a28a64 <unknown>
#9 0x560741a2b951 <unknown>
#10 0x560741a1521e <unknown>
#11 0x560741a2c51e <unknown>
#12 0x5607419fbbe0 <unknown>
#13 0x560741a4f9b8 <unknown>
#14 0x560741a4fb88 <unknown>
#15 0x560741a614de <unknown>
#16 0x7febae89caa4 <unknown>
#17 0x7febae929c6c <unknown>
FAILED encommon/webkit/test/test_helpers.py::test_helpers_isnull - selenium.common.exceptions.JavascriptException: Message: javascript error: isnull is not defined
  (Session info: chrome=146.0.7680.164)
Stacktrace:
#0 0x55bbfb700a6a <unknown>
#1 0x55bbfb10fab5 <unknown>
#2 0x55bbfb11692b <unknown>
#3 0x55bbfb1194ab <unknown>
#4 0x55bbfb1ab8d9 <unknown>
#5 0x55bbfb1aa7b6 <unknown>
#6 0x55bbfb155cbf <unknown>
#7 0x55bbfb156a81 <unknown>
#8 0x55bbfb6c6a64 <unknown>
#9 0x55bbfb6c9951 <unknown>
#10 0x55bbfb6b321e <unknown>
#11 0x55bbfb6ca51e <unknown>
#12 0x55bbfb699be0 <unknown>
#13 0x55bbfb6ed9b8 <unknown>
#14 0x55bbfb6edb88 <unknown>
#15 0x55bbfb6ff4de <unknown>
#16 0x7fdd2ec9caa4 <unknown>
#17 0x7fdd2ed29c6c <unknown>
FAILED encommon/webkit/test/test_color.py::test_colordiv - selenium.common.exceptions.JavascriptException: Message: javascript error: colordiv is not defined
  (Session info: chrome=146.0.7680.164)
Stacktrace:
#0 0x557dab2dfa6a <unknown>
#1 0x557daaceeab5 <unknown>
#2 0x557daacf592b <unknown>
#3 0x557daacf84ab <unknown>
#4 0x557daad8a8d9 <unknown>
#5 0x557daad897b6 <unknown>
#6 0x557daad34cbf <unknown>
#7 0x557daad35a81 <unknown>
#8 0x557dab2a5a64 <unknown>
#9 0x557dab2a8951 <unknown>
#10 0x557dab29221e <unknown>
#11 0x557dab2a951e <unknown>
#12 0x557dab278be0 <unknown>
#13 0x557dab2cc9b8 <unknown>
#14 0x557dab2ccb88 <unknown>
#15 0x557dab2de4de <unknown>
#16 0x7f887be9caa4 <unknown>
#17 0x7f887bf29c6c <unknown>
FAILED encommon/webkit/test/test_datetime.py::test_datestamp - selenium.common.exceptions.JavascriptException: Message: javascript error: datestamp is not defined
  (Session info: chrome=146.0.7680.164)
Stacktrace:
#0 0x55b784185a6a <unknown>
#1 0x55b783b94ab5 <unknown>
#2 0x55b783b9b92b <unknown>
#3 0x55b783b9e4ab <unknown>
#4 0x55b783c308d9 <unknown>
#5 0x55b783c2f7b6 <unknown>
#6 0x55b783bdacbf <unknown>
#7 0x55b783bdba81 <unknown>
#8 0x55b78414ba64 <unknown>
#9 0x55b78414e951 <unknown>
#10 0x55b78413821e <unknown>
#11 0x55b78414f51e <unknown>
#12 0x55b78411ebe0 <unknown>
#13 0x55b7841729b8 <unknown>
#14 0x55b784172b88 <unknown>
#15 0x55b7841844de <unknown>
#16 0x7f56b3a9caa4 <unknown>
#17 0x7f56b3b29c6c <unknown>
FAILED encommon/webkit/test/test_default.py::test_default_append - selenium.common.exceptions.JavascriptException: Message: javascript error: $ is not defined
  (Session info: chrome=146.0.7680.164)
Stacktrace:
#0 0x55652ca23a6a <unknown>
#1 0x55652c432ab5 <unknown>
#2 0x55652c43992b <unknown>
#3 0x55652c43c4ab <unknown>
#4 0x55652c4ce8d9 <unknown>
#5 0x55652c4cd7b6 <unknown>
#6 0x55652c478cbf <unknown>
#7 0x55652c479a81 <unknown>
#8 0x55652c9e9a64 <unknown>
#9 0x55652c9ec951 <unknown>
#10 0x55652c9d621e <unknown>
#11 0x55652c9ed51e <unknown>
#12 0x55652c9bcbe0 <unknown>
#13 0x55652ca109b8 <unknown>
#14 0x55652ca10b88 <unknown>
#15 0x55652ca224de <unknown>
#16 0x7fb51609caa4 <unknown>
#17 0x7fb516129c6c <unknown>
FAILED encommon/webkit/test/test_helpers.py::test_helpers_isempty - selenium.common.exceptions.JavascriptException: Message: javascript error: isempty is not defined
  (Session info: chrome=146.0.7680.164)
Stacktrace:
#0 0x555ac2e8ca6a <unknown>
#1 0x555ac289bab5 <unknown>
#2 0x555ac28a292b <unknown>
#3 0x555ac28a54ab <unknown>
#4 0x555ac29378d9 <unknown>
#5 0x555ac29367b6 <unknown>
#6 0x555ac28e1cbf <unknown>
#7 0x555ac28e2a81 <unknown>
#8 0x555ac2e52a64 <unknown>
#9 0x555ac2e55951 <unknown>
#10 0x555ac2e3f21e <unknown>
#11 0x555ac2e5651e <unknown>
#12 0x555ac2e25be0 <unknown>
#13 0x555ac2e799b8 <unknown>
#14 0x555ac2e79b88 <unknown>
#15 0x555ac2e8b4de <unknown>
#16 0x7efd9209caa4 <unknown>
#17 0x7efd92129c6c <unknown>
FAILED encommon/webkit/test/test_duration.py::test_duration - selenium.common.exceptions.JavascriptException: Message: javascript error: duration is not defined
  (Session info: chrome=146.0.7680.164)
Stacktrace:
#0 0x55bd68b4ca6a <unknown>
#1 0x55bd6855bab5 <unknown>
#2 0x55bd6856292b <unknown>
#3 0x55bd685654ab <unknown>
#4 0x55bd685f78d9 <unknown>
#5 0x55bd685f67b6 <unknown>
#6 0x55bd685a1cbf <unknown>
#7 0x55bd685a2a81 <unknown>
#8 0x55bd68b12a64 <unknown>
#9 0x55bd68b15951 <unknown>
#10 0x55bd68aff21e <unknown>
#11 0x55bd68b1651e <unknown>
#12 0x55bd68ae5be0 <unknown>
#13 0x55bd68b399b8 <unknown>
#14 0x55bd68b39b88 <unknown>
#15 0x55bd68b4b4de <unknown>
#16 0x7f628d29caa4 <unknown>
#17 0x7f628d329c6c <unknown>
FAILED encommon/webkit/test/test_default.py::test_default_content - selenium.common.exceptions.JavascriptException: Message: javascript error: $ is not defined
  (Session info: chrome=146.0.7680.164)
Stacktrace:
#0 0x564e5f40aa6a <unknown>
#1 0x564e5ee19ab5 <unknown>
#2 0x564e5ee2092b <unknown>
#3 0x564e5ee234ab <unknown>
#4 0x564e5eeb58d9 <unknown>
#5 0x564e5eeb47b6 <unknown>
#6 0x564e5ee5fcbf <unknown>
#7 0x564e5ee60a81 <unknown>
#8 0x564e5f3d0a64 <unknown>
#9 0x564e5f3d3951 <unknown>
#10 0x564e5f3bd21e <unknown>
#11 0x564e5f3d451e <unknown>
#12 0x564e5f3a3be0 <unknown>
#13 0x564e5f3f79b8 <unknown>
#14 0x564e5f3f7b88 <unknown>
#15 0x564e5f4094de <unknown>
#16 0x7fd52e49caa4 <unknown>
#17 0x7fd52e529c6c <unknown>
FAILED encommon/webkit/test/test_helpers.py::test_helpers_isdict - selenium.common.exceptions.JavascriptException: Message: javascript error: isdict is not defined
  (Session info: chrome=146.0.7680.164)
Stacktrace:
#0 0x55725e5e3a6a <unknown>
#1 0x55725dff2ab5 <unknown>
#2 0x55725dff992b <unknown>
#3 0x55725dffc4ab <unknown>
#4 0x55725e08e8d9 <unknown>
#5 0x55725e08d7b6 <unknown>
#6 0x55725e038cbf <unknown>
#7 0x55725e039a81 <unknown>
#8 0x55725e5a9a64 <unknown>
#9 0x55725e5ac951 <unknown>
#10 0x55725e59621e <unknown>
#11 0x55725e5ad51e <unknown>
#12 0x55725e57cbe0 <unknown>
#13 0x55725e5d09b8 <unknown>
#14 0x55725e5d0b88 <unknown>
#15 0x55725e5e24de <unknown>
#16 0x7f575129caa4 <unknown>
#17 0x7f5751329c6c <unknown>
FAILED encommon/webkit/test/test_image.py::test_image - selenium.common.exceptions.JavascriptException: Message: javascript error: svgicon is not defined
  (Session info: chrome=146.0.7680.164)
Stacktrace:
#0 0x561d8f8cda6a <unknown>
#1 0x561d8f2dcab5 <unknown>
#2 0x561d8f2e392b <unknown>
#3 0x561d8f2e64ab <unknown>
#4 0x561d8f3788d9 <unknown>
#5 0x561d8f3777b6 <unknown>
#6 0x561d8f322cbf <unknown>
#7 0x561d8f323a81 <unknown>
#8 0x561d8f893a64 <unknown>
#9 0x561d8f896951 <unknown>
#10 0x561d8f88021e <unknown>
#11 0x561d8f89751e <unknown>
#12 0x561d8f866be0 <unknown>
#13 0x561d8f8ba9b8 <unknown>
#14 0x561d8f8bab88 <unknown>
#15 0x561d8f8cc4de <unknown>
#16 0x7f44b669caa4 <unknown>
#17 0x7f44b6729c6c <unknown>
FAILED encommon/webkit/test/test_helpers.py::test_helpers_dumps - selenium.common.exceptions.JavascriptException: Message: javascript error: dumps is not defined
  (Session info: chrome=146.0.7680.164)
Stacktrace:
#0 0x560d0d346a6a <unknown>
#1 0x560d0cd55ab5 <unknown>
#2 0x560d0cd5c92b <unknown>
#3 0x560d0cd5f4ab <unknown>
#4 0x560d0cdf18d9 <unknown>
#5 0x560d0cdf07b6 <unknown>
#6 0x560d0cd9bcbf <unknown>
#7 0x560d0cd9ca81 <unknown>
#8 0x560d0d30ca64 <unknown>
#9 0x560d0d30f951 <unknown>
#10 0x560d0d2f921e <unknown>
#11 0x560d0d31051e <unknown>
#12 0x560d0d2dfbe0 <unknown>
#13 0x560d0d3339b8 <unknown>
#14 0x560d0d333b88 <unknown>
#15 0x560d0d3454de <unknown>
#16 0x7f710d89caa4 <unknown>
#17 0x7f710d929c6c <unknown>
FAILED encommon/webkit/test/test_helpers.py::test_helpers_loads - selenium.common.exceptions.JavascriptException: Message: javascript error: loads is not defined
  (Session info: chrome=146.0.7680.164)
Stacktrace:
#0 0x55a08d856a6a <unknown>
#1 0x55a08d265ab5 <unknown>
#2 0x55a08d26c92b <unknown>
#3 0x55a08d26f4ab <unknown>
#4 0x55a08d3018d9 <unknown>
#5 0x55a08d3007b6 <unknown>
#6 0x55a08d2abcbf <unknown>
#7 0x55a08d2aca81 <unknown>
#8 0x55a08d81ca64 <unknown>
#9 0x55a08d81f951 <unknown>
#10 0x55a08d80921e <unknown>
#11 0x55a08d82051e <unknown>
#12 0x55a08d7efbe0 <unknown>
#13 0x55a08d8439b8 <unknown>
#14 0x55a08d843b88 <unknown>
#15 0x55a08d8554de <unknown>
#16 0x7ff033c9caa4 <unknown>
#17 0x7ff033d29c6c <unknown>
FAILED encommon/webkit/test/test_helpers.py::test_helpers_istrue - selenium.common.exceptions.JavascriptException: Message: javascript error: istrue is not defined
  (Session info: chrome=146.0.7680.164)
Stacktrace:
#0 0x5598a3b65a6a <unknown>
#1 0x5598a3574ab5 <unknown>
#2 0x5598a357b92b <unknown>
#3 0x5598a357e4ab <unknown>
#4 0x5598a36108d9 <unknown>
#5 0x5598a360f7b6 <unknown>
#6 0x5598a35bacbf <unknown>
#7 0x5598a35bba81 <unknown>
#8 0x5598a3b2ba64 <unknown>
#9 0x5598a3b2e951 <unknown>
#10 0x5598a3b1821e <unknown>
#11 0x5598a3b2f51e <unknown>
#12 0x5598a3afebe0 <unknown>
#13 0x5598a3b529b8 <unknown>
#14 0x5598a3b52b88 <unknown>
#15 0x5598a3b644de <unknown>
#16 0x7f8f8069caa4 <unknown>
#17 0x7f8f80729c6c <unknown>
FAILED encommon/webkit/test/test_helpers.py::test_helpers_isnode - selenium.common.exceptions.JavascriptException: Message: javascript error: $ is not defined
  (Session info: chrome=146.0.7680.164)
Stacktrace:
#0 0x55c323725a6a <unknown>
#1 0x55c323134ab5 <unknown>
#2 0x55c32313b92b <unknown>
#3 0x55c32313e4ab <unknown>
#4 0x55c3231d08d9 <unknown>
#5 0x55c3231cf7b6 <unknown>
#6 0x55c32317acbf <unknown>
#7 0x55c32317ba81 <unknown>
#8 0x55c3236eba64 <unknown>
#9 0x55c3236ee951 <unknown>
#10 0x55c3236d821e <unknown>
#11 0x55c3236ef51e <unknown>
#12 0x55c3236bebe0 <unknown>
#13 0x55c3237129b8 <unknown>
#14 0x55c323712b88 <unknown>
#15 0x55c3237244de <unknown>
#16 0x7fa356c9caa4 <unknown>
#17 0x7fa356d29c6c <unknown>
======================= 38 failed, 269 passed in 35.82s ========================
