>>> make pytest
  ● Executing pytest in encommon..
============================= test session starts ==============================
platform linux -- Python 3.12.13, pytest-9.0.2, pluggy-1.6.0 -- /home/runner/work/encommon/encommon/main/.venv-package/bin/python3
cachedir: .pytest_cache
metadata: {'Python': '3.12.13', 'Platform': 'Linux-6.17.0-1008-azure-x86_64-with-glibc2.39', 'Packages': {'pytest': '9.0.2', 'pluggy': '1.6.0'}, 'Plugins': {'metadata': '3.1.1', 'randomly': '4.0.1', 'variables': '3.1.0', 'clarity': '1.0.1', 'cov': '7.1.0', 'xdist': '3.8.0', 'html': '4.2.0', 'base-url': '2.1.0', 'selenium': '4.1.0', 'sphinx': '0.7.1', 'mypy': '1.0.1'}, 'CI': 'true', 'JAVA_HOME': '/usr/lib/jvm/temurin-17-jdk-amd64', 'Base URL': '', 'Driver': None, 'Capabilities': {}}
Using --randomly-seed=26825255
sensitiveurl: .*
rootdir: /home/runner/work/encommon/encommon/main
configfile: pyproject.toml
plugins: metadata-3.1.1, randomly-4.0.1, variables-3.1.0, clarity-1.0.1, cov-7.1.0, xdist-3.8.0, html-4.2.0, base-url-2.1.0, selenium-4.1.0, sphinx-0.7.1, mypy-1.0.1
created: 4/4 workers
4 workers [307 items]

scheduling tests via LoadScheduling

encommon/times/parse.py::encommon.times.parse.string_time 
encommon/types/test/test_funcs.py::test_funcname 
encommon/times/test/test_parse.py::test_shift_time[-1d-expect19] 
encommon/webkit/test/test_tagues.py::test_tagues 
[gw2] [  0%] PASSED encommon/times/test/test_parse.py::test_shift_time[-1d-expect19] 
[gw0] [  0%] PASSED encommon/types/test/test_funcs.py::test_funcname 
encommon/times/test/test_parse.py::test_shift_time[-1mon@m-expect9] 
[gw3] [  0%] PASSED encommon/times/parse.py::encommon.times.parse.string_time 
encommon/webkit/test/test_numeric.py::test_numeric 
encommon/times/parse.py::encommon.times.parse.since_time 
[gw2] [  1%] PASSED encommon/times/test/test_parse.py::test_shift_time[-1mon@m-expect9] 
[gw3] [  1%] PASSED encommon/times/parse.py::encommon.times.parse.since_time 
encommon/times/parse.py::encommon.times.parse.parse_time 
encommon/times/test/test_parse.py::test_since_time 
[gw3] [  1%] PASSED encommon/times/parse.py::encommon.times.parse.parse_time 
encommon/times/duration.py::encommon.times.duration.Duration 
[gw2] [  2%] PASSED encommon/times/test/test_parse.py::test_since_time 
encommon/times/test/test_parse.py::test_parse_time 
[gw3] [  2%] PASSED encommon/times/duration.py::encommon.times.duration.Duration 
encommon/times/parse.py::encommon.times.parse.shift_time 
[gw3] [  2%] PASSED encommon/times/parse.py::encommon.times.parse.shift_time 
encommon/types/notate.py::encommon.types.notate.expate 
[gw3] [  3%] PASSED encommon/types/notate.py::encommon.types.notate.expate 
encommon/types/dicts.py::encommon.types.dicts.sort_dict 
[gw2] [  3%] PASSED encommon/times/test/test_parse.py::test_parse_time 
encommon/times/test/test_parse.py::test_shift_time[+1y-expect0] 
[gw3] [  3%] PASSED encommon/types/dicts.py::encommon.types.dicts.sort_dict 
encommon/types/strings.py::encommon.types.strings.hasstr 
[gw2] [  4%] PASSED encommon/times/test/test_parse.py::test_shift_time[+1y-expect0] 
encommon/times/test/test_parse.py::test_shift_time[+1w@h+1w-expect16] 
[gw3] [  4%] PASSED encommon/types/strings.py::encommon.types.strings.hasstr 
encommon/types/strings.py::encommon.types.strings.strplwr 
[gw2] [  4%] PASSED encommon/times/test/test_parse.py::test_shift_time[+1w@h+1w-expect16] 
encommon/times/test/test_parse.py::test_shift_time[-1mon-expect7] 
[gw3] [  5%] PASSED encommon/types/strings.py::encommon.types.strings.strplwr 
encommon/types/lists.py::encommon.types.lists.fuzzy_list 
[gw2] [  5%] PASSED encommon/times/test/test_parse.py::test_shift_time[-1mon-expect7] 
encommon/times/test/test_parse.py::test_shift_time[+1mon@m-expect8] 
[gw2] [  5%] PASSED encommon/times/test/test_parse.py::test_shift_time[+1mon@m-expect8] 
encommon/times/test/test_parse.py::test_shift_time[+1w-expect12] 
[gw3] [  6%] PASSED encommon/types/lists.py::encommon.types.lists.fuzzy_list 
[gw2] [  6%] PASSED encommon/times/test/test_parse.py::test_shift_time[+1w-expect12] 
encommon/times/window.py::encommon.times.window.Window 
encommon/types/test/test_lists.py::test_inlist 
[gw2] [  6%] PASSED encommon/types/test/test_lists.py::test_inlist 
encommon/types/test/test_lists.py::test_dedup_list 
[gw2] [  7%] PASSED encommon/types/test/test_lists.py::test_dedup_list 
encommon/types/test/test_lists.py::test_fuzzy_list 
[gw2] [  7%] PASSED encommon/types/test/test_lists.py::test_fuzzy_list 
encommon/colors/color.py::encommon.colors.color.Color 
[gw2] [  7%] PASSED encommon/colors/color.py::encommon.colors.color.Color 
[gw3] [  8%] PASSED encommon/times/window.py::encommon.times.window.Window 
encommon/config/config.py::encommon.config.config.Config 
encommon/types/notate.py::encommon.types.notate.getate 
[gw3] [  8%] PASSED encommon/types/notate.py::encommon.types.notate.getate 
encommon/times/utils.py::encommon.times.utils.strftime 
[gw3] [  8%] PASSED encommon/times/utils.py::encommon.times.utils.strftime 
encommon/types/lists.py::encommon.types.lists.dedup_list 
[gw2] [  9%] PASSED encommon/config/config.py::encommon.config.config.Config 
[gw3] [  9%] PASSED encommon/types/lists.py::encommon.types.lists.dedup_list 
encommon/config/logger.py::encommon.config.logger.Logger 
encommon/times/time.py::encommon.times.time.Time 
[gw2] [  9%] PASSED encommon/config/logger.py::encommon.config.logger.Logger 
encommon/config/logger.py::encommon.config.logger.Message 
[gw2] [ 10%] PASSED encommon/config/logger.py::encommon.config.logger.Message 
encommon/crypts/hashes.py::encommon.crypts.hashes.Hashes 
[gw3] [ 10%] PASSED encommon/times/time.py::encommon.times.time.Time 
encommon/types/notate.py::encommon.types.notate.delate 
[gw2] [ 10%] PASSED encommon/crypts/hashes.py::encommon.crypts.hashes.Hashes 
encommon/crypts/crypts.py::encommon.crypts.crypts.Crypts 
[gw3] [ 11%] PASSED encommon/types/notate.py::encommon.types.notate.delate 
encommon/types/strings.py::encommon.types.strings.instr 
[gw3] [ 11%] PASSED encommon/types/strings.py::encommon.types.strings.instr 
encommon/times/utils.py::encommon.times.utils.findtz 
[gw2] [ 11%] PASSED encommon/crypts/crypts.py::encommon.crypts.crypts.Crypts 
[gw3] [ 12%] PASSED encommon/times/utils.py::encommon.times.utils.findtz 
encommon/parse/jinja2.py::encommon.parse.jinja2.Jinja2 
encommon/types/dicts.py::encommon.types.dicts.merge_dicts 
[gw3] [ 12%] PASSED encommon/types/dicts.py::encommon.types.dicts.merge_dicts 
encommon/times/timers.py::encommon.times.timers.Timers 
[gw2] [ 12%] PASSED encommon/parse/jinja2.py::encommon.parse.jinja2.Jinja2 
encommon/utils/stdout.py::encommon.utils.stdout.array_ansi 
[gw2] [ 13%] PASSED encommon/utils/stdout.py::encommon.utils.stdout.array_ansi 
encommon/utils/files.py::encommon.utils.files.append_text 
[gw2] [ 13%] PASSED encommon/utils/files.py::encommon.utils.files.append_text 
encommon/utils/paths.py::encommon.utils.paths.resolve_path 
[gw2] [ 13%] PASSED encommon/utils/paths.py::encommon.utils.paths.resolve_path 
encommon/utils/files.py::encommon.utils.files.save_text 
[gw2] [ 14%] PASSED encommon/utils/files.py::encommon.utils.files.save_text 
encommon/utils/match.py::encommon.utils.match.fuzz_match 
[gw2] [ 14%] PASSED encommon/utils/match.py::encommon.utils.match.fuzz_match 
encommon/utils/stdout.py::encommon.utils.stdout.kvpair_ansi 
[gw2] [ 14%] PASSED encommon/utils/stdout.py::encommon.utils.stdout.kvpair_ansi 
encommon/utils/files.py::encommon.utils.files.read_text 
[gw2] [ 14%] PASSED encommon/utils/files.py::encommon.utils.files.read_text 
encommon/utils/paths.py::encommon.utils.paths.stats_path 
[gw2] [ 15%] PASSED encommon/utils/paths.py::encommon.utils.paths.stats_path 
encommon/utils/match.py::encommon.utils.match.rgxp_match 
[gw2] [ 15%] PASSED encommon/utils/match.py::encommon.utils.match.rgxp_match 
encommon/utils/sample.py::encommon.utils.sample.load_sample 
[gw2] [ 15%] PASSED encommon/utils/sample.py::encommon.utils.sample.load_sample 
encommon/utils/paths.py::encommon.utils.paths.resolve_paths 
[gw2] [ 16%] PASSED encommon/utils/paths.py::encommon.utils.paths.resolve_paths 
encommon/utils/stdout.py::encommon.utils.stdout.print_ansi 
[gw2] [ 16%] PASSED encommon/utils/stdout.py::encommon.utils.stdout.print_ansi 
encommon/webkit/test/test_duration.py::test_duration 
[gw3] [ 16%] PASSED encommon/times/timers.py::encommon.times.timers.Timers 
encommon/types/empty.py::encommon.types.empty.EmptyType 
[gw3] [ 17%] PASSED encommon/types/empty.py::encommon.types.empty.EmptyType 
encommon/types/lists.py::encommon.types.lists.inlist 
[gw3] [ 17%] PASSED encommon/types/lists.py::encommon.types.lists.inlist 
encommon/times/utils.py::encommon.times.utils.utcdatetime 
[gw3] [ 17%] PASSED encommon/times/utils.py::encommon.times.utils.utcdatetime 
encommon/times/timer.py::encommon.times.timer.Timer 
[gw3] [ 18%] PASSED encommon/times/timer.py::encommon.times.timer.Timer 
encommon/types/strings.py::encommon.types.strings.inrepr 
[gw3] [ 18%] PASSED encommon/types/strings.py::encommon.types.strings.inrepr 
encommon/times/utils.py::encommon.times.utils.strptime 
[gw3] [ 18%] PASSED encommon/times/utils.py::encommon.times.utils.strptime 
encommon/types/strings.py::encommon.types.strings.rplstr 
[gw3] [ 19%] PASSED encommon/types/strings.py::encommon.types.strings.rplstr 
encommon/times/windows.py::encommon.times.windows.Windows 
[gw3] [ 19%] PASSED encommon/times/windows.py::encommon.times.windows.Windows 
encommon/types/notate.py::encommon.types.notate.impate 
[gw3] [ 19%] PASSED encommon/types/notate.py::encommon.types.notate.impate 
encommon/types/notate.py::encommon.types.notate.setate 
[gw3] [ 20%] PASSED encommon/types/notate.py::encommon.types.notate.setate 
encommon/times/unitime.py::encommon.times.unitime.unitime 
[gw3] [ 20%] PASSED encommon/times/unitime.py::encommon.times.unitime.unitime 
encommon/utils/stdout.py::encommon.utils.stdout.strip_ansi 
[gw3] [ 20%] PASSED encommon/utils/stdout.py::encommon.utils.stdout.strip_ansi 
encommon/utils/stdout.py::encommon.utils.stdout.make_ansi 
[gw3] [ 21%] PASSED encommon/utils/stdout.py::encommon.utils.stdout.make_ansi 
encommon/utils/sample.py::encommon.utils.sample.prep_sample 
[gw3] [ 21%] PASSED encommon/utils/sample.py::encommon.utils.sample.prep_sample 
encommon/types/test/test_notate.py::test_expate 
[gw3] [ 21%] PASSED encommon/types/test/test_notate.py::test_expate 
encommon/types/test/test_notate.py::test_expate_cover 
[gw3] [ 22%] PASSED encommon/types/test/test_notate.py::test_expate_cover 
encommon/types/test/test_notate.py::test_getate 
[gw3] [ 22%] PASSED encommon/types/test/test_notate.py::test_getate 
encommon/types/test/test_notate.py::test_delate 
[gw3] [ 22%] PASSED encommon/types/test/test_notate.py::test_delate 
encommon/types/test/test_notate.py::test_setate_raises 
[gw3] [ 23%] PASSED encommon/types/test/test_notate.py::test_setate_raises 
encommon/types/test/test_notate.py::test_impate_raises 
[gw3] [ 23%] PASSED encommon/types/test/test_notate.py::test_impate_raises 
encommon/webkit/test/test_image.py::test_image 
[gw1] [ 23%] FAILED encommon/webkit/test/test_tagues.py::test_tagues 
[gw2] [ 24%] FAILED encommon/webkit/test/test_duration.py::test_duration 
[gw0] [ 24%] FAILED encommon/webkit/test/test_numeric.py::test_numeric 
[gw3] [ 24%] FAILED encommon/webkit/test/test_image.py::test_image 
encommon/webkit/test/test_numeric.py::test_numeric_count 
encommon/config/test/test_utils.py::test_config_paths 
encommon/times/test/test_parse.py::test_shift_time[-1w@h-1w-expect17] 
encommon/parse/test/test_network.py::test_insubnet_ip 
[gw3] [ 25%] PASSED encommon/config/test/test_utils.py::test_config_paths 
encommon/config/test/test_utils.py::test_config_load 
[gw2] [ 25%] PASSED encommon/parse/test/test_network.py::test_insubnet_ip 
[gw1] [ 25%] PASSED encommon/times/test/test_parse.py::test_shift_time[-1w@h-1w-expect17] 
encommon/parse/test/test_network.py::test_Network 
encommon/times/test/test_parse.py::test_shift_time[-1d@d-expect21] 
[gw2] [ 26%] PASSED encommon/parse/test/test_network.py::test_Network 
[gw1] [ 26%] PASSED encommon/times/test/test_parse.py::test_shift_time[-1d@d-expect21] 
encommon/parse/test/test_network.py::test_Network_ipv6 
encommon/times/test/test_parse.py::test_shift_time[-1y@s-1h-expect5] 
[gw2] [ 26%] PASSED encommon/parse/test/test_network.py::test_Network_ipv6 
[gw1] [ 27%] PASSED encommon/times/test/test_parse.py::test_shift_time[-1y@s-1h-expect5] 
encommon/parse/test/test_network.py::test_isvalid_ip 
[gw3] [ 27%] PASSED encommon/config/test/test_utils.py::test_config_load 
[gw2] [ 27%] PASSED encommon/parse/test/test_network.py::test_isvalid_ip 
encommon/parse/test/test_network.py::test_Network_ipv4 
encommon/times/test/test_parse.py::test_shift_time[+1d@d+30d-expect22] 
encommon/config/test/test_utils.py::test_config_path 
[gw2] [ 28%] PASSED encommon/parse/test/test_network.py::test_Network_ipv4 
[gw3] [ 28%] PASSED encommon/config/test/test_utils.py::test_config_path 
[gw1] [ 28%] PASSED encommon/times/test/test_parse.py::test_shift_time[+1d@d+30d-expect22] 
encommon/types/test/test_dicts.py::test_merge_dicts 
encommon/crypts/test/test_crypts.py::test_Crypts 
[gw2] [ 28%] PASSED encommon/crypts/test/test_crypts.py::test_Crypts 
encommon/crypts/test/test_crypts.py::test_Crypts_iterate[foo-default] 
encommon/times/test/test_parse.py::test_shift_time[+1mon-expect6] 
[gw3] [ 29%] PASSED encommon/types/test/test_dicts.py::test_merge_dicts 
encommon/types/test/test_dicts.py::test_sort_dict 
[gw1] [ 29%] PASSED encommon/times/test/test_parse.py::test_shift_time[+1mon-expect6] 
[gw2] [ 29%] PASSED encommon/crypts/test/test_crypts.py::test_Crypts_iterate[foo-default] 
[gw3] [ 30%] PASSED encommon/types/test/test_dicts.py::test_sort_dict 
encommon/times/test/test_parse.py::test_shift_time[+1d-expect18] 
encommon/crypts/test/test_crypts.py::test_Crypts_iterate[foo-secrets] 
encommon/webkit/test/test_helpers.py::test_helpers_isbool 
[gw1] [ 30%] PASSED encommon/times/test/test_parse.py::test_shift_time[+1d-expect18] 
[gw2] [ 30%] PASSED encommon/crypts/test/test_crypts.py::test_Crypts_iterate[foo-secrets] 
encommon/crypts/test/test_crypts.py::test_Crypts_raises 
encommon/times/test/test_parse.py::test_shift_time[+1mon@m+1mon-expect10] 
[gw2] [ 31%] PASSED encommon/crypts/test/test_crypts.py::test_Crypts_raises 
encommon/crypts/test/test_crypts.py::test_Crypts_cover 
[gw1] [ 31%] PASSED encommon/times/test/test_parse.py::test_shift_time[+1mon@m+1mon-expect10] 
[gw2] [ 31%] PASSED encommon/crypts/test/test_crypts.py::test_Crypts_cover 
encommon/times/test/test_parse.py::test_shift_time[+1d@d-expect20] 
encommon/types/test/test_notate.py::test_delate_raises 
[gw1] [ 32%] PASSED encommon/times/test/test_parse.py::test_shift_time[+1d@d-expect20] 
encommon/times/test/test_parse.py::test_string_time 
[gw2] [ 32%] PASSED encommon/types/test/test_notate.py::test_delate_raises 
encommon/types/test/test_notate.py::test_impate_cover 
[gw2] [ 32%] PASSED encommon/types/test/test_notate.py::test_impate_cover 
encommon/types/test/test_notate.py::test_impate 
[gw2] [ 33%] PASSED encommon/types/test/test_notate.py::test_impate 
encommon/types/test/test_notate.py::test_getate_cover 
[gw2] [ 33%] PASSED encommon/types/test/test_notate.py::test_getate_cover 
[gw1] [ 33%] PASSED encommon/times/test/test_parse.py::test_string_time 
encommon/types/test/test_notate.py::test_setate_cover 
encommon/times/test/test_parse.py::test_shift_time[-1y-expect1] 
[gw2] [ 34%] PASSED encommon/types/test/test_notate.py::test_setate_cover 
encommon/types/test/test_notate.py::test_setate 
[gw1] [ 34%] PASSED encommon/times/test/test_parse.py::test_shift_time[-1y-expect1] 
encommon/times/test/test_parse.py::test_shift_time[+1y@s+1h-expect4] 
[gw2] [ 34%] PASSED encommon/types/test/test_notate.py::test_setate 
[gw1] [ 35%] PASSED encommon/times/test/test_parse.py::test_shift_time[+1y@s+1h-expect4] 
encommon/webkit/test/test_helpers.py::test_helpers_assert 
encommon/times/test/test_parse.py::test_shift_time[-1w-expect13] 
[gw1] [ 35%] PASSED encommon/times/test/test_parse.py::test_shift_time[-1w-expect13] 
encommon/times/test/test_parse.py::test_shift_time[+1w@h-expect14] 
[gw1] [ 35%] PASSED encommon/times/test/test_parse.py::test_shift_time[+1w@h-expect14] 
encommon/times/test/test_parse.py::test_shift_time[-1w@h-expect15] 
[gw1] [ 36%] PASSED encommon/times/test/test_parse.py::test_shift_time[-1w@h-expect15] 
encommon/times/test/test_parse.py::test_shift_time[-1y@s-expect3] 
[gw1] [ 36%] PASSED encommon/times/test/test_parse.py::test_shift_time[-1y@s-expect3] 
encommon/times/test/test_parse.py::test_shift_time[-1d@d-30d-expect23] 
[gw1] [ 36%] PASSED encommon/times/test/test_parse.py::test_shift_time[-1d@d-30d-expect23] 
encommon/times/test/test_parse.py::test_shift_time[-1mon@m-1mon-expect11] 
[gw1] [ 37%] PASSED encommon/times/test/test_parse.py::test_shift_time[-1mon@m-1mon-expect11] 
encommon/times/test/test_parse.py::test_shift_time[+1y@s-expect2] 
[gw1] [ 37%] PASSED encommon/times/test/test_parse.py::test_shift_time[+1y@s-expect2] 
encommon/utils/test/test_stdout.py::test_strip_ansi 
[gw1] [ 37%] PASSED encommon/utils/test/test_stdout.py::test_strip_ansi 
encommon/utils/test/test_stdout.py::test_array_ansi 
[gw1] [ 38%] PASSED encommon/utils/test/test_stdout.py::test_array_ansi 
encommon/utils/test/test_stdout.py::test_make_ansi 
[gw1] [ 38%] PASSED encommon/utils/test/test_stdout.py::test_make_ansi 
encommon/utils/test/test_stdout.py::test_kvpair_ansi 
[gw1] [ 38%] PASSED encommon/utils/test/test_stdout.py::test_kvpair_ansi 
encommon/utils/test/test_stdout.py::test_print_ansi 
[gw1] [ 39%] PASSED encommon/utils/test/test_stdout.py::test_print_ansi 
encommon/config/test/test_logger.py::test_Logger_cover 
[gw1] [ 39%] PASSED encommon/config/test/test_logger.py::test_Logger_cover 
encommon/config/test/test_logger.py::test_Logger 
[gw1] [ 39%] PASSED encommon/config/test/test_logger.py::test_Logger 
encommon/config/test/test_logger.py::test_Message 
[gw1] [ 40%] PASSED encommon/config/test/test_logger.py::test_Message 
encommon/times/test/test_duration.py::test_Duration 
[gw1] [ 40%] PASSED encommon/times/test/test_duration.py::test_Duration 
encommon/times/test/test_duration.py::test_Duration_iterate 
[gw1] [ 40%] PASSED encommon/times/test/test_duration.py::test_Duration_iterate 
encommon/times/test/test_duration.py::test_Duration_cover 
[gw1] [ 41%] PASSED encommon/times/test/test_duration.py::test_Duration_cover 
encommon/webkit/test/test_content.py::test_Content_cover 
[gw1] [ 41%] PASSED encommon/webkit/test/test_content.py::test_Content_cover 
encommon/webkit/test/test_content.py::test_Content 
[gw1] [ 41%] PASSED encommon/webkit/test/test_content.py::test_Content 
encommon/times/test/test_unitime.py::test_unitime 
[gw1] [ 42%] PASSED encommon/times/test/test_unitime.py::test_unitime 
encommon/utils/test/test_sample.py::test_load_sample 
[gw1] [ 42%] PASSED encommon/utils/test/test_sample.py::test_load_sample 
encommon/utils/test/test_sample.py::test_read_sample 
[gw1] [ 42%] PASSED encommon/utils/test/test_sample.py::test_read_sample 
encommon/utils/test/test_sample.py::test_prep_sample 
[gw1] [ 42%] PASSED encommon/utils/test/test_sample.py::test_prep_sample 
encommon/utils/test/test_sample.py::test_rvrt_sample 
[gw1] [ 43%] PASSED encommon/utils/test/test_sample.py::test_rvrt_sample 
encommon/config/test/test_paths.py::test_ConfigPath 
[gw1] [ 43%] PASSED encommon/config/test/test_paths.py::test_ConfigPath 
encommon/config/test/test_paths.py::test_ConfigPaths_cover 
[gw1] [ 43%] PASSED encommon/config/test/test_paths.py::test_ConfigPaths_cover 
encommon/config/test/test_paths.py::test_ConfigPaths 
[gw1] [ 44%] PASSED encommon/config/test/test_paths.py::test_ConfigPaths 
encommon/times/test/test_window.py::test_Window_cover 
[gw0] [ 44%] FAILED encommon/webkit/test/test_numeric.py::test_numeric_count 
[gw3] [ 44%] FAILED encommon/webkit/test/test_helpers.py::test_helpers_isbool 
encommon/webkit/test/test_numeric.py::test_numeric_bytes 
[gw2] [ 45%] FAILED encommon/webkit/test/test_helpers.py::test_helpers_assert 
encommon/webkit/test/test_helpers.py::test_helpers_islist 
encommon/webkit/test/test_helpers.py::test_helpers_isstr 
[gw0] [ 45%] FAILED encommon/webkit/test/test_numeric.py::test_numeric_bytes 
[gw3] [ 45%] FAILED encommon/webkit/test/test_helpers.py::test_helpers_islist 
encommon/times/test/test_time.py::test_Time_tzname 
[gw0] [ 46%] PASSED encommon/times/test/test_time.py::test_Time_tzname 
encommon/times/test/test_time.py::test_Time 
[gw2] [ 46%] FAILED encommon/webkit/test/test_helpers.py::test_helpers_isstr 
encommon/webkit/test/test_helpers.py::test_helpers_loads 
encommon/times/test/test_windows.py::test_Windows_cover 
[gw3] [ 46%] FAILED encommon/webkit/test/test_helpers.py::test_helpers_loads 
encommon/webkit/test/test_helpers.py::test_helpers_dumps 
[gw0] [ 47%] PASSED encommon/times/test/test_time.py::test_Time 
encommon/types/test/test_classes.py::test_BaseModel 
[gw0] [ 47%] PASSED encommon/types/test/test_classes.py::test_BaseModel 
encommon/types/test/test_classes.py::test_clsname 
[gw0] [ 47%] PASSED encommon/types/test/test_classes.py::test_clsname 
encommon/types/test/test_classes.py::test_lattrs 
[gw0] [ 48%] PASSED encommon/types/test/test_classes.py::test_lattrs 
encommon/types/test/test_empty.py::test_EmptyType 
[gw0] [ 48%] PASSED encommon/types/test/test_empty.py::test_EmptyType 
encommon/crypts/test/test_hashes.py::test_Hashes 
[gw0] [ 48%] PASSED encommon/crypts/test/test_hashes.py::test_Hashes 
encommon/utils/test/test_match.py::test_rgxp_match 
[gw0] [ 49%] PASSED encommon/utils/test/test_match.py::test_rgxp_match 
encommon/utils/test/test_match.py::test_fuzz_match 
[gw0] [ 49%] PASSED encommon/utils/test/test_match.py::test_fuzz_match 
encommon/config/test/test_files.py::test_ConfigFiles_cover 
[gw0] [ 49%] PASSED encommon/config/test/test_files.py::test_ConfigFiles_cover 
encommon/config/test/test_files.py::test_ConfigFile 
[gw0] [ 50%] PASSED encommon/config/test/test_files.py::test_ConfigFile 
encommon/config/test/test_files.py::test_ConfigFiles 
[gw0] [ 50%] PASSED encommon/config/test/test_files.py::test_ConfigFiles 
encommon/webkit/test/test_datetime.py::test_datestamp 
[gw3] [ 50%] FAILED encommon/webkit/test/test_helpers.py::test_helpers_dumps 
encommon/webkit/test/test_helpers.py::test_helpers_istime 
[gw0] [ 51%] FAILED encommon/webkit/test/test_datetime.py::test_datestamp 
encommon/utils/test/test_files.py::test_readsave_text 
[gw0] [ 51%] PASSED encommon/utils/test/test_files.py::test_readsave_text 
encommon/utils/test/test_files.py::test_append_text 
[gw0] [ 51%] PASSED encommon/utils/test/test_files.py::test_append_text 
encommon/times/test/test_window.py::test_window_croniter[* * * * *-3559-False-expect4] 
[gw0] [ 52%] PASSED encommon/times/test/test_window.py::test_window_croniter[* * * * *-3559-False-expect4] 
encommon/times/test/test_window.py::test_window_interval[window6-3660-False-expect6] 
[gw0] [ 52%] PASSED encommon/times/test/test_window.py::test_window_interval[window6-3660-False-expect6] 
encommon/times/test/test_window.py::test_Window 
[gw0] [ 52%] PASSED encommon/times/test/test_window.py::test_Window 
encommon/times/test/test_window.py::test_window_croniter[0 * * * *-3661-False-expect10] 
[gw0] [ 53%] PASSED encommon/times/test/test_window.py::test_window_croniter[0 * * * *-3661-False-expect10] 
encommon/times/test/test_window.py::test_window_interval[window3-1-True-expect3] 
[gw0] [ 53%] PASSED encommon/times/test/test_window.py::test_window_interval[window3-1-True-expect3] 
encommon/times/test/test_window.py::test_window_croniter[* * * * *-1-True-expect3] 
[gw0] [ 53%] PASSED encommon/times/test/test_window.py::test_window_croniter[* * * * *-1-True-expect3] 
encommon/times/test/test_window.py::test_window_croniter[0 * * * *-3660-False-expect9] 
[gw0] [ 54%] PASSED encommon/times/test/test_window.py::test_window_croniter[0 * * * *-3660-False-expect9] 
encommon/times/test/test_window.py::test_window_interval[window7-3661-False-expect7] 
[gw0] [ 54%] PASSED encommon/times/test/test_window.py::test_window_interval[window7-3661-False-expect7] 
encommon/times/test/test_window.py::test_window_interval[window8-3559-False-expect8] 
[gw0] [ 54%] PASSED encommon/times/test/test_window.py::test_window_interval[window8-3559-False-expect8] 
encommon/times/test/test_window.py::test_window_interval[window5-3659-False-expect5] 
[gw0] [ 55%] PASSED encommon/times/test/test_window.py::test_window_interval[window5-3659-False-expect5] 
encommon/times/test/test_window.py::test_window_interval[window9-3660-False-expect9] 
[gw0] [ 55%] PASSED encommon/times/test/test_window.py::test_window_interval[window9-3660-False-expect9] 
encommon/times/test/test_window.py::test_window_croniter[* * * * *-1-False-expect1] 
[gw0] [ 55%] PASSED encommon/times/test/test_window.py::test_window_croniter[* * * * *-1-False-expect1] 
encommon/times/test/test_window.py::test_window_croniter[* * * * *-3661-False-expect7] 
[gw0] [ 56%] PASSED encommon/times/test/test_window.py::test_window_croniter[* * * * *-3661-False-expect7] 
encommon/times/test/test_window.py::test_window_croniter[* * * * *-3659-False-expect5] 
[gw0] [ 56%] PASSED encommon/times/test/test_window.py::test_window_croniter[* * * * *-3659-False-expect5] 
encommon/times/test/test_window.py::test_window_croniter[* * * * *-0-True-expect2] 
[gw0] [ 56%] PASSED encommon/times/test/test_window.py::test_window_croniter[* * * * *-0-True-expect2] 
encommon/times/test/test_window.py::test_window_interval[window4-3559-False-expect4] 
[gw0] [ 57%] PASSED encommon/times/test/test_window.py::test_window_interval[window4-3559-False-expect4] 
encommon/times/test/test_params.py::test_WindowParams 
[gw0] [ 57%] PASSED encommon/times/test/test_params.py::test_WindowParams 
encommon/times/test/test_params.py::test_TimerParams 
[gw0] [ 57%] PASSED encommon/times/test/test_params.py::test_TimerParams 
encommon/webkit/test/test_default.py::test_default_create 
[gw3] [ 57%] FAILED encommon/webkit/test/test_helpers.py::test_helpers_istime 
encommon/webkit/test/test_helpers.py::test_helpers_isempty 
[gw2] [ 58%] PASSED encommon/times/test/test_windows.py::test_Windows_cover 
encommon/times/test/test_windows.py::test_Windows 
[gw2] [ 58%] PASSED encommon/times/test/test_windows.py::test_Windows 
encommon/times/test/test_windows.py::test_Windows_raises 
[gw2] [ 58%] PASSED encommon/times/test/test_windows.py::test_Windows_raises 
encommon/types/test/test_strings.py::test_instr 
[gw2] [ 59%] PASSED encommon/types/test/test_strings.py::test_instr 
encommon/types/test/test_strings.py::test_hasstr 
[gw2] [ 59%] PASSED encommon/types/test/test_strings.py::test_hasstr 
encommon/types/test/test_strings.py::test_rplstr 
[gw2] [ 59%] PASSED encommon/types/test/test_strings.py::test_rplstr 
encommon/types/test/test_strings.py::test_strplwr 
[gw2] [ 60%] PASSED encommon/types/test/test_strings.py::test_strplwr 
encommon/types/test/test_strings.py::test_inrepr 
[gw2] [ 60%] PASSED encommon/types/test/test_strings.py::test_inrepr 
encommon/utils/test/test_stdout.py::test_array_ansi_cover 
[gw2] [ 60%] PASSED encommon/utils/test/test_stdout.py::test_array_ansi_cover 
encommon/webkit/test/test_default.py::test_default_append 
[gw0] [ 61%] FAILED encommon/webkit/test/test_default.py::test_default_create 
encommon/webkit/test/test_default.py::test_default_showhide 
[gw1] [ 61%] PASSED encommon/times/test/test_window.py::test_Window_cover 
encommon/times/test/test_window.py::test_window_croniter[0 * * * *-3559-False-expect8] 
[gw1] [ 61%] PASSED encommon/times/test/test_window.py::test_window_croniter[0 * * * *-3559-False-expect8] 
encommon/times/test/test_window.py::test_window_croniter[* * * * *-0-False-expect0] 
[gw1] [ 62%] PASSED encommon/times/test/test_window.py::test_window_croniter[* * * * *-0-False-expect0] 
encommon/times/test/test_window.py::test_window_interval[window1-1-False-expect1] 
[gw1] [ 62%] PASSED encommon/times/test/test_window.py::test_window_interval[window1-1-False-expect1] 
encommon/times/test/test_window.py::test_window_croniter[* * * * *-3660-False-expect6] 
[gw1] [ 62%] PASSED encommon/times/test/test_window.py::test_window_croniter[* * * * *-3660-False-expect6] 
encommon/times/test/test_window.py::test_window_interval[window0-0-False-expect0] 
[gw1] [ 63%] PASSED encommon/times/test/test_window.py::test_window_interval[window0-0-False-expect0] 
encommon/times/test/test_window.py::test_window_interval[window10-3661-False-expect10] 
[gw1] [ 63%] PASSED encommon/times/test/test_window.py::test_window_interval[window10-3661-False-expect10] 
encommon/times/test/test_window.py::test_window_interval[window2-0-True-expect2] 
[gw1] [ 63%] PASSED encommon/times/test/test_window.py::test_window_interval[window2-0-True-expect2] 
encommon/utils/test/test_paths.py::test_resolve_path 
[gw3] [ 64%] FAILED encommon/webkit/test/test_helpers.py::test_helpers_isempty 
[gw1] [ 64%] PASSED encommon/utils/test/test_paths.py::test_resolve_path 
encommon/times/test/test_utils.py::test_findtz_raises 
encommon/webkit/test/test_helpers.py::test_helpers_isnum 
[gw2] [ 64%] FAILED encommon/webkit/test/test_default.py::test_default_append 
encommon/webkit/test/test_default.py::test_default_prop 
[gw0] [ 65%] FAILED encommon/webkit/test/test_default.py::test_default_showhide 
encommon/webkit/test/test_default.py::test_default_replace 
[gw3] [ 65%] FAILED encommon/webkit/test/test_helpers.py::test_helpers_isnum 
encommon/webkit/test/test_helpers.py::test_helpers_isquery 
[gw1] [ 65%] PASSED encommon/times/test/test_utils.py::test_findtz_raises 
encommon/times/test/test_utils.py::test_findtz 
[gw1] [ 66%] PASSED encommon/times/test/test_utils.py::test_findtz 
encommon/times/test/test_utils.py::test_strptime_raises 
[gw1] [ 66%] PASSED encommon/times/test/test_utils.py::test_strptime_raises 
encommon/times/test/test_utils.py::test_utcdatetime 
[gw1] [ 66%] PASSED encommon/times/test/test_utils.py::test_utcdatetime 
encommon/times/test/test_utils.py::test_strptime 
[gw1] [ 67%] PASSED encommon/times/test/test_utils.py::test_strptime 
encommon/parse/test/test_jinja2.py::test_Jinja2_parse[{{ 0 | Time }}-1970-01-01T00:00:00.000000+0000] 
[gw1] [ 67%] PASSED encommon/parse/test/test_jinja2.py::test_Jinja2_parse[{{ 0 | Time }}-1970-01-01T00:00:00.000000+0000] 
encommon/parse/test/test_jinja2.py::test_Jinja2_parse[01-01] 
[gw1] [ 67%] PASSED encommon/parse/test/test_jinja2.py::test_Jinja2_parse[01-01] 
encommon/parse/test/test_jinja2.py::test_Jinja2_parse[{{ "1" | int }}-1] 
[gw1] [ 68%] PASSED encommon/parse/test/test_jinja2.py::test_Jinja2_parse[{{ "1" | int }}-1] 
encommon/parse/test/test_jinja2.py::test_Jinja2_parse[{{ 1 }}-1] 
[gw1] [ 68%] PASSED encommon/parse/test/test_jinja2.py::test_Jinja2_parse[{{ 1 }}-1] 
encommon/parse/test/test_jinja2.py::test_Jinja2_cover 
[gw1] [ 68%] PASSED encommon/parse/test/test_jinja2.py::test_Jinja2_cover 
encommon/parse/test/test_jinja2.py::test_Jinja2 
[gw1] [ 69%] PASSED encommon/parse/test/test_jinja2.py::test_Jinja2 
encommon/parse/test/test_jinja2.py::test_Jinja2_parse[{{ "01" }}-01] 
[gw1] [ 69%] PASSED encommon/parse/test/test_jinja2.py::test_Jinja2_parse[{{ "01" }}-01] 
encommon/parse/test/test_jinja2.py::test_Jinja2_parse[[1, 2]-expect15] 
[gw1] [ 69%] PASSED encommon/parse/test/test_jinja2.py::test_Jinja2_parse[[1, 2]-expect15] 
encommon/parse/test/test_jinja2.py::test_Jinja2_parse[1.0.0-1.0.0] 
[gw2] [ 70%] FAILED encommon/webkit/test/test_default.py::test_default_prop 
[gw1] [ 70%] PASSED encommon/parse/test/test_jinja2.py::test_Jinja2_parse[1.0.0-1.0.0] 
encommon/parse/test/test_jinja2.py::test_Jinja2_parse[{'a': 'b'}-expect5] 
[gw1] [ 70%] PASSED encommon/parse/test/test_jinja2.py::test_Jinja2_parse[{'a': 'b'}-expect5] 
encommon/parse/test/test_jinja2.py::test_Jinja2_parse[100000-100000_1] 
[gw1] [ 71%] PASSED encommon/parse/test/test_jinja2.py::test_Jinja2_parse[100000-100000_1] 
encommon/parse/test/test_jinja2.py::test_Jinja2_literal[{{ 1.2 }}-1.2] 
[gw1] [ 71%] PASSED encommon/parse/test/test_jinja2.py::test_Jinja2_literal[{{ 1.2 }}-1.2] 
encommon/parse/test/test_jinja2.py::test_Jinja2_parse[100000-100000_0] 
[gw1] [ 71%] PASSED encommon/parse/test/test_jinja2.py::test_Jinja2_parse[100000-100000_0] 
encommon/parse/test/test_jinja2.py::test_Jinja2_recurse 
[gw1] [ 71%] PASSED encommon/parse/test/test_jinja2.py::test_Jinja2_recurse 
encommon/parse/test/test_jinja2.py::test_Jinja2_parse[-01--01] 
[gw1] [ 72%] PASSED encommon/parse/test/test_jinja2.py::test_Jinja2_parse[-01--01] 
encommon/parse/test/test_jinja2.py::test_Jinja2_literal[{{ 123 }}-123] 
[gw1] [ 72%] PASSED encommon/parse/test/test_jinja2.py::test_Jinja2_literal[{{ 123 }}-123] 
encommon/parse/test/test_jinja2.py::test_Jinja2_parse[value4-expect4] 
[gw1] [ 72%] PASSED encommon/parse/test/test_jinja2.py::test_Jinja2_parse[value4-expect4] 
encommon/parse/test/test_jinja2.py::test_Jinja2_parse[value14-expect14] 
[gw1] [ 73%] PASSED encommon/parse/test/test_jinja2.py::test_Jinja2_parse[value14-expect14] 
encommon/parse/test/test_jinja2.py::test_Jinja2_parse[1-1] 
[gw1] [ 73%] PASSED encommon/parse/test/test_jinja2.py::test_Jinja2_parse[1-1] 
encommon/parse/test/test_jinja2.py::test_Jinja2_parse[{{ "-01" }}--01] 
[gw1] [ 73%] PASSED encommon/parse/test/test_jinja2.py::test_Jinja2_parse[{{ "-01" }}--01] 
encommon/parse/test/test_jinja2.py::test_Jinja2_parse[10.001-10.001_1] 
[gw1] [ 74%] PASSED encommon/parse/test/test_jinja2.py::test_Jinja2_parse[10.001-10.001_1] 
encommon/parse/test/test_jinja2.py::test_Jinja2_parse[1.0-1.0] 
[gw1] [ 74%] PASSED encommon/parse/test/test_jinja2.py::test_Jinja2_parse[1.0-1.0] 
encommon/parse/test/test_jinja2.py::test_Jinja2_parse[10.001-10.001_0] 
[gw1] [ 74%] PASSED encommon/parse/test/test_jinja2.py::test_Jinja2_parse[10.001-10.001_0] 
encommon/parse/test/test_jinja2.py::test_Jinja2_literal[{{ none }}-None] 
[gw1] [ 75%] PASSED encommon/parse/test/test_jinja2.py::test_Jinja2_literal[{{ none }}-None] 
encommon/parse/test/test_jinja2.py::test_Jinja2_parse[{{ "1" | float }}-1.0] 
[gw1] [ 75%] PASSED encommon/parse/test/test_jinja2.py::test_Jinja2_parse[{{ "1" | float }}-1.0] 
encommon/parse/test/test_jinja2.py::test_Jinja2_parse[foo-foo] 
[gw1] [ 75%] PASSED encommon/parse/test/test_jinja2.py::test_Jinja2_parse[foo-foo] 
encommon/parse/test/test_jinja2.py::test_Jinja2_literal[{{ -1.2 }}--1.2] 
[gw1] [ 76%] PASSED encommon/parse/test/test_jinja2.py::test_Jinja2_literal[{{ -1.2 }}--1.2] 
encommon/times/test/test_timers.py::test_Timers_raises 
encommon/webkit/test/test_default.py::test_default_addClass 
[gw1] [ 76%] PASSED encommon/times/test/test_timers.py::test_Timers_raises 
encommon/times/test/test_timers.py::test_Timers_cover 
[gw0] [ 76%] FAILED encommon/webkit/test/test_default.py::test_default_replace 
encommon/webkit/test/test_default.py::test_default_styles 
[gw3] [ 77%] FAILED encommon/webkit/test/test_helpers.py::test_helpers_isquery 
encommon/webkit/test/test_helpers.py::test_helpers_isnull 
[gw2] [ 77%] FAILED encommon/webkit/test/test_default.py::test_default_addClass 
encommon/webkit/test/test_moderate.py::test_moderate 
[gw0] [ 77%] FAILED encommon/webkit/test/test_default.py::test_default_styles 
[gw1] [ 78%] PASSED encommon/times/test/test_timers.py::test_Timers_cover 
encommon/times/test/test_timers.py::test_Timers 
encommon/webkit/test/test_default.py::test_default_attr 
[gw1] [ 78%] PASSED encommon/times/test/test_timers.py::test_Timers 
encommon/config/test/test_config.py::test_Config_jinja2 
[gw1] [ 78%] PASSED encommon/config/test/test_config.py::test_Config_jinja2 
encommon/config/test/test_config.py::test_Config_cover 
[gw1] [ 79%] PASSED encommon/config/test/test_config.py::test_Config_cover 
encommon/config/test/test_config.py::test_Config 
[gw3] [ 79%] FAILED encommon/webkit/test/test_helpers.py::test_helpers_isnull 
[gw1] [ 79%] PASSED encommon/config/test/test_config.py::test_Config 
encommon/webkit/test/test_message.py::test_message 
encommon/webkit/test/test_helpers.py::test_helpers_isfalse 
[gw2] [ 80%] FAILED encommon/webkit/test/test_moderate.py::test_moderate 
encommon/webkit/test/test_color.py::test_colordiv 
[gw0] [ 80%] FAILED encommon/webkit/test/test_default.py::test_default_attr 
encommon/webkit/test/test_default.py::test_default_remClass 
[gw1] [ 80%] FAILED encommon/webkit/test/test_message.py::test_message 
encommon/times/test/test_timer.py::test_Timer 
[gw3] [ 81%] FAILED encommon/webkit/test/test_helpers.py::test_helpers_isfalse 
encommon/webkit/test/test_helpers.py::test_helpers_whenready 
[gw2] [ 81%] FAILED encommon/webkit/test/test_color.py::test_colordiv 
encommon/utils/test/test_paths.py::test_resolve_paths 
[gw2] [ 81%] PASSED encommon/utils/test/test_paths.py::test_resolve_paths 
[gw0] [ 82%] FAILED encommon/webkit/test/test_default.py::test_default_remClass 
encommon/utils/test/test_paths.py::test_stats_path 
[gw2] [ 82%] PASSED encommon/utils/test/test_paths.py::test_stats_path 
encommon/webkit/test/test_statate.py::test_statate 
encommon/webkit/test/test_default.py::test_default_content 
[gw3] [ 82%] FAILED encommon/webkit/test/test_helpers.py::test_helpers_whenready 
[gw1] [ 83%] PASSED encommon/times/test/test_timer.py::test_Timer 
encommon/webkit/test/test_datagrid.py::test_datagrid 
encommon/webkit/test/test_helpers.py::test_helpers_isdict 
[gw2] [ 83%] FAILED encommon/webkit/test/test_statate.py::test_statate 
encommon/colors/test/test_color.py::test_Color_xy[ffff00-expect7] 
[gw2] [ 83%] PASSED encommon/colors/test/test_color.py::test_Color_xy[ffff00-expect7] 
encommon/colors/test/test_color.py::test_Color_xy[0000ff-expect5] 
[gw2] [ 84%] PASSED encommon/colors/test/test_color.py::test_Color_xy[0000ff-expect5] 
encommon/colors/test/test_color.py::test_Color_xy[ff0000-expect3] 
[gw2] [ 84%] PASSED encommon/colors/test/test_color.py::test_Color_xy[ff0000-expect3] 
encommon/colors/test/test_color.py::test_Color_rgb[ff0000-expect3] 
[gw2] [ 84%] PASSED encommon/colors/test/test_color.py::test_Color_rgb[ff0000-expect3] 
encommon/colors/test/test_color.py::test_Color_hsl[0000ff-expect5] 
[gw2] [ 85%] PASSED encommon/colors/test/test_color.py::test_Color_hsl[0000ff-expect5] 
encommon/colors/test/test_color.py::test_Color_hsl[ff0000-expect3] 
[gw2] [ 85%] PASSED encommon/colors/test/test_color.py::test_Color_hsl[ff0000-expect3] 
encommon/colors/test/test_color.py::test_Color_hsl[80007F-expect10] 
[gw2] [ 85%] PASSED encommon/colors/test/test_color.py::test_Color_hsl[80007F-expect10] 
encommon/colors/test/test_color.py::test_Color_xyz[00ffff-expect8] 
[gw2] [ 85%] PASSED encommon/colors/test/test_color.py::test_Color_xyz[00ffff-expect8] 
encommon/colors/test/test_color.py::test_Color_hsl[ffffff-expect1] 
[gw0] [ 86%] FAILED encommon/webkit/test/test_default.py::test_default_content 
[gw2] [ 86%] PASSED encommon/colors/test/test_color.py::test_Color_hsl[ffffff-expect1] 
encommon/colors/test/test_color.py::test_Color_xyz[ff00ff-expect9] 
[gw2] [ 86%] PASSED encommon/colors/test/test_color.py::test_Color_xyz[ff00ff-expect9] 
encommon/colors/test/test_color.py::test_Color_xy[00ff00-expect4] 
[gw2] [ 87%] PASSED encommon/colors/test/test_color.py::test_Color_xy[00ff00-expect4] 
encommon/colors/test/test_color.py::test_Color_hsl[000000-expect2] 
[gw2] [ 87%] PASSED encommon/colors/test/test_color.py::test_Color_hsl[000000-expect2] 
encommon/colors/test/test_color.py::test_Color_rgb[ffffff-expect1] 
[gw2] [ 87%] PASSED encommon/colors/test/test_color.py::test_Color_rgb[ffffff-expect1] 
encommon/colors/test/test_color.py::test_Color_rgb[000000-expect2] 
[gw2] [ 88%] PASSED encommon/colors/test/test_color.py::test_Color_rgb[000000-expect2] 
encommon/colors/test/test_color.py::test_Color 
[gw2] [ 88%] PASSED encommon/colors/test/test_color.py::test_Color 
encommon/colors/test/test_color.py::test_Color_xy[800080-expect10] 
[gw2] [ 88%] PASSED encommon/colors/test/test_color.py::test_Color_xy[800080-expect10] 
encommon/colors/test/test_color.py::test_Color_rgb[00ff00-expect4] 
[gw2] [ 89%] PASSED encommon/colors/test/test_color.py::test_Color_rgb[00ff00-expect4] 
encommon/colors/test/test_color.py::test_Color_rgb[800080-expect10] 
[gw2] [ 89%] PASSED encommon/colors/test/test_color.py::test_Color_rgb[800080-expect10] 
encommon/colors/test/test_color.py::test_Color_xy[000000-expect2] 
[gw2] [ 89%] PASSED encommon/colors/test/test_color.py::test_Color_xy[000000-expect2] 
encommon/colors/test/test_color.py::test_Color_hsl[00ff00-expect4] 
[gw2] [ 90%] PASSED encommon/colors/test/test_color.py::test_Color_hsl[00ff00-expect4] 
encommon/colors/test/test_color.py::test_Color_xy[ffffff-expect1] 
[gw2] [ 90%] PASSED encommon/colors/test/test_color.py::test_Color_xy[ffffff-expect1] 
encommon/colors/test/test_color.py::test_Color_xy[ff00cc-expect0] 
[gw2] [ 90%] PASSED encommon/colors/test/test_color.py::test_Color_xy[ff00cc-expect0] 
encommon/colors/test/test_color.py::test_Color_xyz[ff0000-expect3] 
[gw2] [ 91%] PASSED encommon/colors/test/test_color.py::test_Color_xyz[ff0000-expect3] 
encommon/colors/test/test_color.py::test_Color_xyz[0000ff-expect5] 
[gw2] [ 91%] PASSED encommon/colors/test/test_color.py::test_Color_xyz[0000ff-expect5] 
encommon/colors/test/test_color.py::test_Color_xyz[ffff00-expect7] 
[gw2] [ 91%] PASSED encommon/colors/test/test_color.py::test_Color_xyz[ffff00-expect7] 
encommon/colors/test/test_color.py::test_Color_xyz[800080-expect10] 
[gw2] [ 92%] PASSED encommon/colors/test/test_color.py::test_Color_xyz[800080-expect10] 
encommon/colors/test/test_color.py::test_Color_xyz[ff00cc-expect0] 
encommon/colors/test/test_color.py::test_Color_cover 
[gw0] [ 92%] PASSED encommon/colors/test/test_color.py::test_Color_xyz[ff00cc-expect0] 
[gw2] [ 92%] PASSED encommon/colors/test/test_color.py::test_Color_cover 
encommon/colors/test/test_color.py::test_Color_rgb[808080-expect6] 
encommon/colors/test/test_color.py::test_Color_hsl[ff00cc-expect0] 
[gw0] [ 93%] PASSED encommon/colors/test/test_color.py::test_Color_rgb[808080-expect6] 
encommon/colors/test/test_color.py::test_Color_hsl[808080-expect6] 
[gw0] [ 93%] PASSED encommon/colors/test/test_color.py::test_Color_hsl[808080-expect6] 
[gw2] [ 93%] PASSED encommon/colors/test/test_color.py::test_Color_hsl[ff00cc-expect0] 
encommon/colors/test/test_color.py::test_Color_xyz[808080-expect6] 
encommon/colors/test/test_color.py::test_Color_hsl[ffff00-expect7] 
[gw2] [ 94%] PASSED encommon/colors/test/test_color.py::test_Color_xyz[808080-expect6] 
[gw0] [ 94%] PASSED encommon/colors/test/test_color.py::test_Color_hsl[ffff00-expect7] 
encommon/colors/test/test_color.py::test_Color_rgb[ff00cc-expect0] 
encommon/colors/test/test_color.py::test_Color_xyz[00ff00-expect4] 
[gw0] [ 94%] PASSED encommon/colors/test/test_color.py::test_Color_xyz[00ff00-expect4] 
[gw2] [ 95%] PASSED encommon/colors/test/test_color.py::test_Color_rgb[ff00cc-expect0] 
encommon/colors/test/test_color.py::test_Color_xy[ff00ff-expect9] 
[gw2] [ 95%] PASSED encommon/colors/test/test_color.py::test_Color_xy[ff00ff-expect9] 
encommon/colors/test/test_color.py::test_Color_xy[00ffff-expect8] 
encommon/colors/test/test_color.py::test_Color_xyz[ffffff-expect1] 
[gw0] [ 95%] PASSED encommon/colors/test/test_color.py::test_Color_xy[00ffff-expect8] 
encommon/colors/test/test_color.py::test_Color_hsl[ff00ff-expect9] 
[gw2] [ 96%] PASSED encommon/colors/test/test_color.py::test_Color_xyz[ffffff-expect1] 
encommon/colors/test/test_color.py::test_Color_xyz[000000-expect2] 
[gw0] [ 96%] PASSED encommon/colors/test/test_color.py::test_Color_hsl[ff00ff-expect9] 
[gw2] [ 96%] PASSED encommon/colors/test/test_color.py::test_Color_xyz[000000-expect2] 
encommon/colors/test/test_color.py::test_Color_rgb[ff00ff-expect9] 
[gw0] [ 97%] PASSED encommon/colors/test/test_color.py::test_Color_rgb[ff00ff-expect9] 
encommon/colors/test/test_color.py::test_Color_hsl[00ffff-expect8] 
encommon/colors/test/test_color.py::test_Color_rgb[00ffff-expect8] 
[gw0] [ 97%] PASSED encommon/colors/test/test_color.py::test_Color_rgb[00ffff-expect8] 
[gw2] [ 97%] PASSED encommon/colors/test/test_color.py::test_Color_hsl[00ffff-expect8] 
[gw1] [ 98%] FAILED encommon/webkit/test/test_datagrid.py::test_datagrid 
[gw3] [ 98%] FAILED encommon/webkit/test/test_helpers.py::test_helpers_isdict 
encommon/colors/test/test_color.py::test_Color_rgb[ffff00-expect7] 
[gw1] [ 98%] PASSED encommon/colors/test/test_color.py::test_Color_rgb[ffff00-expect7] 
encommon/colors/test/test_color.py::test_Color_xy[808080-expect6] 
[gw1] [ 99%] PASSED encommon/colors/test/test_color.py::test_Color_xy[808080-expect6] 
encommon/colors/test/test_color.py::test_Color_rgb[0000ff-expect5] 
[gw1] [ 99%] PASSED encommon/colors/test/test_color.py::test_Color_rgb[0000ff-expect5] 
encommon/webkit/test/test_helpers.py::test_helpers_istrue 
[gw3] [ 99%] FAILED encommon/webkit/test/test_helpers.py::test_helpers_istrue 
encommon/webkit/test/test_helpers.py::test_helpers_isnode 
[gw3] [100%] FAILED encommon/webkit/test/test_helpers.py::test_helpers_isnode 

=================================== FAILURES ===================================
_________________________________ test_tagues __________________________________
[gw1] linux -- Python 3.12.13 /home/runner/work/encommon/encommon/main/.venv-package/bin/python3

content = <encommon.webkit.content.Content object at 0x7fb9cd297290>
driver = <selenium.webdriver.chrome.webdriver.WebDriver (session="059e8f26ab521471b702e5a82ba733b0")>

    def test_tagues(
        content: 'Content',
        driver: WebDriver,
    ) -> None:
        """
        Perform various tests associated with relevant routines.
    
        :param content: Primary class instance for the content.
        :param driver: Selenium driver provided by the library.
        """
    
    
        driver.get(
            f"""
            data:text/html;
            charset=utf-8,
            <html>
              <head>
                <script>
            {content.scripts('default')}
            {content.scripts('helpers')}
            {content.scripts('moderate')}
            {content.scripts('tagues')}
                </script>
              </head>
              <body></body>
            </html>
            """)
    
    
>       outcome = _executejs(
            driver,
            'let element ='
            ' tagues(...arguments);'
            'return'
            ' element[0].outerHTML;',
            ['tag_one', 'tag_two'],
            False,
            wrap=False)

encommon/webkit/test/test_tagues.py:51: 
_ _ _ _ _ _ _ _ _ _ _ _ _ _ _ _ _ _ _ _ _ _ _ _ _ _ _ _ _ _ _ _ _ _ _ _ _ _ _ _ 
encommon/webkit/test/__init__.py:36: in _executejs
    driver
.venv-package/lib/python3.12/site-packages/selenium/webdriver/remote/webdriver.py:532: in execute_script
    return self.execute(command, {"script": script, "args": converted_args})["value"]
           ^^^^^^^^^^^^^^^^^^^^^^^^^^^^^^^^^^^^^^^^^^^^^^^^^^^^^^^^^^^^^^^^^
.venv-package/lib/python3.12/site-packages/selenium/webdriver/remote/webdriver.py:446: in execute
    self.error_handler.check_response(response)
_ _ _ _ _ _ _ _ _ _ _ _ _ _ _ _ _ _ _ _ _ _ _ _ _ _ _ _ _ _ _ _ _ _ _ _ _ _ _ _ 

self = <selenium.webdriver.remote.errorhandler.ErrorHandler object at 0x7fb9cd1cd880>
response = {'status': 500, 'value': '{"value":{"error":"javascript error","message":"javascript error: tagues is not defined\\n  ...\\n#15 0x561f51dc94de \\u003Cunknown>\\n#16 0x7fc414c9caa4 \\u003Cunknown>\\n#17 0x7fc414d29c6c \\u003Cunknown>\\n"}}'}

    def check_response(self, response: dict[str, Any]) -> None:
        """Check that a JSON response from the WebDriver does not have an error.
    
        Args:
            response: The JSON response from the WebDriver server as a dictionary
                object.
    
        Raises:
            WebDriverException: If the response contains an error message.
        """
        status = response.get("status", None)
        if not status or status == ErrorCode.SUCCESS:
            return
        value = None
        message = response.get("message", "")
        screen: str = response.get("screen", "")
        stacktrace = None
        if isinstance(status, int):
            value_json = response.get("value", None)
            if value_json and isinstance(value_json, str):
                try:
                    value = json.loads(value_json)
                    if isinstance(value, dict):
                        if len(value) == 1:
                            value = value["value"]
                        status = value.get("error", None)
                        if not status:
                            status = value.get("status", ErrorCode.UNKNOWN_ERROR)
                            message = value.get("value") or value.get("message")
                            if not isinstance(message, str):
                                value = message
                                message = message.get("message") if isinstance(message, dict) else None
                        else:
                            message = value.get("message", None)
                except ValueError:
                    pass
    
        exception_class: type[WebDriverException]
        e = ErrorCode()
        error_codes = [item for item in dir(e) if not item.startswith("__")]
        for error_code in error_codes:
            error_info = getattr(ErrorCode, error_code)
            if isinstance(error_info, list) and status in error_info:
                exception_class = getattr(ExceptionMapping, error_code, WebDriverException)
                break
        else:
            exception_class = WebDriverException
    
        if not value:
            value = response["value"]
        if isinstance(value, str):
            raise exception_class(value)
        if message == "" and "message" in value:
            message = value["message"]
    
        screen = None  # type: ignore[assignment]
        if "screen" in value:
            screen = value["screen"]
    
        stacktrace = None
        st_value = value.get("stackTrace") or value.get("stacktrace")
        if st_value:
            if isinstance(st_value, str):
                stacktrace = st_value.split("\n")
            else:
                stacktrace = []
                try:
                    for frame in st_value:
                        line = frame.get("lineNumber", "")
                        file = frame.get("fileName", "<anonymous>")
                        if line:
                            file = f"{file}:{line}"
                        meth = frame.get("methodName", "<anonymous>")
                        if "className" in frame:
                            meth = f"{frame['className']}.{meth}"
                        msg = "    at %s (%s)"
                        msg = msg % (meth, file)
                        stacktrace.append(msg)
                except TypeError:
                    pass
        if exception_class == UnexpectedAlertPresentException:
            alert_text = None
            if "data" in value:
                alert_text = value["data"].get("text")
            elif "alert" in value:
                alert_text = value["alert"].get("text")
            raise exception_class(message, screen, stacktrace, alert_text)  # type: ignore[call-arg]  # mypy is not smart enough here
>       raise exception_class(message, screen, stacktrace)
E       selenium.common.exceptions.JavascriptException: Message: javascript error: tagues is not defined
E         (Session info: chrome=146.0.7680.164)
E       Stacktrace:
E       #0 0x561f51dcaa6a <unknown>
E       #1 0x561f517d9ab5 <unknown>
E       #2 0x561f517e092b <unknown>
E       #3 0x561f517e34ab <unknown>
E       #4 0x561f518758d9 <unknown>
E       #5 0x561f518747b6 <unknown>
E       #6 0x561f5181fcbf <unknown>
E       #7 0x561f51820a81 <unknown>
E       #8 0x561f51d90a64 <unknown>
E       #9 0x561f51d93951 <unknown>
E       #10 0x561f51d7d21e <unknown>
E       #11 0x561f51d9451e <unknown>
E       #12 0x561f51d63be0 <unknown>
E       #13 0x561f51db79b8 <unknown>
E       #14 0x561f51db7b88 <unknown>
E       #15 0x561f51dc94de <unknown>
E       #16 0x7fc414c9caa4 <unknown>
E       #17 0x7fc414d29c6c <unknown>

.venv-package/lib/python3.12/site-packages/selenium/webdriver/remote/errorhandler.py:232: JavascriptException
________________________________ test_duration _________________________________
[gw2] linux -- Python 3.12.13 /home/runner/work/encommon/encommon/main/.venv-package/bin/python3

content = <encommon.webkit.content.Content object at 0x7f32ed7751c0>
driver = <selenium.webdriver.chrome.webdriver.WebDriver (session="c7bb2e5f50875c40db9dad45263352ed")>

    def test_duration(
        content: 'Content',
        driver: WebDriver,
    ) -> None:
        """
        Perform various tests associated with relevant routines.
    
        :param content: Primary class instance for the content.
        :param driver: Selenium driver provided by the library.
        """
    
    
        driver.get(
            f"""
            data:text/html;
            charset=utf-8,
            <html>
              <head>
                <script>
            {content.scripts('default')}
            {content.scripts('helpers')}
            {content.scripts('duration')}
                </script>
              </head>
              <body></body>
            </html>
            """)
    
    
>       outcome = _executejs(
            driver,
            'let element ='
            ' duration(...arguments);'
            'return'
            ' element[0].outerHTML;',
            90460023,
            wrap=False)

encommon/webkit/test/test_duration.py:50: 
_ _ _ _ _ _ _ _ _ _ _ _ _ _ _ _ _ _ _ _ _ _ _ _ _ _ _ _ _ _ _ _ _ _ _ _ _ _ _ _ 
encommon/webkit/test/__init__.py:36: in _executejs
    driver
.venv-package/lib/python3.12/site-packages/selenium/webdriver/remote/webdriver.py:532: in execute_script
    return self.execute(command, {"script": script, "args": converted_args})["value"]
           ^^^^^^^^^^^^^^^^^^^^^^^^^^^^^^^^^^^^^^^^^^^^^^^^^^^^^^^^^^^^^^^^^
.venv-package/lib/python3.12/site-packages/selenium/webdriver/remote/webdriver.py:446: in execute
    self.error_handler.check_response(response)
_ _ _ _ _ _ _ _ _ _ _ _ _ _ _ _ _ _ _ _ _ _ _ _ _ _ _ _ _ _ _ _ _ _ _ _ _ _ _ _ 

self = <selenium.webdriver.remote.errorhandler.ErrorHandler object at 0x7f32ebab2330>
response = {'status': 500, 'value': '{"value":{"error":"javascript error","message":"javascript error: duration is not defined\\n...\\n#15 0x55667ff884de \\u003Cunknown>\\n#16 0x7f4217e9caa4 \\u003Cunknown>\\n#17 0x7f4217f29c6c \\u003Cunknown>\\n"}}'}

    def check_response(self, response: dict[str, Any]) -> None:
        """Check that a JSON response from the WebDriver does not have an error.
    
        Args:
            response: The JSON response from the WebDriver server as a dictionary
                object.
    
        Raises:
            WebDriverException: If the response contains an error message.
        """
        status = response.get("status", None)
        if not status or status == ErrorCode.SUCCESS:
            return
        value = None
        message = response.get("message", "")
        screen: str = response.get("screen", "")
        stacktrace = None
        if isinstance(status, int):
            value_json = response.get("value", None)
            if value_json and isinstance(value_json, str):
                try:
                    value = json.loads(value_json)
                    if isinstance(value, dict):
                        if len(value) == 1:
                            value = value["value"]
                        status = value.get("error", None)
                        if not status:
                            status = value.get("status", ErrorCode.UNKNOWN_ERROR)
                            message = value.get("value") or value.get("message")
                            if not isinstance(message, str):
                                value = message
                                message = message.get("message") if isinstance(message, dict) else None
                        else:
                            message = value.get("message", None)
                except ValueError:
                    pass
    
        exception_class: type[WebDriverException]
        e = ErrorCode()
        error_codes = [item for item in dir(e) if not item.startswith("__")]
        for error_code in error_codes:
            error_info = getattr(ErrorCode, error_code)
            if isinstance(error_info, list) and status in error_info:
                exception_class = getattr(ExceptionMapping, error_code, WebDriverException)
                break
        else:
            exception_class = WebDriverException
    
        if not value:
            value = response["value"]
        if isinstance(value, str):
            raise exception_class(value)
        if message == "" and "message" in value:
            message = value["message"]
    
        screen = None  # type: ignore[assignment]
        if "screen" in value:
            screen = value["screen"]
    
        stacktrace = None
        st_value = value.get("stackTrace") or value.get("stacktrace")
        if st_value:
            if isinstance(st_value, str):
                stacktrace = st_value.split("\n")
            else:
                stacktrace = []
                try:
                    for frame in st_value:
                        line = frame.get("lineNumber", "")
                        file = frame.get("fileName", "<anonymous>")
                        if line:
                            file = f"{file}:{line}"
                        meth = frame.get("methodName", "<anonymous>")
                        if "className" in frame:
                            meth = f"{frame['className']}.{meth}"
                        msg = "    at %s (%s)"
                        msg = msg % (meth, file)
                        stacktrace.append(msg)
                except TypeError:
                    pass
        if exception_class == UnexpectedAlertPresentException:
            alert_text = None
            if "data" in value:
                alert_text = value["data"].get("text")
            elif "alert" in value:
                alert_text = value["alert"].get("text")
            raise exception_class(message, screen, stacktrace, alert_text)  # type: ignore[call-arg]  # mypy is not smart enough here
>       raise exception_class(message, screen, stacktrace)
E       selenium.common.exceptions.JavascriptException: Message: javascript error: duration is not defined
E         (Session info: chrome=146.0.7680.164)
E       Stacktrace:
E       #0 0x55667ff89a6a <unknown>
E       #1 0x55667f998ab5 <unknown>
E       #2 0x55667f99f92b <unknown>
E       #3 0x55667f9a24ab <unknown>
E       #4 0x55667fa348d9 <unknown>
E       #5 0x55667fa337b6 <unknown>
E       #6 0x55667f9decbf <unknown>
E       #7 0x55667f9dfa81 <unknown>
E       #8 0x55667ff4fa64 <unknown>
E       #9 0x55667ff52951 <unknown>
E       #10 0x55667ff3c21e <unknown>
E       #11 0x55667ff5351e <unknown>
E       #12 0x55667ff22be0 <unknown>
E       #13 0x55667ff769b8 <unknown>
E       #14 0x55667ff76b88 <unknown>
E       #15 0x55667ff884de <unknown>
E       #16 0x7f4217e9caa4 <unknown>
E       #17 0x7f4217f29c6c <unknown>

.venv-package/lib/python3.12/site-packages/selenium/webdriver/remote/errorhandler.py:232: JavascriptException
------------------------------ Captured log setup ------------------------------
DEBUG    selenium.webdriver.common.selenium_manager:selenium_manager.py:112 Selenium Manager binary found at: /home/runner/work/encommon/encommon/main/.venv-package/lib/python3.12/site-packages/selenium/webdriver/common/linux/selenium-manager
DEBUG    selenium.webdriver.common.selenium_manager:selenium_manager.py:127 Executing process: /home/runner/work/encommon/encommon/main/.venv-package/lib/python3.12/site-packages/selenium/webdriver/common/linux/selenium-manager --browser chrome --language-binding python --output json
DEBUG    selenium.webdriver.common.selenium_manager:selenium_manager.py:153 Driver path: /usr/bin/chromedriver
DEBUG    selenium.webdriver.common.selenium_manager:selenium_manager.py:153 Browser path: /usr/bin/google-chrome
DEBUG    selenium.webdriver.common.service:service.py:232 Started executable: `/usr/bin/chromedriver` in a child process with pid: 3285 using 0 to output -3
DEBUG    selenium.webdriver.remote.remote_connection:remote_connection.py:406 POST http://localhost:52155/session {'capabilities': {'firstMatch': [{}], 'alwaysMatch': {'browserName': 'chrome', 'pageLoadStrategy': <PageLoadStrategy.normal: 'normal'>, 'browserVersion': None, 'goog:chromeOptions': {'extensions': [], 'binary': '/usr/bin/google-chrome', 'args': ['--headless']}}}}
DEBUG    urllib3.connectionpool:connectionpool.py:241 Starting new HTTP connection (1): localhost:52155
DEBUG    urllib3.connectionpool:connectionpool.py:544 http://localhost:52155 "POST /session HTTP/1.1" 200 0
DEBUG    selenium.webdriver.remote.remote_connection:remote_connection.py:439 Remote response: status=200 | data={"value":{"capabilities":{"acceptInsecureCerts":false,"browserName":"chrome","browserVersion":"146.0.7680.164","chrome":{"chromedriverVersion":"146.0.7680.165 (4b989da09e15a7dc0de0785cb5ff232aadae3f0f-refs/branch-heads/7680@{#2932})","userDataDir":"/tmp/org.chromium.Chromium.scoped_dir.TKYhkc"},"fedcm:accounts":true,"goog:chromeOptions":{"debuggerAddress":"localhost:41477"},"goog:processID":3319,"networkConnectionEnabled":false,"pageLoadStrategy":"normal","platformName":"linux","proxy":{},"setWindowRect":true,"strictFileInteractability":false,"timeouts":{"implicit":0,"pageLoad":300000,"script":30000},"unhandledPromptBehavior":"dismiss and notify","webauthn:extension:credBlob":true,"webauthn:extension:largeBlob":true,"webauthn:extension:minPinLength":true,"webauthn:extension:prf":true,"webauthn:virtualAuthenticators":true},"sessionId":"c7bb2e5f50875c40db9dad45263352ed"}} | headers=HTTPHeaderDict({'Content-Length': '882', 'Content-Type': 'application/json; charset=utf-8', 'cache-control': 'no-cache'})
DEBUG    selenium.webdriver.remote.remote_connection:remote_connection.py:468 Finished Request
------------------------------ Captured log call -------------------------------
DEBUG    selenium.webdriver.remote.remote_connection:remote_connection.py:406 POST http://localhost:52155/session/c7bb2e5f50875c40db9dad45263352ed/url {'url': '\n        data:text/html;\n        charset=utf-8,\n        <html>\n          <head>\n            <script>...'}
DEBUG    urllib3.connectionpool:connectionpool.py:544 http://localhost:52155 "POST /session/c7bb2e5f50875c40db9dad45263352ed/url HTTP/1.1" 200 0
DEBUG    selenium.webdriver.remote.remote_connection:remote_connection.py:439 Remote response: status=200 | data={"value":null} | headers=HTTPHeaderDict({'Content-Length': '14', 'Content-Type': 'application/json; charset=utf-8', 'cache-control': 'no-cache'})
DEBUG    selenium.webdriver.remote.remote_connection:remote_connection.py:468 Finished Request
DEBUG    selenium.webdriver.remote.remote_connection:remote_connection.py:406 POST http://localhost:52155/session/c7bb2e5f50875c40db9dad45263352ed/execute/sync {'script': 'let element = duration(...arguments);return element[0].outerHTML;', 'args': [90460023]}
DEBUG    urllib3.connectionpool:connectionpool.py:544 http://localhost:52155 "POST /session/c7bb2e5f50875c40db9dad45263352ed/execute/sync HTTP/1.1" 500 0
DEBUG    selenium.webdriver.remote.remote_connection:remote_connection.py:439 Remote response: status=500 | data={"value":{"error":"javascript error","message":"javascript error: duration is not defined\n  (Session info: chrome=146.0.7680.164)","stacktrace":"#0 0x55667ff89a6a \u003Cunknown>\n#1 0x55667f998ab5 \u003Cunknown>\n#2 0x55667f99f92b \u003Cunknown>\n#3 0x55667f9a24ab \u003Cunknown>\n#4 0x55667fa348d9 \u003Cunknown>\n#5 0x55667fa337b6 \u003Cunknown>\n#6 0x55667f9decbf \u003Cunknown>\n#7 0x55667f9dfa81 \u003Cunknown>\n#8 0x55667ff4fa64 \u003Cunknown>\n#9 0x55667ff52951 \u003Cunknown>\n#10 0x55667ff3c21e \u003Cunknown>\n#11 0x55667ff5351e \u003Cunknown>\n#12 0x55667ff22be0 \u003Cunknown>\n#13 0x55667ff769b8 \u003Cunknown>\n#14 0x55667ff76b88 \u003Cunknown>\n#15 0x55667ff884de \u003Cunknown>\n#16 0x7f4217e9caa4 \u003Cunknown>\n#17 0x7f4217f29c6c \u003Cunknown>\n"}} | headers=HTTPHeaderDict({'Content-Length': '769', 'Content-Type': 'application/json; charset=utf-8', 'cache-control': 'no-cache'})
DEBUG    selenium.webdriver.remote.remote_connection:remote_connection.py:468 Finished Request
---------------------------- Captured log teardown -----------------------------
DEBUG    selenium.webdriver.remote.remote_connection:remote_connection.py:406 DELETE http://localhost:52155/session/c7bb2e5f50875c40db9dad45263352ed {}
DEBUG    urllib3.connectionpool:connectionpool.py:544 http://localhost:52155 "DELETE /session/c7bb2e5f50875c40db9dad45263352ed HTTP/1.1" 200 0
DEBUG    selenium.webdriver.remote.remote_connection:remote_connection.py:439 Remote response: status=200 | data={"value":null} | headers=HTTPHeaderDict({'Content-Length': '14', 'Content-Type': 'application/json; charset=utf-8', 'cache-control': 'no-cache'})
DEBUG    selenium.webdriver.remote.remote_connection:remote_connection.py:468 Finished Request
_________________________________ test_numeric _________________________________
[gw0] linux -- Python 3.12.13 /home/runner/work/encommon/encommon/main/.venv-package/bin/python3

prepare = (<encommon.webkit.content.Content object at 0x7f746e38ec90>, <selenium.webdriver.chrome.webdriver.WebDriver (session="a13ded1625aa7704a5dda0262a59de0e")>)

    def test_numeric(
        prepare: tuple['Content', WebDriver],
    ) -> None:
        """
        Perform various tests associated with relevant routines.
    
        :param prepare: Driver and content loaded with scripts.
        """
    
        content, driver = prepare
    
    
>       outcome = _executejs(
            driver,
            'let element ='
            ' numeric(...arguments);'
            'return'
            ' element[0].outerHTML;',
            1.1, 'gb',
            wrap=False)

encommon/webkit/test/test_numeric.py:69: 
_ _ _ _ _ _ _ _ _ _ _ _ _ _ _ _ _ _ _ _ _ _ _ _ _ _ _ _ _ _ _ _ _ _ _ _ _ _ _ _ 
encommon/webkit/test/__init__.py:36: in _executejs
    driver
.venv-package/lib/python3.12/site-packages/selenium/webdriver/remote/webdriver.py:532: in execute_script
    return self.execute(command, {"script": script, "args": converted_args})["value"]
           ^^^^^^^^^^^^^^^^^^^^^^^^^^^^^^^^^^^^^^^^^^^^^^^^^^^^^^^^^^^^^^^^^
.venv-package/lib/python3.12/site-packages/selenium/webdriver/remote/webdriver.py:446: in execute
    self.error_handler.check_response(response)
_ _ _ _ _ _ _ _ _ _ _ _ _ _ _ _ _ _ _ _ _ _ _ _ _ _ _ _ _ _ _ _ _ _ _ _ _ _ _ _ 

self = <selenium.webdriver.remote.errorhandler.ErrorHandler object at 0x7f746e4f28a0>
response = {'status': 500, 'value': '{"value":{"error":"javascript error","message":"javascript error: numeric is not defined\\n ...\\n#15 0x55de3e8984de \\u003Cunknown>\\n#16 0x7f76f0c9caa4 \\u003Cunknown>\\n#17 0x7f76f0d29c6c \\u003Cunknown>\\n"}}'}

    def check_response(self, response: dict[str, Any]) -> None:
        """Check that a JSON response from the WebDriver does not have an error.
    
        Args:
            response: The JSON response from the WebDriver server as a dictionary
                object.
    
        Raises:
            WebDriverException: If the response contains an error message.
        """
        status = response.get("status", None)
        if not status or status == ErrorCode.SUCCESS:
            return
        value = None
        message = response.get("message", "")
        screen: str = response.get("screen", "")
        stacktrace = None
        if isinstance(status, int):
            value_json = response.get("value", None)
            if value_json and isinstance(value_json, str):
                try:
                    value = json.loads(value_json)
                    if isinstance(value, dict):
                        if len(value) == 1:
                            value = value["value"]
                        status = value.get("error", None)
                        if not status:
                            status = value.get("status", ErrorCode.UNKNOWN_ERROR)
                            message = value.get("value") or value.get("message")
                            if not isinstance(message, str):
                                value = message
                                message = message.get("message") if isinstance(message, dict) else None
                        else:
                            message = value.get("message", None)
                except ValueError:
                    pass
    
        exception_class: type[WebDriverException]
        e = ErrorCode()
        error_codes = [item for item in dir(e) if not item.startswith("__")]
        for error_code in error_codes:
            error_info = getattr(ErrorCode, error_code)
            if isinstance(error_info, list) and status in error_info:
                exception_class = getattr(ExceptionMapping, error_code, WebDriverException)
                break
        else:
            exception_class = WebDriverException
    
        if not value:
            value = response["value"]
        if isinstance(value, str):
            raise exception_class(value)
        if message == "" and "message" in value:
            message = value["message"]
    
        screen = None  # type: ignore[assignment]
        if "screen" in value:
            screen = value["screen"]
    
        stacktrace = None
        st_value = value.get("stackTrace") or value.get("stacktrace")
        if st_value:
            if isinstance(st_value, str):
                stacktrace = st_value.split("\n")
            else:
                stacktrace = []
                try:
                    for frame in st_value:
                        line = frame.get("lineNumber", "")
                        file = frame.get("fileName", "<anonymous>")
                        if line:
                            file = f"{file}:{line}"
                        meth = frame.get("methodName", "<anonymous>")
                        if "className" in frame:
                            meth = f"{frame['className']}.{meth}"
                        msg = "    at %s (%s)"
                        msg = msg % (meth, file)
                        stacktrace.append(msg)
                except TypeError:
                    pass
        if exception_class == UnexpectedAlertPresentException:
            alert_text = None
            if "data" in value:
                alert_text = value["data"].get("text")
            elif "alert" in value:
                alert_text = value["alert"].get("text")
            raise exception_class(message, screen, stacktrace, alert_text)  # type: ignore[call-arg]  # mypy is not smart enough here
>       raise exception_class(message, screen, stacktrace)
E       selenium.common.exceptions.JavascriptException: Message: javascript error: numeric is not defined
E         (Session info: chrome=146.0.7680.164)
E       Stacktrace:
E       #0 0x55de3e899a6a <unknown>
E       #1 0x55de3e2a8ab5 <unknown>
E       #2 0x55de3e2af92b <unknown>
E       #3 0x55de3e2b24ab <unknown>
E       #4 0x55de3e3448d9 <unknown>
E       #5 0x55de3e3437b6 <unknown>
E       #6 0x55de3e2eecbf <unknown>
E       #7 0x55de3e2efa81 <unknown>
E       #8 0x55de3e85fa64 <unknown>
E       #9 0x55de3e862951 <unknown>
E       #10 0x55de3e84c21e <unknown>
E       #11 0x55de3e86351e <unknown>
E       #12 0x55de3e832be0 <unknown>
E       #13 0x55de3e8869b8 <unknown>
E       #14 0x55de3e886b88 <unknown>
E       #15 0x55de3e8984de <unknown>
E       #16 0x7f76f0c9caa4 <unknown>
E       #17 0x7f76f0d29c6c <unknown>

.venv-package/lib/python3.12/site-packages/selenium/webdriver/remote/errorhandler.py:232: JavascriptException
__________________________________ test_image __________________________________
[gw3] linux -- Python 3.12.13 /home/runner/work/encommon/encommon/main/.venv-package/bin/python3

content = <encommon.webkit.content.Content object at 0x7f679f66c320>
driver = <selenium.webdriver.chrome.webdriver.WebDriver (session="9ff1a097fe86eac6572f2781b10eeb6d")>

    def test_image(
        content: 'Content',
        driver: WebDriver,
    ) -> None:
        """
        Perform various tests associated with relevant routines.
    
        :param content: Primary class instance for the content.
        :param driver: Selenium driver provided by the library.
        """
    
    
        driver.get(
            f"""
            data:text/html;
            charset=utf-8,
            <html>
              <head>
                <script>
            {content.scripts('default')}
            {content.scripts('helpers')}
            {content.scripts('image')}
                </script>
              </head>
              <body></body>
            </html>
            """)
    
    
>       outcome = _executejs(
            driver,
            'let element ='
            ' svgicon(...arguments);'
            'return'
            ' element[0].outerHTML;',
            'failure',
            wrap=False)

encommon/webkit/test/test_image.py:50: 
_ _ _ _ _ _ _ _ _ _ _ _ _ _ _ _ _ _ _ _ _ _ _ _ _ _ _ _ _ _ _ _ _ _ _ _ _ _ _ _ 
encommon/webkit/test/__init__.py:36: in _executejs
    driver
.venv-package/lib/python3.12/site-packages/selenium/webdriver/remote/webdriver.py:532: in execute_script
    return self.execute(command, {"script": script, "args": converted_args})["value"]
           ^^^^^^^^^^^^^^^^^^^^^^^^^^^^^^^^^^^^^^^^^^^^^^^^^^^^^^^^^^^^^^^^^
.venv-package/lib/python3.12/site-packages/selenium/webdriver/remote/webdriver.py:446: in execute
    self.error_handler.check_response(response)
_ _ _ _ _ _ _ _ _ _ _ _ _ _ _ _ _ _ _ _ _ _ _ _ _ _ _ _ _ _ _ _ _ _ _ _ _ _ _ _ 

self = <selenium.webdriver.remote.errorhandler.ErrorHandler object at 0x7f679f393b90>
response = {'status': 500, 'value': '{"value":{"error":"javascript error","message":"javascript error: svgicon is not defined\\n ...\\n#15 0x561ee276d4de \\u003Cunknown>\\n#16 0x7fa22b89caa4 \\u003Cunknown>\\n#17 0x7fa22b929c6c \\u003Cunknown>\\n"}}'}

    def check_response(self, response: dict[str, Any]) -> None:
        """Check that a JSON response from the WebDriver does not have an error.
    
        Args:
            response: The JSON response from the WebDriver server as a dictionary
                object.
    
        Raises:
            WebDriverException: If the response contains an error message.
        """
        status = response.get("status", None)
        if not status or status == ErrorCode.SUCCESS:
            return
        value = None
        message = response.get("message", "")
        screen: str = response.get("screen", "")
        stacktrace = None
        if isinstance(status, int):
            value_json = response.get("value", None)
            if value_json and isinstance(value_json, str):
                try:
                    value = json.loads(value_json)
                    if isinstance(value, dict):
                        if len(value) == 1:
                            value = value["value"]
                        status = value.get("error", None)
                        if not status:
                            status = value.get("status", ErrorCode.UNKNOWN_ERROR)
                            message = value.get("value") or value.get("message")
                            if not isinstance(message, str):
                                value = message
                                message = message.get("message") if isinstance(message, dict) else None
                        else:
                            message = value.get("message", None)
                except ValueError:
                    pass
    
        exception_class: type[WebDriverException]
        e = ErrorCode()
        error_codes = [item for item in dir(e) if not item.startswith("__")]
        for error_code in error_codes:
            error_info = getattr(ErrorCode, error_code)
            if isinstance(error_info, list) and status in error_info:
                exception_class = getattr(ExceptionMapping, error_code, WebDriverException)
                break
        else:
            exception_class = WebDriverException
    
        if not value:
            value = response["value"]
        if isinstance(value, str):
            raise exception_class(value)
        if message == "" and "message" in value:
            message = value["message"]
    
        screen = None  # type: ignore[assignment]
        if "screen" in value:
            screen = value["screen"]
    
        stacktrace = None
        st_value = value.get("stackTrace") or value.get("stacktrace")
        if st_value:
            if isinstance(st_value, str):
                stacktrace = st_value.split("\n")
            else:
                stacktrace = []
                try:
                    for frame in st_value:
                        line = frame.get("lineNumber", "")
                        file = frame.get("fileName", "<anonymous>")
                        if line:
                            file = f"{file}:{line}"
                        meth = frame.get("methodName", "<anonymous>")
                        if "className" in frame:
                            meth = f"{frame['className']}.{meth}"
                        msg = "    at %s (%s)"
                        msg = msg % (meth, file)
                        stacktrace.append(msg)
                except TypeError:
                    pass
        if exception_class == UnexpectedAlertPresentException:
            alert_text = None
            if "data" in value:
                alert_text = value["data"].get("text")
            elif "alert" in value:
                alert_text = value["alert"].get("text")
            raise exception_class(message, screen, stacktrace, alert_text)  # type: ignore[call-arg]  # mypy is not smart enough here
>       raise exception_class(message, screen, stacktrace)
E       selenium.common.exceptions.JavascriptException: Message: javascript error: svgicon is not defined
E         (Session info: chrome=146.0.7680.164)
E       Stacktrace:
E       #0 0x561ee276ea6a <unknown>
E       #1 0x561ee217dab5 <unknown>
E       #2 0x561ee218492b <unknown>
E       #3 0x561ee21874ab <unknown>
E       #4 0x561ee22198d9 <unknown>
E       #5 0x561ee22187b6 <unknown>
E       #6 0x561ee21c3cbf <unknown>
E       #7 0x561ee21c4a81 <unknown>
E       #8 0x561ee2734a64 <unknown>
E       #9 0x561ee2737951 <unknown>
E       #10 0x561ee272121e <unknown>
E       #11 0x561ee273851e <unknown>
E       #12 0x561ee2707be0 <unknown>
E       #13 0x561ee275b9b8 <unknown>
E       #14 0x561ee275bb88 <unknown>
E       #15 0x561ee276d4de <unknown>
E       #16 0x7fa22b89caa4 <unknown>
E       #17 0x7fa22b929c6c <unknown>

.venv-package/lib/python3.12/site-packages/selenium/webdriver/remote/errorhandler.py:232: JavascriptException
______________________________ test_numeric_count ______________________________
[gw0] linux -- Python 3.12.13 /home/runner/work/encommon/encommon/main/.venv-package/bin/python3

prepare = (<encommon.webkit.content.Content object at 0x7f746e36c7a0>, <selenium.webdriver.chrome.webdriver.WebDriver (session="42fa3ae5772033891fb8104b5c5771ce")>)

    def test_numeric_count(
        prepare: tuple['Content', WebDriver],
    ) -> None:
        """
        Perform various tests associated with relevant routines.
    
        :param prepare: Driver and content loaded with scripts.
        """
    
        content, driver = prepare
    
    
>       outcome = _executejs(
            driver,
            'let element ='
[...]
#7 0x55b6e7291a81 <unknown>
#8 0x55b6e7801a64 <unknown>
#9 0x55b6e7804951 <unknown>
#10 0x55b6e77ee21e <unknown>
#11 0x55b6e780551e <unknown>
#12 0x55b6e77d4be0 <unknown>
#13 0x55b6e78289b8 <unknown>
#14 0x55b6e7828b88 <unknown>
#15 0x55b6e783a4de <unknown>
#16 0x7fc2d5a9caa4 <unknown>
#17 0x7fc2d5b29c6c <unknown>
FAILED encommon/webkit/test/test_helpers.py::test_helpers_dumps - selenium.common.exceptions.JavascriptException: Message: javascript error: dumps is not defined
  (Session info: chrome=146.0.7680.164)
Stacktrace:
#0 0x557dff2b3a6a <unknown>
#1 0x557dfecc2ab5 <unknown>
#2 0x557dfecc992b <unknown>
#3 0x557dfeccc4ab <unknown>
#4 0x557dfed5e8d9 <unknown>
#5 0x557dfed5d7b6 <unknown>
#6 0x557dfed08cbf <unknown>
#7 0x557dfed09a81 <unknown>
#8 0x557dff279a64 <unknown>
#9 0x557dff27c951 <unknown>
#10 0x557dff26621e <unknown>
#11 0x557dff27d51e <unknown>
#12 0x557dff24cbe0 <unknown>
#13 0x557dff2a09b8 <unknown>
#14 0x557dff2a0b88 <unknown>
#15 0x557dff2b24de <unknown>
#16 0x7f837189caa4 <unknown>
#17 0x7f8371929c6c <unknown>
FAILED encommon/webkit/test/test_datetime.py::test_datestamp - selenium.common.exceptions.JavascriptException: Message: javascript error: datestamp is not defined
  (Session info: chrome=146.0.7680.164)
Stacktrace:
#0 0x56418636ba6a <unknown>
#1 0x564185d7aab5 <unknown>
#2 0x564185d8192b <unknown>
#3 0x564185d844ab <unknown>
#4 0x564185e168d9 <unknown>
#5 0x564185e157b6 <unknown>
#6 0x564185dc0cbf <unknown>
#7 0x564185dc1a81 <unknown>
#8 0x564186331a64 <unknown>
#9 0x564186334951 <unknown>
#10 0x56418631e21e <unknown>
#11 0x56418633551e <unknown>
#12 0x564186304be0 <unknown>
#13 0x5641863589b8 <unknown>
#14 0x564186358b88 <unknown>
#15 0x56418636a4de <unknown>
#16 0x7f2b8789caa4 <unknown>
#17 0x7f2b87929c6c <unknown>
FAILED encommon/webkit/test/test_helpers.py::test_helpers_istime - selenium.common.exceptions.JavascriptException: Message: javascript error: istime is not defined
  (Session info: chrome=146.0.7680.164)
Stacktrace:
#0 0x561784e97a6a <unknown>
#1 0x5617848a6ab5 <unknown>
#2 0x5617848ad92b <unknown>
#3 0x5617848b04ab <unknown>
#4 0x5617849428d9 <unknown>
#5 0x5617849417b6 <unknown>
#6 0x5617848eccbf <unknown>
#7 0x5617848eda81 <unknown>
#8 0x561784e5da64 <unknown>
#9 0x561784e60951 <unknown>
#10 0x561784e4a21e <unknown>
#11 0x561784e6151e <unknown>
#12 0x561784e30be0 <unknown>
#13 0x561784e849b8 <unknown>
#14 0x561784e84b88 <unknown>
#15 0x561784e964de <unknown>
#16 0x7f8e5049caa4 <unknown>
#17 0x7f8e50529c6c <unknown>
FAILED encommon/webkit/test/test_default.py::test_default_create - selenium.common.exceptions.JavascriptException: Message: javascript error: $ is not defined
  (Session info: chrome=146.0.7680.164)
Stacktrace:
#0 0x55f3b8482a6a <unknown>
#1 0x55f3b7e91ab5 <unknown>
#2 0x55f3b7e9892b <unknown>
#3 0x55f3b7e9b4ab <unknown>
#4 0x55f3b7f2d8d9 <unknown>
#5 0x55f3b7f2c7b6 <unknown>
#6 0x55f3b7ed7cbf <unknown>
#7 0x55f3b7ed8a81 <unknown>
#8 0x55f3b8448a64 <unknown>
#9 0x55f3b844b951 <unknown>
#10 0x55f3b843521e <unknown>
#11 0x55f3b844c51e <unknown>
#12 0x55f3b841bbe0 <unknown>
#13 0x55f3b846f9b8 <unknown>
#14 0x55f3b846fb88 <unknown>
#15 0x55f3b84814de <unknown>
#16 0x7f187849caa4 <unknown>
#17 0x7f1878529c6c <unknown>
FAILED encommon/webkit/test/test_helpers.py::test_helpers_isempty - selenium.common.exceptions.JavascriptException: Message: javascript error: isempty is not defined
  (Session info: chrome=146.0.7680.164)
Stacktrace:
#0 0x558f40e4da6a <unknown>
#1 0x558f4085cab5 <unknown>
#2 0x558f4086392b <unknown>
#3 0x558f408664ab <unknown>
#4 0x558f408f88d9 <unknown>
#5 0x558f408f77b6 <unknown>
#6 0x558f408a2cbf <unknown>
#7 0x558f408a3a81 <unknown>
#8 0x558f40e13a64 <unknown>
#9 0x558f40e16951 <unknown>
#10 0x558f40e0021e <unknown>
#11 0x558f40e1751e <unknown>
#12 0x558f40de6be0 <unknown>
#13 0x558f40e3a9b8 <unknown>
#14 0x558f40e3ab88 <unknown>
#15 0x558f40e4c4de <unknown>
#16 0x7efcfbc9caa4 <unknown>
#17 0x7efcfbd29c6c <unknown>
FAILED encommon/webkit/test/test_default.py::test_default_append - selenium.common.exceptions.JavascriptException: Message: javascript error: $ is not defined
  (Session info: chrome=146.0.7680.164)
Stacktrace:
#0 0x564027d6ba6a <unknown>
#1 0x56402777aab5 <unknown>
#2 0x56402778192b <unknown>
#3 0x5640277844ab <unknown>
#4 0x5640278168d9 <unknown>
#5 0x5640278157b6 <unknown>
#6 0x5640277c0cbf <unknown>
#7 0x5640277c1a81 <unknown>
#8 0x564027d31a64 <unknown>
#9 0x564027d34951 <unknown>
#10 0x564027d1e21e <unknown>
#11 0x564027d3551e <unknown>
#12 0x564027d04be0 <unknown>
#13 0x564027d589b8 <unknown>
#14 0x564027d58b88 <unknown>
#15 0x564027d6a4de <unknown>
#16 0x7fa06889caa4 <unknown>
#17 0x7fa068929c6c <unknown>
FAILED encommon/webkit/test/test_default.py::test_default_showhide - selenium.common.exceptions.JavascriptException: Message: javascript error: $ is not defined
  (Session info: chrome=146.0.7680.164)
Stacktrace:
#0 0x5631cbc46a6a <unknown>
#1 0x5631cb655ab5 <unknown>
#2 0x5631cb65c92b <unknown>
#3 0x5631cb65f4ab <unknown>
#4 0x5631cb6f18d9 <unknown>
#5 0x5631cb6f07b6 <unknown>
#6 0x5631cb69bcbf <unknown>
#7 0x5631cb69ca81 <unknown>
#8 0x5631cbc0ca64 <unknown>
#9 0x5631cbc0f951 <unknown>
#10 0x5631cbbf921e <unknown>
#11 0x5631cbc1051e <unknown>
#12 0x5631cbbdfbe0 <unknown>
#13 0x5631cbc339b8 <unknown>
#14 0x5631cbc33b88 <unknown>
#15 0x5631cbc454de <unknown>
#16 0x7f424ee9caa4 <unknown>
#17 0x7f424ef29c6c <unknown>
FAILED encommon/webkit/test/test_helpers.py::test_helpers_isnum - selenium.common.exceptions.JavascriptException: Message: javascript error: isnum is not defined
  (Session info: chrome=146.0.7680.164)
Stacktrace:
#0 0x561de4390a6a <unknown>
#1 0x561de3d9fab5 <unknown>
#2 0x561de3da692b <unknown>
#3 0x561de3da94ab <unknown>
#4 0x561de3e3b8d9 <unknown>
#5 0x561de3e3a7b6 <unknown>
#6 0x561de3de5cbf <unknown>
#7 0x561de3de6a81 <unknown>
#8 0x561de4356a64 <unknown>
#9 0x561de4359951 <unknown>
#10 0x561de434321e <unknown>
#11 0x561de435a51e <unknown>
#12 0x561de4329be0 <unknown>
#13 0x561de437d9b8 <unknown>
#14 0x561de437db88 <unknown>
#15 0x561de438f4de <unknown>
#16 0x7f85d5a9caa4 <unknown>
#17 0x7f85d5b29c6c <unknown>
FAILED encommon/webkit/test/test_default.py::test_default_prop - selenium.common.exceptions.JavascriptException: Message: javascript error: $ is not defined
  (Session info: chrome=146.0.7680.164)
Stacktrace:
#0 0x55fc297bca6a <unknown>
#1 0x55fc291cbab5 <unknown>
#2 0x55fc291d292b <unknown>
#3 0x55fc291d54ab <unknown>
#4 0x55fc292678d9 <unknown>
#5 0x55fc292667b6 <unknown>
#6 0x55fc29211cbf <unknown>
#7 0x55fc29212a81 <unknown>
#8 0x55fc29782a64 <unknown>
#9 0x55fc29785951 <unknown>
#10 0x55fc2976f21e <unknown>
#11 0x55fc2978651e <unknown>
#12 0x55fc29755be0 <unknown>
#13 0x55fc297a99b8 <unknown>
#14 0x55fc297a9b88 <unknown>
#15 0x55fc297bb4de <unknown>
#16 0x7f16d6e9caa4 <unknown>
#17 0x7f16d6f29c6c <unknown>
FAILED encommon/webkit/test/test_default.py::test_default_replace - selenium.common.exceptions.JavascriptException: Message: javascript error: $ is not defined
  (Session info: chrome=146.0.7680.164)
Stacktrace:
#0 0x564cfa303a6a <unknown>
#1 0x564cf9d12ab5 <unknown>
#2 0x564cf9d1992b <unknown>
#3 0x564cf9d1c4ab <unknown>
#4 0x564cf9dae8d9 <unknown>
#5 0x564cf9dad7b6 <unknown>
#6 0x564cf9d58cbf <unknown>
#7 0x564cf9d59a81 <unknown>
#8 0x564cfa2c9a64 <unknown>
#9 0x564cfa2cc951 <unknown>
#10 0x564cfa2b621e <unknown>
#11 0x564cfa2cd51e <unknown>
#12 0x564cfa29cbe0 <unknown>
#13 0x564cfa2f09b8 <unknown>
#14 0x564cfa2f0b88 <unknown>
#15 0x564cfa3024de <unknown>
#16 0x7fb12cc9caa4 <unknown>
#17 0x7fb12cd29c6c <unknown>
FAILED encommon/webkit/test/test_helpers.py::test_helpers_isquery - selenium.common.exceptions.JavascriptException: Message: javascript error: $ is not defined
  (Session info: chrome=146.0.7680.164)
Stacktrace:
#0 0x5579e53d8a6a <unknown>
#1 0x5579e4de7ab5 <unknown>
#2 0x5579e4dee92b <unknown>
#3 0x5579e4df14ab <unknown>
#4 0x5579e4e838d9 <unknown>
#5 0x5579e4e827b6 <unknown>
#6 0x5579e4e2dcbf <unknown>
#7 0x5579e4e2ea81 <unknown>
#8 0x5579e539ea64 <unknown>
#9 0x5579e53a1951 <unknown>
#10 0x5579e538b21e <unknown>
#11 0x5579e53a251e <unknown>
#12 0x5579e5371be0 <unknown>
#13 0x5579e53c59b8 <unknown>
#14 0x5579e53c5b88 <unknown>
#15 0x5579e53d74de <unknown>
#16 0x7f201c89caa4 <unknown>
#17 0x7f201c929c6c <unknown>
FAILED encommon/webkit/test/test_default.py::test_default_addClass - selenium.common.exceptions.JavascriptException: Message: javascript error: $ is not defined
  (Session info: chrome=146.0.7680.164)
Stacktrace:
#0 0x56498b64da6a <unknown>
#1 0x56498b05cab5 <unknown>
#2 0x56498b06392b <unknown>
#3 0x56498b0664ab <unknown>
#4 0x56498b0f88d9 <unknown>
#5 0x56498b0f77b6 <unknown>
#6 0x56498b0a2cbf <unknown>
#7 0x56498b0a3a81 <unknown>
#8 0x56498b613a64 <unknown>
#9 0x56498b616951 <unknown>
#10 0x56498b60021e <unknown>
#11 0x56498b61751e <unknown>
#12 0x56498b5e6be0 <unknown>
#13 0x56498b63a9b8 <unknown>
#14 0x56498b63ab88 <unknown>
#15 0x56498b64c4de <unknown>
#16 0x7f2381a9caa4 <unknown>
#17 0x7f2381b29c6c <unknown>
FAILED encommon/webkit/test/test_default.py::test_default_styles - selenium.common.exceptions.JavascriptException: Message: javascript error: $ is not defined
  (Session info: chrome=146.0.7680.164)
Stacktrace:
#0 0x560e86ac7a6a <unknown>
#1 0x560e864d6ab5 <unknown>
#2 0x560e864dd92b <unknown>
#3 0x560e864e04ab <unknown>
#4 0x560e865728d9 <unknown>
#5 0x560e865717b6 <unknown>
#6 0x560e8651ccbf <unknown>
#7 0x560e8651da81 <unknown>
#8 0x560e86a8da64 <unknown>
#9 0x560e86a90951 <unknown>
#10 0x560e86a7a21e <unknown>
#11 0x560e86a9151e <unknown>
#12 0x560e86a60be0 <unknown>
#13 0x560e86ab49b8 <unknown>
#14 0x560e86ab4b88 <unknown>
#15 0x560e86ac64de <unknown>
#16 0x7f5d9a29caa4 <unknown>
#17 0x7f5d9a329c6c <unknown>
FAILED encommon/webkit/test/test_helpers.py::test_helpers_isnull - selenium.common.exceptions.JavascriptException: Message: javascript error: isnull is not defined
  (Session info: chrome=146.0.7680.164)
Stacktrace:
#0 0x55756b0b4a6a <unknown>
#1 0x55756aac3ab5 <unknown>
#2 0x55756aaca92b <unknown>
#3 0x55756aacd4ab <unknown>
#4 0x55756ab5f8d9 <unknown>
#5 0x55756ab5e7b6 <unknown>
#6 0x55756ab09cbf <unknown>
#7 0x55756ab0aa81 <unknown>
#8 0x55756b07aa64 <unknown>
#9 0x55756b07d951 <unknown>
#10 0x55756b06721e <unknown>
#11 0x55756b07e51e <unknown>
#12 0x55756b04dbe0 <unknown>
#13 0x55756b0a19b8 <unknown>
#14 0x55756b0a1b88 <unknown>
#15 0x55756b0b34de <unknown>
#16 0x7f723d89caa4 <unknown>
#17 0x7f723d929c6c <unknown>
FAILED encommon/webkit/test/test_moderate.py::test_moderate - selenium.common.exceptions.JavascriptException: Message: javascript error: moderate is not defined
  (Session info: chrome=146.0.7680.164)
Stacktrace:
#0 0x55a7cef75a6a <unknown>
#1 0x55a7ce984ab5 <unknown>
#2 0x55a7ce98b92b <unknown>
#3 0x55a7ce98e4ab <unknown>
#4 0x55a7cea208d9 <unknown>
#5 0x55a7cea1f7b6 <unknown>
#6 0x55a7ce9cacbf <unknown>
#7 0x55a7ce9cba81 <unknown>
#8 0x55a7cef3ba64 <unknown>
#9 0x55a7cef3e951 <unknown>
#10 0x55a7cef2821e <unknown>
#11 0x55a7cef3f51e <unknown>
#12 0x55a7cef0ebe0 <unknown>
#13 0x55a7cef629b8 <unknown>
#14 0x55a7cef62b88 <unknown>
#15 0x55a7cef744de <unknown>
#16 0x7fb974c9caa4 <unknown>
#17 0x7fb974d29c6c <unknown>
FAILED encommon/webkit/test/test_default.py::test_default_attr - selenium.common.exceptions.JavascriptException: Message: javascript error: $ is not defined
  (Session info: chrome=146.0.7680.164)
Stacktrace:
#0 0x559abd25ea6a <unknown>
#1 0x559abcc6dab5 <unknown>
#2 0x559abcc7492b <unknown>
#3 0x559abcc774ab <unknown>
#4 0x559abcd098d9 <unknown>
#5 0x559abcd087b6 <unknown>
#6 0x559abccb3cbf <unknown>
#7 0x559abccb4a81 <unknown>
#8 0x559abd224a64 <unknown>
#9 0x559abd227951 <unknown>
#10 0x559abd21121e <unknown>
#11 0x559abd22851e <unknown>
#12 0x559abd1f7be0 <unknown>
#13 0x559abd24b9b8 <unknown>
#14 0x559abd24bb88 <unknown>
#15 0x559abd25d4de <unknown>
#16 0x7f95ebe9caa4 <unknown>
#17 0x7f95ebf29c6c <unknown>
FAILED encommon/webkit/test/test_message.py::test_message - selenium.common.exceptions.JavascriptException: Message: javascript error: message is not defined
  (Session info: chrome=146.0.7680.164)
Stacktrace:
#0 0x5593d4177a6a <unknown>
#1 0x5593d3b86ab5 <unknown>
#2 0x5593d3b8d92b <unknown>
#3 0x5593d3b904ab <unknown>
#4 0x5593d3c228d9 <unknown>
#5 0x5593d3c217b6 <unknown>
#6 0x5593d3bcccbf <unknown>
#7 0x5593d3bcda81 <unknown>
#8 0x5593d413da64 <unknown>
#9 0x5593d4140951 <unknown>
#10 0x5593d412a21e <unknown>
#11 0x5593d414151e <unknown>
#12 0x5593d4110be0 <unknown>
#13 0x5593d41649b8 <unknown>
#14 0x5593d4164b88 <unknown>
#15 0x5593d41764de <unknown>
#16 0x7fb8d709caa4 <unknown>
#17 0x7fb8d7129c6c <unknown>
FAILED encommon/webkit/test/test_helpers.py::test_helpers_isfalse - selenium.common.exceptions.JavascriptException: Message: javascript error: isfalse is not defined
  (Session info: chrome=146.0.7680.164)
Stacktrace:
#0 0x5567fbbc1a6a <unknown>
#1 0x5567fb5d0ab5 <unknown>
#2 0x5567fb5d792b <unknown>
#3 0x5567fb5da4ab <unknown>
#4 0x5567fb66c8d9 <unknown>
#5 0x5567fb66b7b6 <unknown>
#6 0x5567fb616cbf <unknown>
#7 0x5567fb617a81 <unknown>
#8 0x5567fbb87a64 <unknown>
#9 0x5567fbb8a951 <unknown>
#10 0x5567fbb7421e <unknown>
#11 0x5567fbb8b51e <unknown>
#12 0x5567fbb5abe0 <unknown>
#13 0x5567fbbae9b8 <unknown>
#14 0x5567fbbaeb88 <unknown>
#15 0x5567fbbc04de <unknown>
#16 0x7f3322a9caa4 <unknown>
#17 0x7f3322b29c6c <unknown>
FAILED encommon/webkit/test/test_color.py::test_colordiv - selenium.common.exceptions.JavascriptException: Message: javascript error: colordiv is not defined
  (Session info: chrome=146.0.7680.164)
Stacktrace:
#0 0x55d55cdc4a6a <unknown>
#1 0x55d55c7d3ab5 <unknown>
#2 0x55d55c7da92b <unknown>
#3 0x55d55c7dd4ab <unknown>
#4 0x55d55c86f8d9 <unknown>
#5 0x55d55c86e7b6 <unknown>
#6 0x55d55c819cbf <unknown>
#7 0x55d55c81aa81 <unknown>
#8 0x55d55cd8aa64 <unknown>
#9 0x55d55cd8d951 <unknown>
#10 0x55d55cd7721e <unknown>
#11 0x55d55cd8e51e <unknown>
#12 0x55d55cd5dbe0 <unknown>
#13 0x55d55cdb19b8 <unknown>
#14 0x55d55cdb1b88 <unknown>
#15 0x55d55cdc34de <unknown>
#16 0x7f8ad249caa4 <unknown>
#17 0x7f8ad2529c6c <unknown>
FAILED encommon/webkit/test/test_default.py::test_default_remClass - selenium.common.exceptions.JavascriptException: Message: javascript error: $ is not defined
  (Session info: chrome=146.0.7680.164)
Stacktrace:
#0 0x560bee7e6a6a <unknown>
#1 0x560bee1f5ab5 <unknown>
#2 0x560bee1fc92b <unknown>
#3 0x560bee1ff4ab <unknown>
#4 0x560bee2918d9 <unknown>
#5 0x560bee2907b6 <unknown>
#6 0x560bee23bcbf <unknown>
#7 0x560bee23ca81 <unknown>
#8 0x560bee7aca64 <unknown>
#9 0x560bee7af951 <unknown>
#10 0x560bee79921e <unknown>
#11 0x560bee7b051e <unknown>
#12 0x560bee77fbe0 <unknown>
#13 0x560bee7d39b8 <unknown>
#14 0x560bee7d3b88 <unknown>
#15 0x560bee7e54de <unknown>
#16 0x7f8a1689caa4 <unknown>
#17 0x7f8a16929c6c <unknown>
FAILED encommon/webkit/test/test_helpers.py::test_helpers_whenready - selenium.common.exceptions.JavascriptException: Message: javascript error: whenready is not defined
  (Session info: chrome=146.0.7680.164)
Stacktrace:
#0 0x55f45dc7fa6a <unknown>
#1 0x55f45d68eab5 <unknown>
#2 0x55f45d69592b <unknown>
#3 0x55f45d6984ab <unknown>
#4 0x55f45d72a8d9 <unknown>
#5 0x55f45d7297b6 <unknown>
#6 0x55f45d6d4cbf <unknown>
#7 0x55f45d6d5a81 <unknown>
#8 0x55f45dc45a64 <unknown>
#9 0x55f45dc48951 <unknown>
#10 0x55f45dc3221e <unknown>
#11 0x55f45dc4951e <unknown>
#12 0x55f45dc18be0 <unknown>
#13 0x55f45dc6c9b8 <unknown>
#14 0x55f45dc6cb88 <unknown>
#15 0x55f45dc7e4de <unknown>
#16 0x7f636f89caa4 <unknown>
#17 0x7f636f929c6c <unknown>
FAILED encommon/webkit/test/test_statate.py::test_statate - selenium.common.exceptions.JavascriptException: Message: javascript error: statate is not defined
  (Session info: chrome=146.0.7680.164)
Stacktrace:
#0 0x557f2cc88a6a <unknown>
#1 0x557f2c697ab5 <unknown>
#2 0x557f2c69e92b <unknown>
#3 0x557f2c6a14ab <unknown>
#4 0x557f2c7338d9 <unknown>
#5 0x557f2c7327b6 <unknown>
#6 0x557f2c6ddcbf <unknown>
#7 0x557f2c6dea81 <unknown>
#8 0x557f2cc4ea64 <unknown>
#9 0x557f2cc51951 <unknown>
#10 0x557f2cc3b21e <unknown>
#11 0x557f2cc5251e <unknown>
#12 0x557f2cc21be0 <unknown>
#13 0x557f2cc759b8 <unknown>
#14 0x557f2cc75b88 <unknown>
#15 0x557f2cc874de <unknown>
#16 0x7ff40489caa4 <unknown>
#17 0x7ff404929c6c <unknown>
FAILED encommon/webkit/test/test_default.py::test_default_content - selenium.common.exceptions.JavascriptException: Message: javascript error: $ is not defined
  (Session info: chrome=146.0.7680.164)
Stacktrace:
#0 0x558e912c1a6a <unknown>
#1 0x558e90cd0ab5 <unknown>
#2 0x558e90cd792b <unknown>
#3 0x558e90cda4ab <unknown>
#4 0x558e90d6c8d9 <unknown>
#5 0x558e90d6b7b6 <unknown>
#6 0x558e90d16cbf <unknown>
#7 0x558e90d17a81 <unknown>
#8 0x558e91287a64 <unknown>
#9 0x558e9128a951 <unknown>
#10 0x558e9127421e <unknown>
#11 0x558e9128b51e <unknown>
#12 0x558e9125abe0 <unknown>
#13 0x558e912ae9b8 <unknown>
#14 0x558e912aeb88 <unknown>
#15 0x558e912c04de <unknown>
#16 0x7f615ae9caa4 <unknown>
#17 0x7f615af29c6c <unknown>
FAILED encommon/webkit/test/test_datagrid.py::test_datagrid - selenium.common.exceptions.JavascriptException: Message: javascript error: datagrid is not defined
  (Session info: chrome=146.0.7680.164)
Stacktrace:
#0 0x55a3eae30a6a <unknown>
#1 0x55a3ea83fab5 <unknown>
#2 0x55a3ea84692b <unknown>
#3 0x55a3ea8494ab <unknown>
#4 0x55a3ea8db8d9 <unknown>
#5 0x55a3ea8da7b6 <unknown>
#6 0x55a3ea885cbf <unknown>
#7 0x55a3ea886a81 <unknown>
#8 0x55a3eadf6a64 <unknown>
#9 0x55a3eadf9951 <unknown>
#10 0x55a3eade321e <unknown>
#11 0x55a3eadfa51e <unknown>
#12 0x55a3eadc9be0 <unknown>
#13 0x55a3eae1d9b8 <unknown>
#14 0x55a3eae1db88 <unknown>
#15 0x55a3eae2f4de <unknown>
#16 0x7f503a09caa4 <unknown>
#17 0x7f503a129c6c <unknown>
FAILED encommon/webkit/test/test_helpers.py::test_helpers_isdict - selenium.common.exceptions.JavascriptException: Message: javascript error: isdict is not defined
  (Session info: chrome=146.0.7680.164)
Stacktrace:
#0 0x55e2dc21ba6a <unknown>
#1 0x55e2dbc2aab5 <unknown>
#2 0x55e2dbc3192b <unknown>
#3 0x55e2dbc344ab <unknown>
#4 0x55e2dbcc68d9 <unknown>
#5 0x55e2dbcc57b6 <unknown>
#6 0x55e2dbc70cbf <unknown>
#7 0x55e2dbc71a81 <unknown>
#8 0x55e2dc1e1a64 <unknown>
#9 0x55e2dc1e4951 <unknown>
#10 0x55e2dc1ce21e <unknown>
#11 0x55e2dc1e551e <unknown>
#12 0x55e2dc1b4be0 <unknown>
#13 0x55e2dc2089b8 <unknown>
#14 0x55e2dc208b88 <unknown>
#15 0x55e2dc21a4de <unknown>
#16 0x7f198109caa4 <unknown>
#17 0x7f1981129c6c <unknown>
FAILED encommon/webkit/test/test_helpers.py::test_helpers_istrue - selenium.common.exceptions.JavascriptException: Message: javascript error: istrue is not defined
  (Session info: chrome=146.0.7680.164)
Stacktrace:
#0 0x555923414a6a <unknown>
#1 0x555922e23ab5 <unknown>
#2 0x555922e2a92b <unknown>
#3 0x555922e2d4ab <unknown>
#4 0x555922ebf8d9 <unknown>
#5 0x555922ebe7b6 <unknown>
#6 0x555922e69cbf <unknown>
#7 0x555922e6aa81 <unknown>
#8 0x5559233daa64 <unknown>
#9 0x5559233dd951 <unknown>
#10 0x5559233c721e <unknown>
#11 0x5559233de51e <unknown>
#12 0x5559233adbe0 <unknown>
#13 0x5559234019b8 <unknown>
#14 0x555923401b88 <unknown>
#15 0x5559234134de <unknown>
#16 0x7faa9729caa4 <unknown>
#17 0x7faa97329c6c <unknown>
FAILED encommon/webkit/test/test_helpers.py::test_helpers_isnode - selenium.common.exceptions.JavascriptException: Message: javascript error: $ is not defined
  (Session info: chrome=146.0.7680.164)
Stacktrace:
#0 0x55a5d8285a6a <unknown>
#1 0x55a5d7c94ab5 <unknown>
#2 0x55a5d7c9b92b <unknown>
#3 0x55a5d7c9e4ab <unknown>
#4 0x55a5d7d308d9 <unknown>
#5 0x55a5d7d2f7b6 <unknown>
#6 0x55a5d7cdacbf <unknown>
#7 0x55a5d7cdba81 <unknown>
#8 0x55a5d824ba64 <unknown>
#9 0x55a5d824e951 <unknown>
#10 0x55a5d823821e <unknown>
#11 0x55a5d824f51e <unknown>
#12 0x55a5d821ebe0 <unknown>
#13 0x55a5d82729b8 <unknown>
#14 0x55a5d8272b88 <unknown>
#15 0x55a5d82844de <unknown>
#16 0x7fc8cc09caa4 <unknown>
#17 0x7fc8cc129c6c <unknown>
======================= 38 failed, 269 passed in 28.47s ========================
