>>> make cleanup-pycache
  ● Removing Python cache files..
    DONE
  ● Remove package cache files..
    DONE
>>> make cleanup-pytest
  ● Removing pytest cache files..
    DONE
>>> make cleanup-coveragepy
  ● Removing coveragepy cache files..
    DONE
>>> make cleanup-mypy
  ● Removing mypy cache files..
    DONE
>>> make pytest
  ● Executing pytest in encommon..
============================= test session starts ==============================
platform linux -- Python 3.12.8, pytest-8.3.4, pluggy-1.5.0 -- /home/runner/work/encommon/encommon/main/.venv-package/bin/python3
cachedir: .pytest_cache
Using --randomly-seed=669526751
rootdir: /home/runner/work/encommon/encommon/main
configfile: pyproject.toml
plugins: randomly-3.16.0, mypy-0.10.3, cov-6.0.0, sphinx-0.6.3, clarity-1.0.1, xdist-3.6.1
created: 4/4 workers
4 workers [339 items]

scheduling tests via LoadScheduling

encommon/types/test/test_classes.py::test_clsname 
encommon/colors/test/test_color.py::test_Color_hsl[000000-expect2] 
encommon/times/test/test_utils.py::test_strptime_raises 
encommon/colors/test/test_color.py::test_Color_hsl[800080-expect10] 
[gw2] [  0%] PASSED encommon/colors/test/test_color.py::test_Color_hsl[000000-expect2] 
[gw1] [  0%] PASSED encommon/colors/test/test_color.py::test_Color_hsl[800080-expect10] 
encommon/colors/test/test_color.py::test_Color_xyz[00ffff-expect8] 
encommon/colors/test/test_color.py::test_Color_rgb[ff0000-expect3] 
[gw2] [  0%] PASSED encommon/colors/test/test_color.py::test_Color_xyz[00ffff-expect8] 
[gw1] [  1%] PASSED encommon/colors/test/test_color.py::test_Color_rgb[ff0000-expect3] 
encommon/colors/test/test_color.py::test_Color_hsl[00ff00-expect4] 
encommon/colors/test/test_color.py::test_Color_xyz[ffffff-expect1] 
[gw1] [  1%] PASSED encommon/colors/test/test_color.py::test_Color_xyz[ffffff-expect1] 
[gw2] [  1%] PASSED encommon/colors/test/test_color.py::test_Color_hsl[00ff00-expect4] 
encommon/colors/test/test_color.py::test_Color_rgb[800080-expect10] 
encommon/colors/test/test_color.py::test_Color_xy[0000ff-expect5] 
[gw1] [  2%] PASSED encommon/colors/test/test_color.py::test_Color_rgb[800080-expect10] 
[gw2] [  2%] PASSED encommon/colors/test/test_color.py::test_Color_xy[0000ff-expect5] 
encommon/colors/test/test_color.py::test_Color_rgb[ff00cc-expect0] 
[gw1] [  2%] PASSED encommon/colors/test/test_color.py::test_Color_rgb[ff00cc-expect0] 
encommon/colors/test/test_color.py::test_Color_hsl[ff00ff-expect9] 
encommon/colors/test/test_color.py::test_Color_xy[800080-expect10] 
[gw2] [  2%] PASSED encommon/colors/test/test_color.py::test_Color_hsl[ff00ff-expect9] 
encommon/colors/test/test_color.py::test_Color_xy[ff00cc-expect0] 
[gw2] [  3%] PASSED encommon/colors/test/test_color.py::test_Color_xy[ff00cc-expect0] 
encommon/colors/test/test_color.py::test_Color_xyz[00ff00-expect4] 
[gw0] [  3%] PASSED encommon/types/test/test_classes.py::test_clsname 
[gw1] [  3%] PASSED encommon/colors/test/test_color.py::test_Color_xy[800080-expect10] 
[gw2] [  4%] PASSED encommon/colors/test/test_color.py::test_Color_xyz[00ff00-expect4] 
encommon/colors/test/test_color.py::test_Color_hsl[808080-expect6] 
encommon/types/test/test_classes.py::test_lattrs 
[gw3] [  4%] PASSED encommon/times/test/test_utils.py::test_strptime_raises 
encommon/colors/test/test_color.py::test_Color_xy[00ffff-expect8] 
encommon/times/test/test_unitime.py::test_unitime 
[gw1] [  4%] PASSED encommon/colors/test/test_color.py::test_Color_hsl[808080-expect6] 
[gw2] [  5%] PASSED encommon/colors/test/test_color.py::test_Color_xy[00ffff-expect8] 
encommon/colors/test/test_color.py::test_Color_xy[00ff00-expect4] 
encommon/colors/test/test_color.py::test_Color_hsl[ffffff-expect1] 
[gw3] [  5%] PASSED encommon/times/test/test_unitime.py::test_unitime 
[gw1] [  5%] PASSED encommon/colors/test/test_color.py::test_Color_xy[00ff00-expect4] 
encommon/parse/test/test_jinja2.py::test_Jinja2_cover[foo-foo] 
[gw2] [  5%] PASSED encommon/colors/test/test_color.py::test_Color_hsl[ffffff-expect1] 
encommon/colors/test/test_color.py::test_Color_hsl[ff00cc-expect0] 
encommon/colors/test/test_color.py::test_Color_hsl[ff0000-expect3] 
[gw1] [  6%] PASSED encommon/colors/test/test_color.py::test_Color_hsl[ff00cc-expect0] 
[gw2] [  6%] PASSED encommon/colors/test/test_color.py::test_Color_hsl[ff0000-expect3] 
encommon/colors/test/test_color.py::test_Color_xyz[000000-expect2] 
[gw1] [  6%] PASSED encommon/colors/test/test_color.py::test_Color_xyz[000000-expect2] 
[gw0] [  7%] PASSED encommon/types/test/test_classes.py::test_lattrs 
encommon/types/test/test_notate.py::test_setate 
encommon/types/test/test_classes.py::test_BaseModel 
encommon/colors/test/test_color.py::test_Color_hsl[ffff00-expect7] 
[gw0] [  7%] PASSED encommon/types/test/test_classes.py::test_BaseModel 
[gw2] [  7%] PASSED encommon/types/test/test_notate.py::test_setate 
[gw1] [  7%] PASSED encommon/colors/test/test_color.py::test_Color_hsl[ffff00-expect7] 
encommon/config/test/test_logger.py::test_Logger 
encommon/colors/test/test_color.py::test_Color_xyz[808080-expect6] 
encommon/types/test/test_notate.py::test_getate_cover 
[gw2] [  8%] PASSED encommon/types/test/test_notate.py::test_getate_cover 
[gw1] [  8%] PASSED encommon/colors/test/test_color.py::test_Color_xyz[808080-expect6] 
[gw3] [  8%] PASSED encommon/parse/test/test_jinja2.py::test_Jinja2_cover[foo-foo] 
encommon/types/test/test_notate.py::test_setate_cover 
[gw0] [  9%] PASSED encommon/config/test/test_logger.py::test_Logger 
encommon/parse/test/test_jinja2.py::test_Jinja2_cover[100000-100000_1] 
[gw2] [  9%] PASSED encommon/types/test/test_notate.py::test_setate_cover 
encommon/config/test/test_logger.py::test_Logger_cover 
encommon/colors/test/test_color.py::test_Color_xyz[ff00cc-expect0] 
[gw3] [  9%] PASSED encommon/parse/test/test_jinja2.py::test_Jinja2_cover[100000-100000_1] 
encommon/types/test/test_notate.py::test_delate 
encommon/parse/test/test_jinja2.py::test_Jinja2_cover[value4-expect4] 
[gw1] [ 10%] PASSED encommon/colors/test/test_color.py::test_Color_xyz[ff00cc-expect0] 
[gw2] [ 10%] PASSED encommon/types/test/test_notate.py::test_delate 
[gw3] [ 10%] PASSED encommon/parse/test/test_jinja2.py::test_Jinja2_cover[value4-expect4] 
encommon/colors/test/test_color.py::test_Color_rgb[ffffff-expect1] 
encommon/types/test/test_notate.py::test_delate_raises 
encommon/parse/test/test_jinja2.py::test_Jinja2_cover[[1, 2]-expect15] 
[gw0] [ 10%] PASSED encommon/config/test/test_logger.py::test_Logger_cover 
[gw3] [ 11%] PASSED encommon/parse/test/test_jinja2.py::test_Jinja2_cover[[1, 2]-expect15] 
[gw2] [ 11%] PASSED encommon/types/test/test_notate.py::test_delate_raises 
[gw1] [ 11%] PASSED encommon/colors/test/test_color.py::test_Color_rgb[ffffff-expect1] 
encommon/config/test/test_logger.py::test_Message 
encommon/parse/test/test_jinja2.py::test_Jinja2_cover[{{ 1 }}-1] 
encommon/types/test/test_notate.py::test_setate_raises 
encommon/colors/test/test_color.py::test_Color_rgb[ffff00-expect7] 
[gw2] [ 12%] PASSED encommon/types/test/test_notate.py::test_setate_raises 
[gw1] [ 12%] PASSED encommon/colors/test/test_color.py::test_Color_rgb[ffff00-expect7] 
encommon/types/test/test_notate.py::test_getate 
encommon/colors/test/test_color.py::test_Color_xyz[0000ff-expect5] 
[gw2] [ 12%] PASSED encommon/types/test/test_notate.py::test_getate 
[gw1] [ 12%] PASSED encommon/colors/test/test_color.py::test_Color_xyz[0000ff-expect5] 
encommon/times/test/test_utils.py::test_findtz_raises 
encommon/colors/test/test_color.py::test_Color_xyz[ffff00-expect7] 
[gw1] [ 13%] PASSED encommon/colors/test/test_color.py::test_Color_xyz[ffff00-expect7] 
[gw0] [ 13%] PASSED encommon/config/test/test_logger.py::test_Message 
encommon/colors/test/test_color.py::test_Color_xy[ff0000-expect3] 
encommon/colors/test/test_color.py::test_Color_rgb[808080-expect6] 
[gw3] [ 13%] PASSED encommon/parse/test/test_jinja2.py::test_Jinja2_cover[{{ 1 }}-1] 
[gw1] [ 14%] PASSED encommon/colors/test/test_color.py::test_Color_xy[ff0000-expect3] 
encommon/parse/test/test_jinja2.py::test_Jinja2_cover[1.0.0-1.0.0] 
[gw0] [ 14%] PASSED encommon/colors/test/test_color.py::test_Color_rgb[808080-expect6] 
encommon/colors/test/test_color.py::test_Color_xy[000000-expect2] 
[gw3] [ 14%] PASSED encommon/parse/test/test_jinja2.py::test_Jinja2_cover[1.0.0-1.0.0] 
encommon/colors/test/test_color.py::test_Color_xy[ffffff-expect1] 
[gw1] [ 15%] PASSED encommon/colors/test/test_color.py::test_Color_xy[000000-expect2] 
encommon/parse/test/test_jinja2.py::test_Jinja2_recurse 
encommon/colors/test/test_color.py::test_Color_xyz[ff0000-expect3] 
[gw0] [ 15%] PASSED encommon/colors/test/test_color.py::test_Color_xy[ffffff-expect1] 
encommon/colors/test/test_color.py::test_Color_rgb[0000ff-expect5] 
[gw1] [ 15%] PASSED encommon/colors/test/test_color.py::test_Color_xyz[ff0000-expect3] 
[gw0] [ 15%] PASSED encommon/colors/test/test_color.py::test_Color_rgb[0000ff-expect5] 
encommon/colors/test/test_color.py::test_Color_cover 
[gw3] [ 16%] PASSED encommon/parse/test/test_jinja2.py::test_Jinja2_recurse 
encommon/colors/test/test_color.py::test_Color_xy[808080-expect6] 
encommon/parse/test/test_jinja2.py::test_Jinja2_literal[{{ -1.2 }}--1.2] 
[gw1] [ 16%] PASSED encommon/colors/test/test_color.py::test_Color_cover 
[gw0] [ 16%] PASSED encommon/colors/test/test_color.py::test_Color_xy[808080-expect6] 
encommon/config/test/test_utils.py::test_config_path 
encommon/colors/test/test_color.py::test_Color_rgb[00ff00-expect4] 
[gw3] [ 17%] PASSED encommon/parse/test/test_jinja2.py::test_Jinja2_literal[{{ -1.2 }}--1.2] 
encommon/parse/test/test_jinja2.py::test_Jinja2_cover[1-1] 
[gw0] [ 17%] PASSED encommon/colors/test/test_color.py::test_Color_rgb[00ff00-expect4] 
[gw1] [ 17%] PASSED encommon/config/test/test_utils.py::test_config_path 
[gw3] [ 17%] PASSED encommon/parse/test/test_jinja2.py::test_Jinja2_cover[1-1] 
encommon/colors/test/test_color.py::test_Color_xy[ff00ff-expect9] 
encommon/parse/test/test_jinja2.py::test_Jinja2_cover[{{ "01" }}-01] 
encommon/config/test/test_utils.py::test_config_paths 
[gw0] [ 18%] PASSED encommon/colors/test/test_color.py::test_Color_xy[ff00ff-expect9] 
[gw3] [ 18%] PASSED encommon/parse/test/test_jinja2.py::test_Jinja2_cover[{{ "01" }}-01] 
[gw1] [ 18%] PASSED encommon/config/test/test_utils.py::test_config_paths 
encommon/colors/test/test_color.py::test_Color_rgb[00ffff-expect8] 
encommon/parse/test/test_jinja2.py::test_Jinja2_cover[{'a': 'b'}-expect5] 
encommon/config/test/test_utils.py::test_config_load 
[gw0] [ 19%] PASSED encommon/colors/test/test_color.py::test_Color_rgb[00ffff-expect8] 
[gw3] [ 19%] PASSED encommon/parse/test/test_jinja2.py::test_Jinja2_cover[{'a': 'b'}-expect5] 
encommon/colors/test/test_color.py::test_Color_rgb[ff00ff-expect9] 
encommon/parse/test/test_jinja2.py::test_Jinja2_cover[{{ "1" | int }}-1] 
[gw0] [ 19%] PASSED encommon/colors/test/test_color.py::test_Color_rgb[ff00ff-expect9] 
[gw3] [ 20%] PASSED encommon/parse/test/test_jinja2.py::test_Jinja2_cover[{{ "1" | int }}-1] 
encommon/colors/test/test_color.py::test_Color_hsl[0000ff-expect5] 
encommon/parse/test/test_jinja2.py::test_Jinja2_cover[{{ 0 | Time }}-1970-01-01T00:00:00.000000+0000] 
[gw0] [ 20%] PASSED encommon/colors/test/test_color.py::test_Color_hsl[0000ff-expect5] 
[gw1] [ 20%] PASSED encommon/config/test/test_utils.py::test_config_load 
encommon/colors/test/test_color.py::test_Color_xy[ffff00-expect7] 
[gw3] [ 20%] PASSED encommon/parse/test/test_jinja2.py::test_Jinja2_cover[{{ 0 | Time }}-1970-01-01T00:00:00.000000+0000] 
encommon/types/test/test_strings.py::test_rplstr 
[gw0] [ 21%] PASSED encommon/colors/test/test_color.py::test_Color_xy[ffff00-expect7] 
encommon/parse/test/test_jinja2.py::test_Jinja2_literal[{{ 123 }}-123] 
[gw1] [ 21%] PASSED encommon/types/test/test_strings.py::test_rplstr 
encommon/colors/test/test_color.py::test_Color_xyz[800080-expect10] 
encommon/types/test/test_strings.py::test_strplwr 
[gw0] [ 21%] PASSED encommon/colors/test/test_color.py::test_Color_xyz[800080-expect10] 
[gw3] [ 22%] PASSED encommon/parse/test/test_jinja2.py::test_Jinja2_literal[{{ 123 }}-123] 
[gw1] [ 22%] PASSED encommon/types/test/test_strings.py::test_strplwr 
encommon/parse/test/test_jinja2.py::test_Jinja2_cover[value14-expect14] 
encommon/colors/test/test_color.py::test_Color 
encommon/types/test/test_strings.py::test_hasstr 
[gw1] [ 22%] PASSED encommon/types/test/test_strings.py::test_hasstr 
[gw3] [ 23%] PASSED encommon/parse/test/test_jinja2.py::test_Jinja2_cover[value14-expect14] 
[gw0] [ 23%] PASSED encommon/colors/test/test_color.py::test_Color 
encommon/types/test/test_strings.py::test_inrepr 
encommon/parse/test/test_jinja2.py::test_Jinja2_cover[01-01] 
encommon/colors/test/test_color.py::test_Color_rgb[000000-expect2] 
[gw1] [ 23%] PASSED encommon/types/test/test_strings.py::test_inrepr 
[gw3] [ 23%] PASSED encommon/parse/test/test_jinja2.py::test_Jinja2_cover[01-01] 
[gw0] [ 24%] PASSED encommon/colors/test/test_color.py::test_Color_rgb[000000-expect2] 
encommon/types/test/test_strings.py::test_instr 
encommon/parse/test/test_jinja2.py::test_Jinja2_literal[{{ 1.2 }}-1.2] 
[gw1] [ 24%] PASSED encommon/types/test/test_strings.py::test_instr 
encommon/colors/test/test_color.py::test_Color_hsl[00ffff-expect8] 
encommon/times/test/test_duration.py::test_Duration_iterate 
[gw0] [ 24%] PASSED encommon/colors/test/test_color.py::test_Color_hsl[00ffff-expect8] 
[gw3] [ 25%] PASSED encommon/parse/test/test_jinja2.py::test_Jinja2_literal[{{ 1.2 }}-1.2] 
encommon/parse/test/test_jinja2.py::test_Jinja2_cover[10.001-10.001_0] 
encommon/colors/test/test_color.py::test_Color_xyz[ff00ff-expect9] 
[gw3] [ 25%] PASSED encommon/parse/test/test_jinja2.py::test_Jinja2_cover[10.001-10.001_0] 
[gw1] [ 25%] PASSED encommon/times/test/test_duration.py::test_Duration_iterate 
[gw0] [ 25%] PASSED encommon/colors/test/test_color.py::test_Color_xyz[ff00ff-expect9] 
encommon/times/test/test_duration.py::test_Duration_cover 
encommon/parse/test/test_jinja2.py::test_Jinja2_cover[1.0-1.0] 
encommon/utils/test/test_sample.py::test_prep_sample 
[gw1] [ 26%] PASSED encommon/times/test/test_duration.py::test_Duration_cover 
[gw3] [ 26%] PASSED encommon/parse/test/test_jinja2.py::test_Jinja2_cover[1.0-1.0] 
encommon/times/test/test_duration.py::test_Duration 
encommon/types/test/test_lists.py::test_inlist 
[gw0] [ 26%] PASSED encommon/utils/test/test_sample.py::test_prep_sample 
[gw1] [ 27%] PASSED encommon/times/test/test_duration.py::test_Duration 
[gw3] [ 27%] PASSED encommon/types/test/test_lists.py::test_inlist 
encommon/config/test/test_files.py::test_ConfigFiles 
encommon/utils/test/test_match.py::test_fuzz_match 
encommon/types/test/test_lists.py::test_fuzzy_list 
[gw3] [ 27%] PASSED encommon/types/test/test_lists.py::test_fuzzy_list 
[gw1] [ 28%] PASSED encommon/utils/test/test_match.py::test_fuzz_match 
encommon/utils/test/test_stdout.py::test_make_ansi 
encommon/utils/test/test_match.py::test_rgxp_match 
[gw1] [ 28%] PASSED encommon/utils/test/test_match.py::test_rgxp_match 
[gw3] [ 28%] PASSED encommon/utils/test/test_stdout.py::test_make_ansi 
encommon/utils/test/test_sample.py::test_read_sample 
encommon/utils/test/test_stdout.py::test_array_ansi_cover 
[gw1] [ 28%] PASSED encommon/utils/test/test_sample.py::test_read_sample 
[gw3] [ 29%] PASSED encommon/utils/test/test_stdout.py::test_array_ansi_cover 
encommon/utils/test/test_sample.py::test_rvrt_sample 
encommon/utils/test/test_stdout.py::test_kvpair_ansi 
[gw1] [ 29%] PASSED encommon/utils/test/test_sample.py::test_rvrt_sample 
encommon/utils/test/test_sample.py::test_load_sample 
[gw3] [ 29%] PASSED encommon/utils/test/test_stdout.py::test_kvpair_ansi 
[gw0] [ 30%] PASSED encommon/config/test/test_files.py::test_ConfigFiles 
encommon/utils/test/test_stdout.py::test_print_ansi 
encommon/config/test/test_files.py::test_ConfigFiles_cover 
[gw1] [ 30%] PASSED encommon/utils/test/test_sample.py::test_load_sample 
[gw3] [ 30%] PASSED encommon/utils/test/test_stdout.py::test_print_ansi 
encommon/utils/test/test_stdout.py::test_strip_ansi 
encommon/colors/test/__init__.py::mypy 
[gw3] [ 30%] PASSED encommon/utils/test/test_stdout.py::test_strip_ansi 
encommon/utils/test/test_stdout.py::test_array_ansi 
[gw3] [ 31%] PASSED encommon/utils/test/test_stdout.py::test_array_ansi 
encommon/times/test/test_params.py::test_TimerParams 
[gw0] [ 31%] PASSED encommon/config/test/test_files.py::test_ConfigFiles_cover 
encommon/config/test/test_files.py::test_ConfigFile 
[gw3] [ 31%] PASSED encommon/times/test/test_params.py::test_TimerParams 
encommon/times/test/test_params.py::test_WindowParams 
[gw3] [ 32%] PASSED encommon/times/test/test_params.py::test_WindowParams 
encommon/crypts/test/test_hashes.py::test_Hashes 
[gw3] [ 32%] PASSED encommon/crypts/test/test_hashes.py::test_Hashes 
encommon/colors/color.py::mypy 
[gw0] [ 32%] PASSED encommon/config/test/test_files.py::test_ConfigFile 
encommon/times/test/test_timers.py::test_Timers_cover 
[gw2] [ 33%] PASSED encommon/times/test/test_utils.py::test_findtz_raises 
encommon/times/test/test_utils.py::test_utcdatetime 
[gw2] [ 33%] PASSED encommon/times/test/test_utils.py::test_utcdatetime 
encommon/times/test/test_utils.py::test_strptime 
[gw2] [ 33%] PASSED encommon/times/test/test_utils.py::test_strptime 
encommon/times/test/test_utils.py::test_findtz 
[gw2] [ 33%] PASSED encommon/times/test/test_utils.py::test_findtz 
encommon/parse/test/test_jinja2.py::test_Jinja2_cover[10.001-10.001_1] 
[gw2] [ 34%] PASSED encommon/parse/test/test_jinja2.py::test_Jinja2_cover[10.001-10.001_1] 
encommon/parse/test/test_jinja2.py::test_Jinja2_cover[-01--01] 
[gw2] [ 34%] PASSED encommon/parse/test/test_jinja2.py::test_Jinja2_cover[-01--01] 
encommon/parse/test/test_jinja2.py::test_Jinja2_literal[{{ none }}-None] 
[gw2] [ 34%] PASSED encommon/parse/test/test_jinja2.py::test_Jinja2_literal[{{ none }}-None] 
encommon/parse/test/test_jinja2.py::test_Jinja2_cover[{{ "1" | float }}-1.0] 
[gw2] [ 35%] PASSED encommon/parse/test/test_jinja2.py::test_Jinja2_cover[{{ "1" | float }}-1.0] 
encommon/parse/test/test_jinja2.py::test_Jinja2_cover[{{ "-01" }}--01] 
[gw2] [ 35%] PASSED encommon/parse/test/test_jinja2.py::test_Jinja2_cover[{{ "-01" }}--01] 
encommon/parse/test/test_jinja2.py::test_Jinja2 
[gw2] [ 35%] PASSED encommon/parse/test/test_jinja2.py::test_Jinja2 
encommon/parse/test/test_jinja2.py::test_Jinja2_cover[100000-100000_0] 
[gw2] [ 35%] PASSED encommon/parse/test/test_jinja2.py::test_Jinja2_cover[100000-100000_0] 
encommon/config/test/test_paths.py::test_ConfigPaths_cover 
[gw2] [ 36%] PASSED encommon/config/test/test_paths.py::test_ConfigPaths_cover 
encommon/config/test/test_paths.py::test_ConfigPath 
[gw2] [ 36%] PASSED encommon/config/test/test_paths.py::test_ConfigPath 
encommon/config/test/test_paths.py::test_ConfigPaths 
[gw2] [ 36%] PASSED encommon/config/test/test_paths.py::test_ConfigPaths 
encommon/types/test/test_dicts.py::test_merge_dicts 
[gw2] [ 37%] PASSED encommon/types/test/test_dicts.py::test_merge_dicts 
encommon/types/test/test_dicts.py::test_sort_dict 
[gw2] [ 37%] PASSED encommon/types/test/test_dicts.py::test_sort_dict 
encommon/crypts/test/test_crypts.py::test_Crypts_iterate[foo-default] 
[gw2] [ 37%] PASSED encommon/crypts/test/test_crypts.py::test_Crypts_iterate[foo-default] 
encommon/crypts/test/test_crypts.py::test_Crypts_iterate[foo-secrets] 
[gw2] [ 38%] PASSED encommon/crypts/test/test_crypts.py::test_Crypts_iterate[foo-secrets] 
encommon/crypts/test/test_crypts.py::test_Crypts_cover 
[gw2] [ 38%] PASSED encommon/crypts/test/test_crypts.py::test_Crypts_cover 
encommon/crypts/test/test_crypts.py::test_Crypts 
[gw2] [ 38%] PASSED encommon/crypts/test/test_crypts.py::test_Crypts 
encommon/crypts/test/test_crypts.py::test_Crypts_raises 
[gw2] [ 38%] PASSED encommon/crypts/test/test_crypts.py::test_Crypts_raises 
encommon/crypts/hashes.py::mypy 
[gw0] [ 39%] PASSED encommon/times/test/test_timers.py::test_Timers_cover 
encommon/times/test/test_timers.py::test_Timers_raises 
[gw0] [ 39%] PASSED encommon/times/test/test_timers.py::test_Timers_raises 
encommon/times/test/test_timers.py::test_Timers 
[gw0] [ 39%] PASSED encommon/times/test/test_timers.py::test_Timers 
encommon/utils/test/test_paths.py::test_stats_path 
[gw0] [ 40%] PASSED encommon/utils/test/test_paths.py::test_stats_path 
encommon/utils/test/test_paths.py::test_resolve_paths 
[gw0] [ 40%] PASSED encommon/utils/test/test_paths.py::test_resolve_paths 
encommon/utils/test/test_paths.py::test_resolve_path 
[gw0] [ 40%] PASSED encommon/utils/test/test_paths.py::test_resolve_path 
encommon/utils/test/test_files.py::test_readsave_text 
[gw0] [ 41%] PASSED encommon/utils/test/test_files.py::test_readsave_text 
encommon/types/test/test_empty.py::test_EmptyType 
[gw0] [ 41%] PASSED encommon/types/test/test_empty.py::test_EmptyType 
encommon/config/test/test_config.py::test_Config 
[gw0] [ 41%] PASSED encommon/config/test/test_config.py::test_Config 
encommon/config/test/test_config.py::test_Config_cover 
[gw0] [ 41%] PASSED encommon/config/test/test_config.py::test_Config_cover 
encommon/types/test/test_lists.py::test_dedup_list 
[gw0] [ 42%] PASSED encommon/types/test/test_lists.py::test_dedup_list 
encommon/times/parse.py::encommon.times.parse.since_time 
[gw0] [ 42%] PASSED encommon/times/parse.py::encommon.times.parse.since_time 
encommon/times/common.py::mypy 
[gw1] [ 42%] PASSED encommon/colors/test/__init__.py::mypy 
encommon/colors/test/test_color.py::mypy 
[gw1] [ 43%] PASSED encommon/colors/test/test_color.py::mypy 
encommon/__init__.py::mypy-status 
[gw1] [ 43%] PASSED encommon/__init__.py::mypy-status 
encommon/__init__.py::mypy 
[gw1] [ 43%] PASSED encommon/__init__.py::mypy 
encommon/config/config.py::mypy 
[gw1] [ 43%] PASSED encommon/config/config.py::mypy 
encommon/config/paths.py::mypy 
[gw1] [ 44%] PASSED encommon/config/paths.py::mypy 
encommon/config/logger.py::mypy 
[gw1] [ 44%] PASSED encommon/config/logger.py::mypy 
encommon/config/test/__init__.py::mypy 
[gw0] [ 44%] PASSED encommon/times/common.py::mypy 
[gw1] [ 45%] PASSED encommon/config/test/__init__.py::mypy 
encommon/times/test/__init__.py::mypy 
encommon/config/config.py::encommon.config.config.Config 
[gw0] [ 45%] PASSED encommon/times/test/__init__.py::mypy 
encommon/times/parse.py::mypy 
[gw1] [ 45%] PASSED encommon/config/config.py::encommon.config.config.Config 
[gw0] [ 46%] PASSED encommon/times/parse.py::mypy 
encommon/config/params.py::mypy 
encommon/times/params.py::mypy 
[gw1] [ 46%] PASSED encommon/config/params.py::mypy 
encommon/config/logger.py::encommon.config.logger.Message 
[gw0] [ 46%] PASSED encommon/times/params.py::mypy 
encommon/times/__init__.py::mypy 
[gw0] [ 46%] PASSED encommon/times/__init__.py::mypy 
[gw3] [ 47%] PASSED encommon/colors/color.py::mypy 
encommon/times/parse.py::encommon.times.parse.parse_time 
encommon/colors/color.py::encommon.colors.color.Color 
[gw0] [ 47%] PASSED encommon/times/parse.py::encommon.times.parse.parse_time 
encommon/times/duration.py::mypy 
[gw3] [ 47%] PASSED encommon/colors/color.py::encommon.colors.color.Color 
encommon/colors/__init__.py::mypy 
[gw0] [ 48%] PASSED encommon/times/duration.py::mypy 
encommon/times/duration.py::encommon.times.duration.Duration 
[gw3] [ 48%] PASSED encommon/colors/__init__.py::mypy 
[gw1] [ 48%] PASSED encommon/config/logger.py::encommon.config.logger.Message 
encommon/config/test/test_config.py::mypy 
[gw0] [ 48%] PASSED encommon/times/duration.py::encommon.times.duration.Duration 
encommon/config/logger.py::encommon.config.logger.Logger 
encommon/times/test/test_duration.py::mypy 
[gw3] [ 49%] PASSED encommon/config/test/test_config.py::mypy 
[gw1] [ 49%] PASSED encommon/config/logger.py::encommon.config.logger.Logger 
[gw0] [ 49%] PASSED encommon/times/test/test_duration.py::mypy 
encommon/config/__init__.py::mypy 
encommon/config/files.py::mypy 
encommon/times/parse.py::encommon.times.parse.shift_time 
[gw3] [ 50%] PASSED encommon/config/__init__.py::mypy 
[gw1] [ 50%] PASSED encommon/config/files.py::mypy 
[gw0] [ 50%] PASSED encommon/times/parse.py::encommon.times.parse.shift_time 
encommon/times/parse.py::encommon.times.parse.string_time 
encommon/types/strings.py::mypy 
encommon/config/test/test_files.py::mypy 
[gw0] [ 51%] PASSED encommon/types/strings.py::mypy 
[gw3] [ 51%] PASSED encommon/config/test/test_files.py::mypy 
encommon/types/notate.py::encommon.types.notate.delate 
[gw1] [ 51%] PASSED encommon/times/parse.py::encommon.times.parse.string_time 
encommon/config/test/test_logger.py::mypy 
[gw0] [ 51%] PASSED encommon/types/notate.py::encommon.types.notate.delate 
encommon/times/test/test_params.py::mypy 
[gw3] [ 52%] PASSED encommon/config/test/test_logger.py::mypy 
encommon/types/notate.py::encommon.types.notate.setate 
encommon/config/test/test_paths.py::mypy 
[gw0] [ 52%] PASSED encommon/types/notate.py::encommon.types.notate.setate 
[gw1] [ 52%] PASSED encommon/times/test/test_params.py::mypy 
encommon/types/strings.py::encommon.types.strings.inrepr 
encommon/times/test/test_parse.py::mypy 
[gw2] [ 53%] PASSED encommon/crypts/hashes.py::mypy 
[gw3] [ 53%] PASSED encommon/config/test/test_paths.py::mypy 
[gw0] [ 53%] PASSED encommon/types/strings.py::encommon.types.strings.inrepr 
[gw1] [ 53%] PASSED encommon/times/test/test_parse.py::mypy 
encommon/crypts/crypts.py::mypy 
encommon/types/strings.py::encommon.types.strings.hasstr 
encommon/config/test/test_utils.py::mypy 
encommon/times/test/test_time.py::mypy 
[gw3] [ 54%] PASSED encommon/config/test/test_utils.py::mypy 
[gw0] [ 54%] PASSED encommon/types/strings.py::encommon.types.strings.hasstr 
[gw2] [ 54%] PASSED encommon/crypts/crypts.py::mypy 
[gw1] [ 55%] PASSED encommon/times/test/test_time.py::mypy 
encommon/conftest.py::mypy 
encommon/types/lists.py::mypy 
[gw3] [ 55%] PASSED encommon/conftest.py::mypy 
encommon/crypts/test/__init__.py::mypy 
encommon/times/test/test_timer.py::mypy 
[gw1] [ 55%] PASSED encommon/times/test/test_timer.py::mypy 
[gw0] [ 56%] PASSED encommon/types/lists.py::mypy 
encommon/crypts/__init__.py::mypy 
encommon/times/test/test_timers.py::mypy 
encommon/times/windows.py::mypy 
[gw3] [ 56%] PASSED encommon/crypts/__init__.py::mypy 
[gw1] [ 56%] PASSED encommon/times/test/test_timers.py::mypy 
[gw2] [ 56%] PASSED encommon/crypts/test/__init__.py::mypy 
[gw0] [ 57%] PASSED encommon/times/windows.py::mypy 
encommon/crypts/params.py::mypy 
encommon/types/test/test_classes.py::mypy 
encommon/times/test/test_unitime.py::mypy 
[gw3] [ 57%] PASSED encommon/crypts/params.py::mypy 
[gw1] [ 57%] PASSED encommon/times/test/test_unitime.py::mypy 
encommon/crypts/test/test_crypts.py::mypy 
[gw0] [ 58%] PASSED encommon/types/test/test_classes.py::mypy 
encommon/times/test/test_utils.py::mypy 
encommon/config/utils.py::mypy 
encommon/types/notate.py::mypy 
[gw3] [ 58%] PASSED encommon/crypts/test/test_crypts.py::mypy 
encommon/crypts/hashes.py::encommon.crypts.hashes.Hashes 
[gw1] [ 58%] PASSED encommon/times/test/test_utils.py::mypy 
[gw0] [ 58%] PASSED encommon/types/notate.py::mypy 
encommon/times/test/test_window.py::mypy 
encommon/types/empty.py::mypy 
[gw2] [ 59%] PASSED encommon/config/utils.py::mypy 
[gw3] [ 59%] PASSED encommon/crypts/hashes.py::encommon.crypts.hashes.Hashes 
[gw1] [ 59%] PASSED encommon/times/test/test_window.py::mypy 
encommon/crypts/test/test_hashes.py::mypy 
encommon/crypts/crypts.py::encommon.crypts.crypts.Crypts 
encommon/times/test/test_windows.py::mypy 
[gw2] [ 60%] PASSED encommon/crypts/test/test_hashes.py::mypy 
encommon/parse/test/test_jinja2.py::mypy 
[gw1] [ 60%] PASSED encommon/times/test/test_windows.py::mypy 
encommon/types/lists.py::encommon.types.lists.inlist 
[gw2] [ 60%] PASSED encommon/parse/test/test_jinja2.py::mypy 
[gw3] [ 61%] PASSED encommon/crypts/crypts.py::encommon.crypts.crypts.Crypts 
encommon/parse/jinja2.py::mypy 
encommon/types/classes.py::mypy 
[gw1] [ 61%] PASSED encommon/types/lists.py::encommon.types.lists.inlist 
[gw2] [ 61%] PASSED encommon/parse/jinja2.py::mypy 
encommon/times/window.py::encommon.times.window.Window 
[gw3] [ 61%] PASSED encommon/types/classes.py::mypy 
encommon/parse/network.py::mypy 
encommon/times/utils.py::mypy 
[gw2] [ 62%] PASSED encommon/parse/network.py::mypy 
[gw3] [ 62%] PASSED encommon/times/utils.py::mypy 
encommon/parse/__init__.py::mypy 
[gw2] [ 62%] PASSED encommon/parse/__init__.py::mypy 
encommon/types/dicts.py::mypy 
[gw3] [ 63%] PASSED encommon/types/dicts.py::mypy 
encommon/parse/jinja2.py::encommon.parse.jinja2.Jinja2 
encommon/types/strings.py::encommon.types.strings.instr 
[gw3] [ 63%] PASSED encommon/types/strings.py::encommon.types.strings.instr 
encommon/times/utils.py::encommon.times.utils.strftime 
[gw2] [ 63%] PASSED encommon/parse/jinja2.py::encommon.parse.jinja2.Jinja2 
[gw1] [ 64%] FAILED encommon/times/window.py::encommon.times.window.Window 
encommon/types/notate.py::encommon.types.notate.getate 
[gw3] [ 64%] PASSED encommon/times/utils.py::encommon.times.utils.strftime 
encommon/parse/test/__init__.py::mypy 
encommon/times/timers.py::mypy 
[gw2] [ 64%] PASSED encommon/parse/test/__init__.py::mypy 
[gw1] [ 64%] PASSED encommon/types/notate.py::encommon.types.notate.getate 
[gw3] [ 65%] PASSED encommon/times/timers.py::mypy 
encommon/times/timer.py::mypy 
encommon/parse/test/test_network.py::mypy 
encommon/types/strings.py::encommon.types.strings.strplwr 
[gw0] [ 65%] PASSED encommon/types/empty.py::mypy 
[gw1] [ 65%] PASSED encommon/times/timer.py::mypy 
[gw3] [ 66%] PASSED encommon/types/strings.py::encommon.types.strings.strplwr 
[gw2] [ 66%] PASSED encommon/parse/test/test_network.py::mypy 
encommon/types/lists.py::encommon.types.lists.dedup_list 
encommon/times/window.py::mypy 
encommon/types/strings.py::encommon.types.strings.rplstr 
encommon/types/lists.py::encommon.types.lists.fuzzy_list 
[gw1] [ 66%] PASSED encommon/times/window.py::mypy 
[gw0] [ 66%] PASSED encommon/types/lists.py::encommon.types.lists.dedup_list 
[gw2] [ 67%] PASSED encommon/types/strings.py::encommon.types.strings.rplstr 
encommon/times/utils.py::encommon.times.utils.findtz 
[gw3] [ 67%] PASSED encommon/types/lists.py::encommon.types.lists.fuzzy_list 
encommon/times/timers.py::encommon.times.timers.Timers 
encommon/types/test/__init__.py::mypy 
encommon/types/test/test_empty.py::mypy 
[gw3] [ 67%] PASSED encommon/types/test/test_empty.py::mypy 
[gw2] [ 68%] PASSED encommon/types/test/__init__.py::mypy 
encommon/types/test/test_lists.py::mypy 
encommon/types/dicts.py::encommon.types.dicts.merge_dicts 
[gw3] [ 68%] PASSED encommon/types/test/test_lists.py::mypy 
[gw1] [ 68%] PASSED encommon/times/utils.py::encommon.times.utils.findtz 
[gw2] [ 69%] PASSED encommon/types/dicts.py::encommon.types.dicts.merge_dicts 
encommon/types/test/test_notate.py::mypy 
encommon/times/windows.py::encommon.times.windows.Windows 
encommon/types/__init__.py::mypy 
[gw3] [ 69%] PASSED encommon/types/test/test_notate.py::mypy 
[gw2] [ 69%] PASSED encommon/types/__init__.py::mypy 
encommon/types/test/test_strings.py::mypy 
[gw3] [ 69%] PASSED encommon/types/test/test_strings.py::mypy 
encommon/times/time.py::encommon.times.time.Time 
encommon/utils/sample.py::mypy 
[gw3] [ 70%] PASSED encommon/utils/sample.py::mypy 
encommon/utils/sample.py::encommon.utils.sample.load_sample 
[gw3] [ 70%] PASSED encommon/utils/sample.py::encommon.utils.sample.load_sample 
encommon/utils/test/__init__.py::mypy 
[gw3] [ 70%] PASSED encommon/utils/test/__init__.py::mypy 
encommon/utils/common.py::mypy 
[gw2] [ 71%] PASSED encommon/times/time.py::encommon.times.time.Time 
[gw3] [ 71%] PASSED encommon/utils/common.py::mypy 
encommon/utils/stdout.py::encommon.utils.stdout.kvpair_ansi 
encommon/times/unitime.py::mypy 
[gw3] [ 71%] PASSED encommon/utils/stdout.py::encommon.utils.stdout.kvpair_ansi 
[gw2] [ 71%] PASSED encommon/times/unitime.py::mypy 
encommon/utils/paths.py::encommon.utils.paths.resolve_path 
encommon/types/test/test_dicts.py::mypy 
[gw3] [ 72%] PASSED encommon/utils/paths.py::encommon.utils.paths.resolve_path 
encommon/types/types.py::mypy 
[gw2] [ 72%] PASSED encommon/types/test/test_dicts.py::mypy 
[gw3] [ 72%] PASSED encommon/types/types.py::mypy 
encommon/utils/paths.py::encommon.utils.paths.stats_path 
encommon/utils/match.py::encommon.utils.match.rgxp_match 
[gw3] [ 73%] PASSED encommon/utils/match.py::encommon.utils.match.rgxp_match 
encommon/utils/files.py::encommon.utils.files.read_text 
[gw2] [ 73%] PASSED encommon/utils/paths.py::encommon.utils.paths.stats_path 
[gw3] [ 73%] PASSED encommon/utils/files.py::encommon.utils.files.read_text 
encommon/utils/match.py::mypy 
encommon/utils/stdout.py::encommon.utils.stdout.strip_ansi 
[gw2] [ 74%] PASSED encommon/utils/match.py::mypy 
[gw3] [ 74%] PASSED encommon/utils/stdout.py::encommon.utils.stdout.strip_ansi 
encommon/utils/stdout.py::encommon.utils.stdout.array_ansi 
encommon/utils/paths.py::encommon.utils.paths.resolve_paths 
[gw3] [ 74%] PASSED encommon/utils/paths.py::encommon.utils.paths.resolve_paths 
encommon/utils/sample.py::encommon.utils.sample.prep_sample 
[gw3] [ 74%] PASSED encommon/utils/sample.py::encommon.utils.sample.prep_sample 
[gw2] [ 75%] PASSED encommon/utils/stdout.py::encommon.utils.stdout.array_ansi 
encommon/utils/test/test_match.py::mypy 
encommon/utils/paths.py::mypy 
[gw3] [ 75%] PASSED encommon/utils/test/test_match.py::mypy 
encommon/utils/test/test_paths.py::mypy 
[gw1] [ 75%] PASSED encommon/times/windows.py::encommon.times.windows.Windows 
[gw3] [ 76%] PASSED encommon/utils/test/test_paths.py::mypy 
encommon/times/unitime.py::encommon.times.unitime.unitime 
encommon/utils/test/test_sample.py::mypy 
[gw3] [ 76%] PASSED encommon/utils/test/test_sample.py::mypy 
[gw1] [ 76%] PASSED encommon/times/unitime.py::encommon.times.unitime.unitime 
encommon/utils/test/test_stdout.py::mypy 
encommon/utils/files.py::encommon.utils.files.save_text 
[gw3] [ 76%] PASSED encommon/utils/test/test_stdout.py::mypy 
encommon/times/test/test_windows.py::test_Windows_raises 
[gw1] [ 77%] PASSED encommon/utils/files.py::encommon.utils.files.save_text 
encommon/utils/match.py::encommon.utils.match.fuzz_match 
[gw1] [ 77%] PASSED encommon/utils/match.py::encommon.utils.match.fuzz_match 
encommon/utils/stdout.py::encommon.utils.stdout.make_ansi 
[gw1] [ 77%] PASSED encommon/utils/stdout.py::encommon.utils.stdout.make_ansi 
encommon/utils/files.py::mypy 
[gw1] [ 78%] PASSED encommon/utils/files.py::mypy 
encommon/utils/test/test_files.py::mypy 
[gw1] [ 78%] PASSED encommon/utils/test/test_files.py::mypy 
encommon/utils/stdout.py::encommon.utils.stdout.print_ansi 
[gw1] [ 78%] PASSED encommon/utils/stdout.py::encommon.utils.stdout.print_ansi 
encommon/parse/test/test_network.py::test_Network_ipv6 
[gw1] [ 79%] PASSED encommon/parse/test/test_network.py::test_Network_ipv6 
encommon/parse/test/test_network.py::test_Network_ipv4 
[gw1] [ 79%] PASSED encommon/parse/test/test_network.py::test_Network_ipv4 
encommon/parse/test/test_network.py::test_insubnet_ip 
[gw1] [ 79%] PASSED encommon/parse/test/test_network.py::test_insubnet_ip 
encommon/parse/test/test_network.py::test_isvalid_ip 
[gw2] [ 79%] PASSED encommon/utils/paths.py::mypy 
[gw1] [ 80%] PASSED encommon/parse/test/test_network.py::test_isvalid_ip 
encommon/parse/test/test_network.py::test_Network 
encommon/utils/stdout.py::mypy 
[gw1] [ 80%] PASSED encommon/parse/test/test_network.py::test_Network 
[gw2] [ 80%] PASSED encommon/utils/stdout.py::mypy 
encommon/times/test/test_window.py::test_window_interval[window8-3559-False-expect8] 
encommon/utils/__init__.py::mypy 
[gw1] [ 81%] PASSED encommon/times/test/test_window.py::test_window_interval[window8-3559-False-expect8] 
[gw2] [ 81%] PASSED encommon/utils/__init__.py::mypy 
encommon/times/test/test_window.py::test_window_interval[window5-3659-False-expect5] 
encommon/times/test/test_window.py::test_window_interval[window9-3660-False-expect9] 
[gw1] [ 81%] PASSED encommon/times/test/test_window.py::test_window_interval[window5-3659-False-expect5] 
encommon/times/test/test_window.py::test_window_interval[window1-1-False-expect1] 
[gw2] [ 82%] PASSED encommon/times/test/test_window.py::test_window_interval[window9-3660-False-expect9] 
[gw1] [ 82%] PASSED encommon/times/test/test_window.py::test_window_interval[window1-1-False-expect1] 
encommon/times/test/test_window.py::test_window_interval[window7-3661-False-expect7] 
encommon/times/test/test_window.py::test_window_croniter[* * * * *-3659-False-expect5] 
[gw2] [ 82%] PASSED encommon/times/test/test_window.py::test_window_interval[window7-3661-False-expect7] 
[gw1] [ 82%] PASSED encommon/times/test/test_window.py::test_window_croniter[* * * * *-3659-False-expect5] 
encommon/times/test/test_window.py::test_window_croniter[* * * * *-3661-False-expect7] 
encommon/times/test/test_window.py::test_window_croniter[0 * * * *-3559-False-expect8] 
[gw1] [ 83%] PASSED encommon/times/test/test_window.py::test_window_croniter[0 * * * *-3559-False-expect8] 
encommon/times/test/test_window.py::test_window_croniter[* * * * *-3559-False-expect4] 
[gw2] [ 83%] PASSED encommon/times/test/test_window.py::test_window_croniter[* * * * *-3661-False-expect7] 
[gw1] [ 83%] PASSED encommon/times/test/test_window.py::test_window_croniter[* * * * *-3559-False-expect4] 
[gw3] [ 84%] PASSED encommon/times/test/test_windows.py::test_Windows_raises 
encommon/times/test/test_window.py::test_Window 
encommon/times/test/test_windows.py::test_Windows_cover 
encommon/times/test/test_window.py::test_window_interval[window4-3559-False-expect4] 
[gw1] [ 84%] PASSED encommon/times/test/test_window.py::test_window_interval[window4-3559-False-expect4] 
encommon/times/test/test_window.py::test_window_interval[window10-3661-False-expect10] 
[gw2] [ 84%] PASSED encommon/times/test/test_window.py::test_Window 
[gw1] [ 84%] PASSED encommon/times/test/test_window.py::test_window_interval[window10-3661-False-expect10] 
encommon/times/test/test_window.py::test_window_croniter[* * * * *-3660-False-expect6] 
encommon/times/test/test_window.py::test_window_interval[window0-0-False-expect0] 
[gw1] [ 85%] PASSED encommon/times/test/test_window.py::test_window_interval[window0-0-False-expect0] 
[gw2] [ 85%] PASSED encommon/times/test/test_window.py::test_window_croniter[* * * * *-3660-False-expect6] 
encommon/times/test/test_window.py::test_window_interval[window3-1-True-expect3] 
encommon/times/test/test_window.py::test_window_croniter[0 * * * *-3660-False-expect9] 
[gw1] [ 85%] PASSED encommon/times/test/test_window.py::test_window_interval[window3-1-True-expect3] 
encommon/times/test/test_window.py::test_window_croniter[0 * * * *-3661-False-expect10] 
[gw2] [ 86%] PASSED encommon/times/test/test_window.py::test_window_croniter[0 * * * *-3660-False-expect9] 
[gw1] [ 86%] PASSED encommon/times/test/test_window.py::test_window_croniter[0 * * * *-3661-False-expect10] 
encommon/times/test/test_window.py::test_window_croniter[* * * * *-1-False-expect1] 
encommon/times/test/test_window.py::test_window_interval[window2-0-True-expect2] 
[gw1] [ 86%] PASSED encommon/times/test/test_window.py::test_window_interval[window2-0-True-expect2] 
[gw2] [ 87%] PASSED encommon/times/test/test_window.py::test_window_croniter[* * * * *-1-False-expect1] 
encommon/times/test/test_window.py::test_window_croniter[* * * * *-1-True-expect3] 
encommon/times/test/test_window.py::test_Window_cover 
[gw1] [ 87%] PASSED encommon/times/test/test_window.py::test_window_croniter[* * * * *-1-True-expect3] 
encommon/times/test/test_window.py::test_window_interval[window6-3660-False-expect6] 
[gw1] [ 87%] PASSED encommon/times/test/test_window.py::test_window_interval[window6-3660-False-expect6] 
encommon/times/test/test_parse.py::test_shift_time[-1w-expect13] 
[gw1] [ 87%] PASSED encommon/times/test/test_parse.py::test_shift_time[-1w-expect13] 
encommon/times/test/test_parse.py::test_shift_time[-1d@d-expect21] 
[gw1] [ 88%] PASSED encommon/times/test/test_parse.py::test_shift_time[-1d@d-expect21] 
encommon/times/test/test_parse.py::test_shift_time[+1d@d-expect20] 
[gw1] [ 88%] PASSED encommon/times/test/test_parse.py::test_shift_time[+1d@d-expect20] 
encommon/times/test/test_parse.py::test_shift_time[-1d-expect19] 
[gw1] [ 88%] PASSED encommon/times/test/test_parse.py::test_shift_time[-1d-expect19] 
encommon/times/test/test_parse.py::test_shift_time[+1d@d+30d-expect22] 
[gw1] [ 89%] PASSED encommon/times/test/test_parse.py::test_shift_time[+1d@d+30d-expect22] 
encommon/times/test/test_parse.py::test_shift_time[+1y@s-expect2] 
[gw1] [ 89%] PASSED encommon/times/test/test_parse.py::test_shift_time[+1y@s-expect2] 
encommon/times/test/test_parse.py::test_shift_time[-1mon@m-1mon-expect11] 
[gw1] [ 89%] PASSED encommon/times/test/test_parse.py::test_shift_time[-1mon@m-1mon-expect11] 
encommon/times/test/test_parse.py::test_shift_time[-1y@s-1h-expect5] 
[gw1] [ 89%] PASSED encommon/times/test/test_parse.py::test_shift_time[-1y@s-1h-expect5] 
encommon/times/test/test_parse.py::test_shift_time[-1y-expect1] 
[gw1] [ 90%] PASSED encommon/times/test/test_parse.py::test_shift_time[-1y-expect1] 
encommon/times/test/test_parse.py::test_shift_time[+1y-expect0] 
[gw1] [ 90%] PASSED encommon/times/test/test_parse.py::test_shift_time[+1y-expect0] 
encommon/times/test/test_parse.py::test_shift_time[+1mon@m+1mon-expect10] 
[gw1] [ 90%] PASSED encommon/times/test/test_parse.py::test_shift_time[+1mon@m+1mon-expect10] 
encommon/times/test/test_parse.py::test_shift_time[+1y@s+1h-expect4] 
[gw1] [ 91%] PASSED encommon/times/test/test_parse.py::test_shift_time[+1y@s+1h-expect4] 
encommon/times/test/test_parse.py::test_shift_time[-1w@h-expect15] 
[gw1] [ 91%] PASSED encommon/times/test/test_parse.py::test_shift_time[-1w@h-expect15] 
encommon/times/test/test_parse.py::test_since_time 
[gw1] [ 91%] PASSED encommon/times/test/test_parse.py::test_since_time 
encommon/times/test/test_parse.py::test_shift_time[-1mon@m-expect9] 
[gw1] [ 92%] PASSED encommon/times/test/test_parse.py::test_shift_time[-1mon@m-expect9] 
encommon/times/test/test_parse.py::test_string_time 
[gw1] [ 92%] PASSED encommon/times/test/test_parse.py::test_string_time 
encommon/times/test/test_parse.py::test_shift_time[+1mon@m-expect8] 
[gw1] [ 92%] PASSED encommon/times/test/test_parse.py::test_shift_time[+1mon@m-expect8] 
encommon/times/test/test_parse.py::test_shift_time[-1y@s-expect3] 
[gw1] [ 92%] PASSED encommon/times/test/test_parse.py::test_shift_time[-1y@s-expect3] 
encommon/times/test/test_parse.py::test_shift_time[+1w@h+1w-expect16] 
[gw1] [ 93%] PASSED encommon/times/test/test_parse.py::test_shift_time[+1w@h+1w-expect16] 
encommon/times/test/test_parse.py::test_shift_time[+1mon-expect6] 
[gw1] [ 93%] PASSED encommon/times/test/test_parse.py::test_shift_time[+1mon-expect6] 
encommon/times/test/test_parse.py::test_shift_time[+1w-expect12] 
[gw1] [ 93%] PASSED encommon/times/test/test_parse.py::test_shift_time[+1w-expect12] 
encommon/times/test/test_parse.py::test_shift_time[+1w@h-expect14] 
[gw1] [ 94%] PASSED encommon/times/test/test_parse.py::test_shift_time[+1w@h-expect14] 
encommon/times/test/test_parse.py::test_shift_time[-1mon-expect7] 
[gw1] [ 94%] PASSED encommon/times/test/test_parse.py::test_shift_time[-1mon-expect7] 
encommon/times/test/test_parse.py::test_shift_time[-1d@d-30d-expect23] 
[gw1] [ 94%] PASSED encommon/times/test/test_parse.py::test_shift_time[-1d@d-30d-expect23] 
encommon/times/test/test_parse.py::test_shift_time[-1w@h-1w-expect17] 
[gw1] [ 94%] PASSED encommon/times/test/test_parse.py::test_shift_time[-1w@h-1w-expect17] 
encommon/times/test/test_parse.py::test_shift_time[+1d-expect18] 
[gw1] [ 95%] PASSED encommon/times/test/test_parse.py::test_shift_time[+1d-expect18] 
encommon/times/test/test_parse.py::test_parse_time 
[gw1] [ 95%] PASSED encommon/times/test/test_parse.py::test_parse_time 
encommon/times/test/test_time.py::test_Time_tzname 
[gw1] [ 95%] PASSED encommon/times/test/test_time.py::test_Time_tzname 
encommon/times/test/test_time.py::test_Time 
[gw1] [ 96%] PASSED encommon/times/test/test_time.py::test_Time 
[gw0] [ 96%] PASSED encommon/times/timers.py::encommon.times.timers.Timers 
encommon/types/empty.py::encommon.types.empty.EmptyType 
[gw0] [ 96%] PASSED encommon/types/empty.py::encommon.types.empty.EmptyType 
encommon/types/dicts.py::encommon.types.dicts.sort_dict 
[gw0] [ 97%] PASSED encommon/types/dicts.py::encommon.types.dicts.sort_dict 
encommon/times/time.py::mypy 
[gw0] [ 97%] PASSED encommon/times/time.py::mypy 
encommon/times/utils.py::encommon.times.utils.utcdatetime 
[gw0] [ 97%] PASSED encommon/times/utils.py::encommon.times.utils.utcdatetime 
encommon/times/utils.py::encommon.times.utils.strptime 
[gw0] [ 97%] PASSED encommon/times/utils.py::encommon.times.utils.strptime 
encommon/times/timer.py::encommon.times.timer.Timer 
[gw0] [ 98%] PASSED encommon/times/timer.py::encommon.times.timer.Timer 
[gw3] [ 98%] PASSED encommon/times/test/test_windows.py::test_Windows_cover 
encommon/times/test/test_windows.py::test_Windows 
[gw3] [ 98%] PASSED encommon/times/test/test_windows.py::test_Windows 
[gw2] [ 99%] PASSED encommon/times/test/test_window.py::test_Window_cover 
encommon/times/test/test_window.py::test_window_croniter[* * * * *-0-True-expect2] 
[gw2] [ 99%] PASSED encommon/times/test/test_window.py::test_window_croniter[* * * * *-0-True-expect2] 
encommon/times/test/test_window.py::test_window_croniter[* * * * *-0-False-expect0] 
[gw2] [ 99%] PASSED encommon/times/test/test_window.py::test_window_croniter[* * * * *-0-False-expect0] 
encommon/times/test/test_timer.py::test_Timer 
[gw2] [100%] PASSED encommon/times/test/test_timer.py::test_Timer 

=================================== FAILURES ===================================
____________________ [doctest] encommon.times.window.Window ____________________
[gw1] linux -- Python 3.12.8 /home/runner/work/encommon/encommon/main/.venv-package/bin/python3
025 
026     Process and operate crontab or interval based schedule.
027 
028     .. testsetup::
029        >>> from time import sleep
030 
031     Example
032     -------
033     >>> window = Window('* * * * *', '-4m@m')
034     >>> [window.ready() for _ in range(5)]
Expected:
    [True, True, True, True, False]
Got:
    [True, True, True, True, True]

/home/runner/work/encommon/encommon/main/encommon/times/window.py:34: DocTestFailure

---------- coverage: platform linux, python 3.12.8-final-0 -----------
Name                                   Stmts   Miss  Cover
----------------------------------------------------------
encommon/__init__.py                       5      0   100%
encommon/colors/__init__.py                2      0   100%
encommon/colors/color.py                 175      0   100%
encommon/colors/test/__init__.py           0      0   100%
encommon/colors/test/test_color.py        48      0   100%
encommon/config/__init__.py               14      0   100%
encommon/config/config.py                111      0   100%
encommon/config/files.py                  37      0   100%
encommon/config/logger.py                194      0   100%
encommon/config/params.py                 23      0   100%
encommon/config/paths.py                  39      0   100%
encommon/config/test/__init__.py           2      0   100%
encommon/config/test/test_config.py       47      0   100%
encommon/config/test/test_files.py        33      0   100%
encommon/config/test/test_logger.py       91      0   100%
encommon/config/test/test_paths.py        41      0   100%
encommon/config/test/test_utils.py        16      0   100%
encommon/config/utils.py                  25      0   100%
encommon/conftest.py                      21      0   100%
encommon/crypts/__init__.py                4      0   100%
encommon/crypts/crypts.py                 55      0   100%
encommon/crypts/hashes.py                 39      0   100%
encommon/crypts/params.py                 14      0   100%
encommon/crypts/test/__init__.py           0      0   100%
encommon/crypts/test/test_crypts.py       64      0   100%
encommon/crypts/test/test_hashes.py       24      0   100%
encommon/parse/__init__.py                 5      0   100%
encommon/parse/jinja2.py                 102      0   100%
encommon/parse/network.py                123      0   100%
encommon/parse/test/__init__.py            0      0   100%
encommon/parse/test/test_jinja2.py        42      0   100%
encommon/parse/test/test_network.py       84      0   100%
encommon/times/__init__.py                17      0   100%
encommon/times/common.py                  17      0   100%
encommon/times/duration.py               109      0   100%
encommon/times/params.py                  59      0   100%
encommon/times/parse.py                   57      0   100%
encommon/times/test/__init__.py            0      0   100%
encommon/times/test/test_duration.py      62      0   100%
encommon/times/test/test_params.py        14      0   100%
encommon/times/test/test_parse.py         73      0   100%
encommon/times/test/test_time.py          51      0   100%
encommon/times/test/test_timer.py         34      0   100%
encommon/times/test/test_timers.py        76      0   100%
encommon/times/test/test_unitime.py        7      0   100%
encommon/times/test/test_utils.py         45      0   100%
encommon/times/test/test_window.py        80      0   100%
encommon/times/test/test_windows.py       75      0   100%
encommon/times/time.py                   110      0   100%
encommon/times/timer.py                   37      0   100%
encommon/times/timers.py                 143      0   100%
encommon/times/unitime.py                 17      0   100%
encommon/times/utils.py                   33      0   100%
encommon/times/window.py                 117      0   100%
encommon/times/windows.py                165      0   100%
encommon/types/__init__.py                22      0   100%
encommon/types/classes.py                 16      0   100%
encommon/types/dicts.py                   21      0   100%
encommon/types/empty.py                   24      0   100%
encommon/types/lists.py                   25      0   100%
encommon/types/notate.py                  97      0   100%
encommon/types/strings.py                 19      0   100%
encommon/types/test/__init__.py            9      0   100%
encommon/types/test/test_classes.py       15      0   100%
encommon/types/test/test_dicts.py         30      0   100%
encommon/types/test/test_empty.py         23      0   100%
encommon/types/test/test_lists.py         21      0   100%
encommon/types/test/test_notate.py       104      0   100%
encommon/types/test/test_strings.py       24      0   100%
encommon/types/types.py                    5      0   100%
encommon/utils/__init__.py                17      0   100%
encommon/utils/common.py                   5      0   100%
encommon/utils/files.py                    8      0   100%
encommon/utils/match.py                   36      0   100%
encommon/utils/paths.py                   44      0   100%
encommon/utils/sample.py                  61      0   100%
encommon/utils/stdout.py                 138      0   100%
encommon/utils/test/__init__.py            0      0   100%
encommon/utils/test/test_files.py          8      0   100%
encommon/utils/test/test_match.py         19      0   100%
encommon/utils/test/test_paths.py         21      0   100%
encommon/utils/test/test_sample.py        46      0   100%
encommon/utils/test/test_stdout.py        53      0   100%
----------------------------------------------------------
TOTAL                                   3789      0   100%

===================================== mypy =====================================
Success: no issues found in 83 source files
=========================== short test summary info ============================
FAILED encommon/times/window.py::encommon.times.window.Window
======================== 1 failed, 338 passed in 34.56s ========================
