>>> make pytest
  ● Executing pytest in encommon..
============================= test session starts ==============================
platform linux -- Python 3.12.13, pytest-9.0.2, pluggy-1.6.0 -- /home/runner/work/encommon/encommon/main/.venv-package/bin/python3
cachedir: .pytest_cache
metadata: {'Python': '3.12.13', 'Platform': 'Linux-6.17.0-1008-azure-x86_64-with-glibc2.39', 'Packages': {'pytest': '9.0.2', 'pluggy': '1.6.0'}, 'Plugins': {'metadata': '3.1.1', 'randomly': '4.0.1', 'variables': '3.1.0', 'clarity': '1.0.1', 'cov': '7.1.0', 'xdist': '3.8.0', 'html': '4.2.0', 'base-url': '2.1.0', 'selenium': '4.1.0', 'sphinx': '0.7.1', 'mypy': '1.0.1'}, 'CI': 'true', 'JAVA_HOME': '/usr/lib/jvm/temurin-17-jdk-amd64', 'Base URL': '', 'Driver': None, 'Capabilities': {}}
Using --randomly-seed=674756473
sensitiveurl: .*
rootdir: /home/runner/work/encommon/encommon/main
configfile: pyproject.toml
plugins: metadata-3.1.1, randomly-4.0.1, variables-3.1.0, clarity-1.0.1, cov-7.1.0, xdist-3.8.0, html-4.2.0, base-url-2.1.0, selenium-4.1.0, sphinx-0.7.1, mypy-1.0.1
created: 4/4 workers
4 workers [307 items]

scheduling tests via LoadScheduling

encommon/times/test/test_parse.py::test_shift_time[-1d-expect19] 
encommon/types/test/test_lists.py::test_inlist 
encommon/times/test/test_params.py::test_WindowParams 
encommon/times/test/test_parse.py::test_string_time 
[gw0] [  0%] PASSED encommon/types/test/test_lists.py::test_inlist 
encommon/types/test/test_lists.py::test_dedup_list 
[gw1] [  0%] PASSED encommon/times/test/test_parse.py::test_shift_time[-1d-expect19] 
[gw0] [  0%] PASSED encommon/types/test/test_lists.py::test_dedup_list 
encommon/times/test/test_parse.py::test_shift_time[+1d@d-expect20] 
encommon/types/test/test_lists.py::test_fuzzy_list 
[gw0] [  1%] PASSED encommon/types/test/test_lists.py::test_fuzzy_list 
[gw1] [  1%] PASSED encommon/times/test/test_parse.py::test_shift_time[+1d@d-expect20] 
encommon/webkit/test/test_tagues.py::test_tagues 
encommon/times/test/test_parse.py::test_shift_time[+1y@s-expect2] 
[gw1] [  1%] PASSED encommon/times/test/test_parse.py::test_shift_time[+1y@s-expect2] 
encommon/times/test/test_parse.py::test_shift_time[-1mon@m-1mon-expect11] 
[gw1] [  2%] PASSED encommon/times/test/test_parse.py::test_shift_time[-1mon@m-1mon-expect11] 
encommon/times/test/test_parse.py::test_since_time 
[gw1] [  2%] PASSED encommon/times/test/test_parse.py::test_since_time 
encommon/times/test/test_parse.py::test_shift_time[+1w@h-expect14] 
[gw1] [  2%] PASSED encommon/times/test/test_parse.py::test_shift_time[+1w@h-expect14] 
[gw3] [  3%] PASSED encommon/times/test/test_params.py::test_WindowParams 
encommon/times/test/test_parse.py::test_shift_time[-1y@s-1h-expect5] 
encommon/times/test/test_params.py::test_TimerParams 
[gw1] [  3%] PASSED encommon/times/test/test_parse.py::test_shift_time[-1y@s-1h-expect5] 
[gw3] [  3%] PASSED encommon/times/test/test_params.py::test_TimerParams 
encommon/config/test/test_paths.py::test_ConfigPaths 
encommon/times/test/test_parse.py::test_shift_time[+1w-expect12] 
[gw1] [  4%] PASSED encommon/times/test/test_parse.py::test_shift_time[+1w-expect12] 
encommon/times/test/test_parse.py::test_shift_time[-1y-expect1] 
[gw2] [  4%] PASSED encommon/times/test/test_parse.py::test_string_time 
encommon/times/test/test_parse.py::test_shift_time[-1y@s-expect3] 
[gw1] [  4%] PASSED encommon/times/test/test_parse.py::test_shift_time[-1y-expect1] 
[gw2] [  5%] PASSED encommon/times/test/test_parse.py::test_shift_time[-1y@s-expect3] 
encommon/times/test/test_parse.py::test_shift_time[-1mon@m-expect9] 
encommon/times/test/test_parse.py::test_parse_time 
[gw2] [  5%] PASSED encommon/times/test/test_parse.py::test_shift_time[-1mon@m-expect9] 
encommon/times/test/test_parse.py::test_shift_time[-1d@d-30d-expect23] 
[gw2] [  5%] PASSED encommon/times/test/test_parse.py::test_shift_time[-1d@d-30d-expect23] 
encommon/times/test/test_parse.py::test_shift_time[-1w-expect13] 
[gw2] [  6%] PASSED encommon/times/test/test_parse.py::test_shift_time[-1w-expect13] 
encommon/times/test/test_parse.py::test_shift_time[-1w@h-1w-expect17] 
[gw1] [  6%] PASSED encommon/times/test/test_parse.py::test_parse_time 
encommon/times/test/test_parse.py::test_shift_time[+1w@h+1w-expect16] 
[gw2] [  6%] PASSED encommon/times/test/test_parse.py::test_shift_time[-1w@h-1w-expect17] 
encommon/crypts/test/test_crypts.py::test_Crypts_raises 
[gw1] [  7%] PASSED encommon/times/test/test_parse.py::test_shift_time[+1w@h+1w-expect16] 
encommon/times/test/test_parse.py::test_shift_time[-1w@h-expect15] 
[gw2] [  7%] PASSED encommon/crypts/test/test_crypts.py::test_Crypts_raises 
encommon/crypts/test/test_crypts.py::test_Crypts_iterate[foo-secrets] 
[gw1] [  7%] PASSED encommon/times/test/test_parse.py::test_shift_time[-1w@h-expect15] 
encommon/times/test/test_parse.py::test_shift_time[+1mon@m+1mon-expect10] 
[gw1] [  8%] PASSED encommon/times/test/test_parse.py::test_shift_time[+1mon@m+1mon-expect10] 
[gw2] [  8%] PASSED encommon/crypts/test/test_crypts.py::test_Crypts_iterate[foo-secrets] 
encommon/crypts/test/test_crypts.py::test_Crypts 
encommon/times/test/test_parse.py::test_shift_time[-1mon-expect7] 
[gw2] [  8%] PASSED encommon/crypts/test/test_crypts.py::test_Crypts 
encommon/crypts/test/test_crypts.py::test_Crypts_iterate[foo-default] 
[gw1] [  9%] PASSED encommon/times/test/test_parse.py::test_shift_time[-1mon-expect7] 
[gw2] [  9%] PASSED encommon/crypts/test/test_crypts.py::test_Crypts_iterate[foo-default] 
encommon/crypts/test/test_crypts.py::test_Crypts_cover 
[gw3] [  9%] PASSED encommon/config/test/test_paths.py::test_ConfigPaths 
encommon/config/test/test_paths.py::test_ConfigPath 
[gw2] [ 10%] PASSED encommon/crypts/test/test_crypts.py::test_Crypts_cover 
encommon/times/test/test_parse.py::test_shift_time[+1mon@m-expect8] 
[gw1] [ 10%] PASSED encommon/times/test/test_parse.py::test_shift_time[+1mon@m-expect8] 
encommon/webkit/test/test_duration.py::test_duration 
encommon/times/test/test_parse.py::test_shift_time[+1d-expect18] 
[gw1] [ 10%] PASSED encommon/times/test/test_parse.py::test_shift_time[+1d-expect18] 
encommon/times/test/test_parse.py::test_shift_time[+1mon-expect6] 
[gw1] [ 11%] PASSED encommon/times/test/test_parse.py::test_shift_time[+1mon-expect6] 
encommon/times/test/test_parse.py::test_shift_time[+1d@d+30d-expect22] 
[gw1] [ 11%] PASSED encommon/times/test/test_parse.py::test_shift_time[+1d@d+30d-expect22] 
encommon/times/test/test_parse.py::test_shift_time[+1y-expect0] 
[gw3] [ 11%] PASSED encommon/config/test/test_paths.py::test_ConfigPath 
[gw1] [ 12%] PASSED encommon/times/test/test_parse.py::test_shift_time[+1y-expect0] 
encommon/config/test/test_paths.py::test_ConfigPaths_cover 
encommon/times/test/test_window.py::test_window_croniter[* * * * *-3660-False-expect6] 
[gw1] [ 12%] PASSED encommon/times/test/test_window.py::test_window_croniter[* * * * *-3660-False-expect6] 
encommon/times/test/test_window.py::test_window_interval[window0-0-False-expect0] 
[gw1] [ 12%] PASSED encommon/times/test/test_window.py::test_window_interval[window0-0-False-expect0] 
encommon/times/test/test_window.py::test_window_interval[window4-3559-False-expect4] 
[gw1] [ 13%] PASSED encommon/times/test/test_window.py::test_window_interval[window4-3559-False-expect4] 
encommon/times/test/test_window.py::test_window_interval[window9-3660-False-expect9] 
[gw1] [ 13%] PASSED encommon/times/test/test_window.py::test_window_interval[window9-3660-False-expect9] 
encommon/times/test/test_window.py::test_window_croniter[* * * * *-3661-False-expect7] 
[gw3] [ 13%] PASSED encommon/config/test/test_paths.py::test_ConfigPaths_cover 
encommon/times/test/test_window.py::test_window_interval[window2-0-True-expect2] 
[gw1] [ 14%] PASSED encommon/times/test/test_window.py::test_window_croniter[* * * * *-3661-False-expect7] 
encommon/times/test/test_window.py::test_window_croniter[* * * * *-1-False-expect1] 
[gw1] [ 14%] PASSED encommon/times/test/test_window.py::test_window_croniter[* * * * *-1-False-expect1] 
[gw3] [ 14%] PASSED encommon/times/test/test_window.py::test_window_interval[window2-0-True-expect2] 
encommon/times/test/test_window.py::test_window_interval[window6-3660-False-expect6] 
encommon/times/test/test_window.py::test_window_interval[window1-1-False-expect1] 
[gw1] [ 14%] PASSED encommon/times/test/test_window.py::test_window_interval[window1-1-False-expect1] 
[gw3] [ 15%] PASSED encommon/times/test/test_window.py::test_window_interval[window6-3660-False-expect6] 
encommon/times/test/test_window.py::test_window_croniter[* * * * *-0-True-expect2] 
encommon/times/test/test_window.py::test_window_croniter[0 * * * *-3661-False-expect10] 
[gw1] [ 15%] PASSED encommon/times/test/test_window.py::test_window_croniter[* * * * *-0-True-expect2] 
encommon/times/test/test_window.py::test_window_interval[window5-3659-False-expect5] 
[gw1] [ 15%] PASSED encommon/times/test/test_window.py::test_window_interval[window5-3659-False-expect5] 
encommon/times/test/test_window.py::test_window_croniter[* * * * *-3659-False-expect5] 
[gw3] [ 16%] PASSED encommon/times/test/test_window.py::test_window_croniter[0 * * * *-3661-False-expect10] 
encommon/times/test/test_window.py::test_window_croniter[0 * * * *-3660-False-expect9] 
[gw1] [ 16%] PASSED encommon/times/test/test_window.py::test_window_croniter[* * * * *-3659-False-expect5] 
encommon/types/test/test_funcs.py::test_funcname 
[gw3] [ 16%] PASSED encommon/times/test/test_window.py::test_window_croniter[0 * * * *-3660-False-expect9] 
encommon/times/test/test_window.py::test_Window 
[gw1] [ 17%] PASSED encommon/types/test/test_funcs.py::test_funcname 
encommon/webkit/test/test_color.py::test_colordiv 
[gw3] [ 17%] PASSED encommon/times/test/test_window.py::test_Window 
encommon/times/test/test_window.py::test_window_interval[window3-1-True-expect3] 
[gw3] [ 17%] PASSED encommon/times/test/test_window.py::test_window_interval[window3-1-True-expect3] 
encommon/times/test/test_window.py::test_window_interval[window10-3661-False-expect10] 
[gw3] [ 18%] PASSED encommon/times/test/test_window.py::test_window_interval[window10-3661-False-expect10] 
encommon/times/test/test_window.py::test_window_croniter[* * * * *-3559-False-expect4] 
[gw3] [ 18%] PASSED encommon/times/test/test_window.py::test_window_croniter[* * * * *-3559-False-expect4] 
encommon/times/test/test_window.py::test_window_interval[window8-3559-False-expect8] 
[gw3] [ 18%] PASSED encommon/times/test/test_window.py::test_window_interval[window8-3559-False-expect8] 
encommon/times/test/test_window.py::test_window_interval[window7-3661-False-expect7] 
[gw3] [ 19%] PASSED encommon/times/test/test_window.py::test_window_interval[window7-3661-False-expect7] 
encommon/times/test/test_window.py::test_Window_cover 
[gw2] [ 19%] FAILED encommon/webkit/test/test_duration.py::test_duration 
[gw0] [ 19%] FAILED encommon/webkit/test/test_tagues.py::test_tagues 
[gw1] [ 20%] FAILED encommon/webkit/test/test_color.py::test_colordiv 
encommon/utils/test/test_sample.py::test_load_sample 
[gw2] [ 20%] PASSED encommon/utils/test/test_sample.py::test_load_sample 
encommon/utils/test/test_sample.py::test_prep_sample 
[gw2] [ 20%] PASSED encommon/utils/test/test_sample.py::test_prep_sample 
encommon/utils/test/test_sample.py::test_rvrt_sample 
[gw2] [ 21%] PASSED encommon/utils/test/test_sample.py::test_rvrt_sample 
encommon/utils/test/test_sample.py::test_read_sample 
[gw2] [ 21%] PASSED encommon/utils/test/test_sample.py::test_read_sample 
encommon/types/test/test_dicts.py::test_merge_dicts 
[gw2] [ 21%] PASSED encommon/types/test/test_dicts.py::test_merge_dicts 
encommon/types/test/test_dicts.py::test_sort_dict 
[gw2] [ 22%] PASSED encommon/types/test/test_dicts.py::test_sort_dict 
encommon/webkit/test/test_datetime.py::test_datestamp 
encommon/utils/test/test_files.py::test_readsave_text 
[gw0] [ 22%] PASSED encommon/utils/test/test_files.py::test_readsave_text 
encommon/utils/test/test_files.py::test_append_text 
encommon/parse/test/test_jinja2.py::test_Jinja2_recurse 
[gw0] [ 22%] PASSED encommon/utils/test/test_files.py::test_append_text 
encommon/utils/test/test_stdout.py::test_print_ansi 
[gw0] [ 23%] PASSED encommon/utils/test/test_stdout.py::test_print_ansi 
encommon/utils/test/test_stdout.py::test_array_ansi_cover 
[gw0] [ 23%] PASSED encommon/utils/test/test_stdout.py::test_array_ansi_cover 
encommon/utils/test/test_stdout.py::test_make_ansi 
[gw0] [ 23%] PASSED encommon/utils/test/test_stdout.py::test_make_ansi 
encommon/utils/test/test_stdout.py::test_kvpair_ansi 
[gw0] [ 24%] PASSED encommon/utils/test/test_stdout.py::test_kvpair_ansi 
encommon/utils/test/test_stdout.py::test_array_ansi 
[gw0] [ 24%] PASSED encommon/utils/test/test_stdout.py::test_array_ansi 
encommon/utils/test/test_stdout.py::test_strip_ansi 
[gw0] [ 24%] PASSED encommon/utils/test/test_stdout.py::test_strip_ansi 
[gw1] [ 25%] PASSED encommon/parse/test/test_jinja2.py::test_Jinja2_recurse 
encommon/parse/test/test_network.py::test_Network_ipv6 
encommon/parse/test/test_jinja2.py::test_Jinja2_parse[{{ "1" | int }}-1] 
[gw0] [ 25%] PASSED encommon/parse/test/test_network.py::test_Network_ipv6 
[gw1] [ 25%] PASSED encommon/parse/test/test_jinja2.py::test_Jinja2_parse[{{ "1" | int }}-1] 
encommon/parse/test/test_network.py::test_insubnet_ip 
encommon/parse/test/test_jinja2.py::test_Jinja2_parse[{'a': 'b'}-expect5] 
[gw1] [ 26%] PASSED encommon/parse/test/test_jinja2.py::test_Jinja2_parse[{'a': 'b'}-expect5] 
encommon/parse/test/test_jinja2.py::test_Jinja2_literal[{{ none }}-None] 
[gw0] [ 26%] PASSED encommon/parse/test/test_network.py::test_insubnet_ip 
encommon/parse/test/test_network.py::test_Network 
[gw0] [ 26%] PASSED encommon/parse/test/test_network.py::test_Network 
[gw1] [ 27%] PASSED encommon/parse/test/test_jinja2.py::test_Jinja2_literal[{{ none }}-None] 
encommon/parse/test/test_network.py::test_Network_ipv4 
encommon/parse/test/test_jinja2.py::test_Jinja2_parse[{{ "1" | float }}-1.0] 
[gw0] [ 27%] PASSED encommon/parse/test/test_network.py::test_Network_ipv4 
encommon/parse/test/test_network.py::test_isvalid_ip 
[gw0] [ 27%] PASSED encommon/parse/test/test_network.py::test_isvalid_ip 
[gw1] [ 28%] PASSED encommon/parse/test/test_jinja2.py::test_Jinja2_parse[{{ "1" | float }}-1.0] 
encommon/times/test/test_parse.py::test_shift_time[-1d@d-expect21] 
encommon/parse/test/test_jinja2.py::test_Jinja2_parse[{{ 0 | Time }}-1970-01-01T00:00:00.000000+0000] 
[gw0] [ 28%] PASSED encommon/times/test/test_parse.py::test_shift_time[-1d@d-expect21] 
encommon/times/test/test_parse.py::test_shift_time[+1y@s+1h-expect4] 
[gw1] [ 28%] PASSED encommon/parse/test/test_jinja2.py::test_Jinja2_parse[{{ 0 | Time }}-1970-01-01T00:00:00.000000+0000] 
[gw0] [ 28%] PASSED encommon/times/test/test_parse.py::test_shift_time[+1y@s+1h-expect4] 
encommon/colors/test/test_color.py::test_Color_rgb[0000ff-expect5] 
encommon/parse/test/test_jinja2.py::test_Jinja2_literal[{{ 123 }}-123] 
[gw0] [ 29%] PASSED encommon/colors/test/test_color.py::test_Color_rgb[0000ff-expect5] 
encommon/colors/test/test_color.py::test_Color_rgb[ff0000-expect3] 
[gw0] [ 29%] PASSED encommon/colors/test/test_color.py::test_Color_rgb[ff0000-expect3] 
encommon/colors/test/test_color.py::test_Color_hsl[0000ff-expect5] 
[gw0] [ 29%] PASSED encommon/colors/test/test_color.py::test_Color_hsl[0000ff-expect5] 
[gw1] [ 30%] PASSED encommon/parse/test/test_jinja2.py::test_Jinja2_literal[{{ 123 }}-123] 
encommon/colors/test/test_color.py::test_Color_hsl[ff0000-expect3] 
encommon/parse/test/test_jinja2.py::test_Jinja2_literal[{{ -1.2 }}--1.2] 
[gw0] [ 30%] PASSED encommon/colors/test/test_color.py::test_Color_hsl[ff0000-expect3] 
encommon/colors/test/test_color.py::test_Color_rgb[800080-expect10] 
[gw0] [ 30%] PASSED encommon/colors/test/test_color.py::test_Color_rgb[800080-expect10] 
[gw1] [ 31%] PASSED encommon/parse/test/test_jinja2.py::test_Jinja2_literal[{{ -1.2 }}--1.2] 
encommon/parse/test/test_jinja2.py::test_Jinja2_parse[1-1] 
encommon/colors/test/test_color.py::test_Color_hsl[ffff00-expect7] 
[gw0] [ 31%] PASSED encommon/colors/test/test_color.py::test_Color_hsl[ffff00-expect7] 
[gw1] [ 31%] PASSED encommon/parse/test/test_jinja2.py::test_Jinja2_parse[1-1] 
encommon/parse/test/test_jinja2.py::test_Jinja2_parse[100000-100000_0] 
encommon/colors/test/test_color.py::test_Color_xy[ff00cc-expect0] 
[gw0] [ 32%] PASSED encommon/colors/test/test_color.py::test_Color_xy[ff00cc-expect0] 
[gw1] [ 32%] PASSED encommon/parse/test/test_jinja2.py::test_Jinja2_parse[100000-100000_0] 
encommon/colors/test/test_color.py::test_Color_rgb[ffff00-expect7] 
encommon/parse/test/test_jinja2.py::test_Jinja2_literal[{{ 1.2 }}-1.2] 
[gw0] [ 32%] PASSED encommon/colors/test/test_color.py::test_Color_rgb[ffff00-expect7] 
encommon/colors/test/test_color.py::test_Color_hsl[000000-expect2] 
[gw0] [ 33%] PASSED encommon/colors/test/test_color.py::test_Color_hsl[000000-expect2] 
encommon/colors/test/test_color.py::test_Color_hsl[ffffff-expect1] 
[gw0] [ 33%] PASSED encommon/colors/test/test_color.py::test_Color_hsl[ffffff-expect1] 
[gw1] [ 33%] PASSED encommon/parse/test/test_jinja2.py::test_Jinja2_literal[{{ 1.2 }}-1.2] 
encommon/colors/test/test_color.py::test_Color_xyz[ff00ff-expect9] 
[gw0] [ 34%] PASSED encommon/colors/test/test_color.py::test_Color_xyz[ff00ff-expect9] 
encommon/parse/test/test_jinja2.py::test_Jinja2_parse[100000-100000_1] 
encommon/colors/test/test_color.py::test_Color_rgb[000000-expect2] 
[gw0] [ 34%] PASSED encommon/colors/test/test_color.py::test_Color_rgb[000000-expect2] 
[gw1] [ 34%] PASSED encommon/parse/test/test_jinja2.py::test_Jinja2_parse[100000-100000_1] 
encommon/colors/test/test_color.py::test_Color_rgb[ffffff-expect1] 
[gw0] [ 35%] PASSED encommon/colors/test/test_color.py::test_Color_rgb[ffffff-expect1] 
encommon/times/test/test_timers.py::test_Timers_raises 
encommon/colors/test/test_color.py::test_Color_xyz[00ffff-expect8] 
[gw0] [ 35%] PASSED encommon/colors/test/test_color.py::test_Color_xyz[00ffff-expect8] 
encommon/colors/test/test_color.py::test_Color 
[gw0] [ 35%] PASSED encommon/colors/test/test_color.py::test_Color 
encommon/colors/test/test_color.py::test_Color_rgb[00ff00-expect4] 
[gw0] [ 36%] PASSED encommon/colors/test/test_color.py::test_Color_rgb[00ff00-expect4] 
encommon/colors/test/test_color.py::test_Color_xy[00ffff-expect8] 
[gw0] [ 36%] PASSED encommon/colors/test/test_color.py::test_Color_xy[00ffff-expect8] 
encommon/colors/test/test_color.py::test_Color_hsl[00ff00-expect4] 
[gw0] [ 36%] PASSED encommon/colors/test/test_color.py::test_Color_hsl[00ff00-expect4] 
encommon/colors/test/test_color.py::test_Color_xy[ff00ff-expect9] 
[gw0] [ 37%] PASSED encommon/colors/test/test_color.py::test_Color_xy[ff00ff-expect9] 
encommon/colors/test/test_color.py::test_Color_xy[800080-expect10] 
[gw0] [ 37%] PASSED encommon/colors/test/test_color.py::test_Color_xy[800080-expect10] 
encommon/colors/test/test_color.py::test_Color_xy[808080-expect6] 
[gw0] [ 37%] PASSED encommon/colors/test/test_color.py::test_Color_xy[808080-expect6] 
encommon/colors/test/test_color.py::test_Color_xyz[ffff00-expect7] 
[gw0] [ 38%] PASSED encommon/colors/test/test_color.py::test_Color_xyz[ffff00-expect7] 
encommon/colors/test/test_color.py::test_Color_xyz[ff0000-expect3] 
[gw0] [ 38%] PASSED encommon/colors/test/test_color.py::test_Color_xyz[ff0000-expect3] 
encommon/colors/test/test_color.py::test_Color_xyz[00ff00-expect4] 
[gw0] [ 38%] PASSED encommon/colors/test/test_color.py::test_Color_xyz[00ff00-expect4] 
encommon/colors/test/test_color.py::test_Color_xy[00ff00-expect4] 
[gw0] [ 39%] PASSED encommon/colors/test/test_color.py::test_Color_xy[00ff00-expect4] 
encommon/colors/test/test_color.py::test_Color_hsl[00ffff-expect8] 
[gw0] [ 39%] PASSED encommon/colors/test/test_color.py::test_Color_hsl[00ffff-expect8] 
encommon/colors/test/test_color.py::test_Color_rgb[00ffff-expect8] 
[gw0] [ 39%] PASSED encommon/colors/test/test_color.py::test_Color_rgb[00ffff-expect8] 
encommon/colors/test/test_color.py::test_Color_xyz[000000-expect2] 
[gw0] [ 40%] PASSED encommon/colors/test/test_color.py::test_Color_xyz[000000-expect2] 
encommon/colors/test/test_color.py::test_Color_cover 
[gw0] [ 40%] PASSED encommon/colors/test/test_color.py::test_Color_cover 
encommon/colors/test/test_color.py::test_Color_xyz[ffffff-expect1] 
[gw0] [ 40%] PASSED encommon/colors/test/test_color.py::test_Color_xyz[ffffff-expect1] 
encommon/colors/test/test_color.py::test_Color_hsl[ff00ff-expect9] 
[gw0] [ 41%] PASSED encommon/colors/test/test_color.py::test_Color_hsl[ff00ff-expect9] 
encommon/colors/test/test_color.py::test_Color_rgb[ff00ff-expect9] 
[gw0] [ 41%] PASSED encommon/colors/test/test_color.py::test_Color_rgb[ff00ff-expect9] 
encommon/crypts/test/test_hashes.py::test_Hashes 
[gw0] [ 41%] PASSED encommon/crypts/test/test_hashes.py::test_Hashes 
encommon/webkit/test/test_message.py::test_message 
[gw1] [ 42%] PASSED encommon/times/test/test_timers.py::test_Timers_raises 
encommon/times/test/test_timers.py::test_Timers 
[gw1] [ 42%] PASSED encommon/times/test/test_timers.py::test_Timers 
encommon/times/test/test_timers.py::test_Timers_cover 
[gw2] [ 42%] FAILED encommon/webkit/test/test_datetime.py::test_datestamp 
encommon/parse/test/test_jinja2.py::test_Jinja2_parse[10.001-10.001_0] 
[gw2] [ 42%] PASSED encommon/parse/test/test_jinja2.py::test_Jinja2_parse[10.001-10.001_0] 
encommon/parse/test/test_jinja2.py::test_Jinja2_parse[10.001-10.001_1] 
[gw2] [ 43%] PASSED encommon/parse/test/test_jinja2.py::test_Jinja2_parse[10.001-10.001_1] 
encommon/parse/test/test_jinja2.py::test_Jinja2_parse[{{ "-01" }}--01] 
[gw2] [ 43%] PASSED encommon/parse/test/test_jinja2.py::test_Jinja2_parse[{{ "-01" }}--01] 
encommon/parse/test/test_jinja2.py::test_Jinja2_parse[1.0.0-1.0.0] 
[gw0] [ 43%] FAILED encommon/webkit/test/test_message.py::test_message 
[gw2] [ 44%] PASSED encommon/parse/test/test_jinja2.py::test_Jinja2_parse[1.0.0-1.0.0] 
encommon/parse/test/test_jinja2.py::test_Jinja2_parse[-01--01] 
[gw2] [ 44%] PASSED encommon/parse/test/test_jinja2.py::test_Jinja2_parse[-01--01] 
encommon/parse/test/test_jinja2.py::test_Jinja2_parse[01-01] 
[gw2] [ 44%] PASSED encommon/parse/test/test_jinja2.py::test_Jinja2_parse[01-01] 
encommon/parse/test/test_jinja2.py::test_Jinja2_cover 
[gw2] [ 45%] PASSED encommon/parse/test/test_jinja2.py::test_Jinja2_cover 
encommon/parse/test/test_jinja2.py::test_Jinja2_parse[{{ "01" }}-01] 
[gw2] [ 45%] PASSED encommon/parse/test/test_jinja2.py::test_Jinja2_parse[{{ "01" }}-01] 
encommon/parse/test/test_jinja2.py::test_Jinja2 
[gw2] [ 45%] PASSED encommon/parse/test/test_jinja2.py::test_Jinja2 
encommon/parse/test/test_jinja2.py::test_Jinja2_parse[[1, 2]-expect15] 
[gw2] [ 46%] PASSED encommon/parse/test/test_jinja2.py::test_Jinja2_parse[[1, 2]-expect15] 
encommon/parse/test/test_jinja2.py::test_Jinja2_parse[1.0-1.0] 
[gw2] [ 46%] PASSED encommon/parse/test/test_jinja2.py::test_Jinja2_parse[1.0-1.0] 
encommon/parse/test/test_jinja2.py::test_Jinja2_parse[{{ 1 }}-1] 
[gw2] [ 46%] PASSED encommon/parse/test/test_jinja2.py::test_Jinja2_parse[{{ 1 }}-1] 
encommon/parse/test/test_jinja2.py::test_Jinja2_parse[value4-expect4] 
[gw2] [ 47%] PASSED encommon/parse/test/test_jinja2.py::test_Jinja2_parse[value4-expect4] 
encommon/parse/test/test_jinja2.py::test_Jinja2_parse[value14-expect14] 
[gw2] [ 47%] PASSED encommon/parse/test/test_jinja2.py::test_Jinja2_parse[value14-expect14] 
encommon/parse/test/test_jinja2.py::test_Jinja2_parse[foo-foo] 
[gw2] [ 47%] PASSED encommon/parse/test/test_jinja2.py::test_Jinja2_parse[foo-foo] 
encommon/utils/test/test_paths.py::test_stats_path 
[gw2] [ 48%] PASSED encommon/utils/test/test_paths.py::test_stats_path 
encommon/utils/test/test_paths.py::test_resolve_path 
[gw2] [ 48%] PASSED encommon/utils/test/test_paths.py::test_resolve_path 
encommon/times/test/test_timer.py::test_Timer 
encommon/webkit/test/test_datagrid.py::test_datagrid 
[gw0] [ 48%] FAILED encommon/webkit/test/test_datagrid.py::test_datagrid 
[gw1] [ 49%] PASSED encommon/times/test/test_timers.py::test_Timers_cover 
encommon/types/test/test_classes.py::test_lattrs 
[gw1] [ 49%] PASSED encommon/types/test/test_classes.py::test_lattrs 
encommon/types/test/test_classes.py::test_clsname 
[gw1] [ 49%] PASSED encommon/types/test/test_classes.py::test_clsname 
encommon/colors/test/test_color.py::test_Color_xyz[0000ff-expect5] 
[gw1] [ 50%] PASSED encommon/colors/test/test_color.py::test_Color_xyz[0000ff-expect5] 
encommon/colors/test/test_color.py::test_Color_xy[ff0000-expect3] 
encommon/times/test/test_utils.py::test_utcdatetime 
[gw1] [ 50%] PASSED encommon/colors/test/test_color.py::test_Color_xy[ff0000-expect3] 
encommon/colors/test/test_color.py::test_Color_xy[0000ff-expect5] 
[gw1] [ 50%] PASSED encommon/colors/test/test_color.py::test_Color_xy[0000ff-expect5] 
encommon/colors/test/test_color.py::test_Color_hsl[ff00cc-expect0] 
[gw1] [ 51%] PASSED encommon/colors/test/test_color.py::test_Color_hsl[ff00cc-expect0] 
encommon/colors/test/test_color.py::test_Color_xyz[808080-expect6] 
[gw0] [ 51%] PASSED encommon/times/test/test_utils.py::test_utcdatetime 
[gw1] [ 51%] PASSED encommon/colors/test/test_color.py::test_Color_xyz[808080-expect6] 
encommon/colors/test/test_color.py::test_Color_xy[ffff00-expect7] 
encommon/times/test/test_utils.py::test_strptime 
[gw1] [ 52%] PASSED encommon/colors/test/test_color.py::test_Color_xy[ffff00-expect7] 
encommon/colors/test/test_color.py::test_Color_rgb[ff00cc-expect0] 
[gw1] [ 52%] PASSED encommon/colors/test/test_color.py::test_Color_rgb[ff00cc-expect0] 
encommon/colors/test/test_color.py::test_Color_xy[ffffff-expect1] 
[gw1] [ 52%] PASSED encommon/colors/test/test_color.py::test_Color_xy[ffffff-expect1] 
encommon/colors/test/test_color.py::test_Color_xy[000000-expect2] 
[gw0] [ 53%] PASSED encommon/times/test/test_utils.py::test_strptime 
encommon/times/test/test_utils.py::test_findtz 
[gw1] [ 53%] PASSED encommon/colors/test/test_color.py::test_Color_xy[000000-expect2] 
encommon/colors/test/test_color.py::test_Color_xyz[800080-expect10] 
[gw0] [ 53%] PASSED encommon/times/test/test_utils.py::test_findtz 
encommon/times/test/test_utils.py::test_strptime_raises 
[gw1] [ 54%] PASSED encommon/colors/test/test_color.py::test_Color_xyz[800080-expect10] 
encommon/colors/color.py::encommon.colors.color.Color 
[gw0] [ 54%] PASSED encommon/times/test/test_utils.py::test_strptime_raises 
encommon/times/test/test_utils.py::test_findtz_raises 
[gw1] [ 54%] PASSED encommon/colors/color.py::encommon.colors.color.Color 
encommon/config/config.py::encommon.config.config.Config 
[gw1] [ 55%] PASSED encommon/config/config.py::encommon.config.config.Config 
encommon/config/logger.py::encommon.config.logger.Logger 
[gw1] [ 55%] PASSED encommon/config/logger.py::encommon.config.logger.Logger 
encommon/config/logger.py::encommon.config.logger.Message 
[gw1] [ 55%] PASSED encommon/config/logger.py::encommon.config.logger.Message 
encommon/crypts/hashes.py::encommon.crypts.hashes.Hashes 
[gw1] [ 56%] PASSED encommon/crypts/hashes.py::encommon.crypts.hashes.Hashes 
encommon/crypts/crypts.py::encommon.crypts.crypts.Crypts 
[gw1] [ 56%] PASSED encommon/crypts/crypts.py::encommon.crypts.crypts.Crypts 
encommon/parse/jinja2.py::encommon.parse.jinja2.Jinja2 
[gw1] [ 56%] PASSED encommon/parse/jinja2.py::encommon.parse.jinja2.Jinja2 
encommon/times/parse.py::encommon.times.parse.string_time 
[gw1] [ 57%] PASSED encommon/times/parse.py::encommon.times.parse.string_time 
encommon/types/notate.py::encommon.types.notate.delate 
[gw1] [ 57%] PASSED encommon/types/notate.py::encommon.types.notate.delate 
encommon/types/empty.py::encommon.types.empty.EmptyType 
[gw1] [ 57%] PASSED encommon/types/empty.py::encommon.types.empty.EmptyType 
encommon/types/strings.py::encommon.types.strings.hasstr 
[gw1] [ 57%] PASSED encommon/types/strings.py::encommon.types.strings.hasstr 
encommon/times/timers.py::encommon.times.timers.Timers 
[gw2] [ 58%] PASSED encommon/times/test/test_timer.py::test_Timer 
encommon/config/test/test_config.py::test_Config 
[gw2] [ 58%] PASSED encommon/config/test/test_config.py::test_Config 
encommon/config/test/test_config.py::test_Config_jinja2 
[gw2] [ 58%] PASSED encommon/config/test/test_config.py::test_Config_jinja2 
encommon/config/test/test_config.py::test_Config_cover 
[gw2] [ 59%] PASSED encommon/config/test/test_config.py::test_Config_cover 
encommon/config/test/test_files.py::test_ConfigFile 
[gw2] [ 59%] PASSED encommon/config/test/test_files.py::test_ConfigFile 
encommon/config/test/test_files.py::test_ConfigFiles 
[gw2] [ 59%] PASSED encommon/config/test/test_files.py::test_ConfigFiles 
encommon/config/test/test_files.py::test_ConfigFiles_cover 
[gw2] [ 60%] PASSED encommon/config/test/test_files.py::test_ConfigFiles_cover 
encommon/types/notate.py::encommon.types.notate.setate 
[gw2] [ 60%] PASSED encommon/types/notate.py::encommon.types.notate.setate 
encommon/times/utils.py::encommon.times.utils.utcdatetime 
[gw2] [ 60%] PASSED encommon/times/utils.py::encommon.times.utils.utcdatetime 
encommon/types/strings.py::encommon.types.strings.inrepr 
[gw2] [ 61%] PASSED encommon/types/strings.py::encommon.types.strings.inrepr 
encommon/times/windows.py::encommon.times.windows.Windows 
[gw2] [ 61%] PASSED encommon/times/windows.py::encommon.times.windows.Windows 
encommon/types/strings.py::encommon.types.strings.rplstr 
[gw2] [ 61%] PASSED encommon/types/strings.py::encommon.types.strings.rplstr 
encommon/times/unitime.py::encommon.times.unitime.unitime 
[gw2] [ 62%] PASSED encommon/times/unitime.py::encommon.times.unitime.unitime 
encommon/types/lists.py::encommon.types.lists.inlist 
[gw2] [ 62%] PASSED encommon/types/lists.py::encommon.types.lists.inlist 
encommon/times/utils.py::encommon.times.utils.strptime 
[gw2] [ 62%] PASSED encommon/times/utils.py::encommon.times.utils.strptime 
encommon/utils/paths.py::encommon.utils.paths.resolve_path 
[gw2] [ 63%] PASSED encommon/utils/paths.py::encommon.utils.paths.resolve_path 
encommon/utils/stdout.py::encommon.utils.stdout.make_ansi 
[gw2] [ 63%] PASSED encommon/utils/stdout.py::encommon.utils.stdout.make_ansi 
encommon/utils/paths.py::encommon.utils.paths.resolve_paths 
[gw2] [ 63%] PASSED encommon/utils/paths.py::encommon.utils.paths.resolve_paths 
encommon/utils/stdout.py::encommon.utils.stdout.array_ansi 
[gw2] [ 64%] PASSED encommon/utils/stdout.py::encommon.utils.stdout.array_ansi 
encommon/utils/sample.py::encommon.utils.sample.load_sample 
[gw2] [ 64%] PASSED encommon/utils/sample.py::encommon.utils.sample.load_sample 
encommon/utils/files.py::encommon.utils.files.save_text 
[gw2] [ 64%] PASSED encommon/utils/files.py::encommon.utils.files.save_text 
encommon/utils/files.py::encommon.utils.files.append_text 
[gw2] [ 65%] PASSED encommon/utils/files.py::encommon.utils.files.append_text 
encommon/utils/stdout.py::encommon.utils.stdout.kvpair_ansi 
[gw2] [ 65%] PASSED encommon/utils/stdout.py::encommon.utils.stdout.kvpair_ansi 
encommon/utils/stdout.py::encommon.utils.stdout.strip_ansi 
[gw0] [ 65%] PASSED encommon/times/test/test_utils.py::test_findtz_raises 
[gw2] [ 66%] PASSED encommon/utils/stdout.py::encommon.utils.stdout.strip_ansi 
encommon/utils/paths.py::encommon.utils.paths.stats_path 
encommon/webkit/test/test_statate.py::test_statate 
[gw2] [ 66%] PASSED encommon/utils/paths.py::encommon.utils.paths.stats_path 
encommon/utils/stdout.py::encommon.utils.stdout.print_ansi 
[gw2] [ 66%] PASSED encommon/utils/stdout.py::encommon.utils.stdout.print_ansi 
encommon/utils/match.py::encommon.utils.match.fuzz_match 
[gw2] [ 67%] PASSED encommon/utils/match.py::encommon.utils.match.fuzz_match 
encommon/utils/files.py::encommon.utils.files.read_text 
[gw2] [ 67%] PASSED encommon/utils/files.py::encommon.utils.files.read_text 
encommon/utils/match.py::encommon.utils.match.rgxp_match 
[gw2] [ 67%] PASSED encommon/utils/match.py::encommon.utils.match.rgxp_match 
encommon/utils/sample.py::encommon.utils.sample.prep_sample 
[gw2] [ 68%] PASSED encommon/utils/sample.py::encommon.utils.sample.prep_sample 
encommon/times/test/test_duration.py::test_Duration_iterate 
[gw2] [ 68%] PASSED encommon/times/test/test_duration.py::test_Duration_iterate 
encommon/times/test/test_duration.py::test_Duration_cover 
[gw2] [ 68%] PASSED encommon/times/test/test_duration.py::test_Duration_cover 
encommon/times/test/test_duration.py::test_Duration 
[gw2] [ 69%] PASSED encommon/times/test/test_duration.py::test_Duration 
encommon/times/test/test_windows.py::test_Windows_raises 
[gw3] [ 69%] PASSED encommon/times/test/test_window.py::test_Window_cover 
encommon/times/test/test_window.py::test_window_croniter[* * * * *-0-False-expect0] 
[gw2] [ 69%] PASSED encommon/times/test/test_windows.py::test_Windows_raises 
encommon/times/test/test_windows.py::test_Windows_cover 
[gw3] [ 70%] PASSED encommon/times/test/test_window.py::test_window_croniter[* * * * *-0-False-expect0] 
encommon/times/test/test_window.py::test_window_croniter[0 * * * *-3559-False-expect8] 
[gw3] [ 70%] PASSED encommon/times/test/test_window.py::test_window_croniter[0 * * * *-3559-False-expect8] 
encommon/times/test/test_window.py::test_window_croniter[* * * * *-1-True-expect3] 
[gw3] [ 70%] PASSED encommon/times/test/test_window.py::test_window_croniter[* * * * *-1-True-expect3] 
encommon/types/test/test_classes.py::test_BaseModel 
[gw3] [ 71%] PASSED encommon/types/test/test_classes.py::test_BaseModel 
encommon/types/test/test_empty.py::test_EmptyType 
[gw3] [ 71%] PASSED encommon/types/test/test_empty.py::test_EmptyType 
encommon/utils/test/test_match.py::test_fuzz_match 
[gw3] [ 71%] PASSED encommon/utils/test/test_match.py::test_fuzz_match 
encommon/utils/test/test_match.py::test_rgxp_match 
[gw3] [ 71%] PASSED encommon/utils/test/test_match.py::test_rgxp_match 
encommon/webkit/test/test_numeric.py::test_numeric 
[gw1] [ 72%] PASSED encommon/times/timers.py::encommon.times.timers.Timers 
encommon/types/strings.py::encommon.types.strings.instr 
[gw1] [ 72%] PASSED encommon/types/strings.py::encommon.types.strings.instr 
encommon/types/strings.py::encommon.types.strings.strplwr 
[gw1] [ 72%] PASSED encommon/types/strings.py::encommon.types.strings.strplwr 
encommon/types/lists.py::encommon.types.lists.dedup_list 
[gw1] [ 73%] PASSED encommon/types/lists.py::encommon.types.lists.dedup_list 
encommon/times/timer.py::encommon.times.timer.Timer 
[gw0] [ 73%] FAILED encommon/webkit/test/test_statate.py::test_statate 
encommon/utils/test/test_paths.py::test_resolve_paths 
[gw0] [ 73%] PASSED encommon/utils/test/test_paths.py::test_resolve_paths 
encommon/times/parse.py::encommon.times.parse.parse_time 
[gw0] [ 74%] PASSED encommon/times/parse.py::encommon.times.parse.parse_time 
encommon/times/parse.py::encommon.times.parse.since_time 
[gw0] [ 74%] PASSED encommon/times/parse.py::encommon.times.parse.since_time 
encommon/times/duration.py::encommon.times.duration.Duration 
[gw0] [ 74%] PASSED encommon/times/duration.py::encommon.times.duration.Duration 
encommon/times/parse.py::encommon.times.parse.shift_time 
[gw0] [ 75%] PASSED encommon/times/parse.py::encommon.times.parse.shift_time 
encommon/times/window.py::encommon.times.window.Window 
[gw0] [ 75%] PASSED encommon/times/window.py::encommon.times.window.Window 
encommon/times/utils.py::encommon.times.utils.findtz 
[gw0] [ 75%] PASSED encommon/times/utils.py::encommon.times.utils.findtz 
encommon/types/notate.py::encommon.types.notate.getate 
[gw0] [ 76%] PASSED encommon/types/notate.py::encommon.types.notate.getate 
encommon/times/utils.py::encommon.times.utils.strftime 
[gw0] [ 76%] PASSED encommon/times/utils.py::encommon.times.utils.strftime 
encommon/webkit/test/test_default.py::test_default_addClass 
[gw3] [ 76%] FAILED encommon/webkit/test/test_numeric.py::test_numeric 
encommon/webkit/test/test_numeric.py::test_numeric_count 
[gw0] [ 77%] FAILED encommon/webkit/test/test_default.py::test_default_addClass 
[gw1] [ 77%] PASSED encommon/times/timer.py::encommon.times.timer.Timer 
encommon/types/notate.py::encommon.types.notate.expate 
[gw1] [ 77%] PASSED encommon/types/notate.py::encommon.types.notate.expate 
encommon/types/lists.py::encommon.types.lists.fuzzy_list 
[gw1] [ 78%] PASSED encommon/types/lists.py::encommon.types.lists.fuzzy_list 
encommon/types/dicts.py::encommon.types.dicts.merge_dicts 
[gw1] [ 78%] PASSED encommon/types/dicts.py::encommon.types.dicts.merge_dicts 
encommon/types/dicts.py::encommon.types.dicts.sort_dict 
[gw1] [ 78%] PASSED encommon/types/dicts.py::encommon.types.dicts.sort_dict 
encommon/types/notate.py::encommon.types.notate.impate 
[gw1] [ 79%] PASSED encommon/types/notate.py::encommon.types.notate.impate 
encommon/times/time.py::encommon.times.time.Time 
[gw1] [ 79%] PASSED encommon/times/time.py::encommon.times.time.Time 
encommon/webkit/test/test_default.py::test_default_remClass 
encommon/webkit/test/test_default.py::test_default_replace 
[gw3] [ 79%] FAILED encommon/webkit/test/test_numeric.py::test_numeric_count 
encommon/webkit/test/test_numeric.py::test_numeric_bytes 
[gw2] [ 80%] PASSED encommon/times/test/test_windows.py::test_Windows_cover 
encommon/times/test/test_windows.py::test_Windows 
[gw1] [ 80%] FAILED encommon/webkit/test/test_default.py::test_default_remClass 
[gw2] [ 80%] PASSED encommon/times/test/test_windows.py::test_Windows 
encommon/webkit/test/test_content.py::test_Content_cover 
[gw2] [ 81%] PASSED encommon/webkit/test/test_content.py::test_Content_cover 
encommon/webkit/test/test_content.py::test_Content 
[gw2] [ 81%] PASSED encommon/webkit/test/test_content.py::test_Content 
encommon/webkit/test/test_moderate.py::test_moderate 
encommon/webkit/test/test_default.py::test_default_styles 
[gw0] [ 81%] FAILED encommon/webkit/test/test_default.py::test_default_replace 
encommon/webkit/test/test_default.py::test_default_attr 
[gw3] [ 82%] FAILED encommon/webkit/test/test_numeric.py::test_numeric_bytes 
encommon/times/test/test_time.py::test_Time_tzname 
[gw3] [ 82%] PASSED encommon/times/test/test_time.py::test_Time_tzname 
encommon/times/test/test_time.py::test_Time 
[gw2] [ 82%] FAILED encommon/webkit/test/test_moderate.py::test_moderate 
encommon/webkit/test/test_default.py::test_default_append 
[gw1] [ 83%] FAILED encommon/webkit/test/test_default.py::test_default_styles 
[gw0] [ 83%] FAILED encommon/webkit/test/test_default.py::test_default_attr 
encommon/webkit/test/test_default.py::test_default_prop 
encommon/webkit/test/test_default.py::test_default_create 
[gw3] [ 83%] PASSED encommon/times/test/test_time.py::test_Time 
encommon/colors/test/test_color.py::test_Color_xyz[ff00cc-expect0] 
[gw3] [ 84%] PASSED encommon/colors/test/test_color.py::test_Color_xyz[ff00cc-expect0] 
encommon/colors/test/test_color.py::test_Color_rgb[808080-expect6] 
[gw3] [ 84%] PASSED encommon/colors/test/test_color.py::test_Color_rgb[808080-expect6] 
encommon/colors/test/test_color.py::test_Color_hsl[80007F-expect10] 
[gw3] [ 84%] PASSED encommon/colors/test/test_color.py::test_Color_hsl[80007F-expect10] 
encommon/colors/test/test_color.py::test_Color_hsl[808080-expect6] 
[gw3] [ 85%] PASSED encommon/colors/test/test_color.py::test_Color_hsl[808080-expect6] 
encommon/times/test/test_unitime.py::test_unitime 
[gw3] [ 85%] PASSED encommon/times/test/test_unitime.py::test_unitime 
encommon/types/test/test_notate.py::test_getate_cover 
[gw3] [ 85%] PASSED encommon/types/test/test_notate.py::test_getate_cover 
encommon/types/test/test_notate.py::test_impate 
[gw3] [ 85%] PASSED encommon/types/test/test_notate.py::test_impate 
encommon/types/test/test_notate.py::test_setate_cover 
[gw3] [ 86%] PASSED encommon/types/test/test_notate.py::test_setate_cover 
encommon/types/test/test_notate.py::test_setate 
[gw3] [ 86%] PASSED encommon/types/test/test_notate.py::test_setate 
encommon/types/test/test_notate.py::test_delate_raises 
[gw3] [ 86%] PASSED encommon/types/test/test_notate.py::test_delate_raises 
encommon/types/test/test_notate.py::test_impate_cover 
[gw3] [ 87%] PASSED encommon/types/test/test_notate.py::test_impate_cover 
encommon/types/test/test_notate.py::test_expate_cover 
[gw3] [ 87%] PASSED encommon/types/test/test_notate.py::test_expate_cover 
encommon/types/test/test_notate.py::test_getate 
[gw3] [ 87%] PASSED encommon/types/test/test_notate.py::test_getate 
encommon/types/test/test_notate.py::test_setate_raises 
[gw3] [ 88%] PASSED encommon/types/test/test_notate.py::test_setate_raises 
[gw2] [ 88%] FAILED encommon/webkit/test/test_default.py::test_default_append 
encommon/types/test/test_notate.py::test_delate 
[gw3] [ 88%] PASSED encommon/types/test/test_notate.py::test_delate 
encommon/types/test/test_notate.py::test_impate_raises 
[gw3] [ 89%] PASSED encommon/types/test/test_notate.py::test_impate_raises 
encommon/types/test/test_notate.py::test_expate 
[gw3] [ 89%] PASSED encommon/types/test/test_notate.py::test_expate 
encommon/webkit/test/test_helpers.py::test_helpers_loads 
encommon/webkit/test/test_default.py::test_default_content 
[gw1] [ 89%] FAILED encommon/webkit/test/test_default.py::test_default_prop 
[gw0] [ 90%] FAILED encommon/webkit/test/test_default.py::test_default_create 
encommon/webkit/test/test_default.py::test_default_showhide 
encommon/types/test/test_strings.py::test_instr 
[gw0] [ 90%] PASSED encommon/types/test/test_strings.py::test_instr 
encommon/types/test/test_strings.py::test_hasstr 
[gw0] [ 90%] PASSED encommon/types/test/test_strings.py::test_hasstr 
encommon/types/test/test_strings.py::test_strplwr 
[gw0] [ 91%] PASSED encommon/types/test/test_strings.py::test_strplwr 
encommon/webkit/test/test_helpers.py::test_helpers_isbool 
[gw3] [ 91%] FAILED encommon/webkit/test/test_helpers.py::test_helpers_loads 
[gw2] [ 91%] FAILED encommon/webkit/test/test_default.py::test_default_content 
encommon/webkit/test/test_helpers.py::test_helpers_isquery 
encommon/types/test/test_strings.py::test_inrepr 
[gw2] [ 92%] PASSED encommon/types/test/test_strings.py::test_inrepr 
encommon/types/test/test_strings.py::test_rplstr 
[gw2] [ 92%] PASSED encommon/types/test/test_strings.py::test_rplstr 
encommon/webkit/test/test_helpers.py::test_helpers_istime 
[gw1] [ 92%] FAILED encommon/webkit/test/test_default.py::test_default_showhide 
encommon/webkit/test/test_helpers.py::test_helpers_isfalse 
[gw0] [ 93%] FAILED encommon/webkit/test/test_helpers.py::test_helpers_isbool 
encommon/webkit/test/test_helpers.py::test_helpers_islist 
[gw2] [ 93%] FAILED encommon/webkit/test/test_helpers.py::test_helpers_istime 
[gw3] [ 93%] FAILED encommon/webkit/test/test_helpers.py::test_helpers_isquery 
encommon/webkit/test/test_helpers.py::test_helpers_isempty 
encommon/webkit/test/test_helpers.py::test_helpers_dumps 
[gw1] [ 94%] FAILED encommon/webkit/test/test_helpers.py::test_helpers_isfalse 
encommon/webkit/test/test_helpers.py::test_helpers_isnum 
[gw0] [ 94%] FAILED encommon/webkit/test/test_helpers.py::test_helpers_islist 
encommon/webkit/test/test_helpers.py::test_helpers_isnull 
[gw3] [ 94%] FAILED encommon/webkit/test/test_helpers.py::test_helpers_dumps 
[gw2] [ 95%] FAILED encommon/webkit/test/test_helpers.py::test_helpers_isempty 
[gw1] [ 95%] FAILED encommon/webkit/test/test_helpers.py::test_helpers_isnum 
encommon/webkit/test/test_helpers.py::test_helpers_istrue 
encommon/webkit/test/test_helpers.py::test_helpers_isnode 
encommon/webkit/test/test_helpers.py::test_helpers_isdict 
[gw0] [ 95%] FAILED encommon/webkit/test/test_helpers.py::test_helpers_isnull 
encommon/webkit/test/test_helpers.py::test_helpers_assert 
[gw3] [ 96%] FAILED encommon/webkit/test/test_helpers.py::test_helpers_istrue 
encommon/webkit/test/test_helpers.py::test_helpers_whenready 
[gw1] [ 96%] FAILED encommon/webkit/test/test_helpers.py::test_helpers_isnode 
[gw2] [ 96%] FAILED encommon/webkit/test/test_helpers.py::test_helpers_isdict 
encommon/webkit/test/test_helpers.py::test_helpers_isstr 
encommon/config/test/test_logger.py::test_Logger_cover 
[gw2] [ 97%] PASSED encommon/config/test/test_logger.py::test_Logger_cover 
encommon/config/test/test_utils.py::test_config_path 
[gw2] [ 97%] PASSED encommon/config/test/test_utils.py::test_config_path 
encommon/config/test/test_utils.py::test_config_load 
[gw2] [ 97%] PASSED encommon/config/test/test_utils.py::test_config_load 
encommon/webkit/test/test_image.py::test_image 
[gw0] [ 98%] FAILED encommon/webkit/test/test_helpers.py::test_helpers_assert 
encommon/config/test/test_logger.py::test_Logger 
[gw0] [ 98%] PASSED encommon/config/test/test_logger.py::test_Logger 
[gw3] [ 98%] FAILED encommon/webkit/test/test_helpers.py::test_helpers_whenready 
[gw1] [ 99%] FAILED encommon/webkit/test/test_helpers.py::test_helpers_isstr 
encommon/config/test/test_logger.py::test_Message 
[gw3] [ 99%] PASSED encommon/config/test/test_logger.py::test_Message 
[gw2] [ 99%] FAILED encommon/webkit/test/test_image.py::test_image 
encommon/config/test/test_utils.py::test_config_paths 
[gw1] [100%] PASSED encommon/config/test/test_utils.py::test_config_paths 

=================================== FAILURES ===================================
________________________________ test_duration _________________________________
[gw2] linux -- Python 3.12.13 /home/runner/work/encommon/encommon/main/.venv-package/bin/python3

content = <encommon.webkit.content.Content object at 0x7f963cb3eba0>
driver = <selenium.webdriver.chrome.webdriver.WebDriver (session="7d5b890718947b9b056a5697fa952769")>

    def test_duration(
        content: 'Content',
        driver: WebDriver,
    ) -> None:
        """
        Perform various tests associated with relevant routines.
    
        :param content: Primary class instance for the content.
        :param driver: Selenium driver provided by the library.
        """
    
    
        driver.get(
            f"""
            data:text/html;
            charset=utf-8,
            <html>
              <head>
                <script>
            {content.scripts('default')}
            {content.scripts('helpers')}
            {content.scripts('duration')}
                </script>
              </head>
              <body></body>
            </html>
            """)
    
    
>       outcome = _executejs(
            driver,
            'let element ='
            ' duration(...arguments);'
            'return'
            ' element[0].outerHTML;',
            90460023,
            wrap=False)

encommon/webkit/test/test_duration.py:50: 
_ _ _ _ _ _ _ _ _ _ _ _ _ _ _ _ _ _ _ _ _ _ _ _ _ _ _ _ _ _ _ _ _ _ _ _ _ _ _ _ 
encommon/webkit/test/__init__.py:36: in _executejs
    driver
.venv-package/lib/python3.12/site-packages/selenium/webdriver/remote/webdriver.py:532: in execute_script
    return self.execute(command, {"script": script, "args": converted_args})["value"]
           ^^^^^^^^^^^^^^^^^^^^^^^^^^^^^^^^^^^^^^^^^^^^^^^^^^^^^^^^^^^^^^^^^
.venv-package/lib/python3.12/site-packages/selenium/webdriver/remote/webdriver.py:446: in execute
    self.error_handler.check_response(response)
_ _ _ _ _ _ _ _ _ _ _ _ _ _ _ _ _ _ _ _ _ _ _ _ _ _ _ _ _ _ _ _ _ _ _ _ _ _ _ _ 

self = <selenium.webdriver.remote.errorhandler.ErrorHandler object at 0x7f963cc7e0c0>
response = {'status': 500, 'value': '{"value":{"error":"javascript error","message":"javascript error: duration is not defined\\n...\\n#15 0x55cdb18de4de \\u003Cunknown>\\n#16 0x7f645a89caa4 \\u003Cunknown>\\n#17 0x7f645a929c6c \\u003Cunknown>\\n"}}'}

    def check_response(self, response: dict[str, Any]) -> None:
        """Check that a JSON response from the WebDriver does not have an error.
    
        Args:
            response: The JSON response from the WebDriver server as a dictionary
                object.
    
        Raises:
            WebDriverException: If the response contains an error message.
        """
        status = response.get("status", None)
        if not status or status == ErrorCode.SUCCESS:
            return
        value = None
        message = response.get("message", "")
        screen: str = response.get("screen", "")
        stacktrace = None
        if isinstance(status, int):
            value_json = response.get("value", None)
            if value_json and isinstance(value_json, str):
                try:
                    value = json.loads(value_json)
                    if isinstance(value, dict):
                        if len(value) == 1:
                            value = value["value"]
                        status = value.get("error", None)
                        if not status:
                            status = value.get("status", ErrorCode.UNKNOWN_ERROR)
                            message = value.get("value") or value.get("message")
                            if not isinstance(message, str):
                                value = message
                                message = message.get("message") if isinstance(message, dict) else None
                        else:
                            message = value.get("message", None)
                except ValueError:
                    pass
    
        exception_class: type[WebDriverException]
        e = ErrorCode()
        error_codes = [item for item in dir(e) if not item.startswith("__")]
        for error_code in error_codes:
            error_info = getattr(ErrorCode, error_code)
            if isinstance(error_info, list) and status in error_info:
                exception_class = getattr(ExceptionMapping, error_code, WebDriverException)
                break
        else:
            exception_class = WebDriverException
    
        if not value:
            value = response["value"]
        if isinstance(value, str):
            raise exception_class(value)
        if message == "" and "message" in value:
            message = value["message"]
    
        screen = None  # type: ignore[assignment]
        if "screen" in value:
            screen = value["screen"]
    
        stacktrace = None
        st_value = value.get("stackTrace") or value.get("stacktrace")
        if st_value:
            if isinstance(st_value, str):
                stacktrace = st_value.split("\n")
            else:
                stacktrace = []
                try:
                    for frame in st_value:
                        line = frame.get("lineNumber", "")
                        file = frame.get("fileName", "<anonymous>")
                        if line:
                            file = f"{file}:{line}"
                        meth = frame.get("methodName", "<anonymous>")
                        if "className" in frame:
                            meth = f"{frame['className']}.{meth}"
                        msg = "    at %s (%s)"
                        msg = msg % (meth, file)
                        stacktrace.append(msg)
                except TypeError:
                    pass
        if exception_class == UnexpectedAlertPresentException:
            alert_text = None
            if "data" in value:
                alert_text = value["data"].get("text")
            elif "alert" in value:
                alert_text = value["alert"].get("text")
            raise exception_class(message, screen, stacktrace, alert_text)  # type: ignore[call-arg]  # mypy is not smart enough here
>       raise exception_class(message, screen, stacktrace)
E       selenium.common.exceptions.JavascriptException: Message: javascript error: duration is not defined
E         (Session info: chrome=146.0.7680.164)
E       Stacktrace:
E       #0 0x55cdb18dfa6a <unknown>
E       #1 0x55cdb12eeab5 <unknown>
E       #2 0x55cdb12f592b <unknown>
E       #3 0x55cdb12f84ab <unknown>
E       #4 0x55cdb138a8d9 <unknown>
E       #5 0x55cdb13897b6 <unknown>
E       #6 0x55cdb1334cbf <unknown>
E       #7 0x55cdb1335a81 <unknown>
E       #8 0x55cdb18a5a64 <unknown>
E       #9 0x55cdb18a8951 <unknown>
E       #10 0x55cdb189221e <unknown>
E       #11 0x55cdb18a951e <unknown>
E       #12 0x55cdb1878be0 <unknown>
E       #13 0x55cdb18cc9b8 <unknown>
E       #14 0x55cdb18ccb88 <unknown>
E       #15 0x55cdb18de4de <unknown>
E       #16 0x7f645a89caa4 <unknown>
E       #17 0x7f645a929c6c <unknown>

.venv-package/lib/python3.12/site-packages/selenium/webdriver/remote/errorhandler.py:232: JavascriptException
_________________________________ test_tagues __________________________________
[gw0] linux -- Python 3.12.13 /home/runner/work/encommon/encommon/main/.venv-package/bin/python3

content = <encommon.webkit.content.Content object at 0x7f8cb8b9e6c0>
driver = <selenium.webdriver.chrome.webdriver.WebDriver (session="57a7664ab908d33d569759f30e24007f")>

    def test_tagues(
        content: 'Content',
        driver: WebDriver,
    ) -> None:
        """
        Perform various tests associated with relevant routines.
    
        :param content: Primary class instance for the content.
        :param driver: Selenium driver provided by the library.
        """
    
    
        driver.get(
            f"""
            data:text/html;
            charset=utf-8,
            <html>
              <head>
                <script>
            {content.scripts('default')}
            {content.scripts('helpers')}
            {content.scripts('moderate')}
            {content.scripts('tagues')}
                </script>
              </head>
              <body></body>
            </html>
            """)
    
    
>       outcome = _executejs(
            driver,
            'let element ='
            ' tagues(...arguments);'
            'return'
            ' element[0].outerHTML;',
            ['tag_one', 'tag_two'],
            False,
            wrap=False)

encommon/webkit/test/test_tagues.py:51: 
_ _ _ _ _ _ _ _ _ _ _ _ _ _ _ _ _ _ _ _ _ _ _ _ _ _ _ _ _ _ _ _ _ _ _ _ _ _ _ _ 
encommon/webkit/test/__init__.py:36: in _executejs
    driver
.venv-package/lib/python3.12/site-packages/selenium/webdriver/remote/webdriver.py:532: in execute_script
    return self.execute(command, {"script": script, "args": converted_args})["value"]
           ^^^^^^^^^^^^^^^^^^^^^^^^^^^^^^^^^^^^^^^^^^^^^^^^^^^^^^^^^^^^^^^^^
.venv-package/lib/python3.12/site-packages/selenium/webdriver/remote/webdriver.py:446: in execute
    self.error_handler.check_response(response)
_ _ _ _ _ _ _ _ _ _ _ _ _ _ _ _ _ _ _ _ _ _ _ _ _ _ _ _ _ _ _ _ _ _ _ _ _ _ _ _ 

self = <selenium.webdriver.remote.errorhandler.ErrorHandler object at 0x7f8cb8a90260>
response = {'status': 500, 'value': '{"value":{"error":"javascript error","message":"javascript error: tagues is not defined\\n  ...\\n#15 0x564f429d04de \\u003Cunknown>\\n#16 0x7f9a6a89caa4 \\u003Cunknown>\\n#17 0x7f9a6a929c6c \\u003Cunknown>\\n"}}'}

    def check_response(self, response: dict[str, Any]) -> None:
        """Check that a JSON response from the WebDriver does not have an error.
    
        Args:
            response: The JSON response from the WebDriver server as a dictionary
                object.
    
        Raises:
            WebDriverException: If the response contains an error message.
        """
        status = response.get("status", None)
        if not status or status == ErrorCode.SUCCESS:
            return
        value = None
        message = response.get("message", "")
        screen: str = response.get("screen", "")
        stacktrace = None
        if isinstance(status, int):
            value_json = response.get("value", None)
            if value_json and isinstance(value_json, str):
                try:
                    value = json.loads(value_json)
                    if isinstance(value, dict):
                        if len(value) == 1:
                            value = value["value"]
                        status = value.get("error", None)
                        if not status:
                            status = value.get("status", ErrorCode.UNKNOWN_ERROR)
                            message = value.get("value") or value.get("message")
                            if not isinstance(message, str):
                                value = message
                                message = message.get("message") if isinstance(message, dict) else None
                        else:
                            message = value.get("message", None)
                except ValueError:
                    pass
    
        exception_class: type[WebDriverException]
        e = ErrorCode()
        error_codes = [item for item in dir(e) if not item.startswith("__")]
        for error_code in error_codes:
            error_info = getattr(ErrorCode, error_code)
            if isinstance(error_info, list) and status in error_info:
                exception_class = getattr(ExceptionMapping, error_code, WebDriverException)
                break
        else:
            exception_class = WebDriverException
    
        if not value:
            value = response["value"]
        if isinstance(value, str):
            raise exception_class(value)
        if message == "" and "message" in value:
            message = value["message"]
    
        screen = None  # type: ignore[assignment]
        if "screen" in value:
            screen = value["screen"]
    
        stacktrace = None
        st_value = value.get("stackTrace") or value.get("stacktrace")
        if st_value:
            if isinstance(st_value, str):
                stacktrace = st_value.split("\n")
            else:
                stacktrace = []
                try:
                    for frame in st_value:
                        line = frame.get("lineNumber", "")
                        file = frame.get("fileName", "<anonymous>")
                        if line:
                            file = f"{file}:{line}"
                        meth = frame.get("methodName", "<anonymous>")
                        if "className" in frame:
                            meth = f"{frame['className']}.{meth}"
                        msg = "    at %s (%s)"
                        msg = msg % (meth, file)
                        stacktrace.append(msg)
                except TypeError:
                    pass
        if exception_class == UnexpectedAlertPresentException:
            alert_text = None
            if "data" in value:
                alert_text = value["data"].get("text")
            elif "alert" in value:
                alert_text = value["alert"].get("text")
            raise exception_class(message, screen, stacktrace, alert_text)  # type: ignore[call-arg]  # mypy is not smart enough here
>       raise exception_class(message, screen, stacktrace)
E       selenium.common.exceptions.JavascriptException: Message: javascript error: tagues is not defined
E         (Session info: chrome=146.0.7680.164)
E       Stacktrace:
E       #0 0x564f429d1a6a <unknown>
E       #1 0x564f423e0ab5 <unknown>
E       #2 0x564f423e792b <unknown>
E       #3 0x564f423ea4ab <unknown>
E       #4 0x564f4247c8d9 <unknown>
E       #5 0x564f4247b7b6 <unknown>
E       #6 0x564f42426cbf <unknown>
E       #7 0x564f42427a81 <unknown>
E       #8 0x564f42997a64 <unknown>
E       #9 0x564f4299a951 <unknown>
E       #10 0x564f4298421e <unknown>
E       #11 0x564f4299b51e <unknown>
E       #12 0x564f4296abe0 <unknown>
E       #13 0x564f429be9b8 <unknown>
E       #14 0x564f429beb88 <unknown>
E       #15 0x564f429d04de <unknown>
E       #16 0x7f9a6a89caa4 <unknown>
E       #17 0x7f9a6a929c6c <unknown>

.venv-package/lib/python3.12/site-packages/selenium/webdriver/remote/errorhandler.py:232: JavascriptException
________________________________ test_colordiv _________________________________
[gw1] linux -- Python 3.12.13 /home/runner/work/encommon/encommon/main/.venv-package/bin/python3

content = <encommon.webkit.content.Content object at 0x7f2bc0ffe000>
driver = <selenium.webdriver.chrome.webdriver.WebDriver (session="57826b1d67306268f34ba457b13a6b78")>

    def test_colordiv(
        content: 'Content',
        driver: WebDriver,
    ) -> None:
        """
        Perform various tests associated with relevant routines.
    
        :param content: Primary class instance for the content.
        :param driver: Selenium driver provided by the library.
        """
    
    
        driver.get(
            f"""
            data:text/html;
            charset=utf-8,
            <html>
              <head>
                <script>
            {content.scripts('default')}
            {content.scripts('helpers')}
            {content.scripts('color')}
                </script>
              </head>
              <body></body>
            </html>
            """)
    
    
>       outcome = _executejs(
            driver,
            'let element ='
            ' colordiv(...arguments);'
            'return'
            ' element[0].outerHTML;',
            '#FF00CC',
            wrap=False)

encommon/webkit/test/test_color.py:50: 
_ _ _ _ _ _ _ _ _ _ _ _ _ _ _ _ _ _ _ _ _ _ _ _ _ _ _ _ _ _ _ _ _ _ _ _ _ _ _ _ 
encommon/webkit/test/__init__.py:36: in _executejs
    driver
.venv-package/lib/python3.12/site-packages/selenium/webdriver/remote/webdriver.py:532: in execute_script
    return self.execute(command, {"script": script, "args": converted_args})["value"]
           ^^^^^^^^^^^^^^^^^^^^^^^^^^^^^^^^^^^^^^^^^^^^^^^^^^^^^^^^^^^^^^^^^
.venv-package/lib/python3.12/site-packages/selenium/webdriver/remote/webdriver.py:446: in execute
    self.error_handler.check_response(response)
_ _ _ _ _ _ _ _ _ _ _ _ _ _ _ _ _ _ _ _ _ _ _ _ _ _ _ _ _ _ _ _ _ _ _ _ _ _ _ _ 

self = <selenium.webdriver.remote.errorhandler.ErrorHandler object at 0x7f2bc1da3740>
response = {'status': 500, 'value': '{"value":{"error":"javascript error","message":"javascript error: colordiv is not defined\\n...\\n#15 0x55fde9b2e4de \\u003Cunknown>\\n#16 0x7f1071e9caa4 \\u003Cunknown>\\n#17 0x7f1071f29c6c \\u003Cunknown>\\n"}}'}

    def check_response(self, response: dict[str, Any]) -> None:
        """Check that a JSON response from the WebDriver does not have an error.
    
        Args:
            response: The JSON response from the WebDriver server as a dictionary
                object.
    
        Raises:
            WebDriverException: If the response contains an error message.
        """
        status = response.get("status", None)
        if not status or status == ErrorCode.SUCCESS:
            return
        value = None
        message = response.get("message", "")
        screen: str = response.get("screen", "")
        stacktrace = None
        if isinstance(status, int):
            value_json = response.get("value", None)
            if value_json and isinstance(value_json, str):
                try:
                    value = json.loads(value_json)
                    if isinstance(value, dict):
                        if len(value) == 1:
                            value = value["value"]
                        status = value.get("error", None)
                        if not status:
                            status = value.get("status", ErrorCode.UNKNOWN_ERROR)
                            message = value.get("value") or value.get("message")
                            if not isinstance(message, str):
                                value = message
                                message = message.get("message") if isinstance(message, dict) else None
                        else:
                            message = value.get("message", None)
                except ValueError:
                    pass
    
        exception_class: type[WebDriverException]
        e = ErrorCode()
        error_codes = [item for item in dir(e) if not item.startswith("__")]
        for error_code in error_codes:
            error_info = getattr(ErrorCode, error_code)
            if isinstance(error_info, list) and status in error_info:
                exception_class = getattr(ExceptionMapping, error_code, WebDriverException)
                break
        else:
            exception_class = WebDriverException
    
        if not value:
            value = response["value"]
        if isinstance(value, str):
            raise exception_class(value)
        if message == "" and "message" in value:
            message = value["message"]
    
        screen = None  # type: ignore[assignment]
        if "screen" in value:
            screen = value["screen"]
    
        stacktrace = None
        st_value = value.get("stackTrace") or value.get("stacktrace")
        if st_value:
            if isinstance(st_value, str):
                stacktrace = st_value.split("\n")
            else:
                stacktrace = []
                try:
                    for frame in st_value:
                        line = frame.get("lineNumber", "")
                        file = frame.get("fileName", "<anonymous>")
                        if line:
                            file = f"{file}:{line}"
                        meth = frame.get("methodName", "<anonymous>")
                        if "className" in frame:
                            meth = f"{frame['className']}.{meth}"
                        msg = "    at %s (%s)"
                        msg = msg % (meth, file)
                        stacktrace.append(msg)
                except TypeError:
                    pass
        if exception_class == UnexpectedAlertPresentException:
            alert_text = None
            if "data" in value:
                alert_text = value["data"].get("text")
            elif "alert" in value:
                alert_text = value["alert"].get("text")
            raise exception_class(message, screen, stacktrace, alert_text)  # type: ignore[call-arg]  # mypy is not smart enough here
>       raise exception_class(message, screen, stacktrace)
E       selenium.common.exceptions.JavascriptException: Message: javascript error: colordiv is not defined
E         (Session info: chrome=146.0.7680.164)
E       Stacktrace:
E       #0 0x55fde9b2fa6a <unknown>
E       #1 0x55fde953eab5 <unknown>
E       #2 0x55fde954592b <unknown>
E       #3 0x55fde95484ab <unknown>
E       #4 0x55fde95da8d9 <unknown>
E       #5 0x55fde95d97b6 <unknown>
E       #6 0x55fde9584cbf <unknown>
E       #7 0x55fde9585a81 <unknown>
E       #8 0x55fde9af5a64 <unknown>
E       #9 0x55fde9af8951 <unknown>
E       #10 0x55fde9ae221e <unknown>
E       #11 0x55fde9af951e <unknown>
E       #12 0x55fde9ac8be0 <unknown>
E       #13 0x55fde9b1c9b8 <unknown>
E       #14 0x55fde9b1cb88 <unknown>
E       #15 0x55fde9b2e4de <unknown>
E       #16 0x7f1071e9caa4 <unknown>
E       #17 0x7f1071f29c6c <unknown>

.venv-package/lib/python3.12/site-packages/selenium/webdriver/remote/errorhandler.py:232: JavascriptException
________________________________ test_datestamp ________________________________
[gw2] linux -- Python 3.12.13 /home/runner/work/encommon/encommon/main/.venv-package/bin/python3

content = <encommon.webkit.content.Content object at 0x7f963c955c10>
driver = <selenium.webdriver.chrome.webdriver.WebDriver (session="3340a7d480bd7a2a3b2c7482617a7130")>

    def test_datestamp(
        content: 'Content',
        driver: WebDriver,
    ) -> None:
        """
        Perform various tests associated with relevant routines.
    
        :param content: Primary class instance for the content.
        :param driver: Selenium driver provided by the library.
        """
    
    
        driver.get(
            f"""
            data:text/html;
            charset=utf-8,
            <html>
              <head>
                <script>
            {content.scripts('default')}
            {content.scripts('helpers')}
            {content.scripts('datetime')}
                </script>
              </head>
              <body></body>
            </html>
            """)
    
    
>       outcome = _executejs(
            driver,
            'let element ='
            ' datestamp(...arguments);'
            'return'
            ' element[0].outerHTML;',
            '2024-04-20T16:20:00Z',
            wrap=False)

encommon/webkit/test/test_datetime.py:50: 
_ _ _ _ _ _ _ _ _ _ _ _ _ _ _ _ _ _ _ _ _ _ _ _ _ _ _ _ _ _ _ _ _ _ _ _ _ _ _ _ 
encommon/webkit/test/__init__.py:36: in _executejs
    driver
.venv-package/lib/python3.12/site-packages/selenium/webdriver/remote/webdriver.py:532: in execute_script
    return self.execute(command, {"script": script, "args": converted_args})["value"]
           ^^^^^^^^^^^^^^^^^^^^^^^^^^^^^^^^^^^^^^^^^^^^^^^^^^^^^^^^^^^^^^^^^
.venv-package/lib/python3.12/site-packages/selenium/webdriver/remote/webdriver.py:446: in execute
    self.error_handler.check_response(response)
_ _ _ _ _ _ _ _ _ _ _ _ _ _ _ _ _ _ _ _ _ _ _ _ _ _ _ _ _ _ _ _ _ _ _ _ _ _ _ _ 

self = <selenium.webdriver.remote.errorhandler.ErrorHandler object at 0x7f963c955520>
response = {'status': 500, 'value': '{"value":{"error":"javascript error","message":"javascript error: datestamp is not defined\\...\\n#15 0x55d3416384de \\u003Cunknown>\\n#16 0x7f928889caa4 \\u003Cunknown>\\n#17 0x7f9288929c6c \\u003Cunknown>\\n"}}'}

    def check_response(self, response: dict[str, Any]) -> None:
        """Check that a JSON response from the WebDriver does not have an error.
    
        Args:
            response: The JSON response from the WebDriver server as a dictionary
                object.
    
        Raises:
            WebDriverException: If the response contains an error message.
        """
        status = response.get("status", None)
        if not status or status == ErrorCode.SUCCESS:
            return
        value = None
        message = response.get("message", "")
        screen: str = response.get("screen", "")
        stacktrace = None
        if isinstance(status, int):
            value_json = response.get("value", None)
            if value_json and isinstance(value_json, str):
                try:
                    value = json.loads(value_json)
                    if isinstance(value, dict):
                        if len(value) == 1:
                            value = value["value"]
                        status = value.get("error", None)
                        if not status:
                            status = value.get("status", ErrorCode.UNKNOWN_ERROR)
                            message = value.get("value") or value.get("message")
                            if not isinstance(message, str):
                                value = message
                                message = message.get("message") if isinstance(message, dict) else None
                        else:
                            message = value.get("message", None)
                except ValueError:
                    pass
    
        exception_class: type[WebDriverException]
        e = ErrorCode()
        error_codes = [item for item in dir(e) if not item.startswith("__")]
        for error_code in error_codes:
            error_info = getattr(ErrorCode, error_code)
            if isinstance(error_info, list) and status in error_info:
                exception_class = getattr(ExceptionMapping, error_code, WebDriverException)
                break
        else:
            exception_class = WebDriverException
    
        if not value:
            value = response["value"]
        if isinstance(value, str):
            raise exception_class(value)
        if message == "" and "message" in value:
            message = value["message"]
    
        screen = None  # type: ignore[assignment]
        if "screen" in value:
            screen = value["screen"]
    
        stacktrace = None
        st_value = value.get("stackTrace") or value.get("stacktrace")
        if st_value:
            if isinstance(st_value, str):
                stacktrace = st_value.split("\n")
            else:
                stacktrace = []
                try:
                    for frame in st_value:
                        line = frame.get("lineNumber", "")
                        file = frame.get("fileName", "<anonymous>")
                        if line:
                            file = f"{file}:{line}"
                        meth = frame.get("methodName", "<anonymous>")
                        if "className" in frame:
                            meth = f"{frame['className']}.{meth}"
                        msg = "    at %s (%s)"
                        msg = msg % (meth, file)
                        stacktrace.append(msg)
                except TypeError:
                    pass
        if exception_class == UnexpectedAlertPresentException:
            alert_text = None
            if "data" in value:
                alert_text = value["data"].get("text")
            elif "alert" in value:
                alert_text = value["alert"].get("text")
            raise exception_class(message, screen, stacktrace, alert_text)  # type: ignore[call-arg]  # mypy is not smart enough here
>       raise exception_class(message, screen, stacktrace)
E       selenium.common.exceptions.JavascriptException: Message: javascript error: datestamp is not defined
E         (Session info: chrome=146.0.7680.164)
E       Stacktrace:
E       #0 0x55d341639a6a <unknown>
E       #1 0x55d341048ab5 <unknown>
E       #2 0x55d34104f92b <unknown>
E       #3 0x55d3410524ab <unknown>
E       #4 0x55d3410e48d9 <unknown>
E       #5 0x55d3410e37b6 <unknown>
E       #6 0x55d34108ecbf <unknown>
E       #7 0x55d34108fa81 <unknown>
E       #8 0x55d3415ffa64 <unknown>
E       #9 0x55d341602951 <unknown>
E       #10 0x55d3415ec21e <unknown>
E       #11 0x55d34160351e <unknown>
E       #12 0x55d3415d2be0 <unknown>
E       #13 0x55d3416269b8 <unknown>
E       #14 0x55d341626b88 <unknown>
E       #15 0x55d3416384de <unknown>
E       #16 0x7f928889caa4 <unknown>
E       #17 0x7f9288929c6c <unknown>

.venv-package/lib/python3.12/site-packages/selenium/webdriver/remote/errorhandler.py:232: JavascriptException
_________________________________ test_message _________________________________
[gw0] linux -- Python 3.12.13 /home/runner/work/encommon/encommon/main/.venv-package/bin/python3

content = <encommon.webkit.content.Content object at 0x7f8cb8a442f0>
driver = <selenium.webdriver.chrome.webdriver.WebDriver (session="5a18a626f24505b2be9ccca57ded7a8e")>

    def test_message(
        content: 'Content',
        driver: WebDriver,
    ) -> None:
        """
        Perform various tests associated with relevant routines.
    
        :param content: Primary class instance for the content.
        :param driver: Selenium driver provided by the library.
        """
    
    
        driver.get(
            f"""
            data:text/html;
            charset=utf-8,
            <html>
              <head>
                <script>
            {content.scripts('default')}
            {content.scripts('helpers')}
            {content.scripts('message')}
                </script>
              </head>
              <body></body>
            </html>
            """)
    
    
>       outcome = _executejs(
            driver,
            'let element ='
            ' message(...arguments);'
            'return'
            ' element[0].outerHTML;',
            'information',
            'This is the message',
            wrap=False)

encommon/webkit/test/test_message.py:50: 
_ _ _ _ _ _ _ _ _ _ _ _ _ _ _ _ _ _ _ _ _ _ _ _ _ _ _ _ _ _ _ _ _ _ _ _ _ _ _ _ 
encommon/webkit/test/__init__.py:36: in _executejs
    driver
.venv-package/lib/python3.12/site-packages/selenium/webdriver/remote/webdriver.py:532: in execute_script
    return self.execute(command, {"script": script, "args": converted_args})["value"]
           ^^^^^^^^^^^^^^^^^^^^^^^^^^^^^^^^^^^^^^^^^^^^^^^^^^^^^^^^^^^^^^^^^
.venv-package/lib/python3.12/site-packages/selenium/webdriver/remote/webdriver.py:446: in execute
    self.error_handler.check_response(response)
_ _ _ _ _ _ _ _ _ _ _ _ _ _ _ _ _ _ _ _ _ _ _ _ _ _ _ _ _ _ _ _ _ _ _ _ _ _ _ _ 

self = <selenium.webdriver.remote.errorhandler.ErrorHandler object at 0x7f8cb8a47a10>
response = {'status': 500, 'value': '{"value":{"error":"javascript error","message":"javascript error: message is not defined\\n ...\\n#15 0x55bc8054c4de \\u003Cunknown>\\n#16 0x7fa5b9c9caa4 \\u003Cunknown>\\n#17 0x7fa5b9d29c6c \\u003Cunknown>\\n"}}'}

    def check_response(self, response: dict[str, Any]) -> None:
        """Check that a JSON response from the WebDriver does not have an error.
    
        Args:
            response: The JSON response from the WebDriver server as a dictionary
                object.
    
        Raises:
            WebDriverException: If the response contains an error message.
        """
        status = response.get("status", None)
        if not status or status == ErrorCode.SUCCESS:
            return
        value = None
        message = response.get("message", "")
        screen: str = response.get("screen", "")
        stacktrace = None
        if isinstance(status, int):
            value_json = response.get("value", None)
            if value_json and isinstance(value_json, str):
                try:
                    value = json.loads(value_json)
                    if isinstance(value, dict):
                        if len(value) == 1:
                            value = value["value"]
                        status = value.get("error", None)
                        if not status:
                            status = value.get("status", ErrorCode.UNKNOWN_ERROR)
                            message = value.get("value") or value.get("message")
                            if not isinstance(message, str):
                                value = message
                                message = message.get("message") if isinstance(message, dict) else None
                        else:
                            message = value.get("message", None)
                except ValueError:
                    pass
    
        exception_class: type[WebDriverException]
        e = ErrorCode()
        error_codes = [item for item in dir(e) if not item.startswith("__")]
        for error_code in error_codes:
            error_info = getattr(ErrorCode, error_code)
            if isinstance(error_info, list) and status in error_info:
                exception_class = getattr(ExceptionMapping, error_code, WebDriverException)
                break
        else:
            exception_class = WebDriverException
    
        if not value:
            value = response["value"]
        if isinstance(value, str):
            raise exception_class(value)
        if message == "" and "message" in value:
            message = value["message"]
    
        screen = None  # type: ignore[assignment]
        if "screen" in value:
            screen = value["screen"]
    
        stacktrace = None
        st_value = value.get("stackTrace") or value.get("stacktrace")
        if st_value:
            if isinstance(st_value, str):
                stacktrace = st_value.split("\n")
            else:
                stacktrace = []
                try:
                    for frame in st_value:
                        line = frame.get("lineNumber", "")
                        file = frame.get("fileName", "<anonymous>")
                        if line:
                            file = f"{file}:{line}"
                        meth = frame.get("methodName", "<anonymous>")
                        if "className" in frame:
                            meth = f"{frame['className']}.{meth}"
                        msg = "    at %s (%s)"
                        msg = msg % (meth, file)
                        stacktrace.append(msg)
                except TypeError:
                    pass
        if exception_class == UnexpectedAlertPresentException:
            alert_text = None
            if "data" in value:
                alert_text = value["data"].get("text")
            elif "alert" in value:
                alert_text = value["alert"].get("text")
[...]
#7 0x55b213421a81 <unknown>
#8 0x55b213991a64 <unknown>
#9 0x55b213994951 <unknown>
#10 0x55b21397e21e <unknown>
#11 0x55b21399551e <unknown>
#12 0x55b213964be0 <unknown>
#13 0x55b2139b89b8 <unknown>
#14 0x55b2139b8b88 <unknown>
#15 0x55b2139ca4de <unknown>
#16 0x7f6aa389caa4 <unknown>
#17 0x7f6aa3929c6c <unknown>
FAILED encommon/webkit/test/test_default.py::test_default_replace - selenium.common.exceptions.JavascriptException: Message: javascript error: $ is not defined
  (Session info: chrome=146.0.7680.164)
Stacktrace:
#0 0x55880ef41a6a <unknown>
#1 0x55880e950ab5 <unknown>
#2 0x55880e95792b <unknown>
#3 0x55880e95a4ab <unknown>
#4 0x55880e9ec8d9 <unknown>
#5 0x55880e9eb7b6 <unknown>
#6 0x55880e996cbf <unknown>
#7 0x55880e997a81 <unknown>
#8 0x55880ef07a64 <unknown>
#9 0x55880ef0a951 <unknown>
#10 0x55880eef421e <unknown>
#11 0x55880ef0b51e <unknown>
#12 0x55880eedabe0 <unknown>
#13 0x55880ef2e9b8 <unknown>
#14 0x55880ef2eb88 <unknown>
#15 0x55880ef404de <unknown>
#16 0x7ff13b69caa4 <unknown>
#17 0x7ff13b729c6c <unknown>
FAILED encommon/webkit/test/test_numeric.py::test_numeric_bytes - selenium.common.exceptions.JavascriptException: Message: javascript error: numeric_bytes is not defined
  (Session info: chrome=146.0.7680.164)
Stacktrace:
#0 0x55a024bc3a6a <unknown>
#1 0x55a0245d2ab5 <unknown>
#2 0x55a0245d992b <unknown>
#3 0x55a0245dc4ab <unknown>
#4 0x55a02466e8d9 <unknown>
#5 0x55a02466d7b6 <unknown>
#6 0x55a024618cbf <unknown>
#7 0x55a024619a81 <unknown>
#8 0x55a024b89a64 <unknown>
#9 0x55a024b8c951 <unknown>
#10 0x55a024b7621e <unknown>
#11 0x55a024b8d51e <unknown>
#12 0x55a024b5cbe0 <unknown>
#13 0x55a024bb09b8 <unknown>
#14 0x55a024bb0b88 <unknown>
#15 0x55a024bc24de <unknown>
#16 0x7f547709caa4 <unknown>
#17 0x7f5477129c6c <unknown>
FAILED encommon/webkit/test/test_moderate.py::test_moderate - selenium.common.exceptions.JavascriptException: Message: javascript error: moderate is not defined
  (Session info: chrome=146.0.7680.164)
Stacktrace:
#0 0x560c3d41ca6a <unknown>
#1 0x560c3ce2bab5 <unknown>
#2 0x560c3ce3292b <unknown>
#3 0x560c3ce354ab <unknown>
#4 0x560c3cec78d9 <unknown>
#5 0x560c3cec67b6 <unknown>
#6 0x560c3ce71cbf <unknown>
#7 0x560c3ce72a81 <unknown>
#8 0x560c3d3e2a64 <unknown>
#9 0x560c3d3e5951 <unknown>
#10 0x560c3d3cf21e <unknown>
#11 0x560c3d3e651e <unknown>
#12 0x560c3d3b5be0 <unknown>
#13 0x560c3d4099b8 <unknown>
#14 0x560c3d409b88 <unknown>
#15 0x560c3d41b4de <unknown>
#16 0x7fca6b29caa4 <unknown>
#17 0x7fca6b329c6c <unknown>
FAILED encommon/webkit/test/test_default.py::test_default_styles - selenium.common.exceptions.JavascriptException: Message: javascript error: $ is not defined
  (Session info: chrome=146.0.7680.164)
Stacktrace:
#0 0x55e716b78a6a <unknown>
#1 0x55e716587ab5 <unknown>
#2 0x55e71658e92b <unknown>
#3 0x55e7165914ab <unknown>
#4 0x55e7166238d9 <unknown>
#5 0x55e7166227b6 <unknown>
#6 0x55e7165cdcbf <unknown>
#7 0x55e7165cea81 <unknown>
#8 0x55e716b3ea64 <unknown>
#9 0x55e716b41951 <unknown>
#10 0x55e716b2b21e <unknown>
#11 0x55e716b4251e <unknown>
#12 0x55e716b11be0 <unknown>
#13 0x55e716b659b8 <unknown>
#14 0x55e716b65b88 <unknown>
#15 0x55e716b774de <unknown>
#16 0x7f68d0e9caa4 <unknown>
#17 0x7f68d0f29c6c <unknown>
FAILED encommon/webkit/test/test_default.py::test_default_attr - selenium.common.exceptions.JavascriptException: Message: javascript error: $ is not defined
  (Session info: chrome=146.0.7680.164)
Stacktrace:
#0 0x564e23393a6a <unknown>
#1 0x564e22da2ab5 <unknown>
#2 0x564e22da992b <unknown>
#3 0x564e22dac4ab <unknown>
#4 0x564e22e3e8d9 <unknown>
#5 0x564e22e3d7b6 <unknown>
#6 0x564e22de8cbf <unknown>
#7 0x564e22de9a81 <unknown>
#8 0x564e23359a64 <unknown>
#9 0x564e2335c951 <unknown>
#10 0x564e2334621e <unknown>
#11 0x564e2335d51e <unknown>
#12 0x564e2332cbe0 <unknown>
#13 0x564e233809b8 <unknown>
#14 0x564e23380b88 <unknown>
#15 0x564e233924de <unknown>
#16 0x7ff994e9caa4 <unknown>
#17 0x7ff994f29c6c <unknown>
FAILED encommon/webkit/test/test_default.py::test_default_append - selenium.common.exceptions.JavascriptException: Message: javascript error: $ is not defined
  (Session info: chrome=146.0.7680.164)
Stacktrace:
#0 0x55f07e99fa6a <unknown>
#1 0x55f07e3aeab5 <unknown>
#2 0x55f07e3b592b <unknown>
#3 0x55f07e3b84ab <unknown>
#4 0x55f07e44a8d9 <unknown>
#5 0x55f07e4497b6 <unknown>
#6 0x55f07e3f4cbf <unknown>
#7 0x55f07e3f5a81 <unknown>
#8 0x55f07e965a64 <unknown>
#9 0x55f07e968951 <unknown>
#10 0x55f07e95221e <unknown>
#11 0x55f07e96951e <unknown>
#12 0x55f07e938be0 <unknown>
#13 0x55f07e98c9b8 <unknown>
#14 0x55f07e98cb88 <unknown>
#15 0x55f07e99e4de <unknown>
#16 0x7fa87c69caa4 <unknown>
#17 0x7fa87c729c6c <unknown>
FAILED encommon/webkit/test/test_default.py::test_default_prop - selenium.common.exceptions.JavascriptException: Message: javascript error: $ is not defined
  (Session info: chrome=146.0.7680.164)
Stacktrace:
#0 0x558e29b6fa6a <unknown>
#1 0x558e2957eab5 <unknown>
#2 0x558e2958592b <unknown>
#3 0x558e295884ab <unknown>
#4 0x558e2961a8d9 <unknown>
#5 0x558e296197b6 <unknown>
#6 0x558e295c4cbf <unknown>
#7 0x558e295c5a81 <unknown>
#8 0x558e29b35a64 <unknown>
#9 0x558e29b38951 <unknown>
#10 0x558e29b2221e <unknown>
#11 0x558e29b3951e <unknown>
#12 0x558e29b08be0 <unknown>
#13 0x558e29b5c9b8 <unknown>
#14 0x558e29b5cb88 <unknown>
#15 0x558e29b6e4de <unknown>
#16 0x7f368be9caa4 <unknown>
#17 0x7f368bf29c6c <unknown>
FAILED encommon/webkit/test/test_default.py::test_default_create - selenium.common.exceptions.JavascriptException: Message: javascript error: $ is not defined
  (Session info: chrome=146.0.7680.164)
Stacktrace:
#0 0x55b9994daa6a <unknown>
#1 0x55b998ee9ab5 <unknown>
#2 0x55b998ef092b <unknown>
#3 0x55b998ef34ab <unknown>
#4 0x55b998f858d9 <unknown>
#5 0x55b998f847b6 <unknown>
#6 0x55b998f2fcbf <unknown>
#7 0x55b998f30a81 <unknown>
#8 0x55b9994a0a64 <unknown>
#9 0x55b9994a3951 <unknown>
#10 0x55b99948d21e <unknown>
#11 0x55b9994a451e <unknown>
#12 0x55b999473be0 <unknown>
#13 0x55b9994c79b8 <unknown>
#14 0x55b9994c7b88 <unknown>
#15 0x55b9994d94de <unknown>
#16 0x7fe2a949caa4 <unknown>
#17 0x7fe2a9529c6c <unknown>
FAILED encommon/webkit/test/test_helpers.py::test_helpers_loads - selenium.common.exceptions.JavascriptException: Message: javascript error: loads is not defined
  (Session info: chrome=146.0.7680.164)
Stacktrace:
#0 0x55b5219e3a6a <unknown>
#1 0x55b5213f2ab5 <unknown>
#2 0x55b5213f992b <unknown>
#3 0x55b5213fc4ab <unknown>
#4 0x55b52148e8d9 <unknown>
#5 0x55b52148d7b6 <unknown>
#6 0x55b521438cbf <unknown>
#7 0x55b521439a81 <unknown>
#8 0x55b5219a9a64 <unknown>
#9 0x55b5219ac951 <unknown>
#10 0x55b52199621e <unknown>
#11 0x55b5219ad51e <unknown>
#12 0x55b52197cbe0 <unknown>
#13 0x55b5219d09b8 <unknown>
#14 0x55b5219d0b88 <unknown>
#15 0x55b5219e24de <unknown>
#16 0x7fb79609caa4 <unknown>
#17 0x7fb796129c6c <unknown>
FAILED encommon/webkit/test/test_default.py::test_default_content - selenium.common.exceptions.JavascriptException: Message: javascript error: $ is not defined
  (Session info: chrome=146.0.7680.164)
Stacktrace:
#0 0x55e9e9aa6a6a <unknown>
#1 0x55e9e94b5ab5 <unknown>
#2 0x55e9e94bc92b <unknown>
#3 0x55e9e94bf4ab <unknown>
#4 0x55e9e95518d9 <unknown>
#5 0x55e9e95507b6 <unknown>
#6 0x55e9e94fbcbf <unknown>
#7 0x55e9e94fca81 <unknown>
#8 0x55e9e9a6ca64 <unknown>
#9 0x55e9e9a6f951 <unknown>
#10 0x55e9e9a5921e <unknown>
#11 0x55e9e9a7051e <unknown>
#12 0x55e9e9a3fbe0 <unknown>
#13 0x55e9e9a939b8 <unknown>
#14 0x55e9e9a93b88 <unknown>
#15 0x55e9e9aa54de <unknown>
#16 0x7f11ddc9caa4 <unknown>
#17 0x7f11ddd29c6c <unknown>
FAILED encommon/webkit/test/test_default.py::test_default_showhide - selenium.common.exceptions.JavascriptException: Message: javascript error: $ is not defined
  (Session info: chrome=146.0.7680.164)
Stacktrace:
#0 0x55e6479daa6a <unknown>
#1 0x55e6473e9ab5 <unknown>
#2 0x55e6473f092b <unknown>
#3 0x55e6473f34ab <unknown>
#4 0x55e6474858d9 <unknown>
#5 0x55e6474847b6 <unknown>
#6 0x55e64742fcbf <unknown>
#7 0x55e647430a81 <unknown>
#8 0x55e6479a0a64 <unknown>
#9 0x55e6479a3951 <unknown>
#10 0x55e64798d21e <unknown>
#11 0x55e6479a451e <unknown>
#12 0x55e647973be0 <unknown>
#13 0x55e6479c79b8 <unknown>
#14 0x55e6479c7b88 <unknown>
#15 0x55e6479d94de <unknown>
#16 0x7f1adc29caa4 <unknown>
#17 0x7f1adc329c6c <unknown>
FAILED encommon/webkit/test/test_helpers.py::test_helpers_isbool - selenium.common.exceptions.JavascriptException: Message: javascript error: isbool is not defined
  (Session info: chrome=146.0.7680.164)
Stacktrace:
#0 0x559e8f5a5a6a <unknown>
#1 0x559e8efb4ab5 <unknown>
#2 0x559e8efbb92b <unknown>
#3 0x559e8efbe4ab <unknown>
#4 0x559e8f0508d9 <unknown>
#5 0x559e8f04f7b6 <unknown>
#6 0x559e8effacbf <unknown>
#7 0x559e8effba81 <unknown>
#8 0x559e8f56ba64 <unknown>
#9 0x559e8f56e951 <unknown>
#10 0x559e8f55821e <unknown>
#11 0x559e8f56f51e <unknown>
#12 0x559e8f53ebe0 <unknown>
#13 0x559e8f5929b8 <unknown>
#14 0x559e8f592b88 <unknown>
#15 0x559e8f5a44de <unknown>
#16 0x7f4a28a9caa4 <unknown>
#17 0x7f4a28b29c6c <unknown>
FAILED encommon/webkit/test/test_helpers.py::test_helpers_istime - selenium.common.exceptions.JavascriptException: Message: javascript error: istime is not defined
  (Session info: chrome=146.0.7680.164)
Stacktrace:
#0 0x56211c98da6a <unknown>
#1 0x56211c39cab5 <unknown>
#2 0x56211c3a392b <unknown>
#3 0x56211c3a64ab <unknown>
#4 0x56211c4388d9 <unknown>
#5 0x56211c4377b6 <unknown>
#6 0x56211c3e2cbf <unknown>
#7 0x56211c3e3a81 <unknown>
#8 0x56211c953a64 <unknown>
#9 0x56211c956951 <unknown>
#10 0x56211c94021e <unknown>
#11 0x56211c95751e <unknown>
#12 0x56211c926be0 <unknown>
#13 0x56211c97a9b8 <unknown>
#14 0x56211c97ab88 <unknown>
#15 0x56211c98c4de <unknown>
#16 0x7f9816a9caa4 <unknown>
#17 0x7f9816b29c6c <unknown>
FAILED encommon/webkit/test/test_helpers.py::test_helpers_isquery - selenium.common.exceptions.JavascriptException: Message: javascript error: $ is not defined
  (Session info: chrome=146.0.7680.164)
Stacktrace:
#0 0x55bba87b2a6a <unknown>
#1 0x55bba81c1ab5 <unknown>
#2 0x55bba81c892b <unknown>
#3 0x55bba81cb4ab <unknown>
#4 0x55bba825d8d9 <unknown>
#5 0x55bba825c7b6 <unknown>
#6 0x55bba8207cbf <unknown>
#7 0x55bba8208a81 <unknown>
#8 0x55bba8778a64 <unknown>
#9 0x55bba877b951 <unknown>
#10 0x55bba876521e <unknown>
#11 0x55bba877c51e <unknown>
#12 0x55bba874bbe0 <unknown>
#13 0x55bba879f9b8 <unknown>
#14 0x55bba879fb88 <unknown>
#15 0x55bba87b14de <unknown>
#16 0x7f9f7ba9caa4 <unknown>
#17 0x7f9f7bb29c6c <unknown>
FAILED encommon/webkit/test/test_helpers.py::test_helpers_isfalse - selenium.common.exceptions.JavascriptException: Message: javascript error: isfalse is not defined
  (Session info: chrome=146.0.7680.164)
Stacktrace:
#0 0x5614d72a3a6a <unknown>
#1 0x5614d6cb2ab5 <unknown>
#2 0x5614d6cb992b <unknown>
#3 0x5614d6cbc4ab <unknown>
#4 0x5614d6d4e8d9 <unknown>
#5 0x5614d6d4d7b6 <unknown>
#6 0x5614d6cf8cbf <unknown>
#7 0x5614d6cf9a81 <unknown>
#8 0x5614d7269a64 <unknown>
#9 0x5614d726c951 <unknown>
#10 0x5614d725621e <unknown>
#11 0x5614d726d51e <unknown>
#12 0x5614d723cbe0 <unknown>
#13 0x5614d72909b8 <unknown>
#14 0x5614d7290b88 <unknown>
#15 0x5614d72a24de <unknown>
#16 0x7f85d9a9caa4 <unknown>
#17 0x7f85d9b29c6c <unknown>
FAILED encommon/webkit/test/test_helpers.py::test_helpers_islist - selenium.common.exceptions.JavascriptException: Message: javascript error: islist is not defined
  (Session info: chrome=146.0.7680.164)
Stacktrace:
#0 0x55e4775baa6a <unknown>
#1 0x55e476fc9ab5 <unknown>
#2 0x55e476fd092b <unknown>
#3 0x55e476fd34ab <unknown>
#4 0x55e4770658d9 <unknown>
#5 0x55e4770647b6 <unknown>
#6 0x55e47700fcbf <unknown>
#7 0x55e477010a81 <unknown>
#8 0x55e477580a64 <unknown>
#9 0x55e477583951 <unknown>
#10 0x55e47756d21e <unknown>
#11 0x55e47758451e <unknown>
#12 0x55e477553be0 <unknown>
#13 0x55e4775a79b8 <unknown>
#14 0x55e4775a7b88 <unknown>
#15 0x55e4775b94de <unknown>
#16 0x7fac3d89caa4 <unknown>
#17 0x7fac3d929c6c <unknown>
FAILED encommon/webkit/test/test_helpers.py::test_helpers_dumps - selenium.common.exceptions.JavascriptException: Message: javascript error: dumps is not defined
  (Session info: chrome=146.0.7680.164)
Stacktrace:
#0 0x5597f9db0a6a <unknown>
#1 0x5597f97bfab5 <unknown>
#2 0x5597f97c692b <unknown>
#3 0x5597f97c94ab <unknown>
#4 0x5597f985b8d9 <unknown>
#5 0x5597f985a7b6 <unknown>
#6 0x5597f9805cbf <unknown>
#7 0x5597f9806a81 <unknown>
#8 0x5597f9d76a64 <unknown>
#9 0x5597f9d79951 <unknown>
#10 0x5597f9d6321e <unknown>
#11 0x5597f9d7a51e <unknown>
#12 0x5597f9d49be0 <unknown>
#13 0x5597f9d9d9b8 <unknown>
#14 0x5597f9d9db88 <unknown>
#15 0x5597f9daf4de <unknown>
#16 0x7f842bc9caa4 <unknown>
#17 0x7f842bd29c6c <unknown>
FAILED encommon/webkit/test/test_helpers.py::test_helpers_isempty - selenium.common.exceptions.JavascriptException: Message: javascript error: isempty is not defined
  (Session info: chrome=146.0.7680.164)
Stacktrace:
#0 0x55822f27aa6a <unknown>
#1 0x55822ec89ab5 <unknown>
#2 0x55822ec9092b <unknown>
#3 0x55822ec934ab <unknown>
#4 0x55822ed258d9 <unknown>
#5 0x55822ed247b6 <unknown>
#6 0x55822eccfcbf <unknown>
#7 0x55822ecd0a81 <unknown>
#8 0x55822f240a64 <unknown>
#9 0x55822f243951 <unknown>
#10 0x55822f22d21e <unknown>
#11 0x55822f24451e <unknown>
#12 0x55822f213be0 <unknown>
#13 0x55822f2679b8 <unknown>
#14 0x55822f267b88 <unknown>
#15 0x55822f2794de <unknown>
#16 0x7fb0d949caa4 <unknown>
#17 0x7fb0d9529c6c <unknown>
FAILED encommon/webkit/test/test_helpers.py::test_helpers_isnum - selenium.common.exceptions.JavascriptException: Message: javascript error: isnum is not defined
  (Session info: chrome=146.0.7680.164)
Stacktrace:
#0 0x56228ed2aa6a <unknown>
#1 0x56228e739ab5 <unknown>
#2 0x56228e74092b <unknown>
#3 0x56228e7434ab <unknown>
#4 0x56228e7d58d9 <unknown>
#5 0x56228e7d47b6 <unknown>
#6 0x56228e77fcbf <unknown>
#7 0x56228e780a81 <unknown>
#8 0x56228ecf0a64 <unknown>
#9 0x56228ecf3951 <unknown>
#10 0x56228ecdd21e <unknown>
#11 0x56228ecf451e <unknown>
#12 0x56228ecc3be0 <unknown>
#13 0x56228ed179b8 <unknown>
#14 0x56228ed17b88 <unknown>
#15 0x56228ed294de <unknown>
#16 0x7fa84529caa4 <unknown>
#17 0x7fa845329c6c <unknown>
FAILED encommon/webkit/test/test_helpers.py::test_helpers_isnull - selenium.common.exceptions.JavascriptException: Message: javascript error: isnull is not defined
  (Session info: chrome=146.0.7680.164)
Stacktrace:
#0 0x5561a0c16a6a <unknown>
#1 0x5561a0625ab5 <unknown>
#2 0x5561a062c92b <unknown>
#3 0x5561a062f4ab <unknown>
#4 0x5561a06c18d9 <unknown>
#5 0x5561a06c07b6 <unknown>
#6 0x5561a066bcbf <unknown>
#7 0x5561a066ca81 <unknown>
#8 0x5561a0bdca64 <unknown>
#9 0x5561a0bdf951 <unknown>
#10 0x5561a0bc921e <unknown>
#11 0x5561a0be051e <unknown>
#12 0x5561a0bafbe0 <unknown>
#13 0x5561a0c039b8 <unknown>
#14 0x5561a0c03b88 <unknown>
#15 0x5561a0c154de <unknown>
#16 0x7f209b69caa4 <unknown>
#17 0x7f209b729c6c <unknown>
FAILED encommon/webkit/test/test_helpers.py::test_helpers_istrue - selenium.common.exceptions.JavascriptException: Message: javascript error: istrue is not defined
  (Session info: chrome=146.0.7680.164)
Stacktrace:
#0 0x564373b37a6a <unknown>
#1 0x564373546ab5 <unknown>
#2 0x56437354d92b <unknown>
#3 0x5643735504ab <unknown>
#4 0x5643735e28d9 <unknown>
#5 0x5643735e17b6 <unknown>
#6 0x56437358ccbf <unknown>
#7 0x56437358da81 <unknown>
#8 0x564373afda64 <unknown>
#9 0x564373b00951 <unknown>
#10 0x564373aea21e <unknown>
#11 0x564373b0151e <unknown>
#12 0x564373ad0be0 <unknown>
#13 0x564373b249b8 <unknown>
#14 0x564373b24b88 <unknown>
#15 0x564373b364de <unknown>
#16 0x7fa64569caa4 <unknown>
#17 0x7fa645729c6c <unknown>
FAILED encommon/webkit/test/test_helpers.py::test_helpers_isnode - selenium.common.exceptions.JavascriptException: Message: javascript error: $ is not defined
  (Session info: chrome=146.0.7680.164)
Stacktrace:
#0 0x56240adeaa6a <unknown>
#1 0x56240a7f9ab5 <unknown>
#2 0x56240a80092b <unknown>
#3 0x56240a8034ab <unknown>
#4 0x56240a8958d9 <unknown>
#5 0x56240a8947b6 <unknown>
#6 0x56240a83fcbf <unknown>
#7 0x56240a840a81 <unknown>
#8 0x56240adb0a64 <unknown>
#9 0x56240adb3951 <unknown>
#10 0x56240ad9d21e <unknown>
#11 0x56240adb451e <unknown>
#12 0x56240ad83be0 <unknown>
#13 0x56240add79b8 <unknown>
#14 0x56240add7b88 <unknown>
#15 0x56240ade94de <unknown>
#16 0x7ffa4229caa4 <unknown>
#17 0x7ffa42329c6c <unknown>
FAILED encommon/webkit/test/test_helpers.py::test_helpers_isdict - selenium.common.exceptions.JavascriptException: Message: javascript error: isdict is not defined
  (Session info: chrome=146.0.7680.164)
Stacktrace:
#0 0x55d7e82d4a6a <unknown>
#1 0x55d7e7ce3ab5 <unknown>
#2 0x55d7e7cea92b <unknown>
#3 0x55d7e7ced4ab <unknown>
#4 0x55d7e7d7f8d9 <unknown>
#5 0x55d7e7d7e7b6 <unknown>
#6 0x55d7e7d29cbf <unknown>
#7 0x55d7e7d2aa81 <unknown>
#8 0x55d7e829aa64 <unknown>
#9 0x55d7e829d951 <unknown>
#10 0x55d7e828721e <unknown>
#11 0x55d7e829e51e <unknown>
#12 0x55d7e826dbe0 <unknown>
#13 0x55d7e82c19b8 <unknown>
#14 0x55d7e82c1b88 <unknown>
#15 0x55d7e82d34de <unknown>
#16 0x7fc64ec9caa4 <unknown>
#17 0x7fc64ed29c6c <unknown>
FAILED encommon/webkit/test/test_helpers.py::test_helpers_assert - selenium.common.exceptions.JavascriptException: Message: javascript error: assert is not defined
  (Session info: chrome=146.0.7680.164)
Stacktrace:
#0 0x5563c7686a6a <unknown>
#1 0x5563c7095ab5 <unknown>
#2 0x5563c709c92b <unknown>
#3 0x5563c709f4ab <unknown>
#4 0x5563c71318d9 <unknown>
#5 0x5563c71307b6 <unknown>
#6 0x5563c70dbcbf <unknown>
#7 0x5563c70dca81 <unknown>
#8 0x5563c764ca64 <unknown>
#9 0x5563c764f951 <unknown>
#10 0x5563c763921e <unknown>
#11 0x5563c765051e <unknown>
#12 0x5563c761fbe0 <unknown>
#13 0x5563c76739b8 <unknown>
#14 0x5563c7673b88 <unknown>
#15 0x5563c76854de <unknown>
#16 0x7f7e5969caa4 <unknown>
#17 0x7f7e59729c6c <unknown>
FAILED encommon/webkit/test/test_helpers.py::test_helpers_whenready - selenium.common.exceptions.JavascriptException: Message: javascript error: whenready is not defined
  (Session info: chrome=146.0.7680.164)
Stacktrace:
#0 0x55c8e4f81a6a <unknown>
#1 0x55c8e4990ab5 <unknown>
#2 0x55c8e499792b <unknown>
#3 0x55c8e499a4ab <unknown>
#4 0x55c8e4a2c8d9 <unknown>
#5 0x55c8e4a2b7b6 <unknown>
#6 0x55c8e49d6cbf <unknown>
#7 0x55c8e49d7a81 <unknown>
#8 0x55c8e4f47a64 <unknown>
#9 0x55c8e4f4a951 <unknown>
#10 0x55c8e4f3421e <unknown>
#11 0x55c8e4f4b51e <unknown>
#12 0x55c8e4f1abe0 <unknown>
#13 0x55c8e4f6e9b8 <unknown>
#14 0x55c8e4f6eb88 <unknown>
#15 0x55c8e4f804de <unknown>
#16 0x7f47b489caa4 <unknown>
#17 0x7f47b4929c6c <unknown>
FAILED encommon/webkit/test/test_helpers.py::test_helpers_isstr - selenium.common.exceptions.JavascriptException: Message: javascript error: isstr is not defined
  (Session info: chrome=146.0.7680.164)
Stacktrace:
#0 0x55aee6a79a6a <unknown>
#1 0x55aee6488ab5 <unknown>
#2 0x55aee648f92b <unknown>
#3 0x55aee64924ab <unknown>
#4 0x55aee65248d9 <unknown>
#5 0x55aee65237b6 <unknown>
#6 0x55aee64cecbf <unknown>
#7 0x55aee64cfa81 <unknown>
#8 0x55aee6a3fa64 <unknown>
#9 0x55aee6a42951 <unknown>
#10 0x55aee6a2c21e <unknown>
#11 0x55aee6a4351e <unknown>
#12 0x55aee6a12be0 <unknown>
#13 0x55aee6a669b8 <unknown>
#14 0x55aee6a66b88 <unknown>
#15 0x55aee6a784de <unknown>
#16 0x7feca5c9caa4 <unknown>
#17 0x7feca5d29c6c <unknown>
FAILED encommon/webkit/test/test_image.py::test_image - selenium.common.exceptions.JavascriptException: Message: javascript error: svgicon is not defined
  (Session info: chrome=146.0.7680.164)
Stacktrace:
#0 0x557af4a56a6a <unknown>
#1 0x557af4465ab5 <unknown>
#2 0x557af446c92b <unknown>
#3 0x557af446f4ab <unknown>
#4 0x557af45018d9 <unknown>
#5 0x557af45007b6 <unknown>
#6 0x557af44abcbf <unknown>
#7 0x557af44aca81 <unknown>
#8 0x557af4a1ca64 <unknown>
#9 0x557af4a1f951 <unknown>
#10 0x557af4a0921e <unknown>
#11 0x557af4a2051e <unknown>
#12 0x557af49efbe0 <unknown>
#13 0x557af4a439b8 <unknown>
#14 0x557af4a43b88 <unknown>
#15 0x557af4a554de <unknown>
#16 0x7fe6fee9caa4 <unknown>
#17 0x7fe6fef29c6c <unknown>
======================= 38 failed, 269 passed in 20.17s ========================
