>>> make pytest
  ● Executing pytest in encommon..
============================= test session starts ==============================
platform linux -- Python 3.12.13, pytest-9.0.2, pluggy-1.6.0 -- /home/runner/work/encommon/encommon/main/.venv-package/bin/python3
cachedir: .pytest_cache
metadata: {'Python': '3.12.13', 'Platform': 'Linux-6.17.0-1008-azure-x86_64-with-glibc2.39', 'Packages': {'pytest': '9.0.2', 'pluggy': '1.6.0'}, 'Plugins': {'metadata': '3.1.1', 'randomly': '4.0.1', 'variables': '3.1.0', 'clarity': '1.0.1', 'cov': '7.1.0', 'xdist': '3.8.0', 'html': '4.2.0', 'base-url': '2.1.0', 'selenium': '4.1.0', 'sphinx': '0.7.1', 'mypy': '1.0.1'}, 'CI': 'true', 'JAVA_HOME': '/usr/lib/jvm/temurin-17-jdk-amd64', 'Base URL': '', 'Driver': None, 'Capabilities': {}}
Using --randomly-seed=792295163
sensitiveurl: .*
rootdir: /home/runner/work/encommon/encommon/main
configfile: pyproject.toml
plugins: metadata-3.1.1, randomly-4.0.1, variables-3.1.0, clarity-1.0.1, cov-7.1.0, xdist-3.8.0, html-4.2.0, base-url-2.1.0, selenium-4.1.0, sphinx-0.7.1, mypy-1.0.1
created: 4/4 workers
4 workers [307 items]

scheduling tests via LoadScheduling

encommon/config/test/test_files.py::test_ConfigFile 
encommon/times/test/test_utils.py::test_strptime_raises 
encommon/times/test/test_unitime.py::test_unitime 
encommon/times/test/test_windows.py::test_Windows 
[gw3] [  0%] PASSED encommon/times/test/test_unitime.py::test_unitime 
encommon/webkit/test/test_helpers.py::test_helpers_istrue 
[gw1] [  0%] PASSED encommon/times/test/test_utils.py::test_strptime_raises 
encommon/times/test/test_utils.py::test_strptime 
[gw1] [  0%] PASSED encommon/times/test/test_utils.py::test_strptime 
encommon/times/test/test_utils.py::test_utcdatetime 
[gw0] [  1%] PASSED encommon/config/test/test_files.py::test_ConfigFile 
encommon/config/test/test_files.py::test_ConfigFiles_cover 
[gw1] [  1%] PASSED encommon/times/test/test_utils.py::test_utcdatetime 
encommon/times/test/test_utils.py::test_findtz_raises 
[gw0] [  1%] PASSED encommon/config/test/test_files.py::test_ConfigFiles_cover 
encommon/config/test/test_files.py::test_ConfigFiles 
[gw0] [  2%] PASSED encommon/config/test/test_files.py::test_ConfigFiles 
encommon/webkit/test/test_statate.py::test_statate 
[gw2] [  2%] PASSED encommon/times/test/test_windows.py::test_Windows 
encommon/types/test/test_notate.py::test_impate_cover 
[gw2] [  2%] PASSED encommon/types/test/test_notate.py::test_impate_cover 
encommon/types/test/test_notate.py::test_setate_cover 
[gw2] [  3%] PASSED encommon/types/test/test_notate.py::test_setate_cover 
encommon/types/test/test_notate.py::test_impate 
[gw2] [  3%] PASSED encommon/types/test/test_notate.py::test_impate 
encommon/types/test/test_notate.py::test_delate_raises 
[gw2] [  3%] PASSED encommon/types/test/test_notate.py::test_delate_raises 
encommon/types/test/test_notate.py::test_getate_cover 
[gw2] [  4%] PASSED encommon/types/test/test_notate.py::test_getate_cover 
encommon/types/test/test_notate.py::test_setate 
[gw2] [  4%] PASSED encommon/types/test/test_notate.py::test_setate 
encommon/types/test/test_notate.py::test_impate_raises 
[gw2] [  4%] PASSED encommon/types/test/test_notate.py::test_impate_raises 
encommon/types/test/test_notate.py::test_setate_raises 
[gw2] [  5%] PASSED encommon/types/test/test_notate.py::test_setate_raises 
encommon/types/test/test_notate.py::test_expate 
[gw2] [  5%] PASSED encommon/types/test/test_notate.py::test_expate 
encommon/types/test/test_notate.py::test_getate 
[gw2] [  5%] PASSED encommon/types/test/test_notate.py::test_getate 
encommon/types/test/test_notate.py::test_expate_cover 
[gw2] [  6%] PASSED encommon/types/test/test_notate.py::test_expate_cover 
encommon/types/test/test_notate.py::test_delate 
[gw2] [  6%] PASSED encommon/types/test/test_notate.py::test_delate 
encommon/webkit/test/test_content.py::test_Content_cover 
[gw2] [  6%] PASSED encommon/webkit/test/test_content.py::test_Content_cover 
encommon/webkit/test/test_content.py::test_Content 
[gw2] [  7%] PASSED encommon/webkit/test/test_content.py::test_Content 
encommon/times/test/test_duration.py::test_Duration_cover 
[gw2] [  7%] PASSED encommon/times/test/test_duration.py::test_Duration_cover 
encommon/times/test/test_duration.py::test_Duration 
[gw2] [  7%] PASSED encommon/times/test/test_duration.py::test_Duration 
encommon/times/test/test_duration.py::test_Duration_iterate 
[gw2] [  8%] PASSED encommon/times/test/test_duration.py::test_Duration_iterate 
encommon/webkit/test/test_datagrid.py::test_datagrid 
[gw1] [  8%] PASSED encommon/times/test/test_utils.py::test_findtz_raises 
encommon/times/test/test_utils.py::test_findtz 
[gw1] [  8%] PASSED encommon/times/test/test_utils.py::test_findtz 
encommon/types/test/test_strings.py::test_instr 
[gw1] [  9%] PASSED encommon/types/test/test_strings.py::test_instr 
encommon/types/test/test_strings.py::test_rplstr 
[gw1] [  9%] PASSED encommon/types/test/test_strings.py::test_rplstr 
encommon/types/test/test_strings.py::test_inrepr 
[gw1] [  9%] PASSED encommon/types/test/test_strings.py::test_inrepr 
encommon/types/test/test_strings.py::test_hasstr 
[gw1] [ 10%] PASSED encommon/types/test/test_strings.py::test_hasstr 
encommon/types/test/test_strings.py::test_strplwr 
[gw1] [ 10%] PASSED encommon/types/test/test_strings.py::test_strplwr 
encommon/utils/test/test_paths.py::test_stats_path 
[gw1] [ 10%] PASSED encommon/utils/test/test_paths.py::test_stats_path 
encommon/utils/test/test_paths.py::test_resolve_paths 
[gw1] [ 11%] PASSED encommon/utils/test/test_paths.py::test_resolve_paths 
encommon/utils/test/test_paths.py::test_resolve_path 
[gw1] [ 11%] PASSED encommon/utils/test/test_paths.py::test_resolve_path 
encommon/webkit/test/test_image.py::test_image 
[gw2] [ 11%] FAILED encommon/webkit/test/test_datagrid.py::test_datagrid 
[gw0] [ 12%] FAILED encommon/webkit/test/test_statate.py::test_statate 
[gw1] [ 12%] FAILED encommon/webkit/test/test_image.py::test_image 
[gw3] [ 12%] FAILED encommon/webkit/test/test_helpers.py::test_helpers_istrue 
encommon/config/test/test_logger.py::test_Message 
encommon/webkit/test/test_message.py::test_message 
[gw2] [ 13%] PASSED encommon/config/test/test_logger.py::test_Message 
encommon/times/test/test_timer.py::test_Timer 
encommon/config/test/test_utils.py::test_config_paths 
[gw1] [ 13%] PASSED encommon/config/test/test_utils.py::test_config_paths 
encommon/webkit/test/test_helpers.py::test_helpers_isdict 
encommon/config/test/test_utils.py::test_config_path 
[gw1] [ 13%] PASSED encommon/config/test/test_utils.py::test_config_path 
encommon/config/test/test_utils.py::test_config_load 
[gw1] [ 14%] PASSED encommon/config/test/test_utils.py::test_config_load 
encommon/times/test/test_windows.py::test_Windows_cover 
[gw0] [ 14%] FAILED encommon/webkit/test/test_message.py::test_message 
[gw3] [ 14%] FAILED encommon/webkit/test/test_helpers.py::test_helpers_isdict 
encommon/webkit/test/test_moderate.py::test_moderate 
encommon/webkit/test/test_helpers.py::test_helpers_isempty 
[gw2] [ 14%] PASSED encommon/times/test/test_timer.py::test_Timer 
encommon/times/test/test_window.py::test_window_croniter[* * * * *-3661-False-expect7] 
[gw2] [ 15%] PASSED encommon/times/test/test_window.py::test_window_croniter[* * * * *-3661-False-expect7] 
encommon/times/test/test_window.py::test_window_interval[window0-0-False-expect0] 
[gw2] [ 15%] PASSED encommon/times/test/test_window.py::test_window_interval[window0-0-False-expect0] 
encommon/times/test/test_window.py::test_Window_cover 
[gw0] [ 15%] FAILED encommon/webkit/test/test_moderate.py::test_moderate 
[gw3] [ 16%] FAILED encommon/webkit/test/test_helpers.py::test_helpers_isempty 
encommon/config/test/test_config.py::test_Config 
[gw0] [ 16%] PASSED encommon/config/test/test_config.py::test_Config 
encommon/config/test/test_config.py::test_Config_cover 
[gw0] [ 16%] PASSED encommon/config/test/test_config.py::test_Config_cover 
encommon/config/test/test_config.py::test_Config_jinja2 
encommon/webkit/test/test_helpers.py::test_helpers_isnum 
[gw0] [ 17%] PASSED encommon/config/test/test_config.py::test_Config_jinja2 
encommon/webkit/test/test_default.py::test_default_showhide 
[gw0] [ 17%] FAILED encommon/webkit/test/test_default.py::test_default_showhide 
[gw3] [ 17%] FAILED encommon/webkit/test/test_helpers.py::test_helpers_isnum 
encommon/webkit/test/test_helpers.py::test_helpers_loads 
encommon/webkit/test/test_default.py::test_default_prop 
[gw1] [ 18%] PASSED encommon/times/test/test_windows.py::test_Windows_cover 
encommon/times/test/test_windows.py::test_Windows_raises 
[gw1] [ 18%] PASSED encommon/times/test/test_windows.py::test_Windows_raises 
encommon/times/test/test_window.py::test_window_croniter[0 * * * *-3559-False-expect8] 
[gw1] [ 18%] PASSED encommon/times/test/test_window.py::test_window_croniter[0 * * * *-3559-False-expect8] 
encommon/times/test/test_window.py::test_window_croniter[* * * * *-3660-False-expect6] 
[gw1] [ 19%] PASSED encommon/times/test/test_window.py::test_window_croniter[* * * * *-3660-False-expect6] 
encommon/times/test/test_window.py::test_window_croniter[* * * * *-0-True-expect2] 
[gw1] [ 19%] PASSED encommon/times/test/test_window.py::test_window_croniter[* * * * *-0-True-expect2] 
encommon/times/test/test_window.py::test_window_interval[window6-3660-False-expect6] 
[gw1] [ 19%] PASSED encommon/times/test/test_window.py::test_window_interval[window6-3660-False-expect6] 
encommon/times/test/test_window.py::test_window_croniter[0 * * * *-3661-False-expect10] 
[gw1] [ 20%] PASSED encommon/times/test/test_window.py::test_window_croniter[0 * * * *-3661-False-expect10] 
encommon/times/test/test_window.py::test_window_interval[window8-3559-False-expect8] 
[gw1] [ 20%] PASSED encommon/times/test/test_window.py::test_window_interval[window8-3559-False-expect8] 
encommon/times/test/test_window.py::test_window_interval[window7-3661-False-expect7] 
[gw1] [ 20%] PASSED encommon/times/test/test_window.py::test_window_interval[window7-3661-False-expect7] 
encommon/times/test/test_window.py::test_window_croniter[* * * * *-3559-False-expect4] 
[gw1] [ 21%] PASSED encommon/times/test/test_window.py::test_window_croniter[* * * * *-3559-False-expect4] 
encommon/times/test/test_window.py::test_window_interval[window10-3661-False-expect10] 
[gw1] [ 21%] PASSED encommon/times/test/test_window.py::test_window_interval[window10-3661-False-expect10] 
encommon/times/test/test_window.py::test_window_croniter[* * * * *-1-False-expect1] 
[gw1] [ 21%] PASSED encommon/times/test/test_window.py::test_window_croniter[* * * * *-1-False-expect1] 
encommon/times/test/test_window.py::test_window_croniter[0 * * * *-3660-False-expect9] 
[gw1] [ 22%] PASSED encommon/times/test/test_window.py::test_window_croniter[0 * * * *-3660-False-expect9] 
encommon/config/test/test_paths.py::test_ConfigPaths_cover 
[gw1] [ 22%] PASSED encommon/config/test/test_paths.py::test_ConfigPaths_cover 
encommon/config/test/test_paths.py::test_ConfigPaths 
[gw1] [ 22%] PASSED encommon/config/test/test_paths.py::test_ConfigPaths 
encommon/config/test/test_paths.py::test_ConfigPath 
[gw1] [ 23%] PASSED encommon/config/test/test_paths.py::test_ConfigPath 
encommon/times/test/test_time.py::test_Time_tzname 
[gw1] [ 23%] PASSED encommon/times/test/test_time.py::test_Time_tzname 
encommon/times/utils.py::encommon.times.utils.utcdatetime 
[gw1] [ 23%] PASSED encommon/times/utils.py::encommon.times.utils.utcdatetime 
encommon/times/timer.py::encommon.times.timer.Timer 
[gw0] [ 24%] FAILED encommon/webkit/test/test_default.py::test_default_prop 
[gw3] [ 24%] FAILED encommon/webkit/test/test_helpers.py::test_helpers_loads 
encommon/webkit/test/test_default.py::test_default_replace 
encommon/webkit/test/test_helpers.py::test_helpers_assert 
[gw1] [ 24%] PASSED encommon/times/timer.py::encommon.times.timer.Timer 
encommon/types/lists.py::encommon.types.lists.fuzzy_list 
[gw1] [ 25%] PASSED encommon/types/lists.py::encommon.types.lists.fuzzy_list 
encommon/times/window.py::encommon.times.window.Window 
[gw1] [ 25%] PASSED encommon/times/window.py::encommon.times.window.Window 
encommon/types/notate.py::encommon.types.notate.getate 
[gw1] [ 25%] PASSED encommon/types/notate.py::encommon.types.notate.getate 
encommon/times/utils.py::encommon.times.utils.strftime 
[gw1] [ 26%] PASSED encommon/times/utils.py::encommon.times.utils.strftime 
encommon/types/notate.py::encommon.types.notate.delate 
[gw1] [ 26%] PASSED encommon/types/notate.py::encommon.types.notate.delate 
encommon/times/unitime.py::encommon.times.unitime.unitime 
[gw1] [ 26%] PASSED encommon/times/unitime.py::encommon.times.unitime.unitime 
encommon/times/utils.py::encommon.times.utils.findtz 
[gw1] [ 27%] PASSED encommon/times/utils.py::encommon.times.utils.findtz 
encommon/types/strings.py::encommon.types.strings.hasstr 
[gw1] [ 27%] PASSED encommon/types/strings.py::encommon.types.strings.hasstr 
encommon/types/notate.py::encommon.types.notate.expate 
[gw1] [ 27%] PASSED encommon/types/notate.py::encommon.types.notate.expate 
encommon/times/windows.py::encommon.times.windows.Windows 
[gw1] [ 28%] PASSED encommon/times/windows.py::encommon.times.windows.Windows 
encommon/types/strings.py::encommon.types.strings.rplstr 
[gw1] [ 28%] PASSED encommon/types/strings.py::encommon.types.strings.rplstr 
encommon/types/notate.py::encommon.types.notate.impate 
[gw1] [ 28%] PASSED encommon/types/notate.py::encommon.types.notate.impate 
encommon/types/notate.py::encommon.types.notate.setate 
[gw1] [ 28%] PASSED encommon/types/notate.py::encommon.types.notate.setate 
encommon/types/dicts.py::encommon.types.dicts.sort_dict 
[gw1] [ 29%] PASSED encommon/types/dicts.py::encommon.types.dicts.sort_dict 
encommon/types/lists.py::encommon.types.lists.inlist 
[gw0] [ 29%] FAILED encommon/webkit/test/test_default.py::test_default_replace 
[gw1] [ 29%] PASSED encommon/types/lists.py::encommon.types.lists.inlist 
encommon/types/dicts.py::encommon.types.dicts.merge_dicts 
[gw1] [ 30%] PASSED encommon/types/dicts.py::encommon.types.dicts.merge_dicts 
encommon/times/utils.py::encommon.times.utils.strptime 
[gw1] [ 30%] PASSED encommon/times/utils.py::encommon.times.utils.strptime 
encommon/types/empty.py::encommon.types.empty.EmptyType 
[gw1] [ 30%] PASSED encommon/types/empty.py::encommon.types.empty.EmptyType 
encommon/types/strings.py::encommon.types.strings.inrepr 
[gw1] [ 31%] PASSED encommon/types/strings.py::encommon.types.strings.inrepr 
encommon/times/time.py::encommon.times.time.Time 
[gw1] [ 31%] PASSED encommon/times/time.py::encommon.times.time.Time 
encommon/types/strings.py::encommon.types.strings.instr 
[gw1] [ 31%] PASSED encommon/types/strings.py::encommon.types.strings.instr 
encommon/types/strings.py::encommon.types.strings.strplwr 
[gw1] [ 32%] PASSED encommon/types/strings.py::encommon.types.strings.strplwr 
encommon/utils/files.py::encommon.utils.files.read_text 
[gw1] [ 32%] PASSED encommon/utils/files.py::encommon.utils.files.read_text 
encommon/utils/stdout.py::encommon.utils.stdout.strip_ansi 
[gw1] [ 32%] PASSED encommon/utils/stdout.py::encommon.utils.stdout.strip_ansi 
encommon/utils/stdout.py::encommon.utils.stdout.array_ansi 
[gw1] [ 33%] PASSED encommon/utils/stdout.py::encommon.utils.stdout.array_ansi 
encommon/utils/sample.py::encommon.utils.sample.prep_sample 
[gw1] [ 33%] PASSED encommon/utils/sample.py::encommon.utils.sample.prep_sample 
encommon/utils/paths.py::encommon.utils.paths.resolve_path 
[gw1] [ 33%] PASSED encommon/utils/paths.py::encommon.utils.paths.resolve_path 
encommon/utils/match.py::encommon.utils.match.rgxp_match 
[gw3] [ 34%] FAILED encommon/webkit/test/test_helpers.py::test_helpers_assert 
[gw1] [ 34%] PASSED encommon/utils/match.py::encommon.utils.match.rgxp_match 
encommon/utils/stdout.py::encommon.utils.stdout.make_ansi 
[gw1] [ 34%] PASSED encommon/utils/stdout.py::encommon.utils.stdout.make_ansi 
encommon/utils/paths.py::encommon.utils.paths.resolve_paths 
[gw1] [ 35%] PASSED encommon/utils/paths.py::encommon.utils.paths.resolve_paths 
encommon/utils/sample.py::encommon.utils.sample.load_sample 
[gw1] [ 35%] PASSED encommon/utils/sample.py::encommon.utils.sample.load_sample 
encommon/utils/paths.py::encommon.utils.paths.stats_path 
[gw1] [ 35%] PASSED encommon/utils/paths.py::encommon.utils.paths.stats_path 
encommon/utils/match.py::encommon.utils.match.fuzz_match 
[gw1] [ 36%] PASSED encommon/utils/match.py::encommon.utils.match.fuzz_match 
encommon/utils/stdout.py::encommon.utils.stdout.kvpair_ansi 
[gw1] [ 36%] PASSED encommon/utils/stdout.py::encommon.utils.stdout.kvpair_ansi 
encommon/utils/files.py::encommon.utils.files.append_text 
encommon/webkit/test/test_default.py::test_default_append 
[gw1] [ 36%] PASSED encommon/utils/files.py::encommon.utils.files.append_text 
encommon/utils/stdout.py::encommon.utils.stdout.print_ansi 
[gw1] [ 37%] PASSED encommon/utils/stdout.py::encommon.utils.stdout.print_ansi 
encommon/utils/files.py::encommon.utils.files.save_text 
[gw1] [ 37%] PASSED encommon/utils/files.py::encommon.utils.files.save_text 
encommon/utils/test/test_sample.py::test_load_sample 
[gw1] [ 37%] PASSED encommon/utils/test/test_sample.py::test_load_sample 
encommon/utils/test/test_sample.py::test_rvrt_sample 
[gw1] [ 38%] PASSED encommon/utils/test/test_sample.py::test_rvrt_sample 
encommon/utils/test/test_sample.py::test_prep_sample 
[gw1] [ 38%] PASSED encommon/utils/test/test_sample.py::test_prep_sample 
encommon/utils/test/test_sample.py::test_read_sample 
[gw1] [ 38%] PASSED encommon/utils/test/test_sample.py::test_read_sample 
encommon/types/test/test_funcs.py::test_funcname 
[gw1] [ 39%] PASSED encommon/types/test/test_funcs.py::test_funcname 
encommon/webkit/test/test_tagues.py::test_tagues 
encommon/webkit/test/test_helpers.py::test_helpers_isquery 
[gw0] [ 39%] FAILED encommon/webkit/test/test_default.py::test_default_append 
[gw1] [ 39%] FAILED encommon/webkit/test/test_tagues.py::test_tagues 
encommon/webkit/test/test_default.py::test_default_addClass 
[gw3] [ 40%] FAILED encommon/webkit/test/test_helpers.py::test_helpers_isquery 
encommon/utils/test/test_stdout.py::test_make_ansi 
[gw1] [ 40%] PASSED encommon/utils/test/test_stdout.py::test_make_ansi 
encommon/utils/test/test_stdout.py::test_print_ansi 
[gw1] [ 40%] PASSED encommon/utils/test/test_stdout.py::test_print_ansi 
encommon/utils/test/test_stdout.py::test_array_ansi_cover 
[gw1] [ 41%] PASSED encommon/utils/test/test_stdout.py::test_array_ansi_cover 
encommon/utils/test/test_stdout.py::test_strip_ansi 
[gw1] [ 41%] PASSED encommon/utils/test/test_stdout.py::test_strip_ansi 
encommon/utils/test/test_stdout.py::test_kvpair_ansi 
[gw1] [ 41%] PASSED encommon/utils/test/test_stdout.py::test_kvpair_ansi 
encommon/utils/test/test_stdout.py::test_array_ansi 
[gw1] [ 42%] PASSED encommon/utils/test/test_stdout.py::test_array_ansi 
encommon/utils/test/test_match.py::test_rgxp_match 
[gw1] [ 42%] PASSED encommon/utils/test/test_match.py::test_rgxp_match 
encommon/utils/test/test_match.py::test_fuzz_match 
[gw1] [ 42%] PASSED encommon/utils/test/test_match.py::test_fuzz_match 
encommon/types/test/test_empty.py::test_EmptyType 
[gw1] [ 42%] PASSED encommon/types/test/test_empty.py::test_EmptyType 
encommon/webkit/test/test_duration.py::test_duration 
encommon/webkit/test/test_helpers.py::test_helpers_isfalse 
[gw2] [ 43%] PASSED encommon/times/test/test_window.py::test_Window_cover 
encommon/times/test/test_window.py::test_window_interval[window4-3559-False-expect4] 
[gw2] [ 43%] PASSED encommon/times/test/test_window.py::test_window_interval[window4-3559-False-expect4] 
encommon/times/test/test_window.py::test_window_croniter[* * * * *-3659-False-expect5] 
[gw2] [ 43%] PASSED encommon/times/test/test_window.py::test_window_croniter[* * * * *-3659-False-expect5] 
encommon/times/test/test_window.py::test_window_croniter[* * * * *-1-True-expect3] 
[gw2] [ 44%] PASSED encommon/times/test/test_window.py::test_window_croniter[* * * * *-1-True-expect3] 
encommon/times/test/test_window.py::test_window_interval[window5-3659-False-expect5] 
[gw2] [ 44%] PASSED encommon/times/test/test_window.py::test_window_interval[window5-3659-False-expect5] 
encommon/times/test/test_window.py::test_window_interval[window9-3660-False-expect9] 
[gw2] [ 44%] PASSED encommon/times/test/test_window.py::test_window_interval[window9-3660-False-expect9] 
encommon/times/test/test_window.py::test_window_croniter[* * * * *-0-False-expect0] 
[gw2] [ 45%] PASSED encommon/times/test/test_window.py::test_window_croniter[* * * * *-0-False-expect0] 
encommon/times/test/test_window.py::test_window_interval[window3-1-True-expect3] 
[gw2] [ 45%] PASSED encommon/times/test/test_window.py::test_window_interval[window3-1-True-expect3] 
encommon/times/test/test_window.py::test_Window 
[gw2] [ 45%] PASSED encommon/times/test/test_window.py::test_Window 
encommon/times/test/test_window.py::test_window_interval[window2-0-True-expect2] 
[gw2] [ 46%] PASSED encommon/times/test/test_window.py::test_window_interval[window2-0-True-expect2] 
encommon/times/test/test_window.py::test_window_interval[window1-1-False-expect1] 
[gw2] [ 46%] PASSED encommon/times/test/test_window.py::test_window_interval[window1-1-False-expect1] 
encommon/times/test/test_time.py::test_Time 
[gw0] [ 46%] FAILED encommon/webkit/test/test_default.py::test_default_addClass 
encommon/webkit/test/test_default.py::test_default_content 
[gw3] [ 47%] FAILED encommon/webkit/test/test_helpers.py::test_helpers_isfalse 
[gw1] [ 47%] FAILED encommon/webkit/test/test_duration.py::test_duration 
encommon/webkit/test/test_helpers.py::test_helpers_dumps 
encommon/colors/test/test_color.py::test_Color_xyz[0000ff-expect5] 
[gw1] [ 47%] PASSED encommon/colors/test/test_color.py::test_Color_xyz[0000ff-expect5] 
encommon/colors/test/test_color.py::test_Color_xy[00ff00-expect4] 
[gw1] [ 48%] PASSED encommon/colors/test/test_color.py::test_Color_xy[00ff00-expect4] 
encommon/colors/test/test_color.py::test_Color_xyz[ff0000-expect3] 
[gw1] [ 48%] PASSED encommon/colors/test/test_color.py::test_Color_xyz[ff0000-expect3] 
encommon/colors/test/test_color.py::test_Color 
[gw1] [ 48%] PASSED encommon/colors/test/test_color.py::test_Color 
encommon/colors/test/test_color.py::test_Color_xyz[ffff00-expect7] 
[gw1] [ 49%] PASSED encommon/colors/test/test_color.py::test_Color_xyz[ffff00-expect7] 
encommon/colors/test/test_color.py::test_Color_xyz[808080-expect6] 
[gw1] [ 49%] PASSED encommon/colors/test/test_color.py::test_Color_xyz[808080-expect6] 
encommon/colors/test/test_color.py::test_Color_rgb[ff00cc-expect0] 
[gw1] [ 49%] PASSED encommon/colors/test/test_color.py::test_Color_rgb[ff00cc-expect0] 
encommon/colors/test/test_color.py::test_Color_xy[000000-expect2] 
[gw1] [ 50%] PASSED encommon/colors/test/test_color.py::test_Color_xy[000000-expect2] 
encommon/colors/test/test_color.py::test_Color_hsl[ff00cc-expect0] 
[gw1] [ 50%] PASSED encommon/colors/test/test_color.py::test_Color_hsl[ff00cc-expect0] 
encommon/colors/test/test_color.py::test_Color_xy[ffffff-expect1] 
[gw1] [ 50%] PASSED encommon/colors/test/test_color.py::test_Color_xy[ffffff-expect1] 
encommon/colors/test/test_color.py::test_Color_xy[0000ff-expect5] 
[gw1] [ 51%] PASSED encommon/colors/test/test_color.py::test_Color_xy[0000ff-expect5] 
encommon/colors/test/test_color.py::test_Color_xyz[00ff00-expect4] 
[gw1] [ 51%] PASSED encommon/colors/test/test_color.py::test_Color_xyz[00ff00-expect4] 
encommon/colors/test/test_color.py::test_Color_xy[ff0000-expect3] 
[gw1] [ 51%] PASSED encommon/colors/test/test_color.py::test_Color_xy[ff0000-expect3] 
encommon/colors/test/test_color.py::test_Color_xyz[800080-expect10] 
[gw1] [ 52%] PASSED encommon/colors/test/test_color.py::test_Color_xyz[800080-expect10] 
encommon/colors/test/test_color.py::test_Color_xy[ffff00-expect7] 
[gw1] [ 52%] PASSED encommon/colors/test/test_color.py::test_Color_xy[ffff00-expect7] 
encommon/colors/test/test_color.py::test_Color_rgb[ff00ff-expect9] 
[gw1] [ 52%] PASSED encommon/colors/test/test_color.py::test_Color_rgb[ff00ff-expect9] 
encommon/colors/test/test_color.py::test_Color_xy[808080-expect6] 
[gw1] [ 53%] PASSED encommon/colors/test/test_color.py::test_Color_xy[808080-expect6] 
encommon/colors/test/test_color.py::test_Color_xyz[ffffff-expect1] 
[gw1] [ 53%] PASSED encommon/colors/test/test_color.py::test_Color_xyz[ffffff-expect1] 
encommon/colors/test/test_color.py::test_Color_hsl[ff00ff-expect9] 
[gw1] [ 53%] PASSED encommon/colors/test/test_color.py::test_Color_hsl[ff00ff-expect9] 
encommon/colors/test/test_color.py::test_Color_xyz[000000-expect2] 
[gw1] [ 54%] PASSED encommon/colors/test/test_color.py::test_Color_xyz[000000-expect2] 
encommon/colors/test/test_color.py::test_Color_rgb[00ffff-expect8] 
[gw1] [ 54%] PASSED encommon/colors/test/test_color.py::test_Color_rgb[00ffff-expect8] 
encommon/colors/test/test_color.py::test_Color_hsl[00ffff-expect8] 
[gw1] [ 54%] PASSED encommon/colors/test/test_color.py::test_Color_hsl[00ffff-expect8] 
encommon/colors/test/test_color.py::test_Color_xy[00ffff-expect8] 
[gw1] [ 55%] PASSED encommon/colors/test/test_color.py::test_Color_xy[00ffff-expect8] 
encommon/colors/test/test_color.py::test_Color_hsl[808080-expect6] 
[gw1] [ 55%] PASSED encommon/colors/test/test_color.py::test_Color_hsl[808080-expect6] 
encommon/colors/test/test_color.py::test_Color_xy[ff00ff-expect9] 
[gw1] [ 55%] PASSED encommon/colors/test/test_color.py::test_Color_xy[ff00ff-expect9] 
encommon/colors/test/test_color.py::test_Color_xyz[ff00cc-expect0] 
[gw1] [ 56%] PASSED encommon/colors/test/test_color.py::test_Color_xyz[ff00cc-expect0] 
encommon/colors/test/test_color.py::test_Color_hsl[80007F-expect10] 
[gw1] [ 56%] PASSED encommon/colors/test/test_color.py::test_Color_hsl[80007F-expect10] 
encommon/colors/test/test_color.py::test_Color_rgb[808080-expect6] 
[gw1] [ 56%] PASSED encommon/colors/test/test_color.py::test_Color_rgb[808080-expect6] 
encommon/colors/test/test_color.py::test_Color_rgb[ffff00-expect7] 
[gw1] [ 57%] PASSED encommon/colors/test/test_color.py::test_Color_rgb[ffff00-expect7] 
encommon/colors/test/test_color.py::test_Color_cover 
[gw1] [ 57%] PASSED encommon/colors/test/test_color.py::test_Color_cover 
encommon/colors/test/test_color.py::test_Color_hsl[ffff00-expect7] 
[gw1] [ 57%] PASSED encommon/colors/test/test_color.py::test_Color_hsl[ffff00-expect7] 
encommon/colors/test/test_color.py::test_Color_rgb[800080-expect10] 
[gw1] [ 57%] PASSED encommon/colors/test/test_color.py::test_Color_rgb[800080-expect10] 
encommon/colors/test/test_color.py::test_Color_hsl[ff0000-expect3] 
[gw1] [ 58%] PASSED encommon/colors/test/test_color.py::test_Color_hsl[ff0000-expect3] 
encommon/colors/test/test_color.py::test_Color_hsl[0000ff-expect5] 
[gw1] [ 58%] PASSED encommon/colors/test/test_color.py::test_Color_hsl[0000ff-expect5] 
encommon/colors/test/test_color.py::test_Color_rgb[ff0000-expect3] 
[gw1] [ 58%] PASSED encommon/colors/test/test_color.py::test_Color_rgb[ff0000-expect3] 
encommon/colors/test/test_color.py::test_Color_rgb[0000ff-expect5] 
[gw1] [ 59%] PASSED encommon/colors/test/test_color.py::test_Color_rgb[0000ff-expect5] 
encommon/colors/test/test_color.py::test_Color_xyz[00ffff-expect8] 
[gw1] [ 59%] PASSED encommon/colors/test/test_color.py::test_Color_xyz[00ffff-expect8] 
encommon/colors/test/test_color.py::test_Color_rgb[ffffff-expect1] 
[gw1] [ 59%] PASSED encommon/colors/test/test_color.py::test_Color_rgb[ffffff-expect1] 
encommon/colors/test/test_color.py::test_Color_rgb[000000-expect2] 
[gw1] [ 60%] PASSED encommon/colors/test/test_color.py::test_Color_rgb[000000-expect2] 
encommon/colors/test/test_color.py::test_Color_hsl[ffffff-expect1] 
[gw1] [ 60%] PASSED encommon/colors/test/test_color.py::test_Color_hsl[ffffff-expect1] 
encommon/colors/test/test_color.py::test_Color_xyz[ff00ff-expect9] 
[gw1] [ 60%] PASSED encommon/colors/test/test_color.py::test_Color_xyz[ff00ff-expect9] 
encommon/colors/test/test_color.py::test_Color_xy[ff00cc-expect0] 
[gw1] [ 61%] PASSED encommon/colors/test/test_color.py::test_Color_xy[ff00cc-expect0] 
encommon/colors/test/test_color.py::test_Color_hsl[000000-expect2] 
[gw1] [ 61%] PASSED encommon/colors/test/test_color.py::test_Color_hsl[000000-expect2] 
encommon/colors/test/test_color.py::test_Color_xy[800080-expect10] 
[gw1] [ 61%] PASSED encommon/colors/test/test_color.py::test_Color_xy[800080-expect10] 
encommon/colors/test/test_color.py::test_Color_hsl[00ff00-expect4] 
[gw1] [ 62%] PASSED encommon/colors/test/test_color.py::test_Color_hsl[00ff00-expect4] 
encommon/colors/test/test_color.py::test_Color_rgb[00ff00-expect4] 
[gw1] [ 62%] PASSED encommon/colors/test/test_color.py::test_Color_rgb[00ff00-expect4] 
encommon/times/test/test_parse.py::test_shift_time[+1mon@m-expect8] 
[gw1] [ 62%] PASSED encommon/times/test/test_parse.py::test_shift_time[+1mon@m-expect8] 
encommon/times/test/test_parse.py::test_shift_time[+1w@h+1w-expect16] 
[gw1] [ 63%] PASSED encommon/times/test/test_parse.py::test_shift_time[+1w@h+1w-expect16] 
encommon/times/test/test_parse.py::test_parse_time 
[gw1] [ 63%] PASSED encommon/times/test/test_parse.py::test_parse_time 
encommon/times/test/test_parse.py::test_shift_time[+1d-expect18] 
[gw1] [ 63%] PASSED encommon/times/test/test_parse.py::test_shift_time[+1d-expect18] 
encommon/times/test/test_parse.py::test_since_time 
[gw1] [ 64%] PASSED encommon/times/test/test_parse.py::test_since_time 
encommon/times/test/test_parse.py::test_shift_time[-1y@s-expect3] 
[gw1] [ 64%] PASSED encommon/times/test/test_parse.py::test_shift_time[-1y@s-expect3] 
encommon/times/test/test_parse.py::test_shift_time[-1mon@m-expect9] 
[gw1] [ 64%] PASSED encommon/times/test/test_parse.py::test_shift_time[-1mon@m-expect9] 
encommon/times/test/test_parse.py::test_shift_time[-1w-expect13] 
[gw1] [ 65%] PASSED encommon/times/test/test_parse.py::test_shift_time[-1w-expect13] 
encommon/times/test/test_parse.py::test_shift_time[+1mon-expect6] 
[gw1] [ 65%] PASSED encommon/times/test/test_parse.py::test_shift_time[+1mon-expect6] 
encommon/times/test/test_parse.py::test_shift_time[-1y-expect1] 
[gw1] [ 65%] PASSED encommon/times/test/test_parse.py::test_shift_time[-1y-expect1] 
encommon/times/test/test_parse.py::test_shift_time[+1y-expect0] 
[gw1] [ 66%] PASSED encommon/times/test/test_parse.py::test_shift_time[+1y-expect0] 
encommon/times/test/test_parse.py::test_shift_time[-1d@d-expect21] 
[gw1] [ 66%] PASSED encommon/times/test/test_parse.py::test_shift_time[-1d@d-expect21] 
encommon/times/test/test_parse.py::test_shift_time[+1y@s+1h-expect4] 
[gw1] [ 66%] PASSED encommon/times/test/test_parse.py::test_shift_time[+1y@s+1h-expect4] 
encommon/times/test/test_parse.py::test_string_time 
[gw1] [ 67%] PASSED encommon/times/test/test_parse.py::test_string_time 
encommon/times/test/test_parse.py::test_shift_time[-1d-expect19] 
[gw1] [ 67%] PASSED encommon/times/test/test_parse.py::test_shift_time[-1d-expect19] 
encommon/times/test/test_parse.py::test_shift_time[-1mon-expect7] 
[gw1] [ 67%] PASSED encommon/times/test/test_parse.py::test_shift_time[-1mon-expect7] 
encommon/times/test/test_parse.py::test_shift_time[-1mon@m-1mon-expect11] 
[gw1] [ 68%] PASSED encommon/times/test/test_parse.py::test_shift_time[-1mon@m-1mon-expect11] 
encommon/times/test/test_parse.py::test_shift_time[+1d@d+30d-expect22] 
[gw1] [ 68%] PASSED encommon/times/test/test_parse.py::test_shift_time[+1d@d+30d-expect22] 
[gw2] [ 68%] PASSED encommon/times/test/test_time.py::test_Time 
encommon/times/test/test_parse.py::test_shift_time[-1w@h-1w-expect17] 
[gw1] [ 69%] PASSED encommon/times/test/test_parse.py::test_shift_time[-1w@h-1w-expect17] 
encommon/times/test/test_parse.py::test_shift_time[+1d@d-expect20] 
encommon/crypts/test/test_crypts.py::test_Crypts_iterate[foo-secrets] 
[gw1] [ 69%] PASSED encommon/times/test/test_parse.py::test_shift_time[+1d@d-expect20] 
encommon/times/test/test_parse.py::test_shift_time[+1w@h-expect14] 
[gw1] [ 69%] PASSED encommon/times/test/test_parse.py::test_shift_time[+1w@h-expect14] 
encommon/times/test/test_parse.py::test_shift_time[+1y@s-expect2] 
[gw1] [ 70%] PASSED encommon/times/test/test_parse.py::test_shift_time[+1y@s-expect2] 
encommon/times/test/test_parse.py::test_shift_time[-1d@d-30d-expect23] 
[gw1] [ 70%] PASSED encommon/times/test/test_parse.py::test_shift_time[-1d@d-30d-expect23] 
encommon/times/test/test_parse.py::test_shift_time[-1y@s-1h-expect5] 
[gw1] [ 70%] PASSED encommon/times/test/test_parse.py::test_shift_time[-1y@s-1h-expect5] 
encommon/times/test/test_parse.py::test_shift_time[+1w-expect12] 
[gw2] [ 71%] PASSED encommon/crypts/test/test_crypts.py::test_Crypts_iterate[foo-secrets] 
[gw1] [ 71%] PASSED encommon/times/test/test_parse.py::test_shift_time[+1w-expect12] 
encommon/crypts/test/test_crypts.py::test_Crypts_iterate[foo-default] 
encommon/times/test/test_parse.py::test_shift_time[+1mon@m+1mon-expect10] 
[gw1] [ 71%] PASSED encommon/times/test/test_parse.py::test_shift_time[+1mon@m+1mon-expect10] 
encommon/times/test/test_parse.py::test_shift_time[-1w@h-expect15] 
[gw2] [ 71%] PASSED encommon/crypts/test/test_crypts.py::test_Crypts_iterate[foo-default] 
[gw1] [ 72%] PASSED encommon/times/test/test_parse.py::test_shift_time[-1w@h-expect15] 
encommon/crypts/test/test_crypts.py::test_Crypts_raises 
encommon/utils/test/test_files.py::test_readsave_text 
[gw2] [ 72%] PASSED encommon/crypts/test/test_crypts.py::test_Crypts_raises 
encommon/crypts/test/test_crypts.py::test_Crypts_cover 
[gw1] [ 72%] PASSED encommon/utils/test/test_files.py::test_readsave_text 
[gw2] [ 73%] PASSED encommon/crypts/test/test_crypts.py::test_Crypts_cover 
encommon/utils/test/test_files.py::test_append_text 
[gw1] [ 73%] PASSED encommon/utils/test/test_files.py::test_append_text 
encommon/crypts/test/test_crypts.py::test_Crypts 
encommon/webkit/test/test_datetime.py::test_datestamp 
[gw2] [ 73%] PASSED encommon/crypts/test/test_crypts.py::test_Crypts 
encommon/times/test/test_params.py::test_TimerParams 
[gw2] [ 74%] PASSED encommon/times/test/test_params.py::test_TimerParams 
encommon/times/test/test_params.py::test_WindowParams 
[gw2] [ 74%] PASSED encommon/times/test/test_params.py::test_WindowParams 
encommon/parse/test/test_network.py::test_insubnet_ip 
[gw2] [ 74%] PASSED encommon/parse/test/test_network.py::test_insubnet_ip 
encommon/parse/test/test_network.py::test_Network_ipv6 
[gw2] [ 75%] PASSED encommon/parse/test/test_network.py::test_Network_ipv6 
encommon/parse/test/test_network.py::test_Network 
[gw2] [ 75%] PASSED encommon/parse/test/test_network.py::test_Network 
encommon/parse/test/test_network.py::test_isvalid_ip 
[gw2] [ 75%] PASSED encommon/parse/test/test_network.py::test_isvalid_ip 
encommon/parse/test/test_network.py::test_Network_ipv4 
[gw2] [ 76%] PASSED encommon/parse/test/test_network.py::test_Network_ipv4 
encommon/colors/color.py::encommon.colors.color.Color 
[gw2] [ 76%] PASSED encommon/colors/color.py::encommon.colors.color.Color 
encommon/times/test/test_timers.py::test_Timers_cover 
[gw0] [ 76%] FAILED encommon/webkit/test/test_default.py::test_default_content 
encommon/webkit/test/test_default.py::test_default_styles 
[gw3] [ 77%] FAILED encommon/webkit/test/test_helpers.py::test_helpers_dumps 
encommon/webkit/test/test_helpers.py::test_helpers_isnode 
[gw1] [ 77%] FAILED encommon/webkit/test/test_datetime.py::test_datestamp 
encommon/types/test/test_lists.py::test_inlist 
[gw1] [ 77%] PASSED encommon/types/test/test_lists.py::test_inlist 
encommon/types/test/test_lists.py::test_fuzzy_list 
[gw1] [ 78%] PASSED encommon/types/test/test_lists.py::test_fuzzy_list 
encommon/types/test/test_lists.py::test_dedup_list 
[gw1] [ 78%] PASSED encommon/types/test/test_lists.py::test_dedup_list 
encommon/times/test/test_timers.py::test_Timers_raises 
[gw1] [ 78%] PASSED encommon/times/test/test_timers.py::test_Timers_raises 
encommon/webkit/test/test_numeric.py::test_numeric_count 
[gw2] [ 79%] PASSED encommon/times/test/test_timers.py::test_Timers_cover 
encommon/times/test/test_timers.py::test_Timers 
[gw2] [ 79%] PASSED encommon/times/test/test_timers.py::test_Timers 
encommon/webkit/test/test_numeric.py::test_numeric 
[gw0] [ 79%] FAILED encommon/webkit/test/test_default.py::test_default_styles 
encommon/webkit/test/test_default.py::test_default_remClass 
[gw3] [ 80%] FAILED encommon/webkit/test/test_helpers.py::test_helpers_isnode 
encommon/webkit/test/test_helpers.py::test_helpers_whenready 
[gw1] [ 80%] FAILED encommon/webkit/test/test_numeric.py::test_numeric_count 
encommon/webkit/test/test_numeric.py::test_numeric_bytes 
[gw2] [ 80%] FAILED encommon/webkit/test/test_numeric.py::test_numeric 
[gw0] [ 81%] FAILED encommon/webkit/test/test_default.py::test_default_remClass 
encommon/parse/test/test_jinja2.py::test_Jinja2_cover 
[gw2] [ 81%] PASSED encommon/parse/test/test_jinja2.py::test_Jinja2_cover 
encommon/parse/test/test_jinja2.py::test_Jinja2_parse[10.001-10.001_0] 
[gw2] [ 81%] PASSED encommon/parse/test/test_jinja2.py::test_Jinja2_parse[10.001-10.001_0] 
encommon/parse/test/test_jinja2.py::test_Jinja2 
[gw2] [ 82%] PASSED encommon/parse/test/test_jinja2.py::test_Jinja2 
encommon/parse/test/test_jinja2.py::test_Jinja2_parse[10.001-10.001_1] 
[gw2] [ 82%] PASSED encommon/parse/test/test_jinja2.py::test_Jinja2_parse[10.001-10.001_1] 
encommon/parse/test/test_jinja2.py::test_Jinja2_parse[{{ "1" | int }}-1] 
[gw2] [ 82%] PASSED encommon/parse/test/test_jinja2.py::test_Jinja2_parse[{{ "1" | int }}-1] 
encommon/parse/test/test_jinja2.py::test_Jinja2_parse[-01--01] 
[gw2] [ 83%] PASSED encommon/parse/test/test_jinja2.py::test_Jinja2_parse[-01--01] 
encommon/parse/test/test_jinja2.py::test_Jinja2_parse[{{ 1 }}-1] 
[gw2] [ 83%] PASSED encommon/parse/test/test_jinja2.py::test_Jinja2_parse[{{ 1 }}-1] 
encommon/parse/test/test_jinja2.py::test_Jinja2_parse[{{ "-01" }}--01] 
[gw2] [ 83%] PASSED encommon/parse/test/test_jinja2.py::test_Jinja2_parse[{{ "-01" }}--01] 
encommon/parse/test/test_jinja2.py::test_Jinja2_parse[{{ 0 | Time }}-1970-01-01T00:00:00.000000+0000] 
[gw2] [ 84%] PASSED encommon/parse/test/test_jinja2.py::test_Jinja2_parse[{{ 0 | Time }}-1970-01-01T00:00:00.000000+0000] 
encommon/parse/test/test_jinja2.py::test_Jinja2_parse[1-1] 
encommon/webkit/test/test_default.py::test_default_attr 
[gw2] [ 84%] PASSED encommon/parse/test/test_jinja2.py::test_Jinja2_parse[1-1] 
encommon/parse/test/test_jinja2.py::test_Jinja2_parse[foo-foo] 
[gw2] [ 84%] PASSED encommon/parse/test/test_jinja2.py::test_Jinja2_parse[foo-foo] 
encommon/parse/test/test_jinja2.py::test_Jinja2_parse[value14-expect14] 
[gw2] [ 85%] PASSED encommon/parse/test/test_jinja2.py::test_Jinja2_parse[value14-expect14] 
encommon/parse/test/test_jinja2.py::test_Jinja2_parse[[1, 2]-expect15] 
[gw2] [ 85%] PASSED encommon/parse/test/test_jinja2.py::test_Jinja2_parse[[1, 2]-expect15] 
encommon/parse/test/test_jinja2.py::test_Jinja2_parse[{'a': 'b'}-expect5] 
[gw2] [ 85%] PASSED encommon/parse/test/test_jinja2.py::test_Jinja2_parse[{'a': 'b'}-expect5] 
encommon/parse/test/test_jinja2.py::test_Jinja2_parse[1.0.0-1.0.0] 
[gw2] [ 85%] PASSED encommon/parse/test/test_jinja2.py::test_Jinja2_parse[1.0.0-1.0.0] 
encommon/parse/test/test_jinja2.py::test_Jinja2_recurse 
[gw2] [ 86%] PASSED encommon/parse/test/test_jinja2.py::test_Jinja2_recurse 
encommon/parse/test/test_jinja2.py::test_Jinja2_literal[{{ 123 }}-123] 
[gw3] [ 86%] FAILED encommon/webkit/test/test_helpers.py::test_helpers_whenready 
[gw2] [ 86%] PASSED encommon/parse/test/test_jinja2.py::test_Jinja2_literal[{{ 123 }}-123] 
encommon/parse/test/test_jinja2.py::test_Jinja2_literal[{{ none }}-None] 
[gw2] [ 87%] PASSED encommon/parse/test/test_jinja2.py::test_Jinja2_literal[{{ none }}-None] 
encommon/parse/test/test_jinja2.py::test_Jinja2_parse[value4-expect4] 
[gw2] [ 87%] PASSED encommon/parse/test/test_jinja2.py::test_Jinja2_parse[value4-expect4] 
encommon/parse/test/test_jinja2.py::test_Jinja2_parse[1.0-1.0] 
[gw2] [ 87%] PASSED encommon/parse/test/test_jinja2.py::test_Jinja2_parse[1.0-1.0] 
encommon/parse/test/test_jinja2.py::test_Jinja2_parse[{{ "1" | float }}-1.0] 
[gw2] [ 88%] PASSED encommon/parse/test/test_jinja2.py::test_Jinja2_parse[{{ "1" | float }}-1.0] 
encommon/parse/test/test_jinja2.py::test_Jinja2_parse[{{ "01" }}-01] 
[gw2] [ 88%] PASSED encommon/parse/test/test_jinja2.py::test_Jinja2_parse[{{ "01" }}-01] 
encommon/parse/test/test_jinja2.py::test_Jinja2_parse[100000-100000_0] 
[gw2] [ 88%] PASSED encommon/parse/test/test_jinja2.py::test_Jinja2_parse[100000-100000_0] 
encommon/parse/test/test_jinja2.py::test_Jinja2_parse[100000-100000_1] 
[gw2] [ 89%] PASSED encommon/parse/test/test_jinja2.py::test_Jinja2_parse[100000-100000_1] 
encommon/parse/test/test_jinja2.py::test_Jinja2_literal[{{ 1.2 }}-1.2] 
[gw2] [ 89%] PASSED encommon/parse/test/test_jinja2.py::test_Jinja2_literal[{{ 1.2 }}-1.2] 
encommon/parse/test/test_jinja2.py::test_Jinja2_parse[01-01] 
[gw2] [ 89%] PASSED encommon/parse/test/test_jinja2.py::test_Jinja2_parse[01-01] 
encommon/parse/test/test_jinja2.py::test_Jinja2_literal[{{ -1.2 }}--1.2] 
[gw2] [ 90%] PASSED encommon/parse/test/test_jinja2.py::test_Jinja2_literal[{{ -1.2 }}--1.2] 
encommon/webkit/test/test_color.py::test_colordiv 
encommon/webkit/test/test_helpers.py::test_helpers_istime 
[gw1] [ 90%] FAILED encommon/webkit/test/test_numeric.py::test_numeric_bytes 
encommon/crypts/test/test_hashes.py::test_Hashes 
[gw1] [ 90%] PASSED encommon/crypts/test/test_hashes.py::test_Hashes 
encommon/types/test/test_classes.py::test_BaseModel 
[gw1] [ 91%] PASSED encommon/types/test/test_classes.py::test_BaseModel 
encommon/types/test/test_classes.py::test_clsname 
[gw1] [ 91%] PASSED encommon/types/test/test_classes.py::test_clsname 
encommon/types/test/test_dicts.py::test_merge_dicts 
[gw1] [ 91%] PASSED encommon/types/test/test_dicts.py::test_merge_dicts 
encommon/types/test/test_dicts.py::test_sort_dict 
[gw1] [ 92%] PASSED encommon/types/test/test_dicts.py::test_sort_dict 
[gw0] [ 92%] FAILED encommon/webkit/test/test_default.py::test_default_attr 
[gw2] [ 92%] FAILED encommon/webkit/test/test_color.py::test_colordiv 
encommon/webkit/test/test_default.py::test_default_create 
[gw3] [ 93%] FAILED encommon/webkit/test/test_helpers.py::test_helpers_istime 
encommon/types/test/test_classes.py::test_lattrs 
[gw2] [ 93%] PASSED encommon/types/test/test_classes.py::test_lattrs 
encommon/webkit/test/test_helpers.py::test_helpers_islist 
[gw0] [ 93%] FAILED encommon/webkit/test/test_default.py::test_default_create 
encommon/config/logger.py::encommon.config.logger.Logger 
[gw0] [ 94%] PASSED encommon/config/logger.py::encommon.config.logger.Logger 
encommon/config/config.py::encommon.config.config.Config 
[gw0] [ 94%] PASSED encommon/config/config.py::encommon.config.config.Config 
encommon/config/logger.py::encommon.config.logger.Message 
[gw0] [ 94%] PASSED encommon/config/logger.py::encommon.config.logger.Message 
encommon/crypts/hashes.py::encommon.crypts.hashes.Hashes 
[gw0] [ 95%] PASSED encommon/crypts/hashes.py::encommon.crypts.hashes.Hashes 
encommon/crypts/crypts.py::encommon.crypts.crypts.Crypts 
[gw0] [ 95%] PASSED encommon/crypts/crypts.py::encommon.crypts.crypts.Crypts 
encommon/parse/jinja2.py::encommon.parse.jinja2.Jinja2 
[gw3] [ 95%] FAILED encommon/webkit/test/test_helpers.py::test_helpers_islist 
[gw0] [ 96%] PASSED encommon/parse/jinja2.py::encommon.parse.jinja2.Jinja2 
encommon/times/parse.py::encommon.times.parse.parse_time 
[gw0] [ 96%] PASSED encommon/times/parse.py::encommon.times.parse.parse_time 
encommon/times/parse.py::encommon.times.parse.since_time 
[gw0] [ 96%] PASSED encommon/times/parse.py::encommon.times.parse.since_time 
encommon/times/duration.py::encommon.times.duration.Duration 
[gw0] [ 97%] PASSED encommon/times/duration.py::encommon.times.duration.Duration 
encommon/times/parse.py::encommon.times.parse.shift_time 
[gw0] [ 97%] PASSED encommon/times/parse.py::encommon.times.parse.shift_time 
encommon/times/parse.py::encommon.times.parse.string_time 
[gw0] [ 97%] PASSED encommon/times/parse.py::encommon.times.parse.string_time 
encommon/types/lists.py::encommon.types.lists.dedup_list 
[gw0] [ 98%] PASSED encommon/types/lists.py::encommon.types.lists.dedup_list 
encommon/times/timers.py::encommon.times.timers.Timers 
encommon/webkit/test/test_helpers.py::test_helpers_isstr 
[gw3] [ 98%] FAILED encommon/webkit/test/test_helpers.py::test_helpers_isstr 
encommon/webkit/test/test_helpers.py::test_helpers_isbool 
[gw3] [ 98%] FAILED encommon/webkit/test/test_helpers.py::test_helpers_isbool 
[gw0] [ 99%] PASSED encommon/times/timers.py::encommon.times.timers.Timers 
encommon/webkit/test/test_helpers.py::test_helpers_isnull 
[gw3] [ 99%] FAILED encommon/webkit/test/test_helpers.py::test_helpers_isnull 
encommon/config/test/test_logger.py::test_Logger 
[gw3] [ 99%] PASSED encommon/config/test/test_logger.py::test_Logger 
encommon/config/test/test_logger.py::test_Logger_cover 
[gw3] [100%] PASSED encommon/config/test/test_logger.py::test_Logger_cover 

=================================== FAILURES ===================================
________________________________ test_datagrid _________________________________
[gw2] linux -- Python 3.12.13 /home/runner/work/encommon/encommon/main/.venv-package/bin/python3

content = <encommon.webkit.content.Content object at 0x7f99a5a31b50>
driver = <selenium.webdriver.chrome.webdriver.WebDriver (session="53aeaa875ed2828d5160182953212f0e")>

    def test_datagrid(
        content: 'Content',
        driver: WebDriver,
    ) -> None:
        """
        Perform various tests associated with relevant routines.
    
        :param content: Primary class instance for the content.
        :param driver: Selenium driver provided by the library.
        """
    
    
        driver.get(
            f"""
            data:text/html;
            charset=utf-8,
            <html>
              <head>
                <script>
            {content.scripts('default')}
            {content.scripts('helpers')}
            {content.scripts('datagrid')}
                </script>
              </head>
              <body></body>
            </html>
            """)
    
    
        fields = {
            'foo': 'Foo',
            'bar': 'Bar'}
    
        values = [
            {'foo': '1',
             'bar': 1},
            {'foo': '2',
             'bar': 2}]
    
    
>       outcome = _executejs(
            driver,
            'let element ='
            ' datagrid(...arguments);'
            'return'
            ' element[0].outerHTML;',
            fields,
            values,
            wrap=False)

encommon/webkit/test/test_datagrid.py:61: 
_ _ _ _ _ _ _ _ _ _ _ _ _ _ _ _ _ _ _ _ _ _ _ _ _ _ _ _ _ _ _ _ _ _ _ _ _ _ _ _ 
encommon/webkit/test/__init__.py:36: in _executejs
    driver
.venv-package/lib/python3.12/site-packages/selenium/webdriver/remote/webdriver.py:532: in execute_script
    return self.execute(command, {"script": script, "args": converted_args})["value"]
           ^^^^^^^^^^^^^^^^^^^^^^^^^^^^^^^^^^^^^^^^^^^^^^^^^^^^^^^^^^^^^^^^^
.venv-package/lib/python3.12/site-packages/selenium/webdriver/remote/webdriver.py:446: in execute
    self.error_handler.check_response(response)
_ _ _ _ _ _ _ _ _ _ _ _ _ _ _ _ _ _ _ _ _ _ _ _ _ _ _ _ _ _ _ _ _ _ _ _ _ _ _ _ 

self = <selenium.webdriver.remote.errorhandler.ErrorHandler object at 0x7f99a596ea50>
response = {'status': 500, 'value': '{"value":{"error":"javascript error","message":"javascript error: datagrid is not defined\\n...\\n#15 0x5605be49f4de \\u003Cunknown>\\n#16 0x7fb269e9caa4 \\u003Cunknown>\\n#17 0x7fb269f29c6c \\u003Cunknown>\\n"}}'}

    def check_response(self, response: dict[str, Any]) -> None:
        """Check that a JSON response from the WebDriver does not have an error.
    
        Args:
            response: The JSON response from the WebDriver server as a dictionary
                object.
    
        Raises:
            WebDriverException: If the response contains an error message.
        """
        status = response.get("status", None)
        if not status or status == ErrorCode.SUCCESS:
            return
        value = None
        message = response.get("message", "")
        screen: str = response.get("screen", "")
        stacktrace = None
        if isinstance(status, int):
            value_json = response.get("value", None)
            if value_json and isinstance(value_json, str):
                try:
                    value = json.loads(value_json)
                    if isinstance(value, dict):
                        if len(value) == 1:
                            value = value["value"]
                        status = value.get("error", None)
                        if not status:
                            status = value.get("status", ErrorCode.UNKNOWN_ERROR)
                            message = value.get("value") or value.get("message")
                            if not isinstance(message, str):
                                value = message
                                message = message.get("message") if isinstance(message, dict) else None
                        else:
                            message = value.get("message", None)
                except ValueError:
                    pass
    
        exception_class: type[WebDriverException]
        e = ErrorCode()
        error_codes = [item for item in dir(e) if not item.startswith("__")]
        for error_code in error_codes:
            error_info = getattr(ErrorCode, error_code)
            if isinstance(error_info, list) and status in error_info:
                exception_class = getattr(ExceptionMapping, error_code, WebDriverException)
                break
        else:
            exception_class = WebDriverException
    
        if not value:
            value = response["value"]
        if isinstance(value, str):
            raise exception_class(value)
        if message == "" and "message" in value:
            message = value["message"]
    
        screen = None  # type: ignore[assignment]
        if "screen" in value:
            screen = value["screen"]
    
        stacktrace = None
        st_value = value.get("stackTrace") or value.get("stacktrace")
        if st_value:
            if isinstance(st_value, str):
                stacktrace = st_value.split("\n")
            else:
                stacktrace = []
                try:
                    for frame in st_value:
                        line = frame.get("lineNumber", "")
                        file = frame.get("fileName", "<anonymous>")
                        if line:
                            file = f"{file}:{line}"
                        meth = frame.get("methodName", "<anonymous>")
                        if "className" in frame:
                            meth = f"{frame['className']}.{meth}"
                        msg = "    at %s (%s)"
                        msg = msg % (meth, file)
                        stacktrace.append(msg)
                except TypeError:
                    pass
        if exception_class == UnexpectedAlertPresentException:
            alert_text = None
            if "data" in value:
                alert_text = value["data"].get("text")
            elif "alert" in value:
                alert_text = value["alert"].get("text")
            raise exception_class(message, screen, stacktrace, alert_text)  # type: ignore[call-arg]  # mypy is not smart enough here
>       raise exception_class(message, screen, stacktrace)
E       selenium.common.exceptions.JavascriptException: Message: javascript error: datagrid is not defined
E         (Session info: chrome=146.0.7680.164)
E       Stacktrace:
E       #0 0x5605be4a0a6a <unknown>
E       #1 0x5605bdeafab5 <unknown>
E       #2 0x5605bdeb692b <unknown>
E       #3 0x5605bdeb94ab <unknown>
E       #4 0x5605bdf4b8d9 <unknown>
E       #5 0x5605bdf4a7b6 <unknown>
E       #6 0x5605bdef5cbf <unknown>
E       #7 0x5605bdef6a81 <unknown>
E       #8 0x5605be466a64 <unknown>
E       #9 0x5605be469951 <unknown>
E       #10 0x5605be45321e <unknown>
E       #11 0x5605be46a51e <unknown>
E       #12 0x5605be439be0 <unknown>
E       #13 0x5605be48d9b8 <unknown>
E       #14 0x5605be48db88 <unknown>
E       #15 0x5605be49f4de <unknown>
E       #16 0x7fb269e9caa4 <unknown>
E       #17 0x7fb269f29c6c <unknown>

.venv-package/lib/python3.12/site-packages/selenium/webdriver/remote/errorhandler.py:232: JavascriptException
_________________________________ test_statate _________________________________
[gw0] linux -- Python 3.12.13 /home/runner/work/encommon/encommon/main/.venv-package/bin/python3

content = <encommon.webkit.content.Content object at 0x7f0a5aa705c0>
driver = <selenium.webdriver.chrome.webdriver.WebDriver (session="80becb316529f385bbafaa20ed748e68")>

    def test_statate(
        content: 'Content',
        driver: WebDriver,
    ) -> None:
        """
        Perform various tests associated with relevant routines.
    
        :param content: Primary class instance for the content.
        :param driver: Selenium driver provided by the library.
        """
    
    
        driver.get(
            f"""
            data:text/html;
            charset=utf-8,
            <html>
              <head>
                <script>
            {content.scripts('default')}
            {content.scripts('helpers')}
            {content.scripts('image')}
            {content.scripts('moderate')}
            {content.scripts('statate')}
                </script>
              </head>
              <body></body>
            </html>
            """)
    
    
>       outcome = _executejs(
            driver,
            'let element ='
            ' statate(...arguments);'
            'return'
            ' element[0].outerHTML;',
            'failure',
            'Failure',
            'There was an issue',
            wrap=False)

encommon/webkit/test/test_statate.py:52: 
_ _ _ _ _ _ _ _ _ _ _ _ _ _ _ _ _ _ _ _ _ _ _ _ _ _ _ _ _ _ _ _ _ _ _ _ _ _ _ _ 
encommon/webkit/test/__init__.py:36: in _executejs
    driver
.venv-package/lib/python3.12/site-packages/selenium/webdriver/remote/webdriver.py:532: in execute_script
    return self.execute(command, {"script": script, "args": converted_args})["value"]
           ^^^^^^^^^^^^^^^^^^^^^^^^^^^^^^^^^^^^^^^^^^^^^^^^^^^^^^^^^^^^^^^^^
.venv-package/lib/python3.12/site-packages/selenium/webdriver/remote/webdriver.py:446: in execute
    self.error_handler.check_response(response)
_ _ _ _ _ _ _ _ _ _ _ _ _ _ _ _ _ _ _ _ _ _ _ _ _ _ _ _ _ _ _ _ _ _ _ _ _ _ _ _ 

self = <selenium.webdriver.remote.errorhandler.ErrorHandler object at 0x7f0a5aab8860>
response = {'status': 500, 'value': '{"value":{"error":"javascript error","message":"javascript error: statate is not defined\\n ...\\n#15 0x558be0b254de \\u003Cunknown>\\n#16 0x7f77ed69caa4 \\u003Cunknown>\\n#17 0x7f77ed729c6c \\u003Cunknown>\\n"}}'}

    def check_response(self, response: dict[str, Any]) -> None:
        """Check that a JSON response from the WebDriver does not have an error.
    
        Args:
            response: The JSON response from the WebDriver server as a dictionary
                object.
    
        Raises:
            WebDriverException: If the response contains an error message.
        """
        status = response.get("status", None)
        if not status or status == ErrorCode.SUCCESS:
            return
        value = None
        message = response.get("message", "")
        screen: str = response.get("screen", "")
        stacktrace = None
        if isinstance(status, int):
            value_json = response.get("value", None)
            if value_json and isinstance(value_json, str):
                try:
                    value = json.loads(value_json)
                    if isinstance(value, dict):
                        if len(value) == 1:
                            value = value["value"]
                        status = value.get("error", None)
                        if not status:
                            status = value.get("status", ErrorCode.UNKNOWN_ERROR)
                            message = value.get("value") or value.get("message")
                            if not isinstance(message, str):
                                value = message
                                message = message.get("message") if isinstance(message, dict) else None
                        else:
                            message = value.get("message", None)
                except ValueError:
                    pass
    
        exception_class: type[WebDriverException]
        e = ErrorCode()
        error_codes = [item for item in dir(e) if not item.startswith("__")]
        for error_code in error_codes:
            error_info = getattr(ErrorCode, error_code)
            if isinstance(error_info, list) and status in error_info:
                exception_class = getattr(ExceptionMapping, error_code, WebDriverException)
                break
        else:
            exception_class = WebDriverException
    
        if not value:
            value = response["value"]
        if isinstance(value, str):
            raise exception_class(value)
        if message == "" and "message" in value:
            message = value["message"]
    
        screen = None  # type: ignore[assignment]
        if "screen" in value:
            screen = value["screen"]
    
        stacktrace = None
        st_value = value.get("stackTrace") or value.get("stacktrace")
        if st_value:
            if isinstance(st_value, str):
                stacktrace = st_value.split("\n")
            else:
                stacktrace = []
                try:
                    for frame in st_value:
                        line = frame.get("lineNumber", "")
                        file = frame.get("fileName", "<anonymous>")
                        if line:
                            file = f"{file}:{line}"
                        meth = frame.get("methodName", "<anonymous>")
                        if "className" in frame:
                            meth = f"{frame['className']}.{meth}"
                        msg = "    at %s (%s)"
                        msg = msg % (meth, file)
                        stacktrace.append(msg)
                except TypeError:
                    pass
        if exception_class == UnexpectedAlertPresentException:
            alert_text = None
            if "data" in value:
                alert_text = value["data"].get("text")
            elif "alert" in value:
                alert_text = value["alert"].get("text")
            raise exception_class(message, screen, stacktrace, alert_text)  # type: ignore[call-arg]  # mypy is not smart enough here
>       raise exception_class(message, screen, stacktrace)
E       selenium.common.exceptions.JavascriptException: Message: javascript error: statate is not defined
E         (Session info: chrome=146.0.7680.164)
E       Stacktrace:
E       #0 0x558be0b26a6a <unknown>
E       #1 0x558be0535ab5 <unknown>
E       #2 0x558be053c92b <unknown>
E       #3 0x558be053f4ab <unknown>
E       #4 0x558be05d18d9 <unknown>
E       #5 0x558be05d07b6 <unknown>
E       #6 0x558be057bcbf <unknown>
E       #7 0x558be057ca81 <unknown>
E       #8 0x558be0aeca64 <unknown>
E       #9 0x558be0aef951 <unknown>
E       #10 0x558be0ad921e <unknown>
E       #11 0x558be0af051e <unknown>
E       #12 0x558be0abfbe0 <unknown>
E       #13 0x558be0b139b8 <unknown>
E       #14 0x558be0b13b88 <unknown>
E       #15 0x558be0b254de <unknown>
E       #16 0x7f77ed69caa4 <unknown>
E       #17 0x7f77ed729c6c <unknown>

.venv-package/lib/python3.12/site-packages/selenium/webdriver/remote/errorhandler.py:232: JavascriptException
__________________________________ test_image __________________________________
[gw1] linux -- Python 3.12.13 /home/runner/work/encommon/encommon/main/.venv-package/bin/python3

content = <encommon.webkit.content.Content object at 0x7fa0c87414c0>
driver = <selenium.webdriver.chrome.webdriver.WebDriver (session="40e2ccfc5b78c1eaacd15db21318a6df")>

    def test_image(
        content: 'Content',
        driver: WebDriver,
    ) -> None:
        """
        Perform various tests associated with relevant routines.
    
        :param content: Primary class instance for the content.
        :param driver: Selenium driver provided by the library.
        """
    
    
        driver.get(
            f"""
            data:text/html;
            charset=utf-8,
            <html>
              <head>
                <script>
            {content.scripts('default')}
            {content.scripts('helpers')}
            {content.scripts('image')}
                </script>
              </head>
              <body></body>
            </html>
            """)
    
    
>       outcome = _executejs(
            driver,
            'let element ='
            ' svgicon(...arguments);'
            'return'
            ' element[0].outerHTML;',
            'failure',
            wrap=False)

encommon/webkit/test/test_image.py:50: 
_ _ _ _ _ _ _ _ _ _ _ _ _ _ _ _ _ _ _ _ _ _ _ _ _ _ _ _ _ _ _ _ _ _ _ _ _ _ _ _ 
encommon/webkit/test/__init__.py:36: in _executejs
    driver
.venv-package/lib/python3.12/site-packages/selenium/webdriver/remote/webdriver.py:532: in execute_script
    return self.execute(command, {"script": script, "args": converted_args})["value"]
           ^^^^^^^^^^^^^^^^^^^^^^^^^^^^^^^^^^^^^^^^^^^^^^^^^^^^^^^^^^^^^^^^^
.venv-package/lib/python3.12/site-packages/selenium/webdriver/remote/webdriver.py:446: in execute
    self.error_handler.check_response(response)
_ _ _ _ _ _ _ _ _ _ _ _ _ _ _ _ _ _ _ _ _ _ _ _ _ _ _ _ _ _ _ _ _ _ _ _ _ _ _ _ 

self = <selenium.webdriver.remote.errorhandler.ErrorHandler object at 0x7fa0c8a24320>
response = {'status': 500, 'value': '{"value":{"error":"javascript error","message":"javascript error: svgicon is not defined\\n ...\\n#15 0x55cafc24a4de \\u003Cunknown>\\n#16 0x7f56cd89caa4 \\u003Cunknown>\\n#17 0x7f56cd929c6c \\u003Cunknown>\\n"}}'}

    def check_response(self, response: dict[str, Any]) -> None:
        """Check that a JSON response from the WebDriver does not have an error.
    
        Args:
            response: The JSON response from the WebDriver server as a dictionary
                object.
    
        Raises:
            WebDriverException: If the response contains an error message.
        """
        status = response.get("status", None)
        if not status or status == ErrorCode.SUCCESS:
            return
        value = None
        message = response.get("message", "")
        screen: str = response.get("screen", "")
        stacktrace = None
        if isinstance(status, int):
            value_json = response.get("value", None)
            if value_json and isinstance(value_json, str):
                try:
                    value = json.loads(value_json)
                    if isinstance(value, dict):
                        if len(value) == 1:
                            value = value["value"]
                        status = value.get("error", None)
                        if not status:
                            status = value.get("status", ErrorCode.UNKNOWN_ERROR)
                            message = value.get("value") or value.get("message")
                            if not isinstance(message, str):
                                value = message
                                message = message.get("message") if isinstance(message, dict) else None
                        else:
                            message = value.get("message", None)
                except ValueError:
                    pass
    
        exception_class: type[WebDriverException]
        e = ErrorCode()
        error_codes = [item for item in dir(e) if not item.startswith("__")]
        for error_code in error_codes:
            error_info = getattr(ErrorCode, error_code)
            if isinstance(error_info, list) and status in error_info:
                exception_class = getattr(ExceptionMapping, error_code, WebDriverException)
                break
        else:
            exception_class = WebDriverException
    
        if not value:
            value = response["value"]
        if isinstance(value, str):
            raise exception_class(value)
        if message == "" and "message" in value:
            message = value["message"]
    
        screen = None  # type: ignore[assignment]
        if "screen" in value:
            screen = value["screen"]
    
        stacktrace = None
        st_value = value.get("stackTrace") or value.get("stacktrace")
        if st_value:
            if isinstance(st_value, str):
                stacktrace = st_value.split("\n")
            else:
                stacktrace = []
                try:
                    for frame in st_value:
                        line = frame.get("lineNumber", "")
                        file = frame.get("fileName", "<anonymous>")
                        if line:
                            file = f"{file}:{line}"
                        meth = frame.get("methodName", "<anonymous>")
                        if "className" in frame:
                            meth = f"{frame['className']}.{meth}"
                        msg = "    at %s (%s)"
                        msg = msg % (meth, file)
                        stacktrace.append(msg)
                except TypeError:
                    pass
        if exception_class == UnexpectedAlertPresentException:
            alert_text = None
            if "data" in value:
                alert_text = value["data"].get("text")
            elif "alert" in value:
                alert_text = value["alert"].get("text")
            raise exception_class(message, screen, stacktrace, alert_text)  # type: ignore[call-arg]  # mypy is not smart enough here
>       raise exception_class(message, screen, stacktrace)
E       selenium.common.exceptions.JavascriptException: Message: javascript error: svgicon is not defined
E         (Session info: chrome=146.0.7680.164)
E       Stacktrace:
E       #0 0x55cafc24ba6a <unknown>
E       #1 0x55cafbc5aab5 <unknown>
E       #2 0x55cafbc6192b <unknown>
E       #3 0x55cafbc644ab <unknown>
E       #4 0x55cafbcf68d9 <unknown>
E       #5 0x55cafbcf57b6 <unknown>
E       #6 0x55cafbca0cbf <unknown>
E       #7 0x55cafbca1a81 <unknown>
E       #8 0x55cafc211a64 <unknown>
E       #9 0x55cafc214951 <unknown>
E       #10 0x55cafc1fe21e <unknown>
E       #11 0x55cafc21551e <unknown>
E       #12 0x55cafc1e4be0 <unknown>
E       #13 0x55cafc2389b8 <unknown>
E       #14 0x55cafc238b88 <unknown>
E       #15 0x55cafc24a4de <unknown>
E       #16 0x7f56cd89caa4 <unknown>
E       #17 0x7f56cd929c6c <unknown>

.venv-package/lib/python3.12/site-packages/selenium/webdriver/remote/errorhandler.py:232: JavascriptException
_____________________________ test_helpers_istrue ______________________________
[gw3] linux -- Python 3.12.13 /home/runner/work/encommon/encommon/main/.venv-package/bin/python3

prepare = (<encommon.webkit.content.Content object at 0x7f64b2066750>, <selenium.webdriver.chrome.webdriver.WebDriver (session="fbc82db6ad8917b64553819fe4bc8ba4")>)

    def test_helpers_istrue(
        prepare: tuple['Content', WebDriver],
    ) -> None:
        """
        Perform various tests associated with relevant routines.
    
        :param prepare: Driver and content loaded with scripts.
        """
    
        content, driver = prepare
    
>       outcome = _executejs(
            driver,
            'istrue(true)')

encommon/webkit/test/test_helpers.py:319: 
_ _ _ _ _ _ _ _ _ _ _ _ _ _ _ _ _ _ _ _ _ _ _ _ _ _ _ _ _ _ _ _ _ _ _ _ _ _ _ _ 
encommon/webkit/test/__init__.py:36: in _executejs
    driver
.venv-package/lib/python3.12/site-packages/selenium/webdriver/remote/webdriver.py:532: in execute_script
    return self.execute(command, {"script": script, "args": converted_args})["value"]
           ^^^^^^^^^^^^^^^^^^^^^^^^^^^^^^^^^^^^^^^^^^^^^^^^^^^^^^^^^^^^^^^^^
.venv-package/lib/python3.12/site-packages/selenium/webdriver/remote/webdriver.py:446: in execute
    self.error_handler.check_response(response)
_ _ _ _ _ _ _ _ _ _ _ _ _ _ _ _ _ _ _ _ _ _ _ _ _ _ _ _ _ _ _ _ _ _ _ _ _ _ _ _ 

self = <selenium.webdriver.remote.errorhandler.ErrorHandler object at 0x7f64b1fc8380>
response = {'status': 500, 'value': '{"value":{"error":"javascript error","message":"javascript error: istrue is not defined\\n  ...\\n#15 0x55d309d6d4de \\u003Cunknown>\\n#16 0x7f463589caa4 \\u003Cunknown>\\n#17 0x7f4635929c6c \\u003Cunknown>\\n"}}'}

    def check_response(self, response: dict[str, Any]) -> None:
        """Check that a JSON response from the WebDriver does not have an error.
    
        Args:
            response: The JSON response from the WebDriver server as a dictionary
                object.
    
        Raises:
            WebDriverException: If the response contains an error message.
        """
        status = response.get("status", None)
        if not status or status == ErrorCode.SUCCESS:
            return
        value = None
        message = response.get("message", "")
        screen: str = response.get("screen", "")
        stacktrace = None
        if isinstance(status, int):
            value_json = response.get("value", None)
            if value_json and isinstance(value_json, str):
                try:
                    value = json.loads(value_json)
                    if isinstance(value, dict):
                        if len(value) == 1:
                            value = value["value"]
                        status = value.get("error", None)
                        if not status:
                            status = value.get("status", ErrorCode.UNKNOWN_ERROR)
                            message = value.get("value") or value.get("message")
                            if not isinstance(message, str):
                                value = message
                                message = message.get("message") if isinstance(message, dict) else None
                        else:
                            message = value.get("message", None)
                except ValueError:
                    pass
    
        exception_class: type[WebDriverException]
        e = ErrorCode()
        error_codes = [item for item in dir(e) if not item.startswith("__")]
        for error_code in error_codes:
            error_info = getattr(ErrorCode, error_code)
            if isinstance(error_info, list) and status in error_info:
                exception_class = getattr(ExceptionMapping, error_code, WebDriverException)
                break
        else:
            exception_class = WebDriverException
    
        if not value:
            value = response["value"]
        if isinstance(value, str):
            raise exception_class(value)
        if message == "" and "message" in value:
            message = value["message"]
    
        screen = None  # type: ignore[assignment]
        if "screen" in value:
            screen = value["screen"]
    
        stacktrace = None
        st_value = value.get("stackTrace") or value.get("stacktrace")
        if st_value:
            if isinstance(st_value, str):
                stacktrace = st_value.split("\n")
            else:
                stacktrace = []
                try:
                    for frame in st_value:
                        line = frame.get("lineNumber", "")
                        file = frame.get("fileName", "<anonymous>")
                        if line:
                            file = f"{file}:{line}"
                        meth = frame.get("methodName", "<anonymous>")
                        if "className" in frame:
                            meth = f"{frame['className']}.{meth}"
                        msg = "    at %s (%s)"
                        msg = msg % (meth, file)
                        stacktrace.append(msg)
                except TypeError:
                    pass
        if exception_class == UnexpectedAlertPresentException:
            alert_text = None
            if "data" in value:
                alert_text = value["data"].get("text")
            elif "alert" in value:
                alert_text = value["alert"].get("text")
            raise exception_class(message, screen, stacktrace, alert_text)  # type: ignore[call-arg]  # mypy is not smart enough here
>       raise exception_class(message, screen, stacktrace)
E       selenium.common.exceptions.JavascriptException: Message: javascript error: istrue is not defined
E         (Session info: chrome=146.0.7680.164)
E       Stacktrace:
E       #0 0x55d309d6ea6a <unknown>
E       #1 0x55d30977dab5 <unknown>
E       #2 0x55d30978492b <unknown>
E       #3 0x55d3097874ab <unknown>
E       #4 0x55d3098198d9 <unknown>
E       #5 0x55d3098187b6 <unknown>
E       #6 0x55d3097c3cbf <unknown>
E       #7 0x55d3097c4a81 <unknown>
E       #8 0x55d309d34a64 <unknown>
E       #9 0x55d309d37951 <unknown>
E       #10 0x55d309d2121e <unknown>
E       #11 0x55d309d3851e <unknown>
E       #12 0x55d309d07be0 <unknown>
E       #13 0x55d309d5b9b8 <unknown>
E       #14 0x55d309d5bb88 <unknown>
E       #15 0x55d309d6d4de <unknown>
E       #16 0x7f463589caa4 <unknown>
E       #17 0x7f4635929c6c <unknown>

.venv-package/lib/python3.12/site-packages/selenium/webdriver/remote/errorhandler.py:232: JavascriptException
_________________________________ test_message _________________________________
[gw0] linux -- Python 3.12.13 /home/runner/work/encommon/encommon/main/.venv-package/bin/python3

content = <encommon.webkit.content.Content object at 0x7f0a5abf2240>
driver = <selenium.webdriver.chrome.webdriver.WebDriver (session="9bb581e5bba3143c6f519b66d17fbadb")>

    def test_message(
        content: 'Content',
        driver: WebDriver,
    ) -> None:
        """
        Perform various tests associated with relevant routines.
    
        :param content: Primary class instance for the content.
        :param driver: Selenium driver provided by the library.
        """
    
    
        driver.get(
            f"""
            data:text/html;
            charset=utf-8,
            <html>
              <head>
                <script>
            {content.scripts('default')}
            {content.scripts('helpers')}
            {content.scripts('message')}
                </script>
              </head>
              <body></body>
            </html>
            """)
    
    
>       outcome = _executejs(
            driver,
            'let element ='
            ' message(...arguments);'
            'return'
            ' element[0].outerHTML;',
            'information',
            'This is the message',
            wrap=False)

encommon/webkit/test/test_message.py:50: 
_ _ _ _ _ _ _ _ _ _ _ _ _ _ _ _ _ _ _ _ _ _ _ _ _ _ _ _ _ _ _ _ _ _ _ _ _ _ _ _ 
encommon/webkit/test/__init__.py:36: in _executejs
    driver
.venv-package/lib/python3.12/site-packages/selenium/webdriver/remote/webdriver.py:532: in execute_script
    return self.execute(command, {"script": script, "args": converted_args})["value"]
           ^^^^^^^^^^^^^^^^^^^^^^^^^^^^^^^^^^^^^^^^^^^^^^^^^^^^^^^^^^^^^^^^^
.venv-package/lib/python3.12/site-packages/selenium/webdriver/remote/webdriver.py:446: in execute
    self.error_handler.check_response(response)
_ _ _ _ _ _ _ _ _ _ _ _ _ _ _ _ _ _ _ _ _ _ _ _ _ _ _ _ _ _ _ _ _ _ _ _ _ _ _ _ 

self = <selenium.webdriver.remote.errorhandler.ErrorHandler object at 0x7f0a5aabb020>
response = {'status': 500, 'value': '{"value":{"error":"javascript error","message":"javascript error: message is not defined\\n ...\\n#15 0x55871f3c54de \\u003Cunknown>\\n#16 0x7fe0b3e9caa4 \\u003Cunknown>\\n#17 0x7fe0b3f29c6c \\u003Cunknown>\\n"}}'}

    def check_response(self, response: dict[str, Any]) -> None:
        """Check that a JSON response from the WebDriver does not have an error.
    
        Args:
            response: The JSON response from the WebDriver server as a dictionary
                object.
    
        Raises:
            WebDriverException: If the response contains an error message.
        """
        status = response.get("status", None)
        if not status or status == ErrorCode.SUCCESS:
            return
        value = None
        message = response.get("message", "")
        screen: str = response.get("screen", "")
        stacktrace = None
        if isinstance(status, int):
            value_json = response.get("value", None)
            if value_json and isinstance(value_json, str):
                try:
                    value = json.loads(value_json)
                    if isinstance(value, dict):
                        if len(value) == 1:
                            value = value["value"]
                        status = value.get("error", None)
                        if not status:
                            status = value.get("status", ErrorCode.UNKNOWN_ERROR)
                            message = value.get("value") or value.get("message")
                            if not isinstance(message, str):
                                value = message
                                message = message.get("message") if isinstance(message, dict) else None
                        else:
                            message = value.get("message", None)
                except ValueError:
                    pass
    
        exception_class: type[WebDriverException]
        e = ErrorCode()
        error_codes = [item for item in dir(e) if not item.startswith("__")]
        for error_code in error_codes:
            error_info = getattr(ErrorCode, error_code)
            if isinstance(error_info, list) and status in error_info:
                exception_class = getattr(ExceptionMapping, error_code, WebDriverException)
                break
        else:
            exception_class = WebDriverException
    
        if not value:
            value = response["value"]
        if isinstance(value, str):
            raise exception_class(value)
        if message == "" and "message" in value:
            message = value["message"]
    
        screen = None  # type: ignore[assignment]
        if "screen" in value:
            screen = value["screen"]
    
        stacktrace = None
        st_value = value.get("stackTrace") or value.get("stacktrace")
        if st_value:
            if isinstance(st_value, str):
                stacktrace = st_value.split("\n")
            else:
                stacktrace = []
                try:
                    for frame in st_value:
                        line = frame.get("lineNumber", "")
                        file = frame.get("fileName", "<anonymous>")
                        if line:
                            file = f"{file}:{line}"
                        meth = frame.get("methodName", "<anonymous>")
                        if "className" in frame:
                            meth = f"{frame['className']}.{meth}"
                        msg = "    at %s (%s)"
                        msg = msg % (meth, file)
                        stacktrace.append(msg)
                except TypeError:
                    pass
        if exception_class == UnexpectedAlertPresentException:
            alert_text = None
            if "data" in value:
                alert_text = value["data"].get("text")
            elif "alert" in value:
                alert_text = value["alert"].get("text")
            raise exception_class(message, screen, stacktrace, alert_text)  # type: ignore[call-arg]  # mypy is not smart enough here
>       raise exception_class(message, screen, stacktrace)
E       selenium.common.exceptions.JavascriptException: Message: javascript error: message is not defined
E         (Session info: chrome=146.0.7680.164)
E       Stacktrace:
E       #0 0x55871f3c6a6a <unknown>
E       #1 0x55871edd5ab5 <unknown>
[...]
#7 0x55fc8c311a81 <unknown>
#8 0x55fc8c881a64 <unknown>
#9 0x55fc8c884951 <unknown>
#10 0x55fc8c86e21e <unknown>
#11 0x55fc8c88551e <unknown>
#12 0x55fc8c854be0 <unknown>
#13 0x55fc8c8a89b8 <unknown>
#14 0x55fc8c8a8b88 <unknown>
#15 0x55fc8c8ba4de <unknown>
#16 0x7f2582a9caa4 <unknown>
#17 0x7f2582b29c6c <unknown>
FAILED encommon/webkit/test/test_helpers.py::test_helpers_loads - selenium.common.exceptions.JavascriptException: Message: javascript error: loads is not defined
  (Session info: chrome=146.0.7680.164)
Stacktrace:
#0 0x560ff0e92a6a <unknown>
#1 0x560ff08a1ab5 <unknown>
#2 0x560ff08a892b <unknown>
#3 0x560ff08ab4ab <unknown>
#4 0x560ff093d8d9 <unknown>
#5 0x560ff093c7b6 <unknown>
#6 0x560ff08e7cbf <unknown>
#7 0x560ff08e8a81 <unknown>
#8 0x560ff0e58a64 <unknown>
#9 0x560ff0e5b951 <unknown>
#10 0x560ff0e4521e <unknown>
#11 0x560ff0e5c51e <unknown>
#12 0x560ff0e2bbe0 <unknown>
#13 0x560ff0e7f9b8 <unknown>
#14 0x560ff0e7fb88 <unknown>
#15 0x560ff0e914de <unknown>
#16 0x7fbd1a49caa4 <unknown>
#17 0x7fbd1a529c6c <unknown>
FAILED encommon/webkit/test/test_default.py::test_default_replace - selenium.common.exceptions.JavascriptException: Message: javascript error: $ is not defined
  (Session info: chrome=146.0.7680.164)
Stacktrace:
#0 0x55fd805aea6a <unknown>
#1 0x55fd7ffbdab5 <unknown>
#2 0x55fd7ffc492b <unknown>
#3 0x55fd7ffc74ab <unknown>
#4 0x55fd800598d9 <unknown>
#5 0x55fd800587b6 <unknown>
#6 0x55fd80003cbf <unknown>
#7 0x55fd80004a81 <unknown>
#8 0x55fd80574a64 <unknown>
#9 0x55fd80577951 <unknown>
#10 0x55fd8056121e <unknown>
#11 0x55fd8057851e <unknown>
#12 0x55fd80547be0 <unknown>
#13 0x55fd8059b9b8 <unknown>
#14 0x55fd8059bb88 <unknown>
#15 0x55fd805ad4de <unknown>
#16 0x7f1fba69caa4 <unknown>
#17 0x7f1fba729c6c <unknown>
FAILED encommon/webkit/test/test_helpers.py::test_helpers_assert - selenium.common.exceptions.JavascriptException: Message: javascript error: assert is not defined
  (Session info: chrome=146.0.7680.164)
Stacktrace:
#0 0x5618a26b9a6a <unknown>
#1 0x5618a20c8ab5 <unknown>
#2 0x5618a20cf92b <unknown>
#3 0x5618a20d24ab <unknown>
#4 0x5618a21648d9 <unknown>
#5 0x5618a21637b6 <unknown>
#6 0x5618a210ecbf <unknown>
#7 0x5618a210fa81 <unknown>
#8 0x5618a267fa64 <unknown>
#9 0x5618a2682951 <unknown>
#10 0x5618a266c21e <unknown>
#11 0x5618a268351e <unknown>
#12 0x5618a2652be0 <unknown>
#13 0x5618a26a69b8 <unknown>
#14 0x5618a26a6b88 <unknown>
#15 0x5618a26b84de <unknown>
#16 0x7fe10d89caa4 <unknown>
#17 0x7fe10d929c6c <unknown>
FAILED encommon/webkit/test/test_default.py::test_default_append - selenium.common.exceptions.JavascriptException: Message: javascript error: $ is not defined
  (Session info: chrome=146.0.7680.164)
Stacktrace:
#0 0x55fa26551a6a <unknown>
#1 0x55fa25f60ab5 <unknown>
#2 0x55fa25f6792b <unknown>
#3 0x55fa25f6a4ab <unknown>
#4 0x55fa25ffc8d9 <unknown>
#5 0x55fa25ffb7b6 <unknown>
#6 0x55fa25fa6cbf <unknown>
#7 0x55fa25fa7a81 <unknown>
#8 0x55fa26517a64 <unknown>
#9 0x55fa2651a951 <unknown>
#10 0x55fa2650421e <unknown>
#11 0x55fa2651b51e <unknown>
#12 0x55fa264eabe0 <unknown>
#13 0x55fa2653e9b8 <unknown>
#14 0x55fa2653eb88 <unknown>
#15 0x55fa265504de <unknown>
#16 0x7f91d289caa4 <unknown>
#17 0x7f91d2929c6c <unknown>
FAILED encommon/webkit/test/test_tagues.py::test_tagues - selenium.common.exceptions.JavascriptException: Message: javascript error: tagues is not defined
  (Session info: chrome=146.0.7680.164)
Stacktrace:
#0 0x5651e6107a6a <unknown>
#1 0x5651e5b16ab5 <unknown>
#2 0x5651e5b1d92b <unknown>
#3 0x5651e5b204ab <unknown>
#4 0x5651e5bb28d9 <unknown>
#5 0x5651e5bb17b6 <unknown>
#6 0x5651e5b5ccbf <unknown>
#7 0x5651e5b5da81 <unknown>
#8 0x5651e60cda64 <unknown>
#9 0x5651e60d0951 <unknown>
#10 0x5651e60ba21e <unknown>
#11 0x5651e60d151e <unknown>
#12 0x5651e60a0be0 <unknown>
#13 0x5651e60f49b8 <unknown>
#14 0x5651e60f4b88 <unknown>
#15 0x5651e61064de <unknown>
#16 0x7f7ea169caa4 <unknown>
#17 0x7f7ea1729c6c <unknown>
FAILED encommon/webkit/test/test_helpers.py::test_helpers_isquery - selenium.common.exceptions.JavascriptException: Message: javascript error: $ is not defined
  (Session info: chrome=146.0.7680.164)
Stacktrace:
#0 0x55e56a0c7a6a <unknown>
#1 0x55e569ad6ab5 <unknown>
#2 0x55e569add92b <unknown>
#3 0x55e569ae04ab <unknown>
#4 0x55e569b728d9 <unknown>
#5 0x55e569b717b6 <unknown>
#6 0x55e569b1ccbf <unknown>
#7 0x55e569b1da81 <unknown>
#8 0x55e56a08da64 <unknown>
#9 0x55e56a090951 <unknown>
#10 0x55e56a07a21e <unknown>
#11 0x55e56a09151e <unknown>
#12 0x55e56a060be0 <unknown>
#13 0x55e56a0b49b8 <unknown>
#14 0x55e56a0b4b88 <unknown>
#15 0x55e56a0c64de <unknown>
#16 0x7fe240c9caa4 <unknown>
#17 0x7fe240d29c6c <unknown>
FAILED encommon/webkit/test/test_default.py::test_default_addClass - selenium.common.exceptions.JavascriptException: Message: javascript error: $ is not defined
  (Session info: chrome=146.0.7680.164)
Stacktrace:
#0 0x55dfb402ca6a <unknown>
#1 0x55dfb3a3bab5 <unknown>
#2 0x55dfb3a4292b <unknown>
#3 0x55dfb3a454ab <unknown>
#4 0x55dfb3ad78d9 <unknown>
#5 0x55dfb3ad67b6 <unknown>
#6 0x55dfb3a81cbf <unknown>
#7 0x55dfb3a82a81 <unknown>
#8 0x55dfb3ff2a64 <unknown>
#9 0x55dfb3ff5951 <unknown>
#10 0x55dfb3fdf21e <unknown>
#11 0x55dfb3ff651e <unknown>
#12 0x55dfb3fc5be0 <unknown>
#13 0x55dfb40199b8 <unknown>
#14 0x55dfb4019b88 <unknown>
#15 0x55dfb402b4de <unknown>
#16 0x7fefffc9caa4 <unknown>
#17 0x7fefffd29c6c <unknown>
FAILED encommon/webkit/test/test_helpers.py::test_helpers_isfalse - selenium.common.exceptions.JavascriptException: Message: javascript error: isfalse is not defined
  (Session info: chrome=146.0.7680.164)
Stacktrace:
#0 0x5604f8876a6a <unknown>
#1 0x5604f8285ab5 <unknown>
#2 0x5604f828c92b <unknown>
#3 0x5604f828f4ab <unknown>
#4 0x5604f83218d9 <unknown>
#5 0x5604f83207b6 <unknown>
#6 0x5604f82cbcbf <unknown>
#7 0x5604f82cca81 <unknown>
#8 0x5604f883ca64 <unknown>
#9 0x5604f883f951 <unknown>
#10 0x5604f882921e <unknown>
#11 0x5604f884051e <unknown>
#12 0x5604f880fbe0 <unknown>
#13 0x5604f88639b8 <unknown>
#14 0x5604f8863b88 <unknown>
#15 0x5604f88754de <unknown>
#16 0x7fc2c529caa4 <unknown>
#17 0x7fc2c5329c6c <unknown>
FAILED encommon/webkit/test/test_duration.py::test_duration - selenium.common.exceptions.JavascriptException: Message: javascript error: duration is not defined
  (Session info: chrome=146.0.7680.164)
Stacktrace:
#0 0x5588559cca6a <unknown>
#1 0x5588553dbab5 <unknown>
#2 0x5588553e292b <unknown>
#3 0x5588553e54ab <unknown>
#4 0x5588554778d9 <unknown>
#5 0x5588554767b6 <unknown>
#6 0x558855421cbf <unknown>
#7 0x558855422a81 <unknown>
#8 0x558855992a64 <unknown>
#9 0x558855995951 <unknown>
#10 0x55885597f21e <unknown>
#11 0x55885599651e <unknown>
#12 0x558855965be0 <unknown>
#13 0x5588559b99b8 <unknown>
#14 0x5588559b9b88 <unknown>
#15 0x5588559cb4de <unknown>
#16 0x7f1dc949caa4 <unknown>
#17 0x7f1dc9529c6c <unknown>
FAILED encommon/webkit/test/test_default.py::test_default_content - selenium.common.exceptions.JavascriptException: Message: javascript error: $ is not defined
  (Session info: chrome=146.0.7680.164)
Stacktrace:
#0 0x56075aec4a6a <unknown>
#1 0x56075a8d3ab5 <unknown>
#2 0x56075a8da92b <unknown>
#3 0x56075a8dd4ab <unknown>
#4 0x56075a96f8d9 <unknown>
#5 0x56075a96e7b6 <unknown>
#6 0x56075a919cbf <unknown>
#7 0x56075a91aa81 <unknown>
#8 0x56075ae8aa64 <unknown>
#9 0x56075ae8d951 <unknown>
#10 0x56075ae7721e <unknown>
#11 0x56075ae8e51e <unknown>
#12 0x56075ae5dbe0 <unknown>
#13 0x56075aeb19b8 <unknown>
#14 0x56075aeb1b88 <unknown>
#15 0x56075aec34de <unknown>
#16 0x7fda72e9caa4 <unknown>
#17 0x7fda72f29c6c <unknown>
FAILED encommon/webkit/test/test_helpers.py::test_helpers_dumps - selenium.common.exceptions.JavascriptException: Message: javascript error: dumps is not defined
  (Session info: chrome=146.0.7680.164)
Stacktrace:
#0 0x55e6400a4a6a <unknown>
#1 0x55e63fab3ab5 <unknown>
#2 0x55e63faba92b <unknown>
#3 0x55e63fabd4ab <unknown>
#4 0x55e63fb4f8d9 <unknown>
#5 0x55e63fb4e7b6 <unknown>
#6 0x55e63faf9cbf <unknown>
#7 0x55e63fafaa81 <unknown>
#8 0x55e64006aa64 <unknown>
#9 0x55e64006d951 <unknown>
#10 0x55e64005721e <unknown>
#11 0x55e64006e51e <unknown>
#12 0x55e64003dbe0 <unknown>
#13 0x55e6400919b8 <unknown>
#14 0x55e640091b88 <unknown>
#15 0x55e6400a34de <unknown>
#16 0x7f026969caa4 <unknown>
#17 0x7f0269729c6c <unknown>
FAILED encommon/webkit/test/test_datetime.py::test_datestamp - selenium.common.exceptions.JavascriptException: Message: javascript error: datestamp is not defined
  (Session info: chrome=146.0.7680.164)
Stacktrace:
#0 0x55a1d5684a6a <unknown>
#1 0x55a1d5093ab5 <unknown>
#2 0x55a1d509a92b <unknown>
#3 0x55a1d509d4ab <unknown>
#4 0x55a1d512f8d9 <unknown>
#5 0x55a1d512e7b6 <unknown>
#6 0x55a1d50d9cbf <unknown>
#7 0x55a1d50daa81 <unknown>
#8 0x55a1d564aa64 <unknown>
#9 0x55a1d564d951 <unknown>
#10 0x55a1d563721e <unknown>
#11 0x55a1d564e51e <unknown>
#12 0x55a1d561dbe0 <unknown>
#13 0x55a1d56719b8 <unknown>
#14 0x55a1d5671b88 <unknown>
#15 0x55a1d56834de <unknown>
#16 0x7fb1dfc9caa4 <unknown>
#17 0x7fb1dfd29c6c <unknown>
FAILED encommon/webkit/test/test_default.py::test_default_styles - selenium.common.exceptions.JavascriptException: Message: javascript error: $ is not defined
  (Session info: chrome=146.0.7680.164)
Stacktrace:
#0 0x55fcc2e89a6a <unknown>
#1 0x55fcc2898ab5 <unknown>
#2 0x55fcc289f92b <unknown>
#3 0x55fcc28a24ab <unknown>
#4 0x55fcc29348d9 <unknown>
#5 0x55fcc29337b6 <unknown>
#6 0x55fcc28decbf <unknown>
#7 0x55fcc28dfa81 <unknown>
#8 0x55fcc2e4fa64 <unknown>
#9 0x55fcc2e52951 <unknown>
#10 0x55fcc2e3c21e <unknown>
#11 0x55fcc2e5351e <unknown>
#12 0x55fcc2e22be0 <unknown>
#13 0x55fcc2e769b8 <unknown>
#14 0x55fcc2e76b88 <unknown>
#15 0x55fcc2e884de <unknown>
#16 0x7fe4dc49caa4 <unknown>
#17 0x7fe4dc529c6c <unknown>
FAILED encommon/webkit/test/test_helpers.py::test_helpers_isnode - selenium.common.exceptions.JavascriptException: Message: javascript error: $ is not defined
  (Session info: chrome=146.0.7680.164)
Stacktrace:
#0 0x55d8052c1a6a <unknown>
#1 0x55d804cd0ab5 <unknown>
#2 0x55d804cd792b <unknown>
#3 0x55d804cda4ab <unknown>
#4 0x55d804d6c8d9 <unknown>
#5 0x55d804d6b7b6 <unknown>
#6 0x55d804d16cbf <unknown>
#7 0x55d804d17a81 <unknown>
#8 0x55d805287a64 <unknown>
#9 0x55d80528a951 <unknown>
#10 0x55d80527421e <unknown>
#11 0x55d80528b51e <unknown>
#12 0x55d80525abe0 <unknown>
#13 0x55d8052ae9b8 <unknown>
#14 0x55d8052aeb88 <unknown>
#15 0x55d8052c04de <unknown>
#16 0x7fd82469caa4 <unknown>
#17 0x7fd824729c6c <unknown>
FAILED encommon/webkit/test/test_numeric.py::test_numeric_count - selenium.common.exceptions.JavascriptException: Message: javascript error: numeric_count is not defined
  (Session info: chrome=146.0.7680.164)
Stacktrace:
#0 0x562a05431a6a <unknown>
#1 0x562a04e40ab5 <unknown>
#2 0x562a04e4792b <unknown>
#3 0x562a04e4a4ab <unknown>
#4 0x562a04edc8d9 <unknown>
#5 0x562a04edb7b6 <unknown>
#6 0x562a04e86cbf <unknown>
#7 0x562a04e87a81 <unknown>
#8 0x562a053f7a64 <unknown>
#9 0x562a053fa951 <unknown>
#10 0x562a053e421e <unknown>
#11 0x562a053fb51e <unknown>
#12 0x562a053cabe0 <unknown>
#13 0x562a0541e9b8 <unknown>
#14 0x562a0541eb88 <unknown>
#15 0x562a054304de <unknown>
#16 0x7f4d1e69caa4 <unknown>
#17 0x7f4d1e729c6c <unknown>
FAILED encommon/webkit/test/test_numeric.py::test_numeric - selenium.common.exceptions.JavascriptException: Message: javascript error: numeric is not defined
  (Session info: chrome=146.0.7680.164)
Stacktrace:
#0 0x56144811da6a <unknown>
#1 0x561447b2cab5 <unknown>
#2 0x561447b3392b <unknown>
#3 0x561447b364ab <unknown>
#4 0x561447bc88d9 <unknown>
#5 0x561447bc77b6 <unknown>
#6 0x561447b72cbf <unknown>
#7 0x561447b73a81 <unknown>
#8 0x5614480e3a64 <unknown>
#9 0x5614480e6951 <unknown>
#10 0x5614480d021e <unknown>
#11 0x5614480e751e <unknown>
#12 0x5614480b6be0 <unknown>
#13 0x56144810a9b8 <unknown>
#14 0x56144810ab88 <unknown>
#15 0x56144811c4de <unknown>
#16 0x7fecf649caa4 <unknown>
#17 0x7fecf6529c6c <unknown>
FAILED encommon/webkit/test/test_default.py::test_default_remClass - selenium.common.exceptions.JavascriptException: Message: javascript error: $ is not defined
  (Session info: chrome=146.0.7680.164)
Stacktrace:
#0 0x5590f098fa6a <unknown>
#1 0x5590f039eab5 <unknown>
#2 0x5590f03a592b <unknown>
#3 0x5590f03a84ab <unknown>
#4 0x5590f043a8d9 <unknown>
#5 0x5590f04397b6 <unknown>
#6 0x5590f03e4cbf <unknown>
#7 0x5590f03e5a81 <unknown>
#8 0x5590f0955a64 <unknown>
#9 0x5590f0958951 <unknown>
#10 0x5590f094221e <unknown>
#11 0x5590f095951e <unknown>
#12 0x5590f0928be0 <unknown>
#13 0x5590f097c9b8 <unknown>
#14 0x5590f097cb88 <unknown>
#15 0x5590f098e4de <unknown>
#16 0x7f9ba7e9caa4 <unknown>
#17 0x7f9ba7f29c6c <unknown>
FAILED encommon/webkit/test/test_helpers.py::test_helpers_whenready - selenium.common.exceptions.JavascriptException: Message: javascript error: whenready is not defined
  (Session info: chrome=146.0.7680.164)
Stacktrace:
#0 0x555f08fe1a6a <unknown>
#1 0x555f089f0ab5 <unknown>
#2 0x555f089f792b <unknown>
#3 0x555f089fa4ab <unknown>
#4 0x555f08a8c8d9 <unknown>
#5 0x555f08a8b7b6 <unknown>
#6 0x555f08a36cbf <unknown>
#7 0x555f08a37a81 <unknown>
#8 0x555f08fa7a64 <unknown>
#9 0x555f08faa951 <unknown>
#10 0x555f08f9421e <unknown>
#11 0x555f08fab51e <unknown>
#12 0x555f08f7abe0 <unknown>
#13 0x555f08fce9b8 <unknown>
#14 0x555f08fceb88 <unknown>
#15 0x555f08fe04de <unknown>
#16 0x7f5722c9caa4 <unknown>
#17 0x7f5722d29c6c <unknown>
FAILED encommon/webkit/test/test_numeric.py::test_numeric_bytes - selenium.common.exceptions.JavascriptException: Message: javascript error: numeric_bytes is not defined
  (Session info: chrome=146.0.7680.164)
Stacktrace:
#0 0x55a46a544a6a <unknown>
#1 0x55a469f53ab5 <unknown>
#2 0x55a469f5a92b <unknown>
#3 0x55a469f5d4ab <unknown>
#4 0x55a469fef8d9 <unknown>
#5 0x55a469fee7b6 <unknown>
#6 0x55a469f99cbf <unknown>
#7 0x55a469f9aa81 <unknown>
#8 0x55a46a50aa64 <unknown>
#9 0x55a46a50d951 <unknown>
#10 0x55a46a4f721e <unknown>
#11 0x55a46a50e51e <unknown>
#12 0x55a46a4ddbe0 <unknown>
#13 0x55a46a5319b8 <unknown>
#14 0x55a46a531b88 <unknown>
#15 0x55a46a5434de <unknown>
#16 0x7ff63489caa4 <unknown>
#17 0x7ff634929c6c <unknown>
FAILED encommon/webkit/test/test_default.py::test_default_attr - selenium.common.exceptions.JavascriptException: Message: javascript error: $ is not defined
  (Session info: chrome=146.0.7680.164)
Stacktrace:
#0 0x561de274ca6a <unknown>
#1 0x561de215bab5 <unknown>
#2 0x561de216292b <unknown>
#3 0x561de21654ab <unknown>
#4 0x561de21f78d9 <unknown>
#5 0x561de21f67b6 <unknown>
#6 0x561de21a1cbf <unknown>
#7 0x561de21a2a81 <unknown>
#8 0x561de2712a64 <unknown>
#9 0x561de2715951 <unknown>
#10 0x561de26ff21e <unknown>
#11 0x561de271651e <unknown>
#12 0x561de26e5be0 <unknown>
#13 0x561de27399b8 <unknown>
#14 0x561de2739b88 <unknown>
#15 0x561de274b4de <unknown>
#16 0x7f069089caa4 <unknown>
#17 0x7f0690929c6c <unknown>
FAILED encommon/webkit/test/test_color.py::test_colordiv - selenium.common.exceptions.JavascriptException: Message: javascript error: colordiv is not defined
  (Session info: chrome=146.0.7680.164)
Stacktrace:
#0 0x559efaf75a6a <unknown>
#1 0x559efa984ab5 <unknown>
#2 0x559efa98b92b <unknown>
#3 0x559efa98e4ab <unknown>
#4 0x559efaa208d9 <unknown>
#5 0x559efaa1f7b6 <unknown>
#6 0x559efa9cacbf <unknown>
#7 0x559efa9cba81 <unknown>
#8 0x559efaf3ba64 <unknown>
#9 0x559efaf3e951 <unknown>
#10 0x559efaf2821e <unknown>
#11 0x559efaf3f51e <unknown>
#12 0x559efaf0ebe0 <unknown>
#13 0x559efaf629b8 <unknown>
#14 0x559efaf62b88 <unknown>
#15 0x559efaf744de <unknown>
#16 0x7fd0a009caa4 <unknown>
#17 0x7fd0a0129c6c <unknown>
FAILED encommon/webkit/test/test_helpers.py::test_helpers_istime - selenium.common.exceptions.JavascriptException: Message: javascript error: istime is not defined
  (Session info: chrome=146.0.7680.164)
Stacktrace:
#0 0x5619a1a41a6a <unknown>
#1 0x5619a1450ab5 <unknown>
#2 0x5619a145792b <unknown>
#3 0x5619a145a4ab <unknown>
#4 0x5619a14ec8d9 <unknown>
#5 0x5619a14eb7b6 <unknown>
#6 0x5619a1496cbf <unknown>
#7 0x5619a1497a81 <unknown>
#8 0x5619a1a07a64 <unknown>
#9 0x5619a1a0a951 <unknown>
#10 0x5619a19f421e <unknown>
#11 0x5619a1a0b51e <unknown>
#12 0x5619a19dabe0 <unknown>
#13 0x5619a1a2e9b8 <unknown>
#14 0x5619a1a2eb88 <unknown>
#15 0x5619a1a404de <unknown>
#16 0x7fb6fca9caa4 <unknown>
#17 0x7fb6fcb29c6c <unknown>
FAILED encommon/webkit/test/test_default.py::test_default_create - selenium.common.exceptions.JavascriptException: Message: javascript error: $ is not defined
  (Session info: chrome=146.0.7680.164)
Stacktrace:
#0 0x5595c29e1a6a <unknown>
#1 0x5595c23f0ab5 <unknown>
#2 0x5595c23f792b <unknown>
#3 0x5595c23fa4ab <unknown>
#4 0x5595c248c8d9 <unknown>
#5 0x5595c248b7b6 <unknown>
#6 0x5595c2436cbf <unknown>
#7 0x5595c2437a81 <unknown>
#8 0x5595c29a7a64 <unknown>
#9 0x5595c29aa951 <unknown>
#10 0x5595c299421e <unknown>
#11 0x5595c29ab51e <unknown>
#12 0x5595c297abe0 <unknown>
#13 0x5595c29ce9b8 <unknown>
#14 0x5595c29ceb88 <unknown>
#15 0x5595c29e04de <unknown>
#16 0x7f23ef69caa4 <unknown>
#17 0x7f23ef729c6c <unknown>
FAILED encommon/webkit/test/test_helpers.py::test_helpers_islist - selenium.common.exceptions.JavascriptException: Message: javascript error: islist is not defined
  (Session info: chrome=146.0.7680.164)
Stacktrace:
#0 0x55dbf1f94a6a <unknown>
#1 0x55dbf19a3ab5 <unknown>
#2 0x55dbf19aa92b <unknown>
#3 0x55dbf19ad4ab <unknown>
#4 0x55dbf1a3f8d9 <unknown>
#5 0x55dbf1a3e7b6 <unknown>
#6 0x55dbf19e9cbf <unknown>
#7 0x55dbf19eaa81 <unknown>
#8 0x55dbf1f5aa64 <unknown>
#9 0x55dbf1f5d951 <unknown>
#10 0x55dbf1f4721e <unknown>
#11 0x55dbf1f5e51e <unknown>
#12 0x55dbf1f2dbe0 <unknown>
#13 0x55dbf1f819b8 <unknown>
#14 0x55dbf1f81b88 <unknown>
#15 0x55dbf1f934de <unknown>
#16 0x7f4e8f09caa4 <unknown>
#17 0x7f4e8f129c6c <unknown>
FAILED encommon/webkit/test/test_helpers.py::test_helpers_isstr - selenium.common.exceptions.JavascriptException: Message: javascript error: isstr is not defined
  (Session info: chrome=146.0.7680.164)
Stacktrace:
#0 0x55983c937a6a <unknown>
#1 0x55983c346ab5 <unknown>
#2 0x55983c34d92b <unknown>
#3 0x55983c3504ab <unknown>
#4 0x55983c3e28d9 <unknown>
#5 0x55983c3e17b6 <unknown>
#6 0x55983c38ccbf <unknown>
#7 0x55983c38da81 <unknown>
#8 0x55983c8fda64 <unknown>
#9 0x55983c900951 <unknown>
#10 0x55983c8ea21e <unknown>
#11 0x55983c90151e <unknown>
#12 0x55983c8d0be0 <unknown>
#13 0x55983c9249b8 <unknown>
#14 0x55983c924b88 <unknown>
#15 0x55983c9364de <unknown>
#16 0x7feefc09caa4 <unknown>
#17 0x7feefc129c6c <unknown>
FAILED encommon/webkit/test/test_helpers.py::test_helpers_isbool - selenium.common.exceptions.JavascriptException: Message: javascript error: isbool is not defined
  (Session info: chrome=146.0.7680.164)
Stacktrace:
#0 0x561918054a6a <unknown>
#1 0x561917a63ab5 <unknown>
#2 0x561917a6a92b <unknown>
#3 0x561917a6d4ab <unknown>
#4 0x561917aff8d9 <unknown>
#5 0x561917afe7b6 <unknown>
#6 0x561917aa9cbf <unknown>
#7 0x561917aaaa81 <unknown>
#8 0x56191801aa64 <unknown>
#9 0x56191801d951 <unknown>
#10 0x56191800721e <unknown>
#11 0x56191801e51e <unknown>
#12 0x561917fedbe0 <unknown>
#13 0x5619180419b8 <unknown>
#14 0x561918041b88 <unknown>
#15 0x5619180534de <unknown>
#16 0x7f54bbc9caa4 <unknown>
#17 0x7f54bbd29c6c <unknown>
FAILED encommon/webkit/test/test_helpers.py::test_helpers_isnull - selenium.common.exceptions.JavascriptException: Message: javascript error: isnull is not defined
  (Session info: chrome=146.0.7680.164)
Stacktrace:
#0 0x5577b0db3a6a <unknown>
#1 0x5577b07c2ab5 <unknown>
#2 0x5577b07c992b <unknown>
#3 0x5577b07cc4ab <unknown>
#4 0x5577b085e8d9 <unknown>
#5 0x5577b085d7b6 <unknown>
#6 0x5577b0808cbf <unknown>
#7 0x5577b0809a81 <unknown>
#8 0x5577b0d79a64 <unknown>
#9 0x5577b0d7c951 <unknown>
#10 0x5577b0d6621e <unknown>
#11 0x5577b0d7d51e <unknown>
#12 0x5577b0d4cbe0 <unknown>
#13 0x5577b0da09b8 <unknown>
#14 0x5577b0da0b88 <unknown>
#15 0x5577b0db24de <unknown>
#16 0x7fcc69c9caa4 <unknown>
#17 0x7fcc69d29c6c <unknown>
======================= 38 failed, 269 passed in 31.90s ========================
