>>> make pytest
  ● Executing pytest in encommon..
============================= test session starts ==============================
platform linux -- Python 3.12.13, pytest-9.0.2, pluggy-1.6.0 -- /home/runner/work/encommon/encommon/main/.venv-package/bin/python3
cachedir: .pytest_cache
metadata: {'Python': '3.12.13', 'Platform': 'Linux-6.17.0-1008-azure-x86_64-with-glibc2.39', 'Packages': {'pytest': '9.0.2', 'pluggy': '1.6.0'}, 'Plugins': {'metadata': '3.1.1', 'randomly': '4.0.1', 'variables': '3.1.0', 'clarity': '1.0.1', 'cov': '7.1.0', 'xdist': '3.8.0', 'html': '4.2.0', 'base-url': '2.1.0', 'selenium': '4.1.0', 'sphinx': '0.7.1', 'mypy': '1.0.1'}, 'CI': 'true', 'JAVA_HOME': '/usr/lib/jvm/temurin-17-jdk-amd64', 'Base URL': '', 'Driver': None, 'Capabilities': {}}
Using --randomly-seed=3393919145
sensitiveurl: .*
rootdir: /home/runner/work/encommon/encommon/main
configfile: pyproject.toml
plugins: metadata-3.1.1, randomly-4.0.1, variables-3.1.0, clarity-1.0.1, cov-7.1.0, xdist-3.8.0, html-4.2.0, base-url-2.1.0, selenium-4.1.0, sphinx-0.7.1, mypy-1.0.1
created: 4/4 workers
4 workers [307 items]

scheduling tests via LoadScheduling

encommon/webkit/test/test_helpers.py::test_helpers_isempty 
encommon/config/test/test_config.py::test_Config 
encommon/times/test/test_utils.py::test_strptime_raises 
encommon/parse/test/test_jinja2.py::test_Jinja2_parse[{'a': 'b'}-expect5] 
[gw2] [  0%] PASSED encommon/times/test/test_utils.py::test_strptime_raises 
encommon/times/test/test_utils.py::test_findtz 
[gw1] [  0%] PASSED encommon/parse/test/test_jinja2.py::test_Jinja2_parse[{'a': 'b'}-expect5] 
[gw2] [  0%] PASSED encommon/times/test/test_utils.py::test_findtz 
encommon/parse/test/test_jinja2.py::test_Jinja2_parse[1.0.0-1.0.0] 
encommon/times/test/test_utils.py::test_utcdatetime 
[gw1] [  1%] PASSED encommon/parse/test/test_jinja2.py::test_Jinja2_parse[1.0.0-1.0.0] 
encommon/parse/test/test_jinja2.py::test_Jinja2_parse[{{ "1" | float }}-1.0] 
[gw2] [  1%] PASSED encommon/times/test/test_utils.py::test_utcdatetime 
encommon/webkit/test/test_color.py::test_colordiv 
[gw0] [  1%] PASSED encommon/config/test/test_config.py::test_Config 
encommon/config/test/test_config.py::test_Config_cover 
[gw1] [  2%] PASSED encommon/parse/test/test_jinja2.py::test_Jinja2_parse[{{ "1" | float }}-1.0] 
encommon/parse/test/test_jinja2.py::test_Jinja2_literal[{{ 123 }}-123] 
[gw1] [  2%] PASSED encommon/parse/test/test_jinja2.py::test_Jinja2_literal[{{ 123 }}-123] 
[gw0] [  2%] PASSED encommon/config/test/test_config.py::test_Config_cover 
encommon/parse/test/test_jinja2.py::test_Jinja2_parse[foo-foo] 
encommon/config/test/test_config.py::test_Config_jinja2 
[gw1] [  3%] PASSED encommon/parse/test/test_jinja2.py::test_Jinja2_parse[foo-foo] 
encommon/parse/test/test_jinja2.py::test_Jinja2_recurse 
[gw1] [  3%] PASSED encommon/parse/test/test_jinja2.py::test_Jinja2_recurse 
encommon/parse/test/test_jinja2.py::test_Jinja2_literal[{{ 1.2 }}-1.2] 
[gw1] [  3%] PASSED encommon/parse/test/test_jinja2.py::test_Jinja2_literal[{{ 1.2 }}-1.2] 
encommon/parse/test/test_jinja2.py::test_Jinja2_parse[100000-100000_1] 
[gw1] [  4%] PASSED encommon/parse/test/test_jinja2.py::test_Jinja2_parse[100000-100000_1] 
encommon/parse/test/test_jinja2.py::test_Jinja2_cover 
[gw1] [  4%] PASSED encommon/parse/test/test_jinja2.py::test_Jinja2_cover 
encommon/parse/test/test_jinja2.py::test_Jinja2_parse[100000-100000_0] 
[gw1] [  4%] PASSED encommon/parse/test/test_jinja2.py::test_Jinja2_parse[100000-100000_0] 
encommon/parse/test/test_jinja2.py::test_Jinja2_literal[{{ -1.2 }}--1.2] 
[gw1] [  5%] PASSED encommon/parse/test/test_jinja2.py::test_Jinja2_literal[{{ -1.2 }}--1.2] 
encommon/parse/test/test_jinja2.py::test_Jinja2_parse[1.0-1.0] 
[gw1] [  5%] PASSED encommon/parse/test/test_jinja2.py::test_Jinja2_parse[1.0-1.0] 
[gw0] [  5%] PASSED encommon/config/test/test_config.py::test_Config_jinja2 
encommon/parse/test/test_jinja2.py::test_Jinja2_parse[[1, 2]-expect15] 
encommon/times/test/test_timers.py::test_Timers_cover 
[gw1] [  6%] PASSED encommon/parse/test/test_jinja2.py::test_Jinja2_parse[[1, 2]-expect15] 
encommon/parse/test/test_jinja2.py::test_Jinja2_parse[{{ "01" }}-01] 
[gw1] [  6%] PASSED encommon/parse/test/test_jinja2.py::test_Jinja2_parse[{{ "01" }}-01] 
encommon/parse/test/test_jinja2.py::test_Jinja2_literal[{{ none }}-None] 
[gw1] [  6%] PASSED encommon/parse/test/test_jinja2.py::test_Jinja2_literal[{{ none }}-None] 
encommon/parse/test/test_jinja2.py::test_Jinja2_parse[{{ 1 }}-1] 
[gw1] [  7%] PASSED encommon/parse/test/test_jinja2.py::test_Jinja2_parse[{{ 1 }}-1] 
encommon/parse/test/test_jinja2.py::test_Jinja2_parse[value14-expect14] 
[gw1] [  7%] PASSED encommon/parse/test/test_jinja2.py::test_Jinja2_parse[value14-expect14] 
encommon/times/test/test_utils.py::test_findtz_raises 
[gw1] [  7%] PASSED encommon/times/test/test_utils.py::test_findtz_raises 
encommon/times/test/test_utils.py::test_strptime 
[gw1] [  8%] PASSED encommon/times/test/test_utils.py::test_strptime 
encommon/colors/test/test_color.py::test_Color_hsl[ffff00-expect7] 
[gw1] [  8%] PASSED encommon/colors/test/test_color.py::test_Color_hsl[ffff00-expect7] 
encommon/colors/test/test_color.py::test_Color_rgb[ffff00-expect7] 
[gw1] [  8%] PASSED encommon/colors/test/test_color.py::test_Color_rgb[ffff00-expect7] 
encommon/colors/test/test_color.py::test_Color_rgb[0000ff-expect5] 
[gw1] [  9%] PASSED encommon/colors/test/test_color.py::test_Color_rgb[0000ff-expect5] 
encommon/colors/test/test_color.py::test_Color_rgb[ff0000-expect3] 
[gw1] [  9%] PASSED encommon/colors/test/test_color.py::test_Color_rgb[ff0000-expect3] 
encommon/colors/test/test_color.py::test_Color_hsl[0000ff-expect5] 
[gw1] [  9%] PASSED encommon/colors/test/test_color.py::test_Color_hsl[0000ff-expect5] 
encommon/colors/test/test_color.py::test_Color_hsl[ff0000-expect3] 
[gw1] [ 10%] PASSED encommon/colors/test/test_color.py::test_Color_hsl[ff0000-expect3] 
encommon/colors/test/test_color.py::test_Color 
[gw1] [ 10%] PASSED encommon/colors/test/test_color.py::test_Color 
encommon/colors/test/test_color.py::test_Color_xyz[00ff00-expect4] 
[gw1] [ 10%] PASSED encommon/colors/test/test_color.py::test_Color_xyz[00ff00-expect4] 
encommon/colors/test/test_color.py::test_Color_xy[00ff00-expect4] 
[gw1] [ 11%] PASSED encommon/colors/test/test_color.py::test_Color_xy[00ff00-expect4] 
encommon/colors/test/test_color.py::test_Color_xyz[000000-expect2] 
[gw1] [ 11%] PASSED encommon/colors/test/test_color.py::test_Color_xyz[000000-expect2] 
encommon/colors/test/test_color.py::test_Color_xyz[ffffff-expect1] 
[gw1] [ 11%] PASSED encommon/colors/test/test_color.py::test_Color_xyz[ffffff-expect1] 
encommon/colors/test/test_color.py::test_Color_hsl[ff00ff-expect9] 
[gw1] [ 12%] PASSED encommon/colors/test/test_color.py::test_Color_hsl[ff00ff-expect9] 
encommon/colors/test/test_color.py::test_Color_rgb[ff00ff-expect9] 
[gw1] [ 12%] PASSED encommon/colors/test/test_color.py::test_Color_rgb[ff00ff-expect9] 
encommon/colors/test/test_color.py::test_Color_xy[ffffff-expect1] 
[gw1] [ 12%] PASSED encommon/colors/test/test_color.py::test_Color_xy[ffffff-expect1] 
encommon/colors/test/test_color.py::test_Color_hsl[00ffff-expect8] 
[gw1] [ 13%] PASSED encommon/colors/test/test_color.py::test_Color_hsl[00ffff-expect8] 
encommon/colors/test/test_color.py::test_Color_xy[000000-expect2] 
[gw1] [ 13%] PASSED encommon/colors/test/test_color.py::test_Color_xy[000000-expect2] 
encommon/colors/test/test_color.py::test_Color_rgb[00ffff-expect8] 
[gw1] [ 13%] PASSED encommon/colors/test/test_color.py::test_Color_rgb[00ffff-expect8] 
encommon/colors/test/test_color.py::test_Color_xy[ffff00-expect7] 
[gw1] [ 14%] PASSED encommon/colors/test/test_color.py::test_Color_xy[ffff00-expect7] 
encommon/colors/test/test_color.py::test_Color_xyz[ff0000-expect3] 
[gw1] [ 14%] PASSED encommon/colors/test/test_color.py::test_Color_xyz[ff0000-expect3] 
encommon/colors/test/test_color.py::test_Color_xyz[0000ff-expect5] 
[gw1] [ 14%] PASSED encommon/colors/test/test_color.py::test_Color_xyz[0000ff-expect5] 
encommon/colors/test/test_color.py::test_Color_xyz[ffff00-expect7] 
[gw1] [ 14%] PASSED encommon/colors/test/test_color.py::test_Color_xyz[ffff00-expect7] 
encommon/colors/test/test_color.py::test_Color_xy[0000ff-expect5] 
[gw1] [ 15%] PASSED encommon/colors/test/test_color.py::test_Color_xy[0000ff-expect5] 
encommon/colors/test/test_color.py::test_Color_xy[ff0000-expect3] 
[gw1] [ 15%] PASSED encommon/colors/test/test_color.py::test_Color_xy[ff0000-expect3] 
encommon/colors/test/test_color.py::test_Color_hsl[ff00cc-expect0] 
[gw1] [ 15%] PASSED encommon/colors/test/test_color.py::test_Color_hsl[ff00cc-expect0] 
encommon/colors/test/test_color.py::test_Color_xyz[808080-expect6] 
[gw1] [ 16%] PASSED encommon/colors/test/test_color.py::test_Color_xyz[808080-expect6] 
encommon/colors/test/test_color.py::test_Color_rgb[ff00cc-expect0] 
[gw1] [ 16%] PASSED encommon/colors/test/test_color.py::test_Color_rgb[ff00cc-expect0] 
encommon/colors/test/test_color.py::test_Color_xyz[800080-expect10] 
[gw1] [ 16%] PASSED encommon/colors/test/test_color.py::test_Color_xyz[800080-expect10] 
encommon/colors/test/test_color.py::test_Color_xy[808080-expect6] 
[gw1] [ 17%] PASSED encommon/colors/test/test_color.py::test_Color_xy[808080-expect6] 
encommon/webkit/test/test_default.py::test_default_create 
[gw0] [ 17%] PASSED encommon/times/test/test_timers.py::test_Timers_cover 
encommon/times/test/test_timers.py::test_Timers_raises 
[gw0] [ 17%] PASSED encommon/times/test/test_timers.py::test_Timers_raises 
encommon/times/test/test_timers.py::test_Timers 
[gw0] [ 18%] PASSED encommon/times/test/test_timers.py::test_Timers 
encommon/utils/test/test_paths.py::test_resolve_path 
[gw0] [ 18%] PASSED encommon/utils/test/test_paths.py::test_resolve_path 
encommon/utils/test/test_paths.py::test_resolve_paths 
[gw0] [ 18%] PASSED encommon/utils/test/test_paths.py::test_resolve_paths 
encommon/utils/test/test_paths.py::test_stats_path 
[gw0] [ 19%] PASSED encommon/utils/test/test_paths.py::test_stats_path 
encommon/parse/test/test_jinja2.py::test_Jinja2 
[gw0] [ 19%] PASSED encommon/parse/test/test_jinja2.py::test_Jinja2 
encommon/parse/test/test_jinja2.py::test_Jinja2_parse[-01--01] 
[gw0] [ 19%] PASSED encommon/parse/test/test_jinja2.py::test_Jinja2_parse[-01--01] 
encommon/parse/test/test_jinja2.py::test_Jinja2_parse[{{ "1" | int }}-1] 
[gw0] [ 20%] PASSED encommon/parse/test/test_jinja2.py::test_Jinja2_parse[{{ "1" | int }}-1] 
encommon/parse/test/test_jinja2.py::test_Jinja2_parse[{{ 0 | Time }}-1970-01-01T00:00:00.000000+0000] 
[gw0] [ 20%] PASSED encommon/parse/test/test_jinja2.py::test_Jinja2_parse[{{ 0 | Time }}-1970-01-01T00:00:00.000000+0000] 
encommon/parse/test/test_jinja2.py::test_Jinja2_parse[01-01] 
[gw0] [ 20%] PASSED encommon/parse/test/test_jinja2.py::test_Jinja2_parse[01-01] 
encommon/parse/test/test_jinja2.py::test_Jinja2_parse[10.001-10.001_1] 
[gw0] [ 21%] PASSED encommon/parse/test/test_jinja2.py::test_Jinja2_parse[10.001-10.001_1] 
encommon/parse/test/test_jinja2.py::test_Jinja2_parse[1-1] 
[gw0] [ 21%] PASSED encommon/parse/test/test_jinja2.py::test_Jinja2_parse[1-1] 
encommon/parse/test/test_jinja2.py::test_Jinja2_parse[10.001-10.001_0] 
[gw0] [ 21%] PASSED encommon/parse/test/test_jinja2.py::test_Jinja2_parse[10.001-10.001_0] 
encommon/parse/test/test_jinja2.py::test_Jinja2_parse[value4-expect4] 
[gw0] [ 22%] PASSED encommon/parse/test/test_jinja2.py::test_Jinja2_parse[value4-expect4] 
encommon/parse/test/test_jinja2.py::test_Jinja2_parse[{{ "-01" }}--01] 
[gw0] [ 22%] PASSED encommon/parse/test/test_jinja2.py::test_Jinja2_parse[{{ "-01" }}--01] 
encommon/webkit/test/test_content.py::test_Content_cover 
[gw0] [ 22%] PASSED encommon/webkit/test/test_content.py::test_Content_cover 
encommon/utils/test/test_stdout.py::test_array_ansi 
[gw0] [ 23%] PASSED encommon/utils/test/test_stdout.py::test_array_ansi 
encommon/utils/test/test_stdout.py::test_kvpair_ansi 
[gw0] [ 23%] PASSED encommon/utils/test/test_stdout.py::test_kvpair_ansi 
encommon/utils/test/test_stdout.py::test_strip_ansi 
[gw0] [ 23%] PASSED encommon/utils/test/test_stdout.py::test_strip_ansi 
encommon/utils/test/test_stdout.py::test_array_ansi_cover 
[gw0] [ 24%] PASSED encommon/utils/test/test_stdout.py::test_array_ansi_cover 
encommon/utils/test/test_stdout.py::test_print_ansi 
[gw0] [ 24%] PASSED encommon/utils/test/test_stdout.py::test_print_ansi 
encommon/utils/test/test_stdout.py::test_make_ansi 
[gw0] [ 24%] PASSED encommon/utils/test/test_stdout.py::test_make_ansi 
encommon/times/test/test_unitime.py::test_unitime 
[gw0] [ 25%] PASSED encommon/times/test/test_unitime.py::test_unitime 
encommon/config/test/test_logger.py::test_Logger 
[gw0] [ 25%] PASSED encommon/config/test/test_logger.py::test_Logger 
encommon/config/test/test_logger.py::test_Message 
[gw0] [ 25%] PASSED encommon/config/test/test_logger.py::test_Message 
encommon/config/test/test_logger.py::test_Logger_cover 
[gw0] [ 26%] PASSED encommon/config/test/test_logger.py::test_Logger_cover 
encommon/times/test/test_windows.py::test_Windows_cover 
[gw0] [ 26%] PASSED encommon/times/test/test_windows.py::test_Windows_cover 
encommon/times/test/test_windows.py::test_Windows 
[gw0] [ 26%] PASSED encommon/times/test/test_windows.py::test_Windows 
encommon/times/test/test_windows.py::test_Windows_raises 
[gw0] [ 27%] PASSED encommon/times/test/test_windows.py::test_Windows_raises 
encommon/webkit/test/test_moderate.py::test_moderate 
[gw2] [ 27%] FAILED encommon/webkit/test/test_color.py::test_colordiv 
[gw3] [ 27%] FAILED encommon/webkit/test/test_helpers.py::test_helpers_isempty 
[gw1] [ 28%] FAILED encommon/webkit/test/test_default.py::test_default_create 
[gw0] [ 28%] FAILED encommon/webkit/test/test_moderate.py::test_moderate 
encommon/webkit/test/test_default.py::test_default_prop 
encommon/webkit/test/test_helpers.py::test_helpers_dumps 
encommon/colors/test/test_color.py::test_Color_xy[ff00ff-expect9] 
encommon/times/test/test_params.py::test_WindowParams 
[gw3] [ 28%] PASSED encommon/colors/test/test_color.py::test_Color_xy[ff00ff-expect9] 
encommon/colors/test/test_color.py::test_Color_xyz[00ffff-expect8] 
[gw3] [ 28%] PASSED encommon/colors/test/test_color.py::test_Color_xyz[00ffff-expect8] 
encommon/colors/test/test_color.py::test_Color_xy[00ffff-expect8] 
[gw0] [ 29%] PASSED encommon/times/test/test_params.py::test_WindowParams 
encommon/times/test/test_params.py::test_TimerParams 
[gw3] [ 29%] PASSED encommon/colors/test/test_color.py::test_Color_xy[00ffff-expect8] 
encommon/colors/test/test_color.py::test_Color_hsl[000000-expect2] 
[gw3] [ 29%] PASSED encommon/colors/test/test_color.py::test_Color_hsl[000000-expect2] 
[gw0] [ 30%] PASSED encommon/times/test/test_params.py::test_TimerParams 
encommon/colors/test/test_color.py::test_Color_hsl[ffffff-expect1] 
encommon/webkit/test/test_statate.py::test_statate 
[gw3] [ 30%] PASSED encommon/colors/test/test_color.py::test_Color_hsl[ffffff-expect1] 
encommon/colors/test/test_color.py::test_Color_xyz[ff00ff-expect9] 
[gw3] [ 30%] PASSED encommon/colors/test/test_color.py::test_Color_xyz[ff00ff-expect9] 
encommon/colors/test/test_color.py::test_Color_rgb[000000-expect2] 
[gw3] [ 31%] PASSED encommon/colors/test/test_color.py::test_Color_rgb[000000-expect2] 
encommon/colors/test/test_color.py::test_Color_rgb[800080-expect10] 
[gw3] [ 31%] PASSED encommon/colors/test/test_color.py::test_Color_rgb[800080-expect10] 
encommon/colors/test/test_color.py::test_Color_rgb[ffffff-expect1] 
[gw3] [ 31%] PASSED encommon/colors/test/test_color.py::test_Color_rgb[ffffff-expect1] 
encommon/colors/test/test_color.py::test_Color_xy[800080-expect10] 
[gw3] [ 32%] PASSED encommon/colors/test/test_color.py::test_Color_xy[800080-expect10] 
encommon/colors/test/test_color.py::test_Color_hsl[80007F-expect10] 
[gw3] [ 32%] PASSED encommon/colors/test/test_color.py::test_Color_hsl[80007F-expect10] 
encommon/colors/test/test_color.py::test_Color_rgb[00ff00-expect4] 
[gw3] [ 32%] PASSED encommon/colors/test/test_color.py::test_Color_rgb[00ff00-expect4] 
encommon/colors/test/test_color.py::test_Color_hsl[00ff00-expect4] 
[gw3] [ 33%] PASSED encommon/colors/test/test_color.py::test_Color_hsl[00ff00-expect4] 
encommon/colors/test/test_color.py::test_Color_cover 
[gw3] [ 33%] PASSED encommon/colors/test/test_color.py::test_Color_cover 
encommon/colors/test/test_color.py::test_Color_xy[ff00cc-expect0] 
[gw3] [ 33%] PASSED encommon/colors/test/test_color.py::test_Color_xy[ff00cc-expect0] 
encommon/colors/test/test_color.py::test_Color_xyz[ff00cc-expect0] 
[gw3] [ 34%] PASSED encommon/colors/test/test_color.py::test_Color_xyz[ff00cc-expect0] 
encommon/colors/test/test_color.py::test_Color_rgb[808080-expect6] 
[gw3] [ 34%] PASSED encommon/colors/test/test_color.py::test_Color_rgb[808080-expect6] 
encommon/colors/test/test_color.py::test_Color_hsl[808080-expect6] 
[gw3] [ 34%] PASSED encommon/colors/test/test_color.py::test_Color_hsl[808080-expect6] 
encommon/times/test/test_window.py::test_window_interval[window2-0-True-expect2] 
[gw3] [ 35%] PASSED encommon/times/test/test_window.py::test_window_interval[window2-0-True-expect2] 
encommon/times/test/test_window.py::test_Window_cover 
[gw1] [ 35%] FAILED encommon/webkit/test/test_default.py::test_default_prop 
[gw2] [ 35%] FAILED encommon/webkit/test/test_helpers.py::test_helpers_dumps 
[gw0] [ 36%] FAILED encommon/webkit/test/test_statate.py::test_statate 
encommon/webkit/test/test_default.py::test_default_styles 
encommon/webkit/test/test_helpers.py::test_helpers_loads 
encommon/config/test/test_paths.py::test_ConfigPath 
[gw0] [ 36%] PASSED encommon/config/test/test_paths.py::test_ConfigPath 
encommon/config/test/test_paths.py::test_ConfigPaths 
[gw0] [ 36%] PASSED encommon/config/test/test_paths.py::test_ConfigPaths 
encommon/config/test/test_paths.py::test_ConfigPaths_cover 
[gw0] [ 37%] PASSED encommon/config/test/test_paths.py::test_ConfigPaths_cover 
encommon/times/test/test_window.py::test_window_interval[window10-3661-False-expect10] 
[gw0] [ 37%] PASSED encommon/times/test/test_window.py::test_window_interval[window10-3661-False-expect10] 
encommon/times/test/test_window.py::test_window_croniter[* * * * *-3559-False-expect4] 
[gw0] [ 37%] PASSED encommon/times/test/test_window.py::test_window_croniter[* * * * *-3559-False-expect4] 
encommon/times/test/test_window.py::test_window_croniter[0 * * * *-3660-False-expect9] 
[gw0] [ 38%] PASSED encommon/times/test/test_window.py::test_window_croniter[0 * * * *-3660-False-expect9] 
encommon/times/test/test_window.py::test_window_interval[window0-0-False-expect0] 
[gw0] [ 38%] PASSED encommon/times/test/test_window.py::test_window_interval[window0-0-False-expect0] 
encommon/times/test/test_window.py::test_window_croniter[0 * * * *-3661-False-expect10] 
[gw0] [ 38%] PASSED encommon/times/test/test_window.py::test_window_croniter[0 * * * *-3661-False-expect10] 
encommon/times/test/test_window.py::test_window_croniter[* * * * *-3660-False-expect6] 
[gw0] [ 39%] PASSED encommon/times/test/test_window.py::test_window_croniter[* * * * *-3660-False-expect6] 
encommon/times/test/test_window.py::test_window_croniter[* * * * *-0-False-expect0] 
[gw0] [ 39%] PASSED encommon/times/test/test_window.py::test_window_croniter[* * * * *-0-False-expect0] 
encommon/times/test/test_window.py::test_window_interval[window3-1-True-expect3] 
[gw0] [ 39%] PASSED encommon/times/test/test_window.py::test_window_interval[window3-1-True-expect3] 
encommon/times/test/test_window.py::test_window_interval[window8-3559-False-expect8] 
[gw0] [ 40%] PASSED encommon/times/test/test_window.py::test_window_interval[window8-3559-False-expect8] 
encommon/times/test/test_window.py::test_window_interval[window7-3661-False-expect7] 
[gw0] [ 40%] PASSED encommon/times/test/test_window.py::test_window_interval[window7-3661-False-expect7] 
encommon/times/test/test_window.py::test_window_croniter[0 * * * *-3559-False-expect8] 
[gw0] [ 40%] PASSED encommon/times/test/test_window.py::test_window_croniter[0 * * * *-3559-False-expect8] 
encommon/times/test/test_window.py::test_window_croniter[* * * * *-0-True-expect2] 
[gw0] [ 41%] PASSED encommon/times/test/test_window.py::test_window_croniter[* * * * *-0-True-expect2] 
encommon/times/test/test_window.py::test_Window 
[gw0] [ 41%] PASSED encommon/times/test/test_window.py::test_Window 
encommon/times/test/test_window.py::test_window_interval[window6-3660-False-expect6] 
[gw0] [ 41%] PASSED encommon/times/test/test_window.py::test_window_interval[window6-3660-False-expect6] 
encommon/times/test/test_window.py::test_window_interval[window1-1-False-expect1] 
[gw0] [ 42%] PASSED encommon/times/test/test_window.py::test_window_interval[window1-1-False-expect1] 
encommon/utils/test/test_sample.py::test_rvrt_sample 
[gw0] [ 42%] PASSED encommon/utils/test/test_sample.py::test_rvrt_sample 
encommon/utils/test/test_sample.py::test_prep_sample 
[gw0] [ 42%] PASSED encommon/utils/test/test_sample.py::test_prep_sample 
encommon/utils/test/test_sample.py::test_load_sample 
[gw0] [ 42%] PASSED encommon/utils/test/test_sample.py::test_load_sample 
encommon/webkit/test/test_message.py::test_message 
[gw1] [ 43%] FAILED encommon/webkit/test/test_default.py::test_default_styles 
[gw2] [ 43%] FAILED encommon/webkit/test/test_helpers.py::test_helpers_loads 
encommon/webkit/test/test_default.py::test_default_showhide 
encommon/webkit/test/test_helpers.py::test_helpers_isnull 
[gw0] [ 43%] FAILED encommon/webkit/test/test_message.py::test_message 
encommon/types/test/test_strings.py::test_instr 
[gw0] [ 44%] PASSED encommon/types/test/test_strings.py::test_instr 
encommon/types/test/test_strings.py::test_rplstr 
[gw0] [ 44%] PASSED encommon/types/test/test_strings.py::test_rplstr 
encommon/types/test/test_strings.py::test_inrepr 
[gw0] [ 44%] PASSED encommon/types/test/test_strings.py::test_inrepr 
encommon/types/test/test_strings.py::test_strplwr 
[gw0] [ 45%] PASSED encommon/types/test/test_strings.py::test_strplwr 
encommon/types/test/test_strings.py::test_hasstr 
[gw0] [ 45%] PASSED encommon/types/test/test_strings.py::test_hasstr 
encommon/webkit/test/test_numeric.py::test_numeric 
[gw1] [ 45%] FAILED encommon/webkit/test/test_default.py::test_default_showhide 
[gw2] [ 46%] FAILED encommon/webkit/test/test_helpers.py::test_helpers_isnull 
encommon/webkit/test/test_default.py::test_default_content 
encommon/webkit/test/test_helpers.py::test_helpers_isnum 
[gw0] [ 46%] FAILED encommon/webkit/test/test_numeric.py::test_numeric 
encommon/webkit/test/test_numeric.py::test_numeric_bytes 
[gw2] [ 46%] FAILED encommon/webkit/test/test_helpers.py::test_helpers_isnum 
[gw1] [ 47%] FAILED encommon/webkit/test/test_default.py::test_default_content 
encommon/webkit/test/test_helpers.py::test_helpers_isbool 
encommon/webkit/test/test_default.py::test_default_append 
[gw3] [ 47%] PASSED encommon/times/test/test_window.py::test_Window_cover 
encommon/times/test/test_window.py::test_window_interval[window9-3660-False-expect9] 
[gw3] [ 47%] PASSED encommon/times/test/test_window.py::test_window_interval[window9-3660-False-expect9] 
encommon/times/test/test_window.py::test_window_interval[window5-3659-False-expect5] 
[gw3] [ 48%] PASSED encommon/times/test/test_window.py::test_window_interval[window5-3659-False-expect5] 
encommon/times/test/test_window.py::test_window_interval[window4-3559-False-expect4] 
[gw3] [ 48%] PASSED encommon/times/test/test_window.py::test_window_interval[window4-3559-False-expect4] 
encommon/times/test/test_window.py::test_window_croniter[* * * * *-3659-False-expect5] 
[gw3] [ 48%] PASSED encommon/times/test/test_window.py::test_window_croniter[* * * * *-3659-False-expect5] 
encommon/times/test/test_window.py::test_window_croniter[* * * * *-3661-False-expect7] 
[gw0] [ 49%] FAILED encommon/webkit/test/test_numeric.py::test_numeric_bytes 
[gw3] [ 49%] PASSED encommon/times/test/test_window.py::test_window_croniter[* * * * *-3661-False-expect7] 
encommon/times/test/test_window.py::test_window_croniter[* * * * *-1-True-expect3] 
[gw3] [ 49%] PASSED encommon/times/test/test_window.py::test_window_croniter[* * * * *-1-True-expect3] 
encommon/times/test/test_window.py::test_window_croniter[* * * * *-1-False-expect1] 
[gw3] [ 50%] PASSED encommon/times/test/test_window.py::test_window_croniter[* * * * *-1-False-expect1] 
encommon/utils/test/test_sample.py::test_read_sample 
[gw3] [ 50%] PASSED encommon/utils/test/test_sample.py::test_read_sample 
encommon/times/test/test_parse.py::test_shift_time[+1w@h-expect14] 
[gw3] [ 50%] PASSED encommon/times/test/test_parse.py::test_shift_time[+1w@h-expect14] 
encommon/times/test/test_parse.py::test_shift_time[-1w@h-expect15] 
[gw3] [ 51%] PASSED encommon/times/test/test_parse.py::test_shift_time[-1w@h-expect15] 
encommon/times/test/test_parse.py::test_shift_time[+1w-expect12] 
[gw3] [ 51%] PASSED encommon/times/test/test_parse.py::test_shift_time[+1w-expect12] 
encommon/times/test/test_parse.py::test_shift_time[-1d@d-expect21] 
[gw3] [ 51%] PASSED encommon/times/test/test_parse.py::test_shift_time[-1d@d-expect21] 
encommon/times/test/test_parse.py::test_shift_time[+1y@s-expect2] 
[gw3] [ 52%] PASSED encommon/times/test/test_parse.py::test_shift_time[+1y@s-expect2] 
encommon/times/test/test_parse.py::test_shift_time[-1mon@m-1mon-expect11] 
[gw3] [ 52%] PASSED encommon/times/test/test_parse.py::test_shift_time[-1mon@m-1mon-expect11] 
encommon/times/test/test_parse.py::test_shift_time[-1d-expect19] 
[gw3] [ 52%] PASSED encommon/times/test/test_parse.py::test_shift_time[-1d-expect19] 
encommon/times/test/test_parse.py::test_string_time 
[gw3] [ 53%] PASSED encommon/times/test/test_parse.py::test_string_time 
encommon/times/test/test_parse.py::test_shift_time[+1d@d-expect20] 
encommon/webkit/test/test_numeric.py::test_numeric_count 
[gw3] [ 53%] PASSED encommon/times/test/test_parse.py::test_shift_time[+1d@d-expect20] 
encommon/times/test/test_parse.py::test_shift_time[+1y@s+1h-expect4] 
[gw3] [ 53%] PASSED encommon/times/test/test_parse.py::test_shift_time[+1y@s+1h-expect4] 
encommon/times/test/test_parse.py::test_shift_time[-1d@d-30d-expect23] 
[gw3] [ 54%] PASSED encommon/times/test/test_parse.py::test_shift_time[-1d@d-30d-expect23] 
encommon/times/test/test_parse.py::test_shift_time[-1w-expect13] 
[gw3] [ 54%] PASSED encommon/times/test/test_parse.py::test_shift_time[-1w-expect13] 
encommon/times/test/test_parse.py::test_shift_time[-1y@s-expect3] 
[gw3] [ 54%] PASSED encommon/times/test/test_parse.py::test_shift_time[-1y@s-expect3] 
encommon/times/test/test_parse.py::test_shift_time[+1w@h+1w-expect16] 
[gw3] [ 55%] PASSED encommon/times/test/test_parse.py::test_shift_time[+1w@h+1w-expect16] 
encommon/times/test/test_parse.py::test_shift_time[+1mon@m-expect8] 
[gw3] [ 55%] PASSED encommon/times/test/test_parse.py::test_shift_time[+1mon@m-expect8] 
encommon/times/test/test_parse.py::test_since_time 
[gw3] [ 55%] PASSED encommon/times/test/test_parse.py::test_since_time 
encommon/times/test/test_parse.py::test_shift_time[-1y@s-1h-expect5] 
[gw3] [ 56%] PASSED encommon/times/test/test_parse.py::test_shift_time[-1y@s-1h-expect5] 
encommon/times/test/test_parse.py::test_parse_time 
[gw3] [ 56%] PASSED encommon/times/test/test_parse.py::test_parse_time 
encommon/times/test/test_parse.py::test_shift_time[-1y-expect1] 
[gw3] [ 56%] PASSED encommon/times/test/test_parse.py::test_shift_time[-1y-expect1] 
encommon/times/test/test_parse.py::test_shift_time[+1d-expect18] 
[gw3] [ 57%] PASSED encommon/times/test/test_parse.py::test_shift_time[+1d-expect18] 
encommon/times/test/test_parse.py::test_shift_time[+1mon-expect6] 
[gw3] [ 57%] PASSED encommon/times/test/test_parse.py::test_shift_time[+1mon-expect6] 
encommon/times/test/test_parse.py::test_shift_time[-1mon@m-expect9] 
[gw3] [ 57%] PASSED encommon/times/test/test_parse.py::test_shift_time[-1mon@m-expect9] 
encommon/times/test/test_parse.py::test_shift_time[+1d@d+30d-expect22] 
[gw3] [ 57%] PASSED encommon/times/test/test_parse.py::test_shift_time[+1d@d+30d-expect22] 
encommon/types/test/test_lists.py::test_dedup_list 
[gw3] [ 58%] PASSED encommon/types/test/test_lists.py::test_dedup_list 
encommon/types/test/test_lists.py::test_fuzzy_list 
[gw3] [ 58%] PASSED encommon/types/test/test_lists.py::test_fuzzy_list 
encommon/types/test/test_lists.py::test_inlist 
[gw3] [ 58%] PASSED encommon/types/test/test_lists.py::test_inlist 
encommon/webkit/test/test_datetime.py::test_datestamp 
[gw2] [ 59%] FAILED encommon/webkit/test/test_helpers.py::test_helpers_isbool 
encommon/webkit/test/test_helpers.py::test_helpers_islist 
[gw1] [ 59%] FAILED encommon/webkit/test/test_default.py::test_default_append 
encommon/webkit/test/test_default.py::test_default_addClass 
[gw3] [ 59%] FAILED encommon/webkit/test/test_datetime.py::test_datestamp 
[gw0] [ 60%] FAILED encommon/webkit/test/test_numeric.py::test_numeric_count 
encommon/webkit/test/test_tagues.py::test_tagues 
encommon/utils/test/test_files.py::test_append_text 
[gw0] [ 60%] PASSED encommon/utils/test/test_files.py::test_append_text 
encommon/utils/test/test_files.py::test_readsave_text 
[gw0] [ 60%] PASSED encommon/utils/test/test_files.py::test_readsave_text 
encommon/webkit/test/test_duration.py::test_duration 
[gw2] [ 61%] FAILED encommon/webkit/test/test_helpers.py::test_helpers_islist 
encommon/webkit/test/test_helpers.py::test_helpers_istime 
[gw1] [ 61%] FAILED encommon/webkit/test/test_default.py::test_default_addClass 
encommon/webkit/test/test_default.py::test_default_replace 
[gw3] [ 61%] FAILED encommon/webkit/test/test_tagues.py::test_tagues 
[gw0] [ 62%] FAILED encommon/webkit/test/test_duration.py::test_duration 
encommon/config/test/test_utils.py::test_config_load 
[gw3] [ 62%] PASSED encommon/config/test/test_utils.py::test_config_load 
encommon/config/test/test_utils.py::test_config_path 
[gw3] [ 62%] PASSED encommon/config/test/test_utils.py::test_config_path 
encommon/config/test/test_utils.py::test_config_paths 
[gw3] [ 63%] PASSED encommon/config/test/test_utils.py::test_config_paths 
encommon/crypts/test/test_crypts.py::test_Crypts_iterate[foo-secrets] 
encommon/times/test/test_parse.py::test_shift_time[+1mon@m+1mon-expect10] 
[gw3] [ 63%] PASSED encommon/crypts/test/test_crypts.py::test_Crypts_iterate[foo-secrets] 
[gw0] [ 63%] PASSED encommon/times/test/test_parse.py::test_shift_time[+1mon@m+1mon-expect10] 
encommon/crypts/test/test_crypts.py::test_Crypts_iterate[foo-default] 
[gw3] [ 64%] PASSED encommon/crypts/test/test_crypts.py::test_Crypts_iterate[foo-default] 
encommon/crypts/test/test_crypts.py::test_Crypts_cover 
encommon/times/test/test_parse.py::test_shift_time[-1mon-expect7] 
[gw3] [ 64%] PASSED encommon/crypts/test/test_crypts.py::test_Crypts_cover 
encommon/crypts/test/test_crypts.py::test_Crypts_raises 
[gw0] [ 64%] PASSED encommon/times/test/test_parse.py::test_shift_time[-1mon-expect7] 
encommon/times/test/test_parse.py::test_shift_time[+1y-expect0] 
[gw3] [ 65%] PASSED encommon/crypts/test/test_crypts.py::test_Crypts_raises 
encommon/crypts/test/test_crypts.py::test_Crypts 
[gw3] [ 65%] PASSED encommon/crypts/test/test_crypts.py::test_Crypts 
encommon/parse/test/test_network.py::test_isvalid_ip 
[gw0] [ 65%] PASSED encommon/times/test/test_parse.py::test_shift_time[+1y-expect0] 
encommon/times/test/test_parse.py::test_shift_time[-1w@h-1w-expect17] 
[gw3] [ 66%] PASSED encommon/parse/test/test_network.py::test_isvalid_ip 
encommon/parse/test/test_network.py::test_Network_ipv6 
[gw3] [ 66%] PASSED encommon/parse/test/test_network.py::test_Network_ipv6 
encommon/parse/test/test_network.py::test_Network_ipv4 
[gw0] [ 66%] PASSED encommon/times/test/test_parse.py::test_shift_time[-1w@h-1w-expect17] 
[gw3] [ 67%] PASSED encommon/parse/test/test_network.py::test_Network_ipv4 
encommon/parse/test/test_network.py::test_Network 
encommon/parse/test/test_network.py::test_insubnet_ip 
[gw0] [ 67%] PASSED encommon/parse/test/test_network.py::test_Network 
encommon/webkit/test/test_image.py::test_image 
[gw3] [ 67%] PASSED encommon/parse/test/test_network.py::test_insubnet_ip 
encommon/types/test/test_notate.py::test_expate 
[gw3] [ 68%] PASSED encommon/types/test/test_notate.py::test_expate 
encommon/types/test/test_notate.py::test_setate_raises 
[gw3] [ 68%] PASSED encommon/types/test/test_notate.py::test_setate_raises 
encommon/types/test/test_notate.py::test_setate_cover 
[gw3] [ 68%] PASSED encommon/types/test/test_notate.py::test_setate_cover 
encommon/types/test/test_notate.py::test_getate_cover 
[gw3] [ 69%] PASSED encommon/types/test/test_notate.py::test_getate_cover 
encommon/types/test/test_notate.py::test_delate 
[gw3] [ 69%] PASSED encommon/types/test/test_notate.py::test_delate 
encommon/types/test/test_notate.py::test_getate 
[gw3] [ 69%] PASSED encommon/types/test/test_notate.py::test_getate 
encommon/types/test/test_notate.py::test_impate_raises 
[gw3] [ 70%] PASSED encommon/types/test/test_notate.py::test_impate_raises 
encommon/types/test/test_dicts.py::test_sort_dict 
[gw3] [ 70%] PASSED encommon/types/test/test_dicts.py::test_sort_dict 
encommon/types/test/test_dicts.py::test_merge_dicts 
[gw3] [ 70%] PASSED encommon/types/test/test_dicts.py::test_merge_dicts 
encommon/types/test/test_classes.py::test_clsname 
[gw3] [ 71%] PASSED encommon/types/test/test_classes.py::test_clsname 
encommon/types/test/test_classes.py::test_lattrs 
[gw3] [ 71%] PASSED encommon/types/test/test_classes.py::test_lattrs 
encommon/types/test/test_classes.py::test_BaseModel 
[gw3] [ 71%] PASSED encommon/types/test/test_classes.py::test_BaseModel 
encommon/times/test/test_time.py::test_Time_tzname 
[gw3] [ 71%] PASSED encommon/times/test/test_time.py::test_Time_tzname 
encommon/times/test/test_time.py::test_Time 
[gw2] [ 72%] FAILED encommon/webkit/test/test_helpers.py::test_helpers_istime 
[gw1] [ 72%] FAILED encommon/webkit/test/test_default.py::test_default_replace 
encommon/webkit/test/test_helpers.py::test_helpers_isnode 
encommon/webkit/test/test_default.py::test_default_attr 
[gw0] [ 72%] FAILED encommon/webkit/test/test_image.py::test_image 
encommon/types/test/test_notate.py::test_delate_raises 
[gw0] [ 73%] PASSED encommon/types/test/test_notate.py::test_delate_raises 
encommon/types/test/test_notate.py::test_expate_cover 
[gw0] [ 73%] PASSED encommon/types/test/test_notate.py::test_expate_cover 
encommon/types/test/test_notate.py::test_setate 
[gw0] [ 73%] PASSED encommon/types/test/test_notate.py::test_setate 
encommon/types/test/test_notate.py::test_impate 
[gw0] [ 74%] PASSED encommon/types/test/test_notate.py::test_impate 
encommon/types/test/test_notate.py::test_impate_cover 
[gw0] [ 74%] PASSED encommon/types/test/test_notate.py::test_impate_cover 
encommon/config/logger.py::encommon.config.logger.Logger 
[gw0] [ 74%] PASSED encommon/config/logger.py::encommon.config.logger.Logger 
encommon/config/logger.py::encommon.config.logger.Message 
[gw0] [ 75%] PASSED encommon/config/logger.py::encommon.config.logger.Message 
encommon/crypts/hashes.py::encommon.crypts.hashes.Hashes 
[gw0] [ 75%] PASSED encommon/crypts/hashes.py::encommon.crypts.hashes.Hashes 
encommon/crypts/crypts.py::encommon.crypts.crypts.Crypts 
[gw0] [ 75%] PASSED encommon/crypts/crypts.py::encommon.crypts.crypts.Crypts 
encommon/parse/jinja2.py::encommon.parse.jinja2.Jinja2 
[gw0] [ 76%] PASSED encommon/parse/jinja2.py::encommon.parse.jinja2.Jinja2 
encommon/times/parse.py::encommon.times.parse.string_time 
[gw0] [ 76%] PASSED encommon/times/parse.py::encommon.times.parse.string_time 
encommon/times/parse.py::encommon.times.parse.since_time 
[gw0] [ 76%] PASSED encommon/times/parse.py::encommon.times.parse.since_time 
encommon/times/parse.py::encommon.times.parse.parse_time 
[gw0] [ 77%] PASSED encommon/times/parse.py::encommon.times.parse.parse_time 
encommon/times/parse.py::encommon.times.parse.shift_time 
[gw0] [ 77%] PASSED encommon/times/parse.py::encommon.times.parse.shift_time 
encommon/times/duration.py::encommon.times.duration.Duration 
[gw0] [ 77%] PASSED encommon/times/duration.py::encommon.times.duration.Duration 
encommon/types/notate.py::encommon.types.notate.expate 
[gw0] [ 78%] PASSED encommon/types/notate.py::encommon.types.notate.expate 
encommon/types/strings.py::encommon.types.strings.strplwr 
[gw0] [ 78%] PASSED encommon/types/strings.py::encommon.types.strings.strplwr 
encommon/types/strings.py::encommon.types.strings.hasstr 
[gw0] [ 78%] PASSED encommon/types/strings.py::encommon.types.strings.hasstr 
encommon/types/dicts.py::encommon.types.dicts.merge_dicts 
[gw0] [ 79%] PASSED encommon/types/dicts.py::encommon.types.dicts.merge_dicts 
encommon/types/notate.py::encommon.types.notate.delate 
[gw0] [ 79%] PASSED encommon/types/notate.py::encommon.types.notate.delate 
encommon/times/utils.py::encommon.times.utils.strftime 
[gw0] [ 79%] PASSED encommon/times/utils.py::encommon.times.utils.strftime 
encommon/types/notate.py::encommon.types.notate.getate 
[gw0] [ 80%] PASSED encommon/types/notate.py::encommon.types.notate.getate 
encommon/types/lists.py::encommon.types.lists.inlist 
[gw0] [ 80%] PASSED encommon/types/lists.py::encommon.types.lists.inlist 
encommon/times/window.py::encommon.times.window.Window 
[gw0] [ 80%] PASSED encommon/times/window.py::encommon.times.window.Window 
encommon/types/lists.py::encommon.types.lists.fuzzy_list 
[gw0] [ 81%] PASSED encommon/types/lists.py::encommon.types.lists.fuzzy_list 
encommon/times/timers.py::encommon.times.timers.Timers 
[gw2] [ 81%] FAILED encommon/webkit/test/test_helpers.py::test_helpers_isnode 
[gw1] [ 81%] FAILED encommon/webkit/test/test_default.py::test_default_attr 
encommon/webkit/test/test_helpers.py::test_helpers_assert 
[gw3] [ 82%] PASSED encommon/times/test/test_time.py::test_Time 
encommon/colors/color.py::encommon.colors.color.Color 
[gw3] [ 82%] PASSED encommon/colors/color.py::encommon.colors.color.Color 
encommon/config/config.py::encommon.config.config.Config 
[gw3] [ 82%] PASSED encommon/config/config.py::encommon.config.config.Config 
encommon/times/utils.py::encommon.times.utils.strptime 
[gw3] [ 83%] PASSED encommon/times/utils.py::encommon.times.utils.strptime 
encommon/types/strings.py::encommon.types.strings.instr 
[gw3] [ 83%] PASSED encommon/types/strings.py::encommon.types.strings.instr 
encommon/times/unitime.py::encommon.times.unitime.unitime 
[gw3] [ 83%] PASSED encommon/times/unitime.py::encommon.times.unitime.unitime 
encommon/times/utils.py::encommon.times.utils.findtz 
[gw3] [ 84%] PASSED encommon/times/utils.py::encommon.times.utils.findtz 
encommon/types/empty.py::encommon.types.empty.EmptyType 
encommon/webkit/test/test_default.py::test_default_remClass 
[gw3] [ 84%] PASSED encommon/types/empty.py::encommon.types.empty.EmptyType 
encommon/types/notate.py::encommon.types.notate.setate 
[gw3] [ 84%] PASSED encommon/types/notate.py::encommon.types.notate.setate 
encommon/types/notate.py::encommon.types.notate.impate 
[gw3] [ 85%] PASSED encommon/types/notate.py::encommon.types.notate.impate 
encommon/types/dicts.py::encommon.types.dicts.sort_dict 
[gw3] [ 85%] PASSED encommon/types/dicts.py::encommon.types.dicts.sort_dict 
encommon/times/timer.py::encommon.times.timer.Timer 
[gw2] [ 85%] FAILED encommon/webkit/test/test_helpers.py::test_helpers_assert 
[gw1] [ 85%] FAILED encommon/webkit/test/test_default.py::test_default_remClass 
encommon/webkit/test/test_helpers.py::test_helpers_isfalse 
encommon/webkit/test/test_datagrid.py::test_datagrid 
[gw0] [ 86%] PASSED encommon/times/timers.py::encommon.times.timers.Timers 
encommon/types/lists.py::encommon.types.lists.dedup_list 
[gw0] [ 86%] PASSED encommon/types/lists.py::encommon.types.lists.dedup_list 
encommon/times/windows.py::encommon.times.windows.Windows 
[gw0] [ 86%] PASSED encommon/times/windows.py::encommon.times.windows.Windows 
encommon/types/strings.py::encommon.types.strings.inrepr 
[gw0] [ 87%] PASSED encommon/types/strings.py::encommon.types.strings.inrepr 
encommon/types/strings.py::encommon.types.strings.rplstr 
[gw0] [ 87%] PASSED encommon/types/strings.py::encommon.types.strings.rplstr 
encommon/times/time.py::encommon.times.time.Time 
[gw0] [ 87%] PASSED encommon/times/time.py::encommon.times.time.Time 
encommon/utils/files.py::encommon.utils.files.append_text 
[gw0] [ 88%] PASSED encommon/utils/files.py::encommon.utils.files.append_text 
encommon/utils/stdout.py::encommon.utils.stdout.print_ansi 
[gw0] [ 88%] PASSED encommon/utils/stdout.py::encommon.utils.stdout.print_ansi 
encommon/utils/stdout.py::encommon.utils.stdout.make_ansi 
[gw0] [ 88%] PASSED encommon/utils/stdout.py::encommon.utils.stdout.make_ansi 
encommon/utils/files.py::encommon.utils.files.read_text 
[gw0] [ 89%] PASSED encommon/utils/files.py::encommon.utils.files.read_text 
encommon/utils/sample.py::encommon.utils.sample.prep_sample 
[gw0] [ 89%] PASSED encommon/utils/sample.py::encommon.utils.sample.prep_sample 
encommon/utils/stdout.py::encommon.utils.stdout.array_ansi 
[gw0] [ 89%] PASSED encommon/utils/stdout.py::encommon.utils.stdout.array_ansi 
encommon/utils/sample.py::encommon.utils.sample.load_sample 
[gw0] [ 90%] PASSED encommon/utils/sample.py::encommon.utils.sample.load_sample 
encommon/utils/files.py::encommon.utils.files.save_text 
[gw0] [ 90%] PASSED encommon/utils/files.py::encommon.utils.files.save_text 
encommon/utils/paths.py::encommon.utils.paths.resolve_path 
[gw0] [ 90%] PASSED encommon/utils/paths.py::encommon.utils.paths.resolve_path 
encommon/utils/match.py::encommon.utils.match.fuzz_match 
[gw3] [ 91%] PASSED encommon/times/timer.py::encommon.times.timer.Timer 
encommon/times/utils.py::encommon.times.utils.utcdatetime 
[gw0] [ 91%] PASSED encommon/utils/match.py::encommon.utils.match.fuzz_match 
[gw3] [ 91%] PASSED encommon/times/utils.py::encommon.times.utils.utcdatetime 
encommon/utils/paths.py::encommon.utils.paths.stats_path 
encommon/utils/paths.py::encommon.utils.paths.resolve_paths 
[gw3] [ 92%] PASSED encommon/utils/paths.py::encommon.utils.paths.resolve_paths 
encommon/utils/match.py::encommon.utils.match.rgxp_match 
[gw3] [ 92%] PASSED encommon/utils/match.py::encommon.utils.match.rgxp_match 
[gw0] [ 92%] PASSED encommon/utils/paths.py::encommon.utils.paths.stats_path 
encommon/utils/stdout.py::encommon.utils.stdout.strip_ansi 
encommon/utils/stdout.py::encommon.utils.stdout.kvpair_ansi 
[gw0] [ 93%] PASSED encommon/utils/stdout.py::encommon.utils.stdout.strip_ansi 
encommon/types/test/test_funcs.py::test_funcname 
[gw3] [ 93%] PASSED encommon/utils/stdout.py::encommon.utils.stdout.kvpair_ansi 
encommon/crypts/test/test_hashes.py::test_Hashes 
[gw3] [ 93%] PASSED encommon/crypts/test/test_hashes.py::test_Hashes 
[gw0] [ 94%] PASSED encommon/types/test/test_funcs.py::test_funcname 
encommon/config/test/test_files.py::test_ConfigFiles_cover 
encommon/config/test/test_files.py::test_ConfigFiles 
[gw3] [ 94%] PASSED encommon/config/test/test_files.py::test_ConfigFiles_cover 
encommon/config/test/test_files.py::test_ConfigFile 
[gw0] [ 94%] PASSED encommon/config/test/test_files.py::test_ConfigFiles 
encommon/types/test/test_empty.py::test_EmptyType 
[gw0] [ 95%] PASSED encommon/types/test/test_empty.py::test_EmptyType 
encommon/utils/test/test_match.py::test_rgxp_match 
[gw0] [ 95%] PASSED encommon/utils/test/test_match.py::test_rgxp_match 
[gw3] [ 95%] PASSED encommon/config/test/test_files.py::test_ConfigFile 
encommon/utils/test/test_match.py::test_fuzz_match 
[gw3] [ 96%] PASSED encommon/utils/test/test_match.py::test_fuzz_match 
[gw2] [ 96%] FAILED encommon/webkit/test/test_helpers.py::test_helpers_isfalse 
[gw1] [ 96%] FAILED encommon/webkit/test/test_datagrid.py::test_datagrid 
encommon/webkit/test/test_helpers.py::test_helpers_isquery 
encommon/times/test/test_timer.py::test_Timer 
[gw2] [ 97%] FAILED encommon/webkit/test/test_helpers.py::test_helpers_isquery 
encommon/webkit/test/test_helpers.py::test_helpers_isstr 
[gw2] [ 97%] FAILED encommon/webkit/test/test_helpers.py::test_helpers_isstr 
[gw1] [ 97%] PASSED encommon/times/test/test_timer.py::test_Timer 
encommon/times/test/test_duration.py::test_Duration 
[gw1] [ 98%] PASSED encommon/times/test/test_duration.py::test_Duration 
encommon/times/test/test_duration.py::test_Duration_cover 
[gw1] [ 98%] PASSED encommon/times/test/test_duration.py::test_Duration_cover 
encommon/times/test/test_duration.py::test_Duration_iterate 
[gw1] [ 98%] PASSED encommon/times/test/test_duration.py::test_Duration_iterate 
encommon/webkit/test/test_content.py::test_Content 
encommon/webkit/test/test_helpers.py::test_helpers_whenready 
[gw1] [ 99%] PASSED encommon/webkit/test/test_content.py::test_Content 
[gw2] [ 99%] FAILED encommon/webkit/test/test_helpers.py::test_helpers_whenready 
encommon/webkit/test/test_helpers.py::test_helpers_isdict 
[gw2] [ 99%] FAILED encommon/webkit/test/test_helpers.py::test_helpers_isdict 
encommon/webkit/test/test_helpers.py::test_helpers_istrue 
[gw2] [100%] FAILED encommon/webkit/test/test_helpers.py::test_helpers_istrue 

=================================== FAILURES ===================================
________________________________ test_colordiv _________________________________
[gw2] linux -- Python 3.12.13 /home/runner/work/encommon/encommon/main/.venv-package/bin/python3

content = <encommon.webkit.content.Content object at 0x7f17b513ba40>
driver = <selenium.webdriver.chrome.webdriver.WebDriver (session="c9bb06a61a173355f58db4949dc6a0b1")>

    def test_colordiv(
        content: 'Content',
        driver: WebDriver,
    ) -> None:
        """
        Perform various tests associated with relevant routines.
    
        :param content: Primary class instance for the content.
        :param driver: Selenium driver provided by the library.
        """
    
    
        driver.get(
            f"""
            data:text/html;
            charset=utf-8,
            <html>
              <head>
                <script>
            {content.scripts('default')}
            {content.scripts('helpers')}
            {content.scripts('color')}
                </script>
              </head>
              <body></body>
            </html>
            """)
    
    
>       outcome = _executejs(
            driver,
            'let element ='
            ' colordiv(...arguments);'
            'return'
            ' element[0].outerHTML;',
            '#FF00CC',
            wrap=False)

encommon/webkit/test/test_color.py:50: 
_ _ _ _ _ _ _ _ _ _ _ _ _ _ _ _ _ _ _ _ _ _ _ _ _ _ _ _ _ _ _ _ _ _ _ _ _ _ _ _ 
encommon/webkit/test/__init__.py:36: in _executejs
    driver
.venv-package/lib/python3.12/site-packages/selenium/webdriver/remote/webdriver.py:532: in execute_script
    return self.execute(command, {"script": script, "args": converted_args})["value"]
           ^^^^^^^^^^^^^^^^^^^^^^^^^^^^^^^^^^^^^^^^^^^^^^^^^^^^^^^^^^^^^^^^^
.venv-package/lib/python3.12/site-packages/selenium/webdriver/remote/webdriver.py:446: in execute
    self.error_handler.check_response(response)
_ _ _ _ _ _ _ _ _ _ _ _ _ _ _ _ _ _ _ _ _ _ _ _ _ _ _ _ _ _ _ _ _ _ _ _ _ _ _ _ 

self = <selenium.webdriver.remote.errorhandler.ErrorHandler object at 0x7f17b4f03c80>
response = {'status': 500, 'value': '{"value":{"error":"javascript error","message":"javascript error: colordiv is not defined\\n...\\n#15 0x55b27f8854de \\u003Cunknown>\\n#16 0x7fcadca9caa4 \\u003Cunknown>\\n#17 0x7fcadcb29c6c \\u003Cunknown>\\n"}}'}

    def check_response(self, response: dict[str, Any]) -> None:
        """Check that a JSON response from the WebDriver does not have an error.
    
        Args:
            response: The JSON response from the WebDriver server as a dictionary
                object.
    
        Raises:
            WebDriverException: If the response contains an error message.
        """
        status = response.get("status", None)
        if not status or status == ErrorCode.SUCCESS:
            return
        value = None
        message = response.get("message", "")
        screen: str = response.get("screen", "")
        stacktrace = None
        if isinstance(status, int):
            value_json = response.get("value", None)
            if value_json and isinstance(value_json, str):
                try:
                    value = json.loads(value_json)
                    if isinstance(value, dict):
                        if len(value) == 1:
                            value = value["value"]
                        status = value.get("error", None)
                        if not status:
                            status = value.get("status", ErrorCode.UNKNOWN_ERROR)
                            message = value.get("value") or value.get("message")
                            if not isinstance(message, str):
                                value = message
                                message = message.get("message") if isinstance(message, dict) else None
                        else:
                            message = value.get("message", None)
                except ValueError:
                    pass
    
        exception_class: type[WebDriverException]
        e = ErrorCode()
        error_codes = [item for item in dir(e) if not item.startswith("__")]
        for error_code in error_codes:
            error_info = getattr(ErrorCode, error_code)
            if isinstance(error_info, list) and status in error_info:
                exception_class = getattr(ExceptionMapping, error_code, WebDriverException)
                break
        else:
            exception_class = WebDriverException
    
        if not value:
            value = response["value"]
        if isinstance(value, str):
            raise exception_class(value)
        if message == "" and "message" in value:
            message = value["message"]
    
        screen = None  # type: ignore[assignment]
        if "screen" in value:
            screen = value["screen"]
    
        stacktrace = None
        st_value = value.get("stackTrace") or value.get("stacktrace")
        if st_value:
            if isinstance(st_value, str):
                stacktrace = st_value.split("\n")
            else:
                stacktrace = []
                try:
                    for frame in st_value:
                        line = frame.get("lineNumber", "")
                        file = frame.get("fileName", "<anonymous>")
                        if line:
                            file = f"{file}:{line}"
                        meth = frame.get("methodName", "<anonymous>")
                        if "className" in frame:
                            meth = f"{frame['className']}.{meth}"
                        msg = "    at %s (%s)"
                        msg = msg % (meth, file)
                        stacktrace.append(msg)
                except TypeError:
                    pass
        if exception_class == UnexpectedAlertPresentException:
            alert_text = None
            if "data" in value:
                alert_text = value["data"].get("text")
            elif "alert" in value:
                alert_text = value["alert"].get("text")
            raise exception_class(message, screen, stacktrace, alert_text)  # type: ignore[call-arg]  # mypy is not smart enough here
>       raise exception_class(message, screen, stacktrace)
E       selenium.common.exceptions.JavascriptException: Message: javascript error: colordiv is not defined
E         (Session info: chrome=146.0.7680.164)
E       Stacktrace:
E       #0 0x55b27f886a6a <unknown>
E       #1 0x55b27f295ab5 <unknown>
E       #2 0x55b27f29c92b <unknown>
E       #3 0x55b27f29f4ab <unknown>
E       #4 0x55b27f3318d9 <unknown>
E       #5 0x55b27f3307b6 <unknown>
E       #6 0x55b27f2dbcbf <unknown>
E       #7 0x55b27f2dca81 <unknown>
E       #8 0x55b27f84ca64 <unknown>
E       #9 0x55b27f84f951 <unknown>
E       #10 0x55b27f83921e <unknown>
E       #11 0x55b27f85051e <unknown>
E       #12 0x55b27f81fbe0 <unknown>
E       #13 0x55b27f8739b8 <unknown>
E       #14 0x55b27f873b88 <unknown>
E       #15 0x55b27f8854de <unknown>
E       #16 0x7fcadca9caa4 <unknown>
E       #17 0x7fcadcb29c6c <unknown>

.venv-package/lib/python3.12/site-packages/selenium/webdriver/remote/errorhandler.py:232: JavascriptException
_____________________________ test_helpers_isempty _____________________________
[gw3] linux -- Python 3.12.13 /home/runner/work/encommon/encommon/main/.venv-package/bin/python3

prepare = (<encommon.webkit.content.Content object at 0x7f8d079b1a00>, <selenium.webdriver.chrome.webdriver.WebDriver (session="2194174e4b9a22c307a7fa5dfbe43826")>)

    def test_helpers_isempty(
        prepare: tuple['Content', WebDriver],
    ) -> None:
        """
        Perform various tests associated with relevant routines.
    
        :param prepare: Driver and content loaded with scripts.
        """
    
        content, driver = prepare
    
>       outcome = _executejs(
            driver,
            'isempty({})'
            ' && isempty("")'
            ' && isempty([])')

encommon/webkit/test/test_helpers.py:124: 
_ _ _ _ _ _ _ _ _ _ _ _ _ _ _ _ _ _ _ _ _ _ _ _ _ _ _ _ _ _ _ _ _ _ _ _ _ _ _ _ 
encommon/webkit/test/__init__.py:36: in _executejs
    driver
.venv-package/lib/python3.12/site-packages/selenium/webdriver/remote/webdriver.py:532: in execute_script
    return self.execute(command, {"script": script, "args": converted_args})["value"]
           ^^^^^^^^^^^^^^^^^^^^^^^^^^^^^^^^^^^^^^^^^^^^^^^^^^^^^^^^^^^^^^^^^
.venv-package/lib/python3.12/site-packages/selenium/webdriver/remote/webdriver.py:446: in execute
    self.error_handler.check_response(response)
_ _ _ _ _ _ _ _ _ _ _ _ _ _ _ _ _ _ _ _ _ _ _ _ _ _ _ _ _ _ _ _ _ _ _ _ _ _ _ _ 

self = <selenium.webdriver.remote.errorhandler.ErrorHandler object at 0x7f8d06d601d0>
response = {'status': 500, 'value': '{"value":{"error":"javascript error","message":"javascript error: isempty is not defined\\n ...\\n#15 0x562becb124de \\u003Cunknown>\\n#16 0x7fd581a9caa4 \\u003Cunknown>\\n#17 0x7fd581b29c6c \\u003Cunknown>\\n"}}'}

    def check_response(self, response: dict[str, Any]) -> None:
        """Check that a JSON response from the WebDriver does not have an error.
    
        Args:
            response: The JSON response from the WebDriver server as a dictionary
                object.
    
        Raises:
            WebDriverException: If the response contains an error message.
        """
        status = response.get("status", None)
        if not status or status == ErrorCode.SUCCESS:
            return
        value = None
        message = response.get("message", "")
        screen: str = response.get("screen", "")
        stacktrace = None
        if isinstance(status, int):
            value_json = response.get("value", None)
            if value_json and isinstance(value_json, str):
                try:
                    value = json.loads(value_json)
                    if isinstance(value, dict):
                        if len(value) == 1:
                            value = value["value"]
                        status = value.get("error", None)
                        if not status:
                            status = value.get("status", ErrorCode.UNKNOWN_ERROR)
                            message = value.get("value") or value.get("message")
                            if not isinstance(message, str):
                                value = message
                                message = message.get("message") if isinstance(message, dict) else None
                        else:
                            message = value.get("message", None)
                except ValueError:
                    pass
    
        exception_class: type[WebDriverException]
        e = ErrorCode()
        error_codes = [item for item in dir(e) if not item.startswith("__")]
        for error_code in error_codes:
            error_info = getattr(ErrorCode, error_code)
            if isinstance(error_info, list) and status in error_info:
                exception_class = getattr(ExceptionMapping, error_code, WebDriverException)
                break
        else:
            exception_class = WebDriverException
    
        if not value:
            value = response["value"]
        if isinstance(value, str):
            raise exception_class(value)
        if message == "" and "message" in value:
            message = value["message"]
    
        screen = None  # type: ignore[assignment]
        if "screen" in value:
            screen = value["screen"]
    
        stacktrace = None
        st_value = value.get("stackTrace") or value.get("stacktrace")
        if st_value:
            if isinstance(st_value, str):
                stacktrace = st_value.split("\n")
            else:
                stacktrace = []
                try:
                    for frame in st_value:
                        line = frame.get("lineNumber", "")
                        file = frame.get("fileName", "<anonymous>")
                        if line:
                            file = f"{file}:{line}"
                        meth = frame.get("methodName", "<anonymous>")
                        if "className" in frame:
                            meth = f"{frame['className']}.{meth}"
                        msg = "    at %s (%s)"
                        msg = msg % (meth, file)
                        stacktrace.append(msg)
                except TypeError:
                    pass
        if exception_class == UnexpectedAlertPresentException:
            alert_text = None
            if "data" in value:
                alert_text = value["data"].get("text")
            elif "alert" in value:
                alert_text = value["alert"].get("text")
            raise exception_class(message, screen, stacktrace, alert_text)  # type: ignore[call-arg]  # mypy is not smart enough here
>       raise exception_class(message, screen, stacktrace)
E       selenium.common.exceptions.JavascriptException: Message: javascript error: isempty is not defined
E         (Session info: chrome=146.0.7680.164)
E       Stacktrace:
E       #0 0x562becb13a6a <unknown>
E       #1 0x562bec522ab5 <unknown>
E       #2 0x562bec52992b <unknown>
E       #3 0x562bec52c4ab <unknown>
E       #4 0x562bec5be8d9 <unknown>
E       #5 0x562bec5bd7b6 <unknown>
E       #6 0x562bec568cbf <unknown>
E       #7 0x562bec569a81 <unknown>
E       #8 0x562becad9a64 <unknown>
E       #9 0x562becadc951 <unknown>
E       #10 0x562becac621e <unknown>
E       #11 0x562becadd51e <unknown>
E       #12 0x562becaacbe0 <unknown>
E       #13 0x562becb009b8 <unknown>
E       #14 0x562becb00b88 <unknown>
E       #15 0x562becb124de <unknown>
E       #16 0x7fd581a9caa4 <unknown>
E       #17 0x7fd581b29c6c <unknown>

.venv-package/lib/python3.12/site-packages/selenium/webdriver/remote/errorhandler.py:232: JavascriptException
_____________________________ test_default_create ______________________________
[gw1] linux -- Python 3.12.13 /home/runner/work/encommon/encommon/main/.venv-package/bin/python3

prepare = (<encommon.webkit.content.Content object at 0x7f48718d1700>, <selenium.webdriver.chrome.webdriver.WebDriver (session="634570a0fb2a9adda1f588182bcd06ae")>)

    def test_default_create(
        prepare: tuple['Content', WebDriver],
    ) -> None:
        """
        Perform various tests associated with relevant routines.
    
        :param prepare: Driver and content loaded with scripts.
        """
    
        content, driver = prepare
    
>       outcome = _executejs(
            driver,
            '$("<p/>")[0]'
            '.tagName;')

encommon/webkit/test/test_default.py:68: 
_ _ _ _ _ _ _ _ _ _ _ _ _ _ _ _ _ _ _ _ _ _ _ _ _ _ _ _ _ _ _ _ _ _ _ _ _ _ _ _ 
encommon/webkit/test/__init__.py:36: in _executejs
    driver
.venv-package/lib/python3.12/site-packages/selenium/webdriver/remote/webdriver.py:532: in execute_script
    return self.execute(command, {"script": script, "args": converted_args})["value"]
           ^^^^^^^^^^^^^^^^^^^^^^^^^^^^^^^^^^^^^^^^^^^^^^^^^^^^^^^^^^^^^^^^^
.venv-package/lib/python3.12/site-packages/selenium/webdriver/remote/webdriver.py:446: in execute
    self.error_handler.check_response(response)
_ _ _ _ _ _ _ _ _ _ _ _ _ _ _ _ _ _ _ _ _ _ _ _ _ _ _ _ _ _ _ _ _ _ _ _ _ _ _ _ 

self = <selenium.webdriver.remote.errorhandler.ErrorHandler object at 0x7f4871ab04a0>
response = {'status': 500, 'value': '{"value":{"error":"javascript error","message":"javascript error: $ is not defined\\n  (Sess...\\n#15 0x5567a55c54de \\u003Cunknown>\\n#16 0x7fba64a9caa4 \\u003Cunknown>\\n#17 0x7fba64b29c6c \\u003Cunknown>\\n"}}'}

    def check_response(self, response: dict[str, Any]) -> None:
        """Check that a JSON response from the WebDriver does not have an error.
    
        Args:
            response: The JSON response from the WebDriver server as a dictionary
                object.
    
        Raises:
            WebDriverException: If the response contains an error message.
        """
        status = response.get("status", None)
        if not status or status == ErrorCode.SUCCESS:
            return
        value = None
        message = response.get("message", "")
        screen: str = response.get("screen", "")
        stacktrace = None
        if isinstance(status, int):
            value_json = response.get("value", None)
            if value_json and isinstance(value_json, str):
                try:
                    value = json.loads(value_json)
                    if isinstance(value, dict):
                        if len(value) == 1:
                            value = value["value"]
                        status = value.get("error", None)
                        if not status:
                            status = value.get("status", ErrorCode.UNKNOWN_ERROR)
                            message = value.get("value") or value.get("message")
                            if not isinstance(message, str):
                                value = message
                                message = message.get("message") if isinstance(message, dict) else None
                        else:
                            message = value.get("message", None)
                except ValueError:
                    pass
    
        exception_class: type[WebDriverException]
        e = ErrorCode()
        error_codes = [item for item in dir(e) if not item.startswith("__")]
        for error_code in error_codes:
            error_info = getattr(ErrorCode, error_code)
            if isinstance(error_info, list) and status in error_info:
                exception_class = getattr(ExceptionMapping, error_code, WebDriverException)
                break
        else:
            exception_class = WebDriverException
    
        if not value:
            value = response["value"]
        if isinstance(value, str):
            raise exception_class(value)
        if message == "" and "message" in value:
            message = value["message"]
    
        screen = None  # type: ignore[assignment]
        if "screen" in value:
            screen = value["screen"]
    
        stacktrace = None
        st_value = value.get("stackTrace") or value.get("stacktrace")
        if st_value:
            if isinstance(st_value, str):
                stacktrace = st_value.split("\n")
            else:
                stacktrace = []
                try:
                    for frame in st_value:
                        line = frame.get("lineNumber", "")
                        file = frame.get("fileName", "<anonymous>")
                        if line:
                            file = f"{file}:{line}"
                        meth = frame.get("methodName", "<anonymous>")
                        if "className" in frame:
                            meth = f"{frame['className']}.{meth}"
                        msg = "    at %s (%s)"
                        msg = msg % (meth, file)
                        stacktrace.append(msg)
                except TypeError:
                    pass
        if exception_class == UnexpectedAlertPresentException:
            alert_text = None
            if "data" in value:
                alert_text = value["data"].get("text")
            elif "alert" in value:
                alert_text = value["alert"].get("text")
            raise exception_class(message, screen, stacktrace, alert_text)  # type: ignore[call-arg]  # mypy is not smart enough here
>       raise exception_class(message, screen, stacktrace)
E       selenium.common.exceptions.JavascriptException: Message: javascript error: $ is not defined
E         (Session info: chrome=146.0.7680.164)
E       Stacktrace:
E       #0 0x5567a55c6a6a <unknown>
E       #1 0x5567a4fd5ab5 <unknown>
E       #2 0x5567a4fdc92b <unknown>
E       #3 0x5567a4fdf4ab <unknown>
E       #4 0x5567a50718d9 <unknown>
E       #5 0x5567a50707b6 <unknown>
E       #6 0x5567a501bcbf <unknown>
E       #7 0x5567a501ca81 <unknown>
E       #8 0x5567a558ca64 <unknown>
E       #9 0x5567a558f951 <unknown>
E       #10 0x5567a557921e <unknown>
E       #11 0x5567a559051e <unknown>
E       #12 0x5567a555fbe0 <unknown>
E       #13 0x5567a55b39b8 <unknown>
E       #14 0x5567a55b3b88 <unknown>
E       #15 0x5567a55c54de <unknown>
E       #16 0x7fba64a9caa4 <unknown>
E       #17 0x7fba64b29c6c <unknown>

.venv-package/lib/python3.12/site-packages/selenium/webdriver/remote/errorhandler.py:232: JavascriptException
________________________________ test_moderate _________________________________
[gw0] linux -- Python 3.12.13 /home/runner/work/encommon/encommon/main/.venv-package/bin/python3

content = <encommon.webkit.content.Content object at 0x7fdb7c171550>
driver = <selenium.webdriver.chrome.webdriver.WebDriver (session="ddcd75000ad4efae35fa95537c8cfe09")>

    def test_moderate(
        content: 'Content',
        driver: WebDriver,
    ) -> None:
        """
        Perform various tests associated with relevant routines.
    
        :param content: Primary class instance for the content.
        :param driver: Selenium driver provided by the library.
        """
    
    
        driver.get(
            f"""
            data:text/html;
            charset=utf-8,
            <html>
              <head>
                <script>
            {content.scripts('default')}
            {content.scripts('helpers')}
            {content.scripts('image')}
            {content.scripts('moderate')}
                </script>
              </head>
              <body></body>
            </html>
            """)
    
    
>       outcome = _executejs(
            driver,
            'let element ='
            ' moderate(...arguments);'
            'return'
            ' element[0].outerHTML;',
            'This is a Label',
            'success',
            'some_kind_short',
            wrap=False)

encommon/webkit/test/test_moderate.py:51: 
_ _ _ _ _ _ _ _ _ _ _ _ _ _ _ _ _ _ _ _ _ _ _ _ _ _ _ _ _ _ _ _ _ _ _ _ _ _ _ _ 
encommon/webkit/test/__init__.py:36: in _executejs
    driver
.venv-package/lib/python3.12/site-packages/selenium/webdriver/remote/webdriver.py:532: in execute_script
    return self.execute(command, {"script": script, "args": converted_args})["value"]
           ^^^^^^^^^^^^^^^^^^^^^^^^^^^^^^^^^^^^^^^^^^^^^^^^^^^^^^^^^^^^^^^^^
.venv-package/lib/python3.12/site-packages/selenium/webdriver/remote/webdriver.py:446: in execute
    self.error_handler.check_response(response)
_ _ _ _ _ _ _ _ _ _ _ _ _ _ _ _ _ _ _ _ _ _ _ _ _ _ _ _ _ _ _ _ _ _ _ _ _ _ _ _ 

self = <selenium.webdriver.remote.errorhandler.ErrorHandler object at 0x7fdb7c1729c0>
response = {'status': 500, 'value': '{"value":{"error":"javascript error","message":"javascript error: moderate is not defined\\n...\\n#15 0x55d483ec54de \\u003Cunknown>\\n#16 0x7f65ce09caa4 \\u003Cunknown>\\n#17 0x7f65ce129c6c \\u003Cunknown>\\n"}}'}

    def check_response(self, response: dict[str, Any]) -> None:
        """Check that a JSON response from the WebDriver does not have an error.
    
        Args:
            response: The JSON response from the WebDriver server as a dictionary
                object.
    
        Raises:
            WebDriverException: If the response contains an error message.
        """
        status = response.get("status", None)
        if not status or status == ErrorCode.SUCCESS:
            return
        value = None
        message = response.get("message", "")
        screen: str = response.get("screen", "")
        stacktrace = None
        if isinstance(status, int):
            value_json = response.get("value", None)
            if value_json and isinstance(value_json, str):
                try:
                    value = json.loads(value_json)
                    if isinstance(value, dict):
                        if len(value) == 1:
                            value = value["value"]
                        status = value.get("error", None)
                        if not status:
                            status = value.get("status", ErrorCode.UNKNOWN_ERROR)
                            message = value.get("value") or value.get("message")
                            if not isinstance(message, str):
                                value = message
                                message = message.get("message") if isinstance(message, dict) else None
                        else:
                            message = value.get("message", None)
                except ValueError:
                    pass
    
        exception_class: type[WebDriverException]
        e = ErrorCode()
        error_codes = [item for item in dir(e) if not item.startswith("__")]
        for error_code in error_codes:
            error_info = getattr(ErrorCode, error_code)
            if isinstance(error_info, list) and status in error_info:
                exception_class = getattr(ExceptionMapping, error_code, WebDriverException)
                break
        else:
            exception_class = WebDriverException
    
        if not value:
            value = response["value"]
        if isinstance(value, str):
            raise exception_class(value)
        if message == "" and "message" in value:
            message = value["message"]
    
        screen = None  # type: ignore[assignment]
        if "screen" in value:
            screen = value["screen"]
    
        stacktrace = None
        st_value = value.get("stackTrace") or value.get("stacktrace")
        if st_value:
            if isinstance(st_value, str):
                stacktrace = st_value.split("\n")
            else:
                stacktrace = []
                try:
                    for frame in st_value:
                        line = frame.get("lineNumber", "")
                        file = frame.get("fileName", "<anonymous>")
                        if line:
                            file = f"{file}:{line}"
                        meth = frame.get("methodName", "<anonymous>")
                        if "className" in frame:
                            meth = f"{frame['className']}.{meth}"
                        msg = "    at %s (%s)"
                        msg = msg % (meth, file)
                        stacktrace.append(msg)
                except TypeError:
                    pass
        if exception_class == UnexpectedAlertPresentException:
            alert_text = None
            if "data" in value:
                alert_text = value["data"].get("text")
            elif "alert" in value:
                alert_text = value["alert"].get("text")
            raise exception_class(message, screen, stacktrace, alert_text)  # type: ignore[call-arg]  # mypy is not smart enough here
>       raise exception_class(message, screen, stacktrace)
E       selenium.common.exceptions.JavascriptException: Message: javascript error: moderate is not defined
E         (Session info: chrome=146.0.7680.164)
E       Stacktrace:
E       #0 0x55d483ec6a6a <unknown>
E       #1 0x55d4838d5ab5 <unknown>
E       #2 0x55d4838dc92b <unknown>
E       #3 0x55d4838df4ab <unknown>
E       #4 0x55d4839718d9 <unknown>
E       #5 0x55d4839707b6 <unknown>
E       #6 0x55d48391bcbf <unknown>
E       #7 0x55d48391ca81 <unknown>
E       #8 0x55d483e8ca64 <unknown>
E       #9 0x55d483e8f951 <unknown>
E       #10 0x55d483e7921e <unknown>
E       #11 0x55d483e9051e <unknown>
E       #12 0x55d483e5fbe0 <unknown>
E       #13 0x55d483eb39b8 <unknown>
E       #14 0x55d483eb3b88 <unknown>
E       #15 0x55d483ec54de <unknown>
E       #16 0x7f65ce09caa4 <unknown>
E       #17 0x7f65ce129c6c <unknown>

.venv-package/lib/python3.12/site-packages/selenium/webdriver/remote/errorhandler.py:232: JavascriptException
------------------------------ Captured log setup ------------------------------
DEBUG    selenium.webdriver.common.selenium_manager:selenium_manager.py:112 Selenium Manager binary found at: /home/runner/work/encommon/encommon/main/.venv-package/lib/python3.12/site-packages/selenium/webdriver/common/linux/selenium-manager
DEBUG    selenium.webdriver.common.selenium_manager:selenium_manager.py:127 Executing process: /home/runner/work/encommon/encommon/main/.venv-package/lib/python3.12/site-packages/selenium/webdriver/common/linux/selenium-manager --browser chrome --language-binding python --output json
DEBUG    selenium.webdriver.common.selenium_manager:selenium_manager.py:153 Driver path: /usr/bin/chromedriver
DEBUG    selenium.webdriver.common.selenium_manager:selenium_manager.py:153 Browser path: /usr/bin/google-chrome
DEBUG    selenium.webdriver.common.service:service.py:232 Started executable: `/usr/bin/chromedriver` in a child process with pid: 3336 using 0 to output -3
DEBUG    selenium.webdriver.remote.remote_connection:remote_connection.py:406 POST http://localhost:55545/session {'capabilities': {'firstMatch': [{}], 'alwaysMatch': {'browserName': 'chrome', 'pageLoadStrategy': <PageLoadStrategy.normal: 'normal'>, 'browserVersion': None, 'goog:chromeOptions': {'extensions': [], 'binary': '/usr/bin/google-chrome', 'args': ['--headless']}}}}
DEBUG    urllib3.connectionpool:connectionpool.py:241 Starting new HTTP connection (1): localhost:55545
DEBUG    urllib3.connectionpool:connectionpool.py:544 http://localhost:55545 "POST /session HTTP/1.1" 200 0
DEBUG    selenium.webdriver.remote.remote_connection:remote_connection.py:439 Remote response: status=200 | data={"value":{"capabilities":{"acceptInsecureCerts":false,"browserName":"chrome","browserVersion":"146.0.7680.164","chrome":{"chromedriverVersion":"146.0.7680.165 (4b989da09e15a7dc0de0785cb5ff232aadae3f0f-refs/branch-heads/7680@{#2932})","userDataDir":"/tmp/org.chromium.Chromium.scoped_dir.IjXAfb"},"fedcm:accounts":true,"goog:chromeOptions":{"debuggerAddress":"localhost:34021"},"goog:processID":3342,"networkConnectionEnabled":false,"pageLoadStrategy":"normal","platformName":"linux","proxy":{},"setWindowRect":true,"strictFileInteractability":false,"timeouts":{"implicit":0,"pageLoad":300000,"script":30000},"unhandledPromptBehavior":"dismiss and notify","webauthn:extension:credBlob":true,"webauthn:extension:largeBlob":true,"webauthn:extension:minPinLength":true,"webauthn:extension:prf":true,"webauthn:virtualAuthenticators":true},"sessionId":"ddcd75000ad4efae35fa95537c8cfe09"}} | headers=HTTPHeaderDict({'Content-Length': '882', 'Content-Type': 'application/json; charset=utf-8', 'cache-control': 'no-cache'})
DEBUG    selenium.webdriver.remote.remote_connection:remote_connection.py:468 Finished Request
------------------------------ Captured log call -------------------------------
DEBUG    selenium.webdriver.remote.remote_connection:remote_connection.py:406 POST http://localhost:55545/session/ddcd75000ad4efae35fa95537c8cfe09/url {'url': '\n        data:text/html;\n        charset=utf-8,\n        <html>\n          <head>\n            <script>...'}
DEBUG    urllib3.connectionpool:connectionpool.py:544 http://localhost:55545 "POST /session/ddcd75000ad4efae35fa95537c8cfe09/url HTTP/1.1" 200 0
DEBUG    selenium.webdriver.remote.remote_connection:remote_connection.py:439 Remote response: status=200 | data={"value":null} | headers=HTTPHeaderDict({'Content-Length': '14', 'Content-Type': 'application/json; charset=utf-8', 'cache-control': 'no-cache'})
DEBUG    selenium.webdriver.remote.remote_connection:remote_connection.py:468 Finished Request
DEBUG    selenium.webdriver.remote.remote_connection:remote_connection.py:406 POST http://localhost:55545/session/ddcd75000ad4efae35fa95537c8cfe09/execute/sync {'script': 'let element = moderate(...arguments);return element[0].outerHTML;', 'args': ['This is a Label', 'success', 'some_kind_short']}
DEBUG    urllib3.connectionpool:connectionpool.py:544 http://localhost:55545 "POST /session/ddcd75000ad4efae35fa95537c8cfe09/execute/sync HTTP/1.1" 500 0
DEBUG    selenium.webdriver.remote.remote_connection:remote_connection.py:439 Remote response: status=500 | data={"value":{"error":"javascript error","message":"javascript error: moderate is not defined\n  (Session info: chrome=146.0.7680.164)","stacktrace":"#0 0x55d483ec6a6a \u003Cunknown>\n#1 0x55d4838d5ab5 \u003Cunknown>\n#2 0x55d4838dc92b \u003Cunknown>\n#3 0x55d4838df4ab \u003Cunknown>\n#4 0x55d4839718d9 \u003Cunknown>\n#5 0x55d4839707b6 \u003Cunknown>\n#6 0x55d48391bcbf \u003Cunknown>\n#7 0x55d48391ca81 \u003Cunknown>\n#8 0x55d483e8ca64 \u003Cunknown>\n#9 0x55d483e8f951 \u003Cunknown>\n#10 0x55d483e7921e \u003Cunknown>\n#11 0x55d483e9051e \u003Cunknown>\n#12 0x55d483e5fbe0 \u003Cunknown>\n#13 0x55d483eb39b8 \u003Cunknown>\n#14 0x55d483eb3b88 \u003Cunknown>\n#15 0x55d483ec54de \u003Cunknown>\n#16 0x7f65ce09caa4 \u003Cunknown>\n#17 0x7f65ce129c6c \u003Cunknown>\n"}} | headers=HTTPHeaderDict({'Content-Length': '769', 'Content-Type': 'application/json; charset=utf-8', 'cache-control': 'no-cache'})
DEBUG    selenium.webdriver.remote.remote_connection:remote_connection.py:468 Finished Request
---------------------------- Captured log teardown -----------------------------
DEBUG    selenium.webdriver.remote.remote_connection:remote_connection.py:406 DELETE http://localhost:55545/session/ddcd75000ad4efae35fa95537c8cfe09 {}
DEBUG    urllib3.connectionpool:connectionpool.py:544 http://localhost:55545 "DELETE /session/ddcd75000ad4efae35fa95537c8cfe09 HTTP/1.1" 200 0
DEBUG    selenium.webdriver.remote.remote_connection:remote_connection.py:439 Remote response: status=200 | data={"value":null} | headers=HTTPHeaderDict({'Content-Length': '14', 'Content-Type': 'application/json; charset=utf-8', 'cache-control': 'no-cache'})
DEBUG    selenium.webdriver.remote.remote_connection:remote_connection.py:468 Finished Request
______________________________ test_default_prop _______________________________
[gw1] linux -- Python 3.12.13 /home/runner/work/encommon/encommon/main/.venv-package/bin/python3

prepare = (<encommon.webkit.content.Content object at 0x7f48718e1400>, <selenium.webdriver.chrome.webdriver.WebDriver (session="ca82dcd1ebed64b61756479e6cef5bb6")>)

    def test_default_prop(
        prepare: tuple['Content', WebDriver],
    ) -> None:
        """
        Perform various tests associated with relevant routines.
    
        :param prepare: Driver and content loaded with scripts.
        """
    
        content, driver = prepare
    
>       _executejs(
            driver,
            '$("body")'
            '.prop("foo", "bar")')

encommon/webkit/test/test_default.py:329: 
_ _ _ _ _ _ _ _ _ _ _ _ _ _ _ _ _ _ _ _ _ _ _ _ _ _ _ _ _ _ _ _ _ _ _ _ _ _ _ _ 
encommon/webkit/test/__init__.py:36: in _executejs
    driver
.venv-package/lib/python3.12/site-packages/selenium/webdriver/remote/webdriver.py:532: in execute_script
    return self.execute(command, {"script": script, "args": converted_args})["value"]
           ^^^^^^^^^^^^^^^^^^^^^^^^^^^^^^^^^^^^^^^^^^^^^^^^^^^^^^^^^^^^^^^^^
.venv-package/lib/python3.12/site-packages/selenium/webdriver/remote/webdriver.py:446: in execute
[...]
#8 0x563ba785aa64 <unknown>
#9 0x563ba785d951 <unknown>
#10 0x563ba784721e <unknown>
#11 0x563ba785e51e <unknown>
#12 0x563ba782dbe0 <unknown>
#13 0x563ba78819b8 <unknown>
#14 0x563ba7881b88 <unknown>
#15 0x563ba78934de <unknown>
#16 0x7f9174e9caa4 <unknown>
#17 0x7f9174f29c6c <unknown>
FAILED encommon/webkit/test/test_helpers.py::test_helpers_isnull - selenium.common.exceptions.JavascriptException: Message: javascript error: isnull is not defined
  (Session info: chrome=146.0.7680.164)
Stacktrace:
#0 0x555fda2e9a6a <unknown>
#1 0x555fd9cf8ab5 <unknown>
#2 0x555fd9cff92b <unknown>
#3 0x555fd9d024ab <unknown>
#4 0x555fd9d948d9 <unknown>
#5 0x555fd9d937b6 <unknown>
#6 0x555fd9d3ecbf <unknown>
#7 0x555fd9d3fa81 <unknown>
#8 0x555fda2afa64 <unknown>
#9 0x555fda2b2951 <unknown>
#10 0x555fda29c21e <unknown>
#11 0x555fda2b351e <unknown>
#12 0x555fda282be0 <unknown>
#13 0x555fda2d69b8 <unknown>
#14 0x555fda2d6b88 <unknown>
#15 0x555fda2e84de <unknown>
#16 0x7ff7c749caa4 <unknown>
#17 0x7ff7c7529c6c <unknown>
FAILED encommon/webkit/test/test_numeric.py::test_numeric - selenium.common.exceptions.JavascriptException: Message: javascript error: numeric is not defined
  (Session info: chrome=146.0.7680.164)
Stacktrace:
#0 0x55b5c0cefa6a <unknown>
#1 0x55b5c06feab5 <unknown>
#2 0x55b5c070592b <unknown>
#3 0x55b5c07084ab <unknown>
#4 0x55b5c079a8d9 <unknown>
#5 0x55b5c07997b6 <unknown>
#6 0x55b5c0744cbf <unknown>
#7 0x55b5c0745a81 <unknown>
#8 0x55b5c0cb5a64 <unknown>
#9 0x55b5c0cb8951 <unknown>
#10 0x55b5c0ca221e <unknown>
#11 0x55b5c0cb951e <unknown>
#12 0x55b5c0c88be0 <unknown>
#13 0x55b5c0cdc9b8 <unknown>
#14 0x55b5c0cdcb88 <unknown>
#15 0x55b5c0cee4de <unknown>
#16 0x7fec7d09caa4 <unknown>
#17 0x7fec7d129c6c <unknown>
FAILED encommon/webkit/test/test_helpers.py::test_helpers_isnum - selenium.common.exceptions.JavascriptException: Message: javascript error: isnum is not defined
  (Session info: chrome=146.0.7680.164)
Stacktrace:
#0 0x563a4798ca6a <unknown>
#1 0x563a4739bab5 <unknown>
#2 0x563a473a292b <unknown>
#3 0x563a473a54ab <unknown>
#4 0x563a474378d9 <unknown>
#5 0x563a474367b6 <unknown>
#6 0x563a473e1cbf <unknown>
#7 0x563a473e2a81 <unknown>
#8 0x563a47952a64 <unknown>
#9 0x563a47955951 <unknown>
#10 0x563a4793f21e <unknown>
#11 0x563a4795651e <unknown>
#12 0x563a47925be0 <unknown>
#13 0x563a479799b8 <unknown>
#14 0x563a47979b88 <unknown>
#15 0x563a4798b4de <unknown>
#16 0x7fedfca9caa4 <unknown>
#17 0x7fedfcb29c6c <unknown>
FAILED encommon/webkit/test/test_default.py::test_default_content - selenium.common.exceptions.JavascriptException: Message: javascript error: $ is not defined
  (Session info: chrome=146.0.7680.164)
Stacktrace:
#0 0x562402bf9a6a <unknown>
#1 0x562402608ab5 <unknown>
#2 0x56240260f92b <unknown>
#3 0x5624026124ab <unknown>
#4 0x5624026a48d9 <unknown>
#5 0x5624026a37b6 <unknown>
#6 0x56240264ecbf <unknown>
#7 0x56240264fa81 <unknown>
#8 0x562402bbfa64 <unknown>
#9 0x562402bc2951 <unknown>
#10 0x562402bac21e <unknown>
#11 0x562402bc351e <unknown>
#12 0x562402b92be0 <unknown>
#13 0x562402be69b8 <unknown>
#14 0x562402be6b88 <unknown>
#15 0x562402bf84de <unknown>
#16 0x7f02bec9caa4 <unknown>
#17 0x7f02bed29c6c <unknown>
FAILED encommon/webkit/test/test_numeric.py::test_numeric_bytes - selenium.common.exceptions.JavascriptException: Message: javascript error: numeric_bytes is not defined
  (Session info: chrome=146.0.7680.164)
Stacktrace:
#0 0x557b1ab16a6a <unknown>
#1 0x557b1a525ab5 <unknown>
#2 0x557b1a52c92b <unknown>
#3 0x557b1a52f4ab <unknown>
#4 0x557b1a5c18d9 <unknown>
#5 0x557b1a5c07b6 <unknown>
#6 0x557b1a56bcbf <unknown>
#7 0x557b1a56ca81 <unknown>
#8 0x557b1aadca64 <unknown>
#9 0x557b1aadf951 <unknown>
#10 0x557b1aac921e <unknown>
#11 0x557b1aae051e <unknown>
#12 0x557b1aaafbe0 <unknown>
#13 0x557b1ab039b8 <unknown>
#14 0x557b1ab03b88 <unknown>
#15 0x557b1ab154de <unknown>
#16 0x7f36d3c9caa4 <unknown>
#17 0x7f36d3d29c6c <unknown>
FAILED encommon/webkit/test/test_helpers.py::test_helpers_isbool - selenium.common.exceptions.JavascriptException: Message: javascript error: isbool is not defined
  (Session info: chrome=146.0.7680.164)
Stacktrace:
#0 0x556d47d59a6a <unknown>
#1 0x556d47768ab5 <unknown>
#2 0x556d4776f92b <unknown>
#3 0x556d477724ab <unknown>
#4 0x556d478048d9 <unknown>
#5 0x556d478037b6 <unknown>
#6 0x556d477aecbf <unknown>
#7 0x556d477afa81 <unknown>
#8 0x556d47d1fa64 <unknown>
#9 0x556d47d22951 <unknown>
#10 0x556d47d0c21e <unknown>
#11 0x556d47d2351e <unknown>
#12 0x556d47cf2be0 <unknown>
#13 0x556d47d469b8 <unknown>
#14 0x556d47d46b88 <unknown>
#15 0x556d47d584de <unknown>
#16 0x7fefc389caa4 <unknown>
#17 0x7fefc3929c6c <unknown>
FAILED encommon/webkit/test/test_default.py::test_default_append - selenium.common.exceptions.JavascriptException: Message: javascript error: $ is not defined
  (Session info: chrome=146.0.7680.164)
Stacktrace:
#0 0x55e730ea1a6a <unknown>
#1 0x55e7308b0ab5 <unknown>
#2 0x55e7308b792b <unknown>
#3 0x55e7308ba4ab <unknown>
#4 0x55e73094c8d9 <unknown>
#5 0x55e73094b7b6 <unknown>
#6 0x55e7308f6cbf <unknown>
#7 0x55e7308f7a81 <unknown>
#8 0x55e730e67a64 <unknown>
#9 0x55e730e6a951 <unknown>
#10 0x55e730e5421e <unknown>
#11 0x55e730e6b51e <unknown>
#12 0x55e730e3abe0 <unknown>
#13 0x55e730e8e9b8 <unknown>
#14 0x55e730e8eb88 <unknown>
#15 0x55e730ea04de <unknown>
#16 0x7fc6c109caa4 <unknown>
#17 0x7fc6c1129c6c <unknown>
FAILED encommon/webkit/test/test_datetime.py::test_datestamp - selenium.common.exceptions.JavascriptException: Message: javascript error: datestamp is not defined
  (Session info: chrome=146.0.7680.164)
Stacktrace:
#0 0x55f56e63fa6a <unknown>
#1 0x55f56e04eab5 <unknown>
#2 0x55f56e05592b <unknown>
#3 0x55f56e0584ab <unknown>
#4 0x55f56e0ea8d9 <unknown>
#5 0x55f56e0e97b6 <unknown>
#6 0x55f56e094cbf <unknown>
#7 0x55f56e095a81 <unknown>
#8 0x55f56e605a64 <unknown>
#9 0x55f56e608951 <unknown>
#10 0x55f56e5f221e <unknown>
#11 0x55f56e60951e <unknown>
#12 0x55f56e5d8be0 <unknown>
#13 0x55f56e62c9b8 <unknown>
#14 0x55f56e62cb88 <unknown>
#15 0x55f56e63e4de <unknown>
#16 0x7fc42d29caa4 <unknown>
#17 0x7fc42d329c6c <unknown>
FAILED encommon/webkit/test/test_numeric.py::test_numeric_count - selenium.common.exceptions.JavascriptException: Message: javascript error: numeric_count is not defined
  (Session info: chrome=146.0.7680.164)
Stacktrace:
#0 0x56249767da6a <unknown>
#1 0x56249708cab5 <unknown>
#2 0x56249709392b <unknown>
#3 0x5624970964ab <unknown>
#4 0x5624971288d9 <unknown>
#5 0x5624971277b6 <unknown>
#6 0x5624970d2cbf <unknown>
#7 0x5624970d3a81 <unknown>
#8 0x562497643a64 <unknown>
#9 0x562497646951 <unknown>
#10 0x56249763021e <unknown>
#11 0x56249764751e <unknown>
#12 0x562497616be0 <unknown>
#13 0x56249766a9b8 <unknown>
#14 0x56249766ab88 <unknown>
#15 0x56249767c4de <unknown>
#16 0x7f752069caa4 <unknown>
#17 0x7f7520729c6c <unknown>
FAILED encommon/webkit/test/test_helpers.py::test_helpers_islist - selenium.common.exceptions.JavascriptException: Message: javascript error: islist is not defined
  (Session info: chrome=146.0.7680.164)
Stacktrace:
#0 0x55a939c1ba6a <unknown>
#1 0x55a93962aab5 <unknown>
#2 0x55a93963192b <unknown>
#3 0x55a9396344ab <unknown>
#4 0x55a9396c68d9 <unknown>
#5 0x55a9396c57b6 <unknown>
#6 0x55a939670cbf <unknown>
#7 0x55a939671a81 <unknown>
#8 0x55a939be1a64 <unknown>
#9 0x55a939be4951 <unknown>
#10 0x55a939bce21e <unknown>
#11 0x55a939be551e <unknown>
#12 0x55a939bb4be0 <unknown>
#13 0x55a939c089b8 <unknown>
#14 0x55a939c08b88 <unknown>
#15 0x55a939c1a4de <unknown>
#16 0x7f4fdae9caa4 <unknown>
#17 0x7f4fdaf29c6c <unknown>
FAILED encommon/webkit/test/test_default.py::test_default_addClass - selenium.common.exceptions.JavascriptException: Message: javascript error: $ is not defined
  (Session info: chrome=146.0.7680.164)
Stacktrace:
#0 0x55a8f4a68a6a <unknown>
#1 0x55a8f4477ab5 <unknown>
#2 0x55a8f447e92b <unknown>
#3 0x55a8f44814ab <unknown>
#4 0x55a8f45138d9 <unknown>
#5 0x55a8f45127b6 <unknown>
#6 0x55a8f44bdcbf <unknown>
#7 0x55a8f44bea81 <unknown>
#8 0x55a8f4a2ea64 <unknown>
#9 0x55a8f4a31951 <unknown>
#10 0x55a8f4a1b21e <unknown>
#11 0x55a8f4a3251e <unknown>
#12 0x55a8f4a01be0 <unknown>
#13 0x55a8f4a559b8 <unknown>
#14 0x55a8f4a55b88 <unknown>
#15 0x55a8f4a674de <unknown>
#16 0x7f34eae9caa4 <unknown>
#17 0x7f34eaf29c6c <unknown>
FAILED encommon/webkit/test/test_tagues.py::test_tagues - selenium.common.exceptions.JavascriptException: Message: javascript error: tagues is not defined
  (Session info: chrome=146.0.7680.164)
Stacktrace:
#0 0x55af1e2b9a6a <unknown>
#1 0x55af1dcc8ab5 <unknown>
#2 0x55af1dccf92b <unknown>
#3 0x55af1dcd24ab <unknown>
#4 0x55af1dd648d9 <unknown>
#5 0x55af1dd637b6 <unknown>
#6 0x55af1dd0ecbf <unknown>
#7 0x55af1dd0fa81 <unknown>
#8 0x55af1e27fa64 <unknown>
#9 0x55af1e282951 <unknown>
#10 0x55af1e26c21e <unknown>
#11 0x55af1e28351e <unknown>
#12 0x55af1e252be0 <unknown>
#13 0x55af1e2a69b8 <unknown>
#14 0x55af1e2a6b88 <unknown>
#15 0x55af1e2b84de <unknown>
#16 0x7faf28a9caa4 <unknown>
#17 0x7faf28b29c6c <unknown>
FAILED encommon/webkit/test/test_duration.py::test_duration - selenium.common.exceptions.JavascriptException: Message: javascript error: duration is not defined
  (Session info: chrome=146.0.7680.164)
Stacktrace:
#0 0x561264dc2a6a <unknown>
#1 0x5612647d1ab5 <unknown>
#2 0x5612647d892b <unknown>
#3 0x5612647db4ab <unknown>
#4 0x56126486d8d9 <unknown>
#5 0x56126486c7b6 <unknown>
#6 0x561264817cbf <unknown>
#7 0x561264818a81 <unknown>
#8 0x561264d88a64 <unknown>
#9 0x561264d8b951 <unknown>
#10 0x561264d7521e <unknown>
#11 0x561264d8c51e <unknown>
#12 0x561264d5bbe0 <unknown>
#13 0x561264daf9b8 <unknown>
#14 0x561264dafb88 <unknown>
#15 0x561264dc14de <unknown>
#16 0x7ffaf4a9caa4 <unknown>
#17 0x7ffaf4b29c6c <unknown>
FAILED encommon/webkit/test/test_helpers.py::test_helpers_istime - selenium.common.exceptions.JavascriptException: Message: javascript error: istime is not defined
  (Session info: chrome=146.0.7680.164)
Stacktrace:
#0 0x561440b3ca6a <unknown>
#1 0x56144054bab5 <unknown>
#2 0x56144055292b <unknown>
#3 0x5614405554ab <unknown>
#4 0x5614405e78d9 <unknown>
#5 0x5614405e67b6 <unknown>
#6 0x561440591cbf <unknown>
#7 0x561440592a81 <unknown>
#8 0x561440b02a64 <unknown>
#9 0x561440b05951 <unknown>
#10 0x561440aef21e <unknown>
#11 0x561440b0651e <unknown>
#12 0x561440ad5be0 <unknown>
#13 0x561440b299b8 <unknown>
#14 0x561440b29b88 <unknown>
#15 0x561440b3b4de <unknown>
#16 0x7fdbc949caa4 <unknown>
#17 0x7fdbc9529c6c <unknown>
FAILED encommon/webkit/test/test_default.py::test_default_replace - selenium.common.exceptions.JavascriptException: Message: javascript error: $ is not defined
  (Session info: chrome=146.0.7680.164)
Stacktrace:
#0 0x562888cefa6a <unknown>
#1 0x5628886feab5 <unknown>
#2 0x56288870592b <unknown>
#3 0x5628887084ab <unknown>
#4 0x56288879a8d9 <unknown>
#5 0x5628887997b6 <unknown>
#6 0x562888744cbf <unknown>
#7 0x562888745a81 <unknown>
#8 0x562888cb5a64 <unknown>
#9 0x562888cb8951 <unknown>
#10 0x562888ca221e <unknown>
#11 0x562888cb951e <unknown>
#12 0x562888c88be0 <unknown>
#13 0x562888cdc9b8 <unknown>
#14 0x562888cdcb88 <unknown>
#15 0x562888cee4de <unknown>
#16 0x7fac1d49caa4 <unknown>
#17 0x7fac1d529c6c <unknown>
FAILED encommon/webkit/test/test_image.py::test_image - selenium.common.exceptions.JavascriptException: Message: javascript error: svgicon is not defined
  (Session info: chrome=146.0.7680.164)
Stacktrace:
#0 0x55d2dc4e7a6a <unknown>
#1 0x55d2dbef6ab5 <unknown>
#2 0x55d2dbefd92b <unknown>
#3 0x55d2dbf004ab <unknown>
#4 0x55d2dbf928d9 <unknown>
#5 0x55d2dbf917b6 <unknown>
#6 0x55d2dbf3ccbf <unknown>
#7 0x55d2dbf3da81 <unknown>
#8 0x55d2dc4ada64 <unknown>
#9 0x55d2dc4b0951 <unknown>
#10 0x55d2dc49a21e <unknown>
#11 0x55d2dc4b151e <unknown>
#12 0x55d2dc480be0 <unknown>
#13 0x55d2dc4d49b8 <unknown>
#14 0x55d2dc4d4b88 <unknown>
#15 0x55d2dc4e64de <unknown>
#16 0x7f8886c9caa4 <unknown>
#17 0x7f8886d29c6c <unknown>
FAILED encommon/webkit/test/test_helpers.py::test_helpers_isnode - selenium.common.exceptions.JavascriptException: Message: javascript error: $ is not defined
  (Session info: chrome=146.0.7680.164)
Stacktrace:
#0 0x556a2ca4fa6a <unknown>
#1 0x556a2c45eab5 <unknown>
#2 0x556a2c46592b <unknown>
#3 0x556a2c4684ab <unknown>
#4 0x556a2c4fa8d9 <unknown>
#5 0x556a2c4f97b6 <unknown>
#6 0x556a2c4a4cbf <unknown>
#7 0x556a2c4a5a81 <unknown>
#8 0x556a2ca15a64 <unknown>
#9 0x556a2ca18951 <unknown>
#10 0x556a2ca0221e <unknown>
#11 0x556a2ca1951e <unknown>
#12 0x556a2c9e8be0 <unknown>
#13 0x556a2ca3c9b8 <unknown>
#14 0x556a2ca3cb88 <unknown>
#15 0x556a2ca4e4de <unknown>
#16 0x7f4ebfc9caa4 <unknown>
#17 0x7f4ebfd29c6c <unknown>
FAILED encommon/webkit/test/test_default.py::test_default_attr - selenium.common.exceptions.JavascriptException: Message: javascript error: $ is not defined
  (Session info: chrome=146.0.7680.164)
Stacktrace:
#0 0x561cd228da6a <unknown>
#1 0x561cd1c9cab5 <unknown>
#2 0x561cd1ca392b <unknown>
#3 0x561cd1ca64ab <unknown>
#4 0x561cd1d388d9 <unknown>
#5 0x561cd1d377b6 <unknown>
#6 0x561cd1ce2cbf <unknown>
#7 0x561cd1ce3a81 <unknown>
#8 0x561cd2253a64 <unknown>
#9 0x561cd2256951 <unknown>
#10 0x561cd224021e <unknown>
#11 0x561cd225751e <unknown>
#12 0x561cd2226be0 <unknown>
#13 0x561cd227a9b8 <unknown>
#14 0x561cd227ab88 <unknown>
#15 0x561cd228c4de <unknown>
#16 0x7fe23ba9caa4 <unknown>
#17 0x7fe23bb29c6c <unknown>
FAILED encommon/webkit/test/test_helpers.py::test_helpers_assert - selenium.common.exceptions.JavascriptException: Message: javascript error: assert is not defined
  (Session info: chrome=146.0.7680.164)
Stacktrace:
#0 0x557b6ec14a6a <unknown>
#1 0x557b6e623ab5 <unknown>
#2 0x557b6e62a92b <unknown>
#3 0x557b6e62d4ab <unknown>
#4 0x557b6e6bf8d9 <unknown>
#5 0x557b6e6be7b6 <unknown>
#6 0x557b6e669cbf <unknown>
#7 0x557b6e66aa81 <unknown>
#8 0x557b6ebdaa64 <unknown>
#9 0x557b6ebdd951 <unknown>
#10 0x557b6ebc721e <unknown>
#11 0x557b6ebde51e <unknown>
#12 0x557b6ebadbe0 <unknown>
#13 0x557b6ec019b8 <unknown>
#14 0x557b6ec01b88 <unknown>
#15 0x557b6ec134de <unknown>
#16 0x7f50d369caa4 <unknown>
#17 0x7f50d3729c6c <unknown>
FAILED encommon/webkit/test/test_default.py::test_default_remClass - selenium.common.exceptions.JavascriptException: Message: javascript error: $ is not defined
  (Session info: chrome=146.0.7680.164)
Stacktrace:
#0 0x55f625013a6a <unknown>
#1 0x55f624a22ab5 <unknown>
#2 0x55f624a2992b <unknown>
#3 0x55f624a2c4ab <unknown>
#4 0x55f624abe8d9 <unknown>
#5 0x55f624abd7b6 <unknown>
#6 0x55f624a68cbf <unknown>
#7 0x55f624a69a81 <unknown>
#8 0x55f624fd9a64 <unknown>
#9 0x55f624fdc951 <unknown>
#10 0x55f624fc621e <unknown>
#11 0x55f624fdd51e <unknown>
#12 0x55f624facbe0 <unknown>
#13 0x55f6250009b8 <unknown>
#14 0x55f625000b88 <unknown>
#15 0x55f6250124de <unknown>
#16 0x7fa47349caa4 <unknown>
#17 0x7fa473529c6c <unknown>
FAILED encommon/webkit/test/test_helpers.py::test_helpers_isfalse - selenium.common.exceptions.JavascriptException: Message: javascript error: isfalse is not defined
  (Session info: chrome=146.0.7680.164)
Stacktrace:
#0 0x55dae7bd1a6a <unknown>
#1 0x55dae75e0ab5 <unknown>
#2 0x55dae75e792b <unknown>
#3 0x55dae75ea4ab <unknown>
#4 0x55dae767c8d9 <unknown>
#5 0x55dae767b7b6 <unknown>
#6 0x55dae7626cbf <unknown>
#7 0x55dae7627a81 <unknown>
#8 0x55dae7b97a64 <unknown>
#9 0x55dae7b9a951 <unknown>
#10 0x55dae7b8421e <unknown>
#11 0x55dae7b9b51e <unknown>
#12 0x55dae7b6abe0 <unknown>
#13 0x55dae7bbe9b8 <unknown>
#14 0x55dae7bbeb88 <unknown>
#15 0x55dae7bd04de <unknown>
#16 0x7fa24449caa4 <unknown>
#17 0x7fa244529c6c <unknown>
FAILED encommon/webkit/test/test_datagrid.py::test_datagrid - selenium.common.exceptions.JavascriptException: Message: javascript error: datagrid is not defined
  (Session info: chrome=146.0.7680.164)
Stacktrace:
#0 0x55e2d3d57a6a <unknown>
#1 0x55e2d3766ab5 <unknown>
#2 0x55e2d376d92b <unknown>
#3 0x55e2d37704ab <unknown>
#4 0x55e2d38028d9 <unknown>
#5 0x55e2d38017b6 <unknown>
#6 0x55e2d37accbf <unknown>
#7 0x55e2d37ada81 <unknown>
#8 0x55e2d3d1da64 <unknown>
#9 0x55e2d3d20951 <unknown>
#10 0x55e2d3d0a21e <unknown>
#11 0x55e2d3d2151e <unknown>
#12 0x55e2d3cf0be0 <unknown>
#13 0x55e2d3d449b8 <unknown>
#14 0x55e2d3d44b88 <unknown>
#15 0x55e2d3d564de <unknown>
#16 0x7f2681e9caa4 <unknown>
#17 0x7f2681f29c6c <unknown>
FAILED encommon/webkit/test/test_helpers.py::test_helpers_isquery - selenium.common.exceptions.JavascriptException: Message: javascript error: $ is not defined
  (Session info: chrome=146.0.7680.164)
Stacktrace:
#0 0x559f2e155a6a <unknown>
#1 0x559f2db64ab5 <unknown>
#2 0x559f2db6b92b <unknown>
#3 0x559f2db6e4ab <unknown>
#4 0x559f2dc008d9 <unknown>
#5 0x559f2dbff7b6 <unknown>
#6 0x559f2dbaacbf <unknown>
#7 0x559f2dbaba81 <unknown>
#8 0x559f2e11ba64 <unknown>
#9 0x559f2e11e951 <unknown>
#10 0x559f2e10821e <unknown>
#11 0x559f2e11f51e <unknown>
#12 0x559f2e0eebe0 <unknown>
#13 0x559f2e1429b8 <unknown>
#14 0x559f2e142b88 <unknown>
#15 0x559f2e1544de <unknown>
#16 0x7f3ed569caa4 <unknown>
#17 0x7f3ed5729c6c <unknown>
FAILED encommon/webkit/test/test_helpers.py::test_helpers_isstr - selenium.common.exceptions.JavascriptException: Message: javascript error: isstr is not defined
  (Session info: chrome=146.0.7680.164)
Stacktrace:
#0 0x55b0106d9a6a <unknown>
#1 0x55b0100e8ab5 <unknown>
#2 0x55b0100ef92b <unknown>
#3 0x55b0100f24ab <unknown>
#4 0x55b0101848d9 <unknown>
#5 0x55b0101837b6 <unknown>
#6 0x55b01012ecbf <unknown>
#7 0x55b01012fa81 <unknown>
#8 0x55b01069fa64 <unknown>
#9 0x55b0106a2951 <unknown>
#10 0x55b01068c21e <unknown>
#11 0x55b0106a351e <unknown>
#12 0x55b010672be0 <unknown>
#13 0x55b0106c69b8 <unknown>
#14 0x55b0106c6b88 <unknown>
#15 0x55b0106d84de <unknown>
#16 0x7f2cfc89caa4 <unknown>
#17 0x7f2cfc929c6c <unknown>
FAILED encommon/webkit/test/test_helpers.py::test_helpers_whenready - selenium.common.exceptions.JavascriptException: Message: javascript error: whenready is not defined
  (Session info: chrome=146.0.7680.164)
Stacktrace:
#0 0x563c6cb6da6a <unknown>
#1 0x563c6c57cab5 <unknown>
#2 0x563c6c58392b <unknown>
#3 0x563c6c5864ab <unknown>
#4 0x563c6c6188d9 <unknown>
#5 0x563c6c6177b6 <unknown>
#6 0x563c6c5c2cbf <unknown>
#7 0x563c6c5c3a81 <unknown>
#8 0x563c6cb33a64 <unknown>
#9 0x563c6cb36951 <unknown>
#10 0x563c6cb2021e <unknown>
#11 0x563c6cb3751e <unknown>
#12 0x563c6cb06be0 <unknown>
#13 0x563c6cb5a9b8 <unknown>
#14 0x563c6cb5ab88 <unknown>
#15 0x563c6cb6c4de <unknown>
#16 0x7f461489caa4 <unknown>
#17 0x7f4614929c6c <unknown>
FAILED encommon/webkit/test/test_helpers.py::test_helpers_isdict - selenium.common.exceptions.JavascriptException: Message: javascript error: isdict is not defined
  (Session info: chrome=146.0.7680.164)
Stacktrace:
#0 0x55ab6bdf7a6a <unknown>
#1 0x55ab6b806ab5 <unknown>
#2 0x55ab6b80d92b <unknown>
#3 0x55ab6b8104ab <unknown>
#4 0x55ab6b8a28d9 <unknown>
#5 0x55ab6b8a17b6 <unknown>
#6 0x55ab6b84ccbf <unknown>
#7 0x55ab6b84da81 <unknown>
#8 0x55ab6bdbda64 <unknown>
#9 0x55ab6bdc0951 <unknown>
#10 0x55ab6bdaa21e <unknown>
#11 0x55ab6bdc151e <unknown>
#12 0x55ab6bd90be0 <unknown>
#13 0x55ab6bde49b8 <unknown>
#14 0x55ab6bde4b88 <unknown>
#15 0x55ab6bdf64de <unknown>
#16 0x7f0e2a49caa4 <unknown>
#17 0x7f0e2a529c6c <unknown>
FAILED encommon/webkit/test/test_helpers.py::test_helpers_istrue - selenium.common.exceptions.JavascriptException: Message: javascript error: istrue is not defined
  (Session info: chrome=146.0.7680.164)
Stacktrace:
#0 0x55e4b6e4ba6a <unknown>
#1 0x55e4b685aab5 <unknown>
#2 0x55e4b686192b <unknown>
#3 0x55e4b68644ab <unknown>
#4 0x55e4b68f68d9 <unknown>
#5 0x55e4b68f57b6 <unknown>
#6 0x55e4b68a0cbf <unknown>
#7 0x55e4b68a1a81 <unknown>
#8 0x55e4b6e11a64 <unknown>
#9 0x55e4b6e14951 <unknown>
#10 0x55e4b6dfe21e <unknown>
#11 0x55e4b6e1551e <unknown>
#12 0x55e4b6de4be0 <unknown>
#13 0x55e4b6e389b8 <unknown>
#14 0x55e4b6e38b88 <unknown>
#15 0x55e4b6e4a4de <unknown>
#16 0x7f73aea9caa4 <unknown>
#17 0x7f73aeb29c6c <unknown>
======================= 38 failed, 269 passed in 29.99s ========================
